ARM GAS  C:\Users\jebush2\AppData\Local\Temp\cccbmg4z.s 			page 1


   1              		.syntax unified
   2              		.cpu cortex-m3
   3              		.fpu softvfp
   4              		.eabi_attribute 20, 1
   5              		.eabi_attribute 21, 1
   6              		.eabi_attribute 23, 3
   7              		.eabi_attribute 24, 1
   8              		.eabi_attribute 25, 1
   9              		.eabi_attribute 26, 1
  10              		.eabi_attribute 30, 4
  11              		.eabi_attribute 34, 1
  12              		.eabi_attribute 18, 4
  13              		.thumb
  14              		.syntax unified
  15              		.file	"cymetadata.c"
  16              		.text
  17              	.Ltext0:
  18              		.cfi_sections	.debug_frame
  19              		.global	cy_metadata
  20              		.global	cy_meta_flashprotect
  21              		.global	cy_meta_wonvl
  22              		.global	cy_meta_custnvl
  23              		.global	cy_meta_configecc
  24              		.section	.cyconfigecc,"a",%progbits
  25              		.type	cy_meta_configecc, %object
  26              		.size	cy_meta_configecc, 1016
  27              	cy_meta_configecc:
  28 0000 01       		.byte	1
  29 0001 45       		.byte	69
  30 0002 00       		.byte	0
  31 0003 40       		.byte	64
  32 0004 02       		.byte	2
  33 0005 4F       		.byte	79
  34 0006 00       		.byte	0
  35 0007 40       		.byte	64
  36 0008 02       		.byte	2
  37 0009 52       		.byte	82
  38 000a 00       		.byte	0
  39 000b 40       		.byte	64
  40 000c 01       		.byte	1
  41 000d 5B       		.byte	91
  42 000e 00       		.byte	0
  43 000f 40       		.byte	64
  44 0010 01       		.byte	1
  45 0011 64       		.byte	100
  46 0012 00       		.byte	0
  47 0013 40       		.byte	64
  48 0014 04       		.byte	4
  49 0015 00       		.byte	0
  50 0016 01       		.byte	1
  51 0017 40       		.byte	64
  52 0018 01       		.byte	1
  53 0019 01       		.byte	1
  54 001a 01       		.byte	1
  55 001b 40       		.byte	64
  56 001c 02       		.byte	2
  57 001d 03       		.byte	3
ARM GAS  C:\Users\jebush2\AppData\Local\Temp\cccbmg4z.s 			page 2


  58 001e 01       		.byte	1
  59 001f 40       		.byte	64
  60 0020 09       		.byte	9
  61 0021 04       		.byte	4
  62 0022 01       		.byte	1
  63 0023 40       		.byte	64
  64 0024 26       		.byte	38
  65 0025 05       		.byte	5
  66 0026 01       		.byte	1
  67 0027 40       		.byte	64
  68 0028 2C       		.byte	44
  69 0029 06       		.byte	6
  70 002a 01       		.byte	1
  71 002b 40       		.byte	64
  72 002c 3D       		.byte	61
  73 002d 07       		.byte	7
  74 002e 01       		.byte	1
  75 002f 40       		.byte	64
  76 0030 01       		.byte	1
  77 0031 09       		.byte	9
  78 0032 01       		.byte	1
  79 0033 40       		.byte	64
  80 0034 02       		.byte	2
  81 0035 0B       		.byte	11
  82 0036 01       		.byte	1
  83 0037 40       		.byte	64
  84 0038 01       		.byte	1
  85 0039 0D       		.byte	13
  86 003a 01       		.byte	1
  87 003b 40       		.byte	64
  88 003c 1B       		.byte	27
  89 003d 14       		.byte	20
  90 003e 01       		.byte	1
  91 003f 40       		.byte	64
  92 0040 23       		.byte	35
  93 0041 15       		.byte	21
  94 0042 01       		.byte	1
  95 0043 40       		.byte	64
  96 0044 22       		.byte	34
  97 0045 16       		.byte	22
  98 0046 01       		.byte	1
  99 0047 40       		.byte	64
 100 0048 38       		.byte	56
 101 0049 17       		.byte	23
 102 004a 01       		.byte	1
 103 004b 40       		.byte	64
 104 004c 02       		.byte	2
 105 004d 19       		.byte	25
 106 004e 01       		.byte	1
 107 004f 40       		.byte	64
 108 0050 01       		.byte	1
 109 0051 1B       		.byte	27
 110 0052 01       		.byte	1
 111 0053 40       		.byte	64
 112 0054 0B       		.byte	11
 113 0055 40       		.byte	64
 114 0056 01       		.byte	1
ARM GAS  C:\Users\jebush2\AppData\Local\Temp\cccbmg4z.s 			page 3


 115 0057 40       		.byte	64
 116 0058 0F       		.byte	15
 117 0059 41       		.byte	65
 118 005a 01       		.byte	1
 119 005b 40       		.byte	64
 120 005c 0C       		.byte	12
 121 005d 42       		.byte	66
 122 005e 01       		.byte	1
 123 005f 40       		.byte	64
 124 0060 09       		.byte	9
 125 0061 43       		.byte	67
 126 0062 01       		.byte	1
 127 0063 40       		.byte	64
 128 0064 02       		.byte	2
 129 0065 45       		.byte	69
 130 0066 01       		.byte	1
 131 0067 40       		.byte	64
 132 0068 09       		.byte	9
 133 0069 46       		.byte	70
 134 006a 01       		.byte	1
 135 006b 40       		.byte	64
 136 006c 0B       		.byte	11
 137 006d 47       		.byte	71
 138 006e 01       		.byte	1
 139 006f 40       		.byte	64
 140 0070 06       		.byte	6
 141 0071 48       		.byte	72
 142 0072 01       		.byte	1
 143 0073 40       		.byte	64
 144 0074 07       		.byte	7
 145 0075 49       		.byte	73
 146 0076 01       		.byte	1
 147 0077 40       		.byte	64
 148 0078 04       		.byte	4
 149 0079 4C       		.byte	76
 150 007a 01       		.byte	1
 151 007b 40       		.byte	64
 152 007c 01       		.byte	1
 153 007d 4D       		.byte	77
 154 007e 01       		.byte	1
 155 007f 40       		.byte	64
 156 0080 06       		.byte	6
 157 0081 50       		.byte	80
 158 0082 01       		.byte	1
 159 0083 40       		.byte	64
 160 0084 02       		.byte	2
 161 0085 51       		.byte	81
 162 0086 01       		.byte	1
 163 0087 40       		.byte	64
 164 0088 7E       		.byte	126
 165 0089 02       		.byte	2
 166 008a 01       		.byte	1
 167 008b 10       		.byte	16
 168 008c 0A       		.byte	10
 169 008d 4B       		.byte	75
 170 008e 01       		.byte	1
 171 008f 0C       		.byte	12
ARM GAS  C:\Users\jebush2\AppData\Local\Temp\cccbmg4z.s 			page 4


 172 0090 7C       		.byte	124
 173 0091 40       		.byte	64
 174 0092 27       		.byte	39
 175 0093 84       		.byte	-124
 176 0094 86       		.byte	-122
 177 0095 02       		.byte	2
 178 0096 B9       		.byte	-71
 179 0097 08       		.byte	8
 180 0098 BF       		.byte	-65
 181 0099 04       		.byte	4
 182 009a D9       		.byte	-39
 183 009b 04       		.byte	4
 184 009c DF       		.byte	-33
 185 009d 01       		.byte	1
 186 009e 27       		.byte	39
 187 009f 20       		.byte	32
 188 00a0 AB       		.byte	-85
 189 00a1 20       		.byte	32
 190 00a2 EE       		.byte	-18
 191 00a3 02       		.byte	2
 192 00a4 56       		.byte	86
 193 00a5 08       		.byte	8
 194 00a6 58       		.byte	88
 195 00a7 04       		.byte	4
 196 00a8 59       		.byte	89
 197 00a9 04       		.byte	4
 198 00aa 5B       		.byte	91
 199 00ab 04       		.byte	4
 200 00ac 5D       		.byte	93
 201 00ad 90       		.byte	-112
 202 00ae 5F       		.byte	95
 203 00af 01       		.byte	1
 204 00b0 D8       		.byte	-40
 205 00b1 04       		.byte	4
 206 00b2 D9       		.byte	-39
 207 00b3 04       		.byte	4
 208 00b4 DF       		.byte	-33
 209 00b5 01       		.byte	1
 210 00b6 00       		.byte	0
 211 00b7 04       		.byte	4
 212 00b8 01       		.byte	1
 213 00b9 20       		.byte	32
 214 00ba 03       		.byte	3
 215 00bb 80       		.byte	-128
 216 00bc 05       		.byte	5
 217 00bd 20       		.byte	32
 218 00be 0B       		.byte	11
 219 00bf 40       		.byte	64
 220 00c0 0C       		.byte	12
 221 00c1 08       		.byte	8
 222 00c2 0D       		.byte	13
 223 00c3 20       		.byte	32
 224 00c4 0E       		.byte	14
 225 00c5 02       		.byte	2
 226 00c6 0F       		.byte	15
 227 00c7 40       		.byte	64
 228 00c8 10       		.byte	16
ARM GAS  C:\Users\jebush2\AppData\Local\Temp\cccbmg4z.s 			page 5


 229 00c9 48       		.byte	72
 230 00ca 12       		.byte	18
 231 00cb 40       		.byte	64
 232 00cc 16       		.byte	22
 233 00cd 02       		.byte	2
 234 00ce 29       		.byte	41
 235 00cf 20       		.byte	32
 236 00d0 2A       		.byte	42
 237 00d1 42       		.byte	66
 238 00d2 2B       		.byte	43
 239 00d3 80       		.byte	-128
 240 00d4 2C       		.byte	44
 241 00d5 08       		.byte	8
 242 00d6 2F       		.byte	47
 243 00d7 80       		.byte	-128
 244 00d8 30       		.byte	48
 245 00d9 08       		.byte	8
 246 00da 35       		.byte	53
 247 00db 20       		.byte	32
 248 00dc 36       		.byte	54
 249 00dd 01       		.byte	1
 250 00de 38       		.byte	56
 251 00df 04       		.byte	4
 252 00e0 3B       		.byte	59
 253 00e1 40       		.byte	64
 254 00e2 3C       		.byte	60
 255 00e3 04       		.byte	4
 256 00e4 3F       		.byte	63
 257 00e5 40       		.byte	64
 258 00e6 59       		.byte	89
 259 00e7 80       		.byte	-128
 260 00e8 60       		.byte	96
 261 00e9 02       		.byte	2
 262 00ea 90       		.byte	-112
 263 00eb 01       		.byte	1
 264 00ec A8       		.byte	-88
 265 00ed 01       		.byte	1
 266 00ee C0       		.byte	-64
 267 00ef 4E       		.byte	78
 268 00f0 C2       		.byte	-62
 269 00f1 F8       		.byte	-8
 270 00f2 C4       		.byte	-60
 271 00f3 8A       		.byte	-118
 272 00f4 CA       		.byte	-54
 273 00f5 AD       		.byte	-83
 274 00f6 CC       		.byte	-52
 275 00f7 A2       		.byte	-94
 276 00f8 CE       		.byte	-50
 277 00f9 5A       		.byte	90
 278 00fa D6       		.byte	-42
 279 00fb 08       		.byte	8
 280 00fc D8       		.byte	-40
 281 00fd 08       		.byte	8
 282 00fe E6       		.byte	-26
 283 00ff 40       		.byte	64
 284 0100 EA       		.byte	-22
 285 0101 01       		.byte	1
ARM GAS  C:\Users\jebush2\AppData\Local\Temp\cccbmg4z.s 			page 6


 286 0102 02       		.byte	2
 287 0103 02       		.byte	2
 288 0104 07       		.byte	7
 289 0105 01       		.byte	1
 290 0106 08       		.byte	8
 291 0107 02       		.byte	2
 292 0108 0B       		.byte	11
 293 0109 04       		.byte	4
 294 010a 0E       		.byte	14
 295 010b 01       		.byte	1
 296 010c 10       		.byte	16
 297 010d 80       		.byte	-128
 298 010e 12       		.byte	18
 299 010f 40       		.byte	64
 300 0110 13       		.byte	19
 301 0111 02       		.byte	2
 302 0112 14       		.byte	20
 303 0113 08       		.byte	8
 304 0114 16       		.byte	22
 305 0115 04       		.byte	4
 306 0116 18       		.byte	24
 307 0117 20       		.byte	32
 308 0118 1A       		.byte	26
 309 0119 10       		.byte	16
 310 011a 1C       		.byte	28
 311 011b 01       		.byte	1
 312 011c 20       		.byte	32
 313 011d 40       		.byte	64
 314 011e 22       		.byte	34
 315 011f 80       		.byte	-128
 316 0120 24       		.byte	36
 317 0121 10       		.byte	16
 318 0122 26       		.byte	38
 319 0123 20       		.byte	32
 320 0124 28       		.byte	40
 321 0125 04       		.byte	4
 322 0126 2A       		.byte	42
 323 0127 08       		.byte	8
 324 0128 32       		.byte	50
 325 0129 FF       		.byte	-1
 326 012a 33       		.byte	51
 327 012b 01       		.byte	1
 328 012c 35       		.byte	53
 329 012d 04       		.byte	4
 330 012e 37       		.byte	55
 331 012f 02       		.byte	2
 332 0130 3E       		.byte	62
 333 0131 04       		.byte	4
 334 0132 56       		.byte	86
 335 0133 02       		.byte	2
 336 0134 57       		.byte	87
 337 0135 3A       		.byte	58
 338 0136 58       		.byte	88
 339 0137 04       		.byte	4
 340 0138 59       		.byte	89
 341 0139 04       		.byte	4
 342 013a 5B       		.byte	91
ARM GAS  C:\Users\jebush2\AppData\Local\Temp\cccbmg4z.s 			page 7


 343 013b 0C       		.byte	12
 344 013c 5F       		.byte	95
 345 013d 01       		.byte	1
 346 013e 8A       		.byte	-118
 347 013f 01       		.byte	1
 348 0140 92       		.byte	-110
 349 0141 02       		.byte	2
 350 0142 99       		.byte	-103
 351 0143 01       		.byte	1
 352 0144 A7       		.byte	-89
 353 0145 03       		.byte	3
 354 0146 A8       		.byte	-88
 355 0147 01       		.byte	1
 356 0148 B2       		.byte	-78
 357 0149 03       		.byte	3
 358 014a B3       		.byte	-77
 359 014b 01       		.byte	1
 360 014c B5       		.byte	-75
 361 014d 02       		.byte	2
 362 014e D4       		.byte	-44
 363 014f 01       		.byte	1
 364 0150 D8       		.byte	-40
 365 0151 04       		.byte	4
 366 0152 D9       		.byte	-39
 367 0153 0C       		.byte	12
 368 0154 DB       		.byte	-37
 369 0155 0C       		.byte	12
 370 0156 DC       		.byte	-36
 371 0157 09       		.byte	9
 372 0158 DF       		.byte	-33
 373 0159 01       		.byte	1
 374 015a 00       		.byte	0
 375 015b 10       		.byte	16
 376 015c 05       		.byte	5
 377 015d 20       		.byte	32
 378 015e 06       		.byte	6
 379 015f 02       		.byte	2
 380 0160 07       		.byte	7
 381 0161 48       		.byte	72
 382 0162 08       		.byte	8
 383 0163 02       		.byte	2
 384 0164 0C       		.byte	12
 385 0165 48       		.byte	72
 386 0166 0D       		.byte	13
 387 0167 28       		.byte	40
 388 0168 0E       		.byte	14
 389 0169 82       		.byte	-126
 390 016a 0F       		.byte	15
 391 016b 41       		.byte	65
 392 016c 12       		.byte	18
 393 016d 08       		.byte	8
 394 016e 17       		.byte	23
 395 016f 15       		.byte	21
 396 0170 18       		.byte	24
 397 0171 10       		.byte	16
 398 0172 19       		.byte	25
 399 0173 08       		.byte	8
ARM GAS  C:\Users\jebush2\AppData\Local\Temp\cccbmg4z.s 			page 8


 400 0174 1E       		.byte	30
 401 0175 20       		.byte	32
 402 0176 20       		.byte	32
 403 0177 20       		.byte	32
 404 0178 22       		.byte	34
 405 0179 18       		.byte	24
 406 017a 24       		.byte	36
 407 017b 04       		.byte	4
 408 017c 25       		.byte	37
 409 017d 28       		.byte	40
 410 017e 26       		.byte	38
 411 017f 60       		.byte	96
 412 0180 29       		.byte	41
 413 0181 08       		.byte	8
 414 0182 2C       		.byte	44
 415 0183 08       		.byte	8
 416 0184 2F       		.byte	47
 417 0185 80       		.byte	-128
 418 0186 32       		.byte	50
 419 0187 10       		.byte	16
 420 0188 36       		.byte	54
 421 0189 20       		.byte	32
 422 018a 37       		.byte	55
 423 018b 09       		.byte	9
 424 018c 3D       		.byte	61
 425 018d 10       		.byte	16
 426 018e 3E       		.byte	62
 427 018f 04       		.byte	4
 428 0190 3F       		.byte	63
 429 0191 41       		.byte	65
 430 0192 5A       		.byte	90
 431 0193 40       		.byte	64
 432 0194 5D       		.byte	93
 433 0195 04       		.byte	4
 434 0196 67       		.byte	103
 435 0197 20       		.byte	32
 436 0198 6D       		.byte	109
 437 0199 10       		.byte	16
 438 019a 6E       		.byte	110
 439 019b 04       		.byte	4
 440 019c 6F       		.byte	111
 441 019d 55       		.byte	85
 442 019e 76       		.byte	118
 443 019f 42       		.byte	66
 444 01a0 7B       		.byte	123
 445 01a1 02       		.byte	2
 446 01a2 7F       		.byte	127
 447 01a3 02       		.byte	2
 448 01a4 81       		.byte	-127
 449 01a5 04       		.byte	4
 450 01a6 84       		.byte	-124
 451 01a7 10       		.byte	16
 452 01a8 90       		.byte	-112
 453 01a9 01       		.byte	1
 454 01aa 94       		.byte	-108
 455 01ab 04       		.byte	4
 456 01ac 97       		.byte	-105
ARM GAS  C:\Users\jebush2\AppData\Local\Temp\cccbmg4z.s 			page 9


 457 01ad 40       		.byte	64
 458 01ae 98       		.byte	-104
 459 01af 02       		.byte	2
 460 01b0 9C       		.byte	-100
 461 01b1 40       		.byte	64
 462 01b2 9D       		.byte	-99
 463 01b3 20       		.byte	32
 464 01b4 A2       		.byte	-94
 465 01b5 04       		.byte	4
 466 01b6 A4       		.byte	-92
 467 01b7 08       		.byte	8
 468 01b8 A5       		.byte	-91
 469 01b9 20       		.byte	32
 470 01ba A6       		.byte	-90
 471 01bb 01       		.byte	1
 472 01bc A7       		.byte	-89
 473 01bd 80       		.byte	-128
 474 01be AD       		.byte	-83
 475 01bf 80       		.byte	-128
 476 01c0 B6       		.byte	-74
 477 01c1 04       		.byte	4
 478 01c2 C0       		.byte	-64
 479 01c3 D2       		.byte	-46
 480 01c4 C2       		.byte	-62
 481 01c5 F8       		.byte	-8
 482 01c6 C4       		.byte	-60
 483 01c7 72       		.byte	114
 484 01c8 CA       		.byte	-54
 485 01c9 A2       		.byte	-94
 486 01ca CC       		.byte	-52
 487 01cb E4       		.byte	-28
 488 01cc CE       		.byte	-50
 489 01cd F0       		.byte	-16
 490 01ce D6       		.byte	-42
 491 01cf 48       		.byte	72
 492 01d0 D8       		.byte	-40
 493 01d1 40       		.byte	64
 494 01d2 DE       		.byte	-34
 495 01d3 18       		.byte	24
 496 01d4 EA       		.byte	-22
 497 01d5 40       		.byte	64
 498 01d6 E6       		.byte	-26
 499 01d7 40       		.byte	64
 500 01d8 EA       		.byte	-22
 501 01d9 01       		.byte	1
 502 01da EE       		.byte	-18
 503 01db 02       		.byte	2
 504 01dc 02       		.byte	2
 505 01dd 01       		.byte	1
 506 01de 14       		.byte	20
 507 01df 01       		.byte	1
 508 01e0 1A       		.byte	26
 509 01e1 01       		.byte	1
 510 01e2 20       		.byte	32
 511 01e3 01       		.byte	1
 512 01e4 24       		.byte	36
 513 01e5 01       		.byte	1
ARM GAS  C:\Users\jebush2\AppData\Local\Temp\cccbmg4z.s 			page 10


 514 01e6 2C       		.byte	44
 515 01e7 01       		.byte	1
 516 01e8 32       		.byte	50
 517 01e9 01       		.byte	1
 518 01ea 58       		.byte	88
 519 01eb 04       		.byte	4
 520 01ec 59       		.byte	89
 521 01ed 04       		.byte	4
 522 01ee 5F       		.byte	95
 523 01ef 01       		.byte	1
 524 01f0 81       		.byte	-127
 525 01f1 01       		.byte	1
 526 01f2 82       		.byte	-126
 527 01f3 01       		.byte	1
 528 01f4 89       		.byte	-119
 529 01f5 01       		.byte	1
 530 01f6 8F       		.byte	-113
 531 01f7 01       		.byte	1
 532 01f8 90       		.byte	-112
 533 01f9 01       		.byte	1
 534 01fa 94       		.byte	-108
 535 01fb 01       		.byte	1
 536 01fc 95       		.byte	-107
 537 01fd 01       		.byte	1
 538 01fe 98       		.byte	-104
 539 01ff 01       		.byte	1
 540 0200 9C       		.byte	-100
 541 0201 01       		.byte	1
 542 0202 A3       		.byte	-93
 543 0203 01       		.byte	1
 544 0204 A4       		.byte	-92
 545 0205 01       		.byte	1
 546 0206 A5       		.byte	-91
 547 0207 01       		.byte	1
 548 0208 B3       		.byte	-77
 549 0209 01       		.byte	1
 550 020a B4       		.byte	-76
 551 020b 01       		.byte	1
 552 020c D8       		.byte	-40
 553 020d 04       		.byte	4
 554 020e D9       		.byte	-39
 555 020f 04       		.byte	4
 556 0210 DF       		.byte	-33
 557 0211 01       		.byte	1
 558 0212 03       		.byte	3
 559 0213 C0       		.byte	-64
 560 0214 07       		.byte	7
 561 0215 40       		.byte	64
 562 0216 09       		.byte	9
 563 0217 28       		.byte	40
 564 0218 0C       		.byte	12
 565 0219 21       		.byte	33
 566 021a 0D       		.byte	13
 567 021b 28       		.byte	40
 568 021c 0F       		.byte	15
 569 021d 61       		.byte	97
 570 021e 13       		.byte	19
ARM GAS  C:\Users\jebush2\AppData\Local\Temp\cccbmg4z.s 			page 11


 571 021f 49       		.byte	73
 572 0220 17       		.byte	23
 573 0221 08       		.byte	8
 574 0222 1B       		.byte	27
 575 0223 04       		.byte	4
 576 0224 1F       		.byte	31
 577 0225 10       		.byte	16
 578 0226 25       		.byte	37
 579 0227 04       		.byte	4
 580 0228 2B       		.byte	43
 581 0229 90       		.byte	-112
 582 022a 2C       		.byte	44
 583 022b 20       		.byte	32
 584 022c 2F       		.byte	47
 585 022d 80       		.byte	-128
 586 022e 30       		.byte	48
 587 022f 05       		.byte	5
 588 0230 31       		.byte	49
 589 0231 20       		.byte	32
 590 0232 34       		.byte	52
 591 0233 04       		.byte	4
 592 0234 37       		.byte	55
 593 0235 08       		.byte	8
 594 0236 3B       		.byte	59
 595 0237 01       		.byte	1
 596 0238 3F       		.byte	63
 597 0239 61       		.byte	97
 598 023a 83       		.byte	-125
 599 023b 04       		.byte	4
 600 023c 87       		.byte	-121
 601 023d 10       		.byte	16
 602 023e 93       		.byte	-109
 603 023f 41       		.byte	65
 604 0240 9B       		.byte	-101
 605 0241 08       		.byte	8
 606 0242 9C       		.byte	-100
 607 0243 01       		.byte	1
 608 0244 A1       		.byte	-95
 609 0245 28       		.byte	40
 610 0246 A3       		.byte	-93
 611 0247 80       		.byte	-128
 612 0248 A5       		.byte	-91
 613 0249 04       		.byte	4
 614 024a C0       		.byte	-64
 615 024b 18       		.byte	24
 616 024c C2       		.byte	-62
 617 024d F6       		.byte	-10
 618 024e C4       		.byte	-60
 619 024f 2D       		.byte	45
 620 0250 CA       		.byte	-54
 621 0251 C3       		.byte	-61
 622 0252 CC       		.byte	-52
 623 0253 47       		.byte	71
 624 0254 CE       		.byte	-50
 625 0255 B1       		.byte	-79
 626 0256 E8       		.byte	-24
 627 0257 01       		.byte	1
ARM GAS  C:\Users\jebush2\AppData\Local\Temp\cccbmg4z.s 			page 12


 628 0258 00       		.byte	0
 629 0259 20       		.byte	32
 630 025a 02       		.byte	2
 631 025b 01       		.byte	1
 632 025c 03       		.byte	3
 633 025d 01       		.byte	1
 634 025e 04       		.byte	4
 635 025f 23       		.byte	35
 636 0260 06       		.byte	6
 637 0261 40       		.byte	64
 638 0262 0A       		.byte	10
 639 0263 08       		.byte	8
 640 0264 0C       		.byte	12
 641 0265 04       		.byte	4
 642 0266 10       		.byte	16
 643 0267 42       		.byte	66
 644 0268 12       		.byte	18
 645 0269 21       		.byte	33
 646 026a 16       		.byte	22
 647 026b 10       		.byte	16
 648 026c 18       		.byte	24
 649 026d 80       		.byte	-128
 650 026e 1E       		.byte	30
 651 026f 04       		.byte	4
 652 0270 1F       		.byte	31
 653 0271 02       		.byte	2
 654 0272 20       		.byte	32
 655 0273 01       		.byte	1
 656 0274 24       		.byte	36
 657 0275 E3       		.byte	-29
 658 0276 2A       		.byte	42
 659 0277 02       		.byte	2
 660 0278 2C       		.byte	44
 661 0279 08       		.byte	8
 662 027a 30       		.byte	48
 663 027b 60       		.byte	96
 664 027c 31       		.byte	49
 665 027d 01       		.byte	1
 666 027e 32       		.byte	50
 667 027f 03       		.byte	3
 668 0280 34       		.byte	52
 669 0281 80       		.byte	-128
 670 0282 35       		.byte	53
 671 0283 02       		.byte	2
 672 0284 36       		.byte	54
 673 0285 1C       		.byte	28
 674 0286 38       		.byte	56
 675 0287 A0       		.byte	-96
 676 0288 3E       		.byte	62
 677 0289 50       		.byte	80
 678 028a 52       		.byte	82
 679 028b 07       		.byte	7
 680 028c 53       		.byte	83
 681 028d 06       		.byte	6
 682 028e 58       		.byte	88
 683 028f 0C       		.byte	12
 684 0290 59       		.byte	89
ARM GAS  C:\Users\jebush2\AppData\Local\Temp\cccbmg4z.s 			page 13


 685 0291 04       		.byte	4
 686 0292 5B       		.byte	91
 687 0293 04       		.byte	4
 688 0294 5F       		.byte	95
 689 0295 01       		.byte	1
 690 0296 D8       		.byte	-40
 691 0297 04       		.byte	4
 692 0298 D9       		.byte	-39
 693 0299 04       		.byte	4
 694 029a DF       		.byte	-33
 695 029b 01       		.byte	1
 696 029c 03       		.byte	3
 697 029d 80       		.byte	-128
 698 029e 04       		.byte	4
 699 029f 01       		.byte	1
 700 02a0 05       		.byte	5
 701 02a1 04       		.byte	4
 702 02a2 06       		.byte	6
 703 02a3 02       		.byte	2
 704 02a4 07       		.byte	7
 705 02a5 08       		.byte	8
 706 02a6 08       		.byte	8
 707 02a7 10       		.byte	16
 708 02a8 09       		.byte	9
 709 02a9 28       		.byte	40
 710 02aa 0E       		.byte	14
 711 02ab 6A       		.byte	106
 712 02ac 0F       		.byte	15
 713 02ad 01       		.byte	1
 714 02ae 12       		.byte	18
 715 02af 20       		.byte	32
 716 02b0 13       		.byte	19
 717 02b1 41       		.byte	65
 718 02b2 15       		.byte	21
 719 02b3 04       		.byte	4
 720 02b4 16       		.byte	22
 721 02b5 40       		.byte	64
 722 02b6 17       		.byte	23
 723 02b7 54       		.byte	84
 724 02b8 1D       		.byte	29
 725 02b9 04       		.byte	4
 726 02ba 1E       		.byte	30
 727 02bb 40       		.byte	64
 728 02bc 1F       		.byte	31
 729 02bd 90       		.byte	-112
 730 02be 26       		.byte	38
 731 02bf 21       		.byte	33
 732 02c0 27       		.byte	39
 733 02c1 08       		.byte	8
 734 02c2 28       		.byte	40
 735 02c3 11       		.byte	17
 736 02c4 2B       		.byte	43
 737 02c5 80       		.byte	-128
 738 02c6 2C       		.byte	44
 739 02c7 18       		.byte	24
 740 02c8 2F       		.byte	47
 741 02c9 80       		.byte	-128
ARM GAS  C:\Users\jebush2\AppData\Local\Temp\cccbmg4z.s 			page 14


 742 02ca 31       		.byte	49
 743 02cb 08       		.byte	8
 744 02cc 32       		.byte	50
 745 02cd 20       		.byte	32
 746 02ce 36       		.byte	54
 747 02cf 21       		.byte	33
 748 02d0 37       		.byte	55
 749 02d1 40       		.byte	64
 750 02d2 3B       		.byte	59
 751 02d3 01       		.byte	1
 752 02d4 3E       		.byte	62
 753 02d5 02       		.byte	2
 754 02d6 3F       		.byte	63
 755 02d7 40       		.byte	64
 756 02d8 6F       		.byte	111
 757 02d9 16       		.byte	22
 758 02da 7F       		.byte	127
 759 02db 02       		.byte	2
 760 02dc 81       		.byte	-127
 761 02dd 04       		.byte	4
 762 02de 90       		.byte	-112
 763 02df 01       		.byte	1
 764 02e0 93       		.byte	-109
 765 02e1 40       		.byte	64
 766 02e2 95       		.byte	-107
 767 02e3 04       		.byte	4
 768 02e4 97       		.byte	-105
 769 02e5 20       		.byte	32
 770 02e6 9A       		.byte	-102
 771 02e7 42       		.byte	66
 772 02e8 9B       		.byte	-101
 773 02e9 40       		.byte	64
 774 02ea 9F       		.byte	-97
 775 02eb 08       		.byte	8
 776 02ec A0       		.byte	-96
 777 02ed 08       		.byte	8
 778 02ee A1       		.byte	-95
 779 02ef 28       		.byte	40
 780 02f0 A2       		.byte	-94
 781 02f1 14       		.byte	20
 782 02f2 A5       		.byte	-91
 783 02f3 04       		.byte	4
 784 02f4 A6       		.byte	-90
 785 02f5 01       		.byte	1
 786 02f6 A7       		.byte	-89
 787 02f7 82       		.byte	-126
 788 02f8 AA       		.byte	-86
 789 02f9 48       		.byte	72
 790 02fa C0       		.byte	-64
 791 02fb F8       		.byte	-8
 792 02fc C2       		.byte	-62
 793 02fd F6       		.byte	-10
 794 02fe C4       		.byte	-60
 795 02ff FD       		.byte	-3
 796 0300 CA       		.byte	-54
 797 0301 EB       		.byte	-21
 798 0302 CC       		.byte	-52
ARM GAS  C:\Users\jebush2\AppData\Local\Temp\cccbmg4z.s 			page 15


 799 0303 B6       		.byte	-74
 800 0304 CE       		.byte	-50
 801 0305 91       		.byte	-111
 802 0306 DE       		.byte	-34
 803 0307 10       		.byte	16
 804 0308 E4       		.byte	-28
 805 0309 01       		.byte	1
 806 030a EE       		.byte	-18
 807 030b 02       		.byte	2
 808 030c E4       		.byte	-28
 809 030d 01       		.byte	1
 810 030e EE       		.byte	-18
 811 030f 02       		.byte	2
 812 0310 E8       		.byte	-24
 813 0311 01       		.byte	1
 814 0312 11       		.byte	17
 815 0313 01       		.byte	1
 816 0314 16       		.byte	22
 817 0315 80       		.byte	-128
 818 0316 30       		.byte	48
 819 0317 80       		.byte	-128
 820 0318 31       		.byte	49
 821 0319 01       		.byte	1
 822 031a 34       		.byte	52
 823 031b 02       		.byte	2
 824 031c 36       		.byte	54
 825 031d 40       		.byte	64
 826 031e 3A       		.byte	58
 827 031f 04       		.byte	4
 828 0320 3E       		.byte	62
 829 0321 80       		.byte	-128
 830 0322 C4       		.byte	-60
 831 0323 30       		.byte	48
 832 0324 CC       		.byte	-52
 833 0325 F0       		.byte	-16
 834 0326 CE       		.byte	-50
 835 0327 60       		.byte	96
 836 0328 53       		.byte	83
 837 0329 08       		.byte	8
 838 032a 5B       		.byte	91
 839 032b 10       		.byte	16
 840 032c 62       		.byte	98
 841 032d 80       		.byte	-128
 842 032e 91       		.byte	-111
 843 032f 01       		.byte	1
 844 0330 9B       		.byte	-101
 845 0331 04       		.byte	4
 846 0332 9D       		.byte	-99
 847 0333 01       		.byte	1
 848 0334 9E       		.byte	-98
 849 0335 04       		.byte	4
 850 0336 A4       		.byte	-92
 851 0337 80       		.byte	-128
 852 0338 A6       		.byte	-90
 853 0339 40       		.byte	64
 854 033a AB       		.byte	-85
 855 033b 04       		.byte	4
ARM GAS  C:\Users\jebush2\AppData\Local\Temp\cccbmg4z.s 			page 16


 856 033c AC       		.byte	-84
 857 033d 02       		.byte	2
 858 033e D4       		.byte	-44
 859 033f A0       		.byte	-96
 860 0340 D6       		.byte	-42
 861 0341 40       		.byte	64
 862 0342 EA       		.byte	-22
 863 0343 80       		.byte	-128
 864 0344 EE       		.byte	-18
 865 0345 40       		.byte	64
 866 0346 5B       		.byte	91
 867 0347 04       		.byte	4
 868 0348 8D       		.byte	-115
 869 0349 01       		.byte	1
 870 034a 91       		.byte	-111
 871 034b 01       		.byte	1
 872 034c 9B       		.byte	-101
 873 034d 04       		.byte	4
 874 034e 9D       		.byte	-99
 875 034f 01       		.byte	1
 876 0350 9F       		.byte	-97
 877 0351 10       		.byte	16
 878 0352 A4       		.byte	-92
 879 0353 80       		.byte	-128
 880 0354 A6       		.byte	-90
 881 0355 C0       		.byte	-64
 882 0356 A7       		.byte	-89
 883 0357 08       		.byte	8
 884 0358 AA       		.byte	-86
 885 0359 04       		.byte	4
 886 035a D6       		.byte	-42
 887 035b 40       		.byte	64
 888 035c EA       		.byte	-22
 889 035d 80       		.byte	-128
 890 035e 83       		.byte	-125
 891 035f 10       		.byte	16
 892 0360 84       		.byte	-124
 893 0361 80       		.byte	-128
 894 0362 9F       		.byte	-97
 895 0363 10       		.byte	16
 896 0364 A4       		.byte	-92
 897 0365 80       		.byte	-128
 898 0366 A6       		.byte	-90
 899 0367 C0       		.byte	-64
 900 0368 A7       		.byte	-89
 901 0369 08       		.byte	8
 902 036a AD       		.byte	-83
 903 036b 01       		.byte	1
 904 036c E2       		.byte	-30
 905 036d 30       		.byte	48
 906 036e E8       		.byte	-24
 907 036f 10       		.byte	16
 908 0370 9C       		.byte	-100
 909 0371 80       		.byte	-128
 910 0372 AC       		.byte	-84
 911 0373 80       		.byte	-128
 912 0374 1A       		.byte	26
ARM GAS  C:\Users\jebush2\AppData\Local\Temp\cccbmg4z.s 			page 17


 913 0375 10       		.byte	16
 914 0376 24       		.byte	36
 915 0377 40       		.byte	64
 916 0378 8F       		.byte	-113
 917 0379 40       		.byte	64
 918 037a 96       		.byte	-106
 919 037b 10       		.byte	16
 920 037c 9C       		.byte	-100
 921 037d 80       		.byte	-128
 922 037e AA       		.byte	-86
 923 037f 10       		.byte	16
 924 0380 C6       		.byte	-58
 925 0381 08       		.byte	8
 926 0382 C8       		.byte	-56
 927 0383 01       		.byte	1
 928 0384 E6       		.byte	-26
 929 0385 02       		.byte	2
 930 0386 08       		.byte	8
 931 0387 80       		.byte	-128
 932 0388 0B       		.byte	11
 933 0389 40       		.byte	64
 934 038a 0F       		.byte	15
 935 038b 80       		.byte	-128
 936 038c 43       		.byte	67
 937 038d 08       		.byte	8
 938 038e 45       		.byte	69
 939 038f 10       		.byte	16
 940 0390 9C       		.byte	-100
 941 0391 80       		.byte	-128
 942 0392 A7       		.byte	-89
 943 0393 40       		.byte	64
 944 0394 B4       		.byte	-76
 945 0395 40       		.byte	64
 946 0396 C2       		.byte	-62
 947 0397 0E       		.byte	14
 948 0398 D0       		.byte	-48
 949 0399 06       		.byte	6
 950 039a EA       		.byte	-22
 951 039b 02       		.byte	2
 952 039c 27       		.byte	39
 953 039d 04       		.byte	4
 954 039e A6       		.byte	-90
 955 039f 80       		.byte	-128
 956 03a0 A7       		.byte	-89
 957 03a1 08       		.byte	8
 958 03a2 AE       		.byte	-82
 959 03a3 40       		.byte	64
 960 03a4 C8       		.byte	-56
 961 03a5 20       		.byte	32
 962 03a6 EE       		.byte	-18
 963 03a7 40       		.byte	64
 964 03a8 82       		.byte	-126
 965 03a9 80       		.byte	-128
 966 03aa 87       		.byte	-121
 967 03ab 08       		.byte	8
 968 03ac A6       		.byte	-90
 969 03ad 80       		.byte	-128
ARM GAS  C:\Users\jebush2\AppData\Local\Temp\cccbmg4z.s 			page 18


 970 03ae A7       		.byte	-89
 971 03af 08       		.byte	8
 972 03b0 AB       		.byte	-85
 973 03b1 04       		.byte	4
 974 03b2 E6       		.byte	-26
 975 03b3 60       		.byte	96
 976 03b4 E8       		.byte	-24
 977 03b5 80       		.byte	-128
 978 03b6 83       		.byte	-125
 979 03b7 08       		.byte	8
 980 03b8 A5       		.byte	-91
 981 03b9 10       		.byte	16
 982 03ba A7       		.byte	-89
 983 03bb 08       		.byte	8
 984 03bc AF       		.byte	-81
 985 03bd 40       		.byte	64
 986 03be A9       		.byte	-87
 987 03bf 10       		.byte	16
 988 03c0 00       		.byte	0
 989 03c1 01       		.byte	1
 990 03c2 01       		.byte	1
 991 03c3 01       		.byte	1
 992 03c4 0A       		.byte	10
 993 03c5 01       		.byte	1
 994 03c6 0B       		.byte	11
 995 03c7 01       		.byte	1
 996 03c8 10       		.byte	16
 997 03c9 01       		.byte	1
 998 03ca 1A       		.byte	26
 999 03cb 01       		.byte	1
 1000 03cc 00       		.byte	0
 1001 03cd AB       		.byte	-85
 1002 03ce 10       		.byte	16
 1003 03cf 0A       		.byte	10
 1004 03d0 00       		.byte	0
 1005 03d1 00       		.byte	0
 1006 03d2 00       		.byte	0
 1007 03d3 00       		.byte	0
 1008 03d4 00       		.byte	0
 1009 03d5 3F       		.byte	63
 1010 03d6 3F       		.byte	63
 1011 03d7 00       		.byte	0
 1012 03d8 40       		.byte	64
 1013 03d9 00       		.byte	0
 1014 03da 00       		.byte	0
 1015 03db 00       		.byte	0
 1016 03dc 00       		.byte	0
 1017 03dd 00       		.byte	0
 1018 03de 00       		.byte	0
 1019 03df 00       		.byte	0
 1020 03e0 C0       		.byte	-64
 1021 03e1 00       		.byte	0
 1022 03e2 00       		.byte	0
 1023 03e3 00       		.byte	0
 1024 03e4 00       		.byte	0
 1025 03e5 0B       		.byte	11
 1026 03e6 0B       		.byte	11
ARM GAS  C:\Users\jebush2\AppData\Local\Temp\cccbmg4z.s 			page 19


 1027 03e7 00       		.byte	0
 1028 03e8 00       		.byte	0
 1029 03e9 00       		.byte	0
 1030 03ea 00       		.byte	0
 1031 03eb 00       		.byte	0
 1032 03ec 00       		.byte	0
 1033 03ed 02       		.byte	2
 1034 03ee 02       		.byte	2
 1035 03ef 00       		.byte	0
 1036 03f0 00       		.byte	0
 1037 03f1 00       		.byte	0
 1038 03f2 00       		.byte	0
 1039 03f3 00       		.byte	0
 1040 03f4 00       		.byte	0
 1041 03f5 01       		.byte	1
 1042 03f6 00       		.byte	0
 1043 03f7 00       		.byte	0
 1044              		.section	.cywolatch,"a",%progbits
 1045              		.type	cy_meta_wonvl, %object
 1046              		.size	cy_meta_wonvl, 4
 1047              	cy_meta_wonvl:
 1048 0000 BC       		.byte	-68
 1049 0001 90       		.byte	-112
 1050 0002 AC       		.byte	-84
 1051 0003 AF       		.byte	-81
 1052              		.section	.cycustnvl,"a",%progbits
 1053              		.type	cy_meta_custnvl, %object
 1054              		.size	cy_meta_custnvl, 4
 1055              	cy_meta_custnvl:
 1056 0000 00       		.byte	0
 1057 0001 00       		.byte	0
 1058 0002 40       		.byte	64
 1059 0003 05       		.byte	5
 1060              		.section	.cymeta,"a",%progbits
 1061              		.type	cy_metadata, %object
 1062              		.size	cy_metadata, 12
 1063              	cy_metadata:
 1064 0000 00       		.byte	0
 1065 0001 01       		.byte	1
 1066 0002 2E       		.byte	46
 1067 0003 16       		.byte	22
 1068 0004 10       		.byte	16
 1069 0005 69       		.byte	105
 1070 0006 00       		.byte	0
 1071 0007 01       		.byte	1
 1072 0008 00       		.byte	0
 1073 0009 00       		.byte	0
 1074 000a 00       		.byte	0
 1075 000b 00       		.byte	0
 1076              		.section	.cyflashprotect,"a",%progbits
 1077              		.type	cy_meta_flashprotect, %object
 1078              		.size	cy_meta_flashprotect, 256
 1079              	cy_meta_flashprotect:
 1080 0000 00000000 		.space	256
 1080      00000000 
 1080      00000000 
 1080      00000000 
ARM GAS  C:\Users\jebush2\AppData\Local\Temp\cccbmg4z.s 			page 20


 1080      00000000 
 1081              		.text
 1082              	.Letext0:
 1083              		.file 1 "c:\\program files (x86)\\cypress\\psoc creator\\4.2\\psoc creator\\import\\gnu\\arm\\5.4.
 1084              		.file 2 "c:\\program files (x86)\\cypress\\psoc creator\\4.2\\psoc creator\\import\\gnu\\arm\\5.4.
 1085              		.file 3 "Generated_Source\\PSoC5\\cymetadata.c"
 1086              		.section	.debug_info,"",%progbits
 1087              	.Ldebug_info0:
 1088 0000 31010000 		.4byte	0x131
 1089 0004 0400     		.2byte	0x4
 1090 0006 00000000 		.4byte	.Ldebug_abbrev0
 1091 000a 04       		.byte	0x4
 1092 000b 01       		.uleb128 0x1
 1093 000c D0000000 		.4byte	.LASF17
 1094 0010 0C       		.byte	0xc
 1095 0011 BF010000 		.4byte	.LASF18
 1096 0015 8F000000 		.4byte	.LASF19
 1097 0019 00000000 		.4byte	.Ldebug_line0
 1098 001d 02       		.uleb128 0x2
 1099 001e 01       		.byte	0x1
 1100 001f 06       		.byte	0x6
 1101 0020 B3010000 		.4byte	.LASF0
 1102 0024 03       		.uleb128 0x3
 1103 0025 00000000 		.4byte	.LASF9
 1104 0029 01       		.byte	0x1
 1105 002a 1D       		.byte	0x1d
 1106 002b 2F000000 		.4byte	0x2f
 1107 002f 02       		.uleb128 0x2
 1108 0030 01       		.byte	0x1
 1109 0031 08       		.byte	0x8
 1110 0032 2D000000 		.4byte	.LASF1
 1111 0036 02       		.uleb128 0x2
 1112 0037 02       		.byte	0x2
 1113 0038 05       		.byte	0x5
 1114 0039 A0010000 		.4byte	.LASF2
 1115 003d 02       		.uleb128 0x2
 1116 003e 02       		.byte	0x2
 1117 003f 07       		.byte	0x7
 1118 0040 4D000000 		.4byte	.LASF3
 1119 0044 02       		.uleb128 0x2
 1120 0045 04       		.byte	0x4
 1121 0046 05       		.byte	0x5
 1122 0047 AA010000 		.4byte	.LASF4
 1123 004b 02       		.uleb128 0x2
 1124 004c 04       		.byte	0x4
 1125 004d 07       		.byte	0x7
 1126 004e 3B000000 		.4byte	.LASF5
 1127 0052 02       		.uleb128 0x2
 1128 0053 08       		.byte	0x8
 1129 0054 05       		.byte	0x5
 1130 0055 92010000 		.4byte	.LASF6
 1131 0059 02       		.uleb128 0x2
 1132 005a 08       		.byte	0x8
 1133 005b 07       		.byte	0x7
 1134 005c 16000000 		.4byte	.LASF7
 1135 0060 04       		.uleb128 0x4
 1136 0061 04       		.byte	0x4
ARM GAS  C:\Users\jebush2\AppData\Local\Temp\cccbmg4z.s 			page 21


 1137 0062 05       		.byte	0x5
 1138 0063 696E7400 		.ascii	"int\000"
 1139 0067 02       		.uleb128 0x2
 1140 0068 04       		.byte	0x4
 1141 0069 07       		.byte	0x7
 1142 006a 82000000 		.4byte	.LASF8
 1143 006e 03       		.uleb128 0x3
 1144 006f 5E010000 		.4byte	.LASF10
 1145 0073 02       		.byte	0x2
 1146 0074 18       		.byte	0x18
 1147 0075 24000000 		.4byte	0x24
 1148 0079 05       		.uleb128 0x5
 1149 007a 91000000 		.4byte	0x91
 1150 007e 8A000000 		.4byte	0x8a
 1151 0082 06       		.uleb128 0x6
 1152 0083 8A000000 		.4byte	0x8a
 1153 0087 F703     		.2byte	0x3f7
 1154 0089 00       		.byte	0
 1155 008a 02       		.uleb128 0x2
 1156 008b 04       		.byte	0x4
 1157 008c 07       		.byte	0x7
 1158 008d 89010000 		.4byte	.LASF11
 1159 0091 07       		.uleb128 0x7
 1160 0092 6E000000 		.4byte	0x6e
 1161 0096 08       		.uleb128 0x8
 1162 0097 70000000 		.4byte	.LASF12
 1163 009b 03       		.byte	0x3
 1164 009c 1F       		.byte	0x1f
 1165 009d A7000000 		.4byte	0xa7
 1166 00a1 05       		.uleb128 0x5
 1167 00a2 03       		.byte	0x3
 1168 00a3 00000000 		.4byte	cy_meta_configecc
 1169 00a7 07       		.uleb128 0x7
 1170 00a8 79000000 		.4byte	0x79
 1171 00ac 05       		.uleb128 0x5
 1172 00ad 91000000 		.4byte	0x91
 1173 00b1 BC000000 		.4byte	0xbc
 1174 00b5 09       		.uleb128 0x9
 1175 00b6 8A000000 		.4byte	0x8a
 1176 00ba 03       		.byte	0x3
 1177 00bb 00       		.byte	0
 1178 00bc 08       		.uleb128 0x8
 1179 00bd 60000000 		.4byte	.LASF13
 1180 00c1 03       		.byte	0x3
 1181 00c2 AB       		.byte	0xab
 1182 00c3 CD000000 		.4byte	0xcd
 1183 00c7 05       		.uleb128 0x5
 1184 00c8 03       		.byte	0x3
 1185 00c9 00000000 		.4byte	cy_meta_custnvl
 1186 00cd 07       		.uleb128 0x7
 1187 00ce AC000000 		.4byte	0xac
 1188 00d2 08       		.uleb128 0x8
 1189 00d3 7B010000 		.4byte	.LASF14
 1190 00d7 03       		.byte	0x3
 1191 00d8 B9       		.byte	0xb9
 1192 00d9 E3000000 		.4byte	0xe3
 1193 00dd 05       		.uleb128 0x5
ARM GAS  C:\Users\jebush2\AppData\Local\Temp\cccbmg4z.s 			page 22


 1194 00de 03       		.byte	0x3
 1195 00df 00000000 		.4byte	cy_meta_wonvl
 1196 00e3 07       		.uleb128 0x7
 1197 00e4 AC000000 		.4byte	0xac
 1198 00e8 05       		.uleb128 0x5
 1199 00e9 91000000 		.4byte	0x91
 1200 00ed F8000000 		.4byte	0xf8
 1201 00f1 09       		.uleb128 0x9
 1202 00f2 8A000000 		.4byte	0x8a
 1203 00f6 FF       		.byte	0xff
 1204 00f7 00       		.byte	0
 1205 00f8 08       		.uleb128 0x8
 1206 00f9 66010000 		.4byte	.LASF15
 1207 00fd 03       		.byte	0x3
 1208 00fe C7       		.byte	0xc7
 1209 00ff 09010000 		.4byte	0x109
 1210 0103 05       		.uleb128 0x5
 1211 0104 03       		.byte	0x3
 1212 0105 00000000 		.4byte	cy_meta_flashprotect
 1213 0109 07       		.uleb128 0x7
 1214 010a E8000000 		.4byte	0xe8
 1215 010e 05       		.uleb128 0x5
 1216 010f 91000000 		.4byte	0x91
 1217 0113 1E010000 		.4byte	0x11e
 1218 0117 09       		.uleb128 0x9
 1219 0118 8A000000 		.4byte	0x8a
 1220 011c 0B       		.byte	0xb
 1221 011d 00       		.byte	0
 1222 011e 08       		.uleb128 0x8
 1223 011f 0A000000 		.4byte	.LASF16
 1224 0123 03       		.byte	0x3
 1225 0124 F4       		.byte	0xf4
 1226 0125 2F010000 		.4byte	0x12f
 1227 0129 05       		.uleb128 0x5
 1228 012a 03       		.byte	0x3
 1229 012b 00000000 		.4byte	cy_metadata
 1230 012f 07       		.uleb128 0x7
 1231 0130 0E010000 		.4byte	0x10e
 1232 0134 00       		.byte	0
 1233              		.section	.debug_abbrev,"",%progbits
 1234              	.Ldebug_abbrev0:
 1235 0000 01       		.uleb128 0x1
 1236 0001 11       		.uleb128 0x11
 1237 0002 01       		.byte	0x1
 1238 0003 25       		.uleb128 0x25
 1239 0004 0E       		.uleb128 0xe
 1240 0005 13       		.uleb128 0x13
 1241 0006 0B       		.uleb128 0xb
 1242 0007 03       		.uleb128 0x3
 1243 0008 0E       		.uleb128 0xe
 1244 0009 1B       		.uleb128 0x1b
 1245 000a 0E       		.uleb128 0xe
 1246 000b 10       		.uleb128 0x10
 1247 000c 17       		.uleb128 0x17
 1248 000d 00       		.byte	0
 1249 000e 00       		.byte	0
 1250 000f 02       		.uleb128 0x2
ARM GAS  C:\Users\jebush2\AppData\Local\Temp\cccbmg4z.s 			page 23


 1251 0010 24       		.uleb128 0x24
 1252 0011 00       		.byte	0
 1253 0012 0B       		.uleb128 0xb
 1254 0013 0B       		.uleb128 0xb
 1255 0014 3E       		.uleb128 0x3e
 1256 0015 0B       		.uleb128 0xb
 1257 0016 03       		.uleb128 0x3
 1258 0017 0E       		.uleb128 0xe
 1259 0018 00       		.byte	0
 1260 0019 00       		.byte	0
 1261 001a 03       		.uleb128 0x3
 1262 001b 16       		.uleb128 0x16
 1263 001c 00       		.byte	0
 1264 001d 03       		.uleb128 0x3
 1265 001e 0E       		.uleb128 0xe
 1266 001f 3A       		.uleb128 0x3a
 1267 0020 0B       		.uleb128 0xb
 1268 0021 3B       		.uleb128 0x3b
 1269 0022 0B       		.uleb128 0xb
 1270 0023 49       		.uleb128 0x49
 1271 0024 13       		.uleb128 0x13
 1272 0025 00       		.byte	0
 1273 0026 00       		.byte	0
 1274 0027 04       		.uleb128 0x4
 1275 0028 24       		.uleb128 0x24
 1276 0029 00       		.byte	0
 1277 002a 0B       		.uleb128 0xb
 1278 002b 0B       		.uleb128 0xb
 1279 002c 3E       		.uleb128 0x3e
 1280 002d 0B       		.uleb128 0xb
 1281 002e 03       		.uleb128 0x3
 1282 002f 08       		.uleb128 0x8
 1283 0030 00       		.byte	0
 1284 0031 00       		.byte	0
 1285 0032 05       		.uleb128 0x5
 1286 0033 01       		.uleb128 0x1
 1287 0034 01       		.byte	0x1
 1288 0035 49       		.uleb128 0x49
 1289 0036 13       		.uleb128 0x13
 1290 0037 01       		.uleb128 0x1
 1291 0038 13       		.uleb128 0x13
 1292 0039 00       		.byte	0
 1293 003a 00       		.byte	0
 1294 003b 06       		.uleb128 0x6
 1295 003c 21       		.uleb128 0x21
 1296 003d 00       		.byte	0
 1297 003e 49       		.uleb128 0x49
 1298 003f 13       		.uleb128 0x13
 1299 0040 2F       		.uleb128 0x2f
 1300 0041 05       		.uleb128 0x5
 1301 0042 00       		.byte	0
 1302 0043 00       		.byte	0
 1303 0044 07       		.uleb128 0x7
 1304 0045 26       		.uleb128 0x26
 1305 0046 00       		.byte	0
 1306 0047 49       		.uleb128 0x49
 1307 0048 13       		.uleb128 0x13
ARM GAS  C:\Users\jebush2\AppData\Local\Temp\cccbmg4z.s 			page 24


 1308 0049 00       		.byte	0
 1309 004a 00       		.byte	0
 1310 004b 08       		.uleb128 0x8
 1311 004c 34       		.uleb128 0x34
 1312 004d 00       		.byte	0
 1313 004e 03       		.uleb128 0x3
 1314 004f 0E       		.uleb128 0xe
 1315 0050 3A       		.uleb128 0x3a
 1316 0051 0B       		.uleb128 0xb
 1317 0052 3B       		.uleb128 0x3b
 1318 0053 0B       		.uleb128 0xb
 1319 0054 49       		.uleb128 0x49
 1320 0055 13       		.uleb128 0x13
 1321 0056 3F       		.uleb128 0x3f
 1322 0057 19       		.uleb128 0x19
 1323 0058 02       		.uleb128 0x2
 1324 0059 18       		.uleb128 0x18
 1325 005a 00       		.byte	0
 1326 005b 00       		.byte	0
 1327 005c 09       		.uleb128 0x9
 1328 005d 21       		.uleb128 0x21
 1329 005e 00       		.byte	0
 1330 005f 49       		.uleb128 0x49
 1331 0060 13       		.uleb128 0x13
 1332 0061 2F       		.uleb128 0x2f
 1333 0062 0B       		.uleb128 0xb
 1334 0063 00       		.byte	0
 1335 0064 00       		.byte	0
 1336 0065 00       		.byte	0
 1337              		.section	.debug_aranges,"",%progbits
 1338 0000 14000000 		.4byte	0x14
 1339 0004 0200     		.2byte	0x2
 1340 0006 00000000 		.4byte	.Ldebug_info0
 1341 000a 04       		.byte	0x4
 1342 000b 00       		.byte	0
 1343 000c 0000     		.2byte	0
 1344 000e 0000     		.2byte	0
 1345 0010 00000000 		.4byte	0
 1346 0014 00000000 		.4byte	0
 1347              		.section	.debug_line,"",%progbits
 1348              	.Ldebug_line0:
 1349 0000 3D010000 		.section	.debug_str,"MS",%progbits,1
 1349      02003701 
 1349      00000201 
 1349      FB0E0D00 
 1349      01010101 
 1350              	.LASF9:
 1351 0000 5F5F7569 		.ascii	"__uint8_t\000"
 1351      6E74385F 
 1351      7400
 1352              	.LASF16:
 1353 000a 63795F6D 		.ascii	"cy_metadata\000"
 1353      65746164 
 1353      61746100 
 1354              	.LASF7:
 1355 0016 6C6F6E67 		.ascii	"long long unsigned int\000"
 1355      206C6F6E 
ARM GAS  C:\Users\jebush2\AppData\Local\Temp\cccbmg4z.s 			page 25


 1355      6720756E 
 1355      7369676E 
 1355      65642069 
 1356              	.LASF1:
 1357 002d 756E7369 		.ascii	"unsigned char\000"
 1357      676E6564 
 1357      20636861 
 1357      7200
 1358              	.LASF5:
 1359 003b 6C6F6E67 		.ascii	"long unsigned int\000"
 1359      20756E73 
 1359      69676E65 
 1359      6420696E 
 1359      7400
 1360              	.LASF3:
 1361 004d 73686F72 		.ascii	"short unsigned int\000"
 1361      7420756E 
 1361      7369676E 
 1361      65642069 
 1361      6E7400
 1362              	.LASF13:
 1363 0060 63795F6D 		.ascii	"cy_meta_custnvl\000"
 1363      6574615F 
 1363      63757374 
 1363      6E766C00 
 1364              	.LASF12:
 1365 0070 63795F6D 		.ascii	"cy_meta_configecc\000"
 1365      6574615F 
 1365      636F6E66 
 1365      69676563 
 1365      6300
 1366              	.LASF8:
 1367 0082 756E7369 		.ascii	"unsigned int\000"
 1367      676E6564 
 1367      20696E74 
 1367      00
 1368              	.LASF19:
 1369 008f 433A5C55 		.ascii	"C:\\Users\\jebush2\\Desktop\\PSoC 3-19-2019\\PSoC P"
 1369      73657273 
 1369      5C6A6562 
 1369      75736832 
 1369      5C446573 
 1370 00bd 726F6A65 		.ascii	"rojects\\Seat.cydsn\000"
 1370      6374735C 
 1370      53656174 
 1370      2E637964 
 1370      736E00
 1371              	.LASF17:
 1372 00d0 474E5520 		.ascii	"GNU C11 5.4.1 20160609 (release) [ARM/embedded-5-br"
 1372      43313120 
 1372      352E342E 
 1372      31203230 
 1372      31363036 
 1373 0103 616E6368 		.ascii	"anch revision 237715] -mcpu=cortex-m3 -mthumb -g -O"
 1373      20726576 
 1373      6973696F 
 1373      6E203233 
ARM GAS  C:\Users\jebush2\AppData\Local\Temp\cccbmg4z.s 			page 26


 1373      37373135 
 1374 0136 73202D66 		.ascii	"s -ffunction-sections -ffat-lto-objects\000"
 1374      66756E63 
 1374      74696F6E 
 1374      2D736563 
 1374      74696F6E 
 1375              	.LASF10:
 1376 015e 75696E74 		.ascii	"uint8_t\000"
 1376      385F7400 
 1377              	.LASF15:
 1378 0166 63795F6D 		.ascii	"cy_meta_flashprotect\000"
 1378      6574615F 
 1378      666C6173 
 1378      6870726F 
 1378      74656374 
 1379              	.LASF14:
 1380 017b 63795F6D 		.ascii	"cy_meta_wonvl\000"
 1380      6574615F 
 1380      776F6E76 
 1380      6C00
 1381              	.LASF11:
 1382 0189 73697A65 		.ascii	"sizetype\000"
 1382      74797065 
 1382      00
 1383              	.LASF6:
 1384 0192 6C6F6E67 		.ascii	"long long int\000"
 1384      206C6F6E 
 1384      6720696E 
 1384      7400
 1385              	.LASF2:
 1386 01a0 73686F72 		.ascii	"short int\000"
 1386      7420696E 
 1386      7400
 1387              	.LASF4:
 1388 01aa 6C6F6E67 		.ascii	"long int\000"
 1388      20696E74 
 1388      00
 1389              	.LASF0:
 1390 01b3 7369676E 		.ascii	"signed char\000"
 1390      65642063 
 1390      68617200 
 1391              	.LASF18:
 1392 01bf 47656E65 		.ascii	"Generated_Source\\PSoC5\\cymetadata.c\000"
 1392      72617465 
 1392      645F536F 
 1392      75726365 
 1392      5C50536F 
 1393              		.ident	"GCC: (GNU Tools for ARM Embedded Processors) 5.4.1 20160609 (release) [ARM/embedded-5-bran
