ARM GAS  C:\Users\jebush2\AppData\Local\Temp\cc2jlym1.s 			page 1


   1              		.syntax unified
   2              		.cpu cortex-m3
   3              		.fpu softvfp
   4              		.eabi_attribute 20, 1
   5              		.eabi_attribute 21, 1
   6              		.eabi_attribute 23, 3
   7              		.eabi_attribute 24, 1
   8              		.eabi_attribute 25, 1
   9              		.eabi_attribute 26, 1
  10              		.eabi_attribute 30, 4
  11              		.eabi_attribute 34, 1
  12              		.eabi_attribute 18, 4
  13              		.thumb
  14              		.syntax unified
  15              		.file	"Seat_ADC_PM.c"
  16              		.text
  17              	.Ltext0:
  18              		.cfi_sections	.debug_frame
  19              		.section	.text.Seat_ADC_Sleep,"ax",%progbits
  20              		.align	1
  21              		.global	Seat_ADC_Sleep
  22              		.thumb
  23              		.thumb_func
  24              		.type	Seat_ADC_Sleep, %function
  25              	Seat_ADC_Sleep:
  26              	.LFB0:
  27              		.file 1 "Generated_Source\\PSoC5\\Seat_ADC_PM.c"
   1:Generated_Source\PSoC5/Seat_ADC_PM.c **** /*******************************************************************************
   2:Generated_Source\PSoC5/Seat_ADC_PM.c **** * File Name: Seat_ADC_PM.c
   3:Generated_Source\PSoC5/Seat_ADC_PM.c **** * Version 2.10
   4:Generated_Source\PSoC5/Seat_ADC_PM.c **** *
   5:Generated_Source\PSoC5/Seat_ADC_PM.c **** * Description:
   6:Generated_Source\PSoC5/Seat_ADC_PM.c **** *  This file contains the setup, control and status commands to support
   7:Generated_Source\PSoC5/Seat_ADC_PM.c **** *  component operations in low power mode.
   8:Generated_Source\PSoC5/Seat_ADC_PM.c **** *
   9:Generated_Source\PSoC5/Seat_ADC_PM.c **** * Note:
  10:Generated_Source\PSoC5/Seat_ADC_PM.c **** *
  11:Generated_Source\PSoC5/Seat_ADC_PM.c **** ********************************************************************************
  12:Generated_Source\PSoC5/Seat_ADC_PM.c **** * Copyright 2012-2015, Cypress Semiconductor Corporation.  All rights reserved.
  13:Generated_Source\PSoC5/Seat_ADC_PM.c **** * You may use this file only in accordance with the license, terms, conditions,
  14:Generated_Source\PSoC5/Seat_ADC_PM.c **** * disclaimers, and limitations in the end user license agreement accompanying
  15:Generated_Source\PSoC5/Seat_ADC_PM.c **** * the software package with which this file was provided.
  16:Generated_Source\PSoC5/Seat_ADC_PM.c **** *******************************************************************************/
  17:Generated_Source\PSoC5/Seat_ADC_PM.c **** 
  18:Generated_Source\PSoC5/Seat_ADC_PM.c **** #include "Seat_ADC.h"
  19:Generated_Source\PSoC5/Seat_ADC_PM.c **** #include "Seat_ADC_SAR.h"
  20:Generated_Source\PSoC5/Seat_ADC_PM.c **** #if(Seat_ADC_CLOCK_SOURCE == Seat_ADC_CLOCK_INTERNAL)
  21:Generated_Source\PSoC5/Seat_ADC_PM.c ****     #include "Seat_ADC_IntClock.h"
  22:Generated_Source\PSoC5/Seat_ADC_PM.c **** #endif   /* Seat_ADC_CLOCK_SOURCE == Seat_ADC_CLOCK_INTERNAL */
  23:Generated_Source\PSoC5/Seat_ADC_PM.c **** 
  24:Generated_Source\PSoC5/Seat_ADC_PM.c **** 
  25:Generated_Source\PSoC5/Seat_ADC_PM.c **** /*******************************************************************************
  26:Generated_Source\PSoC5/Seat_ADC_PM.c **** * Function Name: Seat_ADC_Sleep
  27:Generated_Source\PSoC5/Seat_ADC_PM.c **** ********************************************************************************
  28:Generated_Source\PSoC5/Seat_ADC_PM.c **** *
  29:Generated_Source\PSoC5/Seat_ADC_PM.c **** * Summary:
  30:Generated_Source\PSoC5/Seat_ADC_PM.c **** *  Stops the ADC operation and saves the configuration registers and component
ARM GAS  C:\Users\jebush2\AppData\Local\Temp\cc2jlym1.s 			page 2


  31:Generated_Source\PSoC5/Seat_ADC_PM.c **** *  enable state. Should be called just prior to entering sleep
  32:Generated_Source\PSoC5/Seat_ADC_PM.c **** *
  33:Generated_Source\PSoC5/Seat_ADC_PM.c **** * Parameters:
  34:Generated_Source\PSoC5/Seat_ADC_PM.c **** *  None.
  35:Generated_Source\PSoC5/Seat_ADC_PM.c **** *
  36:Generated_Source\PSoC5/Seat_ADC_PM.c **** * Return:
  37:Generated_Source\PSoC5/Seat_ADC_PM.c **** *  None.
  38:Generated_Source\PSoC5/Seat_ADC_PM.c **** *
  39:Generated_Source\PSoC5/Seat_ADC_PM.c **** * Side Effects:
  40:Generated_Source\PSoC5/Seat_ADC_PM.c **** *  None.
  41:Generated_Source\PSoC5/Seat_ADC_PM.c **** *
  42:Generated_Source\PSoC5/Seat_ADC_PM.c **** * Reentrant:
  43:Generated_Source\PSoC5/Seat_ADC_PM.c **** *  No.
  44:Generated_Source\PSoC5/Seat_ADC_PM.c **** *
  45:Generated_Source\PSoC5/Seat_ADC_PM.c **** *******************************************************************************/
  46:Generated_Source\PSoC5/Seat_ADC_PM.c **** void Seat_ADC_Sleep(void)
  47:Generated_Source\PSoC5/Seat_ADC_PM.c **** {
  28              		.loc 1 47 0
  29              		.cfi_startproc
  30              		@ args = 0, pretend = 0, frame = 0
  31              		@ frame_needed = 0, uses_anonymous_args = 0
  32 0000 08B5     		push	{r3, lr}
  33              		.cfi_def_cfa_offset 8
  34              		.cfi_offset 3, -8
  35              		.cfi_offset 14, -4
  48:Generated_Source\PSoC5/Seat_ADC_PM.c ****     Seat_ADC_SAR_Stop();
  36              		.loc 1 48 0
  37 0002 FFF7FEFF 		bl	Seat_ADC_SAR_Stop
  38              	.LVL0:
  49:Generated_Source\PSoC5/Seat_ADC_PM.c ****     Seat_ADC_SAR_Sleep();
  39              		.loc 1 49 0
  40 0006 FFF7FEFF 		bl	Seat_ADC_SAR_Sleep
  41              	.LVL1:
  50:Generated_Source\PSoC5/Seat_ADC_PM.c ****     Seat_ADC_Disable();
  42              		.loc 1 50 0
  43 000a FFF7FEFF 		bl	Seat_ADC_Disable
  44              	.LVL2:
  51:Generated_Source\PSoC5/Seat_ADC_PM.c **** 
  52:Generated_Source\PSoC5/Seat_ADC_PM.c ****     #if(Seat_ADC_CLOCK_SOURCE == Seat_ADC_CLOCK_INTERNAL)
  53:Generated_Source\PSoC5/Seat_ADC_PM.c ****         Seat_ADC_IntClock_Stop();
  54:Generated_Source\PSoC5/Seat_ADC_PM.c ****     #endif   /* Seat_ADC_CLOCK_SOURCE == Seat_ADC_CLOCK_INTERNAL */
  55:Generated_Source\PSoC5/Seat_ADC_PM.c **** }
  45              		.loc 1 55 0
  46 000e BDE80840 		pop	{r3, lr}
  47              		.cfi_restore 14
  48              		.cfi_restore 3
  49              		.cfi_def_cfa_offset 0
  53:Generated_Source\PSoC5/Seat_ADC_PM.c ****     #endif   /* Seat_ADC_CLOCK_SOURCE == Seat_ADC_CLOCK_INTERNAL */
  50              		.loc 1 53 0
  51 0012 FFF7FEBF 		b	Seat_ADC_IntClock_Stop
  52              	.LVL3:
  53              		.cfi_endproc
  54              	.LFE0:
  55              		.size	Seat_ADC_Sleep, .-Seat_ADC_Sleep
  56              		.section	.text.Seat_ADC_Wakeup,"ax",%progbits
  57              		.align	1
  58              		.global	Seat_ADC_Wakeup
ARM GAS  C:\Users\jebush2\AppData\Local\Temp\cc2jlym1.s 			page 3


  59              		.thumb
  60              		.thumb_func
  61              		.type	Seat_ADC_Wakeup, %function
  62              	Seat_ADC_Wakeup:
  63              	.LFB1:
  56:Generated_Source\PSoC5/Seat_ADC_PM.c **** 
  57:Generated_Source\PSoC5/Seat_ADC_PM.c **** 
  58:Generated_Source\PSoC5/Seat_ADC_PM.c **** /*******************************************************************************
  59:Generated_Source\PSoC5/Seat_ADC_PM.c **** * Function Name: Seat_ADC_Wakeup
  60:Generated_Source\PSoC5/Seat_ADC_PM.c **** ********************************************************************************
  61:Generated_Source\PSoC5/Seat_ADC_PM.c **** *
  62:Generated_Source\PSoC5/Seat_ADC_PM.c **** * Summary:
  63:Generated_Source\PSoC5/Seat_ADC_PM.c **** *  Restores the component enable state and configuration registers. This should
  64:Generated_Source\PSoC5/Seat_ADC_PM.c **** *  be called just after awaking from sleep mode
  65:Generated_Source\PSoC5/Seat_ADC_PM.c **** *
  66:Generated_Source\PSoC5/Seat_ADC_PM.c **** * Parameters:
  67:Generated_Source\PSoC5/Seat_ADC_PM.c **** *  None.
  68:Generated_Source\PSoC5/Seat_ADC_PM.c **** *
  69:Generated_Source\PSoC5/Seat_ADC_PM.c **** * Return:
  70:Generated_Source\PSoC5/Seat_ADC_PM.c **** *  None.
  71:Generated_Source\PSoC5/Seat_ADC_PM.c **** *
  72:Generated_Source\PSoC5/Seat_ADC_PM.c **** * Side Effects:
  73:Generated_Source\PSoC5/Seat_ADC_PM.c **** *  None.
  74:Generated_Source\PSoC5/Seat_ADC_PM.c **** *
  75:Generated_Source\PSoC5/Seat_ADC_PM.c **** * Reentrant:
  76:Generated_Source\PSoC5/Seat_ADC_PM.c **** *  No.
  77:Generated_Source\PSoC5/Seat_ADC_PM.c **** *
  78:Generated_Source\PSoC5/Seat_ADC_PM.c **** *******************************************************************************/
  79:Generated_Source\PSoC5/Seat_ADC_PM.c **** void Seat_ADC_Wakeup(void)
  80:Generated_Source\PSoC5/Seat_ADC_PM.c **** {
  64              		.loc 1 80 0
  65              		.cfi_startproc
  66              		@ args = 0, pretend = 0, frame = 0
  67              		@ frame_needed = 0, uses_anonymous_args = 0
  68 0000 08B5     		push	{r3, lr}
  69              		.cfi_def_cfa_offset 8
  70              		.cfi_offset 3, -8
  71              		.cfi_offset 14, -4
  81:Generated_Source\PSoC5/Seat_ADC_PM.c ****     Seat_ADC_SAR_Wakeup();
  72              		.loc 1 81 0
  73 0002 FFF7FEFF 		bl	Seat_ADC_SAR_Wakeup
  74              	.LVL4:
  82:Generated_Source\PSoC5/Seat_ADC_PM.c ****     Seat_ADC_SAR_Enable();
  75              		.loc 1 82 0
  76 0006 FFF7FEFF 		bl	Seat_ADC_SAR_Enable
  77              	.LVL5:
  83:Generated_Source\PSoC5/Seat_ADC_PM.c **** 
  84:Generated_Source\PSoC5/Seat_ADC_PM.c ****     #if(Seat_ADC_CLOCK_SOURCE == Seat_ADC_CLOCK_INTERNAL)
  85:Generated_Source\PSoC5/Seat_ADC_PM.c ****         Seat_ADC_IntClock_Start();
  78              		.loc 1 85 0
  79 000a FFF7FEFF 		bl	Seat_ADC_IntClock_Start
  80              	.LVL6:
  86:Generated_Source\PSoC5/Seat_ADC_PM.c ****     #endif   /* Seat_ADC_CLOCK_SOURCE == Seat_ADC_CLOCK_INTERNAL */
  87:Generated_Source\PSoC5/Seat_ADC_PM.c **** 
  88:Generated_Source\PSoC5/Seat_ADC_PM.c ****     /* The block is ready to use 10 us after the SAR enable signal is set high. */
  89:Generated_Source\PSoC5/Seat_ADC_PM.c ****     CyDelayUs(10u);
  81              		.loc 1 89 0
ARM GAS  C:\Users\jebush2\AppData\Local\Temp\cc2jlym1.s 			page 4


  82 000e 0A20     		movs	r0, #10
  83 0010 FFF7FEFF 		bl	CyDelayUs
  84              	.LVL7:
  90:Generated_Source\PSoC5/Seat_ADC_PM.c ****     
  91:Generated_Source\PSoC5/Seat_ADC_PM.c ****     Seat_ADC_Enable();
  85              		.loc 1 91 0
  86 0014 FFF7FEFF 		bl	Seat_ADC_Enable
  87              	.LVL8:
  92:Generated_Source\PSoC5/Seat_ADC_PM.c **** 
  93:Generated_Source\PSoC5/Seat_ADC_PM.c ****     #if(Seat_ADC_SAMPLE_MODE == Seat_ADC_SAMPLE_MODE_FREE_RUNNING)
  94:Generated_Source\PSoC5/Seat_ADC_PM.c ****         Seat_ADC_SAR_StartConvert();
  95:Generated_Source\PSoC5/Seat_ADC_PM.c ****     #endif /* (Seat_ADC_SAMPLE_MODE == Seat_ADC_SAMPLE_MODE_FREE_RUNNING) */
  96:Generated_Source\PSoC5/Seat_ADC_PM.c **** 
  97:Generated_Source\PSoC5/Seat_ADC_PM.c ****     (void) CY_GET_REG8(Seat_ADC_STATUS_PTR);
  88              		.loc 1 97 0
  89 0018 014B     		ldr	r3, .L3
  90 001a 1B78     		ldrb	r3, [r3]	@ zero_extendqisi2
  91 001c 08BD     		pop	{r3, pc}
  92              	.L4:
  93 001e 00BF     		.align	2
  94              	.L3:
  95 0020 67640040 		.word	1073767527
  96              		.cfi_endproc
  97              	.LFE1:
  98              		.size	Seat_ADC_Wakeup, .-Seat_ADC_Wakeup
  99              		.section	.text.Seat_ADC_SaveConfig,"ax",%progbits
 100              		.align	1
 101              		.global	Seat_ADC_SaveConfig
 102              		.thumb
 103              		.thumb_func
 104              		.type	Seat_ADC_SaveConfig, %function
 105              	Seat_ADC_SaveConfig:
 106              	.LFB5:
 107              		.cfi_startproc
 108              		@ args = 0, pretend = 0, frame = 0
 109              		@ frame_needed = 0, uses_anonymous_args = 0
 110              		@ link register save eliminated.
 111 0000 7047     		bx	lr
 112              		.cfi_endproc
 113              	.LFE5:
 114              		.size	Seat_ADC_SaveConfig, .-Seat_ADC_SaveConfig
 115              		.section	.text.Seat_ADC_RestoreConfig,"ax",%progbits
 116              		.align	1
 117              		.global	Seat_ADC_RestoreConfig
 118              		.thumb
 119              		.thumb_func
 120              		.type	Seat_ADC_RestoreConfig, %function
 121              	Seat_ADC_RestoreConfig:
 122              	.LFB3:
  98:Generated_Source\PSoC5/Seat_ADC_PM.c **** }
  99:Generated_Source\PSoC5/Seat_ADC_PM.c **** 
 100:Generated_Source\PSoC5/Seat_ADC_PM.c **** 
 101:Generated_Source\PSoC5/Seat_ADC_PM.c **** /*******************************************************************************
 102:Generated_Source\PSoC5/Seat_ADC_PM.c **** * Function Name: Seat_ADC_SaveConfig
 103:Generated_Source\PSoC5/Seat_ADC_PM.c **** ********************************************************************************
 104:Generated_Source\PSoC5/Seat_ADC_PM.c **** *
 105:Generated_Source\PSoC5/Seat_ADC_PM.c **** * Summary:
ARM GAS  C:\Users\jebush2\AppData\Local\Temp\cc2jlym1.s 			page 5


 106:Generated_Source\PSoC5/Seat_ADC_PM.c **** *  Save the current configuration of ADC non-retention registers
 107:Generated_Source\PSoC5/Seat_ADC_PM.c **** *
 108:Generated_Source\PSoC5/Seat_ADC_PM.c **** * Parameters:
 109:Generated_Source\PSoC5/Seat_ADC_PM.c **** *  None.
 110:Generated_Source\PSoC5/Seat_ADC_PM.c **** *
 111:Generated_Source\PSoC5/Seat_ADC_PM.c **** * Return:
 112:Generated_Source\PSoC5/Seat_ADC_PM.c **** *  None.
 113:Generated_Source\PSoC5/Seat_ADC_PM.c **** *
 114:Generated_Source\PSoC5/Seat_ADC_PM.c **** * Side Effects:
 115:Generated_Source\PSoC5/Seat_ADC_PM.c **** *  None.
 116:Generated_Source\PSoC5/Seat_ADC_PM.c **** *
 117:Generated_Source\PSoC5/Seat_ADC_PM.c **** * Reentrant:
 118:Generated_Source\PSoC5/Seat_ADC_PM.c **** *  No.
 119:Generated_Source\PSoC5/Seat_ADC_PM.c **** *
 120:Generated_Source\PSoC5/Seat_ADC_PM.c **** *******************************************************************************/
 121:Generated_Source\PSoC5/Seat_ADC_PM.c **** void Seat_ADC_SaveConfig(void)
 122:Generated_Source\PSoC5/Seat_ADC_PM.c **** {
 123:Generated_Source\PSoC5/Seat_ADC_PM.c **** 
 124:Generated_Source\PSoC5/Seat_ADC_PM.c **** }
 125:Generated_Source\PSoC5/Seat_ADC_PM.c **** 
 126:Generated_Source\PSoC5/Seat_ADC_PM.c **** 
 127:Generated_Source\PSoC5/Seat_ADC_PM.c **** /*******************************************************************************
 128:Generated_Source\PSoC5/Seat_ADC_PM.c **** * Function Name: Seat_ADC_RestoreConfig
 129:Generated_Source\PSoC5/Seat_ADC_PM.c **** ********************************************************************************
 130:Generated_Source\PSoC5/Seat_ADC_PM.c **** *
 131:Generated_Source\PSoC5/Seat_ADC_PM.c **** * Summary:
 132:Generated_Source\PSoC5/Seat_ADC_PM.c **** *  Restores the configuration of ADC non-retention registers
 133:Generated_Source\PSoC5/Seat_ADC_PM.c **** *
 134:Generated_Source\PSoC5/Seat_ADC_PM.c **** * Parameters:
 135:Generated_Source\PSoC5/Seat_ADC_PM.c **** *  None.
 136:Generated_Source\PSoC5/Seat_ADC_PM.c **** *
 137:Generated_Source\PSoC5/Seat_ADC_PM.c **** * Return:
 138:Generated_Source\PSoC5/Seat_ADC_PM.c **** *  None.
 139:Generated_Source\PSoC5/Seat_ADC_PM.c **** *
 140:Generated_Source\PSoC5/Seat_ADC_PM.c **** * Side Effects:
 141:Generated_Source\PSoC5/Seat_ADC_PM.c **** *  None.
 142:Generated_Source\PSoC5/Seat_ADC_PM.c **** *
 143:Generated_Source\PSoC5/Seat_ADC_PM.c **** * Reentrant:
 144:Generated_Source\PSoC5/Seat_ADC_PM.c **** *  No.
 145:Generated_Source\PSoC5/Seat_ADC_PM.c **** *
 146:Generated_Source\PSoC5/Seat_ADC_PM.c **** *******************************************************************************/
 147:Generated_Source\PSoC5/Seat_ADC_PM.c **** void Seat_ADC_RestoreConfig(void)
 148:Generated_Source\PSoC5/Seat_ADC_PM.c **** {
 123              		.loc 1 148 0
 124              		.cfi_startproc
 125              		@ args = 0, pretend = 0, frame = 0
 126              		@ frame_needed = 0, uses_anonymous_args = 0
 127              		@ link register save eliminated.
 128 0000 7047     		bx	lr
 129              		.cfi_endproc
 130              	.LFE3:
 131              		.size	Seat_ADC_RestoreConfig, .-Seat_ADC_RestoreConfig
 132              		.text
 133              	.Letext0:
 134              		.file 2 "Generated_Source\\PSoC5\\cytypes.h"
 135              		.file 3 "Generated_Source\\PSoC5\\Seat_ADC_SAR.h"
 136              		.file 4 "Generated_Source\\PSoC5\\Seat_ADC.h"
ARM GAS  C:\Users\jebush2\AppData\Local\Temp\cc2jlym1.s 			page 6


 137              		.file 5 "Generated_Source\\PSoC5\\Seat_ADC_IntClock.h"
 138              		.file 6 "Generated_Source\\PSoC5\\CyLib.h"
 139              		.section	.debug_info,"",%progbits
 140              	.Ldebug_info0:
 141 0000 A9010000 		.4byte	0x1a9
 142 0004 0400     		.2byte	0x4
 143 0006 00000000 		.4byte	.Ldebug_abbrev0
 144 000a 04       		.byte	0x4
 145 000b 01       		.uleb128 0x1
 146 000c 6F000000 		.4byte	.LASF27
 147 0010 0C       		.byte	0xc
 148 0011 17010000 		.4byte	.LASF28
 149 0015 AB010000 		.4byte	.LASF29
 150 0019 00000000 		.4byte	.Ldebug_ranges0+0
 151 001d 00000000 		.4byte	0
 152 0021 00000000 		.4byte	.Ldebug_line0
 153 0025 02       		.uleb128 0x2
 154 0026 01       		.byte	0x1
 155 0027 06       		.byte	0x6
 156 0028 50020000 		.4byte	.LASF0
 157 002c 02       		.uleb128 0x2
 158 002d 01       		.byte	0x1
 159 002e 08       		.byte	0x8
 160 002f 5C000000 		.4byte	.LASF1
 161 0033 02       		.uleb128 0x2
 162 0034 02       		.byte	0x2
 163 0035 05       		.byte	0x5
 164 0036 31020000 		.4byte	.LASF2
 165 003a 02       		.uleb128 0x2
 166 003b 02       		.byte	0x2
 167 003c 07       		.byte	0x7
 168 003d 21000000 		.4byte	.LASF3
 169 0041 02       		.uleb128 0x2
 170 0042 04       		.byte	0x4
 171 0043 05       		.byte	0x5
 172 0044 3B020000 		.4byte	.LASF4
 173 0048 02       		.uleb128 0x2
 174 0049 04       		.byte	0x4
 175 004a 07       		.byte	0x7
 176 004b 8C010000 		.4byte	.LASF5
 177 004f 02       		.uleb128 0x2
 178 0050 08       		.byte	0x8
 179 0051 05       		.byte	0x5
 180 0052 1E020000 		.4byte	.LASF6
 181 0056 02       		.uleb128 0x2
 182 0057 08       		.byte	0x8
 183 0058 07       		.byte	0x7
 184 0059 EC010000 		.4byte	.LASF7
 185 005d 03       		.uleb128 0x3
 186 005e 04       		.byte	0x4
 187 005f 05       		.byte	0x5
 188 0060 696E7400 		.ascii	"int\000"
 189 0064 02       		.uleb128 0x2
 190 0065 04       		.byte	0x4
 191 0066 07       		.byte	0x7
 192 0067 9E010000 		.4byte	.LASF8
 193 006b 04       		.uleb128 0x4
ARM GAS  C:\Users\jebush2\AppData\Local\Temp\cc2jlym1.s 			page 7


 194 006c FD000000 		.4byte	.LASF12
 195 0070 02       		.byte	0x2
 196 0071 E401     		.2byte	0x1e4
 197 0073 2C000000 		.4byte	0x2c
 198 0077 02       		.uleb128 0x2
 199 0078 04       		.byte	0x4
 200 0079 04       		.byte	0x4
 201 007a 56000000 		.4byte	.LASF9
 202 007e 02       		.uleb128 0x2
 203 007f 08       		.byte	0x8
 204 0080 04       		.byte	0x4
 205 0081 6B010000 		.4byte	.LASF10
 206 0085 02       		.uleb128 0x2
 207 0086 01       		.byte	0x1
 208 0087 08       		.byte	0x8
 209 0088 2C020000 		.4byte	.LASF11
 210 008c 04       		.uleb128 0x4
 211 008d 6A000000 		.4byte	.LASF13
 212 0091 02       		.byte	0x2
 213 0092 8E02     		.2byte	0x28e
 214 0094 98000000 		.4byte	0x98
 215 0098 05       		.uleb128 0x5
 216 0099 6B000000 		.4byte	0x6b
 217 009d 02       		.uleb128 0x2
 218 009e 08       		.byte	0x8
 219 009f 04       		.byte	0x4
 220 00a0 44020000 		.4byte	.LASF14
 221 00a4 02       		.uleb128 0x2
 222 00a5 04       		.byte	0x4
 223 00a6 07       		.byte	0x7
 224 00a7 15020000 		.4byte	.LASF15
 225 00ab 06       		.uleb128 0x6
 226 00ac 47000000 		.4byte	.LASF16
 227 00b0 01       		.byte	0x1
 228 00b1 2E       		.byte	0x2e
 229 00b2 00000000 		.4byte	.LFB0
 230 00b6 16000000 		.4byte	.LFE0-.LFB0
 231 00ba 01       		.uleb128 0x1
 232 00bb 9C       		.byte	0x9c
 233 00bc E5000000 		.4byte	0xe5
 234 00c0 07       		.uleb128 0x7
 235 00c1 06000000 		.4byte	.LVL0
 236 00c5 49010000 		.4byte	0x149
 237 00c9 07       		.uleb128 0x7
 238 00ca 0A000000 		.4byte	.LVL1
 239 00ce 54010000 		.4byte	0x154
 240 00d2 07       		.uleb128 0x7
 241 00d3 0E000000 		.4byte	.LVL2
 242 00d7 5F010000 		.4byte	0x15f
 243 00db 08       		.uleb128 0x8
 244 00dc 16000000 		.4byte	.LVL3
 245 00e0 6A010000 		.4byte	0x16a
 246 00e4 00       		.byte	0
 247 00e5 06       		.uleb128 0x6
 248 00e6 72010000 		.4byte	.LASF17
 249 00ea 01       		.byte	0x1
 250 00eb 4F       		.byte	0x4f
ARM GAS  C:\Users\jebush2\AppData\Local\Temp\cc2jlym1.s 			page 8


 251 00ec 00000000 		.4byte	.LFB1
 252 00f0 24000000 		.4byte	.LFE1-.LFB1
 253 00f4 01       		.uleb128 0x1
 254 00f5 9C       		.byte	0x9c
 255 00f6 32010000 		.4byte	0x132
 256 00fa 07       		.uleb128 0x7
 257 00fb 06000000 		.4byte	.LVL4
 258 00ff 75010000 		.4byte	0x175
 259 0103 07       		.uleb128 0x7
 260 0104 0A000000 		.4byte	.LVL5
 261 0108 80010000 		.4byte	0x180
 262 010c 07       		.uleb128 0x7
 263 010d 0E000000 		.4byte	.LVL6
 264 0111 8B010000 		.4byte	0x18b
 265 0115 09       		.uleb128 0x9
 266 0116 14000000 		.4byte	.LVL7
 267 011a 96010000 		.4byte	0x196
 268 011e 28010000 		.4byte	0x128
 269 0122 0A       		.uleb128 0xa
 270 0123 01       		.uleb128 0x1
 271 0124 50       		.byte	0x50
 272 0125 01       		.uleb128 0x1
 273 0126 3A       		.byte	0x3a
 274 0127 00       		.byte	0
 275 0128 07       		.uleb128 0x7
 276 0129 18000000 		.4byte	.LVL8
 277 012d A1010000 		.4byte	0x1a1
 278 0131 00       		.byte	0
 279 0132 0B       		.uleb128 0xb
 280 0133 54010000 		.4byte	.LASF30
 281 0137 01       		.byte	0x1
 282 0138 93       		.byte	0x93
 283 0139 01       		.byte	0x1
 284 013a 0C       		.uleb128 0xc
 285 013b 32010000 		.4byte	0x132
 286 013f 00000000 		.4byte	.LFB3
 287 0143 02000000 		.4byte	.LFE3-.LFB3
 288 0147 01       		.uleb128 0x1
 289 0148 9C       		.byte	0x9c
 290 0149 0D       		.uleb128 0xd
 291 014a 03020000 		.4byte	.LASF18
 292 014e 03020000 		.4byte	.LASF18
 293 0152 03       		.byte	0x3
 294 0153 35       		.byte	0x35
 295 0154 0D       		.uleb128 0xd
 296 0155 34000000 		.4byte	.LASF19
 297 0159 34000000 		.4byte	.LASF19
 298 015d 03       		.byte	0x3
 299 015e 48       		.byte	0x48
 300 015f 0D       		.uleb128 0xd
 301 0160 10000000 		.4byte	.LASF20
 302 0164 10000000 		.4byte	.LASF20
 303 0168 04       		.byte	0x4
 304 0169 30       		.byte	0x30
 305 016a 0D       		.uleb128 0xd
 306 016b 70020000 		.4byte	.LASF21
 307 016f 70020000 		.4byte	.LASF21
ARM GAS  C:\Users\jebush2\AppData\Local\Temp\cc2jlym1.s 			page 9


 308 0173 05       		.byte	0x5
 309 0174 28       		.byte	0x28
 310 0175 0D       		.uleb128 0xd
 311 0176 03010000 		.4byte	.LASF22
 312 017a 03010000 		.4byte	.LASF22
 313 017e 03       		.byte	0x3
 314 017f 49       		.byte	0x49
 315 0180 0D       		.uleb128 0xd
 316 0181 5C020000 		.4byte	.LASF23
 317 0185 5C020000 		.4byte	.LASF23
 318 0189 03       		.byte	0x3
 319 018a 44       		.byte	0x44
 320 018b 0D       		.uleb128 0xd
 321 018c 3C010000 		.4byte	.LASF24
 322 0190 3C010000 		.4byte	.LASF24
 323 0194 05       		.byte	0x5
 324 0195 27       		.byte	0x27
 325 0196 0D       		.uleb128 0xd
 326 0197 82010000 		.4byte	.LASF25
 327 019b 82010000 		.4byte	.LASF25
 328 019f 06       		.byte	0x6
 329 01a0 77       		.byte	0x77
 330 01a1 0D       		.uleb128 0xd
 331 01a2 00000000 		.4byte	.LASF26
 332 01a6 00000000 		.4byte	.LASF26
 333 01aa 04       		.byte	0x4
 334 01ab 2F       		.byte	0x2f
 335 01ac 00       		.byte	0
 336              		.section	.debug_abbrev,"",%progbits
 337              	.Ldebug_abbrev0:
 338 0000 01       		.uleb128 0x1
 339 0001 11       		.uleb128 0x11
 340 0002 01       		.byte	0x1
 341 0003 25       		.uleb128 0x25
 342 0004 0E       		.uleb128 0xe
 343 0005 13       		.uleb128 0x13
 344 0006 0B       		.uleb128 0xb
 345 0007 03       		.uleb128 0x3
 346 0008 0E       		.uleb128 0xe
 347 0009 1B       		.uleb128 0x1b
 348 000a 0E       		.uleb128 0xe
 349 000b 55       		.uleb128 0x55
 350 000c 17       		.uleb128 0x17
 351 000d 11       		.uleb128 0x11
 352 000e 01       		.uleb128 0x1
 353 000f 10       		.uleb128 0x10
 354 0010 17       		.uleb128 0x17
 355 0011 00       		.byte	0
 356 0012 00       		.byte	0
 357 0013 02       		.uleb128 0x2
 358 0014 24       		.uleb128 0x24
 359 0015 00       		.byte	0
 360 0016 0B       		.uleb128 0xb
 361 0017 0B       		.uleb128 0xb
 362 0018 3E       		.uleb128 0x3e
 363 0019 0B       		.uleb128 0xb
 364 001a 03       		.uleb128 0x3
ARM GAS  C:\Users\jebush2\AppData\Local\Temp\cc2jlym1.s 			page 10


 365 001b 0E       		.uleb128 0xe
 366 001c 00       		.byte	0
 367 001d 00       		.byte	0
 368 001e 03       		.uleb128 0x3
 369 001f 24       		.uleb128 0x24
 370 0020 00       		.byte	0
 371 0021 0B       		.uleb128 0xb
 372 0022 0B       		.uleb128 0xb
 373 0023 3E       		.uleb128 0x3e
 374 0024 0B       		.uleb128 0xb
 375 0025 03       		.uleb128 0x3
 376 0026 08       		.uleb128 0x8
 377 0027 00       		.byte	0
 378 0028 00       		.byte	0
 379 0029 04       		.uleb128 0x4
 380 002a 16       		.uleb128 0x16
 381 002b 00       		.byte	0
 382 002c 03       		.uleb128 0x3
 383 002d 0E       		.uleb128 0xe
 384 002e 3A       		.uleb128 0x3a
 385 002f 0B       		.uleb128 0xb
 386 0030 3B       		.uleb128 0x3b
 387 0031 05       		.uleb128 0x5
 388 0032 49       		.uleb128 0x49
 389 0033 13       		.uleb128 0x13
 390 0034 00       		.byte	0
 391 0035 00       		.byte	0
 392 0036 05       		.uleb128 0x5
 393 0037 35       		.uleb128 0x35
 394 0038 00       		.byte	0
 395 0039 49       		.uleb128 0x49
 396 003a 13       		.uleb128 0x13
 397 003b 00       		.byte	0
 398 003c 00       		.byte	0
 399 003d 06       		.uleb128 0x6
 400 003e 2E       		.uleb128 0x2e
 401 003f 01       		.byte	0x1
 402 0040 3F       		.uleb128 0x3f
 403 0041 19       		.uleb128 0x19
 404 0042 03       		.uleb128 0x3
 405 0043 0E       		.uleb128 0xe
 406 0044 3A       		.uleb128 0x3a
 407 0045 0B       		.uleb128 0xb
 408 0046 3B       		.uleb128 0x3b
 409 0047 0B       		.uleb128 0xb
 410 0048 27       		.uleb128 0x27
 411 0049 19       		.uleb128 0x19
 412 004a 11       		.uleb128 0x11
 413 004b 01       		.uleb128 0x1
 414 004c 12       		.uleb128 0x12
 415 004d 06       		.uleb128 0x6
 416 004e 40       		.uleb128 0x40
 417 004f 18       		.uleb128 0x18
 418 0050 9742     		.uleb128 0x2117
 419 0052 19       		.uleb128 0x19
 420 0053 01       		.uleb128 0x1
 421 0054 13       		.uleb128 0x13
ARM GAS  C:\Users\jebush2\AppData\Local\Temp\cc2jlym1.s 			page 11


 422 0055 00       		.byte	0
 423 0056 00       		.byte	0
 424 0057 07       		.uleb128 0x7
 425 0058 898201   		.uleb128 0x4109
 426 005b 00       		.byte	0
 427 005c 11       		.uleb128 0x11
 428 005d 01       		.uleb128 0x1
 429 005e 31       		.uleb128 0x31
 430 005f 13       		.uleb128 0x13
 431 0060 00       		.byte	0
 432 0061 00       		.byte	0
 433 0062 08       		.uleb128 0x8
 434 0063 898201   		.uleb128 0x4109
 435 0066 00       		.byte	0
 436 0067 11       		.uleb128 0x11
 437 0068 01       		.uleb128 0x1
 438 0069 9542     		.uleb128 0x2115
 439 006b 19       		.uleb128 0x19
 440 006c 31       		.uleb128 0x31
 441 006d 13       		.uleb128 0x13
 442 006e 00       		.byte	0
 443 006f 00       		.byte	0
 444 0070 09       		.uleb128 0x9
 445 0071 898201   		.uleb128 0x4109
 446 0074 01       		.byte	0x1
 447 0075 11       		.uleb128 0x11
 448 0076 01       		.uleb128 0x1
 449 0077 31       		.uleb128 0x31
 450 0078 13       		.uleb128 0x13
 451 0079 01       		.uleb128 0x1
 452 007a 13       		.uleb128 0x13
 453 007b 00       		.byte	0
 454 007c 00       		.byte	0
 455 007d 0A       		.uleb128 0xa
 456 007e 8A8201   		.uleb128 0x410a
 457 0081 00       		.byte	0
 458 0082 02       		.uleb128 0x2
 459 0083 18       		.uleb128 0x18
 460 0084 9142     		.uleb128 0x2111
 461 0086 18       		.uleb128 0x18
 462 0087 00       		.byte	0
 463 0088 00       		.byte	0
 464 0089 0B       		.uleb128 0xb
 465 008a 2E       		.uleb128 0x2e
 466 008b 00       		.byte	0
 467 008c 3F       		.uleb128 0x3f
 468 008d 19       		.uleb128 0x19
 469 008e 03       		.uleb128 0x3
 470 008f 0E       		.uleb128 0xe
 471 0090 3A       		.uleb128 0x3a
 472 0091 0B       		.uleb128 0xb
 473 0092 3B       		.uleb128 0x3b
 474 0093 0B       		.uleb128 0xb
 475 0094 27       		.uleb128 0x27
 476 0095 19       		.uleb128 0x19
 477 0096 20       		.uleb128 0x20
 478 0097 0B       		.uleb128 0xb
ARM GAS  C:\Users\jebush2\AppData\Local\Temp\cc2jlym1.s 			page 12


 479 0098 00       		.byte	0
 480 0099 00       		.byte	0
 481 009a 0C       		.uleb128 0xc
 482 009b 2E       		.uleb128 0x2e
 483 009c 00       		.byte	0
 484 009d 31       		.uleb128 0x31
 485 009e 13       		.uleb128 0x13
 486 009f 11       		.uleb128 0x11
 487 00a0 01       		.uleb128 0x1
 488 00a1 12       		.uleb128 0x12
 489 00a2 06       		.uleb128 0x6
 490 00a3 40       		.uleb128 0x40
 491 00a4 18       		.uleb128 0x18
 492 00a5 9742     		.uleb128 0x2117
 493 00a7 19       		.uleb128 0x19
 494 00a8 00       		.byte	0
 495 00a9 00       		.byte	0
 496 00aa 0D       		.uleb128 0xd
 497 00ab 2E       		.uleb128 0x2e
 498 00ac 00       		.byte	0
 499 00ad 3F       		.uleb128 0x3f
 500 00ae 19       		.uleb128 0x19
 501 00af 3C       		.uleb128 0x3c
 502 00b0 19       		.uleb128 0x19
 503 00b1 6E       		.uleb128 0x6e
 504 00b2 0E       		.uleb128 0xe
 505 00b3 03       		.uleb128 0x3
 506 00b4 0E       		.uleb128 0xe
 507 00b5 3A       		.uleb128 0x3a
 508 00b6 0B       		.uleb128 0xb
 509 00b7 3B       		.uleb128 0x3b
 510 00b8 0B       		.uleb128 0xb
 511 00b9 00       		.byte	0
 512 00ba 00       		.byte	0
 513 00bb 00       		.byte	0
 514              		.section	.debug_aranges,"",%progbits
 515 0000 2C000000 		.4byte	0x2c
 516 0004 0200     		.2byte	0x2
 517 0006 00000000 		.4byte	.Ldebug_info0
 518 000a 04       		.byte	0x4
 519 000b 00       		.byte	0
 520 000c 0000     		.2byte	0
 521 000e 0000     		.2byte	0
 522 0010 00000000 		.4byte	.LFB0
 523 0014 16000000 		.4byte	.LFE0-.LFB0
 524 0018 00000000 		.4byte	.LFB1
 525 001c 24000000 		.4byte	.LFE1-.LFB1
 526 0020 00000000 		.4byte	.LFB3
 527 0024 02000000 		.4byte	.LFE3-.LFB3
 528 0028 00000000 		.4byte	0
 529 002c 00000000 		.4byte	0
 530              		.section	.debug_ranges,"",%progbits
 531              	.Ldebug_ranges0:
 532 0000 00000000 		.4byte	.LFB0
 533 0004 16000000 		.4byte	.LFE0
 534 0008 00000000 		.4byte	.LFB1
 535 000c 24000000 		.4byte	.LFE1
ARM GAS  C:\Users\jebush2\AppData\Local\Temp\cc2jlym1.s 			page 13


 536 0010 00000000 		.4byte	.LFB3
 537 0014 02000000 		.4byte	.LFE3
 538 0018 00000000 		.4byte	0
 539 001c 00000000 		.4byte	0
 540              		.section	.debug_line,"",%progbits
 541              	.Ldebug_line0:
 542 0000 CA000000 		.section	.debug_str,"MS",%progbits,1
 542      02008A00 
 542      00000201 
 542      FB0E0D00 
 542      01010101 
 543              	.LASF26:
 544 0000 53656174 		.ascii	"Seat_ADC_Enable\000"
 544      5F414443 
 544      5F456E61 
 544      626C6500 
 545              	.LASF20:
 546 0010 53656174 		.ascii	"Seat_ADC_Disable\000"
 546      5F414443 
 546      5F446973 
 546      61626C65 
 546      00
 547              	.LASF3:
 548 0021 73686F72 		.ascii	"short unsigned int\000"
 548      7420756E 
 548      7369676E 
 548      65642069 
 548      6E7400
 549              	.LASF19:
 550 0034 53656174 		.ascii	"Seat_ADC_SAR_Sleep\000"
 550      5F414443 
 550      5F534152 
 550      5F536C65 
 550      657000
 551              	.LASF16:
 552 0047 53656174 		.ascii	"Seat_ADC_Sleep\000"
 552      5F414443 
 552      5F536C65 
 552      657000
 553              	.LASF9:
 554 0056 666C6F61 		.ascii	"float\000"
 554      7400
 555              	.LASF1:
 556 005c 756E7369 		.ascii	"unsigned char\000"
 556      676E6564 
 556      20636861 
 556      7200
 557              	.LASF13:
 558 006a 72656738 		.ascii	"reg8\000"
 558      00
 559              	.LASF27:
 560 006f 474E5520 		.ascii	"GNU C11 5.4.1 20160609 (release) [ARM/embedded-5-br"
 560      43313120 
 560      352E342E 
 560      31203230 
 560      31363036 
 561 00a2 616E6368 		.ascii	"anch revision 237715] -mcpu=cortex-m3 -mthumb -g -O"
ARM GAS  C:\Users\jebush2\AppData\Local\Temp\cc2jlym1.s 			page 14


 561      20726576 
 561      6973696F 
 561      6E203233 
 561      37373135 
 562 00d5 73202D66 		.ascii	"s -ffunction-sections -ffat-lto-objects\000"
 562      66756E63 
 562      74696F6E 
 562      2D736563 
 562      74696F6E 
 563              	.LASF12:
 564 00fd 75696E74 		.ascii	"uint8\000"
 564      3800
 565              	.LASF22:
 566 0103 53656174 		.ascii	"Seat_ADC_SAR_Wakeup\000"
 566      5F414443 
 566      5F534152 
 566      5F57616B 
 566      65757000 
 567              	.LASF28:
 568 0117 47656E65 		.ascii	"Generated_Source\\PSoC5\\Seat_ADC_PM.c\000"
 568      72617465 
 568      645F536F 
 568      75726365 
 568      5C50536F 
 569              	.LASF24:
 570 013c 53656174 		.ascii	"Seat_ADC_IntClock_Start\000"
 570      5F414443 
 570      5F496E74 
 570      436C6F63 
 570      6B5F5374 
 571              	.LASF30:
 572 0154 53656174 		.ascii	"Seat_ADC_RestoreConfig\000"
 572      5F414443 
 572      5F526573 
 572      746F7265 
 572      436F6E66 
 573              	.LASF10:
 574 016b 646F7562 		.ascii	"double\000"
 574      6C6500
 575              	.LASF17:
 576 0172 53656174 		.ascii	"Seat_ADC_Wakeup\000"
 576      5F414443 
 576      5F57616B 
 576      65757000 
 577              	.LASF25:
 578 0182 43794465 		.ascii	"CyDelayUs\000"
 578      6C617955 
 578      7300
 579              	.LASF5:
 580 018c 6C6F6E67 		.ascii	"long unsigned int\000"
 580      20756E73 
 580      69676E65 
 580      6420696E 
 580      7400
 581              	.LASF8:
 582 019e 756E7369 		.ascii	"unsigned int\000"
 582      676E6564 
ARM GAS  C:\Users\jebush2\AppData\Local\Temp\cc2jlym1.s 			page 15


 582      20696E74 
 582      00
 583              	.LASF29:
 584 01ab 433A5C55 		.ascii	"C:\\Users\\jebush2\\Desktop\\PSoC 3-19-2019\\PSoC P"
 584      73657273 
 584      5C6A6562 
 584      75736832 
 584      5C446573 
 585 01d9 726F6A65 		.ascii	"rojects\\Seat.cydsn\000"
 585      6374735C 
 585      53656174 
 585      2E637964 
 585      736E00
 586              	.LASF7:
 587 01ec 6C6F6E67 		.ascii	"long long unsigned int\000"
 587      206C6F6E 
 587      6720756E 
 587      7369676E 
 587      65642069 
 588              	.LASF18:
 589 0203 53656174 		.ascii	"Seat_ADC_SAR_Stop\000"
 589      5F414443 
 589      5F534152 
 589      5F53746F 
 589      7000
 590              	.LASF15:
 591 0215 73697A65 		.ascii	"sizetype\000"
 591      74797065 
 591      00
 592              	.LASF6:
 593 021e 6C6F6E67 		.ascii	"long long int\000"
 593      206C6F6E 
 593      6720696E 
 593      7400
 594              	.LASF11:
 595 022c 63686172 		.ascii	"char\000"
 595      00
 596              	.LASF2:
 597 0231 73686F72 		.ascii	"short int\000"
 597      7420696E 
 597      7400
 598              	.LASF4:
 599 023b 6C6F6E67 		.ascii	"long int\000"
 599      20696E74 
 599      00
 600              	.LASF14:
 601 0244 6C6F6E67 		.ascii	"long double\000"
 601      20646F75 
 601      626C6500 
 602              	.LASF0:
 603 0250 7369676E 		.ascii	"signed char\000"
 603      65642063 
 603      68617200 
 604              	.LASF23:
 605 025c 53656174 		.ascii	"Seat_ADC_SAR_Enable\000"
 605      5F414443 
 605      5F534152 
ARM GAS  C:\Users\jebush2\AppData\Local\Temp\cc2jlym1.s 			page 16


 605      5F456E61 
 605      626C6500 
 606              	.LASF21:
 607 0270 53656174 		.ascii	"Seat_ADC_IntClock_Stop\000"
 607      5F414443 
 607      5F496E74 
 607      436C6F63 
 607      6B5F5374 
 608              		.ident	"GCC: (GNU Tools for ARM Embedded Processors) 5.4.1 20160609 (release) [ARM/embedded-5-bran
