ARM GAS  C:\Users\jon\AppData\Local\Temp\cc87CsGW.s 			page 1


   1              		.syntax unified
   2              		.cpu cortex-m3
   3              		.fpu softvfp
   4              		.eabi_attribute 20, 1
   5              		.eabi_attribute 21, 1
   6              		.eabi_attribute 23, 3
   7              		.eabi_attribute 24, 1
   8              		.eabi_attribute 25, 1
   9              		.eabi_attribute 26, 1
  10              		.eabi_attribute 30, 4
  11              		.eabi_attribute 34, 1
  12              		.eabi_attribute 18, 4
  13              		.thumb
  14              		.syntax unified
  15              		.file	"Handle_Encoder.c"
  16              		.text
  17              	.Ltext0:
  18              		.cfi_sections	.debug_frame
  19              		.section	.text.Handle_Encoder_Init,"ax",%progbits
  20              		.align	1
  21              		.global	Handle_Encoder_Init
  22              		.thumb
  23              		.thumb_func
  24              		.type	Handle_Encoder_Init, %function
  25              	Handle_Encoder_Init:
  26              	.LFB0:
  27              		.file 1 "Generated_Source\\PSoC5\\Handle_Encoder.c"
   1:Generated_Source\PSoC5/Handle_Encoder.c **** /*******************************************************************************
   2:Generated_Source\PSoC5/Handle_Encoder.c **** * File Name: Handle_Encoder.c  
   3:Generated_Source\PSoC5/Handle_Encoder.c **** * Version 3.0
   4:Generated_Source\PSoC5/Handle_Encoder.c **** *
   5:Generated_Source\PSoC5/Handle_Encoder.c **** * Description:
   6:Generated_Source\PSoC5/Handle_Encoder.c **** *  This file provides the source code to the API for the Quadrature Decoder
   7:Generated_Source\PSoC5/Handle_Encoder.c **** *  component.
   8:Generated_Source\PSoC5/Handle_Encoder.c **** *
   9:Generated_Source\PSoC5/Handle_Encoder.c **** * Note:
  10:Generated_Source\PSoC5/Handle_Encoder.c **** *  None.
  11:Generated_Source\PSoC5/Handle_Encoder.c **** *   
  12:Generated_Source\PSoC5/Handle_Encoder.c **** ********************************************************************************
  13:Generated_Source\PSoC5/Handle_Encoder.c **** * Copyright 2008-2014, Cypress Semiconductor Corporation.  All rights reserved.
  14:Generated_Source\PSoC5/Handle_Encoder.c **** * You may use this file only in accordance with the license, terms, conditions, 
  15:Generated_Source\PSoC5/Handle_Encoder.c **** * disclaimers, and limitations in the end user license agreement accompanying 
  16:Generated_Source\PSoC5/Handle_Encoder.c **** * the software package with which this file was provided.
  17:Generated_Source\PSoC5/Handle_Encoder.c **** *******************************************************************************/
  18:Generated_Source\PSoC5/Handle_Encoder.c **** 
  19:Generated_Source\PSoC5/Handle_Encoder.c **** #include "Handle_Encoder.h"
  20:Generated_Source\PSoC5/Handle_Encoder.c **** 
  21:Generated_Source\PSoC5/Handle_Encoder.c **** #if (Handle_Encoder_COUNTER_SIZE == Handle_Encoder_COUNTER_SIZE_32_BIT)
  22:Generated_Source\PSoC5/Handle_Encoder.c ****     #include "Handle_Encoder_PVT.h"
  23:Generated_Source\PSoC5/Handle_Encoder.c **** #endif /* Handle_Encoder_COUNTER_SIZE == Handle_Encoder_COUNTER_SIZE_32_BIT */
  24:Generated_Source\PSoC5/Handle_Encoder.c **** 
  25:Generated_Source\PSoC5/Handle_Encoder.c **** uint8 Handle_Encoder_initVar = 0u;
  26:Generated_Source\PSoC5/Handle_Encoder.c **** 
  27:Generated_Source\PSoC5/Handle_Encoder.c **** 
  28:Generated_Source\PSoC5/Handle_Encoder.c **** /*******************************************************************************
  29:Generated_Source\PSoC5/Handle_Encoder.c **** * Function Name: Handle_Encoder_Init
  30:Generated_Source\PSoC5/Handle_Encoder.c **** ********************************************************************************
ARM GAS  C:\Users\jon\AppData\Local\Temp\cc87CsGW.s 			page 2


  31:Generated_Source\PSoC5/Handle_Encoder.c **** *
  32:Generated_Source\PSoC5/Handle_Encoder.c **** * Summary:
  33:Generated_Source\PSoC5/Handle_Encoder.c **** *  Inits/Restores default QuadDec configuration provided with customizer.
  34:Generated_Source\PSoC5/Handle_Encoder.c **** *
  35:Generated_Source\PSoC5/Handle_Encoder.c **** * Parameters:
  36:Generated_Source\PSoC5/Handle_Encoder.c **** *  None.
  37:Generated_Source\PSoC5/Handle_Encoder.c **** *
  38:Generated_Source\PSoC5/Handle_Encoder.c **** * Return:
  39:Generated_Source\PSoC5/Handle_Encoder.c **** *  None.
  40:Generated_Source\PSoC5/Handle_Encoder.c **** *
  41:Generated_Source\PSoC5/Handle_Encoder.c **** *******************************************************************************/
  42:Generated_Source\PSoC5/Handle_Encoder.c **** void Handle_Encoder_Init(void) 
  43:Generated_Source\PSoC5/Handle_Encoder.c **** {
  28              		.loc 1 43 0
  29              		.cfi_startproc
  30              		@ args = 0, pretend = 0, frame = 0
  31              		@ frame_needed = 0, uses_anonymous_args = 0
  32              		@ link register save eliminated.
  33 0000 7047     		bx	lr
  34              		.cfi_endproc
  35              	.LFE0:
  36              		.size	Handle_Encoder_Init, .-Handle_Encoder_Init
  37              		.section	.text.Handle_Encoder_Stop,"ax",%progbits
  38              		.align	1
  39              		.global	Handle_Encoder_Stop
  40              		.thumb
  41              		.thumb_func
  42              		.type	Handle_Encoder_Stop, %function
  43              	Handle_Encoder_Stop:
  44              	.LFB3:
  44:Generated_Source\PSoC5/Handle_Encoder.c ****     #if (Handle_Encoder_COUNTER_SIZE == Handle_Encoder_COUNTER_SIZE_32_BIT)
  45:Generated_Source\PSoC5/Handle_Encoder.c ****         /* Disable Interrupt. */
  46:Generated_Source\PSoC5/Handle_Encoder.c ****         CyIntDisable(Handle_Encoder_ISR_NUMBER);
  47:Generated_Source\PSoC5/Handle_Encoder.c ****         /* Set the ISR to point to the Handle_Encoder_isr Interrupt. */
  48:Generated_Source\PSoC5/Handle_Encoder.c ****         (void) CyIntSetVector(Handle_Encoder_ISR_NUMBER, & Handle_Encoder_ISR);
  49:Generated_Source\PSoC5/Handle_Encoder.c ****         /* Set the priority. */
  50:Generated_Source\PSoC5/Handle_Encoder.c ****         CyIntSetPriority(Handle_Encoder_ISR_NUMBER, Handle_Encoder_ISR_PRIORITY);
  51:Generated_Source\PSoC5/Handle_Encoder.c ****     #endif /* Handle_Encoder_COUNTER_SIZE == Handle_Encoder_COUNTER_SIZE_32_BIT */
  52:Generated_Source\PSoC5/Handle_Encoder.c **** }
  53:Generated_Source\PSoC5/Handle_Encoder.c **** 
  54:Generated_Source\PSoC5/Handle_Encoder.c **** 
  55:Generated_Source\PSoC5/Handle_Encoder.c **** /*******************************************************************************
  56:Generated_Source\PSoC5/Handle_Encoder.c **** * Function Name: Handle_Encoder_Enable
  57:Generated_Source\PSoC5/Handle_Encoder.c **** ********************************************************************************
  58:Generated_Source\PSoC5/Handle_Encoder.c **** *
  59:Generated_Source\PSoC5/Handle_Encoder.c **** * Summary:
  60:Generated_Source\PSoC5/Handle_Encoder.c **** *  This function enable interrupts from Component and also enable Component's
  61:Generated_Source\PSoC5/Handle_Encoder.c **** *  ISR in case of 32-bit counter.
  62:Generated_Source\PSoC5/Handle_Encoder.c **** *
  63:Generated_Source\PSoC5/Handle_Encoder.c **** * Parameters:
  64:Generated_Source\PSoC5/Handle_Encoder.c **** *  None.
  65:Generated_Source\PSoC5/Handle_Encoder.c **** *
  66:Generated_Source\PSoC5/Handle_Encoder.c **** * Return:
  67:Generated_Source\PSoC5/Handle_Encoder.c **** *  None.
  68:Generated_Source\PSoC5/Handle_Encoder.c **** *
  69:Generated_Source\PSoC5/Handle_Encoder.c **** *******************************************************************************/
  70:Generated_Source\PSoC5/Handle_Encoder.c **** void Handle_Encoder_Enable(void) 
ARM GAS  C:\Users\jon\AppData\Local\Temp\cc87CsGW.s 			page 3


  71:Generated_Source\PSoC5/Handle_Encoder.c **** {
  72:Generated_Source\PSoC5/Handle_Encoder.c ****     uint8 enableInterrupts;
  73:Generated_Source\PSoC5/Handle_Encoder.c **** 
  74:Generated_Source\PSoC5/Handle_Encoder.c ****     Handle_Encoder_SetInterruptMask(Handle_Encoder_INIT_INT_MASK);
  75:Generated_Source\PSoC5/Handle_Encoder.c **** 
  76:Generated_Source\PSoC5/Handle_Encoder.c ****     /* Clear pending interrupts. */
  77:Generated_Source\PSoC5/Handle_Encoder.c ****     (void) Handle_Encoder_GetEvents();
  78:Generated_Source\PSoC5/Handle_Encoder.c ****     
  79:Generated_Source\PSoC5/Handle_Encoder.c ****     enableInterrupts = CyEnterCriticalSection();
  80:Generated_Source\PSoC5/Handle_Encoder.c **** 
  81:Generated_Source\PSoC5/Handle_Encoder.c ****     /* Enable interrupts from Statusi register */
  82:Generated_Source\PSoC5/Handle_Encoder.c ****     Handle_Encoder_SR_AUX_CONTROL |= Handle_Encoder_INTERRUPTS_ENABLE;
  83:Generated_Source\PSoC5/Handle_Encoder.c **** 
  84:Generated_Source\PSoC5/Handle_Encoder.c ****     CyExitCriticalSection(enableInterrupts);        
  85:Generated_Source\PSoC5/Handle_Encoder.c **** 
  86:Generated_Source\PSoC5/Handle_Encoder.c ****     #if (Handle_Encoder_COUNTER_SIZE == Handle_Encoder_COUNTER_SIZE_32_BIT)
  87:Generated_Source\PSoC5/Handle_Encoder.c ****         /* Enable Component interrupts */
  88:Generated_Source\PSoC5/Handle_Encoder.c ****         CyIntEnable(Handle_Encoder_ISR_NUMBER);
  89:Generated_Source\PSoC5/Handle_Encoder.c ****     #endif /* Handle_Encoder_COUNTER_SIZE == Handle_Encoder_COUNTER_SIZE_32_BIT */
  90:Generated_Source\PSoC5/Handle_Encoder.c **** }
  91:Generated_Source\PSoC5/Handle_Encoder.c **** 
  92:Generated_Source\PSoC5/Handle_Encoder.c **** 
  93:Generated_Source\PSoC5/Handle_Encoder.c **** /*******************************************************************************
  94:Generated_Source\PSoC5/Handle_Encoder.c **** * Function Name: Handle_Encoder_Start
  95:Generated_Source\PSoC5/Handle_Encoder.c **** ********************************************************************************
  96:Generated_Source\PSoC5/Handle_Encoder.c **** *
  97:Generated_Source\PSoC5/Handle_Encoder.c **** * Summary:
  98:Generated_Source\PSoC5/Handle_Encoder.c **** *  Initializes UDBs and other relevant hardware.
  99:Generated_Source\PSoC5/Handle_Encoder.c **** *  Resets counter, enables or disables all relevant interrupts.
 100:Generated_Source\PSoC5/Handle_Encoder.c **** *  Starts monitoring the inputs and counting.
 101:Generated_Source\PSoC5/Handle_Encoder.c **** *
 102:Generated_Source\PSoC5/Handle_Encoder.c **** * Parameters:
 103:Generated_Source\PSoC5/Handle_Encoder.c **** *  None.
 104:Generated_Source\PSoC5/Handle_Encoder.c **** *
 105:Generated_Source\PSoC5/Handle_Encoder.c **** * Return:
 106:Generated_Source\PSoC5/Handle_Encoder.c **** *  None.
 107:Generated_Source\PSoC5/Handle_Encoder.c **** *
 108:Generated_Source\PSoC5/Handle_Encoder.c **** * Global variables:
 109:Generated_Source\PSoC5/Handle_Encoder.c **** *  Handle_Encoder_initVar - used to check initial configuration, modified on
 110:Generated_Source\PSoC5/Handle_Encoder.c **** *  first function call.
 111:Generated_Source\PSoC5/Handle_Encoder.c **** *
 112:Generated_Source\PSoC5/Handle_Encoder.c **** * Reentrant:
 113:Generated_Source\PSoC5/Handle_Encoder.c **** *  No.
 114:Generated_Source\PSoC5/Handle_Encoder.c **** *
 115:Generated_Source\PSoC5/Handle_Encoder.c **** *******************************************************************************/
 116:Generated_Source\PSoC5/Handle_Encoder.c **** void Handle_Encoder_Start(void) 
 117:Generated_Source\PSoC5/Handle_Encoder.c **** {
 118:Generated_Source\PSoC5/Handle_Encoder.c ****     #if (Handle_Encoder_COUNTER_SIZE == Handle_Encoder_COUNTER_SIZE_8_BIT)
 119:Generated_Source\PSoC5/Handle_Encoder.c ****         Handle_Encoder_Cnt8_Start();
 120:Generated_Source\PSoC5/Handle_Encoder.c ****         Handle_Encoder_Cnt8_WriteCounter(Handle_Encoder_COUNTER_INIT_VALUE);
 121:Generated_Source\PSoC5/Handle_Encoder.c ****     #else
 122:Generated_Source\PSoC5/Handle_Encoder.c ****         /* (Handle_Encoder_COUNTER_SIZE == Handle_Encoder_COUNTER_SIZE_16_BIT) || 
 123:Generated_Source\PSoC5/Handle_Encoder.c ****         *  (Handle_Encoder_COUNTER_SIZE == Handle_Encoder_COUNTER_SIZE_32_BIT) 
 124:Generated_Source\PSoC5/Handle_Encoder.c ****         */
 125:Generated_Source\PSoC5/Handle_Encoder.c ****         Handle_Encoder_Cnt16_Start();
 126:Generated_Source\PSoC5/Handle_Encoder.c ****         Handle_Encoder_Cnt16_WriteCounter(Handle_Encoder_COUNTER_INIT_VALUE);
 127:Generated_Source\PSoC5/Handle_Encoder.c ****     #endif /* Handle_Encoder_COUNTER_SIZE == Handle_Encoder_COUNTER_SIZE_8_BIT */
ARM GAS  C:\Users\jon\AppData\Local\Temp\cc87CsGW.s 			page 4


 128:Generated_Source\PSoC5/Handle_Encoder.c ****     
 129:Generated_Source\PSoC5/Handle_Encoder.c ****     #if (Handle_Encoder_COUNTER_SIZE == Handle_Encoder_COUNTER_SIZE_32_BIT)        
 130:Generated_Source\PSoC5/Handle_Encoder.c ****        Handle_Encoder_count32SoftPart = 0;
 131:Generated_Source\PSoC5/Handle_Encoder.c ****     #endif /* Handle_Encoder_COUNTER_SIZE == Handle_Encoder_COUNTER_SIZE_32_BIT */
 132:Generated_Source\PSoC5/Handle_Encoder.c **** 
 133:Generated_Source\PSoC5/Handle_Encoder.c ****     if (Handle_Encoder_initVar == 0u)
 134:Generated_Source\PSoC5/Handle_Encoder.c ****     {
 135:Generated_Source\PSoC5/Handle_Encoder.c ****         Handle_Encoder_Init();
 136:Generated_Source\PSoC5/Handle_Encoder.c ****         Handle_Encoder_initVar = 1u;
 137:Generated_Source\PSoC5/Handle_Encoder.c ****     }
 138:Generated_Source\PSoC5/Handle_Encoder.c **** 
 139:Generated_Source\PSoC5/Handle_Encoder.c ****     Handle_Encoder_Enable();
 140:Generated_Source\PSoC5/Handle_Encoder.c **** }
 141:Generated_Source\PSoC5/Handle_Encoder.c **** 
 142:Generated_Source\PSoC5/Handle_Encoder.c **** 
 143:Generated_Source\PSoC5/Handle_Encoder.c **** /*******************************************************************************
 144:Generated_Source\PSoC5/Handle_Encoder.c **** * Function Name: Handle_Encoder_Stop
 145:Generated_Source\PSoC5/Handle_Encoder.c **** ********************************************************************************
 146:Generated_Source\PSoC5/Handle_Encoder.c **** *
 147:Generated_Source\PSoC5/Handle_Encoder.c **** * Summary:
 148:Generated_Source\PSoC5/Handle_Encoder.c **** *  Turns off UDBs and other relevant hardware.
 149:Generated_Source\PSoC5/Handle_Encoder.c **** *
 150:Generated_Source\PSoC5/Handle_Encoder.c **** * Parameters:
 151:Generated_Source\PSoC5/Handle_Encoder.c **** *  None.
 152:Generated_Source\PSoC5/Handle_Encoder.c **** *
 153:Generated_Source\PSoC5/Handle_Encoder.c **** * Return:
 154:Generated_Source\PSoC5/Handle_Encoder.c **** *  None.
 155:Generated_Source\PSoC5/Handle_Encoder.c **** *
 156:Generated_Source\PSoC5/Handle_Encoder.c **** *******************************************************************************/
 157:Generated_Source\PSoC5/Handle_Encoder.c **** void Handle_Encoder_Stop(void) 
 158:Generated_Source\PSoC5/Handle_Encoder.c **** {
  45              		.loc 1 158 0
  46              		.cfi_startproc
  47              		@ args = 0, pretend = 0, frame = 0
  48              		@ frame_needed = 0, uses_anonymous_args = 0
  49              		.loc 1 158 0
  50 0000 08B5     		push	{r3, lr}
  51              		.cfi_def_cfa_offset 8
  52              		.cfi_offset 3, -8
  53              		.cfi_offset 14, -4
 159:Generated_Source\PSoC5/Handle_Encoder.c ****     uint8 enableInterrupts;
 160:Generated_Source\PSoC5/Handle_Encoder.c **** 
 161:Generated_Source\PSoC5/Handle_Encoder.c ****     #if (Handle_Encoder_COUNTER_SIZE == Handle_Encoder_COUNTER_SIZE_8_BIT)
 162:Generated_Source\PSoC5/Handle_Encoder.c ****         Handle_Encoder_Cnt8_Stop();
 163:Generated_Source\PSoC5/Handle_Encoder.c ****     #else 
 164:Generated_Source\PSoC5/Handle_Encoder.c ****         /* (Handle_Encoder_COUNTER_SIZE == Handle_Encoder_COUNTER_SIZE_16_BIT) ||
 165:Generated_Source\PSoC5/Handle_Encoder.c ****         *  (Handle_Encoder_COUNTER_SIZE == Handle_Encoder_COUNTER_SIZE_32_BIT)
 166:Generated_Source\PSoC5/Handle_Encoder.c ****         */
 167:Generated_Source\PSoC5/Handle_Encoder.c ****         Handle_Encoder_Cnt16_Stop();    /* counter disable */
  54              		.loc 1 167 0
  55 0002 FFF7FEFF 		bl	Handle_Encoder_Cnt16_Stop
  56              	.LVL0:
 168:Generated_Source\PSoC5/Handle_Encoder.c ****     #endif /* (Handle_Encoder_COUNTER_SIZE == Handle_Encoder_COUNTER_SIZE_8_BIT) */
 169:Generated_Source\PSoC5/Handle_Encoder.c ****  
 170:Generated_Source\PSoC5/Handle_Encoder.c ****     enableInterrupts = CyEnterCriticalSection();
  57              		.loc 1 170 0
  58 0006 FFF7FEFF 		bl	CyEnterCriticalSection
ARM GAS  C:\Users\jon\AppData\Local\Temp\cc87CsGW.s 			page 5


  59              	.LVL1:
 171:Generated_Source\PSoC5/Handle_Encoder.c **** 
 172:Generated_Source\PSoC5/Handle_Encoder.c ****     /* Disable interrupts interrupts from Statusi register */
 173:Generated_Source\PSoC5/Handle_Encoder.c ****     Handle_Encoder_SR_AUX_CONTROL &= (uint8) (~Handle_Encoder_INTERRUPTS_ENABLE);
  60              		.loc 1 173 0
  61 000a 044A     		ldr	r2, .L3
  62 000c 1378     		ldrb	r3, [r2]	@ zero_extendqisi2
  63 000e 03F0EF03 		and	r3, r3, #239
  64 0012 1370     		strb	r3, [r2]
 174:Generated_Source\PSoC5/Handle_Encoder.c **** 
 175:Generated_Source\PSoC5/Handle_Encoder.c ****     CyExitCriticalSection(enableInterrupts);
 176:Generated_Source\PSoC5/Handle_Encoder.c **** 
 177:Generated_Source\PSoC5/Handle_Encoder.c ****     #if (Handle_Encoder_COUNTER_SIZE == Handle_Encoder_COUNTER_SIZE_32_BIT)
 178:Generated_Source\PSoC5/Handle_Encoder.c ****         CyIntDisable(Handle_Encoder_ISR_NUMBER);    /* interrupt disable */
 179:Generated_Source\PSoC5/Handle_Encoder.c ****     #endif /* Handle_Encoder_COUNTER_SIZE == Handle_Encoder_COUNTER_SIZE_32_BIT */
 180:Generated_Source\PSoC5/Handle_Encoder.c **** }
  65              		.loc 1 180 0
  66 0014 BDE80840 		pop	{r3, lr}
  67              		.cfi_restore 14
  68              		.cfi_restore 3
  69              		.cfi_def_cfa_offset 0
 175:Generated_Source\PSoC5/Handle_Encoder.c **** 
  70              		.loc 1 175 0
  71 0018 FFF7FEBF 		b	CyExitCriticalSection
  72              	.LVL2:
  73              	.L4:
  74              		.align	2
  75              	.L3:
  76 001c 94640040 		.word	1073767572
  77              		.cfi_endproc
  78              	.LFE3:
  79              		.size	Handle_Encoder_Stop, .-Handle_Encoder_Stop
  80              		.section	.text.Handle_Encoder_GetCounter,"ax",%progbits
  81              		.align	1
  82              		.global	Handle_Encoder_GetCounter
  83              		.thumb
  84              		.thumb_func
  85              		.type	Handle_Encoder_GetCounter, %function
  86              	Handle_Encoder_GetCounter:
  87              	.LFB4:
 181:Generated_Source\PSoC5/Handle_Encoder.c **** 
 182:Generated_Source\PSoC5/Handle_Encoder.c **** 
 183:Generated_Source\PSoC5/Handle_Encoder.c **** /*******************************************************************************
 184:Generated_Source\PSoC5/Handle_Encoder.c **** * Function Name: Handle_Encoder_GetCounter
 185:Generated_Source\PSoC5/Handle_Encoder.c **** ********************************************************************************
 186:Generated_Source\PSoC5/Handle_Encoder.c **** *
 187:Generated_Source\PSoC5/Handle_Encoder.c **** * Summary:
 188:Generated_Source\PSoC5/Handle_Encoder.c **** *  Reports the current value of the counter.
 189:Generated_Source\PSoC5/Handle_Encoder.c **** *
 190:Generated_Source\PSoC5/Handle_Encoder.c **** * Parameters:
 191:Generated_Source\PSoC5/Handle_Encoder.c **** *  None.
 192:Generated_Source\PSoC5/Handle_Encoder.c **** *
 193:Generated_Source\PSoC5/Handle_Encoder.c **** * Return:
 194:Generated_Source\PSoC5/Handle_Encoder.c **** *  The counter value. Return type is signed and per the counter size setting.
 195:Generated_Source\PSoC5/Handle_Encoder.c **** *  A positive value indicates clockwise movement (B before A).
 196:Generated_Source\PSoC5/Handle_Encoder.c **** *
 197:Generated_Source\PSoC5/Handle_Encoder.c **** * Global variables:
ARM GAS  C:\Users\jon\AppData\Local\Temp\cc87CsGW.s 			page 6


 198:Generated_Source\PSoC5/Handle_Encoder.c **** *  Handle_Encoder_count32SoftPart - used to get hi 16 bit for current value
 199:Generated_Source\PSoC5/Handle_Encoder.c **** *  of the 32-bit counter, when Counter size equal 32-bit.
 200:Generated_Source\PSoC5/Handle_Encoder.c **** *
 201:Generated_Source\PSoC5/Handle_Encoder.c **** *******************************************************************************/
 202:Generated_Source\PSoC5/Handle_Encoder.c **** int16 Handle_Encoder_GetCounter(void) 
 203:Generated_Source\PSoC5/Handle_Encoder.c **** {
  88              		.loc 1 203 0
  89              		.cfi_startproc
  90              		@ args = 0, pretend = 0, frame = 0
  91              		@ frame_needed = 0, uses_anonymous_args = 0
  92 0000 08B5     		push	{r3, lr}
  93              		.cfi_def_cfa_offset 8
  94              		.cfi_offset 3, -8
  95              		.cfi_offset 14, -4
 204:Generated_Source\PSoC5/Handle_Encoder.c ****     int16 count;
 205:Generated_Source\PSoC5/Handle_Encoder.c ****     uint16 tmpCnt;
 206:Generated_Source\PSoC5/Handle_Encoder.c **** 
 207:Generated_Source\PSoC5/Handle_Encoder.c ****     #if (Handle_Encoder_COUNTER_SIZE == Handle_Encoder_COUNTER_SIZE_32_BIT)
 208:Generated_Source\PSoC5/Handle_Encoder.c ****         int16 hwCount;
 209:Generated_Source\PSoC5/Handle_Encoder.c **** 
 210:Generated_Source\PSoC5/Handle_Encoder.c ****         CyIntDisable(Handle_Encoder_ISR_NUMBER);
 211:Generated_Source\PSoC5/Handle_Encoder.c **** 
 212:Generated_Source\PSoC5/Handle_Encoder.c ****         tmpCnt = Handle_Encoder_Cnt16_ReadCounter();
 213:Generated_Source\PSoC5/Handle_Encoder.c ****         hwCount = (int16) ((int32) tmpCnt - (int32) Handle_Encoder_COUNTER_INIT_VALUE);
 214:Generated_Source\PSoC5/Handle_Encoder.c ****         count = Handle_Encoder_count32SoftPart + hwCount;
 215:Generated_Source\PSoC5/Handle_Encoder.c **** 
 216:Generated_Source\PSoC5/Handle_Encoder.c ****         CyIntEnable(Handle_Encoder_ISR_NUMBER);
 217:Generated_Source\PSoC5/Handle_Encoder.c ****     #else 
 218:Generated_Source\PSoC5/Handle_Encoder.c ****         /* (Handle_Encoder_COUNTER_SIZE == Handle_Encoder_COUNTER_SIZE_8_BIT) || 
 219:Generated_Source\PSoC5/Handle_Encoder.c ****         *  (Handle_Encoder_COUNTER_SIZE == Handle_Encoder_COUNTER_SIZE_16_BIT)
 220:Generated_Source\PSoC5/Handle_Encoder.c ****         */
 221:Generated_Source\PSoC5/Handle_Encoder.c ****         #if (Handle_Encoder_COUNTER_SIZE == Handle_Encoder_COUNTER_SIZE_8_BIT)
 222:Generated_Source\PSoC5/Handle_Encoder.c ****             tmpCnt = Handle_Encoder_Cnt8_ReadCounter();
 223:Generated_Source\PSoC5/Handle_Encoder.c ****         #else /* (Handle_Encoder_COUNTER_SIZE == Handle_Encoder_COUNTER_SIZE_16_BIT) */
 224:Generated_Source\PSoC5/Handle_Encoder.c ****             tmpCnt = Handle_Encoder_Cnt16_ReadCounter();
  96              		.loc 1 224 0
  97 0002 FFF7FEFF 		bl	Handle_Encoder_Cnt16_ReadCounter
  98              	.LVL3:
 225:Generated_Source\PSoC5/Handle_Encoder.c ****         #endif  /* Handle_Encoder_COUNTER_SIZE == Handle_Encoder_COUNTER_SIZE_8_BIT */
 226:Generated_Source\PSoC5/Handle_Encoder.c **** 
 227:Generated_Source\PSoC5/Handle_Encoder.c ****         count = (int16) ((int32) tmpCnt -
 228:Generated_Source\PSoC5/Handle_Encoder.c ****                 (int32) Handle_Encoder_COUNTER_INIT_VALUE);
 229:Generated_Source\PSoC5/Handle_Encoder.c **** 
 230:Generated_Source\PSoC5/Handle_Encoder.c ****     #endif /* Handle_Encoder_COUNTER_SIZE == Handle_Encoder_COUNTER_SIZE_32_BIT */ 
 231:Generated_Source\PSoC5/Handle_Encoder.c **** 
 232:Generated_Source\PSoC5/Handle_Encoder.c ****     return (count);
  99              		.loc 1 232 0
 100 0006 A0F50040 		sub	r0, r0, #32768
 101              	.LVL4:
 233:Generated_Source\PSoC5/Handle_Encoder.c **** }
 102              		.loc 1 233 0
 103 000a 00B2     		sxth	r0, r0
 104 000c 08BD     		pop	{r3, pc}
 105              		.cfi_endproc
 106              	.LFE4:
 107              		.size	Handle_Encoder_GetCounter, .-Handle_Encoder_GetCounter
 108              		.section	.text.Handle_Encoder_SetCounter,"ax",%progbits
ARM GAS  C:\Users\jon\AppData\Local\Temp\cc87CsGW.s 			page 7


 109              		.align	1
 110              		.global	Handle_Encoder_SetCounter
 111              		.thumb
 112              		.thumb_func
 113              		.type	Handle_Encoder_SetCounter, %function
 114              	Handle_Encoder_SetCounter:
 115              	.LFB5:
 234:Generated_Source\PSoC5/Handle_Encoder.c **** 
 235:Generated_Source\PSoC5/Handle_Encoder.c **** 
 236:Generated_Source\PSoC5/Handle_Encoder.c **** /*******************************************************************************
 237:Generated_Source\PSoC5/Handle_Encoder.c **** * Function Name: Handle_Encoder_SetCounter
 238:Generated_Source\PSoC5/Handle_Encoder.c **** ********************************************************************************
 239:Generated_Source\PSoC5/Handle_Encoder.c **** *
 240:Generated_Source\PSoC5/Handle_Encoder.c **** * Summary:
 241:Generated_Source\PSoC5/Handle_Encoder.c **** *  Sets the current value of the counter.
 242:Generated_Source\PSoC5/Handle_Encoder.c **** *
 243:Generated_Source\PSoC5/Handle_Encoder.c **** * Parameters:
 244:Generated_Source\PSoC5/Handle_Encoder.c **** *  value:  The new value. Parameter type is signed and per the counter size
 245:Generated_Source\PSoC5/Handle_Encoder.c **** *  setting.
 246:Generated_Source\PSoC5/Handle_Encoder.c **** *
 247:Generated_Source\PSoC5/Handle_Encoder.c **** * Return:
 248:Generated_Source\PSoC5/Handle_Encoder.c **** *  None.
 249:Generated_Source\PSoC5/Handle_Encoder.c **** *
 250:Generated_Source\PSoC5/Handle_Encoder.c **** * Global variables:
 251:Generated_Source\PSoC5/Handle_Encoder.c **** *  Handle_Encoder_count32SoftPart - modified to set hi 16 bit for current
 252:Generated_Source\PSoC5/Handle_Encoder.c **** *  value of the 32-bit counter, when Counter size equal 32-bit.
 253:Generated_Source\PSoC5/Handle_Encoder.c **** *
 254:Generated_Source\PSoC5/Handle_Encoder.c **** * Reentrant:
 255:Generated_Source\PSoC5/Handle_Encoder.c **** *  No.
 256:Generated_Source\PSoC5/Handle_Encoder.c **** *
 257:Generated_Source\PSoC5/Handle_Encoder.c **** *******************************************************************************/
 258:Generated_Source\PSoC5/Handle_Encoder.c **** void Handle_Encoder_SetCounter(int16 value) 
 259:Generated_Source\PSoC5/Handle_Encoder.c **** {
 116              		.loc 1 259 0
 117              		.cfi_startproc
 118              		@ args = 0, pretend = 0, frame = 0
 119              		@ frame_needed = 0, uses_anonymous_args = 0
 120              		@ link register save eliminated.
 121              	.LVL5:
 260:Generated_Source\PSoC5/Handle_Encoder.c ****     #if ((Handle_Encoder_COUNTER_SIZE == Handle_Encoder_COUNTER_SIZE_8_BIT) || \
 261:Generated_Source\PSoC5/Handle_Encoder.c ****          (Handle_Encoder_COUNTER_SIZE == Handle_Encoder_COUNTER_SIZE_16_BIT))
 262:Generated_Source\PSoC5/Handle_Encoder.c ****         uint16 count;
 263:Generated_Source\PSoC5/Handle_Encoder.c ****         
 264:Generated_Source\PSoC5/Handle_Encoder.c ****         if (value >= 0)
 265:Generated_Source\PSoC5/Handle_Encoder.c ****         {
 266:Generated_Source\PSoC5/Handle_Encoder.c ****             count = (uint16) value + Handle_Encoder_COUNTER_INIT_VALUE;
 267:Generated_Source\PSoC5/Handle_Encoder.c ****         }
 268:Generated_Source\PSoC5/Handle_Encoder.c ****         else
 269:Generated_Source\PSoC5/Handle_Encoder.c ****         {
 270:Generated_Source\PSoC5/Handle_Encoder.c ****             count = Handle_Encoder_COUNTER_INIT_VALUE - (uint16)(-value);
 271:Generated_Source\PSoC5/Handle_Encoder.c ****         }
 272:Generated_Source\PSoC5/Handle_Encoder.c ****         #if (Handle_Encoder_COUNTER_SIZE == Handle_Encoder_COUNTER_SIZE_8_BIT)
 273:Generated_Source\PSoC5/Handle_Encoder.c ****             Handle_Encoder_Cnt8_WriteCounter(count);
 274:Generated_Source\PSoC5/Handle_Encoder.c ****         #else /* (Handle_Encoder_COUNTER_SIZE == Handle_Encoder_COUNTER_SIZE_16_BIT) */
 275:Generated_Source\PSoC5/Handle_Encoder.c ****             Handle_Encoder_Cnt16_WriteCounter(count);
 122              		.loc 1 275 0
 123 0000 A0F50040 		sub	r0, r0, #32768
ARM GAS  C:\Users\jon\AppData\Local\Temp\cc87CsGW.s 			page 8


 124              	.LVL6:
 125 0004 80B2     		uxth	r0, r0
 126 0006 FFF7FEBF 		b	Handle_Encoder_Cnt16_WriteCounter
 127              	.LVL7:
 128              		.cfi_endproc
 129              	.LFE5:
 130              		.size	Handle_Encoder_SetCounter, .-Handle_Encoder_SetCounter
 131              		.section	.text.Handle_Encoder_GetEvents,"ax",%progbits
 132              		.align	1
 133              		.global	Handle_Encoder_GetEvents
 134              		.thumb
 135              		.thumb_func
 136              		.type	Handle_Encoder_GetEvents, %function
 137              	Handle_Encoder_GetEvents:
 138              	.LFB6:
 276:Generated_Source\PSoC5/Handle_Encoder.c ****         #endif  /* Handle_Encoder_COUNTER_SIZE == Handle_Encoder_COUNTER_SIZE_8_BIT */
 277:Generated_Source\PSoC5/Handle_Encoder.c ****     #else /* (Handle_Encoder_COUNTER_SIZE == Handle_Encoder_COUNTER_SIZE_32_BIT) */
 278:Generated_Source\PSoC5/Handle_Encoder.c ****         CyIntDisable(Handle_Encoder_ISR_NUMBER);
 279:Generated_Source\PSoC5/Handle_Encoder.c **** 
 280:Generated_Source\PSoC5/Handle_Encoder.c ****         Handle_Encoder_Cnt16_WriteCounter(Handle_Encoder_COUNTER_INIT_VALUE);
 281:Generated_Source\PSoC5/Handle_Encoder.c ****         Handle_Encoder_count32SoftPart = value;
 282:Generated_Source\PSoC5/Handle_Encoder.c **** 
 283:Generated_Source\PSoC5/Handle_Encoder.c ****         CyIntEnable(Handle_Encoder_ISR_NUMBER);
 284:Generated_Source\PSoC5/Handle_Encoder.c ****     #endif  /* (Handle_Encoder_COUNTER_SIZE == Handle_Encoder_COUNTER_SIZE_8_BIT) ||
 285:Generated_Source\PSoC5/Handle_Encoder.c ****              * (Handle_Encoder_COUNTER_SIZE == Handle_Encoder_COUNTER_SIZE_16_BIT)
 286:Generated_Source\PSoC5/Handle_Encoder.c ****              */
 287:Generated_Source\PSoC5/Handle_Encoder.c **** }
 288:Generated_Source\PSoC5/Handle_Encoder.c **** 
 289:Generated_Source\PSoC5/Handle_Encoder.c **** 
 290:Generated_Source\PSoC5/Handle_Encoder.c **** /*******************************************************************************
 291:Generated_Source\PSoC5/Handle_Encoder.c **** * Function Name: Handle_Encoder_GetEvents
 292:Generated_Source\PSoC5/Handle_Encoder.c **** ********************************************************************************
 293:Generated_Source\PSoC5/Handle_Encoder.c **** * 
 294:Generated_Source\PSoC5/Handle_Encoder.c **** * Summary:
 295:Generated_Source\PSoC5/Handle_Encoder.c **** *   Reports the current status of events. This function clears the bits of the 
 296:Generated_Source\PSoC5/Handle_Encoder.c **** *   status register.
 297:Generated_Source\PSoC5/Handle_Encoder.c **** *
 298:Generated_Source\PSoC5/Handle_Encoder.c **** * Parameters:
 299:Generated_Source\PSoC5/Handle_Encoder.c **** *  None.
 300:Generated_Source\PSoC5/Handle_Encoder.c **** *
 301:Generated_Source\PSoC5/Handle_Encoder.c **** * Return:
 302:Generated_Source\PSoC5/Handle_Encoder.c **** *  The events, as bits in an unsigned 8-bit value:
 303:Generated_Source\PSoC5/Handle_Encoder.c **** *    Bit      Description
 304:Generated_Source\PSoC5/Handle_Encoder.c **** *     0        Counter overflow.
 305:Generated_Source\PSoC5/Handle_Encoder.c **** *     1        Counter underflow.
 306:Generated_Source\PSoC5/Handle_Encoder.c **** *     2        Counter reset due to index, if index input is used.
 307:Generated_Source\PSoC5/Handle_Encoder.c **** *     3        Invalid A, B inputs state transition.
 308:Generated_Source\PSoC5/Handle_Encoder.c **** *
 309:Generated_Source\PSoC5/Handle_Encoder.c **** *******************************************************************************/
 310:Generated_Source\PSoC5/Handle_Encoder.c **** uint8 Handle_Encoder_GetEvents(void) 
 311:Generated_Source\PSoC5/Handle_Encoder.c **** {
 139              		.loc 1 311 0
 140              		.cfi_startproc
 141              		@ args = 0, pretend = 0, frame = 0
 142              		@ frame_needed = 0, uses_anonymous_args = 0
 143              		@ link register save eliminated.
 312:Generated_Source\PSoC5/Handle_Encoder.c ****     return (Handle_Encoder_STATUS_REG & Handle_Encoder_INIT_INT_MASK);
ARM GAS  C:\Users\jon\AppData\Local\Temp\cc87CsGW.s 			page 9


 144              		.loc 1 312 0
 145 0000 024B     		ldr	r3, .L8
 146 0002 1878     		ldrb	r0, [r3]	@ zero_extendqisi2
 313:Generated_Source\PSoC5/Handle_Encoder.c **** }
 147              		.loc 1 313 0
 148 0004 00F00F00 		and	r0, r0, #15
 149 0008 7047     		bx	lr
 150              	.L9:
 151 000a 00BF     		.align	2
 152              	.L8:
 153 000c 64640040 		.word	1073767524
 154              		.cfi_endproc
 155              	.LFE6:
 156              		.size	Handle_Encoder_GetEvents, .-Handle_Encoder_GetEvents
 157              		.section	.text.Handle_Encoder_Enable,"ax",%progbits
 158              		.align	1
 159              		.global	Handle_Encoder_Enable
 160              		.thumb
 161              		.thumb_func
 162              		.type	Handle_Encoder_Enable, %function
 163              	Handle_Encoder_Enable:
 164              	.LFB1:
  71:Generated_Source\PSoC5/Handle_Encoder.c ****     uint8 enableInterrupts;
 165              		.loc 1 71 0
 166              		.cfi_startproc
 167              		@ args = 0, pretend = 0, frame = 0
 168              		@ frame_needed = 0, uses_anonymous_args = 0
 169              	.LVL8:
 170 0000 08B5     		push	{r3, lr}
 171              		.cfi_def_cfa_offset 8
 172              		.cfi_offset 3, -8
 173              		.cfi_offset 14, -4
 174              	.LBB6:
 175              	.LBB7:
 314:Generated_Source\PSoC5/Handle_Encoder.c **** 
 315:Generated_Source\PSoC5/Handle_Encoder.c **** 
 316:Generated_Source\PSoC5/Handle_Encoder.c **** /*******************************************************************************
 317:Generated_Source\PSoC5/Handle_Encoder.c **** * Function Name: Handle_Encoder_SetInterruptMask
 318:Generated_Source\PSoC5/Handle_Encoder.c **** ********************************************************************************
 319:Generated_Source\PSoC5/Handle_Encoder.c **** *
 320:Generated_Source\PSoC5/Handle_Encoder.c **** * Summary:
 321:Generated_Source\PSoC5/Handle_Encoder.c **** *  Enables / disables interrupts due to the events.
 322:Generated_Source\PSoC5/Handle_Encoder.c **** *  For the 32-bit counter, the overflow, underflow and reset interrupts cannot
 323:Generated_Source\PSoC5/Handle_Encoder.c **** *  be disabled, these bits are ignored.
 324:Generated_Source\PSoC5/Handle_Encoder.c **** *
 325:Generated_Source\PSoC5/Handle_Encoder.c **** * Parameters:
 326:Generated_Source\PSoC5/Handle_Encoder.c **** *  mask: Enable / disable bits in an 8-bit value, where 1 enables the interrupt.
 327:Generated_Source\PSoC5/Handle_Encoder.c **** *
 328:Generated_Source\PSoC5/Handle_Encoder.c **** * Return:
 329:Generated_Source\PSoC5/Handle_Encoder.c **** *  None.
 330:Generated_Source\PSoC5/Handle_Encoder.c **** *
 331:Generated_Source\PSoC5/Handle_Encoder.c **** *******************************************************************************/
 332:Generated_Source\PSoC5/Handle_Encoder.c **** void Handle_Encoder_SetInterruptMask(uint8 mask) 
 333:Generated_Source\PSoC5/Handle_Encoder.c **** {
 334:Generated_Source\PSoC5/Handle_Encoder.c ****     #if (Handle_Encoder_COUNTER_SIZE == Handle_Encoder_COUNTER_SIZE_32_BIT)
 335:Generated_Source\PSoC5/Handle_Encoder.c ****         /* Underflow, Overflow and Reset interrupts for 32-bit Counter are always enable */
 336:Generated_Source\PSoC5/Handle_Encoder.c ****         mask |= (Handle_Encoder_COUNTER_OVERFLOW | Handle_Encoder_COUNTER_UNDERFLOW |
ARM GAS  C:\Users\jon\AppData\Local\Temp\cc87CsGW.s 			page 10


 337:Generated_Source\PSoC5/Handle_Encoder.c ****                  Handle_Encoder_COUNTER_RESET);
 338:Generated_Source\PSoC5/Handle_Encoder.c ****     #endif /* Handle_Encoder_COUNTER_SIZE == Handle_Encoder_COUNTER_SIZE_32_BIT */
 339:Generated_Source\PSoC5/Handle_Encoder.c **** 
 340:Generated_Source\PSoC5/Handle_Encoder.c ****     Handle_Encoder_STATUS_MASK = mask;
 176              		.loc 1 340 0
 177 0002 084B     		ldr	r3, .L11
 178 0004 0F22     		movs	r2, #15
 179 0006 1A70     		strb	r2, [r3]
 180              	.LVL9:
 181              	.LBE7:
 182              	.LBE6:
  77:Generated_Source\PSoC5/Handle_Encoder.c ****     
 183              		.loc 1 77 0
 184 0008 FFF7FEFF 		bl	Handle_Encoder_GetEvents
 185              	.LVL10:
  79:Generated_Source\PSoC5/Handle_Encoder.c **** 
 186              		.loc 1 79 0
 187 000c FFF7FEFF 		bl	CyEnterCriticalSection
 188              	.LVL11:
  82:Generated_Source\PSoC5/Handle_Encoder.c **** 
 189              		.loc 1 82 0
 190 0010 054A     		ldr	r2, .L11+4
 191 0012 1378     		ldrb	r3, [r2]	@ zero_extendqisi2
 192 0014 43F01003 		orr	r3, r3, #16
 193 0018 1370     		strb	r3, [r2]
  90:Generated_Source\PSoC5/Handle_Encoder.c **** 
 194              		.loc 1 90 0
 195 001a BDE80840 		pop	{r3, lr}
 196              		.cfi_restore 14
 197              		.cfi_restore 3
 198              		.cfi_def_cfa_offset 0
  84:Generated_Source\PSoC5/Handle_Encoder.c **** 
 199              		.loc 1 84 0
 200 001e FFF7FEBF 		b	CyExitCriticalSection
 201              	.LVL12:
 202              	.L12:
 203 0022 00BF     		.align	2
 204              	.L11:
 205 0024 84640040 		.word	1073767556
 206 0028 94640040 		.word	1073767572
 207              		.cfi_endproc
 208              	.LFE1:
 209              		.size	Handle_Encoder_Enable, .-Handle_Encoder_Enable
 210              		.section	.text.Handle_Encoder_Start,"ax",%progbits
 211              		.align	1
 212              		.global	Handle_Encoder_Start
 213              		.thumb
 214              		.thumb_func
 215              		.type	Handle_Encoder_Start, %function
 216              	Handle_Encoder_Start:
 217              	.LFB2:
 117:Generated_Source\PSoC5/Handle_Encoder.c ****     #if (Handle_Encoder_COUNTER_SIZE == Handle_Encoder_COUNTER_SIZE_8_BIT)
 218              		.loc 1 117 0
 219              		.cfi_startproc
 220              		@ args = 0, pretend = 0, frame = 0
 221              		@ frame_needed = 0, uses_anonymous_args = 0
 222 0000 08B5     		push	{r3, lr}
ARM GAS  C:\Users\jon\AppData\Local\Temp\cc87CsGW.s 			page 11


 223              		.cfi_def_cfa_offset 8
 224              		.cfi_offset 3, -8
 225              		.cfi_offset 14, -4
 125:Generated_Source\PSoC5/Handle_Encoder.c ****         Handle_Encoder_Cnt16_WriteCounter(Handle_Encoder_COUNTER_INIT_VALUE);
 226              		.loc 1 125 0
 227 0002 FFF7FEFF 		bl	Handle_Encoder_Cnt16_Start
 228              	.LVL13:
 126:Generated_Source\PSoC5/Handle_Encoder.c ****     #endif /* Handle_Encoder_COUNTER_SIZE == Handle_Encoder_COUNTER_SIZE_8_BIT */
 229              		.loc 1 126 0
 230 0006 4FF40040 		mov	r0, #32768
 231 000a FFF7FEFF 		bl	Handle_Encoder_Cnt16_WriteCounter
 232              	.LVL14:
 133:Generated_Source\PSoC5/Handle_Encoder.c ****     {
 233              		.loc 1 133 0
 234 000e 044B     		ldr	r3, .L16
 235 0010 1A78     		ldrb	r2, [r3]	@ zero_extendqisi2
 236 0012 0AB9     		cbnz	r2, .L14
 136:Generated_Source\PSoC5/Handle_Encoder.c ****     }
 237              		.loc 1 136 0
 238 0014 0122     		movs	r2, #1
 239 0016 1A70     		strb	r2, [r3]
 240              	.L14:
 140:Generated_Source\PSoC5/Handle_Encoder.c **** 
 241              		.loc 1 140 0
 242 0018 BDE80840 		pop	{r3, lr}
 243              		.cfi_restore 14
 244              		.cfi_restore 3
 245              		.cfi_def_cfa_offset 0
 139:Generated_Source\PSoC5/Handle_Encoder.c **** }
 246              		.loc 1 139 0
 247 001c FFF7FEBF 		b	Handle_Encoder_Enable
 248              	.LVL15:
 249              	.L17:
 250              		.align	2
 251              	.L16:
 252 0020 00000000 		.word	.LANCHOR0
 253              		.cfi_endproc
 254              	.LFE2:
 255              		.size	Handle_Encoder_Start, .-Handle_Encoder_Start
 256              		.section	.text.Handle_Encoder_SetInterruptMask,"ax",%progbits
 257              		.align	1
 258              		.global	Handle_Encoder_SetInterruptMask
 259              		.thumb
 260              		.thumb_func
 261              		.type	Handle_Encoder_SetInterruptMask, %function
 262              	Handle_Encoder_SetInterruptMask:
 263              	.LFB7:
 333:Generated_Source\PSoC5/Handle_Encoder.c ****     #if (Handle_Encoder_COUNTER_SIZE == Handle_Encoder_COUNTER_SIZE_32_BIT)
 264              		.loc 1 333 0
 265              		.cfi_startproc
 266              		@ args = 0, pretend = 0, frame = 0
 267              		@ frame_needed = 0, uses_anonymous_args = 0
 268              		@ link register save eliminated.
 269              	.LVL16:
 270              		.loc 1 340 0
 271 0000 014B     		ldr	r3, .L19
 272 0002 1870     		strb	r0, [r3]
ARM GAS  C:\Users\jon\AppData\Local\Temp\cc87CsGW.s 			page 12


 273 0004 7047     		bx	lr
 274              	.L20:
 275 0006 00BF     		.align	2
 276              	.L19:
 277 0008 84640040 		.word	1073767556
 278              		.cfi_endproc
 279              	.LFE7:
 280              		.size	Handle_Encoder_SetInterruptMask, .-Handle_Encoder_SetInterruptMask
 281              		.section	.text.Handle_Encoder_GetInterruptMask,"ax",%progbits
 282              		.align	1
 283              		.global	Handle_Encoder_GetInterruptMask
 284              		.thumb
 285              		.thumb_func
 286              		.type	Handle_Encoder_GetInterruptMask, %function
 287              	Handle_Encoder_GetInterruptMask:
 288              	.LFB8:
 341:Generated_Source\PSoC5/Handle_Encoder.c **** }
 342:Generated_Source\PSoC5/Handle_Encoder.c **** 
 343:Generated_Source\PSoC5/Handle_Encoder.c **** 
 344:Generated_Source\PSoC5/Handle_Encoder.c **** /*******************************************************************************
 345:Generated_Source\PSoC5/Handle_Encoder.c **** * Function Name: Handle_Encoder_GetInterruptMask
 346:Generated_Source\PSoC5/Handle_Encoder.c **** ********************************************************************************
 347:Generated_Source\PSoC5/Handle_Encoder.c **** *
 348:Generated_Source\PSoC5/Handle_Encoder.c **** * Summary:
 349:Generated_Source\PSoC5/Handle_Encoder.c **** *  Reports the current interrupt mask settings.
 350:Generated_Source\PSoC5/Handle_Encoder.c **** *
 351:Generated_Source\PSoC5/Handle_Encoder.c **** * Parameters:
 352:Generated_Source\PSoC5/Handle_Encoder.c **** *  None.
 353:Generated_Source\PSoC5/Handle_Encoder.c **** *
 354:Generated_Source\PSoC5/Handle_Encoder.c **** * Return:
 355:Generated_Source\PSoC5/Handle_Encoder.c **** *  Enable / disable bits in an 8-bit value, where 1 enables the interrupt.
 356:Generated_Source\PSoC5/Handle_Encoder.c **** *  For the 32-bit counter, the overflow, underflow and reset enable bits are
 357:Generated_Source\PSoC5/Handle_Encoder.c **** *  always set.
 358:Generated_Source\PSoC5/Handle_Encoder.c **** *
 359:Generated_Source\PSoC5/Handle_Encoder.c **** *******************************************************************************/
 360:Generated_Source\PSoC5/Handle_Encoder.c **** uint8 Handle_Encoder_GetInterruptMask(void) 
 361:Generated_Source\PSoC5/Handle_Encoder.c **** {
 289              		.loc 1 361 0
 290              		.cfi_startproc
 291              		@ args = 0, pretend = 0, frame = 0
 292              		@ frame_needed = 0, uses_anonymous_args = 0
 293              		@ link register save eliminated.
 362:Generated_Source\PSoC5/Handle_Encoder.c ****     return (Handle_Encoder_STATUS_MASK & Handle_Encoder_INIT_INT_MASK);
 294              		.loc 1 362 0
 295 0000 024B     		ldr	r3, .L22
 296 0002 1878     		ldrb	r0, [r3]	@ zero_extendqisi2
 363:Generated_Source\PSoC5/Handle_Encoder.c **** }
 297              		.loc 1 363 0
 298 0004 00F00F00 		and	r0, r0, #15
 299 0008 7047     		bx	lr
 300              	.L23:
 301 000a 00BF     		.align	2
 302              	.L22:
 303 000c 84640040 		.word	1073767556
 304              		.cfi_endproc
 305              	.LFE8:
 306              		.size	Handle_Encoder_GetInterruptMask, .-Handle_Encoder_GetInterruptMask
ARM GAS  C:\Users\jon\AppData\Local\Temp\cc87CsGW.s 			page 13


 307              		.global	Handle_Encoder_initVar
 308              		.bss
 309              		.set	.LANCHOR0,. + 0
 310              		.type	Handle_Encoder_initVar, %object
 311              		.size	Handle_Encoder_initVar, 1
 312              	Handle_Encoder_initVar:
 313 0000 00       		.space	1
 314              		.text
 315              	.Letext0:
 316              		.file 2 "Generated_Source\\PSoC5\\cytypes.h"
 317              		.file 3 "Generated_Source\\PSoC5\\Handle_Encoder_Cnt16.h"
 318              		.file 4 "Generated_Source\\PSoC5\\CyLib.h"
 319              		.section	.debug_info,"",%progbits
 320              	.Ldebug_info0:
 321 0000 F2020000 		.4byte	0x2f2
 322 0004 0400     		.2byte	0x4
 323 0006 00000000 		.4byte	.Ldebug_abbrev0
 324 000a 04       		.byte	0x4
 325 000b 01       		.uleb128 0x1
 326 000c 36010000 		.4byte	.LASF34
 327 0010 0C       		.byte	0xc
 328 0011 0A020000 		.4byte	.LASF35
 329 0015 55000000 		.4byte	.LASF36
 330 0019 00000000 		.4byte	.Ldebug_ranges0+0
 331 001d 00000000 		.4byte	0
 332 0021 00000000 		.4byte	.Ldebug_line0
 333 0025 02       		.uleb128 0x2
 334 0026 04       		.byte	0x4
 335 0027 05       		.byte	0x5
 336 0028 696E7400 		.ascii	"int\000"
 337 002c 03       		.uleb128 0x3
 338 002d 04       		.byte	0x4
 339 002e 07       		.byte	0x7
 340 002f 5B020000 		.4byte	.LASF0
 341 0033 03       		.uleb128 0x3
 342 0034 08       		.byte	0x8
 343 0035 05       		.byte	0x5
 344 0036 D6020000 		.4byte	.LASF1
 345 003a 03       		.uleb128 0x3
 346 003b 08       		.byte	0x8
 347 003c 04       		.byte	0x4
 348 003d 43030000 		.4byte	.LASF2
 349 0041 03       		.uleb128 0x3
 350 0042 01       		.byte	0x1
 351 0043 06       		.byte	0x6
 352 0044 4F030000 		.4byte	.LASF3
 353 0048 03       		.uleb128 0x3
 354 0049 01       		.byte	0x1
 355 004a 08       		.byte	0x8
 356 004b 1D010000 		.4byte	.LASF4
 357 004f 03       		.uleb128 0x3
 358 0050 02       		.byte	0x2
 359 0051 05       		.byte	0x5
 360 0052 03030000 		.4byte	.LASF5
 361 0056 03       		.uleb128 0x3
 362 0057 02       		.byte	0x2
 363 0058 07       		.byte	0x7
ARM GAS  C:\Users\jon\AppData\Local\Temp\cc87CsGW.s 			page 14


 364 0059 AC000000 		.4byte	.LASF6
 365 005d 03       		.uleb128 0x3
 366 005e 04       		.byte	0x4
 367 005f 05       		.byte	0x5
 368 0060 35030000 		.4byte	.LASF7
 369 0064 03       		.uleb128 0x3
 370 0065 04       		.byte	0x4
 371 0066 07       		.byte	0x7
 372 0067 49020000 		.4byte	.LASF8
 373 006b 03       		.uleb128 0x3
 374 006c 08       		.byte	0x8
 375 006d 07       		.byte	0x7
 376 006e 06010000 		.4byte	.LASF9
 377 0072 03       		.uleb128 0x3
 378 0073 04       		.byte	0x4
 379 0074 07       		.byte	0x7
 380 0075 CD020000 		.4byte	.LASF10
 381 0079 03       		.uleb128 0x3
 382 007a 01       		.byte	0x1
 383 007b 08       		.byte	0x8
 384 007c 3E030000 		.4byte	.LASF11
 385 0080 04       		.uleb128 0x4
 386 0081 2F030000 		.4byte	.LASF12
 387 0085 02       		.byte	0x2
 388 0086 9201     		.2byte	0x192
 389 0088 48000000 		.4byte	0x48
 390 008c 04       		.uleb128 0x4
 391 008d 03020000 		.4byte	.LASF13
 392 0091 02       		.byte	0x2
 393 0092 9301     		.2byte	0x193
 394 0094 56000000 		.4byte	0x56
 395 0098 04       		.uleb128 0x4
 396 0099 30010000 		.4byte	.LASF14
 397 009d 02       		.byte	0x2
 398 009e 9601     		.2byte	0x196
 399 00a0 4F000000 		.4byte	0x4f
 400 00a4 04       		.uleb128 0x4
 401 00a5 C4010000 		.4byte	.LASF15
 402 00a9 02       		.byte	0x2
 403 00aa 9701     		.2byte	0x197
 404 00ac 5D000000 		.4byte	0x5d
 405 00b0 03       		.uleb128 0x3
 406 00b1 04       		.byte	0x4
 407 00b2 04       		.byte	0x4
 408 00b3 00010000 		.4byte	.LASF16
 409 00b7 03       		.uleb128 0x3
 410 00b8 08       		.byte	0x8
 411 00b9 04       		.byte	0x4
 412 00ba FC010000 		.4byte	.LASF17
 413 00be 04       		.uleb128 0x4
 414 00bf 2B010000 		.4byte	.LASF18
 415 00c3 02       		.byte	0x2
 416 00c4 3C02     		.2byte	0x23c
 417 00c6 CA000000 		.4byte	0xca
 418 00ca 05       		.uleb128 0x5
 419 00cb 80000000 		.4byte	0x80
 420 00cf 06       		.uleb128 0x6
ARM GAS  C:\Users\jon\AppData\Local\Temp\cc87CsGW.s 			page 15


 421 00d0 5B030000 		.4byte	.LASF37
 422 00d4 01       		.byte	0x1
 423 00d5 4C01     		.2byte	0x14c
 424 00d7 01       		.byte	0x1
 425 00d8 E9000000 		.4byte	0xe9
 426 00dc 07       		.uleb128 0x7
 427 00dd FE020000 		.4byte	.LASF38
 428 00e1 01       		.byte	0x1
 429 00e2 4C01     		.2byte	0x14c
 430 00e4 80000000 		.4byte	0x80
 431 00e8 00       		.byte	0
 432 00e9 08       		.uleb128 0x8
 433 00ea 98000000 		.4byte	.LASF39
 434 00ee 01       		.byte	0x1
 435 00ef 2A       		.byte	0x2a
 436 00f0 01       		.byte	0x1
 437 00f1 09       		.uleb128 0x9
 438 00f2 E9000000 		.4byte	0xe9
 439 00f6 00000000 		.4byte	.LFB0
 440 00fa 02000000 		.4byte	.LFE0-.LFB0
 441 00fe 01       		.uleb128 0x1
 442 00ff 9C       		.byte	0x9c
 443 0100 0A       		.uleb128 0xa
 444 0101 D5000000 		.4byte	.LASF22
 445 0105 01       		.byte	0x1
 446 0106 9D       		.byte	0x9d
 447 0107 00000000 		.4byte	.LFB3
 448 010b 20000000 		.4byte	.LFE3-.LFB3
 449 010f 01       		.uleb128 0x1
 450 0110 9C       		.byte	0x9c
 451 0111 40010000 		.4byte	0x140
 452 0115 0B       		.uleb128 0xb
 453 0116 EB010000 		.4byte	.LASF19
 454 011a 01       		.byte	0x1
 455 011b 9F       		.byte	0x9f
 456 011c 80000000 		.4byte	0x80
 457 0120 00000000 		.4byte	.LLST0
 458 0124 0C       		.uleb128 0xc
 459 0125 06000000 		.4byte	.LVL0
 460 0129 B3020000 		.4byte	0x2b3
 461 012d 0C       		.uleb128 0xc
 462 012e 0A000000 		.4byte	.LVL1
 463 0132 BE020000 		.4byte	0x2be
 464 0136 0D       		.uleb128 0xd
 465 0137 1C000000 		.4byte	.LVL2
 466 013b C9020000 		.4byte	0x2c9
 467 013f 00       		.byte	0
 468 0140 0E       		.uleb128 0xe
 469 0141 D1010000 		.4byte	.LASF40
 470 0145 01       		.byte	0x1
 471 0146 CA       		.byte	0xca
 472 0147 98000000 		.4byte	0x98
 473 014b 00000000 		.4byte	.LFB4
 474 014f 0E000000 		.4byte	.LFE4-.LFB4
 475 0153 01       		.uleb128 0x1
 476 0154 9C       		.byte	0x9c
 477 0155 81010000 		.4byte	0x181
ARM GAS  C:\Users\jon\AppData\Local\Temp\cc87CsGW.s 			page 16


 478 0159 0B       		.uleb128 0xb
 479 015a 92000000 		.4byte	.LASF20
 480 015e 01       		.byte	0x1
 481 015f CC       		.byte	0xcc
 482 0160 98000000 		.4byte	0x98
 483 0164 13000000 		.4byte	.LLST1
 484 0168 0B       		.uleb128 0xb
 485 0169 CA010000 		.4byte	.LASF21
 486 016d 01       		.byte	0x1
 487 016e CD       		.byte	0xcd
 488 016f 8C000000 		.4byte	0x8c
 489 0173 2A000000 		.4byte	.LLST2
 490 0177 0C       		.uleb128 0xc
 491 0178 06000000 		.4byte	.LVL3
 492 017c D4020000 		.4byte	0x2d4
 493 0180 00       		.byte	0
 494 0181 0F       		.uleb128 0xf
 495 0182 E4020000 		.4byte	.LASF23
 496 0186 01       		.byte	0x1
 497 0187 0201     		.2byte	0x102
 498 0189 00000000 		.4byte	.LFB5
 499 018d 0A000000 		.4byte	.LFE5-.LFB5
 500 0191 01       		.uleb128 0x1
 501 0192 9C       		.byte	0x9c
 502 0193 C1010000 		.4byte	0x1c1
 503 0197 10       		.uleb128 0x10
 504 0198 8C000000 		.4byte	.LASF41
 505 019c 01       		.byte	0x1
 506 019d 0201     		.2byte	0x102
 507 019f 98000000 		.4byte	0x98
 508 01a3 3D000000 		.4byte	.LLST3
 509 01a7 11       		.uleb128 0x11
 510 01a8 92000000 		.4byte	.LASF20
 511 01ac 01       		.byte	0x1
 512 01ad 0601     		.2byte	0x106
 513 01af 8C000000 		.4byte	0x8c
 514 01b3 5E000000 		.4byte	.LLST4
 515 01b7 0D       		.uleb128 0xd
 516 01b8 0A000000 		.4byte	.LVL7
 517 01bc DF020000 		.4byte	0x2df
 518 01c0 00       		.byte	0
 519 01c1 12       		.uleb128 0x12
 520 01c2 93020000 		.4byte	.LASF26
 521 01c6 01       		.byte	0x1
 522 01c7 3601     		.2byte	0x136
 523 01c9 80000000 		.4byte	0x80
 524 01cd 00000000 		.4byte	.LFB6
 525 01d1 10000000 		.4byte	.LFE6-.LFB6
 526 01d5 01       		.uleb128 0x1
 527 01d6 9C       		.byte	0x9c
 528 01d7 0A       		.uleb128 0xa
 529 01d8 BF000000 		.4byte	.LASF24
 530 01dc 01       		.byte	0x1
 531 01dd 46       		.byte	0x46
 532 01de 00000000 		.4byte	.LFB1
 533 01e2 2C000000 		.4byte	.LFE1-.LFB1
 534 01e6 01       		.uleb128 0x1
ARM GAS  C:\Users\jon\AppData\Local\Temp\cc87CsGW.s 			page 17


 535 01e7 9C       		.byte	0x9c
 536 01e8 34020000 		.4byte	0x234
 537 01ec 0B       		.uleb128 0xb
 538 01ed EB010000 		.4byte	.LASF19
 539 01f1 01       		.byte	0x1
 540 01f2 48       		.byte	0x48
 541 01f3 80000000 		.4byte	0x80
 542 01f7 87000000 		.4byte	.LLST5
 543 01fb 13       		.uleb128 0x13
 544 01fc CF000000 		.4byte	0xcf
 545 0200 02000000 		.4byte	.LBB6
 546 0204 06000000 		.4byte	.LBE6-.LBB6
 547 0208 01       		.byte	0x1
 548 0209 4A       		.byte	0x4a
 549 020a 18020000 		.4byte	0x218
 550 020e 14       		.uleb128 0x14
 551 020f DC000000 		.4byte	0xdc
 552 0213 9A000000 		.4byte	.LLST6
 553 0217 00       		.byte	0
 554 0218 0C       		.uleb128 0xc
 555 0219 0C000000 		.4byte	.LVL10
 556 021d C1010000 		.4byte	0x1c1
 557 0221 0C       		.uleb128 0xc
 558 0222 10000000 		.4byte	.LVL11
 559 0226 BE020000 		.4byte	0x2be
 560 022a 0D       		.uleb128 0xd
 561 022b 22000000 		.4byte	.LVL12
 562 022f C9020000 		.4byte	0x2c9
 563 0233 00       		.byte	0
 564 0234 0A       		.uleb128 0xa
 565 0235 68020000 		.4byte	.LASF25
 566 0239 01       		.byte	0x1
 567 023a 74       		.byte	0x74
 568 023b 00000000 		.4byte	.LFB2
 569 023f 24000000 		.4byte	.LFE2-.LFB2
 570 0243 01       		.uleb128 0x1
 571 0244 9C       		.byte	0x9c
 572 0245 71020000 		.4byte	0x271
 573 0249 0C       		.uleb128 0xc
 574 024a 06000000 		.4byte	.LVL13
 575 024e EA020000 		.4byte	0x2ea
 576 0252 15       		.uleb128 0x15
 577 0253 0E000000 		.4byte	.LVL14
 578 0257 DF020000 		.4byte	0x2df
 579 025b 67020000 		.4byte	0x267
 580 025f 16       		.uleb128 0x16
 581 0260 01       		.uleb128 0x1
 582 0261 50       		.byte	0x50
 583 0262 03       		.uleb128 0x3
 584 0263 0B       		.byte	0xb
 585 0264 0080     		.2byte	0x8000
 586 0266 00       		.byte	0
 587 0267 0D       		.uleb128 0xd
 588 0268 20000000 		.4byte	.LVL15
 589 026c D7010000 		.4byte	0x1d7
 590 0270 00       		.byte	0
 591 0271 17       		.uleb128 0x17
ARM GAS  C:\Users\jon\AppData\Local\Temp\cc87CsGW.s 			page 18


 592 0272 CF000000 		.4byte	0xcf
 593 0276 00000000 		.4byte	.LFB7
 594 027a 0C000000 		.4byte	.LFE7-.LFB7
 595 027e 01       		.uleb128 0x1
 596 027f 9C       		.byte	0x9c
 597 0280 8C020000 		.4byte	0x28c
 598 0284 18       		.uleb128 0x18
 599 0285 DC000000 		.4byte	0xdc
 600 0289 01       		.uleb128 0x1
 601 028a 50       		.byte	0x50
 602 028b 00       		.byte	0
 603 028c 12       		.uleb128 0x12
 604 028d 1B000000 		.4byte	.LASF27
 605 0291 01       		.byte	0x1
 606 0292 6801     		.2byte	0x168
 607 0294 80000000 		.4byte	0x80
 608 0298 00000000 		.4byte	.LFB8
 609 029c 10000000 		.4byte	.LFE8-.LFB8
 610 02a0 01       		.uleb128 0x1
 611 02a1 9C       		.byte	0x9c
 612 02a2 19       		.uleb128 0x19
 613 02a3 E9000000 		.4byte	.LASF42
 614 02a7 01       		.byte	0x1
 615 02a8 19       		.byte	0x19
 616 02a9 80000000 		.4byte	0x80
 617 02ad 05       		.uleb128 0x5
 618 02ae 03       		.byte	0x3
 619 02af 00000000 		.4byte	Handle_Encoder_initVar
 620 02b3 1A       		.uleb128 0x1a
 621 02b4 3B000000 		.4byte	.LASF28
 622 02b8 3B000000 		.4byte	.LASF28
 623 02bc 03       		.byte	0x3
 624 02bd 50       		.byte	0x50
 625 02be 1A       		.uleb128 0x1a
 626 02bf 32020000 		.4byte	.LASF29
 627 02c3 32020000 		.4byte	.LASF29
 628 02c7 04       		.byte	0x4
 629 02c8 7D       		.byte	0x7d
 630 02c9 1A       		.uleb128 0x1a
 631 02ca 7D020000 		.4byte	.LASF30
 632 02ce 7D020000 		.4byte	.LASF30
 633 02d2 04       		.byte	0x4
 634 02d3 7E       		.byte	0x7e
 635 02d4 1A       		.uleb128 0x1a
 636 02d5 AC020000 		.4byte	.LASF31
 637 02d9 AC020000 		.4byte	.LASF31
 638 02dd 03       		.byte	0x3
 639 02de 5D       		.byte	0x5d
 640 02df 1A       		.uleb128 0x1a
 641 02e0 0D030000 		.4byte	.LASF32
 642 02e4 0D030000 		.4byte	.LASF32
 643 02e8 03       		.byte	0x3
 644 02e9 5A       		.byte	0x5a
 645 02ea 1A       		.uleb128 0x1a
 646 02eb 00000000 		.4byte	.LASF33
 647 02ef 00000000 		.4byte	.LASF33
 648 02f3 03       		.byte	0x3
ARM GAS  C:\Users\jon\AppData\Local\Temp\cc87CsGW.s 			page 19


 649 02f4 4F       		.byte	0x4f
 650 02f5 00       		.byte	0
 651              		.section	.debug_abbrev,"",%progbits
 652              	.Ldebug_abbrev0:
 653 0000 01       		.uleb128 0x1
 654 0001 11       		.uleb128 0x11
 655 0002 01       		.byte	0x1
 656 0003 25       		.uleb128 0x25
 657 0004 0E       		.uleb128 0xe
 658 0005 13       		.uleb128 0x13
 659 0006 0B       		.uleb128 0xb
 660 0007 03       		.uleb128 0x3
 661 0008 0E       		.uleb128 0xe
 662 0009 1B       		.uleb128 0x1b
 663 000a 0E       		.uleb128 0xe
 664 000b 55       		.uleb128 0x55
 665 000c 17       		.uleb128 0x17
 666 000d 11       		.uleb128 0x11
 667 000e 01       		.uleb128 0x1
 668 000f 10       		.uleb128 0x10
 669 0010 17       		.uleb128 0x17
 670 0011 00       		.byte	0
 671 0012 00       		.byte	0
 672 0013 02       		.uleb128 0x2
 673 0014 24       		.uleb128 0x24
 674 0015 00       		.byte	0
 675 0016 0B       		.uleb128 0xb
 676 0017 0B       		.uleb128 0xb
 677 0018 3E       		.uleb128 0x3e
 678 0019 0B       		.uleb128 0xb
 679 001a 03       		.uleb128 0x3
 680 001b 08       		.uleb128 0x8
 681 001c 00       		.byte	0
 682 001d 00       		.byte	0
 683 001e 03       		.uleb128 0x3
 684 001f 24       		.uleb128 0x24
 685 0020 00       		.byte	0
 686 0021 0B       		.uleb128 0xb
 687 0022 0B       		.uleb128 0xb
 688 0023 3E       		.uleb128 0x3e
 689 0024 0B       		.uleb128 0xb
 690 0025 03       		.uleb128 0x3
 691 0026 0E       		.uleb128 0xe
 692 0027 00       		.byte	0
 693 0028 00       		.byte	0
 694 0029 04       		.uleb128 0x4
 695 002a 16       		.uleb128 0x16
 696 002b 00       		.byte	0
 697 002c 03       		.uleb128 0x3
 698 002d 0E       		.uleb128 0xe
 699 002e 3A       		.uleb128 0x3a
 700 002f 0B       		.uleb128 0xb
 701 0030 3B       		.uleb128 0x3b
 702 0031 05       		.uleb128 0x5
 703 0032 49       		.uleb128 0x49
 704 0033 13       		.uleb128 0x13
 705 0034 00       		.byte	0
ARM GAS  C:\Users\jon\AppData\Local\Temp\cc87CsGW.s 			page 20


 706 0035 00       		.byte	0
 707 0036 05       		.uleb128 0x5
 708 0037 35       		.uleb128 0x35
 709 0038 00       		.byte	0
 710 0039 49       		.uleb128 0x49
 711 003a 13       		.uleb128 0x13
 712 003b 00       		.byte	0
 713 003c 00       		.byte	0
 714 003d 06       		.uleb128 0x6
 715 003e 2E       		.uleb128 0x2e
 716 003f 01       		.byte	0x1
 717 0040 3F       		.uleb128 0x3f
 718 0041 19       		.uleb128 0x19
 719 0042 03       		.uleb128 0x3
 720 0043 0E       		.uleb128 0xe
 721 0044 3A       		.uleb128 0x3a
 722 0045 0B       		.uleb128 0xb
 723 0046 3B       		.uleb128 0x3b
 724 0047 05       		.uleb128 0x5
 725 0048 27       		.uleb128 0x27
 726 0049 19       		.uleb128 0x19
 727 004a 20       		.uleb128 0x20
 728 004b 0B       		.uleb128 0xb
 729 004c 01       		.uleb128 0x1
 730 004d 13       		.uleb128 0x13
 731 004e 00       		.byte	0
 732 004f 00       		.byte	0
 733 0050 07       		.uleb128 0x7
 734 0051 05       		.uleb128 0x5
 735 0052 00       		.byte	0
 736 0053 03       		.uleb128 0x3
 737 0054 0E       		.uleb128 0xe
 738 0055 3A       		.uleb128 0x3a
 739 0056 0B       		.uleb128 0xb
 740 0057 3B       		.uleb128 0x3b
 741 0058 05       		.uleb128 0x5
 742 0059 49       		.uleb128 0x49
 743 005a 13       		.uleb128 0x13
 744 005b 00       		.byte	0
 745 005c 00       		.byte	0
 746 005d 08       		.uleb128 0x8
 747 005e 2E       		.uleb128 0x2e
 748 005f 00       		.byte	0
 749 0060 3F       		.uleb128 0x3f
 750 0061 19       		.uleb128 0x19
 751 0062 03       		.uleb128 0x3
 752 0063 0E       		.uleb128 0xe
 753 0064 3A       		.uleb128 0x3a
 754 0065 0B       		.uleb128 0xb
 755 0066 3B       		.uleb128 0x3b
 756 0067 0B       		.uleb128 0xb
 757 0068 27       		.uleb128 0x27
 758 0069 19       		.uleb128 0x19
 759 006a 20       		.uleb128 0x20
 760 006b 0B       		.uleb128 0xb
 761 006c 00       		.byte	0
 762 006d 00       		.byte	0
ARM GAS  C:\Users\jon\AppData\Local\Temp\cc87CsGW.s 			page 21


 763 006e 09       		.uleb128 0x9
 764 006f 2E       		.uleb128 0x2e
 765 0070 00       		.byte	0
 766 0071 31       		.uleb128 0x31
 767 0072 13       		.uleb128 0x13
 768 0073 11       		.uleb128 0x11
 769 0074 01       		.uleb128 0x1
 770 0075 12       		.uleb128 0x12
 771 0076 06       		.uleb128 0x6
 772 0077 40       		.uleb128 0x40
 773 0078 18       		.uleb128 0x18
 774 0079 9742     		.uleb128 0x2117
 775 007b 19       		.uleb128 0x19
 776 007c 00       		.byte	0
 777 007d 00       		.byte	0
 778 007e 0A       		.uleb128 0xa
 779 007f 2E       		.uleb128 0x2e
 780 0080 01       		.byte	0x1
 781 0081 3F       		.uleb128 0x3f
 782 0082 19       		.uleb128 0x19
 783 0083 03       		.uleb128 0x3
 784 0084 0E       		.uleb128 0xe
 785 0085 3A       		.uleb128 0x3a
 786 0086 0B       		.uleb128 0xb
 787 0087 3B       		.uleb128 0x3b
 788 0088 0B       		.uleb128 0xb
 789 0089 27       		.uleb128 0x27
 790 008a 19       		.uleb128 0x19
 791 008b 11       		.uleb128 0x11
 792 008c 01       		.uleb128 0x1
 793 008d 12       		.uleb128 0x12
 794 008e 06       		.uleb128 0x6
 795 008f 40       		.uleb128 0x40
 796 0090 18       		.uleb128 0x18
 797 0091 9742     		.uleb128 0x2117
 798 0093 19       		.uleb128 0x19
 799 0094 01       		.uleb128 0x1
 800 0095 13       		.uleb128 0x13
 801 0096 00       		.byte	0
 802 0097 00       		.byte	0
 803 0098 0B       		.uleb128 0xb
 804 0099 34       		.uleb128 0x34
 805 009a 00       		.byte	0
 806 009b 03       		.uleb128 0x3
 807 009c 0E       		.uleb128 0xe
 808 009d 3A       		.uleb128 0x3a
 809 009e 0B       		.uleb128 0xb
 810 009f 3B       		.uleb128 0x3b
 811 00a0 0B       		.uleb128 0xb
 812 00a1 49       		.uleb128 0x49
 813 00a2 13       		.uleb128 0x13
 814 00a3 02       		.uleb128 0x2
 815 00a4 17       		.uleb128 0x17
 816 00a5 00       		.byte	0
 817 00a6 00       		.byte	0
 818 00a7 0C       		.uleb128 0xc
 819 00a8 898201   		.uleb128 0x4109
ARM GAS  C:\Users\jon\AppData\Local\Temp\cc87CsGW.s 			page 22


 820 00ab 00       		.byte	0
 821 00ac 11       		.uleb128 0x11
 822 00ad 01       		.uleb128 0x1
 823 00ae 31       		.uleb128 0x31
 824 00af 13       		.uleb128 0x13
 825 00b0 00       		.byte	0
 826 00b1 00       		.byte	0
 827 00b2 0D       		.uleb128 0xd
 828 00b3 898201   		.uleb128 0x4109
 829 00b6 00       		.byte	0
 830 00b7 11       		.uleb128 0x11
 831 00b8 01       		.uleb128 0x1
 832 00b9 9542     		.uleb128 0x2115
 833 00bb 19       		.uleb128 0x19
 834 00bc 31       		.uleb128 0x31
 835 00bd 13       		.uleb128 0x13
 836 00be 00       		.byte	0
 837 00bf 00       		.byte	0
 838 00c0 0E       		.uleb128 0xe
 839 00c1 2E       		.uleb128 0x2e
 840 00c2 01       		.byte	0x1
 841 00c3 3F       		.uleb128 0x3f
 842 00c4 19       		.uleb128 0x19
 843 00c5 03       		.uleb128 0x3
 844 00c6 0E       		.uleb128 0xe
 845 00c7 3A       		.uleb128 0x3a
 846 00c8 0B       		.uleb128 0xb
 847 00c9 3B       		.uleb128 0x3b
 848 00ca 0B       		.uleb128 0xb
 849 00cb 27       		.uleb128 0x27
 850 00cc 19       		.uleb128 0x19
 851 00cd 49       		.uleb128 0x49
 852 00ce 13       		.uleb128 0x13
 853 00cf 11       		.uleb128 0x11
 854 00d0 01       		.uleb128 0x1
 855 00d1 12       		.uleb128 0x12
 856 00d2 06       		.uleb128 0x6
 857 00d3 40       		.uleb128 0x40
 858 00d4 18       		.uleb128 0x18
 859 00d5 9742     		.uleb128 0x2117
 860 00d7 19       		.uleb128 0x19
 861 00d8 01       		.uleb128 0x1
 862 00d9 13       		.uleb128 0x13
 863 00da 00       		.byte	0
 864 00db 00       		.byte	0
 865 00dc 0F       		.uleb128 0xf
 866 00dd 2E       		.uleb128 0x2e
 867 00de 01       		.byte	0x1
 868 00df 3F       		.uleb128 0x3f
 869 00e0 19       		.uleb128 0x19
 870 00e1 03       		.uleb128 0x3
 871 00e2 0E       		.uleb128 0xe
 872 00e3 3A       		.uleb128 0x3a
 873 00e4 0B       		.uleb128 0xb
 874 00e5 3B       		.uleb128 0x3b
 875 00e6 05       		.uleb128 0x5
 876 00e7 27       		.uleb128 0x27
ARM GAS  C:\Users\jon\AppData\Local\Temp\cc87CsGW.s 			page 23


 877 00e8 19       		.uleb128 0x19
 878 00e9 11       		.uleb128 0x11
 879 00ea 01       		.uleb128 0x1
 880 00eb 12       		.uleb128 0x12
 881 00ec 06       		.uleb128 0x6
 882 00ed 40       		.uleb128 0x40
 883 00ee 18       		.uleb128 0x18
 884 00ef 9742     		.uleb128 0x2117
 885 00f1 19       		.uleb128 0x19
 886 00f2 01       		.uleb128 0x1
 887 00f3 13       		.uleb128 0x13
 888 00f4 00       		.byte	0
 889 00f5 00       		.byte	0
 890 00f6 10       		.uleb128 0x10
 891 00f7 05       		.uleb128 0x5
 892 00f8 00       		.byte	0
 893 00f9 03       		.uleb128 0x3
 894 00fa 0E       		.uleb128 0xe
 895 00fb 3A       		.uleb128 0x3a
 896 00fc 0B       		.uleb128 0xb
 897 00fd 3B       		.uleb128 0x3b
 898 00fe 05       		.uleb128 0x5
 899 00ff 49       		.uleb128 0x49
 900 0100 13       		.uleb128 0x13
 901 0101 02       		.uleb128 0x2
 902 0102 17       		.uleb128 0x17
 903 0103 00       		.byte	0
 904 0104 00       		.byte	0
 905 0105 11       		.uleb128 0x11
 906 0106 34       		.uleb128 0x34
 907 0107 00       		.byte	0
 908 0108 03       		.uleb128 0x3
 909 0109 0E       		.uleb128 0xe
 910 010a 3A       		.uleb128 0x3a
 911 010b 0B       		.uleb128 0xb
 912 010c 3B       		.uleb128 0x3b
 913 010d 05       		.uleb128 0x5
 914 010e 49       		.uleb128 0x49
 915 010f 13       		.uleb128 0x13
 916 0110 02       		.uleb128 0x2
 917 0111 17       		.uleb128 0x17
 918 0112 00       		.byte	0
 919 0113 00       		.byte	0
 920 0114 12       		.uleb128 0x12
 921 0115 2E       		.uleb128 0x2e
 922 0116 00       		.byte	0
 923 0117 3F       		.uleb128 0x3f
 924 0118 19       		.uleb128 0x19
 925 0119 03       		.uleb128 0x3
 926 011a 0E       		.uleb128 0xe
 927 011b 3A       		.uleb128 0x3a
 928 011c 0B       		.uleb128 0xb
 929 011d 3B       		.uleb128 0x3b
 930 011e 05       		.uleb128 0x5
 931 011f 27       		.uleb128 0x27
 932 0120 19       		.uleb128 0x19
 933 0121 49       		.uleb128 0x49
ARM GAS  C:\Users\jon\AppData\Local\Temp\cc87CsGW.s 			page 24


 934 0122 13       		.uleb128 0x13
 935 0123 11       		.uleb128 0x11
 936 0124 01       		.uleb128 0x1
 937 0125 12       		.uleb128 0x12
 938 0126 06       		.uleb128 0x6
 939 0127 40       		.uleb128 0x40
 940 0128 18       		.uleb128 0x18
 941 0129 9742     		.uleb128 0x2117
 942 012b 19       		.uleb128 0x19
 943 012c 00       		.byte	0
 944 012d 00       		.byte	0
 945 012e 13       		.uleb128 0x13
 946 012f 1D       		.uleb128 0x1d
 947 0130 01       		.byte	0x1
 948 0131 31       		.uleb128 0x31
 949 0132 13       		.uleb128 0x13
 950 0133 11       		.uleb128 0x11
 951 0134 01       		.uleb128 0x1
 952 0135 12       		.uleb128 0x12
 953 0136 06       		.uleb128 0x6
 954 0137 58       		.uleb128 0x58
 955 0138 0B       		.uleb128 0xb
 956 0139 59       		.uleb128 0x59
 957 013a 0B       		.uleb128 0xb
 958 013b 01       		.uleb128 0x1
 959 013c 13       		.uleb128 0x13
 960 013d 00       		.byte	0
 961 013e 00       		.byte	0
 962 013f 14       		.uleb128 0x14
 963 0140 05       		.uleb128 0x5
 964 0141 00       		.byte	0
 965 0142 31       		.uleb128 0x31
 966 0143 13       		.uleb128 0x13
 967 0144 02       		.uleb128 0x2
 968 0145 17       		.uleb128 0x17
 969 0146 00       		.byte	0
 970 0147 00       		.byte	0
 971 0148 15       		.uleb128 0x15
 972 0149 898201   		.uleb128 0x4109
 973 014c 01       		.byte	0x1
 974 014d 11       		.uleb128 0x11
 975 014e 01       		.uleb128 0x1
 976 014f 31       		.uleb128 0x31
 977 0150 13       		.uleb128 0x13
 978 0151 01       		.uleb128 0x1
 979 0152 13       		.uleb128 0x13
 980 0153 00       		.byte	0
 981 0154 00       		.byte	0
 982 0155 16       		.uleb128 0x16
 983 0156 8A8201   		.uleb128 0x410a
 984 0159 00       		.byte	0
 985 015a 02       		.uleb128 0x2
 986 015b 18       		.uleb128 0x18
 987 015c 9142     		.uleb128 0x2111
 988 015e 18       		.uleb128 0x18
 989 015f 00       		.byte	0
 990 0160 00       		.byte	0
ARM GAS  C:\Users\jon\AppData\Local\Temp\cc87CsGW.s 			page 25


 991 0161 17       		.uleb128 0x17
 992 0162 2E       		.uleb128 0x2e
 993 0163 01       		.byte	0x1
 994 0164 31       		.uleb128 0x31
 995 0165 13       		.uleb128 0x13
 996 0166 11       		.uleb128 0x11
 997 0167 01       		.uleb128 0x1
 998 0168 12       		.uleb128 0x12
 999 0169 06       		.uleb128 0x6
 1000 016a 40       		.uleb128 0x40
 1001 016b 18       		.uleb128 0x18
 1002 016c 9742     		.uleb128 0x2117
 1003 016e 19       		.uleb128 0x19
 1004 016f 01       		.uleb128 0x1
 1005 0170 13       		.uleb128 0x13
 1006 0171 00       		.byte	0
 1007 0172 00       		.byte	0
 1008 0173 18       		.uleb128 0x18
 1009 0174 05       		.uleb128 0x5
 1010 0175 00       		.byte	0
 1011 0176 31       		.uleb128 0x31
 1012 0177 13       		.uleb128 0x13
 1013 0178 02       		.uleb128 0x2
 1014 0179 18       		.uleb128 0x18
 1015 017a 00       		.byte	0
 1016 017b 00       		.byte	0
 1017 017c 19       		.uleb128 0x19
 1018 017d 34       		.uleb128 0x34
 1019 017e 00       		.byte	0
 1020 017f 03       		.uleb128 0x3
 1021 0180 0E       		.uleb128 0xe
 1022 0181 3A       		.uleb128 0x3a
 1023 0182 0B       		.uleb128 0xb
 1024 0183 3B       		.uleb128 0x3b
 1025 0184 0B       		.uleb128 0xb
 1026 0185 49       		.uleb128 0x49
 1027 0186 13       		.uleb128 0x13
 1028 0187 3F       		.uleb128 0x3f
 1029 0188 19       		.uleb128 0x19
 1030 0189 02       		.uleb128 0x2
 1031 018a 18       		.uleb128 0x18
 1032 018b 00       		.byte	0
 1033 018c 00       		.byte	0
 1034 018d 1A       		.uleb128 0x1a
 1035 018e 2E       		.uleb128 0x2e
 1036 018f 00       		.byte	0
 1037 0190 3F       		.uleb128 0x3f
 1038 0191 19       		.uleb128 0x19
 1039 0192 3C       		.uleb128 0x3c
 1040 0193 19       		.uleb128 0x19
 1041 0194 6E       		.uleb128 0x6e
 1042 0195 0E       		.uleb128 0xe
 1043 0196 03       		.uleb128 0x3
 1044 0197 0E       		.uleb128 0xe
 1045 0198 3A       		.uleb128 0x3a
 1046 0199 0B       		.uleb128 0xb
 1047 019a 3B       		.uleb128 0x3b
ARM GAS  C:\Users\jon\AppData\Local\Temp\cc87CsGW.s 			page 26


 1048 019b 0B       		.uleb128 0xb
 1049 019c 00       		.byte	0
 1050 019d 00       		.byte	0
 1051 019e 00       		.byte	0
 1052              		.section	.debug_loc,"",%progbits
 1053              	.Ldebug_loc0:
 1054              	.LLST0:
 1055 0000 0A000000 		.4byte	.LVL1
 1056 0004 1B000000 		.4byte	.LVL2-1
 1057 0008 0100     		.2byte	0x1
 1058 000a 50       		.byte	0x50
 1059 000b 00000000 		.4byte	0
 1060 000f 00000000 		.4byte	0
 1061              	.LLST1:
 1062 0013 06000000 		.4byte	.LVL3
 1063 0017 0A000000 		.4byte	.LVL4
 1064 001b 0500     		.2byte	0x5
 1065 001d 70       		.byte	0x70
 1066 001e 80807E   		.sleb128 -32768
 1067 0021 9F       		.byte	0x9f
 1068 0022 00000000 		.4byte	0
 1069 0026 00000000 		.4byte	0
 1070              	.LLST2:
 1071 002a 06000000 		.4byte	.LVL3
 1072 002e 0A000000 		.4byte	.LVL4
 1073 0032 0100     		.2byte	0x1
 1074 0034 50       		.byte	0x50
 1075 0035 00000000 		.4byte	0
 1076 0039 00000000 		.4byte	0
 1077              	.LLST3:
 1078 003d 00000000 		.4byte	.LVL5
 1079 0041 04000000 		.4byte	.LVL6
 1080 0045 0100     		.2byte	0x1
 1081 0047 50       		.byte	0x50
 1082 0048 04000000 		.4byte	.LVL6
 1083 004c 0A000000 		.4byte	.LFE5
 1084 0050 0400     		.2byte	0x4
 1085 0052 F3       		.byte	0xf3
 1086 0053 01       		.uleb128 0x1
 1087 0054 50       		.byte	0x50
 1088 0055 9F       		.byte	0x9f
 1089 0056 00000000 		.4byte	0
 1090 005a 00000000 		.4byte	0
 1091              	.LLST4:
 1092 005e 00000000 		.4byte	.LVL5
 1093 0062 04000000 		.4byte	.LVL6
 1094 0066 0500     		.2byte	0x5
 1095 0068 70       		.byte	0x70
 1096 0069 80807E   		.sleb128 -32768
 1097 006c 9F       		.byte	0x9f
 1098 006d 04000000 		.4byte	.LVL6
 1099 0071 0A000000 		.4byte	.LFE5
 1100 0075 0800     		.2byte	0x8
 1101 0077 F3       		.byte	0xf3
 1102 0078 01       		.uleb128 0x1
 1103 0079 50       		.byte	0x50
 1104 007a 0A       		.byte	0xa
ARM GAS  C:\Users\jon\AppData\Local\Temp\cc87CsGW.s 			page 27


 1105 007b 0080     		.2byte	0x8000
 1106 007d 1C       		.byte	0x1c
 1107 007e 9F       		.byte	0x9f
 1108 007f 00000000 		.4byte	0
 1109 0083 00000000 		.4byte	0
 1110              	.LLST5:
 1111 0087 10000000 		.4byte	.LVL11
 1112 008b 21000000 		.4byte	.LVL12-1
 1113 008f 0100     		.2byte	0x1
 1114 0091 50       		.byte	0x50
 1115 0092 00000000 		.4byte	0
 1116 0096 00000000 		.4byte	0
 1117              	.LLST6:
 1118 009a 00000000 		.4byte	.LVL8
 1119 009e 08000000 		.4byte	.LVL9
 1120 00a2 0200     		.2byte	0x2
 1121 00a4 3F       		.byte	0x3f
 1122 00a5 9F       		.byte	0x9f
 1123 00a6 00000000 		.4byte	0
 1124 00aa 00000000 		.4byte	0
 1125              		.section	.debug_aranges,"",%progbits
 1126 0000 5C000000 		.4byte	0x5c
 1127 0004 0200     		.2byte	0x2
 1128 0006 00000000 		.4byte	.Ldebug_info0
 1129 000a 04       		.byte	0x4
 1130 000b 00       		.byte	0
 1131 000c 0000     		.2byte	0
 1132 000e 0000     		.2byte	0
 1133 0010 00000000 		.4byte	.LFB0
 1134 0014 02000000 		.4byte	.LFE0-.LFB0
 1135 0018 00000000 		.4byte	.LFB3
 1136 001c 20000000 		.4byte	.LFE3-.LFB3
 1137 0020 00000000 		.4byte	.LFB4
 1138 0024 0E000000 		.4byte	.LFE4-.LFB4
 1139 0028 00000000 		.4byte	.LFB5
 1140 002c 0A000000 		.4byte	.LFE5-.LFB5
 1141 0030 00000000 		.4byte	.LFB6
 1142 0034 10000000 		.4byte	.LFE6-.LFB6
 1143 0038 00000000 		.4byte	.LFB1
 1144 003c 2C000000 		.4byte	.LFE1-.LFB1
 1145 0040 00000000 		.4byte	.LFB2
 1146 0044 24000000 		.4byte	.LFE2-.LFB2
 1147 0048 00000000 		.4byte	.LFB7
 1148 004c 0C000000 		.4byte	.LFE7-.LFB7
 1149 0050 00000000 		.4byte	.LFB8
 1150 0054 10000000 		.4byte	.LFE8-.LFB8
 1151 0058 00000000 		.4byte	0
 1152 005c 00000000 		.4byte	0
 1153              		.section	.debug_ranges,"",%progbits
 1154              	.Ldebug_ranges0:
 1155 0000 00000000 		.4byte	.LFB0
 1156 0004 02000000 		.4byte	.LFE0
 1157 0008 00000000 		.4byte	.LFB3
 1158 000c 20000000 		.4byte	.LFE3
 1159 0010 00000000 		.4byte	.LFB4
 1160 0014 0E000000 		.4byte	.LFE4
 1161 0018 00000000 		.4byte	.LFB5
ARM GAS  C:\Users\jon\AppData\Local\Temp\cc87CsGW.s 			page 28


 1162 001c 0A000000 		.4byte	.LFE5
 1163 0020 00000000 		.4byte	.LFB6
 1164 0024 10000000 		.4byte	.LFE6
 1165 0028 00000000 		.4byte	.LFB1
 1166 002c 2C000000 		.4byte	.LFE1
 1167 0030 00000000 		.4byte	.LFB2
 1168 0034 24000000 		.4byte	.LFE2
 1169 0038 00000000 		.4byte	.LFB7
 1170 003c 0C000000 		.4byte	.LFE7
 1171 0040 00000000 		.4byte	.LFB8
 1172 0044 10000000 		.4byte	.LFE8
 1173 0048 00000000 		.4byte	0
 1174 004c 00000000 		.4byte	0
 1175              		.section	.debug_line,"",%progbits
 1176              	.Ldebug_line0:
 1177 0000 2E010000 		.section	.debug_str,"MS",%progbits,1
 1177      02007000 
 1177      00000201 
 1177      FB0E0D00 
 1177      01010101 
 1178              	.LASF33:
 1179 0000 48616E64 		.ascii	"Handle_Encoder_Cnt16_Start\000"
 1179      6C655F45 
 1179      6E636F64 
 1179      65725F43 
 1179      6E743136 
 1180              	.LASF27:
 1181 001b 48616E64 		.ascii	"Handle_Encoder_GetInterruptMask\000"
 1181      6C655F45 
 1181      6E636F64 
 1181      65725F47 
 1181      6574496E 
 1182              	.LASF28:
 1183 003b 48616E64 		.ascii	"Handle_Encoder_Cnt16_Stop\000"
 1183      6C655F45 
 1183      6E636F64 
 1183      65725F43 
 1183      6E743136 
 1184              	.LASF36:
 1185 0055 433A5C55 		.ascii	"C:\\Users\\jon\\Sync\\Research\\PSoC Projects\\Sens"
 1185      73657273 
 1185      5C6A6F6E 
 1185      5C53796E 
 1185      635C5265 
 1186 0082 6F72732E 		.ascii	"ors.cydsn\000"
 1186      63796473 
 1186      6E00
 1187              	.LASF41:
 1188 008c 76616C75 		.ascii	"value\000"
 1188      6500
 1189              	.LASF20:
 1190 0092 636F756E 		.ascii	"count\000"
 1190      7400
 1191              	.LASF39:
 1192 0098 48616E64 		.ascii	"Handle_Encoder_Init\000"
 1192      6C655F45 
 1192      6E636F64 
ARM GAS  C:\Users\jon\AppData\Local\Temp\cc87CsGW.s 			page 29


 1192      65725F49 
 1192      6E697400 
 1193              	.LASF6:
 1194 00ac 73686F72 		.ascii	"short unsigned int\000"
 1194      7420756E 
 1194      7369676E 
 1194      65642069 
 1194      6E7400
 1195              	.LASF24:
 1196 00bf 48616E64 		.ascii	"Handle_Encoder_Enable\000"
 1196      6C655F45 
 1196      6E636F64 
 1196      65725F45 
 1196      6E61626C 
 1197              	.LASF22:
 1198 00d5 48616E64 		.ascii	"Handle_Encoder_Stop\000"
 1198      6C655F45 
 1198      6E636F64 
 1198      65725F53 
 1198      746F7000 
 1199              	.LASF42:
 1200 00e9 48616E64 		.ascii	"Handle_Encoder_initVar\000"
 1200      6C655F45 
 1200      6E636F64 
 1200      65725F69 
 1200      6E697456 
 1201              	.LASF16:
 1202 0100 666C6F61 		.ascii	"float\000"
 1202      7400
 1203              	.LASF9:
 1204 0106 6C6F6E67 		.ascii	"long long unsigned int\000"
 1204      206C6F6E 
 1204      6720756E 
 1204      7369676E 
 1204      65642069 
 1205              	.LASF4:
 1206 011d 756E7369 		.ascii	"unsigned char\000"
 1206      676E6564 
 1206      20636861 
 1206      7200
 1207              	.LASF18:
 1208 012b 72656738 		.ascii	"reg8\000"
 1208      00
 1209              	.LASF14:
 1210 0130 696E7431 		.ascii	"int16\000"
 1210      3600
 1211              	.LASF34:
 1212 0136 474E5520 		.ascii	"GNU C11 5.4.1 20160609 (release) [ARM/embedded-5-br"
 1212      43313120 
 1212      352E342E 
 1212      31203230 
 1212      31363036 
 1213 0169 616E6368 		.ascii	"anch revision 237715] -mcpu=cortex-m3 -mthumb -g -O"
 1213      20726576 
 1213      6973696F 
 1213      6E203233 
 1213      37373135 
ARM GAS  C:\Users\jon\AppData\Local\Temp\cc87CsGW.s 			page 30


 1214 019c 73202D66 		.ascii	"s -ffunction-sections -ffat-lto-objects\000"
 1214      66756E63 
 1214      74696F6E 
 1214      2D736563 
 1214      74696F6E 
 1215              	.LASF15:
 1216 01c4 696E7433 		.ascii	"int32\000"
 1216      3200
 1217              	.LASF21:
 1218 01ca 746D7043 		.ascii	"tmpCnt\000"
 1218      6E7400
 1219              	.LASF40:
 1220 01d1 48616E64 		.ascii	"Handle_Encoder_GetCounter\000"
 1220      6C655F45 
 1220      6E636F64 
 1220      65725F47 
 1220      6574436F 
 1221              	.LASF19:
 1222 01eb 656E6162 		.ascii	"enableInterrupts\000"
 1222      6C65496E 
 1222      74657272 
 1222      75707473 
 1222      00
 1223              	.LASF17:
 1224 01fc 646F7562 		.ascii	"double\000"
 1224      6C6500
 1225              	.LASF13:
 1226 0203 75696E74 		.ascii	"uint16\000"
 1226      313600
 1227              	.LASF35:
 1228 020a 47656E65 		.ascii	"Generated_Source\\PSoC5\\Handle_Encoder.c\000"
 1228      72617465 
 1228      645F536F 
 1228      75726365 
 1228      5C50536F 
 1229              	.LASF29:
 1230 0232 4379456E 		.ascii	"CyEnterCriticalSection\000"
 1230      74657243 
 1230      72697469 
 1230      63616C53 
 1230      65637469 
 1231              	.LASF8:
 1232 0249 6C6F6E67 		.ascii	"long unsigned int\000"
 1232      20756E73 
 1232      69676E65 
 1232      6420696E 
 1232      7400
 1233              	.LASF0:
 1234 025b 756E7369 		.ascii	"unsigned int\000"
 1234      676E6564 
 1234      20696E74 
 1234      00
 1235              	.LASF25:
 1236 0268 48616E64 		.ascii	"Handle_Encoder_Start\000"
 1236      6C655F45 
 1236      6E636F64 
 1236      65725F53 
ARM GAS  C:\Users\jon\AppData\Local\Temp\cc87CsGW.s 			page 31


 1236      74617274 
 1237              	.LASF30:
 1238 027d 43794578 		.ascii	"CyExitCriticalSection\000"
 1238      69744372 
 1238      69746963 
 1238      616C5365 
 1238      6374696F 
 1239              	.LASF26:
 1240 0293 48616E64 		.ascii	"Handle_Encoder_GetEvents\000"
 1240      6C655F45 
 1240      6E636F64 
 1240      65725F47 
 1240      65744576 
 1241              	.LASF31:
 1242 02ac 48616E64 		.ascii	"Handle_Encoder_Cnt16_ReadCounter\000"
 1242      6C655F45 
 1242      6E636F64 
 1242      65725F43 
 1242      6E743136 
 1243              	.LASF10:
 1244 02cd 73697A65 		.ascii	"sizetype\000"
 1244      74797065 
 1244      00
 1245              	.LASF1:
 1246 02d6 6C6F6E67 		.ascii	"long long int\000"
 1246      206C6F6E 
 1246      6720696E 
 1246      7400
 1247              	.LASF23:
 1248 02e4 48616E64 		.ascii	"Handle_Encoder_SetCounter\000"
 1248      6C655F45 
 1248      6E636F64 
 1248      65725F53 
 1248      6574436F 
 1249              	.LASF38:
 1250 02fe 6D61736B 		.ascii	"mask\000"
 1250      00
 1251              	.LASF5:
 1252 0303 73686F72 		.ascii	"short int\000"
 1252      7420696E 
 1252      7400
 1253              	.LASF32:
 1254 030d 48616E64 		.ascii	"Handle_Encoder_Cnt16_WriteCounter\000"
 1254      6C655F45 
 1254      6E636F64 
 1254      65725F43 
 1254      6E743136 
 1255              	.LASF12:
 1256 032f 75696E74 		.ascii	"uint8\000"
 1256      3800
 1257              	.LASF7:
 1258 0335 6C6F6E67 		.ascii	"long int\000"
 1258      20696E74 
 1258      00
 1259              	.LASF11:
 1260 033e 63686172 		.ascii	"char\000"
 1260      00
ARM GAS  C:\Users\jon\AppData\Local\Temp\cc87CsGW.s 			page 32


 1261              	.LASF2:
 1262 0343 6C6F6E67 		.ascii	"long double\000"
 1262      20646F75 
 1262      626C6500 
 1263              	.LASF3:
 1264 034f 7369676E 		.ascii	"signed char\000"
 1264      65642063 
 1264      68617200 
 1265              	.LASF37:
 1266 035b 48616E64 		.ascii	"Handle_Encoder_SetInterruptMask\000"
 1266      6C655F45 
 1266      6E636F64 
 1266      65725F53 
 1266      6574496E 
 1267              		.ident	"GCC: (GNU Tools for ARM Embedded Processors) 5.4.1 20160609 (release) [ARM/embedded-5-bran
