ARM GAS  C:\Users\jon\AppData\Local\Temp\ccjnuhJj.s 			page 1


   1              		.syntax unified
   2              		.cpu cortex-m3
   3              		.fpu softvfp
   4              		.eabi_attribute 20, 1
   5              		.eabi_attribute 21, 1
   6              		.eabi_attribute 23, 3
   7              		.eabi_attribute 24, 1
   8              		.eabi_attribute 25, 1
   9              		.eabi_attribute 26, 1
  10              		.eabi_attribute 30, 4
  11              		.eabi_attribute 34, 1
  12              		.eabi_attribute 18, 4
  13              		.thumb
  14              		.syntax unified
  15              		.file	"main.c"
  16              		.text
  17              	.Ltext0:
  18              		.cfi_sections	.debug_frame
  19              		.section	.text.rear_hall_isr,"ax",%progbits
  20              		.align	1
  21              		.global	rear_hall_isr
  22              		.thumb
  23              		.thumb_func
  24              		.type	rear_hall_isr, %function
  25              	rear_hall_isr:
  26              	.LFB65:
  27              		.file 1 "main.c"
   1:main.c        **** /* ========================================
   2:main.c        ****  *
   3:main.c        ****  * Copyright YOUR COMPANY, THE YEAR
   4:main.c        ****  * All Rights Reserved
   5:main.c        ****  * UNPUBLISHED, LICENSED SOFTWARE.
   6:main.c        ****  *
   7:main.c        ****  * CONFIDENTIAL AND PROPRIETARY INFORMATION
   8:main.c        ****  * WHICH IS THE PROPERTY OF your company.
   9:main.c        ****  *
  10:main.c        ****  * ========================================
  11:main.c        **** */
  12:main.c        **** #include "project.h"
  13:main.c        **** #include <string.h>
  14:main.c        **** #include <stdio.h>
  15:main.c        **** 
  16:main.c        **** #define STARTBYTE ((uint8)0xAA)
  17:main.c        **** #define REAR_SPEED_IDENT        ((uint8)0x01)
  18:main.c        **** #define FRONT_SPEED_IDENT       ((uint8)0x02)
  19:main.c        **** #define HAND_THROTTLE_IDENT     ((uint8)0x03)
  20:main.c        **** #define REMOTE_THROTTLE_IDENT   ((uint8)0x04)
  21:main.c        **** #define REMOTE_STEERING_IDENT   ((uint8)0x05)
  22:main.c        **** #define REMOTE_BRAKE_IDENT      ((uint8)0x06)
  23:main.c        **** #define PEDAL_HALL_IDENT        ((uint8)0x07)
  24:main.c        **** #define STEERING_ANGLE_IDENT    ((uint8)0x08)
  25:main.c        **** 
  26:main.c        **** CY_ISR_PROTO(rear_hall_isr);
  27:main.c        **** 
  28:main.c        **** uint16 speed;  // speed in m/s * 4096
  29:main.c        **** uint16 time;
  30:main.c        **** 
ARM GAS  C:\Users\jon\AppData\Local\Temp\ccjnuhJj.s 			page 2


  31:main.c        **** int main(void)
  32:main.c        **** {
  33:main.c        ****     CyGlobalIntEnable; /* Enable global interrupts. */
  34:main.c        ****     char sendStr[50];
  35:main.c        ****     
  36:main.c        ****     speed = 0;
  37:main.c        **** 
  38:main.c        ****     USBUART_1_Start(0, USBUART_1_5V_OPERATION); // Start the USB UART
  39:main.c        ****     while(!USBUART_1_bGetConfiguration());
  40:main.c        ****     USBUART_1_CDC_Init();
  41:main.c        ****     
  42:main.c        ****     Timer_Start();
  43:main.c        ****     Hall_Interrupt_StartEx(rear_hall_isr);
  44:main.c        ****     
  45:main.c        ****     for(;;)
  46:main.c        ****     {
  47:main.c        ****         CyDelay(100);
  48:main.c        ****         const uint32 multiplier = 8497971; // (C)(1000)(4096), C=2.0747m
  49:main.c        ****         speed = (uint16)(multiplier / (uint32)time);
  50:main.c        ****         USBUART_1_PutChar(STARTBYTE);
  51:main.c        ****         USBUART_1_PutChar(REAR_SPEED_IDENT);
  52:main.c        ****         USBUART_1_PutData((uint8 *)&speed, 2);
  53:main.c        ****         //sprintf(sendStr, "%d\n\r", speed);
  54:main.c        ****         //USBUART_1_PutString(sendStr);
  55:main.c        ****         
  56:main.c        ****         /* Place your application code here. */
  57:main.c        ****     }
  58:main.c        **** }
  59:main.c        **** 
  60:main.c        **** CY_ISR(rear_hall_isr) {
  28              		.loc 1 60 0
  29              		.cfi_startproc
  30              		@ args = 0, pretend = 0, frame = 0
  31              		@ frame_needed = 0, uses_anonymous_args = 0
  32 0000 08B5     		push	{r3, lr}
  33              		.cfi_def_cfa_offset 8
  34              		.cfi_offset 3, -8
  35              		.cfi_offset 14, -4
  61:main.c        ****     time = Timer_ReadCounter(); // time in ms since last
  36              		.loc 1 61 0
  37 0002 FFF7FEFF 		bl	Timer_ReadCounter
  38              	.LVL0:
  39 0006 034B     		ldr	r3, .L2
  40 0008 1880     		strh	r0, [r3]	@ movhi
  62:main.c        ****     Timer_WriteCounter(0);  // Clear the counter
  41              		.loc 1 62 0
  42 000a 0020     		movs	r0, #0
  63:main.c        **** }
  43              		.loc 1 63 0
  44 000c BDE80840 		pop	{r3, lr}
  45              		.cfi_restore 14
  46              		.cfi_restore 3
  47              		.cfi_def_cfa_offset 0
  62:main.c        ****     Timer_WriteCounter(0);  // Clear the counter
  48              		.loc 1 62 0
  49 0010 FFF7FEBF 		b	Timer_WriteCounter
  50              	.LVL1:
ARM GAS  C:\Users\jon\AppData\Local\Temp\ccjnuhJj.s 			page 3


  51              	.L3:
  52              		.align	2
  53              	.L2:
  54 0014 00000000 		.word	time
  55              		.cfi_endproc
  56              	.LFE65:
  57              		.size	rear_hall_isr, .-rear_hall_isr
  58              		.section	.text.startup.main,"ax",%progbits
  59              		.align	1
  60              		.global	main
  61              		.thumb
  62              		.thumb_func
  63              		.type	main, %function
  64              	main:
  65              	.LFB64:
  32:main.c        ****     CyGlobalIntEnable; /* Enable global interrupts. */
  66              		.loc 1 32 0
  67              		.cfi_startproc
  68              		@ args = 0, pretend = 0, frame = 0
  69              		@ frame_needed = 0, uses_anonymous_args = 0
  70 0000 70B5     		push	{r4, r5, r6, lr}
  71              		.cfi_def_cfa_offset 16
  72              		.cfi_offset 4, -16
  73              		.cfi_offset 5, -12
  74              		.cfi_offset 6, -8
  75              		.cfi_offset 14, -4
  33:main.c        ****     char sendStr[50];
  76              		.loc 1 33 0
  77              		.syntax unified
  78              	@ 33 "main.c" 1
  79 0002 62B6     		CPSIE   i
  80              	@ 0 "" 2
  36:main.c        **** 
  81              		.loc 1 36 0
  82              		.thumb
  83              		.syntax unified
  84 0004 124C     		ldr	r4, .L10
  85 0006 0020     		movs	r0, #0
  38:main.c        ****     while(!USBUART_1_bGetConfiguration());
  86              		.loc 1 38 0
  87 0008 0121     		movs	r1, #1
  36:main.c        **** 
  88              		.loc 1 36 0
  89 000a 2080     		strh	r0, [r4]	@ movhi
  38:main.c        ****     while(!USBUART_1_bGetConfiguration());
  90              		.loc 1 38 0
  91 000c FFF7FEFF 		bl	USBUART_1_Start
  92              	.LVL2:
  93              	.L5:
  39:main.c        ****     USBUART_1_CDC_Init();
  94              		.loc 1 39 0 discriminator 1
  95 0010 FFF7FEFF 		bl	USBUART_1_GetConfiguration
  96              	.LVL3:
  97 0014 0028     		cmp	r0, #0
  98 0016 FBD0     		beq	.L5
  40:main.c        ****     
  99              		.loc 1 40 0
ARM GAS  C:\Users\jon\AppData\Local\Temp\ccjnuhJj.s 			page 4


 100 0018 FFF7FEFF 		bl	USBUART_1_CDC_Init
 101              	.LVL4:
  42:main.c        ****     Hall_Interrupt_StartEx(rear_hall_isr);
 102              		.loc 1 42 0
 103 001c FFF7FEFF 		bl	Timer_Start
 104              	.LVL5:
  43:main.c        ****     
 105              		.loc 1 43 0
 106 0020 0C48     		ldr	r0, .L10+4
 107 0022 FFF7FEFF 		bl	Hall_Interrupt_StartEx
 108              	.LVL6:
 109              	.LBB2:
  49:main.c        ****         USBUART_1_PutChar(STARTBYTE);
 110              		.loc 1 49 0
 111 0026 0C4E     		ldr	r6, .L10+8
 112 0028 0C4D     		ldr	r5, .L10+12
 113              	.L6:
  47:main.c        ****         const uint32 multiplier = 8497971; // (C)(1000)(4096), C=2.0747m
 114              		.loc 1 47 0 discriminator 1
 115 002a 6420     		movs	r0, #100
 116 002c FFF7FEFF 		bl	CyDelay
 117              	.LVL7:
  49:main.c        ****         USBUART_1_PutChar(STARTBYTE);
 118              		.loc 1 49 0 discriminator 1
 119 0030 3388     		ldrh	r3, [r6]
  50:main.c        ****         USBUART_1_PutChar(REAR_SPEED_IDENT);
 120              		.loc 1 50 0 discriminator 1
 121 0032 AA20     		movs	r0, #170
  49:main.c        ****         USBUART_1_PutChar(STARTBYTE);
 122              		.loc 1 49 0 discriminator 1
 123 0034 B5FBF3F3 		udiv	r3, r5, r3
 124 0038 2380     		strh	r3, [r4]	@ movhi
  50:main.c        ****         USBUART_1_PutChar(REAR_SPEED_IDENT);
 125              		.loc 1 50 0 discriminator 1
 126 003a FFF7FEFF 		bl	USBUART_1_PutChar
 127              	.LVL8:
  51:main.c        ****         USBUART_1_PutData((uint8 *)&speed, 2);
 128              		.loc 1 51 0 discriminator 1
 129 003e 0120     		movs	r0, #1
 130 0040 FFF7FEFF 		bl	USBUART_1_PutChar
 131              	.LVL9:
  52:main.c        ****         //sprintf(sendStr, "%d\n\r", speed);
 132              		.loc 1 52 0 discriminator 1
 133 0044 0221     		movs	r1, #2
 134 0046 0248     		ldr	r0, .L10
 135 0048 FFF7FEFF 		bl	USBUART_1_PutData
 136              	.LVL10:
 137 004c EDE7     		b	.L6
 138              	.L11:
 139 004e 00BF     		.align	2
 140              	.L10:
 141 0050 00000000 		.word	speed
 142 0054 00000000 		.word	rear_hall_isr
 143 0058 00000000 		.word	time
 144 005c 33AB8100 		.word	8497971
 145              	.LBE2:
 146              		.cfi_endproc
ARM GAS  C:\Users\jon\AppData\Local\Temp\ccjnuhJj.s 			page 5


 147              	.LFE64:
 148              		.size	main, .-main
 149              		.comm	time,2,2
 150              		.comm	speed,2,2
 151              		.text
 152              	.Letext0:
 153              		.file 2 "c:\\program files (x86)\\cypress\\psoc creator\\4.1\\psoc creator\\import\\gnu\\arm\\5.4.
 154              		.file 3 "c:\\program files (x86)\\cypress\\psoc creator\\4.1\\psoc creator\\import\\gnu\\arm\\5.4.
 155              		.file 4 "Generated_Source\\PSoC5/cytypes.h"
 156              		.file 5 "Generated_Source\\PSoC5/core_cm3.h"
 157              		.file 6 "Generated_Source\\PSoC5/Timer.h"
 158              		.file 7 "Generated_Source\\PSoC5/CyLib.h"
 159              		.file 8 "Generated_Source\\PSoC5/USBUART_1_cdc.h"
 160              		.file 9 "Generated_Source\\PSoC5/USBUART_1.h"
 161              		.file 10 "Generated_Source\\PSoC5/Hall_Interrupt.h"
 162              		.section	.debug_info,"",%progbits
 163              	.Ldebug_info0:
 164 0000 83020000 		.4byte	0x283
 165 0004 0400     		.2byte	0x4
 166 0006 00000000 		.4byte	.Ldebug_abbrev0
 167 000a 04       		.byte	0x4
 168 000b 01       		.uleb128 0x1
 169 000c 56010000 		.4byte	.LASF32
 170 0010 0C       		.byte	0xc
 171 0011 1D020000 		.4byte	.LASF33
 172 0015 1B000000 		.4byte	.LASF34
 173 0019 00000000 		.4byte	.Ldebug_ranges0+0
 174 001d 00000000 		.4byte	0
 175 0021 00000000 		.4byte	.Ldebug_line0
 176 0025 02       		.uleb128 0x2
 177 0026 01       		.byte	0x1
 178 0027 06       		.byte	0x6
 179 0028 79020000 		.4byte	.LASF0
 180 002c 02       		.uleb128 0x2
 181 002d 01       		.byte	0x1
 182 002e 08       		.byte	0x8
 183 002f 92000000 		.4byte	.LASF1
 184 0033 02       		.uleb128 0x2
 185 0034 02       		.byte	0x2
 186 0035 05       		.byte	0x5
 187 0036 F6000000 		.4byte	.LASF2
 188 003a 02       		.uleb128 0x2
 189 003b 02       		.byte	0x2
 190 003c 07       		.byte	0x7
 191 003d B2000000 		.4byte	.LASF3
 192 0041 03       		.uleb128 0x3
 193 0042 52000000 		.4byte	.LASF9
 194 0046 02       		.byte	0x2
 195 0047 3F       		.byte	0x3f
 196 0048 4C000000 		.4byte	0x4c
 197 004c 02       		.uleb128 0x2
 198 004d 04       		.byte	0x4
 199 004e 05       		.byte	0x5
 200 004f 64020000 		.4byte	.LASF4
 201 0053 02       		.uleb128 0x2
 202 0054 04       		.byte	0x4
 203 0055 07       		.byte	0x7
ARM GAS  C:\Users\jon\AppData\Local\Temp\ccjnuhJj.s 			page 6


 204 0056 A0000000 		.4byte	.LASF5
 205 005a 02       		.uleb128 0x2
 206 005b 08       		.byte	0x8
 207 005c 05       		.byte	0x5
 208 005d 0F020000 		.4byte	.LASF6
 209 0061 02       		.uleb128 0x2
 210 0062 08       		.byte	0x8
 211 0063 07       		.byte	0x7
 212 0064 3F010000 		.4byte	.LASF7
 213 0068 04       		.uleb128 0x4
 214 0069 04       		.byte	0x4
 215 006a 05       		.byte	0x5
 216 006b 696E7400 		.ascii	"int\000"
 217 006f 02       		.uleb128 0x2
 218 0070 04       		.byte	0x4
 219 0071 07       		.byte	0x7
 220 0072 32010000 		.4byte	.LASF8
 221 0076 03       		.uleb128 0x3
 222 0077 84000000 		.4byte	.LASF10
 223 007b 03       		.byte	0x3
 224 007c 2C       		.byte	0x2c
 225 007d 41000000 		.4byte	0x41
 226 0081 05       		.uleb128 0x5
 227 0082 3B020000 		.4byte	.LASF11
 228 0086 04       		.byte	0x4
 229 0087 9201     		.2byte	0x192
 230 0089 2C000000 		.4byte	0x2c
 231 008d 05       		.uleb128 0x5
 232 008e 13010000 		.4byte	.LASF12
 233 0092 04       		.byte	0x4
 234 0093 9301     		.2byte	0x193
 235 0095 3A000000 		.4byte	0x3a
 236 0099 05       		.uleb128 0x5
 237 009a 1A010000 		.4byte	.LASF13
 238 009e 04       		.byte	0x4
 239 009f 9401     		.2byte	0x194
 240 00a1 53000000 		.4byte	0x53
 241 00a5 02       		.uleb128 0x2
 242 00a6 04       		.byte	0x4
 243 00a7 04       		.byte	0x4
 244 00a8 8C000000 		.4byte	.LASF14
 245 00ac 02       		.uleb128 0x2
 246 00ad 08       		.byte	0x8
 247 00ae 04       		.byte	0x4
 248 00af DD000000 		.4byte	.LASF15
 249 00b3 02       		.uleb128 0x2
 250 00b4 01       		.byte	0x1
 251 00b5 08       		.byte	0x8
 252 00b6 24020000 		.4byte	.LASF16
 253 00ba 02       		.uleb128 0x2
 254 00bb 08       		.byte	0x8
 255 00bc 04       		.byte	0x4
 256 00bd 6D020000 		.4byte	.LASF17
 257 00c1 02       		.uleb128 0x2
 258 00c2 04       		.byte	0x4
 259 00c3 07       		.byte	0x7
 260 00c4 EF010000 		.4byte	.LASF18
ARM GAS  C:\Users\jon\AppData\Local\Temp\ccjnuhJj.s 			page 7


 261 00c8 06       		.uleb128 0x6
 262 00c9 76000000 		.4byte	.LASF35
 263 00cd 01       		.byte	0x1
 264 00ce 3C       		.byte	0x3c
 265 00cf 00000000 		.4byte	.LFB65
 266 00d3 18000000 		.4byte	.LFE65-.LFB65
 267 00d7 01       		.uleb128 0x1
 268 00d8 9C       		.byte	0x9c
 269 00d9 F6000000 		.4byte	0xf6
 270 00dd 07       		.uleb128 0x7
 271 00de 06000000 		.4byte	.LVL0
 272 00e2 16020000 		.4byte	0x216
 273 00e6 08       		.uleb128 0x8
 274 00e7 14000000 		.4byte	.LVL1
 275 00eb 21020000 		.4byte	0x221
 276 00ef 09       		.uleb128 0x9
 277 00f0 01       		.uleb128 0x1
 278 00f1 50       		.byte	0x50
 279 00f2 01       		.uleb128 0x1
 280 00f3 30       		.byte	0x30
 281 00f4 00       		.byte	0
 282 00f5 00       		.byte	0
 283 00f6 0A       		.uleb128 0xa
 284 00f7 21010000 		.4byte	.LASF36
 285 00fb 01       		.byte	0x1
 286 00fc 1F       		.byte	0x1f
 287 00fd 68000000 		.4byte	0x68
 288 0101 00000000 		.4byte	.LFB64
 289 0105 60000000 		.4byte	.LFE64-.LFB64
 290 0109 01       		.uleb128 0x1
 291 010a 9C       		.byte	0x9c
 292 010b CE010000 		.4byte	0x1ce
 293 010f 0B       		.uleb128 0xb
 294 0110 6E000000 		.4byte	.LASF37
 295 0114 01       		.byte	0x1
 296 0115 22       		.byte	0x22
 297 0116 CE010000 		.4byte	0x1ce
 298 011a 0C       		.uleb128 0xc
 299 011b 26000000 		.4byte	.LBB2
 300 011f 3A000000 		.4byte	.LBE2-.LBB2
 301 0123 87010000 		.4byte	0x187
 302 0127 0D       		.uleb128 0xd
 303 0128 D2000000 		.4byte	.LASF38
 304 012c 01       		.byte	0x1
 305 012d 30       		.byte	0x30
 306 012e DE010000 		.4byte	0x1de
 307 0132 33AB8100 		.4byte	0x81ab33
 308 0136 0E       		.uleb128 0xe
 309 0137 30000000 		.4byte	.LVL7
 310 013b 2C020000 		.4byte	0x22c
 311 013f 4A010000 		.4byte	0x14a
 312 0143 09       		.uleb128 0x9
 313 0144 01       		.uleb128 0x1
 314 0145 50       		.byte	0x50
 315 0146 02       		.uleb128 0x2
 316 0147 08       		.byte	0x8
 317 0148 64       		.byte	0x64
ARM GAS  C:\Users\jon\AppData\Local\Temp\ccjnuhJj.s 			page 8


 318 0149 00       		.byte	0
 319 014a 0E       		.uleb128 0xe
 320 014b 3E000000 		.4byte	.LVL8
 321 014f 37020000 		.4byte	0x237
 322 0153 5E010000 		.4byte	0x15e
 323 0157 09       		.uleb128 0x9
 324 0158 01       		.uleb128 0x1
 325 0159 50       		.byte	0x50
 326 015a 02       		.uleb128 0x2
 327 015b 09       		.byte	0x9
 328 015c AA       		.byte	0xaa
 329 015d 00       		.byte	0
 330 015e 0E       		.uleb128 0xe
 331 015f 44000000 		.4byte	.LVL9
 332 0163 37020000 		.4byte	0x237
 333 0167 71010000 		.4byte	0x171
 334 016b 09       		.uleb128 0x9
 335 016c 01       		.uleb128 0x1
 336 016d 50       		.byte	0x50
 337 016e 01       		.uleb128 0x1
 338 016f 31       		.byte	0x31
 339 0170 00       		.byte	0
 340 0171 0F       		.uleb128 0xf
 341 0172 4C000000 		.4byte	.LVL10
 342 0176 42020000 		.4byte	0x242
 343 017a 09       		.uleb128 0x9
 344 017b 01       		.uleb128 0x1
 345 017c 50       		.byte	0x50
 346 017d 02       		.uleb128 0x2
 347 017e 74       		.byte	0x74
 348 017f 00       		.sleb128 0
 349 0180 09       		.uleb128 0x9
 350 0181 01       		.uleb128 0x1
 351 0182 51       		.byte	0x51
 352 0183 01       		.uleb128 0x1
 353 0184 32       		.byte	0x32
 354 0185 00       		.byte	0
 355 0186 00       		.byte	0
 356 0187 0E       		.uleb128 0xe
 357 0188 10000000 		.4byte	.LVL2
 358 018c 4D020000 		.4byte	0x24d
 359 0190 9F010000 		.4byte	0x19f
 360 0194 09       		.uleb128 0x9
 361 0195 01       		.uleb128 0x1
 362 0196 50       		.byte	0x50
 363 0197 01       		.uleb128 0x1
 364 0198 30       		.byte	0x30
 365 0199 09       		.uleb128 0x9
 366 019a 01       		.uleb128 0x1
 367 019b 51       		.byte	0x51
 368 019c 01       		.uleb128 0x1
 369 019d 31       		.byte	0x31
 370 019e 00       		.byte	0
 371 019f 07       		.uleb128 0x7
 372 01a0 14000000 		.4byte	.LVL3
 373 01a4 59020000 		.4byte	0x259
 374 01a8 07       		.uleb128 0x7
ARM GAS  C:\Users\jon\AppData\Local\Temp\ccjnuhJj.s 			page 9


 375 01a9 1C000000 		.4byte	.LVL4
 376 01ad 65020000 		.4byte	0x265
 377 01b1 07       		.uleb128 0x7
 378 01b2 20000000 		.4byte	.LVL5
 379 01b6 70020000 		.4byte	0x270
 380 01ba 0F       		.uleb128 0xf
 381 01bb 26000000 		.4byte	.LVL6
 382 01bf 7B020000 		.4byte	0x27b
 383 01c3 09       		.uleb128 0x9
 384 01c4 01       		.uleb128 0x1
 385 01c5 50       		.byte	0x50
 386 01c6 05       		.uleb128 0x5
 387 01c7 03       		.byte	0x3
 388 01c8 00000000 		.4byte	rear_hall_isr
 389 01cc 00       		.byte	0
 390 01cd 00       		.byte	0
 391 01ce 10       		.uleb128 0x10
 392 01cf B3000000 		.4byte	0xb3
 393 01d3 DE010000 		.4byte	0x1de
 394 01d7 11       		.uleb128 0x11
 395 01d8 C1000000 		.4byte	0xc1
 396 01dc 31       		.byte	0x31
 397 01dd 00       		.byte	0
 398 01de 12       		.uleb128 0x12
 399 01df 99000000 		.4byte	0x99
 400 01e3 13       		.uleb128 0x13
 401 01e4 C5000000 		.4byte	.LASF19
 402 01e8 05       		.byte	0x5
 403 01e9 1207     		.2byte	0x712
 404 01eb EF010000 		.4byte	0x1ef
 405 01ef 14       		.uleb128 0x14
 406 01f0 76000000 		.4byte	0x76
 407 01f4 15       		.uleb128 0x15
 408 01f5 E9010000 		.4byte	.LASF20
 409 01f9 01       		.byte	0x1
 410 01fa 1C       		.byte	0x1c
 411 01fb 8D000000 		.4byte	0x8d
 412 01ff 05       		.uleb128 0x5
 413 0200 03       		.byte	0x3
 414 0201 00000000 		.4byte	speed
 415 0205 15       		.uleb128 0x15
 416 0206 E4010000 		.4byte	.LASF21
 417 020a 01       		.byte	0x1
 418 020b 1D       		.byte	0x1d
 419 020c 8D000000 		.4byte	0x8d
 420 0210 05       		.uleb128 0x5
 421 0211 03       		.byte	0x3
 422 0212 00000000 		.4byte	time
 423 0216 16       		.uleb128 0x16
 424 0217 5C000000 		.4byte	.LASF22
 425 021b 5C000000 		.4byte	.LASF22
 426 021f 06       		.byte	0x6
 427 0220 5D       		.byte	0x5d
 428 0221 16       		.uleb128 0x16
 429 0222 51020000 		.4byte	.LASF23
 430 0226 51020000 		.4byte	.LASF23
 431 022a 06       		.byte	0x6
ARM GAS  C:\Users\jon\AppData\Local\Temp\ccjnuhJj.s 			page 10


 432 022b 5A       		.byte	0x5a
 433 022c 16       		.uleb128 0x16
 434 022d 85020000 		.4byte	.LASF24
 435 0231 85020000 		.4byte	.LASF24
 436 0235 07       		.byte	0x7
 437 0236 76       		.byte	0x76
 438 0237 16       		.uleb128 0x16
 439 0238 29020000 		.4byte	.LASF25
 440 023c 29020000 		.4byte	.LASF25
 441 0240 08       		.byte	0x8
 442 0241 25       		.byte	0x25
 443 0242 16       		.uleb128 0x16
 444 0243 E4000000 		.4byte	.LASF26
 445 0247 E4000000 		.4byte	.LASF26
 446 024b 08       		.byte	0x8
 447 024c 23       		.byte	0x23
 448 024d 17       		.uleb128 0x17
 449 024e 41020000 		.4byte	.LASF27
 450 0252 41020000 		.4byte	.LASF27
 451 0256 09       		.byte	0x9
 452 0257 2A01     		.2byte	0x12a
 453 0259 17       		.uleb128 0x17
 454 025a 00000000 		.4byte	.LASF28
 455 025e 00000000 		.4byte	.LASF28
 456 0262 09       		.byte	0x9
 457 0263 2D01     		.2byte	0x12d
 458 0265 16       		.uleb128 0x16
 459 0266 00010000 		.4byte	.LASF29
 460 026a 00010000 		.4byte	.LASF29
 461 026e 08       		.byte	0x8
 462 026f 22       		.byte	0x22
 463 0270 16       		.uleb128 0x16
 464 0271 26010000 		.4byte	.LASF30
 465 0275 26010000 		.4byte	.LASF30
 466 0279 06       		.byte	0x6
 467 027a 4F       		.byte	0x4f
 468 027b 16       		.uleb128 0x16
 469 027c F8010000 		.4byte	.LASF31
 470 0280 F8010000 		.4byte	.LASF31
 471 0284 0A       		.byte	0xa
 472 0285 18       		.byte	0x18
 473 0286 00       		.byte	0
 474              		.section	.debug_abbrev,"",%progbits
 475              	.Ldebug_abbrev0:
 476 0000 01       		.uleb128 0x1
 477 0001 11       		.uleb128 0x11
 478 0002 01       		.byte	0x1
 479 0003 25       		.uleb128 0x25
 480 0004 0E       		.uleb128 0xe
 481 0005 13       		.uleb128 0x13
 482 0006 0B       		.uleb128 0xb
 483 0007 03       		.uleb128 0x3
 484 0008 0E       		.uleb128 0xe
 485 0009 1B       		.uleb128 0x1b
 486 000a 0E       		.uleb128 0xe
 487 000b 55       		.uleb128 0x55
 488 000c 17       		.uleb128 0x17
ARM GAS  C:\Users\jon\AppData\Local\Temp\ccjnuhJj.s 			page 11


 489 000d 11       		.uleb128 0x11
 490 000e 01       		.uleb128 0x1
 491 000f 10       		.uleb128 0x10
 492 0010 17       		.uleb128 0x17
 493 0011 00       		.byte	0
 494 0012 00       		.byte	0
 495 0013 02       		.uleb128 0x2
 496 0014 24       		.uleb128 0x24
 497 0015 00       		.byte	0
 498 0016 0B       		.uleb128 0xb
 499 0017 0B       		.uleb128 0xb
 500 0018 3E       		.uleb128 0x3e
 501 0019 0B       		.uleb128 0xb
 502 001a 03       		.uleb128 0x3
 503 001b 0E       		.uleb128 0xe
 504 001c 00       		.byte	0
 505 001d 00       		.byte	0
 506 001e 03       		.uleb128 0x3
 507 001f 16       		.uleb128 0x16
 508 0020 00       		.byte	0
 509 0021 03       		.uleb128 0x3
 510 0022 0E       		.uleb128 0xe
 511 0023 3A       		.uleb128 0x3a
 512 0024 0B       		.uleb128 0xb
 513 0025 3B       		.uleb128 0x3b
 514 0026 0B       		.uleb128 0xb
 515 0027 49       		.uleb128 0x49
 516 0028 13       		.uleb128 0x13
 517 0029 00       		.byte	0
 518 002a 00       		.byte	0
 519 002b 04       		.uleb128 0x4
 520 002c 24       		.uleb128 0x24
 521 002d 00       		.byte	0
 522 002e 0B       		.uleb128 0xb
 523 002f 0B       		.uleb128 0xb
 524 0030 3E       		.uleb128 0x3e
 525 0031 0B       		.uleb128 0xb
 526 0032 03       		.uleb128 0x3
 527 0033 08       		.uleb128 0x8
 528 0034 00       		.byte	0
 529 0035 00       		.byte	0
 530 0036 05       		.uleb128 0x5
 531 0037 16       		.uleb128 0x16
 532 0038 00       		.byte	0
 533 0039 03       		.uleb128 0x3
 534 003a 0E       		.uleb128 0xe
 535 003b 3A       		.uleb128 0x3a
 536 003c 0B       		.uleb128 0xb
 537 003d 3B       		.uleb128 0x3b
 538 003e 05       		.uleb128 0x5
 539 003f 49       		.uleb128 0x49
 540 0040 13       		.uleb128 0x13
 541 0041 00       		.byte	0
 542 0042 00       		.byte	0
 543 0043 06       		.uleb128 0x6
 544 0044 2E       		.uleb128 0x2e
 545 0045 01       		.byte	0x1
ARM GAS  C:\Users\jon\AppData\Local\Temp\ccjnuhJj.s 			page 12


 546 0046 3F       		.uleb128 0x3f
 547 0047 19       		.uleb128 0x19
 548 0048 03       		.uleb128 0x3
 549 0049 0E       		.uleb128 0xe
 550 004a 3A       		.uleb128 0x3a
 551 004b 0B       		.uleb128 0xb
 552 004c 3B       		.uleb128 0x3b
 553 004d 0B       		.uleb128 0xb
 554 004e 27       		.uleb128 0x27
 555 004f 19       		.uleb128 0x19
 556 0050 11       		.uleb128 0x11
 557 0051 01       		.uleb128 0x1
 558 0052 12       		.uleb128 0x12
 559 0053 06       		.uleb128 0x6
 560 0054 40       		.uleb128 0x40
 561 0055 18       		.uleb128 0x18
 562 0056 9742     		.uleb128 0x2117
 563 0058 19       		.uleb128 0x19
 564 0059 01       		.uleb128 0x1
 565 005a 13       		.uleb128 0x13
 566 005b 00       		.byte	0
 567 005c 00       		.byte	0
 568 005d 07       		.uleb128 0x7
 569 005e 898201   		.uleb128 0x4109
 570 0061 00       		.byte	0
 571 0062 11       		.uleb128 0x11
 572 0063 01       		.uleb128 0x1
 573 0064 31       		.uleb128 0x31
 574 0065 13       		.uleb128 0x13
 575 0066 00       		.byte	0
 576 0067 00       		.byte	0
 577 0068 08       		.uleb128 0x8
 578 0069 898201   		.uleb128 0x4109
 579 006c 01       		.byte	0x1
 580 006d 11       		.uleb128 0x11
 581 006e 01       		.uleb128 0x1
 582 006f 9542     		.uleb128 0x2115
 583 0071 19       		.uleb128 0x19
 584 0072 31       		.uleb128 0x31
 585 0073 13       		.uleb128 0x13
 586 0074 00       		.byte	0
 587 0075 00       		.byte	0
 588 0076 09       		.uleb128 0x9
 589 0077 8A8201   		.uleb128 0x410a
 590 007a 00       		.byte	0
 591 007b 02       		.uleb128 0x2
 592 007c 18       		.uleb128 0x18
 593 007d 9142     		.uleb128 0x2111
 594 007f 18       		.uleb128 0x18
 595 0080 00       		.byte	0
 596 0081 00       		.byte	0
 597 0082 0A       		.uleb128 0xa
 598 0083 2E       		.uleb128 0x2e
 599 0084 01       		.byte	0x1
 600 0085 3F       		.uleb128 0x3f
 601 0086 19       		.uleb128 0x19
 602 0087 03       		.uleb128 0x3
ARM GAS  C:\Users\jon\AppData\Local\Temp\ccjnuhJj.s 			page 13


 603 0088 0E       		.uleb128 0xe
 604 0089 3A       		.uleb128 0x3a
 605 008a 0B       		.uleb128 0xb
 606 008b 3B       		.uleb128 0x3b
 607 008c 0B       		.uleb128 0xb
 608 008d 27       		.uleb128 0x27
 609 008e 19       		.uleb128 0x19
 610 008f 49       		.uleb128 0x49
 611 0090 13       		.uleb128 0x13
 612 0091 8701     		.uleb128 0x87
 613 0093 19       		.uleb128 0x19
 614 0094 11       		.uleb128 0x11
 615 0095 01       		.uleb128 0x1
 616 0096 12       		.uleb128 0x12
 617 0097 06       		.uleb128 0x6
 618 0098 40       		.uleb128 0x40
 619 0099 18       		.uleb128 0x18
 620 009a 9742     		.uleb128 0x2117
 621 009c 19       		.uleb128 0x19
 622 009d 01       		.uleb128 0x1
 623 009e 13       		.uleb128 0x13
 624 009f 00       		.byte	0
 625 00a0 00       		.byte	0
 626 00a1 0B       		.uleb128 0xb
 627 00a2 34       		.uleb128 0x34
 628 00a3 00       		.byte	0
 629 00a4 03       		.uleb128 0x3
 630 00a5 0E       		.uleb128 0xe
 631 00a6 3A       		.uleb128 0x3a
 632 00a7 0B       		.uleb128 0xb
 633 00a8 3B       		.uleb128 0x3b
 634 00a9 0B       		.uleb128 0xb
 635 00aa 49       		.uleb128 0x49
 636 00ab 13       		.uleb128 0x13
 637 00ac 00       		.byte	0
 638 00ad 00       		.byte	0
 639 00ae 0C       		.uleb128 0xc
 640 00af 0B       		.uleb128 0xb
 641 00b0 01       		.byte	0x1
 642 00b1 11       		.uleb128 0x11
 643 00b2 01       		.uleb128 0x1
 644 00b3 12       		.uleb128 0x12
 645 00b4 06       		.uleb128 0x6
 646 00b5 01       		.uleb128 0x1
 647 00b6 13       		.uleb128 0x13
 648 00b7 00       		.byte	0
 649 00b8 00       		.byte	0
 650 00b9 0D       		.uleb128 0xd
 651 00ba 34       		.uleb128 0x34
 652 00bb 00       		.byte	0
 653 00bc 03       		.uleb128 0x3
 654 00bd 0E       		.uleb128 0xe
 655 00be 3A       		.uleb128 0x3a
 656 00bf 0B       		.uleb128 0xb
 657 00c0 3B       		.uleb128 0x3b
 658 00c1 0B       		.uleb128 0xb
 659 00c2 49       		.uleb128 0x49
ARM GAS  C:\Users\jon\AppData\Local\Temp\ccjnuhJj.s 			page 14


 660 00c3 13       		.uleb128 0x13
 661 00c4 1C       		.uleb128 0x1c
 662 00c5 06       		.uleb128 0x6
 663 00c6 00       		.byte	0
 664 00c7 00       		.byte	0
 665 00c8 0E       		.uleb128 0xe
 666 00c9 898201   		.uleb128 0x4109
 667 00cc 01       		.byte	0x1
 668 00cd 11       		.uleb128 0x11
 669 00ce 01       		.uleb128 0x1
 670 00cf 31       		.uleb128 0x31
 671 00d0 13       		.uleb128 0x13
 672 00d1 01       		.uleb128 0x1
 673 00d2 13       		.uleb128 0x13
 674 00d3 00       		.byte	0
 675 00d4 00       		.byte	0
 676 00d5 0F       		.uleb128 0xf
 677 00d6 898201   		.uleb128 0x4109
 678 00d9 01       		.byte	0x1
 679 00da 11       		.uleb128 0x11
 680 00db 01       		.uleb128 0x1
 681 00dc 31       		.uleb128 0x31
 682 00dd 13       		.uleb128 0x13
 683 00de 00       		.byte	0
 684 00df 00       		.byte	0
 685 00e0 10       		.uleb128 0x10
 686 00e1 01       		.uleb128 0x1
 687 00e2 01       		.byte	0x1
 688 00e3 49       		.uleb128 0x49
 689 00e4 13       		.uleb128 0x13
 690 00e5 01       		.uleb128 0x1
 691 00e6 13       		.uleb128 0x13
 692 00e7 00       		.byte	0
 693 00e8 00       		.byte	0
 694 00e9 11       		.uleb128 0x11
 695 00ea 21       		.uleb128 0x21
 696 00eb 00       		.byte	0
 697 00ec 49       		.uleb128 0x49
 698 00ed 13       		.uleb128 0x13
 699 00ee 2F       		.uleb128 0x2f
 700 00ef 0B       		.uleb128 0xb
 701 00f0 00       		.byte	0
 702 00f1 00       		.byte	0
 703 00f2 12       		.uleb128 0x12
 704 00f3 26       		.uleb128 0x26
 705 00f4 00       		.byte	0
 706 00f5 49       		.uleb128 0x49
 707 00f6 13       		.uleb128 0x13
 708 00f7 00       		.byte	0
 709 00f8 00       		.byte	0
 710 00f9 13       		.uleb128 0x13
 711 00fa 34       		.uleb128 0x34
 712 00fb 00       		.byte	0
 713 00fc 03       		.uleb128 0x3
 714 00fd 0E       		.uleb128 0xe
 715 00fe 3A       		.uleb128 0x3a
 716 00ff 0B       		.uleb128 0xb
ARM GAS  C:\Users\jon\AppData\Local\Temp\ccjnuhJj.s 			page 15


 717 0100 3B       		.uleb128 0x3b
 718 0101 05       		.uleb128 0x5
 719 0102 49       		.uleb128 0x49
 720 0103 13       		.uleb128 0x13
 721 0104 3F       		.uleb128 0x3f
 722 0105 19       		.uleb128 0x19
 723 0106 3C       		.uleb128 0x3c
 724 0107 19       		.uleb128 0x19
 725 0108 00       		.byte	0
 726 0109 00       		.byte	0
 727 010a 14       		.uleb128 0x14
 728 010b 35       		.uleb128 0x35
 729 010c 00       		.byte	0
 730 010d 49       		.uleb128 0x49
 731 010e 13       		.uleb128 0x13
 732 010f 00       		.byte	0
 733 0110 00       		.byte	0
 734 0111 15       		.uleb128 0x15
 735 0112 34       		.uleb128 0x34
 736 0113 00       		.byte	0
 737 0114 03       		.uleb128 0x3
 738 0115 0E       		.uleb128 0xe
 739 0116 3A       		.uleb128 0x3a
 740 0117 0B       		.uleb128 0xb
 741 0118 3B       		.uleb128 0x3b
 742 0119 0B       		.uleb128 0xb
 743 011a 49       		.uleb128 0x49
 744 011b 13       		.uleb128 0x13
 745 011c 3F       		.uleb128 0x3f
 746 011d 19       		.uleb128 0x19
 747 011e 02       		.uleb128 0x2
 748 011f 18       		.uleb128 0x18
 749 0120 00       		.byte	0
 750 0121 00       		.byte	0
 751 0122 16       		.uleb128 0x16
 752 0123 2E       		.uleb128 0x2e
 753 0124 00       		.byte	0
 754 0125 3F       		.uleb128 0x3f
 755 0126 19       		.uleb128 0x19
 756 0127 3C       		.uleb128 0x3c
 757 0128 19       		.uleb128 0x19
 758 0129 6E       		.uleb128 0x6e
 759 012a 0E       		.uleb128 0xe
 760 012b 03       		.uleb128 0x3
 761 012c 0E       		.uleb128 0xe
 762 012d 3A       		.uleb128 0x3a
 763 012e 0B       		.uleb128 0xb
 764 012f 3B       		.uleb128 0x3b
 765 0130 0B       		.uleb128 0xb
 766 0131 00       		.byte	0
 767 0132 00       		.byte	0
 768 0133 17       		.uleb128 0x17
 769 0134 2E       		.uleb128 0x2e
 770 0135 00       		.byte	0
 771 0136 3F       		.uleb128 0x3f
 772 0137 19       		.uleb128 0x19
 773 0138 3C       		.uleb128 0x3c
ARM GAS  C:\Users\jon\AppData\Local\Temp\ccjnuhJj.s 			page 16


 774 0139 19       		.uleb128 0x19
 775 013a 6E       		.uleb128 0x6e
 776 013b 0E       		.uleb128 0xe
 777 013c 03       		.uleb128 0x3
 778 013d 0E       		.uleb128 0xe
 779 013e 3A       		.uleb128 0x3a
 780 013f 0B       		.uleb128 0xb
 781 0140 3B       		.uleb128 0x3b
 782 0141 05       		.uleb128 0x5
 783 0142 00       		.byte	0
 784 0143 00       		.byte	0
 785 0144 00       		.byte	0
 786              		.section	.debug_aranges,"",%progbits
 787 0000 24000000 		.4byte	0x24
 788 0004 0200     		.2byte	0x2
 789 0006 00000000 		.4byte	.Ldebug_info0
 790 000a 04       		.byte	0x4
 791 000b 00       		.byte	0
 792 000c 0000     		.2byte	0
 793 000e 0000     		.2byte	0
 794 0010 00000000 		.4byte	.LFB65
 795 0014 18000000 		.4byte	.LFE65-.LFB65
 796 0018 00000000 		.4byte	.LFB64
 797 001c 60000000 		.4byte	.LFE64-.LFB64
 798 0020 00000000 		.4byte	0
 799 0024 00000000 		.4byte	0
 800              		.section	.debug_ranges,"",%progbits
 801              	.Ldebug_ranges0:
 802 0000 00000000 		.4byte	.LFB65
 803 0004 18000000 		.4byte	.LFE65
 804 0008 00000000 		.4byte	.LFB64
 805 000c 60000000 		.4byte	.LFE64
 806 0010 00000000 		.4byte	0
 807 0014 00000000 		.4byte	0
 808              		.section	.debug_line,"",%progbits
 809              	.Ldebug_line0:
 810 0000 F1010000 		.section	.debug_str,"MS",%progbits,1
 810      02009801 
 810      00000201 
 810      FB0E0D00 
 810      01010101 
 811              	.LASF28:
 812 0000 55534255 		.ascii	"USBUART_1_GetConfiguration\000"
 812      4152545F 
 812      315F4765 
 812      74436F6E 
 812      66696775 
 813              	.LASF34:
 814 001b 433A5C55 		.ascii	"C:\\Users\\jon\\Sync\\Research\\PSoC Projects\\Sens"
 814      73657273 
 814      5C6A6F6E 
 814      5C53796E 
 814      635C5265 
 815 0048 6F72732E 		.ascii	"ors.cydsn\000"
 815      63796473 
 815      6E00
 816              	.LASF9:
ARM GAS  C:\Users\jon\AppData\Local\Temp\ccjnuhJj.s 			page 17


 817 0052 5F5F696E 		.ascii	"__int32_t\000"
 817      7433325F 
 817      7400
 818              	.LASF22:
 819 005c 54696D65 		.ascii	"Timer_ReadCounter\000"
 819      725F5265 
 819      6164436F 
 819      756E7465 
 819      7200
 820              	.LASF37:
 821 006e 73656E64 		.ascii	"sendStr\000"
 821      53747200 
 822              	.LASF35:
 823 0076 72656172 		.ascii	"rear_hall_isr\000"
 823      5F68616C 
 823      6C5F6973 
 823      7200
 824              	.LASF10:
 825 0084 696E7433 		.ascii	"int32_t\000"
 825      325F7400 
 826              	.LASF14:
 827 008c 666C6F61 		.ascii	"float\000"
 827      7400
 828              	.LASF1:
 829 0092 756E7369 		.ascii	"unsigned char\000"
 829      676E6564 
 829      20636861 
 829      7200
 830              	.LASF5:
 831 00a0 6C6F6E67 		.ascii	"long unsigned int\000"
 831      20756E73 
 831      69676E65 
 831      6420696E 
 831      7400
 832              	.LASF3:
 833 00b2 73686F72 		.ascii	"short unsigned int\000"
 833      7420756E 
 833      7369676E 
 833      65642069 
 833      6E7400
 834              	.LASF19:
 835 00c5 49544D5F 		.ascii	"ITM_RxBuffer\000"
 835      52784275 
 835      66666572 
 835      00
 836              	.LASF38:
 837 00d2 6D756C74 		.ascii	"multiplier\000"
 837      69706C69 
 837      657200
 838              	.LASF15:
 839 00dd 646F7562 		.ascii	"double\000"
 839      6C6500
 840              	.LASF26:
 841 00e4 55534255 		.ascii	"USBUART_1_PutData\000"
 841      4152545F 
 841      315F5075 
 841      74446174 
ARM GAS  C:\Users\jon\AppData\Local\Temp\ccjnuhJj.s 			page 18


 841      6100
 842              	.LASF2:
 843 00f6 73686F72 		.ascii	"short int\000"
 843      7420696E 
 843      7400
 844              	.LASF29:
 845 0100 55534255 		.ascii	"USBUART_1_CDC_Init\000"
 845      4152545F 
 845      315F4344 
 845      435F496E 
 845      697400
 846              	.LASF12:
 847 0113 75696E74 		.ascii	"uint16\000"
 847      313600
 848              	.LASF13:
 849 011a 75696E74 		.ascii	"uint32\000"
 849      333200
 850              	.LASF36:
 851 0121 6D61696E 		.ascii	"main\000"
 851      00
 852              	.LASF30:
 853 0126 54696D65 		.ascii	"Timer_Start\000"
 853      725F5374 
 853      61727400 
 854              	.LASF8:
 855 0132 756E7369 		.ascii	"unsigned int\000"
 855      676E6564 
 855      20696E74 
 855      00
 856              	.LASF7:
 857 013f 6C6F6E67 		.ascii	"long long unsigned int\000"
 857      206C6F6E 
 857      6720756E 
 857      7369676E 
 857      65642069 
 858              	.LASF32:
 859 0156 474E5520 		.ascii	"GNU C11 5.4.1 20160609 (release) [ARM/embedded-5-br"
 859      43313120 
 859      352E342E 
 859      31203230 
 859      31363036 
 860 0189 616E6368 		.ascii	"anch revision 237715] -mcpu=cortex-m3 -mthumb -g -O"
 860      20726576 
 860      6973696F 
 860      6E203233 
 860      37373135 
 861 01bc 73202D66 		.ascii	"s -ffunction-sections -ffat-lto-objects\000"
 861      66756E63 
 861      74696F6E 
 861      2D736563 
 861      74696F6E 
 862              	.LASF21:
 863 01e4 74696D65 		.ascii	"time\000"
 863      00
 864              	.LASF20:
 865 01e9 73706565 		.ascii	"speed\000"
 865      6400
ARM GAS  C:\Users\jon\AppData\Local\Temp\ccjnuhJj.s 			page 19


 866              	.LASF18:
 867 01ef 73697A65 		.ascii	"sizetype\000"
 867      74797065 
 867      00
 868              	.LASF31:
 869 01f8 48616C6C 		.ascii	"Hall_Interrupt_StartEx\000"
 869      5F496E74 
 869      65727275 
 869      70745F53 
 869      74617274 
 870              	.LASF6:
 871 020f 6C6F6E67 		.ascii	"long long int\000"
 871      206C6F6E 
 871      6720696E 
 871      7400
 872              	.LASF33:
 873 021d 6D61696E 		.ascii	"main.c\000"
 873      2E6300
 874              	.LASF16:
 875 0224 63686172 		.ascii	"char\000"
 875      00
 876              	.LASF25:
 877 0229 55534255 		.ascii	"USBUART_1_PutChar\000"
 877      4152545F 
 877      315F5075 
 877      74436861 
 877      7200
 878              	.LASF11:
 879 023b 75696E74 		.ascii	"uint8\000"
 879      3800
 880              	.LASF27:
 881 0241 55534255 		.ascii	"USBUART_1_Start\000"
 881      4152545F 
 881      315F5374 
 881      61727400 
 882              	.LASF23:
 883 0251 54696D65 		.ascii	"Timer_WriteCounter\000"
 883      725F5772 
 883      69746543 
 883      6F756E74 
 883      657200
 884              	.LASF4:
 885 0264 6C6F6E67 		.ascii	"long int\000"
 885      20696E74 
 885      00
 886              	.LASF17:
 887 026d 6C6F6E67 		.ascii	"long double\000"
 887      20646F75 
 887      626C6500 
 888              	.LASF0:
 889 0279 7369676E 		.ascii	"signed char\000"
 889      65642063 
 889      68617200 
 890              	.LASF24:
 891 0285 43794465 		.ascii	"CyDelay\000"
 891      6C617900 
 892              		.ident	"GCC: (GNU Tools for ARM Embedded Processors) 5.4.1 20160609 (release) [ARM/embedded-5-bran
ARM GAS  C:\Users\jon\AppData\Local\Temp\ccjnuhJj.s 			page 20


