ARM GAS  C:\Users\jebush2\AppData\Local\Temp\cciashRR.s 			page 1


   1              		.syntax unified
   2              		.cpu cortex-m3
   3              		.fpu softvfp
   4              		.eabi_attribute 20, 1
   5              		.eabi_attribute 21, 1
   6              		.eabi_attribute 23, 3
   7              		.eabi_attribute 24, 1
   8              		.eabi_attribute 25, 1
   9              		.eabi_attribute 26, 1
  10              		.eabi_attribute 30, 1
  11              		.eabi_attribute 34, 1
  12              		.eabi_attribute 18, 4
  13              		.thumb
  14              		.syntax unified
  15              		.file	"bno055.c"
  16              		.text
  17              	.Ltext0:
  18              		.cfi_sections	.debug_frame
  19              		.section	.text.bno_write,"ax",%progbits
  20              		.align	2
  21              		.global	bno_write
  22              		.thumb
  23              		.thumb_func
  24              		.type	bno_write, %function
  25              	bno_write:
  26              	.LFB64:
  27              		.file 1 "bno055.c"
   1:bno055.c      **** /* ========================================
   2:bno055.c      ****  *
   3:bno055.c      ****  * Copyright YOUR COMPANY, THE YEAR
   4:bno055.c      ****  * All Rights Reserved
   5:bno055.c      ****  * UNPUBLISHED, LICENSED SOFTWARE.
   6:bno055.c      ****  *
   7:bno055.c      ****  * CONFIDENTIAL AND PROPRIETARY INFORMATION
   8:bno055.c      ****  * WHICH IS THE PROPERTY OF your company.
   9:bno055.c      ****  *
  10:bno055.c      ****  * ========================================
  11:bno055.c      **** */
  12:bno055.c      **** 
  13:bno055.c      **** #include "project.h"
  14:bno055.c      **** #include "bno055.h"
  15:bno055.c      **** 
  16:bno055.c      **** #define DEVICE_ADDRESS 0x28
  17:bno055.c      **** 
  18:bno055.c      **** volatile euler_angles orientation = {.roll = 0, .pitch = 0, .yaw = 0};
  19:bno055.c      **** 
  20:bno055.c      **** void bno_init() {
  21:bno055.c      ****     I2C_Start();
  22:bno055.c      ****     CyDelay(1000);
  23:bno055.c      ****     LED_Write(1);
  24:bno055.c      ****     bno_write(BNO055_PWR_MODE_ADDR, POWER_MODE_NORMAL);
  25:bno055.c      ****     bno_write(BNO055_OPR_MODE_ADDR, OPERATION_MODE_IMUPLUS);
  26:bno055.c      **** }
  27:bno055.c      **** 
  28:bno055.c      **** /* writes a single byte register */
  29:bno055.c      **** void bno_write(uint8 reg, uint8 data) {
  28              		.loc 1 29 0
ARM GAS  C:\Users\jebush2\AppData\Local\Temp\cciashRR.s 			page 2


  29              		.cfi_startproc
  30              		@ args = 0, pretend = 0, frame = 0
  31              		@ frame_needed = 0, uses_anonymous_args = 0
  32              	.LVL0:
  33 0000 38B5     		push	{r3, r4, r5, lr}
  34              		.cfi_def_cfa_offset 16
  35              		.cfi_offset 3, -16
  36              		.cfi_offset 4, -12
  37              		.cfi_offset 5, -8
  38              		.cfi_offset 14, -4
  39 0002 0546     		mov	r5, r0
  40 0004 0C46     		mov	r4, r1
  30:bno055.c      ****     I2C_MasterSendStart(DEVICE_ADDRESS, 0);
  41              		.loc 1 30 0
  42 0006 0021     		movs	r1, #0
  43              	.LVL1:
  44 0008 2820     		movs	r0, #40
  45              	.LVL2:
  46 000a FFF7FEFF 		bl	I2C_MasterSendStart
  47              	.LVL3:
  31:bno055.c      ****     
  32:bno055.c      ****     I2C_MasterWriteByte(reg);
  48              		.loc 1 32 0
  49 000e 2846     		mov	r0, r5
  50 0010 FFF7FEFF 		bl	I2C_MasterWriteByte
  51              	.LVL4:
  33:bno055.c      ****     
  34:bno055.c      ****     I2C_MasterWriteByte(data);
  52              		.loc 1 34 0
  53 0014 2046     		mov	r0, r4
  54 0016 FFF7FEFF 		bl	I2C_MasterWriteByte
  55              	.LVL5:
  35:bno055.c      ****     
  36:bno055.c      ****     I2C_MasterSendStop();
  56              		.loc 1 36 0
  57 001a FFF7FEFF 		bl	I2C_MasterSendStop
  58              	.LVL6:
  59 001e 38BD     		pop	{r3, r4, r5, pc}
  60              		.cfi_endproc
  61              	.LFE64:
  62              		.size	bno_write, .-bno_write
  63              		.section	.text.bno_init,"ax",%progbits
  64              		.align	2
  65              		.global	bno_init
  66              		.thumb
  67              		.thumb_func
  68              		.type	bno_init, %function
  69              	bno_init:
  70              	.LFB63:
  20:bno055.c      ****     I2C_Start();
  71              		.loc 1 20 0
  72              		.cfi_startproc
  73              		@ args = 0, pretend = 0, frame = 0
  74              		@ frame_needed = 0, uses_anonymous_args = 0
  75 0000 08B5     		push	{r3, lr}
  76              		.cfi_def_cfa_offset 8
  77              		.cfi_offset 3, -8
ARM GAS  C:\Users\jebush2\AppData\Local\Temp\cciashRR.s 			page 3


  78              		.cfi_offset 14, -4
  21:bno055.c      ****     CyDelay(1000);
  79              		.loc 1 21 0
  80 0002 FFF7FEFF 		bl	I2C_Start
  81              	.LVL7:
  22:bno055.c      ****     LED_Write(1);
  82              		.loc 1 22 0
  83 0006 4FF47A70 		mov	r0, #1000
  84 000a FFF7FEFF 		bl	CyDelay
  85              	.LVL8:
  23:bno055.c      ****     bno_write(BNO055_PWR_MODE_ADDR, POWER_MODE_NORMAL);
  86              		.loc 1 23 0
  87 000e 0120     		movs	r0, #1
  88 0010 FFF7FEFF 		bl	LED_Write
  89              	.LVL9:
  24:bno055.c      ****     bno_write(BNO055_OPR_MODE_ADDR, OPERATION_MODE_IMUPLUS);
  90              		.loc 1 24 0
  91 0014 0021     		movs	r1, #0
  92 0016 3E20     		movs	r0, #62
  93 0018 FFF7FEFF 		bl	bno_write
  94              	.LVL10:
  25:bno055.c      **** }
  95              		.loc 1 25 0
  96 001c 0821     		movs	r1, #8
  97 001e 3D20     		movs	r0, #61
  98 0020 FFF7FEFF 		bl	bno_write
  99              	.LVL11:
 100 0024 08BD     		pop	{r3, pc}
 101              		.cfi_endproc
 102              	.LFE63:
 103              		.size	bno_init, .-bno_init
 104 0026 00BF     		.section	.text.bno_read,"ax",%progbits
 105              		.align	2
 106              		.global	bno_read
 107              		.thumb
 108              		.thumb_func
 109              		.type	bno_read, %function
 110              	bno_read:
 111              	.LFB65:
  37:bno055.c      ****     
  38:bno055.c      **** }
  39:bno055.c      **** 
  40:bno055.c      **** /* reads a single byte register */
  41:bno055.c      **** uint8 bno_read(uint8 reg) {
 112              		.loc 1 41 0
 113              		.cfi_startproc
 114              		@ args = 0, pretend = 0, frame = 0
 115              		@ frame_needed = 0, uses_anonymous_args = 0
 116              	.LVL12:
 117 0000 10B5     		push	{r4, lr}
 118              		.cfi_def_cfa_offset 8
 119              		.cfi_offset 4, -8
 120              		.cfi_offset 14, -4
 121 0002 0446     		mov	r4, r0
  42:bno055.c      ****     I2C_MasterSendStart(DEVICE_ADDRESS, 0);
 122              		.loc 1 42 0
 123 0004 0021     		movs	r1, #0
ARM GAS  C:\Users\jebush2\AppData\Local\Temp\cciashRR.s 			page 4


 124 0006 2820     		movs	r0, #40
 125              	.LVL13:
 126 0008 FFF7FEFF 		bl	I2C_MasterSendStart
 127              	.LVL14:
  43:bno055.c      ****     I2C_MasterWriteByte(reg);
 128              		.loc 1 43 0
 129 000c 2046     		mov	r0, r4
 130 000e FFF7FEFF 		bl	I2C_MasterWriteByte
 131              	.LVL15:
  44:bno055.c      ****     I2C_MasterSendStart(DEVICE_ADDRESS, 1);
 132              		.loc 1 44 0
 133 0012 0121     		movs	r1, #1
 134 0014 2820     		movs	r0, #40
 135 0016 FFF7FEFF 		bl	I2C_MasterSendStart
 136              	.LVL16:
  45:bno055.c      ****     uint8 data = I2C_MasterReadByte(I2C_NAK_DATA);
 137              		.loc 1 45 0
 138 001a 0020     		movs	r0, #0
 139 001c FFF7FEFF 		bl	I2C_MasterReadByte
 140              	.LVL17:
 141 0020 0446     		mov	r4, r0
 142              	.LVL18:
  46:bno055.c      ****     I2C_MasterSendStop();
 143              		.loc 1 46 0
 144 0022 FFF7FEFF 		bl	I2C_MasterSendStop
 145              	.LVL19:
  47:bno055.c      ****     return data;
  48:bno055.c      **** }
 146              		.loc 1 48 0
 147 0026 2046     		mov	r0, r4
 148 0028 10BD     		pop	{r4, pc}
 149              		.cfi_endproc
 150              	.LFE65:
 151              		.size	bno_read, .-bno_read
 152              		.section	.text.bno_readbuf,"ax",%progbits
 153              		.align	2
 154              		.global	bno_readbuf
 155              		.thumb
 156              		.thumb_func
 157              		.type	bno_readbuf, %function
 158              	bno_readbuf:
 159              	.LFB66:
  49:bno055.c      **** 
  50:bno055.c      **** /* read data register into rdData buffer */
  51:bno055.c      **** void bno_readbuf(uint8 reg, uint8 * rdData, uint8 cnt) {
 160              		.loc 1 51 0
 161              		.cfi_startproc
 162              		@ args = 0, pretend = 0, frame = 0
 163              		@ frame_needed = 0, uses_anonymous_args = 0
 164              	.LVL20:
 165 0000 70B5     		push	{r4, r5, r6, lr}
 166              		.cfi_def_cfa_offset 16
 167              		.cfi_offset 4, -16
 168              		.cfi_offset 5, -12
 169              		.cfi_offset 6, -8
 170              		.cfi_offset 14, -4
 171 0002 0646     		mov	r6, r0
ARM GAS  C:\Users\jebush2\AppData\Local\Temp\cciashRR.s 			page 5


 172 0004 0C46     		mov	r4, r1
 173 0006 1546     		mov	r5, r2
  52:bno055.c      ****     I2C_MasterSendStart(DEVICE_ADDRESS, 0);
 174              		.loc 1 52 0
 175 0008 0021     		movs	r1, #0
 176              	.LVL21:
 177 000a 2820     		movs	r0, #40
 178              	.LVL22:
 179 000c FFF7FEFF 		bl	I2C_MasterSendStart
 180              	.LVL23:
  53:bno055.c      ****     I2C_MasterWriteByte(reg);
 181              		.loc 1 53 0
 182 0010 3046     		mov	r0, r6
 183 0012 FFF7FEFF 		bl	I2C_MasterWriteByte
 184              	.LVL24:
  54:bno055.c      ****     I2C_MasterReadBuf(DEVICE_ADDRESS, rdData, cnt, I2C_MODE_COMPLETE_XFER);
 185              		.loc 1 54 0
 186 0016 0023     		movs	r3, #0
 187 0018 2A46     		mov	r2, r5
 188 001a 2146     		mov	r1, r4
 189 001c 2820     		movs	r0, #40
 190 001e FFF7FEFF 		bl	I2C_MasterReadBuf
 191              	.LVL25:
 192 0022 70BD     		pop	{r4, r5, r6, pc}
 193              		.cfi_endproc
 194              	.LFE66:
 195              		.size	bno_readbuf, .-bno_readbuf
 196              		.global	__aeabi_i2d
 197              		.global	__aeabi_ddiv
 198              		.global	__aeabi_d2f
 199              		.section	.text.bno_update,"ax",%progbits
 200              		.align	2
 201              		.global	bno_update
 202              		.thumb
 203              		.thumb_func
 204              		.type	bno_update, %function
 205              	bno_update:
 206              	.LFB67:
  55:bno055.c      **** }
  56:bno055.c      **** 
  57:bno055.c      **** void bno_update() {
 207              		.loc 1 57 0
 208              		.cfi_startproc
 209              		@ args = 0, pretend = 0, frame = 8
 210              		@ frame_needed = 0, uses_anonymous_args = 0
 211 0000 10B5     		push	{r4, lr}
 212              		.cfi_def_cfa_offset 8
 213              		.cfi_offset 4, -8
 214              		.cfi_offset 14, -4
 215 0002 82B0     		sub	sp, sp, #8
 216              		.cfi_def_cfa_offset 16
  58:bno055.c      ****     uint8 buffer[6];
  59:bno055.c      ****     bno_readbuf(BNO055_EULER_H_LSB_ADDR, buffer, 6);
 217              		.loc 1 59 0
 218 0004 0622     		movs	r2, #6
 219 0006 6946     		mov	r1, sp
 220 0008 1A20     		movs	r0, #26
ARM GAS  C:\Users\jebush2\AppData\Local\Temp\cciashRR.s 			page 6


 221 000a FFF7FEFF 		bl	bno_readbuf
 222              	.LVL26:
  60:bno055.c      ****     orientation.yaw   = (int16)((uint16)buffer[1] << 8 | (uint16)buffer[0]) / 900.0;
 223              		.loc 1 60 0
 224 000e 9DF80100 		ldrb	r0, [sp, #1]	@ zero_extendqisi2
 225 0012 9DF80030 		ldrb	r3, [sp]	@ zero_extendqisi2
 226 0016 43EA0020 		orr	r0, r3, r0, lsl #8
 227 001a 00B2     		sxth	r0, r0
 228 001c FFF7FEFF 		bl	__aeabi_i2d
 229              	.LVL27:
 230 0020 0022     		movs	r2, #0
 231 0022 144B     		ldr	r3, .L11
 232 0024 FFF7FEFF 		bl	__aeabi_ddiv
 233              	.LVL28:
 234 0028 FFF7FEFF 		bl	__aeabi_d2f
 235              	.LVL29:
 236 002c 124C     		ldr	r4, .L11+4
 237 002e A060     		str	r0, [r4, #8]	@ float
  61:bno055.c      ****     orientation.roll  = (int16)((uint16)buffer[3] << 8 | (uint16)buffer[2]) / 900.0;
 238              		.loc 1 61 0
 239 0030 9DF80300 		ldrb	r0, [sp, #3]	@ zero_extendqisi2
 240 0034 9DF80230 		ldrb	r3, [sp, #2]	@ zero_extendqisi2
 241 0038 43EA0020 		orr	r0, r3, r0, lsl #8
 242 003c 00B2     		sxth	r0, r0
 243 003e FFF7FEFF 		bl	__aeabi_i2d
 244              	.LVL30:
 245 0042 0022     		movs	r2, #0
 246 0044 0B4B     		ldr	r3, .L11
 247 0046 FFF7FEFF 		bl	__aeabi_ddiv
 248              	.LVL31:
 249 004a FFF7FEFF 		bl	__aeabi_d2f
 250              	.LVL32:
 251 004e 2060     		str	r0, [r4]	@ float
  62:bno055.c      ****     orientation.pitch = (int16)((uint16)buffer[5] << 8 | (uint16)buffer[4]) / 900.0;   
 252              		.loc 1 62 0
 253 0050 9DF80500 		ldrb	r0, [sp, #5]	@ zero_extendqisi2
 254 0054 9DF80430 		ldrb	r3, [sp, #4]	@ zero_extendqisi2
 255 0058 43EA0020 		orr	r0, r3, r0, lsl #8
 256 005c 00B2     		sxth	r0, r0
 257 005e FFF7FEFF 		bl	__aeabi_i2d
 258              	.LVL33:
 259 0062 0022     		movs	r2, #0
 260 0064 034B     		ldr	r3, .L11
 261 0066 FFF7FEFF 		bl	__aeabi_ddiv
 262              	.LVL34:
 263 006a FFF7FEFF 		bl	__aeabi_d2f
 264              	.LVL35:
 265 006e 6060     		str	r0, [r4, #4]	@ float
  63:bno055.c      **** }
 266              		.loc 1 63 0
 267 0070 02B0     		add	sp, sp, #8
 268              		.cfi_def_cfa_offset 8
 269              		@ sp needed
 270 0072 10BD     		pop	{r4, pc}
 271              	.L12:
 272              		.align	2
 273              	.L11:
ARM GAS  C:\Users\jebush2\AppData\Local\Temp\cciashRR.s 			page 7


 274 0074 00208C40 		.word	1082925056
 275 0078 00000000 		.word	.LANCHOR0
 276              		.cfi_endproc
 277              	.LFE67:
 278              		.size	bno_update, .-bno_update
 279              		.global	orientation
 280              		.bss
 281              		.align	2
 282              		.set	.LANCHOR0,. + 0
 283              		.type	orientation, %object
 284              		.size	orientation, 12
 285              	orientation:
 286 0000 00000000 		.space	12
 286      00000000 
 286      00000000 
 287              		.text
 288              	.Letext0:
 289              		.file 2 "c:\\program files (x86)\\cypress\\psoc creator\\4.2\\psoc creator\\import\\gnu\\arm\\5.4.
 290              		.file 3 "c:\\program files (x86)\\cypress\\psoc creator\\4.2\\psoc creator\\import\\gnu\\arm\\5.4.
 291              		.file 4 "Generated_Source\\PSoC5/cytypes.h"
 292              		.file 5 "bno055.h"
 293              		.file 6 "Generated_Source\\PSoC5/core_cm3.h"
 294              		.file 7 "Generated_Source\\PSoC5/I2C.h"
 295              		.file 8 "Generated_Source\\PSoC5/CyLib.h"
 296              		.file 9 "Generated_Source\\PSoC5/LED.h"
 297              		.section	.debug_info,"",%progbits
 298              	.Ldebug_info0:
 299 0000 F5060000 		.4byte	0x6f5
 300 0004 0400     		.2byte	0x4
 301 0006 00000000 		.4byte	.Ldebug_abbrev0
 302 000a 04       		.byte	0x4
 303 000b 01       		.uleb128 0x1
 304 000c A7040000 		.4byte	.LASF162
 305 0010 0C       		.byte	0xc
 306 0011 6F080000 		.4byte	.LASF163
 307 0015 8F0B0000 		.4byte	.LASF164
 308 0019 00000000 		.4byte	.Ldebug_ranges0+0
 309 001d 00000000 		.4byte	0
 310 0021 00000000 		.4byte	.Ldebug_line0
 311 0025 02       		.uleb128 0x2
 312 0026 01       		.byte	0x1
 313 0027 06       		.byte	0x6
 314 0028 270E0000 		.4byte	.LASF0
 315 002c 02       		.uleb128 0x2
 316 002d 01       		.byte	0x1
 317 002e 08       		.byte	0x8
 318 002f DE0C0000 		.4byte	.LASF1
 319 0033 02       		.uleb128 0x2
 320 0034 02       		.byte	0x2
 321 0035 05       		.byte	0x5
 322 0036 230A0000 		.4byte	.LASF2
 323 003a 02       		.uleb128 0x2
 324 003b 02       		.byte	0x2
 325 003c 07       		.byte	0x7
 326 003d 500E0000 		.4byte	.LASF3
 327 0041 03       		.uleb128 0x3
 328 0042 54010000 		.4byte	.LASF9
ARM GAS  C:\Users\jebush2\AppData\Local\Temp\cciashRR.s 			page 8


 329 0046 02       		.byte	0x2
 330 0047 3F       		.byte	0x3f
 331 0048 4C000000 		.4byte	0x4c
 332 004c 02       		.uleb128 0x2
 333 004d 04       		.byte	0x4
 334 004e 05       		.byte	0x5
 335 004f 2D0A0000 		.4byte	.LASF4
 336 0053 02       		.uleb128 0x2
 337 0054 04       		.byte	0x4
 338 0055 07       		.byte	0x7
 339 0056 280C0000 		.4byte	.LASF5
 340 005a 02       		.uleb128 0x2
 341 005b 08       		.byte	0x8
 342 005c 05       		.byte	0x5
 343 005d AE070000 		.4byte	.LASF6
 344 0061 02       		.uleb128 0x2
 345 0062 08       		.byte	0x8
 346 0063 07       		.byte	0x7
 347 0064 B4030000 		.4byte	.LASF7
 348 0068 04       		.uleb128 0x4
 349 0069 04       		.byte	0x4
 350 006a 05       		.byte	0x5
 351 006b 696E7400 		.ascii	"int\000"
 352 006f 02       		.uleb128 0x2
 353 0070 04       		.byte	0x4
 354 0071 07       		.byte	0x7
 355 0072 2F010000 		.4byte	.LASF8
 356 0076 03       		.uleb128 0x3
 357 0077 6A0C0000 		.4byte	.LASF10
 358 007b 03       		.byte	0x3
 359 007c 2C       		.byte	0x2c
 360 007d 41000000 		.4byte	0x41
 361 0081 05       		.uleb128 0x5
 362 0082 900E0000 		.4byte	.LASF11
 363 0086 04       		.byte	0x4
 364 0087 E401     		.2byte	0x1e4
 365 0089 2C000000 		.4byte	0x2c
 366 008d 05       		.uleb128 0x5
 367 008e 28070000 		.4byte	.LASF12
 368 0092 04       		.byte	0x4
 369 0093 E501     		.2byte	0x1e5
 370 0095 3A000000 		.4byte	0x3a
 371 0099 05       		.uleb128 0x5
 372 009a 5E010000 		.4byte	.LASF13
 373 009e 04       		.byte	0x4
 374 009f E801     		.2byte	0x1e8
 375 00a1 33000000 		.4byte	0x33
 376 00a5 02       		.uleb128 0x2
 377 00a6 04       		.byte	0x4
 378 00a7 04       		.byte	0x4
 379 00a8 AE030000 		.4byte	.LASF14
 380 00ac 02       		.uleb128 0x2
 381 00ad 08       		.byte	0x8
 382 00ae 04       		.byte	0x4
 383 00af 960E0000 		.4byte	.LASF15
 384 00b3 02       		.uleb128 0x2
 385 00b4 01       		.byte	0x1
ARM GAS  C:\Users\jebush2\AppData\Local\Temp\cciashRR.s 			page 9


 386 00b5 08       		.byte	0x8
 387 00b6 82060000 		.4byte	.LASF16
 388 00ba 02       		.uleb128 0x2
 389 00bb 08       		.byte	0x8
 390 00bc 04       		.byte	0x4
 391 00bd 15090000 		.4byte	.LASF17
 392 00c1 02       		.uleb128 0x2
 393 00c2 04       		.byte	0x4
 394 00c3 07       		.byte	0x7
 395 00c4 090C0000 		.4byte	.LASF18
 396 00c8 06       		.uleb128 0x6
 397 00c9 01       		.byte	0x1
 398 00ca 2C000000 		.4byte	0x2c
 399 00ce 05       		.byte	0x5
 400 00cf 10       		.byte	0x10
 401 00d0 57030000 		.4byte	0x357
 402 00d4 07       		.uleb128 0x7
 403 00d5 E60A0000 		.4byte	.LASF19
 404 00d9 07       		.byte	0x7
 405 00da 07       		.uleb128 0x7
 406 00db 83090000 		.4byte	.LASF20
 407 00df 00       		.byte	0
 408 00e0 07       		.uleb128 0x7
 409 00e1 7C050000 		.4byte	.LASF21
 410 00e5 01       		.byte	0x1
 411 00e6 07       		.uleb128 0x7
 412 00e7 850A0000 		.4byte	.LASF22
 413 00eb 02       		.byte	0x2
 414 00ec 07       		.uleb128 0x7
 415 00ed 9A080000 		.4byte	.LASF23
 416 00f1 03       		.byte	0x3
 417 00f2 07       		.uleb128 0x7
 418 00f3 360A0000 		.4byte	.LASF24
 419 00f7 04       		.byte	0x4
 420 00f8 07       		.uleb128 0x7
 421 00f9 15010000 		.4byte	.LASF25
 422 00fd 05       		.byte	0x5
 423 00fe 07       		.uleb128 0x7
 424 00ff 34070000 		.4byte	.LASF26
 425 0103 06       		.byte	0x6
 426 0104 07       		.uleb128 0x7
 427 0105 DD020000 		.4byte	.LASF27
 428 0109 08       		.byte	0x8
 429 010a 07       		.uleb128 0x7
 430 010b 52080000 		.4byte	.LASF28
 431 010f 09       		.byte	0x9
 432 0110 07       		.uleb128 0x7
 433 0111 65060000 		.4byte	.LASF29
 434 0115 0A       		.byte	0xa
 435 0116 07       		.uleb128 0x7
 436 0117 B00D0000 		.4byte	.LASF30
 437 011b 0B       		.byte	0xb
 438 011c 07       		.uleb128 0x7
 439 011d 2E090000 		.4byte	.LASF31
 440 0121 0C       		.byte	0xc
 441 0122 07       		.uleb128 0x7
 442 0123 1F000000 		.4byte	.LASF32
ARM GAS  C:\Users\jebush2\AppData\Local\Temp\cciashRR.s 			page 10


 443 0127 0D       		.byte	0xd
 444 0128 07       		.uleb128 0x7
 445 0129 9F060000 		.4byte	.LASF33
 446 012d 0E       		.byte	0xe
 447 012e 07       		.uleb128 0x7
 448 012f 3A0C0000 		.4byte	.LASF34
 449 0133 0F       		.byte	0xf
 450 0134 07       		.uleb128 0x7
 451 0135 4B090000 		.4byte	.LASF35
 452 0139 10       		.byte	0x10
 453 013a 07       		.uleb128 0x7
 454 013b 6A000000 		.4byte	.LASF36
 455 013f 11       		.byte	0x11
 456 0140 07       		.uleb128 0x7
 457 0141 440D0000 		.4byte	.LASF37
 458 0145 12       		.byte	0x12
 459 0146 07       		.uleb128 0x7
 460 0147 CB030000 		.4byte	.LASF38
 461 014b 13       		.byte	0x13
 462 014c 07       		.uleb128 0x7
 463 014d D9070000 		.4byte	.LASF39
 464 0151 14       		.byte	0x14
 465 0152 07       		.uleb128 0x7
 466 0153 7C0D0000 		.4byte	.LASF40
 467 0157 15       		.byte	0x15
 468 0158 07       		.uleb128 0x7
 469 0159 170B0000 		.4byte	.LASF41
 470 015d 16       		.byte	0x16
 471 015e 07       		.uleb128 0x7
 472 015f 87010000 		.4byte	.LASF42
 473 0163 17       		.byte	0x17
 474 0164 07       		.uleb128 0x7
 475 0165 9D0E0000 		.4byte	.LASF43
 476 0169 18       		.byte	0x18
 477 016a 07       		.uleb128 0x7
 478 016b 49050000 		.4byte	.LASF44
 479 016f 19       		.byte	0x19
 480 0170 07       		.uleb128 0x7
 481 0171 66070000 		.4byte	.LASF45
 482 0175 1A       		.byte	0x1a
 483 0176 07       		.uleb128 0x7
 484 0177 140D0000 		.4byte	.LASF46
 485 017b 1B       		.byte	0x1b
 486 017c 07       		.uleb128 0x7
 487 017d 2C0D0000 		.4byte	.LASF47
 488 0181 1C       		.byte	0x1c
 489 0182 07       		.uleb128 0x7
 490 0183 FB010000 		.4byte	.LASF48
 491 0187 1D       		.byte	0x1d
 492 0188 07       		.uleb128 0x7
 493 0189 78040000 		.4byte	.LASF49
 494 018d 1E       		.byte	0x1e
 495 018e 07       		.uleb128 0x7
 496 018f 0B0A0000 		.4byte	.LASF50
 497 0193 1F       		.byte	0x1f
 498 0194 07       		.uleb128 0x7
 499 0195 F70E0000 		.4byte	.LASF51
ARM GAS  C:\Users\jebush2\AppData\Local\Temp\cciashRR.s 			page 11


 500 0199 20       		.byte	0x20
 501 019a 07       		.uleb128 0x7
 502 019b B4050000 		.4byte	.LASF52
 503 019f 21       		.byte	0x21
 504 01a0 07       		.uleb128 0x7
 505 01a1 78030000 		.4byte	.LASF53
 506 01a5 22       		.byte	0x22
 507 01a6 07       		.uleb128 0x7
 508 01a7 78080000 		.4byte	.LASF54
 509 01ab 23       		.byte	0x23
 510 01ac 07       		.uleb128 0x7
 511 01ad EA060000 		.4byte	.LASF55
 512 01b1 24       		.byte	0x24
 513 01b2 07       		.uleb128 0x7
 514 01b3 720C0000 		.4byte	.LASF56
 515 01b7 25       		.byte	0x25
 516 01b8 07       		.uleb128 0x7
 517 01b9 D10B0000 		.4byte	.LASF57
 518 01bd 26       		.byte	0x26
 519 01be 07       		.uleb128 0x7
 520 01bf 85000000 		.4byte	.LASF58
 521 01c3 27       		.byte	0x27
 522 01c4 07       		.uleb128 0x7
 523 01c5 54040000 		.4byte	.LASF59
 524 01c9 28       		.byte	0x28
 525 01ca 07       		.uleb128 0x7
 526 01cb DE090000 		.4byte	.LASF60
 527 01cf 29       		.byte	0x29
 528 01d0 07       		.uleb128 0x7
 529 01d1 F5070000 		.4byte	.LASF61
 530 01d5 2A       		.byte	0x2a
 531 01d6 07       		.uleb128 0x7
 532 01d7 EC0D0000 		.4byte	.LASF62
 533 01db 2B       		.byte	0x2b
 534 01dc 07       		.uleb128 0x7
 535 01dd 620B0000 		.4byte	.LASF63
 536 01e1 2C       		.byte	0x2c
 537 01e2 07       		.uleb128 0x7
 538 01e3 D7010000 		.4byte	.LASF64
 539 01e7 2D       		.byte	0x2d
 540 01e8 07       		.uleb128 0x7
 541 01e9 CD0D0000 		.4byte	.LASF65
 542 01ed 2E       		.byte	0x2e
 543 01ee 07       		.uleb128 0x7
 544 01ef 18040000 		.4byte	.LASF66
 545 01f3 2F       		.byte	0x2f
 546 01f4 07       		.uleb128 0x7
 547 01f5 A3010000 		.4byte	.LASF67
 548 01f9 30       		.byte	0x30
 549 01fa 07       		.uleb128 0x7
 550 01fb F9030000 		.4byte	.LASF68
 551 01ff 31       		.byte	0x31
 552 0200 07       		.uleb128 0x7
 553 0201 95050000 		.4byte	.LASF69
 554 0205 32       		.byte	0x32
 555 0206 07       		.uleb128 0x7
 556 0207 C70A0000 		.4byte	.LASF70
ARM GAS  C:\Users\jebush2\AppData\Local\Temp\cciashRR.s 			page 12


 557 020b 33       		.byte	0x33
 558 020c 07       		.uleb128 0x7
 559 020d 5D0A0000 		.4byte	.LASF71
 560 0211 34       		.byte	0x34
 561 0212 07       		.uleb128 0x7
 562 0213 65050000 		.4byte	.LASF72
 563 0217 35       		.byte	0x35
 564 0218 07       		.uleb128 0x7
 565 0219 F9080000 		.4byte	.LASF73
 566 021d 36       		.byte	0x36
 567 021e 07       		.uleb128 0x7
 568 021f 7A0E0000 		.4byte	.LASF74
 569 0223 37       		.byte	0x37
 570 0224 07       		.uleb128 0x7
 571 0225 3C000000 		.4byte	.LASF75
 572 0229 38       		.byte	0x38
 573 022a 07       		.uleb128 0x7
 574 022b 55000000 		.4byte	.LASF76
 575 022f 39       		.byte	0x39
 576 0230 07       		.uleb128 0x7
 577 0231 D6000000 		.4byte	.LASF77
 578 0235 3A       		.byte	0x3a
 579 0236 07       		.uleb128 0x7
 580 0237 550C0000 		.4byte	.LASF78
 581 023b 3B       		.byte	0x3b
 582 023c 07       		.uleb128 0x7
 583 023d 04030000 		.4byte	.LASF79
 584 0241 3C       		.byte	0x3c
 585 0242 07       		.uleb128 0x7
 586 0243 C2010000 		.4byte	.LASF80
 587 0247 3D       		.byte	0x3d
 588 0248 07       		.uleb128 0x7
 589 0249 94020000 		.4byte	.LASF81
 590 024d 3E       		.byte	0x3e
 591 024e 07       		.uleb128 0x7
 592 024f 9C0A0000 		.4byte	.LASF82
 593 0253 3F       		.byte	0x3f
 594 0254 07       		.uleb128 0x7
 595 0255 980D0000 		.4byte	.LASF83
 596 0259 40       		.byte	0x40
 597 025a 07       		.uleb128 0x7
 598 025b 7E070000 		.4byte	.LASF84
 599 025f 41       		.byte	0x41
 600 0260 07       		.uleb128 0x7
 601 0261 940C0000 		.4byte	.LASF85
 602 0265 42       		.byte	0x42
 603 0266 07       		.uleb128 0x7
 604 0267 330E0000 		.4byte	.LASF86
 605 026b 43       		.byte	0x43
 606 026c 07       		.uleb128 0x7
 607 026d C0020000 		.4byte	.LASF87
 608 0271 44       		.byte	0x44
 609 0272 07       		.uleb128 0x7
 610 0273 34020000 		.4byte	.LASF88
 611 0277 45       		.byte	0x45
 612 0278 07       		.uleb128 0x7
 613 0279 48060000 		.4byte	.LASF89
ARM GAS  C:\Users\jebush2\AppData\Local\Temp\cciashRR.s 			page 13


 614 027d 46       		.byte	0x46
 615 027e 07       		.uleb128 0x7
 616 027f D6050000 		.4byte	.LASF90
 617 0283 47       		.byte	0x47
 618 0284 07       		.uleb128 0x7
 619 0285 450B0000 		.4byte	.LASF91
 620 0289 48       		.byte	0x48
 621 028a 07       		.uleb128 0x7
 622 028b B2080000 		.4byte	.LASF92
 623 028f 49       		.byte	0x49
 624 0290 07       		.uleb128 0x7
 625 0291 C40E0000 		.4byte	.LASF93
 626 0295 4A       		.byte	0x4a
 627 0296 07       		.uleb128 0x7
 628 0297 AE0C0000 		.4byte	.LASF94
 629 029b 4B       		.byte	0x4b
 630 029c 07       		.uleb128 0x7
 631 029d 2F030000 		.4byte	.LASF95
 632 02a1 4C       		.byte	0x4c
 633 02a2 07       		.uleb128 0x7
 634 02a3 F1000000 		.4byte	.LASF96
 635 02a7 4D       		.byte	0x4d
 636 02a8 07       		.uleb128 0x7
 637 02a9 BA060000 		.4byte	.LASF97
 638 02ad 4E       		.byte	0x4e
 639 02ae 07       		.uleb128 0x7
 640 02af 37040000 		.4byte	.LASF98
 641 02b3 4F       		.byte	0x4f
 642 02b4 07       		.uleb128 0x7
 643 02b5 66090000 		.4byte	.LASF99
 644 02b9 50       		.byte	0x50
 645 02ba 07       		.uleb128 0x7
 646 02bb BC070000 		.4byte	.LASF100
 647 02bf 51       		.byte	0x51
 648 02c0 07       		.uleb128 0x7
 649 02c1 5F0D0000 		.4byte	.LASF101
 650 02c5 52       		.byte	0x52
 651 02c6 07       		.uleb128 0x7
 652 02c7 FA0A0000 		.4byte	.LASF102
 653 02cb 53       		.byte	0x53
 654 02cc 07       		.uleb128 0x7
 655 02cd 6A010000 		.4byte	.LASF103
 656 02d1 54       		.byte	0x54
 657 02d2 07       		.uleb128 0x7
 658 02d3 C6090000 		.4byte	.LASF104
 659 02d7 55       		.byte	0x55
 660 02d8 07       		.uleb128 0x7
 661 02d9 BE000000 		.4byte	.LASF105
 662 02dd 56       		.byte	0x56
 663 02de 07       		.uleb128 0x7
 664 02df 97090000 		.4byte	.LASF106
 665 02e3 57       		.byte	0x57
 666 02e4 07       		.uleb128 0x7
 667 02e5 3C010000 		.4byte	.LASF107
 668 02e9 58       		.byte	0x58
 669 02ea 07       		.uleb128 0x7
 670 02eb 190F0000 		.4byte	.LASF108
ARM GAS  C:\Users\jebush2\AppData\Local\Temp\cciashRR.s 			page 14


 671 02ef 59       		.byte	0x59
 672 02f0 07       		.uleb128 0x7
 673 02f1 87060000 		.4byte	.LASF109
 674 02f5 5A       		.byte	0x5a
 675 02f6 07       		.uleb128 0x7
 676 02f7 CF080000 		.4byte	.LASF110
 677 02fb 5B       		.byte	0x5b
 678 02fc 07       		.uleb128 0x7
 679 02fd E10E0000 		.4byte	.LASF111
 680 0301 5C       		.byte	0x5c
 681 0302 07       		.uleb128 0x7
 682 0303 120C0000 		.4byte	.LASF112
 683 0307 5D       		.byte	0x5d
 684 0308 07       		.uleb128 0x7
 685 0309 4C030000 		.4byte	.LASF113
 686 030d 5E       		.byte	0x5e
 687 030e 07       		.uleb128 0x7
 688 030f 7E020000 		.4byte	.LASF114
 689 0313 5F       		.byte	0x5f
 690 0314 07       		.uleb128 0x7
 691 0315 30080000 		.4byte	.LASF115
 692 0319 60       		.byte	0x60
 693 031a 07       		.uleb128 0x7
 694 031b 6E0A0000 		.4byte	.LASF116
 695 031f 61       		.byte	0x61
 696 0320 07       		.uleb128 0x7
 697 0321 A9020000 		.4byte	.LASF117
 698 0325 62       		.byte	0x62
 699 0326 07       		.uleb128 0x7
 700 0327 630E0000 		.4byte	.LASF118
 701 032b 63       		.byte	0x63
 702 032c 07       		.uleb128 0x7
 703 032d 90040000 		.4byte	.LASF119
 704 0331 64       		.byte	0x64
 705 0332 07       		.uleb128 0x7
 706 0333 67020000 		.4byte	.LASF120
 707 0337 65       		.byte	0x65
 708 0338 07       		.uleb128 0x7
 709 0339 19080000 		.4byte	.LASF121
 710 033d 66       		.byte	0x66
 711 033e 07       		.uleb128 0x7
 712 033f 32060000 		.4byte	.LASF122
 713 0343 67       		.byte	0x67
 714 0344 07       		.uleb128 0x7
 715 0345 F30B0000 		.4byte	.LASF123
 716 0349 68       		.byte	0x68
 717 034a 07       		.uleb128 0x7
 718 034b EC0C0000 		.4byte	.LASF124
 719 034f 69       		.byte	0x69
 720 0350 07       		.uleb128 0x7
 721 0351 9A030000 		.4byte	.LASF125
 722 0355 6A       		.byte	0x6a
 723 0356 00       		.byte	0
 724 0357 06       		.uleb128 0x6
 725 0358 01       		.byte	0x1
 726 0359 2C000000 		.4byte	0x2c
 727 035d 05       		.byte	0x5
ARM GAS  C:\Users\jebush2\AppData\Local\Temp\cciashRR.s 			page 15


 728 035e A6       		.byte	0xa6
 729 035f 76030000 		.4byte	0x376
 730 0363 07       		.uleb128 0x7
 731 0364 330B0000 		.4byte	.LASF126
 732 0368 00       		.byte	0
 733 0369 07       		.uleb128 0x7
 734 036a 9A070000 		.4byte	.LASF127
 735 036e 01       		.byte	0x1
 736 036f 07       		.uleb128 0x7
 737 0370 E6030000 		.4byte	.LASF128
 738 0374 02       		.byte	0x2
 739 0375 00       		.byte	0
 740 0376 06       		.uleb128 0x6
 741 0377 01       		.byte	0x1
 742 0378 2C000000 		.4byte	0x2c
 743 037c 05       		.byte	0x5
 744 037d AD       		.byte	0xad
 745 037e D1030000 		.4byte	0x3d1
 746 0382 07       		.uleb128 0x7
 747 0383 1C060000 		.4byte	.LASF129
 748 0387 00       		.byte	0
 749 0388 07       		.uleb128 0x7
 750 0389 100E0000 		.4byte	.LASF130
 751 038d 01       		.byte	0x1
 752 038e 07       		.uleb128 0x7
 753 038f 00000000 		.4byte	.LASF131
 754 0393 02       		.byte	0x2
 755 0394 07       		.uleb128 0x7
 756 0395 F3050000 		.4byte	.LASF132
 757 0399 03       		.byte	0x3
 758 039a 07       		.uleb128 0x7
 759 039b 62030000 		.4byte	.LASF133
 760 039f 04       		.byte	0x4
 761 03a0 07       		.uleb128 0x7
 762 03a1 A7000000 		.4byte	.LASF134
 763 03a5 05       		.byte	0x5
 764 03a6 07       		.uleb128 0x7
 765 03a7 1D020000 		.4byte	.LASF135
 766 03ab 06       		.byte	0x6
 767 03ac 07       		.uleb128 0x7
 768 03ad B40A0000 		.4byte	.LASF136
 769 03b1 07       		.byte	0x7
 770 03b2 07       		.uleb128 0x7
 771 03b3 4F070000 		.4byte	.LASF137
 772 03b7 08       		.byte	0x8
 773 03b8 07       		.uleb128 0x7
 774 03b9 AF090000 		.4byte	.LASF138
 775 03bd 09       		.byte	0x9
 776 03be 07       		.uleb128 0x7
 777 03bf CB0C0000 		.4byte	.LASF139
 778 03c3 0A       		.byte	0xa
 779 03c4 07       		.uleb128 0x7
 780 03c5 0C070000 		.4byte	.LASF140
 781 03c9 0B       		.byte	0xb
 782 03ca 07       		.uleb128 0x7
 783 03cb 000D0000 		.4byte	.LASF141
 784 03cf 0C       		.byte	0xc
ARM GAS  C:\Users\jebush2\AppData\Local\Temp\cciashRR.s 			page 16


 785 03d0 00       		.byte	0
 786 03d1 08       		.uleb128 0x8
 787 03d2 0C       		.byte	0xc
 788 03d3 05       		.byte	0x5
 789 03d4 E8       		.byte	0xe8
 790 03d5 FE030000 		.4byte	0x3fe
 791 03d9 09       		.uleb128 0x9
 792 03da 4A070000 		.4byte	.LASF142
 793 03de 05       		.byte	0x5
 794 03df E9       		.byte	0xe9
 795 03e0 A5000000 		.4byte	0xa5
 796 03e4 00       		.byte	0
 797 03e5 09       		.uleb128 0x9
 798 03e6 64010000 		.4byte	.LASF143
 799 03ea 05       		.byte	0x5
 800 03eb EA       		.byte	0xea
 801 03ec A5000000 		.4byte	0xa5
 802 03f0 04       		.byte	0x4
 803 03f1 0A       		.uleb128 0xa
 804 03f2 79617700 		.ascii	"yaw\000"
 805 03f6 05       		.byte	0x5
 806 03f7 EB       		.byte	0xeb
 807 03f8 A5000000 		.4byte	0xa5
 808 03fc 08       		.byte	0x8
 809 03fd 00       		.byte	0
 810 03fe 03       		.uleb128 0x3
 811 03ff 21090000 		.4byte	.LASF144
 812 0403 05       		.byte	0x5
 813 0404 EC       		.byte	0xec
 814 0405 D1030000 		.4byte	0x3d1
 815 0409 0B       		.uleb128 0xb
 816 040a FA020000 		.4byte	.LASF146
 817 040e 01       		.byte	0x1
 818 040f 1D       		.byte	0x1d
 819 0410 00000000 		.4byte	.LFB64
 820 0414 20000000 		.4byte	.LFE64-.LFB64
 821 0418 01       		.uleb128 0x1
 822 0419 9C       		.byte	0x9c
 823 041a 87040000 		.4byte	0x487
 824 041e 0C       		.uleb128 0xc
 825 041f 72656700 		.ascii	"reg\000"
 826 0423 01       		.byte	0x1
 827 0424 1D       		.byte	0x1d
 828 0425 81000000 		.4byte	0x81
 829 0429 00000000 		.4byte	.LLST0
 830 042d 0D       		.uleb128 0xd
 831 042e 2F070000 		.4byte	.LASF145
 832 0432 01       		.byte	0x1
 833 0433 1D       		.byte	0x1d
 834 0434 81000000 		.4byte	0x81
 835 0438 21000000 		.4byte	.LLST1
 836 043c 0E       		.uleb128 0xe
 837 043d 0E000000 		.4byte	.LVL3
 838 0441 A0060000 		.4byte	0x6a0
 839 0445 55040000 		.4byte	0x455
 840 0449 0F       		.uleb128 0xf
 841 044a 01       		.uleb128 0x1
ARM GAS  C:\Users\jebush2\AppData\Local\Temp\cciashRR.s 			page 17


 842 044b 50       		.byte	0x50
 843 044c 02       		.uleb128 0x2
 844 044d 08       		.byte	0x8
 845 044e 28       		.byte	0x28
 846 044f 0F       		.uleb128 0xf
 847 0450 01       		.uleb128 0x1
 848 0451 51       		.byte	0x51
 849 0452 01       		.uleb128 0x1
 850 0453 30       		.byte	0x30
 851 0454 00       		.byte	0
 852 0455 0E       		.uleb128 0xe
 853 0456 14000000 		.4byte	.LVL4
 854 045a AB060000 		.4byte	0x6ab
 855 045e 69040000 		.4byte	0x469
 856 0462 0F       		.uleb128 0xf
 857 0463 01       		.uleb128 0x1
 858 0464 50       		.byte	0x50
 859 0465 02       		.uleb128 0x2
 860 0466 75       		.byte	0x75
 861 0467 00       		.sleb128 0
 862 0468 00       		.byte	0
 863 0469 0E       		.uleb128 0xe
 864 046a 1A000000 		.4byte	.LVL5
 865 046e AB060000 		.4byte	0x6ab
 866 0472 7D040000 		.4byte	0x47d
 867 0476 0F       		.uleb128 0xf
 868 0477 01       		.uleb128 0x1
 869 0478 50       		.byte	0x50
 870 0479 02       		.uleb128 0x2
 871 047a 74       		.byte	0x74
 872 047b 00       		.sleb128 0
 873 047c 00       		.byte	0
 874 047d 10       		.uleb128 0x10
 875 047e 1E000000 		.4byte	.LVL6
 876 0482 B6060000 		.4byte	0x6b6
 877 0486 00       		.byte	0
 878 0487 11       		.uleb128 0x11
 879 0488 020A0000 		.4byte	.LASF149
 880 048c 01       		.byte	0x1
 881 048d 14       		.byte	0x14
 882 048e 00000000 		.4byte	.LFB63
 883 0492 26000000 		.4byte	.LFE63-.LFB63
 884 0496 01       		.uleb128 0x1
 885 0497 9C       		.byte	0x9c
 886 0498 FC040000 		.4byte	0x4fc
 887 049c 10       		.uleb128 0x10
 888 049d 06000000 		.4byte	.LVL7
 889 04a1 C1060000 		.4byte	0x6c1
 890 04a5 0E       		.uleb128 0xe
 891 04a6 0E000000 		.4byte	.LVL8
 892 04aa CC060000 		.4byte	0x6cc
 893 04ae BA040000 		.4byte	0x4ba
 894 04b2 0F       		.uleb128 0xf
 895 04b3 01       		.uleb128 0x1
 896 04b4 50       		.byte	0x50
 897 04b5 03       		.uleb128 0x3
 898 04b6 0A       		.byte	0xa
ARM GAS  C:\Users\jebush2\AppData\Local\Temp\cciashRR.s 			page 18


 899 04b7 E803     		.2byte	0x3e8
 900 04b9 00       		.byte	0
 901 04ba 0E       		.uleb128 0xe
 902 04bb 14000000 		.4byte	.LVL9
 903 04bf D7060000 		.4byte	0x6d7
 904 04c3 CD040000 		.4byte	0x4cd
 905 04c7 0F       		.uleb128 0xf
 906 04c8 01       		.uleb128 0x1
 907 04c9 50       		.byte	0x50
 908 04ca 01       		.uleb128 0x1
 909 04cb 31       		.byte	0x31
 910 04cc 00       		.byte	0
 911 04cd 0E       		.uleb128 0xe
 912 04ce 1C000000 		.4byte	.LVL10
 913 04d2 09040000 		.4byte	0x409
 914 04d6 E6040000 		.4byte	0x4e6
 915 04da 0F       		.uleb128 0xf
 916 04db 01       		.uleb128 0x1
 917 04dc 50       		.byte	0x50
 918 04dd 02       		.uleb128 0x2
 919 04de 08       		.byte	0x8
 920 04df 3E       		.byte	0x3e
 921 04e0 0F       		.uleb128 0xf
 922 04e1 01       		.uleb128 0x1
 923 04e2 51       		.byte	0x51
 924 04e3 01       		.uleb128 0x1
 925 04e4 30       		.byte	0x30
 926 04e5 00       		.byte	0
 927 04e6 12       		.uleb128 0x12
 928 04e7 24000000 		.4byte	.LVL11
 929 04eb 09040000 		.4byte	0x409
 930 04ef 0F       		.uleb128 0xf
 931 04f0 01       		.uleb128 0x1
 932 04f1 50       		.byte	0x50
 933 04f2 02       		.uleb128 0x2
 934 04f3 08       		.byte	0x8
 935 04f4 3D       		.byte	0x3d
 936 04f5 0F       		.uleb128 0xf
 937 04f6 01       		.uleb128 0x1
 938 04f7 51       		.byte	0x51
 939 04f8 01       		.uleb128 0x1
 940 04f9 38       		.byte	0x38
 941 04fa 00       		.byte	0
 942 04fb 00       		.byte	0
 943 04fc 13       		.uleb128 0x13
 944 04fd 860B0000 		.4byte	.LASF165
 945 0501 01       		.byte	0x1
 946 0502 29       		.byte	0x29
 947 0503 81000000 		.4byte	0x81
 948 0507 00000000 		.4byte	.LFB65
 949 050b 2A000000 		.4byte	.LFE65-.LFB65
 950 050f 01       		.uleb128 0x1
 951 0510 9C       		.byte	0x9c
 952 0511 94050000 		.4byte	0x594
 953 0515 0C       		.uleb128 0xc
 954 0516 72656700 		.ascii	"reg\000"
 955 051a 01       		.byte	0x1
ARM GAS  C:\Users\jebush2\AppData\Local\Temp\cciashRR.s 			page 19


 956 051b 29       		.byte	0x29
 957 051c 81000000 		.4byte	0x81
 958 0520 42000000 		.4byte	.LLST2
 959 0524 14       		.uleb128 0x14
 960 0525 2F070000 		.4byte	.LASF145
 961 0529 01       		.byte	0x1
 962 052a 2D       		.byte	0x2d
 963 052b 81000000 		.4byte	0x81
 964 052f 01       		.uleb128 0x1
 965 0530 54       		.byte	0x54
 966 0531 0E       		.uleb128 0xe
 967 0532 0C000000 		.4byte	.LVL14
 968 0536 A0060000 		.4byte	0x6a0
 969 053a 4A050000 		.4byte	0x54a
 970 053e 0F       		.uleb128 0xf
 971 053f 01       		.uleb128 0x1
 972 0540 50       		.byte	0x50
 973 0541 02       		.uleb128 0x2
 974 0542 08       		.byte	0x8
 975 0543 28       		.byte	0x28
 976 0544 0F       		.uleb128 0xf
 977 0545 01       		.uleb128 0x1
 978 0546 51       		.byte	0x51
 979 0547 01       		.uleb128 0x1
 980 0548 30       		.byte	0x30
 981 0549 00       		.byte	0
 982 054a 0E       		.uleb128 0xe
 983 054b 12000000 		.4byte	.LVL15
 984 054f AB060000 		.4byte	0x6ab
 985 0553 5E050000 		.4byte	0x55e
 986 0557 0F       		.uleb128 0xf
 987 0558 01       		.uleb128 0x1
 988 0559 50       		.byte	0x50
 989 055a 02       		.uleb128 0x2
 990 055b 74       		.byte	0x74
 991 055c 00       		.sleb128 0
 992 055d 00       		.byte	0
 993 055e 0E       		.uleb128 0xe
 994 055f 1A000000 		.4byte	.LVL16
 995 0563 A0060000 		.4byte	0x6a0
 996 0567 77050000 		.4byte	0x577
 997 056b 0F       		.uleb128 0xf
 998 056c 01       		.uleb128 0x1
 999 056d 50       		.byte	0x50
 1000 056e 02       		.uleb128 0x2
 1001 056f 08       		.byte	0x8
 1002 0570 28       		.byte	0x28
 1003 0571 0F       		.uleb128 0xf
 1004 0572 01       		.uleb128 0x1
 1005 0573 51       		.byte	0x51
 1006 0574 01       		.uleb128 0x1
 1007 0575 31       		.byte	0x31
 1008 0576 00       		.byte	0
 1009 0577 0E       		.uleb128 0xe
 1010 0578 20000000 		.4byte	.LVL17
 1011 057c E2060000 		.4byte	0x6e2
 1012 0580 8A050000 		.4byte	0x58a
ARM GAS  C:\Users\jebush2\AppData\Local\Temp\cciashRR.s 			page 20


 1013 0584 0F       		.uleb128 0xf
 1014 0585 01       		.uleb128 0x1
 1015 0586 50       		.byte	0x50
 1016 0587 01       		.uleb128 0x1
 1017 0588 30       		.byte	0x30
 1018 0589 00       		.byte	0
 1019 058a 10       		.uleb128 0x10
 1020 058b 26000000 		.4byte	.LVL19
 1021 058f B6060000 		.4byte	0x6b6
 1022 0593 00       		.byte	0
 1023 0594 0B       		.uleb128 0xb
 1024 0595 46080000 		.4byte	.LASF147
 1025 0599 01       		.byte	0x1
 1026 059a 33       		.byte	0x33
 1027 059b 00000000 		.4byte	.LFB66
 1028 059f 24000000 		.4byte	.LFE66-.LFB66
 1029 05a3 01       		.uleb128 0x1
 1030 05a4 9C       		.byte	0x9c
 1031 05a5 25060000 		.4byte	0x625
 1032 05a9 0C       		.uleb128 0xc
 1033 05aa 72656700 		.ascii	"reg\000"
 1034 05ae 01       		.byte	0x1
 1035 05af 33       		.byte	0x33
 1036 05b0 81000000 		.4byte	0x81
 1037 05b4 63000000 		.4byte	.LLST3
 1038 05b8 0D       		.uleb128 0xd
 1039 05b9 EA000000 		.4byte	.LASF148
 1040 05bd 01       		.byte	0x1
 1041 05be 33       		.byte	0x33
 1042 05bf 25060000 		.4byte	0x625
 1043 05c3 84000000 		.4byte	.LLST4
 1044 05c7 0C       		.uleb128 0xc
 1045 05c8 636E7400 		.ascii	"cnt\000"
 1046 05cc 01       		.byte	0x1
 1047 05cd 33       		.byte	0x33
 1048 05ce 81000000 		.4byte	0x81
 1049 05d2 A2000000 		.4byte	.LLST5
 1050 05d6 0E       		.uleb128 0xe
 1051 05d7 10000000 		.4byte	.LVL23
 1052 05db A0060000 		.4byte	0x6a0
 1053 05df EF050000 		.4byte	0x5ef
 1054 05e3 0F       		.uleb128 0xf
 1055 05e4 01       		.uleb128 0x1
 1056 05e5 50       		.byte	0x50
 1057 05e6 02       		.uleb128 0x2
 1058 05e7 08       		.byte	0x8
 1059 05e8 28       		.byte	0x28
 1060 05e9 0F       		.uleb128 0xf
 1061 05ea 01       		.uleb128 0x1
 1062 05eb 51       		.byte	0x51
 1063 05ec 01       		.uleb128 0x1
 1064 05ed 30       		.byte	0x30
 1065 05ee 00       		.byte	0
 1066 05ef 0E       		.uleb128 0xe
 1067 05f0 16000000 		.4byte	.LVL24
 1068 05f4 AB060000 		.4byte	0x6ab
 1069 05f8 03060000 		.4byte	0x603
ARM GAS  C:\Users\jebush2\AppData\Local\Temp\cciashRR.s 			page 21


 1070 05fc 0F       		.uleb128 0xf
 1071 05fd 01       		.uleb128 0x1
 1072 05fe 50       		.byte	0x50
 1073 05ff 02       		.uleb128 0x2
 1074 0600 76       		.byte	0x76
 1075 0601 00       		.sleb128 0
 1076 0602 00       		.byte	0
 1077 0603 12       		.uleb128 0x12
 1078 0604 22000000 		.4byte	.LVL25
 1079 0608 ED060000 		.4byte	0x6ed
 1080 060c 0F       		.uleb128 0xf
 1081 060d 01       		.uleb128 0x1
 1082 060e 50       		.byte	0x50
 1083 060f 02       		.uleb128 0x2
 1084 0610 08       		.byte	0x8
 1085 0611 28       		.byte	0x28
 1086 0612 0F       		.uleb128 0xf
 1087 0613 01       		.uleb128 0x1
 1088 0614 51       		.byte	0x51
 1089 0615 02       		.uleb128 0x2
 1090 0616 74       		.byte	0x74
 1091 0617 00       		.sleb128 0
 1092 0618 0F       		.uleb128 0xf
 1093 0619 01       		.uleb128 0x1
 1094 061a 52       		.byte	0x52
 1095 061b 02       		.uleb128 0x2
 1096 061c 75       		.byte	0x75
 1097 061d 00       		.sleb128 0
 1098 061e 0F       		.uleb128 0xf
 1099 061f 01       		.uleb128 0x1
 1100 0620 53       		.byte	0x53
 1101 0621 01       		.uleb128 0x1
 1102 0622 30       		.byte	0x30
 1103 0623 00       		.byte	0
 1104 0624 00       		.byte	0
 1105 0625 15       		.uleb128 0x15
 1106 0626 04       		.byte	0x4
 1107 0627 81000000 		.4byte	0x81
 1108 062b 16       		.uleb128 0x16
 1109 062c B90E0000 		.4byte	.LASF150
 1110 0630 01       		.byte	0x1
 1111 0631 39       		.byte	0x39
 1112 0632 00000000 		.4byte	.LFB67
 1113 0636 7C000000 		.4byte	.LFE67-.LFB67
 1114 063a 01       		.uleb128 0x1
 1115 063b 9C       		.byte	0x9c
 1116 063c 69060000 		.4byte	0x669
 1117 0640 14       		.uleb128 0x14
 1118 0641 0E010000 		.4byte	.LASF151
 1119 0645 01       		.byte	0x1
 1120 0646 3A       		.byte	0x3a
 1121 0647 69060000 		.4byte	0x669
 1122 064b 02       		.uleb128 0x2
 1123 064c 91       		.byte	0x91
 1124 064d 70       		.sleb128 -16
 1125 064e 12       		.uleb128 0x12
 1126 064f 0E000000 		.4byte	.LVL26
ARM GAS  C:\Users\jebush2\AppData\Local\Temp\cciashRR.s 			page 22


 1127 0653 94050000 		.4byte	0x594
 1128 0657 0F       		.uleb128 0xf
 1129 0658 01       		.uleb128 0x1
 1130 0659 50       		.byte	0x50
 1131 065a 01       		.uleb128 0x1
 1132 065b 4A       		.byte	0x4a
 1133 065c 0F       		.uleb128 0xf
 1134 065d 01       		.uleb128 0x1
 1135 065e 51       		.byte	0x51
 1136 065f 02       		.uleb128 0x2
 1137 0660 7D       		.byte	0x7d
 1138 0661 00       		.sleb128 0
 1139 0662 0F       		.uleb128 0xf
 1140 0663 01       		.uleb128 0x1
 1141 0664 52       		.byte	0x52
 1142 0665 01       		.uleb128 0x1
 1143 0666 36       		.byte	0x36
 1144 0667 00       		.byte	0
 1145 0668 00       		.byte	0
 1146 0669 17       		.uleb128 0x17
 1147 066a 81000000 		.4byte	0x81
 1148 066e 79060000 		.4byte	0x679
 1149 0672 18       		.uleb128 0x18
 1150 0673 C1000000 		.4byte	0xc1
 1151 0677 05       		.byte	0x5
 1152 0678 00       		.byte	0
 1153 0679 19       		.uleb128 0x19
 1154 067a 500A0000 		.4byte	.LASF152
 1155 067e 06       		.byte	0x6
 1156 067f 1207     		.2byte	0x712
 1157 0681 85060000 		.4byte	0x685
 1158 0685 1A       		.uleb128 0x1a
 1159 0686 76000000 		.4byte	0x76
 1160 068a 1B       		.uleb128 0x1b
 1161 068b 51020000 		.4byte	.LASF153
 1162 068f 01       		.byte	0x1
 1163 0690 12       		.byte	0x12
 1164 0691 9B060000 		.4byte	0x69b
 1165 0695 05       		.uleb128 0x5
 1166 0696 03       		.byte	0x3
 1167 0697 00000000 		.4byte	orientation
 1168 069b 1A       		.uleb128 0x1a
 1169 069c FE030000 		.4byte	0x3fe
 1170 06a0 1C       		.uleb128 0x1c
 1171 06a1 35050000 		.4byte	.LASF154
 1172 06a5 35050000 		.4byte	.LASF154
 1173 06a9 07       		.byte	0x7
 1174 06aa B1       		.byte	0xb1
 1175 06ab 1C       		.uleb128 0x1c
 1176 06ac E5080000 		.4byte	.LASF155
 1177 06b0 E5080000 		.4byte	.LASF155
 1178 06b4 07       		.byte	0x7
 1179 06b5 B6       		.byte	0xb6
 1180 06b6 1C       		.uleb128 0x1c
 1181 06b7 1C030000 		.4byte	.LASF156
 1182 06bb 1C030000 		.4byte	.LASF156
 1183 06bf 07       		.byte	0x7
ARM GAS  C:\Users\jebush2\AppData\Local\Temp\cciashRR.s 			page 23


 1184 06c0 B5       		.byte	0xb5
 1185 06c1 1C       		.uleb128 0x1c
 1186 06c2 5D020000 		.4byte	.LASF157
 1187 06c6 5D020000 		.4byte	.LASF157
 1188 06ca 07       		.byte	0x7
 1189 06cb 93       		.byte	0x93
 1190 06cc 1C       		.uleb128 0x1c
 1191 06cd 17000000 		.4byte	.LASF158
 1192 06d1 17000000 		.4byte	.LASF158
 1193 06d5 08       		.byte	0x8
 1194 06d6 76       		.byte	0x76
 1195 06d7 1C       		.uleb128 0x1c
 1196 06d8 13020000 		.4byte	.LASF159
 1197 06dc 13020000 		.4byte	.LASF159
 1198 06e0 09       		.byte	0x9
 1199 06e1 26       		.byte	0x26
 1200 06e2 1C       		.uleb128 0x1c
 1201 06e3 D7060000 		.4byte	.LASF160
 1202 06e7 D7060000 		.4byte	.LASF160
 1203 06eb 07       		.byte	0x7
 1204 06ec B7       		.byte	0xb7
 1205 06ed 1C       		.uleb128 0x1c
 1206 06ee 0A060000 		.4byte	.LASF161
 1207 06f2 0A060000 		.4byte	.LASF161
 1208 06f6 07       		.byte	0x7
 1209 06f7 A9       		.byte	0xa9
 1210 06f8 00       		.byte	0
 1211              		.section	.debug_abbrev,"",%progbits
 1212              	.Ldebug_abbrev0:
 1213 0000 01       		.uleb128 0x1
 1214 0001 11       		.uleb128 0x11
 1215 0002 01       		.byte	0x1
 1216 0003 25       		.uleb128 0x25
 1217 0004 0E       		.uleb128 0xe
 1218 0005 13       		.uleb128 0x13
 1219 0006 0B       		.uleb128 0xb
 1220 0007 03       		.uleb128 0x3
 1221 0008 0E       		.uleb128 0xe
 1222 0009 1B       		.uleb128 0x1b
 1223 000a 0E       		.uleb128 0xe
 1224 000b 55       		.uleb128 0x55
 1225 000c 17       		.uleb128 0x17
 1226 000d 11       		.uleb128 0x11
 1227 000e 01       		.uleb128 0x1
 1228 000f 10       		.uleb128 0x10
 1229 0010 17       		.uleb128 0x17
 1230 0011 00       		.byte	0
 1231 0012 00       		.byte	0
 1232 0013 02       		.uleb128 0x2
 1233 0014 24       		.uleb128 0x24
 1234 0015 00       		.byte	0
 1235 0016 0B       		.uleb128 0xb
 1236 0017 0B       		.uleb128 0xb
 1237 0018 3E       		.uleb128 0x3e
 1238 0019 0B       		.uleb128 0xb
 1239 001a 03       		.uleb128 0x3
 1240 001b 0E       		.uleb128 0xe
ARM GAS  C:\Users\jebush2\AppData\Local\Temp\cciashRR.s 			page 24


 1241 001c 00       		.byte	0
 1242 001d 00       		.byte	0
 1243 001e 03       		.uleb128 0x3
 1244 001f 16       		.uleb128 0x16
 1245 0020 00       		.byte	0
 1246 0021 03       		.uleb128 0x3
 1247 0022 0E       		.uleb128 0xe
 1248 0023 3A       		.uleb128 0x3a
 1249 0024 0B       		.uleb128 0xb
 1250 0025 3B       		.uleb128 0x3b
 1251 0026 0B       		.uleb128 0xb
 1252 0027 49       		.uleb128 0x49
 1253 0028 13       		.uleb128 0x13
 1254 0029 00       		.byte	0
 1255 002a 00       		.byte	0
 1256 002b 04       		.uleb128 0x4
 1257 002c 24       		.uleb128 0x24
 1258 002d 00       		.byte	0
 1259 002e 0B       		.uleb128 0xb
 1260 002f 0B       		.uleb128 0xb
 1261 0030 3E       		.uleb128 0x3e
 1262 0031 0B       		.uleb128 0xb
 1263 0032 03       		.uleb128 0x3
 1264 0033 08       		.uleb128 0x8
 1265 0034 00       		.byte	0
 1266 0035 00       		.byte	0
 1267 0036 05       		.uleb128 0x5
 1268 0037 16       		.uleb128 0x16
 1269 0038 00       		.byte	0
 1270 0039 03       		.uleb128 0x3
 1271 003a 0E       		.uleb128 0xe
 1272 003b 3A       		.uleb128 0x3a
 1273 003c 0B       		.uleb128 0xb
 1274 003d 3B       		.uleb128 0x3b
 1275 003e 05       		.uleb128 0x5
 1276 003f 49       		.uleb128 0x49
 1277 0040 13       		.uleb128 0x13
 1278 0041 00       		.byte	0
 1279 0042 00       		.byte	0
 1280 0043 06       		.uleb128 0x6
 1281 0044 04       		.uleb128 0x4
 1282 0045 01       		.byte	0x1
 1283 0046 0B       		.uleb128 0xb
 1284 0047 0B       		.uleb128 0xb
 1285 0048 49       		.uleb128 0x49
 1286 0049 13       		.uleb128 0x13
 1287 004a 3A       		.uleb128 0x3a
 1288 004b 0B       		.uleb128 0xb
 1289 004c 3B       		.uleb128 0x3b
 1290 004d 0B       		.uleb128 0xb
 1291 004e 01       		.uleb128 0x1
 1292 004f 13       		.uleb128 0x13
 1293 0050 00       		.byte	0
 1294 0051 00       		.byte	0
 1295 0052 07       		.uleb128 0x7
 1296 0053 28       		.uleb128 0x28
 1297 0054 00       		.byte	0
ARM GAS  C:\Users\jebush2\AppData\Local\Temp\cciashRR.s 			page 25


 1298 0055 03       		.uleb128 0x3
 1299 0056 0E       		.uleb128 0xe
 1300 0057 1C       		.uleb128 0x1c
 1301 0058 0B       		.uleb128 0xb
 1302 0059 00       		.byte	0
 1303 005a 00       		.byte	0
 1304 005b 08       		.uleb128 0x8
 1305 005c 13       		.uleb128 0x13
 1306 005d 01       		.byte	0x1
 1307 005e 0B       		.uleb128 0xb
 1308 005f 0B       		.uleb128 0xb
 1309 0060 3A       		.uleb128 0x3a
 1310 0061 0B       		.uleb128 0xb
 1311 0062 3B       		.uleb128 0x3b
 1312 0063 0B       		.uleb128 0xb
 1313 0064 01       		.uleb128 0x1
 1314 0065 13       		.uleb128 0x13
 1315 0066 00       		.byte	0
 1316 0067 00       		.byte	0
 1317 0068 09       		.uleb128 0x9
 1318 0069 0D       		.uleb128 0xd
 1319 006a 00       		.byte	0
 1320 006b 03       		.uleb128 0x3
 1321 006c 0E       		.uleb128 0xe
 1322 006d 3A       		.uleb128 0x3a
 1323 006e 0B       		.uleb128 0xb
 1324 006f 3B       		.uleb128 0x3b
 1325 0070 0B       		.uleb128 0xb
 1326 0071 49       		.uleb128 0x49
 1327 0072 13       		.uleb128 0x13
 1328 0073 38       		.uleb128 0x38
 1329 0074 0B       		.uleb128 0xb
 1330 0075 00       		.byte	0
 1331 0076 00       		.byte	0
 1332 0077 0A       		.uleb128 0xa
 1333 0078 0D       		.uleb128 0xd
 1334 0079 00       		.byte	0
 1335 007a 03       		.uleb128 0x3
 1336 007b 08       		.uleb128 0x8
 1337 007c 3A       		.uleb128 0x3a
 1338 007d 0B       		.uleb128 0xb
 1339 007e 3B       		.uleb128 0x3b
 1340 007f 0B       		.uleb128 0xb
 1341 0080 49       		.uleb128 0x49
 1342 0081 13       		.uleb128 0x13
 1343 0082 38       		.uleb128 0x38
 1344 0083 0B       		.uleb128 0xb
 1345 0084 00       		.byte	0
 1346 0085 00       		.byte	0
 1347 0086 0B       		.uleb128 0xb
 1348 0087 2E       		.uleb128 0x2e
 1349 0088 01       		.byte	0x1
 1350 0089 3F       		.uleb128 0x3f
 1351 008a 19       		.uleb128 0x19
 1352 008b 03       		.uleb128 0x3
 1353 008c 0E       		.uleb128 0xe
 1354 008d 3A       		.uleb128 0x3a
ARM GAS  C:\Users\jebush2\AppData\Local\Temp\cciashRR.s 			page 26


 1355 008e 0B       		.uleb128 0xb
 1356 008f 3B       		.uleb128 0x3b
 1357 0090 0B       		.uleb128 0xb
 1358 0091 27       		.uleb128 0x27
 1359 0092 19       		.uleb128 0x19
 1360 0093 11       		.uleb128 0x11
 1361 0094 01       		.uleb128 0x1
 1362 0095 12       		.uleb128 0x12
 1363 0096 06       		.uleb128 0x6
 1364 0097 40       		.uleb128 0x40
 1365 0098 18       		.uleb128 0x18
 1366 0099 9742     		.uleb128 0x2117
 1367 009b 19       		.uleb128 0x19
 1368 009c 01       		.uleb128 0x1
 1369 009d 13       		.uleb128 0x13
 1370 009e 00       		.byte	0
 1371 009f 00       		.byte	0
 1372 00a0 0C       		.uleb128 0xc
 1373 00a1 05       		.uleb128 0x5
 1374 00a2 00       		.byte	0
 1375 00a3 03       		.uleb128 0x3
 1376 00a4 08       		.uleb128 0x8
 1377 00a5 3A       		.uleb128 0x3a
 1378 00a6 0B       		.uleb128 0xb
 1379 00a7 3B       		.uleb128 0x3b
 1380 00a8 0B       		.uleb128 0xb
 1381 00a9 49       		.uleb128 0x49
 1382 00aa 13       		.uleb128 0x13
 1383 00ab 02       		.uleb128 0x2
 1384 00ac 17       		.uleb128 0x17
 1385 00ad 00       		.byte	0
 1386 00ae 00       		.byte	0
 1387 00af 0D       		.uleb128 0xd
 1388 00b0 05       		.uleb128 0x5
 1389 00b1 00       		.byte	0
 1390 00b2 03       		.uleb128 0x3
 1391 00b3 0E       		.uleb128 0xe
 1392 00b4 3A       		.uleb128 0x3a
 1393 00b5 0B       		.uleb128 0xb
 1394 00b6 3B       		.uleb128 0x3b
 1395 00b7 0B       		.uleb128 0xb
 1396 00b8 49       		.uleb128 0x49
 1397 00b9 13       		.uleb128 0x13
 1398 00ba 02       		.uleb128 0x2
 1399 00bb 17       		.uleb128 0x17
 1400 00bc 00       		.byte	0
 1401 00bd 00       		.byte	0
 1402 00be 0E       		.uleb128 0xe
 1403 00bf 898201   		.uleb128 0x4109
 1404 00c2 01       		.byte	0x1
 1405 00c3 11       		.uleb128 0x11
 1406 00c4 01       		.uleb128 0x1
 1407 00c5 31       		.uleb128 0x31
 1408 00c6 13       		.uleb128 0x13
 1409 00c7 01       		.uleb128 0x1
 1410 00c8 13       		.uleb128 0x13
 1411 00c9 00       		.byte	0
ARM GAS  C:\Users\jebush2\AppData\Local\Temp\cciashRR.s 			page 27


 1412 00ca 00       		.byte	0
 1413 00cb 0F       		.uleb128 0xf
 1414 00cc 8A8201   		.uleb128 0x410a
 1415 00cf 00       		.byte	0
 1416 00d0 02       		.uleb128 0x2
 1417 00d1 18       		.uleb128 0x18
 1418 00d2 9142     		.uleb128 0x2111
 1419 00d4 18       		.uleb128 0x18
 1420 00d5 00       		.byte	0
 1421 00d6 00       		.byte	0
 1422 00d7 10       		.uleb128 0x10
 1423 00d8 898201   		.uleb128 0x4109
 1424 00db 00       		.byte	0
 1425 00dc 11       		.uleb128 0x11
 1426 00dd 01       		.uleb128 0x1
 1427 00de 31       		.uleb128 0x31
 1428 00df 13       		.uleb128 0x13
 1429 00e0 00       		.byte	0
 1430 00e1 00       		.byte	0
 1431 00e2 11       		.uleb128 0x11
 1432 00e3 2E       		.uleb128 0x2e
 1433 00e4 01       		.byte	0x1
 1434 00e5 3F       		.uleb128 0x3f
 1435 00e6 19       		.uleb128 0x19
 1436 00e7 03       		.uleb128 0x3
 1437 00e8 0E       		.uleb128 0xe
 1438 00e9 3A       		.uleb128 0x3a
 1439 00ea 0B       		.uleb128 0xb
 1440 00eb 3B       		.uleb128 0x3b
 1441 00ec 0B       		.uleb128 0xb
 1442 00ed 11       		.uleb128 0x11
 1443 00ee 01       		.uleb128 0x1
 1444 00ef 12       		.uleb128 0x12
 1445 00f0 06       		.uleb128 0x6
 1446 00f1 40       		.uleb128 0x40
 1447 00f2 18       		.uleb128 0x18
 1448 00f3 9742     		.uleb128 0x2117
 1449 00f5 19       		.uleb128 0x19
 1450 00f6 01       		.uleb128 0x1
 1451 00f7 13       		.uleb128 0x13
 1452 00f8 00       		.byte	0
 1453 00f9 00       		.byte	0
 1454 00fa 12       		.uleb128 0x12
 1455 00fb 898201   		.uleb128 0x4109
 1456 00fe 01       		.byte	0x1
 1457 00ff 11       		.uleb128 0x11
 1458 0100 01       		.uleb128 0x1
 1459 0101 31       		.uleb128 0x31
 1460 0102 13       		.uleb128 0x13
 1461 0103 00       		.byte	0
 1462 0104 00       		.byte	0
 1463 0105 13       		.uleb128 0x13
 1464 0106 2E       		.uleb128 0x2e
 1465 0107 01       		.byte	0x1
 1466 0108 3F       		.uleb128 0x3f
 1467 0109 19       		.uleb128 0x19
 1468 010a 03       		.uleb128 0x3
ARM GAS  C:\Users\jebush2\AppData\Local\Temp\cciashRR.s 			page 28


 1469 010b 0E       		.uleb128 0xe
 1470 010c 3A       		.uleb128 0x3a
 1471 010d 0B       		.uleb128 0xb
 1472 010e 3B       		.uleb128 0x3b
 1473 010f 0B       		.uleb128 0xb
 1474 0110 27       		.uleb128 0x27
 1475 0111 19       		.uleb128 0x19
 1476 0112 49       		.uleb128 0x49
 1477 0113 13       		.uleb128 0x13
 1478 0114 11       		.uleb128 0x11
 1479 0115 01       		.uleb128 0x1
 1480 0116 12       		.uleb128 0x12
 1481 0117 06       		.uleb128 0x6
 1482 0118 40       		.uleb128 0x40
 1483 0119 18       		.uleb128 0x18
 1484 011a 9742     		.uleb128 0x2117
 1485 011c 19       		.uleb128 0x19
 1486 011d 01       		.uleb128 0x1
 1487 011e 13       		.uleb128 0x13
 1488 011f 00       		.byte	0
 1489 0120 00       		.byte	0
 1490 0121 14       		.uleb128 0x14
 1491 0122 34       		.uleb128 0x34
 1492 0123 00       		.byte	0
 1493 0124 03       		.uleb128 0x3
 1494 0125 0E       		.uleb128 0xe
 1495 0126 3A       		.uleb128 0x3a
 1496 0127 0B       		.uleb128 0xb
 1497 0128 3B       		.uleb128 0x3b
 1498 0129 0B       		.uleb128 0xb
 1499 012a 49       		.uleb128 0x49
 1500 012b 13       		.uleb128 0x13
 1501 012c 02       		.uleb128 0x2
 1502 012d 18       		.uleb128 0x18
 1503 012e 00       		.byte	0
 1504 012f 00       		.byte	0
 1505 0130 15       		.uleb128 0x15
 1506 0131 0F       		.uleb128 0xf
 1507 0132 00       		.byte	0
 1508 0133 0B       		.uleb128 0xb
 1509 0134 0B       		.uleb128 0xb
 1510 0135 49       		.uleb128 0x49
 1511 0136 13       		.uleb128 0x13
 1512 0137 00       		.byte	0
 1513 0138 00       		.byte	0
 1514 0139 16       		.uleb128 0x16
 1515 013a 2E       		.uleb128 0x2e
 1516 013b 01       		.byte	0x1
 1517 013c 3F       		.uleb128 0x3f
 1518 013d 19       		.uleb128 0x19
 1519 013e 03       		.uleb128 0x3
 1520 013f 0E       		.uleb128 0xe
 1521 0140 3A       		.uleb128 0x3a
 1522 0141 0B       		.uleb128 0xb
 1523 0142 3B       		.uleb128 0x3b
 1524 0143 0B       		.uleb128 0xb
 1525 0144 11       		.uleb128 0x11
ARM GAS  C:\Users\jebush2\AppData\Local\Temp\cciashRR.s 			page 29


 1526 0145 01       		.uleb128 0x1
 1527 0146 12       		.uleb128 0x12
 1528 0147 06       		.uleb128 0x6
 1529 0148 40       		.uleb128 0x40
 1530 0149 18       		.uleb128 0x18
 1531 014a 9642     		.uleb128 0x2116
 1532 014c 19       		.uleb128 0x19
 1533 014d 01       		.uleb128 0x1
 1534 014e 13       		.uleb128 0x13
 1535 014f 00       		.byte	0
 1536 0150 00       		.byte	0
 1537 0151 17       		.uleb128 0x17
 1538 0152 01       		.uleb128 0x1
 1539 0153 01       		.byte	0x1
 1540 0154 49       		.uleb128 0x49
 1541 0155 13       		.uleb128 0x13
 1542 0156 01       		.uleb128 0x1
 1543 0157 13       		.uleb128 0x13
 1544 0158 00       		.byte	0
 1545 0159 00       		.byte	0
 1546 015a 18       		.uleb128 0x18
 1547 015b 21       		.uleb128 0x21
 1548 015c 00       		.byte	0
 1549 015d 49       		.uleb128 0x49
 1550 015e 13       		.uleb128 0x13
 1551 015f 2F       		.uleb128 0x2f
 1552 0160 0B       		.uleb128 0xb
 1553 0161 00       		.byte	0
 1554 0162 00       		.byte	0
 1555 0163 19       		.uleb128 0x19
 1556 0164 34       		.uleb128 0x34
 1557 0165 00       		.byte	0
 1558 0166 03       		.uleb128 0x3
 1559 0167 0E       		.uleb128 0xe
 1560 0168 3A       		.uleb128 0x3a
 1561 0169 0B       		.uleb128 0xb
 1562 016a 3B       		.uleb128 0x3b
 1563 016b 05       		.uleb128 0x5
 1564 016c 49       		.uleb128 0x49
 1565 016d 13       		.uleb128 0x13
 1566 016e 3F       		.uleb128 0x3f
 1567 016f 19       		.uleb128 0x19
 1568 0170 3C       		.uleb128 0x3c
 1569 0171 19       		.uleb128 0x19
 1570 0172 00       		.byte	0
 1571 0173 00       		.byte	0
 1572 0174 1A       		.uleb128 0x1a
 1573 0175 35       		.uleb128 0x35
 1574 0176 00       		.byte	0
 1575 0177 49       		.uleb128 0x49
 1576 0178 13       		.uleb128 0x13
 1577 0179 00       		.byte	0
 1578 017a 00       		.byte	0
 1579 017b 1B       		.uleb128 0x1b
 1580 017c 34       		.uleb128 0x34
 1581 017d 00       		.byte	0
 1582 017e 03       		.uleb128 0x3
ARM GAS  C:\Users\jebush2\AppData\Local\Temp\cciashRR.s 			page 30


 1583 017f 0E       		.uleb128 0xe
 1584 0180 3A       		.uleb128 0x3a
 1585 0181 0B       		.uleb128 0xb
 1586 0182 3B       		.uleb128 0x3b
 1587 0183 0B       		.uleb128 0xb
 1588 0184 49       		.uleb128 0x49
 1589 0185 13       		.uleb128 0x13
 1590 0186 3F       		.uleb128 0x3f
 1591 0187 19       		.uleb128 0x19
 1592 0188 02       		.uleb128 0x2
 1593 0189 18       		.uleb128 0x18
 1594 018a 00       		.byte	0
 1595 018b 00       		.byte	0
 1596 018c 1C       		.uleb128 0x1c
 1597 018d 2E       		.uleb128 0x2e
 1598 018e 00       		.byte	0
 1599 018f 3F       		.uleb128 0x3f
 1600 0190 19       		.uleb128 0x19
 1601 0191 3C       		.uleb128 0x3c
 1602 0192 19       		.uleb128 0x19
 1603 0193 6E       		.uleb128 0x6e
 1604 0194 0E       		.uleb128 0xe
 1605 0195 03       		.uleb128 0x3
 1606 0196 0E       		.uleb128 0xe
 1607 0197 3A       		.uleb128 0x3a
 1608 0198 0B       		.uleb128 0xb
 1609 0199 3B       		.uleb128 0x3b
 1610 019a 0B       		.uleb128 0xb
 1611 019b 00       		.byte	0
 1612 019c 00       		.byte	0
 1613 019d 00       		.byte	0
 1614              		.section	.debug_loc,"",%progbits
 1615              	.Ldebug_loc0:
 1616              	.LLST0:
 1617 0000 00000000 		.4byte	.LVL0
 1618 0004 0A000000 		.4byte	.LVL2
 1619 0008 0100     		.2byte	0x1
 1620 000a 50       		.byte	0x50
 1621 000b 0A000000 		.4byte	.LVL2
 1622 000f 20000000 		.4byte	.LFE64
 1623 0013 0400     		.2byte	0x4
 1624 0015 F3       		.byte	0xf3
 1625 0016 01       		.uleb128 0x1
 1626 0017 50       		.byte	0x50
 1627 0018 9F       		.byte	0x9f
 1628 0019 00000000 		.4byte	0
 1629 001d 00000000 		.4byte	0
 1630              	.LLST1:
 1631 0021 00000000 		.4byte	.LVL0
 1632 0025 08000000 		.4byte	.LVL1
 1633 0029 0100     		.2byte	0x1
 1634 002b 51       		.byte	0x51
 1635 002c 08000000 		.4byte	.LVL1
 1636 0030 20000000 		.4byte	.LFE64
 1637 0034 0400     		.2byte	0x4
 1638 0036 F3       		.byte	0xf3
 1639 0037 01       		.uleb128 0x1
ARM GAS  C:\Users\jebush2\AppData\Local\Temp\cciashRR.s 			page 31


 1640 0038 51       		.byte	0x51
 1641 0039 9F       		.byte	0x9f
 1642 003a 00000000 		.4byte	0
 1643 003e 00000000 		.4byte	0
 1644              	.LLST2:
 1645 0042 00000000 		.4byte	.LVL12
 1646 0046 08000000 		.4byte	.LVL13
 1647 004a 0100     		.2byte	0x1
 1648 004c 50       		.byte	0x50
 1649 004d 08000000 		.4byte	.LVL13
 1650 0051 2A000000 		.4byte	.LFE65
 1651 0055 0400     		.2byte	0x4
 1652 0057 F3       		.byte	0xf3
 1653 0058 01       		.uleb128 0x1
 1654 0059 50       		.byte	0x50
 1655 005a 9F       		.byte	0x9f
 1656 005b 00000000 		.4byte	0
 1657 005f 00000000 		.4byte	0
 1658              	.LLST3:
 1659 0063 00000000 		.4byte	.LVL20
 1660 0067 0C000000 		.4byte	.LVL22
 1661 006b 0100     		.2byte	0x1
 1662 006d 50       		.byte	0x50
 1663 006e 0C000000 		.4byte	.LVL22
 1664 0072 24000000 		.4byte	.LFE66
 1665 0076 0400     		.2byte	0x4
 1666 0078 F3       		.byte	0xf3
 1667 0079 01       		.uleb128 0x1
 1668 007a 50       		.byte	0x50
 1669 007b 9F       		.byte	0x9f
 1670 007c 00000000 		.4byte	0
 1671 0080 00000000 		.4byte	0
 1672              	.LLST4:
 1673 0084 00000000 		.4byte	.LVL20
 1674 0088 0A000000 		.4byte	.LVL21
 1675 008c 0100     		.2byte	0x1
 1676 008e 51       		.byte	0x51
 1677 008f 0A000000 		.4byte	.LVL21
 1678 0093 24000000 		.4byte	.LFE66
 1679 0097 0100     		.2byte	0x1
 1680 0099 54       		.byte	0x54
 1681 009a 00000000 		.4byte	0
 1682 009e 00000000 		.4byte	0
 1683              	.LLST5:
 1684 00a2 00000000 		.4byte	.LVL20
 1685 00a6 0F000000 		.4byte	.LVL23-1
 1686 00aa 0100     		.2byte	0x1
 1687 00ac 52       		.byte	0x52
 1688 00ad 0F000000 		.4byte	.LVL23-1
 1689 00b1 24000000 		.4byte	.LFE66
 1690 00b5 0400     		.2byte	0x4
 1691 00b7 F3       		.byte	0xf3
 1692 00b8 01       		.uleb128 0x1
 1693 00b9 52       		.byte	0x52
 1694 00ba 9F       		.byte	0x9f
 1695 00bb 00000000 		.4byte	0
 1696 00bf 00000000 		.4byte	0
ARM GAS  C:\Users\jebush2\AppData\Local\Temp\cciashRR.s 			page 32


 1697              		.section	.debug_aranges,"",%progbits
 1698 0000 3C000000 		.4byte	0x3c
 1699 0004 0200     		.2byte	0x2
 1700 0006 00000000 		.4byte	.Ldebug_info0
 1701 000a 04       		.byte	0x4
 1702 000b 00       		.byte	0
 1703 000c 0000     		.2byte	0
 1704 000e 0000     		.2byte	0
 1705 0010 00000000 		.4byte	.LFB64
 1706 0014 20000000 		.4byte	.LFE64-.LFB64
 1707 0018 00000000 		.4byte	.LFB63
 1708 001c 26000000 		.4byte	.LFE63-.LFB63
 1709 0020 00000000 		.4byte	.LFB65
 1710 0024 2A000000 		.4byte	.LFE65-.LFB65
 1711 0028 00000000 		.4byte	.LFB66
 1712 002c 24000000 		.4byte	.LFE66-.LFB66
 1713 0030 00000000 		.4byte	.LFB67
 1714 0034 7C000000 		.4byte	.LFE67-.LFB67
 1715 0038 00000000 		.4byte	0
 1716 003c 00000000 		.4byte	0
 1717              		.section	.debug_ranges,"",%progbits
 1718              	.Ldebug_ranges0:
 1719 0000 00000000 		.4byte	.LFB64
 1720 0004 20000000 		.4byte	.LFE64
 1721 0008 00000000 		.4byte	.LFB63
 1722 000c 26000000 		.4byte	.LFE63
 1723 0010 00000000 		.4byte	.LFB65
 1724 0014 2A000000 		.4byte	.LFE65
 1725 0018 00000000 		.4byte	.LFB66
 1726 001c 24000000 		.4byte	.LFE66
 1727 0020 00000000 		.4byte	.LFB67
 1728 0024 7C000000 		.4byte	.LFE67
 1729 0028 00000000 		.4byte	0
 1730 002c 00000000 		.4byte	0
 1731              		.section	.debug_line,"",%progbits
 1732              	.Ldebug_line0:
 1733 0000 E0010000 		.section	.debug_str,"MS",%progbits,1
 1733      02007701 
 1733      00000201 
 1733      FB0E0D00 
 1733      01010101 
 1734              	.LASF131:
 1735 0000 4F504552 		.ascii	"OPERATION_MODE_MAGONLY\000"
 1735      4154494F 
 1735      4E5F4D4F 
 1735      44455F4D 
 1735      41474F4E 
 1736              	.LASF158:
 1737 0017 43794465 		.ascii	"CyDelay\000"
 1737      6C617900 
 1738              	.LASF32:
 1739 001f 424E4F30 		.ascii	"BNO055_ACCEL_DATA_Z_MSB_ADDR\000"
 1739      35355F41 
 1739      4343454C 
 1739      5F444154 
 1739      415F5A5F 
 1740              	.LASF75:
ARM GAS  C:\Users\jebush2\AppData\Local\Temp\cciashRR.s 			page 33


 1741 003c 424E4F30 		.ascii	"BNO055_SYS_CLK_STAT_ADDR\000"
 1741      35355F53 
 1741      59535F43 
 1741      4C4B5F53 
 1741      5441545F 
 1742              	.LASF76:
 1743 0055 424E4F30 		.ascii	"BNO055_SYS_STAT_ADDR\000"
 1743      35355F53 
 1743      59535F53 
 1743      5441545F 
 1743      41444452 
 1744              	.LASF36:
 1745 006a 424E4F30 		.ascii	"BNO055_MAG_DATA_Y_MSB_ADDR\000"
 1745      35355F4D 
 1745      41475F44 
 1745      4154415F 
 1745      595F4D53 
 1746              	.LASF58:
 1747 0085 424E4F30 		.ascii	"BNO055_QUATERNION_DATA_Z_MSB_ADDR\000"
 1747      35355F51 
 1747      55415445 
 1747      524E494F 
 1747      4E5F4441 
 1748              	.LASF134:
 1749 00a7 4F504552 		.ascii	"OPERATION_MODE_ACCGYRO\000"
 1749      4154494F 
 1749      4E5F4D4F 
 1749      44455F41 
 1749      43434759 
 1750              	.LASF105:
 1751 00be 41434345 		.ascii	"ACCEL_OFFSET_X_MSB_ADDR\000"
 1751      4C5F4F46 
 1751      46534554 
 1751      5F585F4D 
 1751      53425F41 
 1752              	.LASF77:
 1753 00d6 424E4F30 		.ascii	"BNO055_SYS_ERR_ADDR\000"
 1753      35355F53 
 1753      59535F45 
 1753      52525F41 
 1753      44445200 
 1754              	.LASF148:
 1755 00ea 72644461 		.ascii	"rdData\000"
 1755      746100
 1756              	.LASF96:
 1757 00f1 424E4F30 		.ascii	"BNO055_SIC_MATRIX_5_LSB_ADDR\000"
 1757      35355F53 
 1757      49435F4D 
 1757      41545249 
 1757      585F355F 
 1758              	.LASF151:
 1759 010e 62756666 		.ascii	"buffer\000"
 1759      657200
 1760              	.LASF25:
 1761 0115 424E4F30 		.ascii	"BNO055_SW_REV_ID_MSB_ADDR\000"
 1761      35355F53 
 1761      575F5245 
ARM GAS  C:\Users\jebush2\AppData\Local\Temp\cciashRR.s 			page 34


 1761      565F4944 
 1761      5F4D5342 
 1762              	.LASF8:
 1763 012f 756E7369 		.ascii	"unsigned int\000"
 1763      676E6564 
 1763      20696E74 
 1763      00
 1764              	.LASF107:
 1765 013c 41434345 		.ascii	"ACCEL_OFFSET_Y_MSB_ADDR\000"
 1765      4C5F4F46 
 1765      46534554 
 1765      5F595F4D 
 1765      53425F41 
 1766              	.LASF9:
 1767 0154 5F5F696E 		.ascii	"__int32_t\000"
 1767      7433325F 
 1767      7400
 1768              	.LASF13:
 1769 015e 696E7431 		.ascii	"int16\000"
 1769      3600
 1770              	.LASF143:
 1771 0164 70697463 		.ascii	"pitch\000"
 1771      6800
 1772              	.LASF103:
 1773 016a 424E4F30 		.ascii	"BNO055_SIC_MATRIX_8_MSB_ADDR\000"
 1773      35355F53 
 1773      49435F4D 
 1773      41545249 
 1773      585F385F 
 1774              	.LASF42:
 1775 0187 424E4F30 		.ascii	"BNO055_GYRO_DATA_Y_MSB_ADDR\000"
 1775      35355F47 
 1775      59524F5F 
 1775      44415441 
 1775      5F595F4D 
 1776              	.LASF67:
 1777 01a3 424E4F30 		.ascii	"BNO055_GRAVITY_DATA_Y_LSB_ADDR\000"
 1777      35355F47 
 1777      52415649 
 1777      54595F44 
 1777      4154415F 
 1778              	.LASF80:
 1779 01c2 424E4F30 		.ascii	"BNO055_OPR_MODE_ADDR\000"
 1779      35355F4F 
 1779      50525F4D 
 1779      4F44455F 
 1779      41444452 
 1780              	.LASF64:
 1781 01d7 424E4F30 		.ascii	"BNO055_LINEAR_ACCEL_DATA_Z_MSB_ADDR\000"
 1781      35355F4C 
 1781      494E4541 
 1781      525F4143 
 1781      43454C5F 
 1782              	.LASF48:
 1783 01fb 424E4F30 		.ascii	"BNO055_EULER_R_MSB_ADDR\000"
 1783      35355F45 
 1783      554C4552 
ARM GAS  C:\Users\jebush2\AppData\Local\Temp\cciashRR.s 			page 35


 1783      5F525F4D 
 1783      53425F41 
 1784              	.LASF159:
 1785 0213 4C45445F 		.ascii	"LED_Write\000"
 1785      57726974 
 1785      6500
 1786              	.LASF135:
 1787 021d 4F504552 		.ascii	"OPERATION_MODE_MAGGYRO\000"
 1787      4154494F 
 1787      4E5F4D4F 
 1787      44455F4D 
 1787      41474759 
 1788              	.LASF88:
 1789 0234 424E4F30 		.ascii	"BNO055_SIC_MATRIX_1_LSB_ADDR\000"
 1789      35355F53 
 1789      49435F4D 
 1789      41545249 
 1789      585F315F 
 1790              	.LASF153:
 1791 0251 6F726965 		.ascii	"orientation\000"
 1791      6E746174 
 1791      696F6E00 
 1792              	.LASF157:
 1793 025d 4932435F 		.ascii	"I2C_Start\000"
 1793      53746172 
 1793      7400
 1794              	.LASF120:
 1795 0267 4759524F 		.ascii	"GYRO_OFFSET_Z_LSB_ADDR\000"
 1795      5F4F4646 
 1795      5345545F 
 1795      5A5F4C53 
 1795      425F4144 
 1796              	.LASF114:
 1797 027e 4D41475F 		.ascii	"MAG_OFFSET_Z_LSB_ADDR\000"
 1797      4F464653 
 1797      45545F5A 
 1797      5F4C5342 
 1797      5F414444 
 1798              	.LASF81:
 1799 0294 424E4F30 		.ascii	"BNO055_PWR_MODE_ADDR\000"
 1799      35355F50 
 1799      57525F4D 
 1799      4F44455F 
 1799      41444452 
 1800              	.LASF117:
 1801 02a9 4759524F 		.ascii	"GYRO_OFFSET_X_MSB_ADDR\000"
 1801      5F4F4646 
 1801      5345545F 
 1801      585F4D53 
 1801      425F4144 
 1802              	.LASF87:
 1803 02c0 424E4F30 		.ascii	"BNO055_SIC_MATRIX_0_MSB_ADDR\000"
 1803      35355F53 
 1803      49435F4D 
 1803      41545249 
 1803      585F305F 
 1804              	.LASF27:
ARM GAS  C:\Users\jebush2\AppData\Local\Temp\cciashRR.s 			page 36


 1805 02dd 424E4F30 		.ascii	"BNO055_ACCEL_DATA_X_LSB_ADDR\000"
 1805      35355F41 
 1805      4343454C 
 1805      5F444154 
 1805      415F585F 
 1806              	.LASF146:
 1807 02fa 626E6F5F 		.ascii	"bno_write\000"
 1807      77726974 
 1807      6500
 1808              	.LASF79:
 1809 0304 424E4F30 		.ascii	"BNO055_DATA_SELECT_ADDR\000"
 1809      35355F44 
 1809      4154415F 
 1809      53454C45 
 1809      43545F41 
 1810              	.LASF156:
 1811 031c 4932435F 		.ascii	"I2C_MasterSendStop\000"
 1811      4D617374 
 1811      65725365 
 1811      6E645374 
 1811      6F7000
 1812              	.LASF95:
 1813 032f 424E4F30 		.ascii	"BNO055_SIC_MATRIX_4_MSB_ADDR\000"
 1813      35355F53 
 1813      49435F4D 
 1813      41545249 
 1813      585F345F 
 1814              	.LASF113:
 1815 034c 4D41475F 		.ascii	"MAG_OFFSET_Y_MSB_ADDR\000"
 1815      4F464653 
 1815      45545F59 
 1815      5F4D5342 
 1815      5F414444 
 1816              	.LASF133:
 1817 0362 4F504552 		.ascii	"OPERATION_MODE_ACCMAG\000"
 1817      4154494F 
 1817      4E5F4D4F 
 1817      44455F41 
 1817      43434D41 
 1818              	.LASF53:
 1819 0378 424E4F30 		.ascii	"BNO055_QUATERNION_DATA_X_LSB_ADDR\000"
 1819      35355F51 
 1819      55415445 
 1819      524E494F 
 1819      4E5F4441 
 1820              	.LASF125:
 1821 039a 4D41475F 		.ascii	"MAG_RADIUS_MSB_ADDR\000"
 1821      52414449 
 1821      55535F4D 
 1821      53425F41 
 1821      44445200 
 1822              	.LASF14:
 1823 03ae 666C6F61 		.ascii	"float\000"
 1823      7400
 1824              	.LASF7:
 1825 03b4 6C6F6E67 		.ascii	"long long unsigned int\000"
 1825      206C6F6E 
ARM GAS  C:\Users\jebush2\AppData\Local\Temp\cciashRR.s 			page 37


 1825      6720756E 
 1825      7369676E 
 1825      65642069 
 1826              	.LASF38:
 1827 03cb 424E4F30 		.ascii	"BNO055_MAG_DATA_Z_MSB_ADDR\000"
 1827      35355F4D 
 1827      41475F44 
 1827      4154415F 
 1827      5A5F4D53 
 1828              	.LASF128:
 1829 03e6 504F5745 		.ascii	"POWER_MODE_SUSPEND\000"
 1829      525F4D4F 
 1829      44455F53 
 1829      55535045 
 1829      4E4400
 1830              	.LASF68:
 1831 03f9 424E4F30 		.ascii	"BNO055_GRAVITY_DATA_Y_MSB_ADDR\000"
 1831      35355F47 
 1831      52415649 
 1831      54595F44 
 1831      4154415F 
 1832              	.LASF66:
 1833 0418 424E4F30 		.ascii	"BNO055_GRAVITY_DATA_X_MSB_ADDR\000"
 1833      35355F47 
 1833      52415649 
 1833      54595F44 
 1833      4154415F 
 1834              	.LASF98:
 1835 0437 424E4F30 		.ascii	"BNO055_SIC_MATRIX_6_LSB_ADDR\000"
 1835      35355F53 
 1835      49435F4D 
 1835      41545249 
 1835      585F365F 
 1836              	.LASF59:
 1837 0454 424E4F30 		.ascii	"BNO055_LINEAR_ACCEL_DATA_X_LSB_ADDR\000"
 1837      35355F4C 
 1837      494E4541 
 1837      525F4143 
 1837      43454C5F 
 1838              	.LASF49:
 1839 0478 424E4F30 		.ascii	"BNO055_EULER_P_LSB_ADDR\000"
 1839      35355F45 
 1839      554C4552 
 1839      5F505F4C 
 1839      53425F41 
 1840              	.LASF119:
 1841 0490 4759524F 		.ascii	"GYRO_OFFSET_Y_MSB_ADDR\000"
 1841      5F4F4646 
 1841      5345545F 
 1841      595F4D53 
 1841      425F4144 
 1842              	.LASF162:
 1843 04a7 474E5520 		.ascii	"GNU C11 5.4.1 20160609 (release) [ARM/embedded-5-br"
 1843      43313120 
 1843      352E342E 
 1843      31203230 
 1843      31363036 
ARM GAS  C:\Users\jebush2\AppData\Local\Temp\cciashRR.s 			page 38


 1844 04da 616E6368 		.ascii	"anch revision 237715] -mcpu=cortex-m3 -mthumb -g -O"
 1844      20726576 
 1844      6973696F 
 1844      6E203233 
 1844      37373135 
 1845 050d 67202D66 		.ascii	"g -ffunction-sections -ffat-lto-objects\000"
 1845      66756E63 
 1845      74696F6E 
 1845      2D736563 
 1845      74696F6E 
 1846              	.LASF154:
 1847 0535 4932435F 		.ascii	"I2C_MasterSendStart\000"
 1847      4D617374 
 1847      65725365 
 1847      6E645374 
 1847      61727400 
 1848              	.LASF44:
 1849 0549 424E4F30 		.ascii	"BNO055_GYRO_DATA_Z_MSB_ADDR\000"
 1849      35355F47 
 1849      59524F5F 
 1849      44415441 
 1849      5F5A5F4D 
 1850              	.LASF72:
 1851 0565 424E4F30 		.ascii	"BNO055_CALIB_STAT_ADDR\000"
 1851      35355F43 
 1851      414C4942 
 1851      5F535441 
 1851      545F4144 
 1852              	.LASF21:
 1853 057c 424E4F30 		.ascii	"BNO055_ACCEL_REV_ID_ADDR\000"
 1853      35355F41 
 1853      4343454C 
 1853      5F524556 
 1853      5F49445F 
 1854              	.LASF69:
 1855 0595 424E4F30 		.ascii	"BNO055_GRAVITY_DATA_Z_LSB_ADDR\000"
 1855      35355F47 
 1855      52415649 
 1855      54595F44 
 1855      4154415F 
 1856              	.LASF52:
 1857 05b4 424E4F30 		.ascii	"BNO055_QUATERNION_DATA_W_MSB_ADDR\000"
 1857      35355F51 
 1857      55415445 
 1857      524E494F 
 1857      4E5F4441 
 1858              	.LASF90:
 1859 05d6 424E4F30 		.ascii	"BNO055_SIC_MATRIX_2_LSB_ADDR\000"
 1859      35355F53 
 1859      49435F4D 
 1859      41545249 
 1859      585F325F 
 1860              	.LASF132:
 1861 05f3 4F504552 		.ascii	"OPERATION_MODE_GYRONLY\000"
 1861      4154494F 
 1861      4E5F4D4F 
 1861      44455F47 
ARM GAS  C:\Users\jebush2\AppData\Local\Temp\cciashRR.s 			page 39


 1861      59524F4E 
 1862              	.LASF161:
 1863 060a 4932435F 		.ascii	"I2C_MasterReadBuf\000"
 1863      4D617374 
 1863      65725265 
 1863      61644275 
 1863      6600
 1864              	.LASF129:
 1865 061c 4F504552 		.ascii	"OPERATION_MODE_CONFIG\000"
 1865      4154494F 
 1865      4E5F4D4F 
 1865      44455F43 
 1865      4F4E4649 
 1866              	.LASF122:
 1867 0632 41434345 		.ascii	"ACCEL_RADIUS_LSB_ADDR\000"
 1867      4C5F5241 
 1867      44495553 
 1867      5F4C5342 
 1867      5F414444 
 1868              	.LASF89:
 1869 0648 424E4F30 		.ascii	"BNO055_SIC_MATRIX_1_MSB_ADDR\000"
 1869      35355F53 
 1869      49435F4D 
 1869      41545249 
 1869      585F315F 
 1870              	.LASF29:
 1871 0665 424E4F30 		.ascii	"BNO055_ACCEL_DATA_Y_LSB_ADDR\000"
 1871      35355F41 
 1871      4343454C 
 1871      5F444154 
 1871      415F595F 
 1872              	.LASF16:
 1873 0682 63686172 		.ascii	"char\000"
 1873      00
 1874              	.LASF109:
 1875 0687 41434345 		.ascii	"ACCEL_OFFSET_Z_MSB_ADDR\000"
 1875      4C5F4F46 
 1875      46534554 
 1875      5F5A5F4D 
 1875      53425F41 
 1876              	.LASF33:
 1877 069f 424E4F30 		.ascii	"BNO055_MAG_DATA_X_LSB_ADDR\000"
 1877      35355F4D 
 1877      41475F44 
 1877      4154415F 
 1877      585F4C53 
 1878              	.LASF97:
 1879 06ba 424E4F30 		.ascii	"BNO055_SIC_MATRIX_5_MSB_ADDR\000"
 1879      35355F53 
 1879      49435F4D 
 1879      41545249 
 1879      585F355F 
 1880              	.LASF160:
 1881 06d7 4932435F 		.ascii	"I2C_MasterReadByte\000"
 1881      4D617374 
 1881      65725265 
 1881      61644279 
ARM GAS  C:\Users\jebush2\AppData\Local\Temp\cciashRR.s 			page 40


 1881      746500
 1882              	.LASF55:
 1883 06ea 424E4F30 		.ascii	"BNO055_QUATERNION_DATA_Y_LSB_ADDR\000"
 1883      35355F51 
 1883      55415445 
 1883      524E494F 
 1883      4E5F4441 
 1884              	.LASF140:
 1885 070c 4F504552 		.ascii	"OPERATION_MODE_NDOF_FMC_OFF\000"
 1885      4154494F 
 1885      4E5F4D4F 
 1885      44455F4E 
 1885      444F465F 
 1886              	.LASF12:
 1887 0728 75696E74 		.ascii	"uint16\000"
 1887      313600
 1888              	.LASF145:
 1889 072f 64617461 		.ascii	"data\000"
 1889      00
 1890              	.LASF26:
 1891 0734 424E4F30 		.ascii	"BNO055_BL_REV_ID_ADDR\000"
 1891      35355F42 
 1891      4C5F5245 
 1891      565F4944 
 1891      5F414444 
 1892              	.LASF142:
 1893 074a 726F6C6C 		.ascii	"roll\000"
 1893      00
 1894              	.LASF137:
 1895 074f 4F504552 		.ascii	"OPERATION_MODE_IMUPLUS\000"
 1895      4154494F 
 1895      4E5F4D4F 
 1895      44455F49 
 1895      4D55504C 
 1896              	.LASF45:
 1897 0766 424E4F30 		.ascii	"BNO055_EULER_H_LSB_ADDR\000"
 1897      35355F45 
 1897      554C4552 
 1897      5F485F4C 
 1897      53425F41 
 1898              	.LASF84:
 1899 077e 424E4F30 		.ascii	"BNO055_AXIS_MAP_CONFIG_ADDR\000"
 1899      35355F41 
 1899      5849535F 
 1899      4D41505F 
 1899      434F4E46 
 1900              	.LASF127:
 1901 079a 504F5745 		.ascii	"POWER_MODE_LOWPOWER\000"
 1901      525F4D4F 
 1901      44455F4C 
 1901      4F57504F 
 1901      57455200 
 1902              	.LASF6:
 1903 07ae 6C6F6E67 		.ascii	"long long int\000"
 1903      206C6F6E 
 1903      6720696E 
 1903      7400
ARM GAS  C:\Users\jebush2\AppData\Local\Temp\cciashRR.s 			page 41


 1904              	.LASF100:
 1905 07bc 424E4F30 		.ascii	"BNO055_SIC_MATRIX_7_LSB_ADDR\000"
 1905      35355F53 
 1905      49435F4D 
 1905      41545249 
 1905      585F375F 
 1906              	.LASF39:
 1907 07d9 424E4F30 		.ascii	"BNO055_GYRO_DATA_X_LSB_ADDR\000"
 1907      35355F47 
 1907      59524F5F 
 1907      44415441 
 1907      5F585F4C 
 1908              	.LASF61:
 1909 07f5 424E4F30 		.ascii	"BNO055_LINEAR_ACCEL_DATA_Y_LSB_ADDR\000"
 1909      35355F4C 
 1909      494E4541 
 1909      525F4143 
 1909      43454C5F 
 1910              	.LASF121:
 1911 0819 4759524F 		.ascii	"GYRO_OFFSET_Z_MSB_ADDR\000"
 1911      5F4F4646 
 1911      5345545F 
 1911      5A5F4D53 
 1911      425F4144 
 1912              	.LASF115:
 1913 0830 4D41475F 		.ascii	"MAG_OFFSET_Z_MSB_ADDR\000"
 1913      4F464653 
 1913      45545F5A 
 1913      5F4D5342 
 1913      5F414444 
 1914              	.LASF147:
 1915 0846 626E6F5F 		.ascii	"bno_readbuf\000"
 1915      72656164 
 1915      62756600 
 1916              	.LASF28:
 1917 0852 424E4F30 		.ascii	"BNO055_ACCEL_DATA_X_MSB_ADDR\000"
 1917      35355F41 
 1917      4343454C 
 1917      5F444154 
 1917      415F585F 
 1918              	.LASF163:
 1919 086f 626E6F30 		.ascii	"bno055.c\000"
 1919      35352E63 
 1919      00
 1920              	.LASF54:
 1921 0878 424E4F30 		.ascii	"BNO055_QUATERNION_DATA_X_MSB_ADDR\000"
 1921      35355F51 
 1921      55415445 
 1921      524E494F 
 1921      4E5F4441 
 1922              	.LASF23:
 1923 089a 424E4F30 		.ascii	"BNO055_GYRO_REV_ID_ADDR\000"
 1923      35355F47 
 1923      59524F5F 
 1923      5245565F 
 1923      49445F41 
 1924              	.LASF92:
ARM GAS  C:\Users\jebush2\AppData\Local\Temp\cciashRR.s 			page 42


 1925 08b2 424E4F30 		.ascii	"BNO055_SIC_MATRIX_3_LSB_ADDR\000"
 1925      35355F53 
 1925      49435F4D 
 1925      41545249 
 1925      585F335F 
 1926              	.LASF110:
 1927 08cf 4D41475F 		.ascii	"MAG_OFFSET_X_LSB_ADDR\000"
 1927      4F464653 
 1927      45545F58 
 1927      5F4C5342 
 1927      5F414444 
 1928              	.LASF155:
 1929 08e5 4932435F 		.ascii	"I2C_MasterWriteByte\000"
 1929      4D617374 
 1929      65725772 
 1929      69746542 
 1929      79746500 
 1930              	.LASF73:
 1931 08f9 424E4F30 		.ascii	"BNO055_SELFTEST_RESULT_ADDR\000"
 1931      35355F53 
 1931      454C4654 
 1931      4553545F 
 1931      52455355 
 1932              	.LASF17:
 1933 0915 6C6F6E67 		.ascii	"long double\000"
 1933      20646F75 
 1933      626C6500 
 1934              	.LASF144:
 1935 0921 65756C65 		.ascii	"euler_angles\000"
 1935      725F616E 
 1935      676C6573 
 1935      00
 1936              	.LASF31:
 1937 092e 424E4F30 		.ascii	"BNO055_ACCEL_DATA_Z_LSB_ADDR\000"
 1937      35355F41 
 1937      4343454C 
 1937      5F444154 
 1937      415F5A5F 
 1938              	.LASF35:
 1939 094b 424E4F30 		.ascii	"BNO055_MAG_DATA_Y_LSB_ADDR\000"
 1939      35355F4D 
 1939      41475F44 
 1939      4154415F 
 1939      595F4C53 
 1940              	.LASF99:
 1941 0966 424E4F30 		.ascii	"BNO055_SIC_MATRIX_6_MSB_ADDR\000"
 1941      35355F53 
 1941      49435F4D 
 1941      41545249 
 1941      585F365F 
 1942              	.LASF20:
 1943 0983 424E4F30 		.ascii	"BNO055_CHIP_ID_ADDR\000"
 1943      35355F43 
 1943      4849505F 
 1943      49445F41 
 1943      44445200 
 1944              	.LASF106:
ARM GAS  C:\Users\jebush2\AppData\Local\Temp\cciashRR.s 			page 43


 1945 0997 41434345 		.ascii	"ACCEL_OFFSET_Y_LSB_ADDR\000"
 1945      4C5F4F46 
 1945      46534554 
 1945      5F595F4C 
 1945      53425F41 
 1946              	.LASF138:
 1947 09af 4F504552 		.ascii	"OPERATION_MODE_COMPASS\000"
 1947      4154494F 
 1947      4E5F4D4F 
 1947      44455F43 
 1947      4F4D5041 
 1948              	.LASF104:
 1949 09c6 41434345 		.ascii	"ACCEL_OFFSET_X_LSB_ADDR\000"
 1949      4C5F4F46 
 1949      46534554 
 1949      5F585F4C 
 1949      53425F41 
 1950              	.LASF60:
 1951 09de 424E4F30 		.ascii	"BNO055_LINEAR_ACCEL_DATA_X_MSB_ADDR\000"
 1951      35355F4C 
 1951      494E4541 
 1951      525F4143 
 1951      43454C5F 
 1952              	.LASF149:
 1953 0a02 626E6F5F 		.ascii	"bno_init\000"
 1953      696E6974 
 1953      00
 1954              	.LASF50:
 1955 0a0b 424E4F30 		.ascii	"BNO055_EULER_P_MSB_ADDR\000"
 1955      35355F45 
 1955      554C4552 
 1955      5F505F4D 
 1955      53425F41 
 1956              	.LASF2:
 1957 0a23 73686F72 		.ascii	"short int\000"
 1957      7420696E 
 1957      7400
 1958              	.LASF4:
 1959 0a2d 6C6F6E67 		.ascii	"long int\000"
 1959      20696E74 
 1959      00
 1960              	.LASF24:
 1961 0a36 424E4F30 		.ascii	"BNO055_SW_REV_ID_LSB_ADDR\000"
 1961      35355F53 
 1961      575F5245 
 1961      565F4944 
 1961      5F4C5342 
 1962              	.LASF152:
 1963 0a50 49544D5F 		.ascii	"ITM_RxBuffer\000"
 1963      52784275 
 1963      66666572 
 1963      00
 1964              	.LASF71:
 1965 0a5d 424E4F30 		.ascii	"BNO055_TEMP_ADDR\000"
 1965      35355F54 
 1965      454D505F 
 1965      41444452 
ARM GAS  C:\Users\jebush2\AppData\Local\Temp\cciashRR.s 			page 44


 1965      00
 1966              	.LASF116:
 1967 0a6e 4759524F 		.ascii	"GYRO_OFFSET_X_LSB_ADDR\000"
 1967      5F4F4646 
 1967      5345545F 
 1967      585F4C53 
 1967      425F4144 
 1968              	.LASF22:
 1969 0a85 424E4F30 		.ascii	"BNO055_MAG_REV_ID_ADDR\000"
 1969      35355F4D 
 1969      41475F52 
 1969      45565F49 
 1969      445F4144 
 1970              	.LASF82:
 1971 0a9c 424E4F30 		.ascii	"BNO055_SYS_TRIGGER_ADDR\000"
 1971      35355F53 
 1971      59535F54 
 1971      52494747 
 1971      45525F41 
 1972              	.LASF136:
 1973 0ab4 4F504552 		.ascii	"OPERATION_MODE_AMG\000"
 1973      4154494F 
 1973      4E5F4D4F 
 1973      44455F41 
 1973      4D4700
 1974              	.LASF70:
 1975 0ac7 424E4F30 		.ascii	"BNO055_GRAVITY_DATA_Z_MSB_ADDR\000"
 1975      35355F47 
 1975      52415649 
 1975      54595F44 
 1975      4154415F 
 1976              	.LASF19:
 1977 0ae6 424E4F30 		.ascii	"BNO055_PAGE_ID_ADDR\000"
 1977      35355F50 
 1977      4147455F 
 1977      49445F41 
 1977      44445200 
 1978              	.LASF102:
 1979 0afa 424E4F30 		.ascii	"BNO055_SIC_MATRIX_8_LSB_ADDR\000"
 1979      35355F53 
 1979      49435F4D 
 1979      41545249 
 1979      585F385F 
 1980              	.LASF41:
 1981 0b17 424E4F30 		.ascii	"BNO055_GYRO_DATA_Y_LSB_ADDR\000"
 1981      35355F47 
 1981      59524F5F 
 1981      44415441 
 1981      5F595F4C 
 1982              	.LASF126:
 1983 0b33 504F5745 		.ascii	"POWER_MODE_NORMAL\000"
 1983      525F4D4F 
 1983      44455F4E 
 1983      4F524D41 
 1983      4C00
 1984              	.LASF91:
 1985 0b45 424E4F30 		.ascii	"BNO055_SIC_MATRIX_2_MSB_ADDR\000"
ARM GAS  C:\Users\jebush2\AppData\Local\Temp\cciashRR.s 			page 45


 1985      35355F53 
 1985      49435F4D 
 1985      41545249 
 1985      585F325F 
 1986              	.LASF63:
 1987 0b62 424E4F30 		.ascii	"BNO055_LINEAR_ACCEL_DATA_Z_LSB_ADDR\000"
 1987      35355F4C 
 1987      494E4541 
 1987      525F4143 
 1987      43454C5F 
 1988              	.LASF165:
 1989 0b86 626E6F5F 		.ascii	"bno_read\000"
 1989      72656164 
 1989      00
 1990              	.LASF164:
 1991 0b8f 433A5C55 		.ascii	"C:\\Users\\jebush2\\Desktop\\PSoC 3-19-2019\\Smart "
 1991      73657273 
 1991      5C6A6562 
 1991      75736832 
 1991      5C446573 
 1992 0bbd 42696B65 		.ascii	"Bike PSoC\\IMU.cydsn\000"
 1992      2050536F 
 1992      435C494D 
 1992      552E6379 
 1992      64736E00 
 1993              	.LASF57:
 1994 0bd1 424E4F30 		.ascii	"BNO055_QUATERNION_DATA_Z_LSB_ADDR\000"
 1994      35355F51 
 1994      55415445 
 1994      524E494F 
 1994      4E5F4441 
 1995              	.LASF123:
 1996 0bf3 41434345 		.ascii	"ACCEL_RADIUS_MSB_ADDR\000"
 1996      4C5F5241 
 1996      44495553 
 1996      5F4D5342 
 1996      5F414444 
 1997              	.LASF18:
 1998 0c09 73697A65 		.ascii	"sizetype\000"
 1998      74797065 
 1998      00
 1999              	.LASF112:
 2000 0c12 4D41475F 		.ascii	"MAG_OFFSET_Y_LSB_ADDR\000"
 2000      4F464653 
 2000      45545F59 
 2000      5F4C5342 
 2000      5F414444 
 2001              	.LASF5:
 2002 0c28 6C6F6E67 		.ascii	"long unsigned int\000"
 2002      20756E73 
 2002      69676E65 
 2002      6420696E 
 2002      7400
 2003              	.LASF34:
 2004 0c3a 424E4F30 		.ascii	"BNO055_MAG_DATA_X_MSB_ADDR\000"
 2004      35355F4D 
 2004      41475F44 
ARM GAS  C:\Users\jebush2\AppData\Local\Temp\cciashRR.s 			page 46


 2004      4154415F 
 2004      585F4D53 
 2005              	.LASF78:
 2006 0c55 424E4F30 		.ascii	"BNO055_UNIT_SEL_ADDR\000"
 2006      35355F55 
 2006      4E49545F 
 2006      53454C5F 
 2006      41444452 
 2007              	.LASF10:
 2008 0c6a 696E7433 		.ascii	"int32_t\000"
 2008      325F7400 
 2009              	.LASF56:
 2010 0c72 424E4F30 		.ascii	"BNO055_QUATERNION_DATA_Y_MSB_ADDR\000"
 2010      35355F51 
 2010      55415445 
 2010      524E494F 
 2010      4E5F4441 
 2011              	.LASF85:
 2012 0c94 424E4F30 		.ascii	"BNO055_AXIS_MAP_SIGN_ADDR\000"
 2012      35355F41 
 2012      5849535F 
 2012      4D41505F 
 2012      5349474E 
 2013              	.LASF94:
 2014 0cae 424E4F30 		.ascii	"BNO055_SIC_MATRIX_4_LSB_ADDR\000"
 2014      35355F53 
 2014      49435F4D 
 2014      41545249 
 2014      585F345F 
 2015              	.LASF139:
 2016 0ccb 4F504552 		.ascii	"OPERATION_MODE_M4G\000"
 2016      4154494F 
 2016      4E5F4D4F 
 2016      44455F4D 
 2016      344700
 2017              	.LASF1:
 2018 0cde 756E7369 		.ascii	"unsigned char\000"
 2018      676E6564 
 2018      20636861 
 2018      7200
 2019              	.LASF124:
 2020 0cec 4D41475F 		.ascii	"MAG_RADIUS_LSB_ADDR\000"
 2020      52414449 
 2020      55535F4C 
 2020      53425F41 
 2020      44445200 
 2021              	.LASF141:
 2022 0d00 4F504552 		.ascii	"OPERATION_MODE_NDOF\000"
 2022      4154494F 
 2022      4E5F4D4F 
 2022      44455F4E 
 2022      444F4600 
 2023              	.LASF46:
 2024 0d14 424E4F30 		.ascii	"BNO055_EULER_H_MSB_ADDR\000"
 2024      35355F45 
 2024      554C4552 
 2024      5F485F4D 
ARM GAS  C:\Users\jebush2\AppData\Local\Temp\cciashRR.s 			page 47


 2024      53425F41 
 2025              	.LASF47:
 2026 0d2c 424E4F30 		.ascii	"BNO055_EULER_R_LSB_ADDR\000"
 2026      35355F45 
 2026      554C4552 
 2026      5F525F4C 
 2026      53425F41 
 2027              	.LASF37:
 2028 0d44 424E4F30 		.ascii	"BNO055_MAG_DATA_Z_LSB_ADDR\000"
 2028      35355F4D 
 2028      41475F44 
 2028      4154415F 
 2028      5A5F4C53 
 2029              	.LASF101:
 2030 0d5f 424E4F30 		.ascii	"BNO055_SIC_MATRIX_7_MSB_ADDR\000"
 2030      35355F53 
 2030      49435F4D 
 2030      41545249 
 2030      585F375F 
 2031              	.LASF40:
 2032 0d7c 424E4F30 		.ascii	"BNO055_GYRO_DATA_X_MSB_ADDR\000"
 2032      35355F47 
 2032      59524F5F 
 2032      44415441 
 2032      5F585F4D 
 2033              	.LASF83:
 2034 0d98 424E4F30 		.ascii	"BNO055_TEMP_SOURCE_ADDR\000"
 2034      35355F54 
 2034      454D505F 
 2034      534F5552 
 2034      43455F41 
 2035              	.LASF30:
 2036 0db0 424E4F30 		.ascii	"BNO055_ACCEL_DATA_Y_MSB_ADDR\000"
 2036      35355F41 
 2036      4343454C 
 2036      5F444154 
 2036      415F595F 
 2037              	.LASF65:
 2038 0dcd 424E4F30 		.ascii	"BNO055_GRAVITY_DATA_X_LSB_ADDR\000"
 2038      35355F47 
 2038      52415649 
 2038      54595F44 
 2038      4154415F 
 2039              	.LASF62:
 2040 0dec 424E4F30 		.ascii	"BNO055_LINEAR_ACCEL_DATA_Y_MSB_ADDR\000"
 2040      35355F4C 
 2040      494E4541 
 2040      525F4143 
 2040      43454C5F 
 2041              	.LASF130:
 2042 0e10 4F504552 		.ascii	"OPERATION_MODE_ACCONLY\000"
 2042      4154494F 
 2042      4E5F4D4F 
 2042      44455F41 
 2042      43434F4E 
 2043              	.LASF0:
 2044 0e27 7369676E 		.ascii	"signed char\000"
ARM GAS  C:\Users\jebush2\AppData\Local\Temp\cciashRR.s 			page 48


 2044      65642063 
 2044      68617200 
 2045              	.LASF86:
 2046 0e33 424E4F30 		.ascii	"BNO055_SIC_MATRIX_0_LSB_ADDR\000"
 2046      35355F53 
 2046      49435F4D 
 2046      41545249 
 2046      585F305F 
 2047              	.LASF3:
 2048 0e50 73686F72 		.ascii	"short unsigned int\000"
 2048      7420756E 
 2048      7369676E 
 2048      65642069 
 2048      6E7400
 2049              	.LASF118:
 2050 0e63 4759524F 		.ascii	"GYRO_OFFSET_Y_LSB_ADDR\000"
 2050      5F4F4646 
 2050      5345545F 
 2050      595F4C53 
 2050      425F4144 
 2051              	.LASF74:
 2052 0e7a 424E4F30 		.ascii	"BNO055_INTR_STAT_ADDR\000"
 2052      35355F49 
 2052      4E54525F 
 2052      53544154 
 2052      5F414444 
 2053              	.LASF11:
 2054 0e90 75696E74 		.ascii	"uint8\000"
 2054      3800
 2055              	.LASF15:
 2056 0e96 646F7562 		.ascii	"double\000"
 2056      6C6500
 2057              	.LASF43:
 2058 0e9d 424E4F30 		.ascii	"BNO055_GYRO_DATA_Z_LSB_ADDR\000"
 2058      35355F47 
 2058      59524F5F 
 2058      44415441 
 2058      5F5A5F4C 
 2059              	.LASF150:
 2060 0eb9 626E6F5F 		.ascii	"bno_update\000"
 2060      75706461 
 2060      746500
 2061              	.LASF93:
 2062 0ec4 424E4F30 		.ascii	"BNO055_SIC_MATRIX_3_MSB_ADDR\000"
 2062      35355F53 
 2062      49435F4D 
 2062      41545249 
 2062      585F335F 
 2063              	.LASF111:
 2064 0ee1 4D41475F 		.ascii	"MAG_OFFSET_X_MSB_ADDR\000"
 2064      4F464653 
 2064      45545F58 
 2064      5F4D5342 
 2064      5F414444 
 2065              	.LASF51:
 2066 0ef7 424E4F30 		.ascii	"BNO055_QUATERNION_DATA_W_LSB_ADDR\000"
 2066      35355F51 
ARM GAS  C:\Users\jebush2\AppData\Local\Temp\cciashRR.s 			page 49


 2066      55415445 
 2066      524E494F 
 2066      4E5F4441 
 2067              	.LASF108:
 2068 0f19 41434345 		.ascii	"ACCEL_OFFSET_Z_LSB_ADDR\000"
 2068      4C5F4F46 
 2068      46534554 
 2068      5F5A5F4C 
 2068      53425F41 
 2069              		.ident	"GCC: (GNU Tools for ARM Embedded Processors) 5.4.1 20160609 (release) [ARM/embedded-5-bran
