ARM GAS  C:\Users\jebush2\AppData\Local\Temp\ccQP8Ux2.s 			page 1


   1              		.syntax unified
   2              		.cpu cortex-m3
   3              		.fpu softvfp
   4              		.eabi_attribute 20, 1
   5              		.eabi_attribute 21, 1
   6              		.eabi_attribute 23, 3
   7              		.eabi_attribute 24, 1
   8              		.eabi_attribute 25, 1
   9              		.eabi_attribute 26, 1
  10              		.eabi_attribute 30, 6
  11              		.eabi_attribute 34, 1
  12              		.eabi_attribute 18, 4
  13              		.thumb
  14              		.syntax unified
  15              		.file	"cymetadata.c"
  16              		.text
  17              	.Ltext0:
  18              		.cfi_sections	.debug_frame
  19              		.global	cy_meta_configecc
  20              		.section	.cyconfigecc,"a",%progbits
  21              		.align	2
  22              		.type	cy_meta_configecc, %object
  23              		.size	cy_meta_configecc, 1152
  24              	cy_meta_configecc:
  25 0000 01       		.byte	1
  26 0001 45       		.byte	69
  27 0002 00       		.byte	0
  28 0003 40       		.byte	64
  29 0004 02       		.byte	2
  30 0005 4F       		.byte	79
  31 0006 00       		.byte	0
  32 0007 40       		.byte	64
  33 0008 03       		.byte	3
  34 0009 52       		.byte	82
  35 000a 00       		.byte	0
  36 000b 40       		.byte	64
  37 000c 01       		.byte	1
  38 000d 5B       		.byte	91
  39 000e 00       		.byte	0
  40 000f 40       		.byte	64
  41 0010 01       		.byte	1
  42 0011 64       		.byte	100
  43 0012 00       		.byte	0
  44 0013 40       		.byte	64
  45 0014 12       		.byte	18
  46 0015 00       		.byte	0
  47 0016 01       		.byte	1
  48 0017 40       		.byte	64
  49 0018 24       		.byte	36
  50 0019 01       		.byte	1
  51 001a 01       		.byte	1
  52 001b 40       		.byte	64
  53 001c 30       		.byte	48
  54 001d 02       		.byte	2
  55 001e 01       		.byte	1
  56 001f 40       		.byte	64
  57 0020 3E       		.byte	62
ARM GAS  C:\Users\jebush2\AppData\Local\Temp\ccQP8Ux2.s 			page 2


  58 0021 03       		.byte	3
  59 0022 01       		.byte	1
  60 0023 40       		.byte	64
  61 0024 25       		.byte	37
  62 0025 04       		.byte	4
  63 0026 01       		.byte	1
  64 0027 40       		.byte	64
  65 0028 36       		.byte	54
  66 0029 05       		.byte	5
  67 002a 01       		.byte	1
  68 002b 40       		.byte	64
  69 002c 0D       		.byte	13
  70 002d 06       		.byte	6
  71 002e 01       		.byte	1
  72 002f 40       		.byte	64
  73 0030 30       		.byte	48
  74 0031 07       		.byte	7
  75 0032 01       		.byte	1
  76 0033 40       		.byte	64
  77 0034 04       		.byte	4
  78 0035 08       		.byte	8
  79 0036 01       		.byte	1
  80 0037 40       		.byte	64
  81 0038 03       		.byte	3
  82 0039 09       		.byte	9
  83 003a 01       		.byte	1
  84 003b 40       		.byte	64
  85 003c 02       		.byte	2
  86 003d 0B       		.byte	11
  87 003e 01       		.byte	1
  88 003f 40       		.byte	64
  89 0040 01       		.byte	1
  90 0041 0D       		.byte	13
  91 0042 01       		.byte	1
  92 0043 40       		.byte	64
  93 0044 07       		.byte	7
  94 0045 15       		.byte	21
  95 0046 01       		.byte	1
  96 0047 40       		.byte	64
  97 0048 04       		.byte	4
  98 0049 17       		.byte	23
  99 004a 01       		.byte	1
 100 004b 40       		.byte	64
 101 004c 03       		.byte	3
 102 004d 19       		.byte	25
 103 004e 01       		.byte	1
 104 004f 40       		.byte	64
 105 0050 04       		.byte	4
 106 0051 1B       		.byte	27
 107 0052 01       		.byte	1
 108 0053 40       		.byte	64
 109 0054 0C       		.byte	12
 110 0055 40       		.byte	64
 111 0056 01       		.byte	1
 112 0057 40       		.byte	64
 113 0058 0F       		.byte	15
 114 0059 41       		.byte	65
ARM GAS  C:\Users\jebush2\AppData\Local\Temp\ccQP8Ux2.s 			page 3


 115 005a 01       		.byte	1
 116 005b 40       		.byte	64
 117 005c 09       		.byte	9
 118 005d 42       		.byte	66
 119 005e 01       		.byte	1
 120 005f 40       		.byte	64
 121 0060 08       		.byte	8
 122 0061 43       		.byte	67
 123 0062 01       		.byte	1
 124 0063 40       		.byte	64
 125 0064 02       		.byte	2
 126 0065 45       		.byte	69
 127 0066 01       		.byte	1
 128 0067 40       		.byte	64
 129 0068 09       		.byte	9
 130 0069 46       		.byte	70
 131 006a 01       		.byte	1
 132 006b 40       		.byte	64
 133 006c 0D       		.byte	13
 134 006d 47       		.byte	71
 135 006e 01       		.byte	1
 136 006f 40       		.byte	64
 137 0070 09       		.byte	9
 138 0071 48       		.byte	72
 139 0072 01       		.byte	1
 140 0073 40       		.byte	64
 141 0074 17       		.byte	23
 142 0075 49       		.byte	73
 143 0076 01       		.byte	1
 144 0077 40       		.byte	64
 145 0078 09       		.byte	9
 146 0079 4C       		.byte	76
 147 007a 01       		.byte	1
 148 007b 40       		.byte	64
 149 007c 07       		.byte	7
 150 007d 4D       		.byte	77
 151 007e 01       		.byte	1
 152 007f 40       		.byte	64
 153 0080 05       		.byte	5
 154 0081 50       		.byte	80
 155 0082 01       		.byte	1
 156 0083 40       		.byte	64
 157 0084 04       		.byte	4
 158 0085 51       		.byte	81
 159 0086 01       		.byte	1
 160 0087 40       		.byte	64
 161 0088 7E       		.byte	126
 162 0089 02       		.byte	2
 163 008a 01       		.byte	1
 164 008b 10       		.byte	16
 165 008c 0A       		.byte	10
 166 008d 1B       		.byte	27
 167 008e 00       		.byte	0
 168 008f 3C       		.byte	60
 169 0090 60       		.byte	96
 170 0091 02       		.byte	2
 171 0092 7C       		.byte	124
ARM GAS  C:\Users\jebush2\AppData\Local\Temp\ccQP8Ux2.s 			page 4


 172 0093 40       		.byte	64
 173 0094 27       		.byte	39
 174 0095 84       		.byte	-124
 175 0096 83       		.byte	-125
 176 0097 02       		.byte	2
 177 0098 06       		.byte	6
 178 0099 04       		.byte	4
 179 009a 1C       		.byte	28
 180 009b 01       		.byte	1
 181 009c 20       		.byte	32
 182 009d 02       		.byte	2
 183 009e 23       		.byte	35
 184 009f 01       		.byte	1
 185 00a0 26       		.byte	38
 186 00a1 02       		.byte	2
 187 00a2 2E       		.byte	46
 188 00a3 01       		.byte	1
 189 00a4 2F       		.byte	47
 190 00a5 02       		.byte	2
 191 00a6 31       		.byte	49
 192 00a7 01       		.byte	1
 193 00a8 32       		.byte	50
 194 00a9 07       		.byte	7
 195 00aa 35       		.byte	53
 196 00ab 02       		.byte	2
 197 00ac 38       		.byte	56
 198 00ad 08       		.byte	8
 199 00ae 3E       		.byte	62
 200 00af 04       		.byte	4
 201 00b0 58       		.byte	88
 202 00b1 04       		.byte	4
 203 00b2 59       		.byte	89
 204 00b3 04       		.byte	4
 205 00b4 5F       		.byte	95
 206 00b5 01       		.byte	1
 207 00b6 D8       		.byte	-40
 208 00b7 04       		.byte	4
 209 00b8 D9       		.byte	-39
 210 00b9 04       		.byte	4
 211 00ba DF       		.byte	-33
 212 00bb 01       		.byte	1
 213 00bc 00       		.byte	0
 214 00bd 14       		.byte	20
 215 00be 01       		.byte	1
 216 00bf 02       		.byte	2
 217 00c0 04       		.byte	4
 218 00c1 02       		.byte	2
 219 00c2 05       		.byte	5
 220 00c3 0A       		.byte	10
 221 00c4 08       		.byte	8
 222 00c5 80       		.byte	-128
 223 00c6 0A       		.byte	10
 224 00c7 01       		.byte	1
 225 00c8 0B       		.byte	11
 226 00c9 F0       		.byte	-16
 227 00ca 0F       		.byte	15
 228 00cb 54       		.byte	84
ARM GAS  C:\Users\jebush2\AppData\Local\Temp\ccQP8Ux2.s 			page 5


 229 00cc 11       		.byte	17
 230 00cd 01       		.byte	1
 231 00ce 12       		.byte	18
 232 00cf 42       		.byte	66
 233 00d0 13       		.byte	19
 234 00d1 04       		.byte	4
 235 00d2 15       		.byte	21
 236 00d3 02       		.byte	2
 237 00d4 18       		.byte	24
 238 00d5 10       		.byte	16
 239 00d6 19       		.byte	25
 240 00d7 08       		.byte	8
 241 00d8 20       		.byte	32
 242 00d9 88       		.byte	-120
 243 00da 21       		.byte	33
 244 00db 01       		.byte	1
 245 00dc 22       		.byte	34
 246 00dd 02       		.byte	2
 247 00de 23       		.byte	35
 248 00df 84       		.byte	-124
 249 00e0 28       		.byte	40
 250 00e1 80       		.byte	-128
 251 00e2 29       		.byte	41
 252 00e3 08       		.byte	8
 253 00e4 2A       		.byte	42
 254 00e5 40       		.byte	64
 255 00e6 2D       		.byte	45
 256 00e7 08       		.byte	8
 257 00e8 2F       		.byte	47
 258 00e9 40       		.byte	64
 259 00ea 32       		.byte	50
 260 00eb 02       		.byte	2
 261 00ec 35       		.byte	53
 262 00ed 02       		.byte	2
 263 00ee 36       		.byte	54
 264 00ef 04       		.byte	4
 265 00f0 37       		.byte	55
 266 00f1 80       		.byte	-128
 267 00f2 38       		.byte	56
 268 00f3 02       		.byte	2
 269 00f4 3B       		.byte	59
 270 00f5 A4       		.byte	-92
 271 00f6 3F       		.byte	63
 272 00f7 04       		.byte	4
 273 00f8 C0       		.byte	-64
 274 00f9 3E       		.byte	62
 275 00fa C2       		.byte	-62
 276 00fb 7D       		.byte	125
 277 00fc C4       		.byte	-60
 278 00fd 1D       		.byte	29
 279 00fe CA       		.byte	-54
 280 00ff CB       		.byte	-53
 281 0100 CC       		.byte	-52
 282 0101 D1       		.byte	-47
 283 0102 CE       		.byte	-50
 284 0103 4F       		.byte	79
 285 0104 00       		.byte	0
ARM GAS  C:\Users\jebush2\AppData\Local\Temp\ccQP8Ux2.s 			page 6


 286 0105 01       		.byte	1
 287 0106 05       		.byte	5
 288 0107 03       		.byte	3
 289 0108 06       		.byte	6
 290 0109 01       		.byte	1
 291 010a 08       		.byte	8
 292 010b 01       		.byte	1
 293 010c 0D       		.byte	13
 294 010d 03       		.byte	3
 295 010e 11       		.byte	17
 296 010f 03       		.byte	3
 297 0110 12       		.byte	18
 298 0111 02       		.byte	2
 299 0112 17       		.byte	23
 300 0113 03       		.byte	3
 301 0114 18       		.byte	24
 302 0115 01       		.byte	1
 303 0116 1C       		.byte	28
 304 0117 01       		.byte	1
 305 0118 1D       		.byte	29
 306 0119 02       		.byte	2
 307 011a 1F       		.byte	31
 308 011b 01       		.byte	1
 309 011c 20       		.byte	32
 310 011d 01       		.byte	1
 311 011e 25       		.byte	37
 312 011f 01       		.byte	1
 313 0120 27       		.byte	39
 314 0121 02       		.byte	2
 315 0122 31       		.byte	49
 316 0123 02       		.byte	2
 317 0124 32       		.byte	50
 318 0125 01       		.byte	1
 319 0126 34       		.byte	52
 320 0127 02       		.byte	2
 321 0128 37       		.byte	55
 322 0129 01       		.byte	1
 323 012a 58       		.byte	88
 324 012b 04       		.byte	4
 325 012c 59       		.byte	89
 326 012d 04       		.byte	4
 327 012e 5F       		.byte	95
 328 012f 01       		.byte	1
 329 0130 80       		.byte	-128
 330 0131 08       		.byte	8
 331 0132 82       		.byte	-126
 332 0133 04       		.byte	4
 333 0134 84       		.byte	-124
 334 0135 02       		.byte	2
 335 0136 8B       		.byte	-117
 336 0137 01       		.byte	1
 337 0138 8C       		.byte	-116
 338 0139 01       		.byte	1
 339 013a 90       		.byte	-112
 340 013b 20       		.byte	32
 341 013c 92       		.byte	-110
 342 013d 10       		.byte	16
ARM GAS  C:\Users\jebush2\AppData\Local\Temp\ccQP8Ux2.s 			page 7


 343 013e 94       		.byte	-108
 344 013f 80       		.byte	-128
 345 0140 96       		.byte	-106
 346 0141 40       		.byte	64
 347 0142 9E       		.byte	-98
 348 0143 01       		.byte	1
 349 0144 A2       		.byte	-94
 350 0145 02       		.byte	2
 351 0146 A4       		.byte	-92
 352 0147 04       		.byte	4
 353 0148 A6       		.byte	-90
 354 0149 08       		.byte	8
 355 014a A8       		.byte	-88
 356 014b 10       		.byte	16
 357 014c AA       		.byte	-86
 358 014d 20       		.byte	32
 359 014e AC       		.byte	-84
 360 014f 40       		.byte	64
 361 0150 AE       		.byte	-82
 362 0151 80       		.byte	-128
 363 0152 B1       		.byte	-79
 364 0153 01       		.byte	1
 365 0154 B4       		.byte	-76
 366 0155 FF       		.byte	-1
 367 0156 BE       		.byte	-66
 368 0157 10       		.byte	16
 369 0158 D6       		.byte	-42
 370 0159 02       		.byte	2
 371 015a D7       		.byte	-41
 372 015b 39       		.byte	57
 373 015c D8       		.byte	-40
 374 015d 04       		.byte	4
 375 015e D9       		.byte	-39
 376 015f 04       		.byte	4
 377 0160 DB       		.byte	-37
 378 0161 0C       		.byte	12
 379 0162 DF       		.byte	-33
 380 0163 01       		.byte	1
 381 0164 00       		.byte	0
 382 0165 88       		.byte	-120
 383 0166 01       		.byte	1
 384 0167 02       		.byte	2
 385 0168 03       		.byte	3
 386 0169 03       		.byte	3
 387 016a 05       		.byte	5
 388 016b 1A       		.byte	26
 389 016c 09       		.byte	9
 390 016d 02       		.byte	2
 391 016e 0A       		.byte	10
 392 016f 01       		.byte	1
 393 0170 0B       		.byte	11
 394 0171 A0       		.byte	-96
 395 0172 0C       		.byte	12
 396 0173 42       		.byte	66
 397 0174 0F       		.byte	15
 398 0175 04       		.byte	4
 399 0176 10       		.byte	16
ARM GAS  C:\Users\jebush2\AppData\Local\Temp\ccQP8Ux2.s 			page 8


 400 0177 2A       		.byte	42
 401 0178 11       		.byte	17
 402 0179 01       		.byte	1
 403 017a 17       		.byte	23
 404 017b 01       		.byte	1
 405 017c 18       		.byte	24
 406 017d 04       		.byte	4
 407 017e 1D       		.byte	29
 408 017f 10       		.byte	16
 409 0180 1E       		.byte	30
 410 0181 08       		.byte	8
 411 0182 1F       		.byte	31
 412 0183 18       		.byte	24
 413 0184 21       		.byte	33
 414 0185 02       		.byte	2
 415 0186 23       		.byte	35
 416 0187 80       		.byte	-128
 417 0188 25       		.byte	37
 418 0189 40       		.byte	64
 419 018a 27       		.byte	39
 420 018b 40       		.byte	64
 421 018c 29       		.byte	41
 422 018d 1A       		.byte	26
 423 018e 2B       		.byte	43
 424 018f 02       		.byte	2
 425 0190 2F       		.byte	47
 426 0191 10       		.byte	16
 427 0192 31       		.byte	49
 428 0193 02       		.byte	2
 429 0194 34       		.byte	52
 430 0195 40       		.byte	64
 431 0196 35       		.byte	53
 432 0197 0A       		.byte	10
 433 0198 37       		.byte	55
 434 0199 80       		.byte	-128
 435 019a 39       		.byte	57
 436 019b 10       		.byte	16
 437 019c 3B       		.byte	59
 438 019d 04       		.byte	4
 439 019e 3C       		.byte	60
 440 019f 80       		.byte	-128
 441 01a0 3F       		.byte	63
 442 01a1 04       		.byte	4
 443 01a2 5A       		.byte	90
 444 01a3 20       		.byte	32
 445 01a4 61       		.byte	97
 446 01a5 04       		.byte	4
 447 01a6 68       		.byte	104
 448 01a7 2A       		.byte	42
 449 01a8 69       		.byte	105
 450 01a9 11       		.byte	17
 451 01aa 70       		.byte	112
 452 01ab 01       		.byte	1
 453 01ac 72       		.byte	114
 454 01ad 01       		.byte	1
 455 01ae 79       		.byte	121
 456 01af 40       		.byte	64
ARM GAS  C:\Users\jebush2\AppData\Local\Temp\ccQP8Ux2.s 			page 9


 457 01b0 89       		.byte	-119
 458 01b1 40       		.byte	64
 459 01b2 93       		.byte	-109
 460 01b3 04       		.byte	4
 461 01b4 94       		.byte	-108
 462 01b5 04       		.byte	4
 463 01b6 95       		.byte	-107
 464 01b7 01       		.byte	1
 465 01b8 96       		.byte	-106
 466 01b9 09       		.byte	9
 467 01ba 97       		.byte	-105
 468 01bb A0       		.byte	-96
 469 01bc 99       		.byte	-103
 470 01bd 08       		.byte	8
 471 01be 9D       		.byte	-99
 472 01bf 02       		.byte	2
 473 01c0 A0       		.byte	-96
 474 01c1 44       		.byte	68
 475 01c2 A2       		.byte	-94
 476 01c3 02       		.byte	2
 477 01c4 A6       		.byte	-90
 478 01c5 04       		.byte	4
 479 01c6 B2       		.byte	-78
 480 01c7 04       		.byte	4
 481 01c8 C0       		.byte	-64
 482 01c9 7D       		.byte	125
 483 01ca C2       		.byte	-62
 484 01cb DD       		.byte	-35
 485 01cc C4       		.byte	-60
 486 01cd 1F       		.byte	31
 487 01ce CA       		.byte	-54
 488 01cf 4F       		.byte	79
 489 01d0 CC       		.byte	-52
 490 01d1 D1       		.byte	-47
 491 01d2 CE       		.byte	-50
 492 01d3 56       		.byte	86
 493 01d4 D6       		.byte	-42
 494 01d5 04       		.byte	4
 495 01d6 D8       		.byte	-40
 496 01d7 02       		.byte	2
 497 01d8 DE       		.byte	-34
 498 01d9 08       		.byte	8
 499 01da E2       		.byte	-30
 500 01db 03       		.byte	3
 501 01dc E6       		.byte	-26
 502 01dd 20       		.byte	32
 503 01de EA       		.byte	-22
 504 01df 80       		.byte	-128
 505 01e0 01       		.byte	1
 506 01e1 04       		.byte	4
 507 01e2 07       		.byte	7
 508 01e3 08       		.byte	8
 509 01e4 08       		.byte	8
 510 01e5 04       		.byte	4
 511 01e6 0D       		.byte	13
 512 01e7 01       		.byte	1
 513 01e8 0E       		.byte	14
ARM GAS  C:\Users\jebush2\AppData\Local\Temp\ccQP8Ux2.s 			page 10


 514 01e9 01       		.byte	1
 515 01ea 14       		.byte	20
 516 01eb 01       		.byte	1
 517 01ec 15       		.byte	21
 518 01ed 3C       		.byte	60
 519 01ee 19       		.byte	25
 520 01ef 1C       		.byte	28
 521 01f0 1B       		.byte	27
 522 01f1 20       		.byte	32
 523 01f2 1D       		.byte	29
 524 01f3 28       		.byte	40
 525 01f4 1F       		.byte	31
 526 01f5 14       		.byte	20
 527 01f6 23       		.byte	35
 528 01f7 03       		.byte	3
 529 01f8 28       		.byte	40
 530 01f9 04       		.byte	4
 531 01fa 2D       		.byte	45
 532 01fb 10       		.byte	16
 533 01fc 2E       		.byte	46
 534 01fd 02       		.byte	2
 535 01fe 2F       		.byte	47
 536 01ff 04       		.byte	4
 537 0200 30       		.byte	48
 538 0201 03       		.byte	3
 539 0202 31       		.byte	49
 540 0203 02       		.byte	2
 541 0204 32       		.byte	50
 542 0205 04       		.byte	4
 543 0206 33       		.byte	51
 544 0207 01       		.byte	1
 545 0208 35       		.byte	53
 546 0209 0C       		.byte	12
 547 020a 37       		.byte	55
 548 020b 30       		.byte	48
 549 020c 38       		.byte	56
 550 020d 08       		.byte	8
 551 020e 3E       		.byte	62
 552 020f 04       		.byte	4
 553 0210 52       		.byte	82
 554 0211 07       		.byte	7
 555 0212 53       		.byte	83
 556 0213 06       		.byte	6
 557 0214 58       		.byte	88
 558 0215 04       		.byte	4
 559 0216 59       		.byte	89
 560 0217 0C       		.byte	12
 561 0218 5B       		.byte	91
 562 0219 04       		.byte	4
 563 021a 5C       		.byte	92
 564 021b 09       		.byte	9
 565 021c 5F       		.byte	95
 566 021d 01       		.byte	1
 567 021e D6       		.byte	-42
 568 021f 08       		.byte	8
 569 0220 D8       		.byte	-40
 570 0221 04       		.byte	4
ARM GAS  C:\Users\jebush2\AppData\Local\Temp\ccQP8Ux2.s 			page 11


 571 0222 D9       		.byte	-39
 572 0223 04       		.byte	4
 573 0224 DB       		.byte	-37
 574 0225 04       		.byte	4
 575 0226 DD       		.byte	-35
 576 0227 90       		.byte	-112
 577 0228 DF       		.byte	-33
 578 0229 01       		.byte	1
 579 022a 00       		.byte	0
 580 022b 40       		.byte	64
 581 022c 02       		.byte	2
 582 022d 08       		.byte	8
 583 022e 04       		.byte	4
 584 022f 80       		.byte	-128
 585 0230 05       		.byte	5
 586 0231 1A       		.byte	26
 587 0232 09       		.byte	9
 588 0233 08       		.byte	8
 589 0234 0C       		.byte	12
 590 0235 02       		.byte	2
 591 0236 0F       		.byte	15
 592 0237 04       		.byte	4
 593 0238 10       		.byte	16
 594 0239 09       		.byte	9
 595 023a 18       		.byte	24
 596 023b 40       		.byte	64
 597 023c 19       		.byte	25
 598 023d 05       		.byte	5
 599 023e 21       		.byte	33
 600 023f 08       		.byte	8
 601 0240 22       		.byte	34
 602 0241 64       		.byte	100
 603 0242 23       		.byte	35
 604 0243 40       		.byte	64
 605 0244 28       		.byte	40
 606 0245 02       		.byte	2
 607 0246 29       		.byte	41
 608 0247 01       		.byte	1
 609 0248 2E       		.byte	46
 610 0249 80       		.byte	-128
 611 024a 30       		.byte	48
 612 024b 08       		.byte	8
 613 024c 32       		.byte	50
 614 024d 60       		.byte	96
 615 024e 35       		.byte	53
 616 024f 1A       		.byte	26
 617 0250 38       		.byte	56
 618 0251 02       		.byte	2
 619 0252 39       		.byte	57
 620 0253 04       		.byte	4
 621 0254 3B       		.byte	59
 622 0255 40       		.byte	64
 623 0256 3C       		.byte	60
 624 0257 88       		.byte	-120
 625 0258 5E       		.byte	94
 626 0259 40       		.byte	64
 627 025a 64       		.byte	100
ARM GAS  C:\Users\jebush2\AppData\Local\Temp\ccQP8Ux2.s 			page 12


 628 025b 01       		.byte	1
 629 025c 68       		.byte	104
 630 025d 08       		.byte	8
 631 025e 69       		.byte	105
 632 025f 44       		.byte	68
 633 0260 6A       		.byte	106
 634 0261 20       		.byte	32
 635 0262 79       		.byte	121
 636 0263 40       		.byte	64
 637 0264 81       		.byte	-127
 638 0265 08       		.byte	8
 639 0266 82       		.byte	-126
 640 0267 08       		.byte	8
 641 0268 83       		.byte	-125
 642 0269 80       		.byte	-128
 643 026a 86       		.byte	-122
 644 026b 20       		.byte	32
 645 026c 90       		.byte	-112
 646 026d 02       		.byte	2
 647 026e 93       		.byte	-109
 648 026f A4       		.byte	-92
 649 0270 95       		.byte	-107
 650 0271 40       		.byte	64
 651 0272 96       		.byte	-106
 652 0273 28       		.byte	40
 653 0274 99       		.byte	-103
 654 0275 18       		.byte	24
 655 0276 9D       		.byte	-99
 656 0277 06       		.byte	6
 657 0278 A0       		.byte	-96
 658 0279 64       		.byte	100
 659 027a A2       		.byte	-94
 660 027b 02       		.byte	2
 661 027c AB       		.byte	-85
 662 027d 40       		.byte	64
 663 027e AF       		.byte	-81
 664 027f 08       		.byte	8
 665 0280 C0       		.byte	-64
 666 0281 F3       		.byte	-13
 667 0282 C2       		.byte	-62
 668 0283 54       		.byte	84
 669 0284 C4       		.byte	-60
 670 0285 03       		.byte	3
 671 0286 CA       		.byte	-54
 672 0287 19       		.byte	25
 673 0288 CC       		.byte	-52
 674 0289 EE       		.byte	-18
 675 028a CE       		.byte	-50
 676 028b 5B       		.byte	91
 677 028c D6       		.byte	-42
 678 028d 10       		.byte	16
 679 028e D8       		.byte	-40
 680 028f 10       		.byte	16
 681 0290 DE       		.byte	-34
 682 0291 08       		.byte	8
 683 0292 E2       		.byte	-30
 684 0293 04       		.byte	4
ARM GAS  C:\Users\jebush2\AppData\Local\Temp\ccQP8Ux2.s 			page 13


 685 0294 E4       		.byte	-28
 686 0295 02       		.byte	2
 687 0296 56       		.byte	86
 688 0297 08       		.byte	8
 689 0298 58       		.byte	88
 690 0299 04       		.byte	4
 691 029a 59       		.byte	89
 692 029b 04       		.byte	4
 693 029c 5B       		.byte	91
 694 029d 04       		.byte	4
 695 029e 5D       		.byte	93
 696 029f 90       		.byte	-112
 697 02a0 5F       		.byte	95
 698 02a1 01       		.byte	1
 699 02a2 A6       		.byte	-90
 700 02a3 01       		.byte	1
 701 02a4 B0       		.byte	-80
 702 02a5 01       		.byte	1
 703 02a6 D4       		.byte	-44
 704 02a7 01       		.byte	1
 705 02a8 D8       		.byte	-40
 706 02a9 04       		.byte	4
 707 02aa D9       		.byte	-39
 708 02ab 04       		.byte	4
 709 02ac DB       		.byte	-37
 710 02ad 0C       		.byte	12
 711 02ae DF       		.byte	-33
 712 02af 01       		.byte	1
 713 02b0 00       		.byte	0
 714 02b1 08       		.byte	8
 715 02b2 01       		.byte	1
 716 02b3 02       		.byte	2
 717 02b4 04       		.byte	4
 718 02b5 80       		.byte	-128
 719 02b6 05       		.byte	5
 720 02b7 0A       		.byte	10
 721 02b8 0B       		.byte	11
 722 02b9 A0       		.byte	-96
 723 02ba 0C       		.byte	12
 724 02bb 02       		.byte	2
 725 02bc 10       		.byte	16
 726 02bd 22       		.byte	34
 727 02be 11       		.byte	17
 728 02bf 80       		.byte	-128
 729 02c0 12       		.byte	18
 730 02c1 06       		.byte	6
 731 02c2 16       		.byte	22
 732 02c3 28       		.byte	40
 733 02c4 19       		.byte	25
 734 02c5 02       		.byte	2
 735 02c6 29       		.byte	41
 736 02c7 0A       		.byte	10
 737 02c8 2A       		.byte	42
 738 02c9 04       		.byte	4
 739 02ca 2E       		.byte	46
 740 02cb 80       		.byte	-128
 741 02cc 2F       		.byte	47
ARM GAS  C:\Users\jebush2\AppData\Local\Temp\ccQP8Ux2.s 			page 14


 742 02cd 10       		.byte	16
 743 02ce 32       		.byte	50
 744 02cf 02       		.byte	2
 745 02d0 35       		.byte	53
 746 02d1 0A       		.byte	10
 747 02d2 38       		.byte	56
 748 02d3 80       		.byte	-128
 749 02d4 3A       		.byte	58
 750 02d5 A8       		.byte	-88
 751 02d6 3B       		.byte	59
 752 02d7 A0       		.byte	-96
 753 02d8 3C       		.byte	60
 754 02d9 08       		.byte	8
 755 02da 3D       		.byte	61
 756 02db 80       		.byte	-128
 757 02dc 3E       		.byte	62
 758 02dd 08       		.byte	8
 759 02de 5B       		.byte	91
 760 02df 80       		.byte	-128
 761 02e0 5F       		.byte	95
 762 02e1 60       		.byte	96
 763 02e2 79       		.byte	121
 764 02e3 40       		.byte	64
 765 02e4 91       		.byte	-111
 766 02e5 40       		.byte	64
 767 02e6 93       		.byte	-109
 768 02e7 A0       		.byte	-96
 769 02e8 94       		.byte	-108
 770 02e9 80       		.byte	-128
 771 02ea 99       		.byte	-103
 772 02eb 08       		.byte	8
 773 02ec 9B       		.byte	-101
 774 02ed 80       		.byte	-128
 775 02ee 9D       		.byte	-99
 776 02ef 02       		.byte	2
 777 02f0 9E       		.byte	-98
 778 02f1 80       		.byte	-128
 779 02f2 A0       		.byte	-96
 780 02f3 24       		.byte	36
 781 02f4 A2       		.byte	-94
 782 02f5 02       		.byte	2
 783 02f6 A4       		.byte	-92
 784 02f7 02       		.byte	2
 785 02f8 B4       		.byte	-76
 786 02f9 02       		.byte	2
 787 02fa B6       		.byte	-74
 788 02fb 40       		.byte	64
 789 02fc C0       		.byte	-64
 790 02fd BC       		.byte	-68
 791 02fe C2       		.byte	-62
 792 02ff 1C       		.byte	28
 793 0300 C4       		.byte	-60
 794 0301 67       		.byte	103
 795 0302 CA       		.byte	-54
 796 0303 53       		.byte	83
 797 0304 CC       		.byte	-52
 798 0305 C1       		.byte	-63
ARM GAS  C:\Users\jebush2\AppData\Local\Temp\ccQP8Ux2.s 			page 15


 799 0306 CE       		.byte	-50
 800 0307 5E       		.byte	94
 801 0308 D6       		.byte	-42
 802 0309 38       		.byte	56
 803 030a DE       		.byte	-34
 804 030b 08       		.byte	8
 805 030c EC       		.byte	-20
 806 030d 40       		.byte	64
 807 030e EE       		.byte	-18
 808 030f 04       		.byte	4
 809 0310 B8       		.byte	-72
 810 0311 02       		.byte	2
 811 0312 BE       		.byte	-66
 812 0313 01       		.byte	1
 813 0314 D8       		.byte	-40
 814 0315 04       		.byte	4
 815 0316 DF       		.byte	-33
 816 0317 01       		.byte	1
 817 0318 1A       		.byte	26
 818 0319 80       		.byte	-128
 819 031a EA       		.byte	-22
 820 031b 10       		.byte	16
 821 031c EE       		.byte	-18
 822 031d 04       		.byte	4
 823 031e E2       		.byte	-30
 824 031f 04       		.byte	4
 825 0320 E4       		.byte	-28
 826 0321 02       		.byte	2
 827 0322 E2       		.byte	-30
 828 0323 03       		.byte	3
 829 0324 87       		.byte	-121
 830 0325 20       		.byte	32
 831 0326 9F       		.byte	-97
 832 0327 20       		.byte	32
 833 0328 B3       		.byte	-77
 834 0329 40       		.byte	64
 835 032a E2       		.byte	-30
 836 032b 01       		.byte	1
 837 032c E4       		.byte	-28
 838 032d 01       		.byte	1
 839 032e E8       		.byte	-24
 840 032f 30       		.byte	48
 841 0330 EA       		.byte	-22
 842 0331 01       		.byte	1
 843 0332 97       		.byte	-105
 844 0333 40       		.byte	64
 845 0334 9F       		.byte	-97
 846 0335 20       		.byte	32
 847 0336 E6       		.byte	-26
 848 0337 02       		.byte	2
 849 0338 EE       		.byte	-18
 850 0339 03       		.byte	3
 851 033a AA       		.byte	-86
 852 033b 40       		.byte	64
 853 033c E6       		.byte	-26
 854 033d 02       		.byte	2
 855 033e EE       		.byte	-18
ARM GAS  C:\Users\jebush2\AppData\Local\Temp\ccQP8Ux2.s 			page 16


 856 033f 02       		.byte	2
 857 0340 E2       		.byte	-30
 858 0341 01       		.byte	1
 859 0342 E4       		.byte	-28
 860 0343 01       		.byte	1
 861 0344 E8       		.byte	-24
 862 0345 30       		.byte	48
 863 0346 EA       		.byte	-22
 864 0347 01       		.byte	1
 865 0348 11       		.byte	17
 866 0349 08       		.byte	8
 867 034a 16       		.byte	22
 868 034b 20       		.byte	32
 869 034c 32       		.byte	50
 870 034d 02       		.byte	2
 871 034e 33       		.byte	51
 872 034f 80       		.byte	-128
 873 0350 36       		.byte	54
 874 0351 40       		.byte	64
 875 0352 37       		.byte	55
 876 0353 04       		.byte	4
 877 0354 3A       		.byte	58
 878 0355 40       		.byte	64
 879 0356 3B       		.byte	59
 880 0357 02       		.byte	2
 881 0358 3E       		.byte	62
 882 0359 20       		.byte	32
 883 035a C4       		.byte	-60
 884 035b 30       		.byte	48
 885 035c CC       		.byte	-52
 886 035d F0       		.byte	-16
 887 035e CE       		.byte	-50
 888 035f 70       		.byte	112
 889 0360 53       		.byte	83
 890 0361 10       		.byte	16
 891 0362 57       		.byte	87
 892 0363 10       		.byte	16
 893 0364 5E       		.byte	94
 894 0365 04       		.byte	4
 895 0366 83       		.byte	-125
 896 0367 04       		.byte	4
 897 0368 86       		.byte	-122
 898 0369 02       		.byte	2
 899 036a 8A       		.byte	-118
 900 036b 04       		.byte	4
 901 036c 97       		.byte	-105
 902 036d 02       		.byte	2
 903 036e 9E       		.byte	-98
 904 036f 40       		.byte	64
 905 0370 9F       		.byte	-97
 906 0371 04       		.byte	4
 907 0372 A1       		.byte	-95
 908 0373 04       		.byte	4
 909 0374 A6       		.byte	-90
 910 0375 42       		.byte	66
 911 0376 B3       		.byte	-77
 912 0377 80       		.byte	-128
ARM GAS  C:\Users\jebush2\AppData\Local\Temp\ccQP8Ux2.s 			page 17


 913 0378 D4       		.byte	-44
 914 0379 60       		.byte	96
 915 037a D6       		.byte	-42
 916 037b 80       		.byte	-128
 917 037c E2       		.byte	-30
 918 037d C0       		.byte	-64
 919 037e 3E       		.byte	62
 920 037f 10       		.byte	16
 921 0380 97       		.byte	-105
 922 0381 02       		.byte	2
 923 0382 9E       		.byte	-98
 924 0383 40       		.byte	64
 925 0384 A1       		.byte	-95
 926 0385 04       		.byte	4
 927 0386 A6       		.byte	-90
 928 0387 40       		.byte	64
 929 0388 AB       		.byte	-85
 930 0389 10       		.byte	16
 931 038a AF       		.byte	-81
 932 038b 10       		.byte	16
 933 038c CE       		.byte	-50
 934 038d 20       		.byte	32
 935 038e EE       		.byte	-18
 936 038f C0       		.byte	-64
 937 0390 63       		.byte	99
 938 0391 20       		.byte	32
 939 0392 96       		.byte	-106
 940 0393 10       		.byte	16
 941 0394 9E       		.byte	-98
 942 0395 40       		.byte	64
 943 0396 A6       		.byte	-90
 944 0397 40       		.byte	64
 945 0398 AB       		.byte	-85
 946 0399 01       		.byte	1
 947 039a B5       		.byte	-75
 948 039b 04       		.byte	4
 949 039c D8       		.byte	-40
 950 039d 40       		.byte	64
 951 039e EE       		.byte	-18
 952 039f 20       		.byte	32
 953 03a0 81       		.byte	-127
 954 03a1 10       		.byte	16
 955 03a2 84       		.byte	-124
 956 03a3 08       		.byte	8
 957 03a4 18       		.byte	24
 958 03a5 10       		.byte	16
 959 03a6 1B       		.byte	27
 960 03a7 04       		.byte	4
 961 03a8 27       		.byte	39
 962 03a9 10       		.byte	16
 963 03aa 83       		.byte	-125
 964 03ab 10       		.byte	16
 965 03ac 87       		.byte	-121
 966 03ad 08       		.byte	8
 967 03ae A4       		.byte	-92
 968 03af 08       		.byte	8
 969 03b0 A5       		.byte	-91
ARM GAS  C:\Users\jebush2\AppData\Local\Temp\ccQP8Ux2.s 			page 18


 970 03b1 10       		.byte	16
 971 03b2 C6       		.byte	-58
 972 03b3 08       		.byte	8
 973 03b4 C8       		.byte	-56
 974 03b5 01       		.byte	1
 975 03b6 09       		.byte	9
 976 03b7 10       		.byte	16
 977 03b8 0B       		.byte	11
 978 03b9 40       		.byte	64
 979 03ba 0C       		.byte	12
 980 03bb 08       		.byte	8
 981 03bc 43       		.byte	67
 982 03bd 08       		.byte	8
 983 03be 44       		.byte	68
 984 03bf 02       		.byte	2
 985 03c0 A3       		.byte	-93
 986 03c1 08       		.byte	8
 987 03c2 A4       		.byte	-92
 988 03c3 08       		.byte	8
 989 03c4 A5       		.byte	-91
 990 03c5 10       		.byte	16
 991 03c6 AB       		.byte	-85
 992 03c7 04       		.byte	4
 993 03c8 B4       		.byte	-76
 994 03c9 10       		.byte	16
 995 03ca C2       		.byte	-62
 996 03cb 0E       		.byte	14
 997 03cc D0       		.byte	-48
 998 03cd 06       		.byte	6
 999 03ce EA       		.byte	-22
 1000 03cf 08       		.byte	8
 1001 03d0 24       		.byte	36
 1002 03d1 08       		.byte	8
 1003 03d2 84       		.byte	-124
 1004 03d3 04       		.byte	4
 1005 03d4 96       		.byte	-106
 1006 03d5 10       		.byte	16
 1007 03d6 9E       		.byte	-98
 1008 03d7 40       		.byte	64
 1009 03d8 AB       		.byte	-85
 1010 03d9 10       		.byte	16
 1011 03da AE       		.byte	-82
 1012 03db 40       		.byte	64
 1013 03dc C8       		.byte	-56
 1014 03dd 20       		.byte	32
 1015 03de E6       		.byte	-26
 1016 03df 40       		.byte	64
 1017 03e0 EE       		.byte	-18
 1018 03e1 C0       		.byte	-64
 1019 03e2 06       		.byte	6
 1020 03e3 40       		.byte	64
 1021 03e4 12       		.byte	18
 1022 03e5 20       		.byte	32
 1023 03e6 13       		.byte	19
 1024 03e7 04       		.byte	4
 1025 03e8 14       		.byte	20
 1026 03e9 80       		.byte	-128
ARM GAS  C:\Users\jebush2\AppData\Local\Temp\ccQP8Ux2.s 			page 19


 1027 03ea 71       		.byte	113
 1028 03eb 08       		.byte	8
 1029 03ec 74       		.byte	116
 1030 03ed 04       		.byte	4
 1031 03ee 81       		.byte	-127
 1032 03ef 08       		.byte	8
 1033 03f0 82       		.byte	-126
 1034 03f1 20       		.byte	32
 1035 03f2 87       		.byte	-121
 1036 03f3 04       		.byte	4
 1037 03f4 9C       		.byte	-100
 1038 03f5 80       		.byte	-128
 1039 03f6 9E       		.byte	-98
 1040 03f7 40       		.byte	64
 1041 03f8 A0       		.byte	-96
 1042 03f9 04       		.byte	4
 1043 03fa AA       		.byte	-86
 1044 03fb 10       		.byte	16
 1045 03fc B0       		.byte	-80
 1046 03fd 80       		.byte	-128
 1047 03fe B4       		.byte	-76
 1048 03ff 04       		.byte	4
 1049 0400 C0       		.byte	-64
 1050 0401 20       		.byte	32
 1051 0402 C4       		.byte	-60
 1052 0403 30       		.byte	48
 1053 0404 DC       		.byte	-36
 1054 0405 80       		.byte	-128
 1055 0406 DE       		.byte	-34
 1056 0407 20       		.byte	32
 1057 0408 E0       		.byte	-32
 1058 0409 40       		.byte	64
 1059 040a E2       		.byte	-30
 1060 040b 80       		.byte	-128
 1061 040c E4       		.byte	-28
 1062 040d 80       		.byte	-128
 1063 040e EA       		.byte	-22
 1064 040f 80       		.byte	-128
 1065 0410 13       		.byte	19
 1066 0411 21       		.byte	33
 1067 0412 15       		.byte	21
 1068 0413 04       		.byte	4
 1069 0414 7B       		.byte	123
 1070 0415 10       		.byte	16
 1071 0416 7F       		.byte	127
 1072 0417 08       		.byte	8
 1073 0418 85       		.byte	-123
 1074 0419 04       		.byte	4
 1075 041a 9C       		.byte	-100
 1076 041b 02       		.byte	2
 1077 041c AF       		.byte	-81
 1078 041d 40       		.byte	64
 1079 041e C4       		.byte	-60
 1080 041f 0E       		.byte	14
 1081 0420 DE       		.byte	-34
 1082 0421 03       		.byte	3
 1083 0422 83       		.byte	-125
ARM GAS  C:\Users\jebush2\AppData\Local\Temp\ccQP8Ux2.s 			page 20


 1084 0423 11       		.byte	17
 1085 0424 93       		.byte	-109
 1086 0425 01       		.byte	1
 1087 0426 A7       		.byte	-89
 1088 0427 10       		.byte	16
 1089 0428 AB       		.byte	-85
 1090 0429 20       		.byte	32
 1091 042a B3       		.byte	-77
 1092 042b 08       		.byte	8
 1093 042c B4       		.byte	-76
 1094 042d 02       		.byte	2
 1095 042e E8       		.byte	-24
 1096 042f 0C       		.byte	12
 1097 0430 00       		.byte	0
 1098 0431 01       		.byte	1
 1099 0432 01       		.byte	1
 1100 0433 01       		.byte	1
 1101 0434 08       		.byte	8
 1102 0435 01       		.byte	1
 1103 0436 0A       		.byte	10
 1104 0437 01       		.byte	1
 1105 0438 0B       		.byte	11
 1106 0439 01       		.byte	1
 1107 043a 00       		.byte	0
 1108 043b AB       		.byte	-85
 1109 043c 01       		.byte	1
 1110 043d 03       		.byte	3
 1111 043e 03       		.byte	3
 1112 043f C0       		.byte	-64
 1113 0440 10       		.byte	16
 1114 0441 0A       		.byte	10
 1115 0442 00       		.byte	0
 1116 0443 00       		.byte	0
 1117 0444 00       		.byte	0
 1118 0445 00       		.byte	0
 1119 0446 00       		.byte	0
 1120 0447 00       		.byte	0
 1121 0448 00       		.byte	0
 1122 0449 3F       		.byte	63
 1123 044a 3F       		.byte	63
 1124 044b 00       		.byte	0
 1125 044c 03       		.byte	3
 1126 044d 00       		.byte	0
 1127 044e 00       		.byte	0
 1128 044f 00       		.byte	0
 1129 0450 03       		.byte	3
 1130 0451 00       		.byte	0
 1131 0452 03       		.byte	3
 1132 0453 00       		.byte	0
 1133 0454 00       		.byte	0
 1134 0455 00       		.byte	0
 1135 0456 00       		.byte	0
 1136 0457 00       		.byte	0
 1137 0458 40       		.byte	64
 1138 0459 00       		.byte	0
 1139 045a 00       		.byte	0
 1140 045b 00       		.byte	0
ARM GAS  C:\Users\jebush2\AppData\Local\Temp\ccQP8Ux2.s 			page 21


 1141 045c 00       		.byte	0
 1142 045d 00       		.byte	0
 1143 045e 00       		.byte	0
 1144 045f 00       		.byte	0
 1145 0460 C0       		.byte	-64
 1146 0461 00       		.byte	0
 1147 0462 00       		.byte	0
 1148 0463 00       		.byte	0
 1149 0464 00       		.byte	0
 1150 0465 0B       		.byte	11
 1151 0466 0B       		.byte	11
 1152 0467 00       		.byte	0
 1153 0468 00       		.byte	0
 1154 0469 00       		.byte	0
 1155 046a 00       		.byte	0
 1156 046b 00       		.byte	0
 1157 046c 00       		.byte	0
 1158 046d 02       		.byte	2
 1159 046e 02       		.byte	2
 1160 046f 00       		.byte	0
 1161 0470 00       		.byte	0
 1162 0471 00       		.byte	0
 1163 0472 00       		.byte	0
 1164 0473 00       		.byte	0
 1165 0474 02       		.byte	2
 1166 0475 00       		.byte	0
 1167 0476 00       		.byte	0
 1168 0477 00       		.byte	0
 1169 0478 00       		.byte	0
 1170 0479 00       		.byte	0
 1171 047a 00       		.byte	0
 1172 047b 00       		.byte	0
 1173 047c 00       		.byte	0
 1174 047d 01       		.byte	1
 1175 047e 00       		.byte	0
 1176 047f 00       		.byte	0
 1177              		.global	cy_meta_custnvl
 1178              		.section	.cycustnvl,"a",%progbits
 1179              		.align	2
 1180              		.type	cy_meta_custnvl, %object
 1181              		.size	cy_meta_custnvl, 4
 1182              	cy_meta_custnvl:
 1183 0000 00       		.byte	0
 1184 0001 00       		.byte	0
 1185 0002 40       		.byte	64
 1186 0003 05       		.byte	5
 1187              		.global	cy_meta_wonvl
 1188              		.section	.cywolatch,"a",%progbits
 1189              		.align	2
 1190              		.type	cy_meta_wonvl, %object
 1191              		.size	cy_meta_wonvl, 4
 1192              	cy_meta_wonvl:
 1193 0000 BC       		.byte	-68
 1194 0001 90       		.byte	-112
 1195 0002 AC       		.byte	-84
 1196 0003 AF       		.byte	-81
 1197              		.global	cy_meta_flashprotect
ARM GAS  C:\Users\jebush2\AppData\Local\Temp\ccQP8Ux2.s 			page 22


 1198              		.section	.cyflashprotect,"a",%progbits
 1199              		.align	2
 1200              		.type	cy_meta_flashprotect, %object
 1201              		.size	cy_meta_flashprotect, 256
 1202              	cy_meta_flashprotect:
 1203 0000 00000000 		.space	256
 1203      00000000 
 1203      00000000 
 1203      00000000 
 1203      00000000 
 1204              		.global	cy_metadata
 1205              		.section	.cymeta,"a",%progbits
 1206              		.align	2
 1207              		.type	cy_metadata, %object
 1208              		.size	cy_metadata, 12
 1209              	cy_metadata:
 1210 0000 00       		.byte	0
 1211 0001 01       		.byte	1
 1212 0002 2E       		.byte	46
 1213 0003 16       		.byte	22
 1214 0004 10       		.byte	16
 1215 0005 69       		.byte	105
 1216 0006 00       		.byte	0
 1217 0007 01       		.byte	1
 1218 0008 00       		.byte	0
 1219 0009 00       		.byte	0
 1220 000a 00       		.byte	0
 1221 000b 00       		.byte	0
 1222              		.text
 1223              	.Letext0:
 1224              		.file 1 "c:\\program files (x86)\\cypress\\psoc creator\\4.2\\psoc creator\\import\\gnu\\arm\\5.4.
 1225              		.file 2 "c:\\program files (x86)\\cypress\\psoc creator\\4.2\\psoc creator\\import\\gnu\\arm\\5.4.
 1226              		.file 3 "Generated_Source\\PSoC5\\cymetadata.c"
 1227              		.section	.debug_info,"",%progbits
 1228              	.Ldebug_info0:
 1229 0000 32010000 		.4byte	0x132
 1230 0004 0400     		.2byte	0x4
 1231 0006 00000000 		.4byte	.Ldebug_abbrev0
 1232 000a 04       		.byte	0x4
 1233 000b 01       		.uleb128 0x1
 1234 000c 0A000000 		.4byte	.LASF17
 1235 0010 0C       		.byte	0xc
 1236 0011 C0010000 		.4byte	.LASF18
 1237 0015 25010000 		.4byte	.LASF19
 1238 0019 00000000 		.4byte	.Ldebug_line0
 1239 001d 02       		.uleb128 0x2
 1240 001e 01       		.byte	0x1
 1241 001f 06       		.byte	0x6
 1242 0020 B4010000 		.4byte	.LASF0
 1243 0024 03       		.uleb128 0x3
 1244 0025 00000000 		.4byte	.LASF9
 1245 0029 01       		.byte	0x1
 1246 002a 1D       		.byte	0x1d
 1247 002b 2F000000 		.4byte	0x2f
 1248 002f 02       		.uleb128 0x2
 1249 0030 01       		.byte	0x1
 1250 0031 08       		.byte	0x8
ARM GAS  C:\Users\jebush2\AppData\Local\Temp\ccQP8Ux2.s 			page 23


 1251 0032 A4000000 		.4byte	.LASF1
 1252 0036 02       		.uleb128 0x2
 1253 0037 02       		.byte	0x2
 1254 0038 05       		.byte	0x5
 1255 0039 A1010000 		.4byte	.LASF2
 1256 003d 02       		.uleb128 0x2
 1257 003e 02       		.byte	0x2
 1258 003f 07       		.byte	0x7
 1259 0040 C4000000 		.4byte	.LASF3
 1260 0044 02       		.uleb128 0x2
 1261 0045 04       		.byte	0x4
 1262 0046 05       		.byte	0x5
 1263 0047 AB010000 		.4byte	.LASF4
 1264 004b 02       		.uleb128 0x2
 1265 004c 04       		.byte	0x4
 1266 004d 07       		.byte	0x7
 1267 004e B2000000 		.4byte	.LASF5
 1268 0052 02       		.uleb128 0x2
 1269 0053 08       		.byte	0x8
 1270 0054 05       		.byte	0x5
 1271 0055 93010000 		.4byte	.LASF6
 1272 0059 02       		.uleb128 0x2
 1273 005a 08       		.byte	0x8
 1274 005b 07       		.byte	0x7
 1275 005c 06010000 		.4byte	.LASF7
 1276 0060 04       		.uleb128 0x4
 1277 0061 04       		.byte	0x4
 1278 0062 05       		.byte	0x5
 1279 0063 696E7400 		.ascii	"int\000"
 1280 0067 02       		.uleb128 0x2
 1281 0068 04       		.byte	0x4
 1282 0069 07       		.byte	0x7
 1283 006a F9000000 		.4byte	.LASF8
 1284 006e 03       		.uleb128 0x3
 1285 006f 1D010000 		.4byte	.LASF10
 1286 0073 02       		.byte	0x2
 1287 0074 18       		.byte	0x18
 1288 0075 24000000 		.4byte	0x24
 1289 0079 05       		.uleb128 0x5
 1290 007a 91000000 		.4byte	0x91
 1291 007e 8A000000 		.4byte	0x8a
 1292 0082 06       		.uleb128 0x6
 1293 0083 8A000000 		.4byte	0x8a
 1294 0087 7F04     		.2byte	0x47f
 1295 0089 00       		.byte	0
 1296 008a 02       		.uleb128 0x2
 1297 008b 04       		.byte	0x4
 1298 008c 07       		.byte	0x7
 1299 008d 8A010000 		.4byte	.LASF11
 1300 0091 07       		.uleb128 0x7
 1301 0092 6E000000 		.4byte	0x6e
 1302 0096 08       		.uleb128 0x8
 1303 0097 E7000000 		.4byte	.LASF12
 1304 009b 03       		.byte	0x3
 1305 009c 1F       		.byte	0x1f
 1306 009d A7000000 		.4byte	0xa7
 1307 00a1 05       		.uleb128 0x5
ARM GAS  C:\Users\jebush2\AppData\Local\Temp\ccQP8Ux2.s 			page 24


 1308 00a2 03       		.byte	0x3
 1309 00a3 00000000 		.4byte	cy_meta_configecc
 1310 00a7 07       		.uleb128 0x7
 1311 00a8 79000000 		.4byte	0x79
 1312 00ac 05       		.uleb128 0x5
 1313 00ad 91000000 		.4byte	0x91
 1314 00b1 BC000000 		.4byte	0xbc
 1315 00b5 09       		.uleb128 0x9
 1316 00b6 8A000000 		.4byte	0x8a
 1317 00ba 03       		.byte	0x3
 1318 00bb 00       		.byte	0
 1319 00bc 08       		.uleb128 0x8
 1320 00bd D7000000 		.4byte	.LASF13
 1321 00c1 03       		.byte	0x3
 1322 00c2 BC       		.byte	0xbc
 1323 00c3 CD000000 		.4byte	0xcd
 1324 00c7 05       		.uleb128 0x5
 1325 00c8 03       		.byte	0x3
 1326 00c9 00000000 		.4byte	cy_meta_custnvl
 1327 00cd 07       		.uleb128 0x7
 1328 00ce AC000000 		.4byte	0xac
 1329 00d2 08       		.uleb128 0x8
 1330 00d3 7C010000 		.4byte	.LASF14
 1331 00d7 03       		.byte	0x3
 1332 00d8 CA       		.byte	0xca
 1333 00d9 E3000000 		.4byte	0xe3
 1334 00dd 05       		.uleb128 0x5
 1335 00de 03       		.byte	0x3
 1336 00df 00000000 		.4byte	cy_meta_wonvl
 1337 00e3 07       		.uleb128 0x7
 1338 00e4 AC000000 		.4byte	0xac
 1339 00e8 05       		.uleb128 0x5
 1340 00e9 91000000 		.4byte	0x91
 1341 00ed F8000000 		.4byte	0xf8
 1342 00f1 09       		.uleb128 0x9
 1343 00f2 8A000000 		.4byte	0x8a
 1344 00f6 FF       		.byte	0xff
 1345 00f7 00       		.byte	0
 1346 00f8 08       		.uleb128 0x8
 1347 00f9 67010000 		.4byte	.LASF15
 1348 00fd 03       		.byte	0x3
 1349 00fe D8       		.byte	0xd8
 1350 00ff 09010000 		.4byte	0x109
 1351 0103 05       		.uleb128 0x5
 1352 0104 03       		.byte	0x3
 1353 0105 00000000 		.4byte	cy_meta_flashprotect
 1354 0109 07       		.uleb128 0x7
 1355 010a E8000000 		.4byte	0xe8
 1356 010e 05       		.uleb128 0x5
 1357 010f 91000000 		.4byte	0x91
 1358 0113 1E010000 		.4byte	0x11e
 1359 0117 09       		.uleb128 0x9
 1360 0118 8A000000 		.4byte	0x8a
 1361 011c 0B       		.byte	0xb
 1362 011d 00       		.byte	0
 1363 011e 0A       		.uleb128 0xa
 1364 011f 98000000 		.4byte	.LASF16
ARM GAS  C:\Users\jebush2\AppData\Local\Temp\ccQP8Ux2.s 			page 25


 1365 0123 03       		.byte	0x3
 1366 0124 0501     		.2byte	0x105
 1367 0126 30010000 		.4byte	0x130
 1368 012a 05       		.uleb128 0x5
 1369 012b 03       		.byte	0x3
 1370 012c 00000000 		.4byte	cy_metadata
 1371 0130 07       		.uleb128 0x7
 1372 0131 0E010000 		.4byte	0x10e
 1373 0135 00       		.byte	0
 1374              		.section	.debug_abbrev,"",%progbits
 1375              	.Ldebug_abbrev0:
 1376 0000 01       		.uleb128 0x1
 1377 0001 11       		.uleb128 0x11
 1378 0002 01       		.byte	0x1
 1379 0003 25       		.uleb128 0x25
 1380 0004 0E       		.uleb128 0xe
 1381 0005 13       		.uleb128 0x13
 1382 0006 0B       		.uleb128 0xb
 1383 0007 03       		.uleb128 0x3
 1384 0008 0E       		.uleb128 0xe
 1385 0009 1B       		.uleb128 0x1b
 1386 000a 0E       		.uleb128 0xe
 1387 000b 10       		.uleb128 0x10
 1388 000c 17       		.uleb128 0x17
 1389 000d 00       		.byte	0
 1390 000e 00       		.byte	0
 1391 000f 02       		.uleb128 0x2
 1392 0010 24       		.uleb128 0x24
 1393 0011 00       		.byte	0
 1394 0012 0B       		.uleb128 0xb
 1395 0013 0B       		.uleb128 0xb
 1396 0014 3E       		.uleb128 0x3e
 1397 0015 0B       		.uleb128 0xb
 1398 0016 03       		.uleb128 0x3
 1399 0017 0E       		.uleb128 0xe
 1400 0018 00       		.byte	0
 1401 0019 00       		.byte	0
 1402 001a 03       		.uleb128 0x3
 1403 001b 16       		.uleb128 0x16
 1404 001c 00       		.byte	0
 1405 001d 03       		.uleb128 0x3
 1406 001e 0E       		.uleb128 0xe
 1407 001f 3A       		.uleb128 0x3a
 1408 0020 0B       		.uleb128 0xb
 1409 0021 3B       		.uleb128 0x3b
 1410 0022 0B       		.uleb128 0xb
 1411 0023 49       		.uleb128 0x49
 1412 0024 13       		.uleb128 0x13
 1413 0025 00       		.byte	0
 1414 0026 00       		.byte	0
 1415 0027 04       		.uleb128 0x4
 1416 0028 24       		.uleb128 0x24
 1417 0029 00       		.byte	0
 1418 002a 0B       		.uleb128 0xb
 1419 002b 0B       		.uleb128 0xb
 1420 002c 3E       		.uleb128 0x3e
 1421 002d 0B       		.uleb128 0xb
ARM GAS  C:\Users\jebush2\AppData\Local\Temp\ccQP8Ux2.s 			page 26


 1422 002e 03       		.uleb128 0x3
 1423 002f 08       		.uleb128 0x8
 1424 0030 00       		.byte	0
 1425 0031 00       		.byte	0
 1426 0032 05       		.uleb128 0x5
 1427 0033 01       		.uleb128 0x1
 1428 0034 01       		.byte	0x1
 1429 0035 49       		.uleb128 0x49
 1430 0036 13       		.uleb128 0x13
 1431 0037 01       		.uleb128 0x1
 1432 0038 13       		.uleb128 0x13
 1433 0039 00       		.byte	0
 1434 003a 00       		.byte	0
 1435 003b 06       		.uleb128 0x6
 1436 003c 21       		.uleb128 0x21
 1437 003d 00       		.byte	0
 1438 003e 49       		.uleb128 0x49
 1439 003f 13       		.uleb128 0x13
 1440 0040 2F       		.uleb128 0x2f
 1441 0041 05       		.uleb128 0x5
 1442 0042 00       		.byte	0
 1443 0043 00       		.byte	0
 1444 0044 07       		.uleb128 0x7
 1445 0045 26       		.uleb128 0x26
 1446 0046 00       		.byte	0
 1447 0047 49       		.uleb128 0x49
 1448 0048 13       		.uleb128 0x13
 1449 0049 00       		.byte	0
 1450 004a 00       		.byte	0
 1451 004b 08       		.uleb128 0x8
 1452 004c 34       		.uleb128 0x34
 1453 004d 00       		.byte	0
 1454 004e 03       		.uleb128 0x3
 1455 004f 0E       		.uleb128 0xe
 1456 0050 3A       		.uleb128 0x3a
 1457 0051 0B       		.uleb128 0xb
 1458 0052 3B       		.uleb128 0x3b
 1459 0053 0B       		.uleb128 0xb
 1460 0054 49       		.uleb128 0x49
 1461 0055 13       		.uleb128 0x13
 1462 0056 3F       		.uleb128 0x3f
 1463 0057 19       		.uleb128 0x19
 1464 0058 02       		.uleb128 0x2
 1465 0059 18       		.uleb128 0x18
 1466 005a 00       		.byte	0
 1467 005b 00       		.byte	0
 1468 005c 09       		.uleb128 0x9
 1469 005d 21       		.uleb128 0x21
 1470 005e 00       		.byte	0
 1471 005f 49       		.uleb128 0x49
 1472 0060 13       		.uleb128 0x13
 1473 0061 2F       		.uleb128 0x2f
 1474 0062 0B       		.uleb128 0xb
 1475 0063 00       		.byte	0
 1476 0064 00       		.byte	0
 1477 0065 0A       		.uleb128 0xa
 1478 0066 34       		.uleb128 0x34
ARM GAS  C:\Users\jebush2\AppData\Local\Temp\ccQP8Ux2.s 			page 27


 1479 0067 00       		.byte	0
 1480 0068 03       		.uleb128 0x3
 1481 0069 0E       		.uleb128 0xe
 1482 006a 3A       		.uleb128 0x3a
 1483 006b 0B       		.uleb128 0xb
 1484 006c 3B       		.uleb128 0x3b
 1485 006d 05       		.uleb128 0x5
 1486 006e 49       		.uleb128 0x49
 1487 006f 13       		.uleb128 0x13
 1488 0070 3F       		.uleb128 0x3f
 1489 0071 19       		.uleb128 0x19
 1490 0072 02       		.uleb128 0x2
 1491 0073 18       		.uleb128 0x18
 1492 0074 00       		.byte	0
 1493 0075 00       		.byte	0
 1494 0076 00       		.byte	0
 1495              		.section	.debug_aranges,"",%progbits
 1496 0000 14000000 		.4byte	0x14
 1497 0004 0200     		.2byte	0x2
 1498 0006 00000000 		.4byte	.Ldebug_info0
 1499 000a 04       		.byte	0x4
 1500 000b 00       		.byte	0
 1501 000c 0000     		.2byte	0
 1502 000e 0000     		.2byte	0
 1503 0010 00000000 		.4byte	0
 1504 0014 00000000 		.4byte	0
 1505              		.section	.debug_line,"",%progbits
 1506              	.Ldebug_line0:
 1507 0000 3D010000 		.section	.debug_str,"MS",%progbits,1
 1507      02003701 
 1507      00000201 
 1507      FB0E0D00 
 1507      01010101 
 1508              	.LASF9:
 1509 0000 5F5F7569 		.ascii	"__uint8_t\000"
 1509      6E74385F 
 1509      7400
 1510              	.LASF17:
 1511 000a 474E5520 		.ascii	"GNU C11 5.4.1 20160609 (release) [ARM/embedded-5-br"
 1511      43313120 
 1511      352E342E 
 1511      31203230 
 1511      31363036 
 1512 003d 616E6368 		.ascii	"anch revision 237715] -mcpu=cortex-m3 -mthumb -g -O"
 1512      20726576 
 1512      6973696F 
 1512      6E203233 
 1512      37373135 
 1513 0070 30202D66 		.ascii	"0 -ffunction-sections -ffat-lto-objects\000"
 1513      66756E63 
 1513      74696F6E 
 1513      2D736563 
 1513      74696F6E 
 1514              	.LASF16:
 1515 0098 63795F6D 		.ascii	"cy_metadata\000"
 1515      65746164 
 1515      61746100 
ARM GAS  C:\Users\jebush2\AppData\Local\Temp\ccQP8Ux2.s 			page 28


 1516              	.LASF1:
 1517 00a4 756E7369 		.ascii	"unsigned char\000"
 1517      676E6564 
 1517      20636861 
 1517      7200
 1518              	.LASF5:
 1519 00b2 6C6F6E67 		.ascii	"long unsigned int\000"
 1519      20756E73 
 1519      69676E65 
 1519      6420696E 
 1519      7400
 1520              	.LASF3:
 1521 00c4 73686F72 		.ascii	"short unsigned int\000"
 1521      7420756E 
 1521      7369676E 
 1521      65642069 
 1521      6E7400
 1522              	.LASF13:
 1523 00d7 63795F6D 		.ascii	"cy_meta_custnvl\000"
 1523      6574615F 
 1523      63757374 
 1523      6E766C00 
 1524              	.LASF12:
 1525 00e7 63795F6D 		.ascii	"cy_meta_configecc\000"
 1525      6574615F 
 1525      636F6E66 
 1525      69676563 
 1525      6300
 1526              	.LASF8:
 1527 00f9 756E7369 		.ascii	"unsigned int\000"
 1527      676E6564 
 1527      20696E74 
 1527      00
 1528              	.LASF7:
 1529 0106 6C6F6E67 		.ascii	"long long unsigned int\000"
 1529      206C6F6E 
 1529      6720756E 
 1529      7369676E 
 1529      65642069 
 1530              	.LASF10:
 1531 011d 75696E74 		.ascii	"uint8_t\000"
 1531      385F7400 
 1532              	.LASF19:
 1533 0125 433A5C55 		.ascii	"C:\\Users\\jebush2\\Desktop\\PSoC 3-19-2019\\Smart "
 1533      73657273 
 1533      5C6A6562 
 1533      75736832 
 1533      5C446573 
 1534 0153 42696B65 		.ascii	"Bike PSoC\\IMU.cydsn\000"
 1534      2050536F 
 1534      435C494D 
 1534      552E6379 
 1534      64736E00 
 1535              	.LASF15:
 1536 0167 63795F6D 		.ascii	"cy_meta_flashprotect\000"
 1536      6574615F 
 1536      666C6173 
ARM GAS  C:\Users\jebush2\AppData\Local\Temp\ccQP8Ux2.s 			page 29


 1536      6870726F 
 1536      74656374 
 1537              	.LASF14:
 1538 017c 63795F6D 		.ascii	"cy_meta_wonvl\000"
 1538      6574615F 
 1538      776F6E76 
 1538      6C00
 1539              	.LASF11:
 1540 018a 73697A65 		.ascii	"sizetype\000"
 1540      74797065 
 1540      00
 1541              	.LASF6:
 1542 0193 6C6F6E67 		.ascii	"long long int\000"
 1542      206C6F6E 
 1542      6720696E 
 1542      7400
 1543              	.LASF2:
 1544 01a1 73686F72 		.ascii	"short int\000"
 1544      7420696E 
 1544      7400
 1545              	.LASF4:
 1546 01ab 6C6F6E67 		.ascii	"long int\000"
 1546      20696E74 
 1546      00
 1547              	.LASF0:
 1548 01b4 7369676E 		.ascii	"signed char\000"
 1548      65642063 
 1548      68617200 
 1549              	.LASF18:
 1550 01c0 47656E65 		.ascii	"Generated_Source\\PSoC5\\cymetadata.c\000"
 1550      72617465 
 1550      645F536F 
 1550      75726365 
 1550      5C50536F 
 1551              		.ident	"GCC: (GNU Tools for ARM Embedded Processors) 5.4.1 20160609 (release) [ARM/embedded-5-bran
