ARM GAS  C:\Users\jebush2\AppData\Local\Temp\ccBt7cXc.s 			page 1


   1              		.syntax unified
   2              		.cpu cortex-m3
   3              		.fpu softvfp
   4              		.eabi_attribute 20, 1
   5              		.eabi_attribute 21, 1
   6              		.eabi_attribute 23, 3
   7              		.eabi_attribute 24, 1
   8              		.eabi_attribute 25, 1
   9              		.eabi_attribute 26, 1
  10              		.eabi_attribute 30, 6
  11              		.eabi_attribute 34, 1
  12              		.eabi_attribute 18, 4
  13              		.thumb
  14              		.syntax unified
  15              		.file	"EncTimer_Low_PM.c"
  16              		.text
  17              	.Ltext0:
  18              		.cfi_sections	.debug_frame
  19              		.bss
  20              		.align	2
  21              	EncTimer_Low_backup:
  22 0000 00000000 		.space	6
  22      0000
  23              		.section	.text.EncTimer_Low_SaveConfig,"ax",%progbits
  24              		.align	2
  25              		.global	EncTimer_Low_SaveConfig
  26              		.thumb
  27              		.thumb_func
  28              		.type	EncTimer_Low_SaveConfig, %function
  29              	EncTimer_Low_SaveConfig:
  30              	.LFB0:
  31              		.file 1 "Generated_Source\\PSoC5\\EncTimer_Low_PM.c"
   1:Generated_Source\PSoC5/EncTimer_Low_PM.c **** /*******************************************************************************
   2:Generated_Source\PSoC5/EncTimer_Low_PM.c **** * File Name: EncTimer_Low_PM.c
   3:Generated_Source\PSoC5/EncTimer_Low_PM.c **** * Version 2.80
   4:Generated_Source\PSoC5/EncTimer_Low_PM.c **** *
   5:Generated_Source\PSoC5/EncTimer_Low_PM.c **** *  Description:
   6:Generated_Source\PSoC5/EncTimer_Low_PM.c **** *     This file provides the power management source code to API for the
   7:Generated_Source\PSoC5/EncTimer_Low_PM.c **** *     Timer.
   8:Generated_Source\PSoC5/EncTimer_Low_PM.c **** *
   9:Generated_Source\PSoC5/EncTimer_Low_PM.c **** *   Note:
  10:Generated_Source\PSoC5/EncTimer_Low_PM.c **** *     None
  11:Generated_Source\PSoC5/EncTimer_Low_PM.c **** *
  12:Generated_Source\PSoC5/EncTimer_Low_PM.c **** *******************************************************************************
  13:Generated_Source\PSoC5/EncTimer_Low_PM.c **** * Copyright 2008-2017, Cypress Semiconductor Corporation.  All rights reserved.
  14:Generated_Source\PSoC5/EncTimer_Low_PM.c **** * You may use this file only in accordance with the license, terms, conditions,
  15:Generated_Source\PSoC5/EncTimer_Low_PM.c **** * disclaimers, and limitations in the end user license agreement accompanying
  16:Generated_Source\PSoC5/EncTimer_Low_PM.c **** * the software package with which this file was provided.
  17:Generated_Source\PSoC5/EncTimer_Low_PM.c **** ********************************************************************************/
  18:Generated_Source\PSoC5/EncTimer_Low_PM.c **** 
  19:Generated_Source\PSoC5/EncTimer_Low_PM.c **** #include "EncTimer_Low.h"
  20:Generated_Source\PSoC5/EncTimer_Low_PM.c **** 
  21:Generated_Source\PSoC5/EncTimer_Low_PM.c **** static EncTimer_Low_backupStruct EncTimer_Low_backup;
  22:Generated_Source\PSoC5/EncTimer_Low_PM.c **** 
  23:Generated_Source\PSoC5/EncTimer_Low_PM.c **** 
  24:Generated_Source\PSoC5/EncTimer_Low_PM.c **** /*******************************************************************************
  25:Generated_Source\PSoC5/EncTimer_Low_PM.c **** * Function Name: EncTimer_Low_SaveConfig
ARM GAS  C:\Users\jebush2\AppData\Local\Temp\ccBt7cXc.s 			page 2


  26:Generated_Source\PSoC5/EncTimer_Low_PM.c **** ********************************************************************************
  27:Generated_Source\PSoC5/EncTimer_Low_PM.c **** *
  28:Generated_Source\PSoC5/EncTimer_Low_PM.c **** * Summary:
  29:Generated_Source\PSoC5/EncTimer_Low_PM.c **** *     Save the current user configuration
  30:Generated_Source\PSoC5/EncTimer_Low_PM.c **** *
  31:Generated_Source\PSoC5/EncTimer_Low_PM.c **** * Parameters:
  32:Generated_Source\PSoC5/EncTimer_Low_PM.c **** *  void
  33:Generated_Source\PSoC5/EncTimer_Low_PM.c **** *
  34:Generated_Source\PSoC5/EncTimer_Low_PM.c **** * Return:
  35:Generated_Source\PSoC5/EncTimer_Low_PM.c **** *  void
  36:Generated_Source\PSoC5/EncTimer_Low_PM.c **** *
  37:Generated_Source\PSoC5/EncTimer_Low_PM.c **** * Global variables:
  38:Generated_Source\PSoC5/EncTimer_Low_PM.c **** *  EncTimer_Low_backup:  Variables of this global structure are modified to
  39:Generated_Source\PSoC5/EncTimer_Low_PM.c **** *  store the values of non retention configuration registers when Sleep() API is
  40:Generated_Source\PSoC5/EncTimer_Low_PM.c **** *  called.
  41:Generated_Source\PSoC5/EncTimer_Low_PM.c **** *
  42:Generated_Source\PSoC5/EncTimer_Low_PM.c **** *******************************************************************************/
  43:Generated_Source\PSoC5/EncTimer_Low_PM.c **** void EncTimer_Low_SaveConfig(void) 
  44:Generated_Source\PSoC5/EncTimer_Low_PM.c **** {
  32              		.loc 1 44 0
  33              		.cfi_startproc
  34              		@ args = 0, pretend = 0, frame = 0
  35              		@ frame_needed = 1, uses_anonymous_args = 0
  36 0000 80B5     		push	{r7, lr}
  37              		.cfi_def_cfa_offset 8
  38              		.cfi_offset 7, -8
  39              		.cfi_offset 14, -4
  40 0002 00AF     		add	r7, sp, #0
  41              		.cfi_def_cfa_register 7
  45:Generated_Source\PSoC5/EncTimer_Low_PM.c ****     #if (!EncTimer_Low_UsingFixedFunction)
  46:Generated_Source\PSoC5/EncTimer_Low_PM.c ****         EncTimer_Low_backup.TimerUdb = EncTimer_Low_ReadCounter();
  42              		.loc 1 46 0
  43 0004 FFF7FEFF 		bl	EncTimer_Low_ReadCounter
  44 0008 0346     		mov	r3, r0
  45 000a 1A46     		mov	r2, r3
  46 000c 044B     		ldr	r3, .L2
  47 000e 5A80     		strh	r2, [r3, #2]	@ movhi
  47:Generated_Source\PSoC5/EncTimer_Low_PM.c ****         EncTimer_Low_backup.InterruptMaskValue = EncTimer_Low_STATUS_MASK;
  48              		.loc 1 47 0
  49 0010 044B     		ldr	r3, .L2+4
  50 0012 1B78     		ldrb	r3, [r3]
  51 0014 DAB2     		uxtb	r2, r3
  52 0016 024B     		ldr	r3, .L2
  53 0018 1A71     		strb	r2, [r3, #4]
  48:Generated_Source\PSoC5/EncTimer_Low_PM.c ****         #if (EncTimer_Low_UsingHWCaptureCounter)
  49:Generated_Source\PSoC5/EncTimer_Low_PM.c ****             EncTimer_Low_backup.TimerCaptureCounter = EncTimer_Low_ReadCaptureCount();
  50:Generated_Source\PSoC5/EncTimer_Low_PM.c ****         #endif /* Back Up capture counter register  */
  51:Generated_Source\PSoC5/EncTimer_Low_PM.c **** 
  52:Generated_Source\PSoC5/EncTimer_Low_PM.c ****         #if(!EncTimer_Low_UDB_CONTROL_REG_REMOVED)
  53:Generated_Source\PSoC5/EncTimer_Low_PM.c ****             EncTimer_Low_backup.TimerControlRegister = EncTimer_Low_ReadControlRegister();
  54:Generated_Source\PSoC5/EncTimer_Low_PM.c ****         #endif /* Backup the enable state of the Timer component */
  55:Generated_Source\PSoC5/EncTimer_Low_PM.c ****     #endif /* Backup non retention registers in UDB implementation. All fixed function registers ar
  56:Generated_Source\PSoC5/EncTimer_Low_PM.c **** }
  54              		.loc 1 56 0
  55 001a 00BF     		nop
  56 001c 80BD     		pop	{r7, pc}
  57              	.L3:
ARM GAS  C:\Users\jebush2\AppData\Local\Temp\ccBt7cXc.s 			page 3


  58 001e 00BF     		.align	2
  59              	.L2:
  60 0020 00000000 		.word	EncTimer_Low_backup
  61 0024 85640040 		.word	1073767557
  62              		.cfi_endproc
  63              	.LFE0:
  64              		.size	EncTimer_Low_SaveConfig, .-EncTimer_Low_SaveConfig
  65              		.section	.text.EncTimer_Low_RestoreConfig,"ax",%progbits
  66              		.align	2
  67              		.global	EncTimer_Low_RestoreConfig
  68              		.thumb
  69              		.thumb_func
  70              		.type	EncTimer_Low_RestoreConfig, %function
  71              	EncTimer_Low_RestoreConfig:
  72              	.LFB1:
  57:Generated_Source\PSoC5/EncTimer_Low_PM.c **** 
  58:Generated_Source\PSoC5/EncTimer_Low_PM.c **** 
  59:Generated_Source\PSoC5/EncTimer_Low_PM.c **** /*******************************************************************************
  60:Generated_Source\PSoC5/EncTimer_Low_PM.c **** * Function Name: EncTimer_Low_RestoreConfig
  61:Generated_Source\PSoC5/EncTimer_Low_PM.c **** ********************************************************************************
  62:Generated_Source\PSoC5/EncTimer_Low_PM.c **** *
  63:Generated_Source\PSoC5/EncTimer_Low_PM.c **** * Summary:
  64:Generated_Source\PSoC5/EncTimer_Low_PM.c **** *  Restores the current user configuration.
  65:Generated_Source\PSoC5/EncTimer_Low_PM.c **** *
  66:Generated_Source\PSoC5/EncTimer_Low_PM.c **** * Parameters:
  67:Generated_Source\PSoC5/EncTimer_Low_PM.c **** *  void
  68:Generated_Source\PSoC5/EncTimer_Low_PM.c **** *
  69:Generated_Source\PSoC5/EncTimer_Low_PM.c **** * Return:
  70:Generated_Source\PSoC5/EncTimer_Low_PM.c **** *  void
  71:Generated_Source\PSoC5/EncTimer_Low_PM.c **** *
  72:Generated_Source\PSoC5/EncTimer_Low_PM.c **** * Global variables:
  73:Generated_Source\PSoC5/EncTimer_Low_PM.c **** *  EncTimer_Low_backup:  Variables of this global structure are used to
  74:Generated_Source\PSoC5/EncTimer_Low_PM.c **** *  restore the values of non retention registers on wakeup from sleep mode.
  75:Generated_Source\PSoC5/EncTimer_Low_PM.c **** *
  76:Generated_Source\PSoC5/EncTimer_Low_PM.c **** *******************************************************************************/
  77:Generated_Source\PSoC5/EncTimer_Low_PM.c **** void EncTimer_Low_RestoreConfig(void) 
  78:Generated_Source\PSoC5/EncTimer_Low_PM.c **** {   
  73              		.loc 1 78 0
  74              		.cfi_startproc
  75              		@ args = 0, pretend = 0, frame = 0
  76              		@ frame_needed = 1, uses_anonymous_args = 0
  77 0000 80B5     		push	{r7, lr}
  78              		.cfi_def_cfa_offset 8
  79              		.cfi_offset 7, -8
  80              		.cfi_offset 14, -4
  81 0002 00AF     		add	r7, sp, #0
  82              		.cfi_def_cfa_register 7
  79:Generated_Source\PSoC5/EncTimer_Low_PM.c ****     #if (!EncTimer_Low_UsingFixedFunction)
  80:Generated_Source\PSoC5/EncTimer_Low_PM.c **** 
  81:Generated_Source\PSoC5/EncTimer_Low_PM.c ****         EncTimer_Low_WriteCounter(EncTimer_Low_backup.TimerUdb);
  83              		.loc 1 81 0
  84 0004 054B     		ldr	r3, .L5
  85 0006 5B88     		ldrh	r3, [r3, #2]
  86 0008 1846     		mov	r0, r3
  87 000a FFF7FEFF 		bl	EncTimer_Low_WriteCounter
  82:Generated_Source\PSoC5/EncTimer_Low_PM.c ****         EncTimer_Low_STATUS_MASK =EncTimer_Low_backup.InterruptMaskValue;
  88              		.loc 1 82 0
ARM GAS  C:\Users\jebush2\AppData\Local\Temp\ccBt7cXc.s 			page 4


  89 000e 044B     		ldr	r3, .L5+4
  90 0010 024A     		ldr	r2, .L5
  91 0012 1279     		ldrb	r2, [r2, #4]	@ zero_extendqisi2
  92 0014 1A70     		strb	r2, [r3]
  83:Generated_Source\PSoC5/EncTimer_Low_PM.c ****         #if (EncTimer_Low_UsingHWCaptureCounter)
  84:Generated_Source\PSoC5/EncTimer_Low_PM.c ****             EncTimer_Low_SetCaptureCount(EncTimer_Low_backup.TimerCaptureCounter);
  85:Generated_Source\PSoC5/EncTimer_Low_PM.c ****         #endif /* Restore Capture counter register*/
  86:Generated_Source\PSoC5/EncTimer_Low_PM.c **** 
  87:Generated_Source\PSoC5/EncTimer_Low_PM.c ****         #if(!EncTimer_Low_UDB_CONTROL_REG_REMOVED)
  88:Generated_Source\PSoC5/EncTimer_Low_PM.c ****             EncTimer_Low_WriteControlRegister(EncTimer_Low_backup.TimerControlRegister);
  89:Generated_Source\PSoC5/EncTimer_Low_PM.c ****         #endif /* Restore the enable state of the Timer component */
  90:Generated_Source\PSoC5/EncTimer_Low_PM.c ****     #endif /* Restore non retention registers in the UDB implementation only */
  91:Generated_Source\PSoC5/EncTimer_Low_PM.c **** }
  93              		.loc 1 91 0
  94 0016 00BF     		nop
  95 0018 80BD     		pop	{r7, pc}
  96              	.L6:
  97 001a 00BF     		.align	2
  98              	.L5:
  99 001c 00000000 		.word	EncTimer_Low_backup
 100 0020 85640040 		.word	1073767557
 101              		.cfi_endproc
 102              	.LFE1:
 103              		.size	EncTimer_Low_RestoreConfig, .-EncTimer_Low_RestoreConfig
 104              		.section	.text.EncTimer_Low_Sleep,"ax",%progbits
 105              		.align	2
 106              		.global	EncTimer_Low_Sleep
 107              		.thumb
 108              		.thumb_func
 109              		.type	EncTimer_Low_Sleep, %function
 110              	EncTimer_Low_Sleep:
 111              	.LFB2:
  92:Generated_Source\PSoC5/EncTimer_Low_PM.c **** 
  93:Generated_Source\PSoC5/EncTimer_Low_PM.c **** 
  94:Generated_Source\PSoC5/EncTimer_Low_PM.c **** /*******************************************************************************
  95:Generated_Source\PSoC5/EncTimer_Low_PM.c **** * Function Name: EncTimer_Low_Sleep
  96:Generated_Source\PSoC5/EncTimer_Low_PM.c **** ********************************************************************************
  97:Generated_Source\PSoC5/EncTimer_Low_PM.c **** *
  98:Generated_Source\PSoC5/EncTimer_Low_PM.c **** * Summary:
  99:Generated_Source\PSoC5/EncTimer_Low_PM.c **** *     Stop and Save the user configuration
 100:Generated_Source\PSoC5/EncTimer_Low_PM.c **** *
 101:Generated_Source\PSoC5/EncTimer_Low_PM.c **** * Parameters:
 102:Generated_Source\PSoC5/EncTimer_Low_PM.c **** *  void
 103:Generated_Source\PSoC5/EncTimer_Low_PM.c **** *
 104:Generated_Source\PSoC5/EncTimer_Low_PM.c **** * Return:
 105:Generated_Source\PSoC5/EncTimer_Low_PM.c **** *  void
 106:Generated_Source\PSoC5/EncTimer_Low_PM.c **** *
 107:Generated_Source\PSoC5/EncTimer_Low_PM.c **** * Global variables:
 108:Generated_Source\PSoC5/EncTimer_Low_PM.c **** *  EncTimer_Low_backup.TimerEnableState:  Is modified depending on the
 109:Generated_Source\PSoC5/EncTimer_Low_PM.c **** *  enable state of the block before entering sleep mode.
 110:Generated_Source\PSoC5/EncTimer_Low_PM.c **** *
 111:Generated_Source\PSoC5/EncTimer_Low_PM.c **** *******************************************************************************/
 112:Generated_Source\PSoC5/EncTimer_Low_PM.c **** void EncTimer_Low_Sleep(void) 
 113:Generated_Source\PSoC5/EncTimer_Low_PM.c **** {
 112              		.loc 1 113 0
 113              		.cfi_startproc
 114              		@ args = 0, pretend = 0, frame = 0
ARM GAS  C:\Users\jebush2\AppData\Local\Temp\ccBt7cXc.s 			page 5


 115              		@ frame_needed = 1, uses_anonymous_args = 0
 116 0000 80B5     		push	{r7, lr}
 117              		.cfi_def_cfa_offset 8
 118              		.cfi_offset 7, -8
 119              		.cfi_offset 14, -4
 120 0002 00AF     		add	r7, sp, #0
 121              		.cfi_def_cfa_register 7
 114:Generated_Source\PSoC5/EncTimer_Low_PM.c ****     #if(!EncTimer_Low_UDB_CONTROL_REG_REMOVED)
 115:Generated_Source\PSoC5/EncTimer_Low_PM.c ****         /* Save Counter's enable state */
 116:Generated_Source\PSoC5/EncTimer_Low_PM.c ****         if(EncTimer_Low_CTRL_ENABLE == (EncTimer_Low_CONTROL & EncTimer_Low_CTRL_ENABLE))
 117:Generated_Source\PSoC5/EncTimer_Low_PM.c ****         {
 118:Generated_Source\PSoC5/EncTimer_Low_PM.c ****             /* Timer is enabled */
 119:Generated_Source\PSoC5/EncTimer_Low_PM.c ****             EncTimer_Low_backup.TimerEnableState = 1u;
 120:Generated_Source\PSoC5/EncTimer_Low_PM.c ****         }
 121:Generated_Source\PSoC5/EncTimer_Low_PM.c ****         else
 122:Generated_Source\PSoC5/EncTimer_Low_PM.c ****         {
 123:Generated_Source\PSoC5/EncTimer_Low_PM.c ****             /* Timer is disabled */
 124:Generated_Source\PSoC5/EncTimer_Low_PM.c ****             EncTimer_Low_backup.TimerEnableState = 0u;
 125:Generated_Source\PSoC5/EncTimer_Low_PM.c ****         }
 126:Generated_Source\PSoC5/EncTimer_Low_PM.c ****     #endif /* Back up enable state from the Timer control register */
 127:Generated_Source\PSoC5/EncTimer_Low_PM.c ****     EncTimer_Low_Stop();
 122              		.loc 1 127 0
 123 0004 FFF7FEFF 		bl	EncTimer_Low_Stop
 128:Generated_Source\PSoC5/EncTimer_Low_PM.c ****     EncTimer_Low_SaveConfig();
 124              		.loc 1 128 0
 125 0008 FFF7FEFF 		bl	EncTimer_Low_SaveConfig
 129:Generated_Source\PSoC5/EncTimer_Low_PM.c **** }
 126              		.loc 1 129 0
 127 000c 00BF     		nop
 128 000e 80BD     		pop	{r7, pc}
 129              		.cfi_endproc
 130              	.LFE2:
 131              		.size	EncTimer_Low_Sleep, .-EncTimer_Low_Sleep
 132              		.section	.text.EncTimer_Low_Wakeup,"ax",%progbits
 133              		.align	2
 134              		.global	EncTimer_Low_Wakeup
 135              		.thumb
 136              		.thumb_func
 137              		.type	EncTimer_Low_Wakeup, %function
 138              	EncTimer_Low_Wakeup:
 139              	.LFB3:
 130:Generated_Source\PSoC5/EncTimer_Low_PM.c **** 
 131:Generated_Source\PSoC5/EncTimer_Low_PM.c **** 
 132:Generated_Source\PSoC5/EncTimer_Low_PM.c **** /*******************************************************************************
 133:Generated_Source\PSoC5/EncTimer_Low_PM.c **** * Function Name: EncTimer_Low_Wakeup
 134:Generated_Source\PSoC5/EncTimer_Low_PM.c **** ********************************************************************************
 135:Generated_Source\PSoC5/EncTimer_Low_PM.c **** *
 136:Generated_Source\PSoC5/EncTimer_Low_PM.c **** * Summary:
 137:Generated_Source\PSoC5/EncTimer_Low_PM.c **** *  Restores and enables the user configuration
 138:Generated_Source\PSoC5/EncTimer_Low_PM.c **** *
 139:Generated_Source\PSoC5/EncTimer_Low_PM.c **** * Parameters:
 140:Generated_Source\PSoC5/EncTimer_Low_PM.c **** *  void
 141:Generated_Source\PSoC5/EncTimer_Low_PM.c **** *
 142:Generated_Source\PSoC5/EncTimer_Low_PM.c **** * Return:
 143:Generated_Source\PSoC5/EncTimer_Low_PM.c **** *  void
 144:Generated_Source\PSoC5/EncTimer_Low_PM.c **** *
 145:Generated_Source\PSoC5/EncTimer_Low_PM.c **** * Global variables:
ARM GAS  C:\Users\jebush2\AppData\Local\Temp\ccBt7cXc.s 			page 6


 146:Generated_Source\PSoC5/EncTimer_Low_PM.c **** *  EncTimer_Low_backup.enableState:  Is used to restore the enable state of
 147:Generated_Source\PSoC5/EncTimer_Low_PM.c **** *  block on wakeup from sleep mode.
 148:Generated_Source\PSoC5/EncTimer_Low_PM.c **** *
 149:Generated_Source\PSoC5/EncTimer_Low_PM.c **** *******************************************************************************/
 150:Generated_Source\PSoC5/EncTimer_Low_PM.c **** void EncTimer_Low_Wakeup(void) 
 151:Generated_Source\PSoC5/EncTimer_Low_PM.c **** {
 140              		.loc 1 151 0
 141              		.cfi_startproc
 142              		@ args = 0, pretend = 0, frame = 0
 143              		@ frame_needed = 1, uses_anonymous_args = 0
 144 0000 80B5     		push	{r7, lr}
 145              		.cfi_def_cfa_offset 8
 146              		.cfi_offset 7, -8
 147              		.cfi_offset 14, -4
 148 0002 00AF     		add	r7, sp, #0
 149              		.cfi_def_cfa_register 7
 152:Generated_Source\PSoC5/EncTimer_Low_PM.c ****     EncTimer_Low_RestoreConfig();
 150              		.loc 1 152 0
 151 0004 FFF7FEFF 		bl	EncTimer_Low_RestoreConfig
 153:Generated_Source\PSoC5/EncTimer_Low_PM.c ****     #if(!EncTimer_Low_UDB_CONTROL_REG_REMOVED)
 154:Generated_Source\PSoC5/EncTimer_Low_PM.c ****         if(EncTimer_Low_backup.TimerEnableState == 1u)
 155:Generated_Source\PSoC5/EncTimer_Low_PM.c ****         {     /* Enable Timer's operation */
 156:Generated_Source\PSoC5/EncTimer_Low_PM.c ****                 EncTimer_Low_Enable();
 157:Generated_Source\PSoC5/EncTimer_Low_PM.c ****         } /* Do nothing if Timer was disabled before */
 158:Generated_Source\PSoC5/EncTimer_Low_PM.c ****     #endif /* Remove this code section if Control register is removed */
 159:Generated_Source\PSoC5/EncTimer_Low_PM.c **** }
 152              		.loc 1 159 0
 153 0008 00BF     		nop
 154 000a 80BD     		pop	{r7, pc}
 155              		.cfi_endproc
 156              	.LFE3:
 157              		.size	EncTimer_Low_Wakeup, .-EncTimer_Low_Wakeup
 158              		.text
 159              	.Letext0:
 160              		.file 2 "Generated_Source\\PSoC5\\cytypes.h"
 161              		.file 3 "Generated_Source\\PSoC5\\EncTimer_Low.h"
 162              		.section	.debug_info,"",%progbits
 163              	.Ldebug_info0:
 164 0000 41010000 		.4byte	0x141
 165 0004 0400     		.2byte	0x4
 166 0006 00000000 		.4byte	.Ldebug_abbrev0
 167 000a 04       		.byte	0x4
 168 000b 01       		.uleb128 0x1
 169 000c 06010000 		.4byte	.LASF25
 170 0010 0C       		.byte	0xc
 171 0011 E3010000 		.4byte	.LASF26
 172 0015 1B000000 		.4byte	.LASF27
 173 0019 00000000 		.4byte	.Ldebug_ranges0+0
 174 001d 00000000 		.4byte	0
 175 0021 00000000 		.4byte	.Ldebug_line0
 176 0025 02       		.uleb128 0x2
 177 0026 01       		.byte	0x1
 178 0027 06       		.byte	0x6
 179 0028 1F020000 		.4byte	.LASF0
 180 002c 02       		.uleb128 0x2
 181 002d 01       		.byte	0x1
 182 002e 08       		.byte	0x8
ARM GAS  C:\Users\jebush2\AppData\Local\Temp\ccBt7cXc.s 			page 7


 183 002f 94010000 		.4byte	.LASF1
 184 0033 02       		.uleb128 0x2
 185 0034 02       		.byte	0x2
 186 0035 05       		.byte	0x5
 187 0036 8F000000 		.4byte	.LASF2
 188 003a 02       		.uleb128 0x2
 189 003b 02       		.byte	0x2
 190 003c 07       		.byte	0x7
 191 003d 0C020000 		.4byte	.LASF3
 192 0041 02       		.uleb128 0x2
 193 0042 04       		.byte	0x4
 194 0043 05       		.byte	0x5
 195 0044 A7010000 		.4byte	.LASF4
 196 0048 02       		.uleb128 0x2
 197 0049 04       		.byte	0x4
 198 004a 07       		.byte	0x7
 199 004b 7D000000 		.4byte	.LASF5
 200 004f 02       		.uleb128 0x2
 201 0050 08       		.byte	0x8
 202 0051 05       		.byte	0x5
 203 0052 00000000 		.4byte	.LASF6
 204 0056 02       		.uleb128 0x2
 205 0057 08       		.byte	0x8
 206 0058 07       		.byte	0x7
 207 0059 99000000 		.4byte	.LASF7
 208 005d 03       		.uleb128 0x3
 209 005e 04       		.byte	0x4
 210 005f 05       		.byte	0x5
 211 0060 696E7400 		.ascii	"int\000"
 212 0064 02       		.uleb128 0x2
 213 0065 04       		.byte	0x4
 214 0066 07       		.byte	0x7
 215 0067 0E000000 		.4byte	.LASF8
 216 006b 04       		.uleb128 0x4
 217 006c 77000000 		.4byte	.LASF9
 218 0070 02       		.byte	0x2
 219 0071 E401     		.2byte	0x1e4
 220 0073 2C000000 		.4byte	0x2c
 221 0077 04       		.uleb128 0x4
 222 0078 40020000 		.4byte	.LASF10
 223 007c 02       		.byte	0x2
 224 007d E501     		.2byte	0x1e5
 225 007f 3A000000 		.4byte	0x3a
 226 0083 02       		.uleb128 0x2
 227 0084 04       		.byte	0x4
 228 0085 04       		.byte	0x4
 229 0086 EF000000 		.4byte	.LASF11
 230 008a 02       		.uleb128 0x2
 231 008b 08       		.byte	0x8
 232 008c 04       		.byte	0x4
 233 008d C8010000 		.4byte	.LASF12
 234 0091 02       		.uleb128 0x2
 235 0092 01       		.byte	0x1
 236 0093 08       		.byte	0x8
 237 0094 A2010000 		.4byte	.LASF13
 238 0098 04       		.uleb128 0x4
 239 0099 C3010000 		.4byte	.LASF14
ARM GAS  C:\Users\jebush2\AppData\Local\Temp\ccBt7cXc.s 			page 8


 240 009d 02       		.byte	0x2
 241 009e 8E02     		.2byte	0x28e
 242 00a0 A4000000 		.4byte	0xa4
 243 00a4 05       		.uleb128 0x5
 244 00a5 6B000000 		.4byte	0x6b
 245 00a9 02       		.uleb128 0x2
 246 00aa 08       		.byte	0x8
 247 00ab 04       		.byte	0x4
 248 00ac 2B020000 		.4byte	.LASF15
 249 00b0 02       		.uleb128 0x2
 250 00b1 04       		.byte	0x4
 251 00b2 07       		.byte	0x7
 252 00b3 62020000 		.4byte	.LASF16
 253 00b7 06       		.uleb128 0x6
 254 00b8 06       		.byte	0x6
 255 00b9 03       		.byte	0x3
 256 00ba 43       		.byte	0x43
 257 00bb E4000000 		.4byte	0xe4
 258 00bf 07       		.uleb128 0x7
 259 00c0 F5000000 		.4byte	.LASF17
 260 00c4 03       		.byte	0x3
 261 00c5 45       		.byte	0x45
 262 00c6 6B000000 		.4byte	0x6b
 263 00ca 00       		.byte	0
 264 00cb 07       		.uleb128 0x7
 265 00cc 37020000 		.4byte	.LASF18
 266 00d0 03       		.byte	0x3
 267 00d1 48       		.byte	0x48
 268 00d2 77000000 		.4byte	0x77
 269 00d6 02       		.byte	0x2
 270 00d7 07       		.uleb128 0x7
 271 00d8 B0010000 		.4byte	.LASF19
 272 00dc 03       		.byte	0x3
 273 00dd 49       		.byte	0x49
 274 00de 6B000000 		.4byte	0x6b
 275 00e2 04       		.byte	0x4
 276 00e3 00       		.byte	0
 277 00e4 08       		.uleb128 0x8
 278 00e5 5D000000 		.4byte	.LASF20
 279 00e9 03       		.byte	0x3
 280 00ea 53       		.byte	0x53
 281 00eb B7000000 		.4byte	0xb7
 282 00ef 09       		.uleb128 0x9
 283 00f0 D7000000 		.4byte	.LASF21
 284 00f4 01       		.byte	0x1
 285 00f5 2B       		.byte	0x2b
 286 00f6 00000000 		.4byte	.LFB0
 287 00fa 28000000 		.4byte	.LFE0-.LFB0
 288 00fe 01       		.uleb128 0x1
 289 00ff 9C       		.byte	0x9c
 290 0100 09       		.uleb128 0x9
 291 0101 47020000 		.4byte	.LASF22
 292 0105 01       		.byte	0x1
 293 0106 4D       		.byte	0x4d
 294 0107 00000000 		.4byte	.LFB1
 295 010b 24000000 		.4byte	.LFE1-.LFB1
 296 010f 01       		.uleb128 0x1
ARM GAS  C:\Users\jebush2\AppData\Local\Temp\ccBt7cXc.s 			page 9


 297 0110 9C       		.byte	0x9c
 298 0111 09       		.uleb128 0x9
 299 0112 C4000000 		.4byte	.LASF23
 300 0116 01       		.byte	0x1
 301 0117 70       		.byte	0x70
 302 0118 00000000 		.4byte	.LFB2
 303 011c 10000000 		.4byte	.LFE2-.LFB2
 304 0120 01       		.uleb128 0x1
 305 0121 9C       		.byte	0x9c
 306 0122 09       		.uleb128 0x9
 307 0123 CF010000 		.4byte	.LASF24
 308 0127 01       		.byte	0x1
 309 0128 96       		.byte	0x96
 310 0129 00000000 		.4byte	.LFB3
 311 012d 0C000000 		.4byte	.LFE3-.LFB3
 312 0131 01       		.uleb128 0x1
 313 0132 9C       		.byte	0x9c
 314 0133 0A       		.uleb128 0xa
 315 0134 B0000000 		.4byte	.LASF28
 316 0138 01       		.byte	0x1
 317 0139 15       		.byte	0x15
 318 013a E4000000 		.4byte	0xe4
 319 013e 05       		.uleb128 0x5
 320 013f 03       		.byte	0x3
 321 0140 00000000 		.4byte	EncTimer_Low_backup
 322 0144 00       		.byte	0
 323              		.section	.debug_abbrev,"",%progbits
 324              	.Ldebug_abbrev0:
 325 0000 01       		.uleb128 0x1
 326 0001 11       		.uleb128 0x11
 327 0002 01       		.byte	0x1
 328 0003 25       		.uleb128 0x25
 329 0004 0E       		.uleb128 0xe
 330 0005 13       		.uleb128 0x13
 331 0006 0B       		.uleb128 0xb
 332 0007 03       		.uleb128 0x3
 333 0008 0E       		.uleb128 0xe
 334 0009 1B       		.uleb128 0x1b
 335 000a 0E       		.uleb128 0xe
 336 000b 55       		.uleb128 0x55
 337 000c 17       		.uleb128 0x17
 338 000d 11       		.uleb128 0x11
 339 000e 01       		.uleb128 0x1
 340 000f 10       		.uleb128 0x10
 341 0010 17       		.uleb128 0x17
 342 0011 00       		.byte	0
 343 0012 00       		.byte	0
 344 0013 02       		.uleb128 0x2
 345 0014 24       		.uleb128 0x24
 346 0015 00       		.byte	0
 347 0016 0B       		.uleb128 0xb
 348 0017 0B       		.uleb128 0xb
 349 0018 3E       		.uleb128 0x3e
 350 0019 0B       		.uleb128 0xb
 351 001a 03       		.uleb128 0x3
 352 001b 0E       		.uleb128 0xe
 353 001c 00       		.byte	0
ARM GAS  C:\Users\jebush2\AppData\Local\Temp\ccBt7cXc.s 			page 10


 354 001d 00       		.byte	0
 355 001e 03       		.uleb128 0x3
 356 001f 24       		.uleb128 0x24
 357 0020 00       		.byte	0
 358 0021 0B       		.uleb128 0xb
 359 0022 0B       		.uleb128 0xb
 360 0023 3E       		.uleb128 0x3e
 361 0024 0B       		.uleb128 0xb
 362 0025 03       		.uleb128 0x3
 363 0026 08       		.uleb128 0x8
 364 0027 00       		.byte	0
 365 0028 00       		.byte	0
 366 0029 04       		.uleb128 0x4
 367 002a 16       		.uleb128 0x16
 368 002b 00       		.byte	0
 369 002c 03       		.uleb128 0x3
 370 002d 0E       		.uleb128 0xe
 371 002e 3A       		.uleb128 0x3a
 372 002f 0B       		.uleb128 0xb
 373 0030 3B       		.uleb128 0x3b
 374 0031 05       		.uleb128 0x5
 375 0032 49       		.uleb128 0x49
 376 0033 13       		.uleb128 0x13
 377 0034 00       		.byte	0
 378 0035 00       		.byte	0
 379 0036 05       		.uleb128 0x5
 380 0037 35       		.uleb128 0x35
 381 0038 00       		.byte	0
 382 0039 49       		.uleb128 0x49
 383 003a 13       		.uleb128 0x13
 384 003b 00       		.byte	0
 385 003c 00       		.byte	0
 386 003d 06       		.uleb128 0x6
 387 003e 13       		.uleb128 0x13
 388 003f 01       		.byte	0x1
 389 0040 0B       		.uleb128 0xb
 390 0041 0B       		.uleb128 0xb
 391 0042 3A       		.uleb128 0x3a
 392 0043 0B       		.uleb128 0xb
 393 0044 3B       		.uleb128 0x3b
 394 0045 0B       		.uleb128 0xb
 395 0046 01       		.uleb128 0x1
 396 0047 13       		.uleb128 0x13
 397 0048 00       		.byte	0
 398 0049 00       		.byte	0
 399 004a 07       		.uleb128 0x7
 400 004b 0D       		.uleb128 0xd
 401 004c 00       		.byte	0
 402 004d 03       		.uleb128 0x3
 403 004e 0E       		.uleb128 0xe
 404 004f 3A       		.uleb128 0x3a
 405 0050 0B       		.uleb128 0xb
 406 0051 3B       		.uleb128 0x3b
 407 0052 0B       		.uleb128 0xb
 408 0053 49       		.uleb128 0x49
 409 0054 13       		.uleb128 0x13
 410 0055 38       		.uleb128 0x38
ARM GAS  C:\Users\jebush2\AppData\Local\Temp\ccBt7cXc.s 			page 11


 411 0056 0B       		.uleb128 0xb
 412 0057 00       		.byte	0
 413 0058 00       		.byte	0
 414 0059 08       		.uleb128 0x8
 415 005a 16       		.uleb128 0x16
 416 005b 00       		.byte	0
 417 005c 03       		.uleb128 0x3
 418 005d 0E       		.uleb128 0xe
 419 005e 3A       		.uleb128 0x3a
 420 005f 0B       		.uleb128 0xb
 421 0060 3B       		.uleb128 0x3b
 422 0061 0B       		.uleb128 0xb
 423 0062 49       		.uleb128 0x49
 424 0063 13       		.uleb128 0x13
 425 0064 00       		.byte	0
 426 0065 00       		.byte	0
 427 0066 09       		.uleb128 0x9
 428 0067 2E       		.uleb128 0x2e
 429 0068 00       		.byte	0
 430 0069 3F       		.uleb128 0x3f
 431 006a 19       		.uleb128 0x19
 432 006b 03       		.uleb128 0x3
 433 006c 0E       		.uleb128 0xe
 434 006d 3A       		.uleb128 0x3a
 435 006e 0B       		.uleb128 0xb
 436 006f 3B       		.uleb128 0x3b
 437 0070 0B       		.uleb128 0xb
 438 0071 27       		.uleb128 0x27
 439 0072 19       		.uleb128 0x19
 440 0073 11       		.uleb128 0x11
 441 0074 01       		.uleb128 0x1
 442 0075 12       		.uleb128 0x12
 443 0076 06       		.uleb128 0x6
 444 0077 40       		.uleb128 0x40
 445 0078 18       		.uleb128 0x18
 446 0079 9642     		.uleb128 0x2116
 447 007b 19       		.uleb128 0x19
 448 007c 00       		.byte	0
 449 007d 00       		.byte	0
 450 007e 0A       		.uleb128 0xa
 451 007f 34       		.uleb128 0x34
 452 0080 00       		.byte	0
 453 0081 03       		.uleb128 0x3
 454 0082 0E       		.uleb128 0xe
 455 0083 3A       		.uleb128 0x3a
 456 0084 0B       		.uleb128 0xb
 457 0085 3B       		.uleb128 0x3b
 458 0086 0B       		.uleb128 0xb
 459 0087 49       		.uleb128 0x49
 460 0088 13       		.uleb128 0x13
 461 0089 02       		.uleb128 0x2
 462 008a 18       		.uleb128 0x18
 463 008b 00       		.byte	0
 464 008c 00       		.byte	0
 465 008d 00       		.byte	0
 466              		.section	.debug_aranges,"",%progbits
 467 0000 34000000 		.4byte	0x34
ARM GAS  C:\Users\jebush2\AppData\Local\Temp\ccBt7cXc.s 			page 12


 468 0004 0200     		.2byte	0x2
 469 0006 00000000 		.4byte	.Ldebug_info0
 470 000a 04       		.byte	0x4
 471 000b 00       		.byte	0
 472 000c 0000     		.2byte	0
 473 000e 0000     		.2byte	0
 474 0010 00000000 		.4byte	.LFB0
 475 0014 28000000 		.4byte	.LFE0-.LFB0
 476 0018 00000000 		.4byte	.LFB1
 477 001c 24000000 		.4byte	.LFE1-.LFB1
 478 0020 00000000 		.4byte	.LFB2
 479 0024 10000000 		.4byte	.LFE2-.LFB2
 480 0028 00000000 		.4byte	.LFB3
 481 002c 0C000000 		.4byte	.LFE3-.LFB3
 482 0030 00000000 		.4byte	0
 483 0034 00000000 		.4byte	0
 484              		.section	.debug_ranges,"",%progbits
 485              	.Ldebug_ranges0:
 486 0000 00000000 		.4byte	.LFB0
 487 0004 28000000 		.4byte	.LFE0
 488 0008 00000000 		.4byte	.LFB1
 489 000c 24000000 		.4byte	.LFE1
 490 0010 00000000 		.4byte	.LFB2
 491 0014 10000000 		.4byte	.LFE2
 492 0018 00000000 		.4byte	.LFB3
 493 001c 0C000000 		.4byte	.LFE3
 494 0020 00000000 		.4byte	0
 495 0024 00000000 		.4byte	0
 496              		.section	.debug_line,"",%progbits
 497              	.Ldebug_line0:
 498 0000 B4000000 		.section	.debug_str,"MS",%progbits,1
 498      02005E00 
 498      00000201 
 498      FB0E0D00 
 498      01010101 
 499              	.LASF6:
 500 0000 6C6F6E67 		.ascii	"long long int\000"
 500      206C6F6E 
 500      6720696E 
 500      7400
 501              	.LASF8:
 502 000e 756E7369 		.ascii	"unsigned int\000"
 502      676E6564 
 502      20696E74 
 502      00
 503              	.LASF27:
 504 001b 433A5C55 		.ascii	"C:\\Users\\jebush2\\Desktop\\PSoC 3-19-2019\\Smart "
 504      73657273 
 504      5C6A6562 
 504      75736832 
 504      5C446573 
 505 0049 42696B65 		.ascii	"Bike PSoC\\IMU.cydsn\000"
 505      2050536F 
 505      435C494D 
 505      552E6379 
 505      64736E00 
 506              	.LASF20:
ARM GAS  C:\Users\jebush2\AppData\Local\Temp\ccBt7cXc.s 			page 13


 507 005d 456E6354 		.ascii	"EncTimer_Low_backupStruct\000"
 507      696D6572 
 507      5F4C6F77 
 507      5F626163 
 507      6B757053 
 508              	.LASF9:
 509 0077 75696E74 		.ascii	"uint8\000"
 509      3800
 510              	.LASF5:
 511 007d 6C6F6E67 		.ascii	"long unsigned int\000"
 511      20756E73 
 511      69676E65 
 511      6420696E 
 511      7400
 512              	.LASF2:
 513 008f 73686F72 		.ascii	"short int\000"
 513      7420696E 
 513      7400
 514              	.LASF7:
 515 0099 6C6F6E67 		.ascii	"long long unsigned int\000"
 515      206C6F6E 
 515      6720756E 
 515      7369676E 
 515      65642069 
 516              	.LASF28:
 517 00b0 456E6354 		.ascii	"EncTimer_Low_backup\000"
 517      696D6572 
 517      5F4C6F77 
 517      5F626163 
 517      6B757000 
 518              	.LASF23:
 519 00c4 456E6354 		.ascii	"EncTimer_Low_Sleep\000"
 519      696D6572 
 519      5F4C6F77 
 519      5F536C65 
 519      657000
 520              	.LASF21:
 521 00d7 456E6354 		.ascii	"EncTimer_Low_SaveConfig\000"
 521      696D6572 
 521      5F4C6F77 
 521      5F536176 
 521      65436F6E 
 522              	.LASF11:
 523 00ef 666C6F61 		.ascii	"float\000"
 523      7400
 524              	.LASF17:
 525 00f5 54696D65 		.ascii	"TimerEnableState\000"
 525      72456E61 
 525      626C6553 
 525      74617465 
 525      00
 526              	.LASF25:
 527 0106 474E5520 		.ascii	"GNU C11 5.4.1 20160609 (release) [ARM/embedded-5-br"
 527      43313120 
 527      352E342E 
 527      31203230 
 527      31363036 
ARM GAS  C:\Users\jebush2\AppData\Local\Temp\ccBt7cXc.s 			page 14


 528 0139 616E6368 		.ascii	"anch revision 237715] -mcpu=cortex-m3 -mthumb -g -O"
 528      20726576 
 528      6973696F 
 528      6E203233 
 528      37373135 
 529 016c 30202D66 		.ascii	"0 -ffunction-sections -ffat-lto-objects\000"
 529      66756E63 
 529      74696F6E 
 529      2D736563 
 529      74696F6E 
 530              	.LASF1:
 531 0194 756E7369 		.ascii	"unsigned char\000"
 531      676E6564 
 531      20636861 
 531      7200
 532              	.LASF13:
 533 01a2 63686172 		.ascii	"char\000"
 533      00
 534              	.LASF4:
 535 01a7 6C6F6E67 		.ascii	"long int\000"
 535      20696E74 
 535      00
 536              	.LASF19:
 537 01b0 496E7465 		.ascii	"InterruptMaskValue\000"
 537      72727570 
 537      744D6173 
 537      6B56616C 
 537      756500
 538              	.LASF14:
 539 01c3 72656738 		.ascii	"reg8\000"
 539      00
 540              	.LASF12:
 541 01c8 646F7562 		.ascii	"double\000"
 541      6C6500
 542              	.LASF24:
 543 01cf 456E6354 		.ascii	"EncTimer_Low_Wakeup\000"
 543      696D6572 
 543      5F4C6F77 
 543      5F57616B 
 543      65757000 
 544              	.LASF26:
 545 01e3 47656E65 		.ascii	"Generated_Source\\PSoC5\\EncTimer_Low_PM.c\000"
 545      72617465 
 545      645F536F 
 545      75726365 
 545      5C50536F 
 546              	.LASF3:
 547 020c 73686F72 		.ascii	"short unsigned int\000"
 547      7420756E 
 547      7369676E 
 547      65642069 
 547      6E7400
 548              	.LASF0:
 549 021f 7369676E 		.ascii	"signed char\000"
 549      65642063 
 549      68617200 
 550              	.LASF15:
ARM GAS  C:\Users\jebush2\AppData\Local\Temp\ccBt7cXc.s 			page 15


 551 022b 6C6F6E67 		.ascii	"long double\000"
 551      20646F75 
 551      626C6500 
 552              	.LASF18:
 553 0237 54696D65 		.ascii	"TimerUdb\000"
 553      72556462 
 553      00
 554              	.LASF10:
 555 0240 75696E74 		.ascii	"uint16\000"
 555      313600
 556              	.LASF22:
 557 0247 456E6354 		.ascii	"EncTimer_Low_RestoreConfig\000"
 557      696D6572 
 557      5F4C6F77 
 557      5F526573 
 557      746F7265 
 558              	.LASF16:
 559 0262 73697A65 		.ascii	"sizetype\000"
 559      74797065 
 559      00
 560              		.ident	"GCC: (GNU Tools for ARM Embedded Processors) 5.4.1 20160609 (release) [ARM/embedded-5-bran
