ARM GAS  C:\Users\jebush2\AppData\Local\Temp\cc58Nphm.s 			page 1


   1              		.syntax unified
   2              		.cpu cortex-m3
   3              		.fpu softvfp
   4              		.eabi_attribute 20, 1
   5              		.eabi_attribute 21, 1
   6              		.eabi_attribute 23, 3
   7              		.eabi_attribute 24, 1
   8              		.eabi_attribute 25, 1
   9              		.eabi_attribute 26, 1
  10              		.eabi_attribute 30, 4
  11              		.eabi_attribute 34, 1
  12              		.eabi_attribute 18, 4
  13              		.thumb
  14              		.syntax unified
  15              		.file	"cymetadata.c"
  16              		.text
  17              	.Ltext0:
  18              		.cfi_sections	.debug_frame
  19              		.global	cy_metadata
  20              		.global	cy_meta_flashprotect
  21              		.global	cy_meta_wonvl
  22              		.global	cy_meta_custnvl
  23              		.global	cy_meta_configecc
  24              		.section	.cyconfigecc,"a",%progbits
  25              		.type	cy_meta_configecc, %object
  26              		.size	cy_meta_configecc, 1152
  27              	cy_meta_configecc:
  28 0000 01       		.byte	1
  29 0001 45       		.byte	69
  30 0002 00       		.byte	0
  31 0003 40       		.byte	64
  32 0004 02       		.byte	2
  33 0005 4F       		.byte	79
  34 0006 00       		.byte	0
  35 0007 40       		.byte	64
  36 0008 03       		.byte	3
  37 0009 52       		.byte	82
  38 000a 00       		.byte	0
  39 000b 40       		.byte	64
  40 000c 01       		.byte	1
  41 000d 5B       		.byte	91
  42 000e 00       		.byte	0
  43 000f 40       		.byte	64
  44 0010 01       		.byte	1
  45 0011 64       		.byte	100
  46 0012 00       		.byte	0
  47 0013 40       		.byte	64
  48 0014 12       		.byte	18
  49 0015 00       		.byte	0
  50 0016 01       		.byte	1
  51 0017 40       		.byte	64
  52 0018 24       		.byte	36
  53 0019 01       		.byte	1
  54 001a 01       		.byte	1
  55 001b 40       		.byte	64
  56 001c 30       		.byte	48
  57 001d 02       		.byte	2
ARM GAS  C:\Users\jebush2\AppData\Local\Temp\cc58Nphm.s 			page 2


  58 001e 01       		.byte	1
  59 001f 40       		.byte	64
  60 0020 3E       		.byte	62
  61 0021 03       		.byte	3
  62 0022 01       		.byte	1
  63 0023 40       		.byte	64
  64 0024 25       		.byte	37
  65 0025 04       		.byte	4
  66 0026 01       		.byte	1
  67 0027 40       		.byte	64
  68 0028 36       		.byte	54
  69 0029 05       		.byte	5
  70 002a 01       		.byte	1
  71 002b 40       		.byte	64
  72 002c 0D       		.byte	13
  73 002d 06       		.byte	6
  74 002e 01       		.byte	1
  75 002f 40       		.byte	64
  76 0030 30       		.byte	48
  77 0031 07       		.byte	7
  78 0032 01       		.byte	1
  79 0033 40       		.byte	64
  80 0034 04       		.byte	4
  81 0035 08       		.byte	8
  82 0036 01       		.byte	1
  83 0037 40       		.byte	64
  84 0038 03       		.byte	3
  85 0039 09       		.byte	9
  86 003a 01       		.byte	1
  87 003b 40       		.byte	64
  88 003c 02       		.byte	2
  89 003d 0B       		.byte	11
  90 003e 01       		.byte	1
  91 003f 40       		.byte	64
  92 0040 01       		.byte	1
  93 0041 0D       		.byte	13
  94 0042 01       		.byte	1
  95 0043 40       		.byte	64
  96 0044 07       		.byte	7
  97 0045 15       		.byte	21
  98 0046 01       		.byte	1
  99 0047 40       		.byte	64
 100 0048 04       		.byte	4
 101 0049 17       		.byte	23
 102 004a 01       		.byte	1
 103 004b 40       		.byte	64
 104 004c 03       		.byte	3
 105 004d 19       		.byte	25
 106 004e 01       		.byte	1
 107 004f 40       		.byte	64
 108 0050 04       		.byte	4
 109 0051 1B       		.byte	27
 110 0052 01       		.byte	1
 111 0053 40       		.byte	64
 112 0054 0C       		.byte	12
 113 0055 40       		.byte	64
 114 0056 01       		.byte	1
ARM GAS  C:\Users\jebush2\AppData\Local\Temp\cc58Nphm.s 			page 3


 115 0057 40       		.byte	64
 116 0058 0F       		.byte	15
 117 0059 41       		.byte	65
 118 005a 01       		.byte	1
 119 005b 40       		.byte	64
 120 005c 09       		.byte	9
 121 005d 42       		.byte	66
 122 005e 01       		.byte	1
 123 005f 40       		.byte	64
 124 0060 08       		.byte	8
 125 0061 43       		.byte	67
 126 0062 01       		.byte	1
 127 0063 40       		.byte	64
 128 0064 02       		.byte	2
 129 0065 45       		.byte	69
 130 0066 01       		.byte	1
 131 0067 40       		.byte	64
 132 0068 09       		.byte	9
 133 0069 46       		.byte	70
 134 006a 01       		.byte	1
 135 006b 40       		.byte	64
 136 006c 0D       		.byte	13
 137 006d 47       		.byte	71
 138 006e 01       		.byte	1
 139 006f 40       		.byte	64
 140 0070 09       		.byte	9
 141 0071 48       		.byte	72
 142 0072 01       		.byte	1
 143 0073 40       		.byte	64
 144 0074 17       		.byte	23
 145 0075 49       		.byte	73
 146 0076 01       		.byte	1
 147 0077 40       		.byte	64
 148 0078 09       		.byte	9
 149 0079 4C       		.byte	76
 150 007a 01       		.byte	1
 151 007b 40       		.byte	64
 152 007c 07       		.byte	7
 153 007d 4D       		.byte	77
 154 007e 01       		.byte	1
 155 007f 40       		.byte	64
 156 0080 05       		.byte	5
 157 0081 50       		.byte	80
 158 0082 01       		.byte	1
 159 0083 40       		.byte	64
 160 0084 04       		.byte	4
 161 0085 51       		.byte	81
 162 0086 01       		.byte	1
 163 0087 40       		.byte	64
 164 0088 7E       		.byte	126
 165 0089 02       		.byte	2
 166 008a 01       		.byte	1
 167 008b 10       		.byte	16
 168 008c 0A       		.byte	10
 169 008d 1B       		.byte	27
 170 008e 00       		.byte	0
 171 008f 3C       		.byte	60
ARM GAS  C:\Users\jebush2\AppData\Local\Temp\cc58Nphm.s 			page 4


 172 0090 60       		.byte	96
 173 0091 02       		.byte	2
 174 0092 7C       		.byte	124
 175 0093 40       		.byte	64
 176 0094 27       		.byte	39
 177 0095 84       		.byte	-124
 178 0096 83       		.byte	-125
 179 0097 02       		.byte	2
 180 0098 06       		.byte	6
 181 0099 04       		.byte	4
 182 009a 1C       		.byte	28
 183 009b 01       		.byte	1
 184 009c 20       		.byte	32
 185 009d 02       		.byte	2
 186 009e 23       		.byte	35
 187 009f 01       		.byte	1
 188 00a0 26       		.byte	38
 189 00a1 02       		.byte	2
 190 00a2 2E       		.byte	46
 191 00a3 01       		.byte	1
 192 00a4 2F       		.byte	47
 193 00a5 02       		.byte	2
 194 00a6 31       		.byte	49
 195 00a7 01       		.byte	1
 196 00a8 32       		.byte	50
 197 00a9 07       		.byte	7
 198 00aa 35       		.byte	53
 199 00ab 02       		.byte	2
 200 00ac 38       		.byte	56
 201 00ad 08       		.byte	8
 202 00ae 3E       		.byte	62
 203 00af 04       		.byte	4
 204 00b0 58       		.byte	88
 205 00b1 04       		.byte	4
 206 00b2 59       		.byte	89
 207 00b3 04       		.byte	4
 208 00b4 5F       		.byte	95
 209 00b5 01       		.byte	1
 210 00b6 D8       		.byte	-40
 211 00b7 04       		.byte	4
 212 00b8 D9       		.byte	-39
 213 00b9 04       		.byte	4
 214 00ba DF       		.byte	-33
 215 00bb 01       		.byte	1
 216 00bc 00       		.byte	0
 217 00bd 14       		.byte	20
 218 00be 01       		.byte	1
 219 00bf 02       		.byte	2
 220 00c0 04       		.byte	4
 221 00c1 02       		.byte	2
 222 00c2 05       		.byte	5
 223 00c3 0A       		.byte	10
 224 00c4 08       		.byte	8
 225 00c5 80       		.byte	-128
 226 00c6 0A       		.byte	10
 227 00c7 01       		.byte	1
 228 00c8 0B       		.byte	11
ARM GAS  C:\Users\jebush2\AppData\Local\Temp\cc58Nphm.s 			page 5


 229 00c9 F0       		.byte	-16
 230 00ca 0F       		.byte	15
 231 00cb 54       		.byte	84
 232 00cc 11       		.byte	17
 233 00cd 01       		.byte	1
 234 00ce 12       		.byte	18
 235 00cf 42       		.byte	66
 236 00d0 13       		.byte	19
 237 00d1 04       		.byte	4
 238 00d2 15       		.byte	21
 239 00d3 02       		.byte	2
 240 00d4 18       		.byte	24
 241 00d5 10       		.byte	16
 242 00d6 19       		.byte	25
 243 00d7 08       		.byte	8
 244 00d8 20       		.byte	32
 245 00d9 88       		.byte	-120
 246 00da 21       		.byte	33
 247 00db 01       		.byte	1
 248 00dc 22       		.byte	34
 249 00dd 02       		.byte	2
 250 00de 23       		.byte	35
 251 00df 84       		.byte	-124
 252 00e0 28       		.byte	40
 253 00e1 80       		.byte	-128
 254 00e2 29       		.byte	41
 255 00e3 08       		.byte	8
 256 00e4 2A       		.byte	42
 257 00e5 40       		.byte	64
 258 00e6 2D       		.byte	45
 259 00e7 08       		.byte	8
 260 00e8 2F       		.byte	47
 261 00e9 40       		.byte	64
 262 00ea 32       		.byte	50
 263 00eb 02       		.byte	2
 264 00ec 35       		.byte	53
 265 00ed 02       		.byte	2
 266 00ee 36       		.byte	54
 267 00ef 04       		.byte	4
 268 00f0 37       		.byte	55
 269 00f1 80       		.byte	-128
 270 00f2 38       		.byte	56
 271 00f3 02       		.byte	2
 272 00f4 3B       		.byte	59
 273 00f5 A4       		.byte	-92
 274 00f6 3F       		.byte	63
 275 00f7 04       		.byte	4
 276 00f8 C0       		.byte	-64
 277 00f9 3E       		.byte	62
 278 00fa C2       		.byte	-62
 279 00fb 7D       		.byte	125
 280 00fc C4       		.byte	-60
 281 00fd 1D       		.byte	29
 282 00fe CA       		.byte	-54
 283 00ff CB       		.byte	-53
 284 0100 CC       		.byte	-52
 285 0101 D1       		.byte	-47
ARM GAS  C:\Users\jebush2\AppData\Local\Temp\cc58Nphm.s 			page 6


 286 0102 CE       		.byte	-50
 287 0103 4F       		.byte	79
 288 0104 00       		.byte	0
 289 0105 01       		.byte	1
 290 0106 05       		.byte	5
 291 0107 03       		.byte	3
 292 0108 06       		.byte	6
 293 0109 01       		.byte	1
 294 010a 08       		.byte	8
 295 010b 01       		.byte	1
 296 010c 0D       		.byte	13
 297 010d 03       		.byte	3
 298 010e 11       		.byte	17
 299 010f 03       		.byte	3
 300 0110 12       		.byte	18
 301 0111 02       		.byte	2
 302 0112 17       		.byte	23
 303 0113 03       		.byte	3
 304 0114 18       		.byte	24
 305 0115 01       		.byte	1
 306 0116 1C       		.byte	28
 307 0117 01       		.byte	1
 308 0118 1D       		.byte	29
 309 0119 02       		.byte	2
 310 011a 1F       		.byte	31
 311 011b 01       		.byte	1
 312 011c 20       		.byte	32
 313 011d 01       		.byte	1
 314 011e 25       		.byte	37
 315 011f 01       		.byte	1
 316 0120 27       		.byte	39
 317 0121 02       		.byte	2
 318 0122 31       		.byte	49
 319 0123 02       		.byte	2
 320 0124 32       		.byte	50
 321 0125 01       		.byte	1
 322 0126 34       		.byte	52
 323 0127 02       		.byte	2
 324 0128 37       		.byte	55
 325 0129 01       		.byte	1
 326 012a 58       		.byte	88
 327 012b 04       		.byte	4
 328 012c 59       		.byte	89
 329 012d 04       		.byte	4
 330 012e 5F       		.byte	95
 331 012f 01       		.byte	1
 332 0130 80       		.byte	-128
 333 0131 08       		.byte	8
 334 0132 82       		.byte	-126
 335 0133 04       		.byte	4
 336 0134 84       		.byte	-124
 337 0135 02       		.byte	2
 338 0136 8B       		.byte	-117
 339 0137 01       		.byte	1
 340 0138 8C       		.byte	-116
 341 0139 01       		.byte	1
 342 013a 90       		.byte	-112
ARM GAS  C:\Users\jebush2\AppData\Local\Temp\cc58Nphm.s 			page 7


 343 013b 20       		.byte	32
 344 013c 92       		.byte	-110
 345 013d 10       		.byte	16
 346 013e 94       		.byte	-108
 347 013f 80       		.byte	-128
 348 0140 96       		.byte	-106
 349 0141 40       		.byte	64
 350 0142 9E       		.byte	-98
 351 0143 01       		.byte	1
 352 0144 A2       		.byte	-94
 353 0145 02       		.byte	2
 354 0146 A4       		.byte	-92
 355 0147 04       		.byte	4
 356 0148 A6       		.byte	-90
 357 0149 08       		.byte	8
 358 014a A8       		.byte	-88
 359 014b 10       		.byte	16
 360 014c AA       		.byte	-86
 361 014d 20       		.byte	32
 362 014e AC       		.byte	-84
 363 014f 40       		.byte	64
 364 0150 AE       		.byte	-82
 365 0151 80       		.byte	-128
 366 0152 B1       		.byte	-79
 367 0153 01       		.byte	1
 368 0154 B4       		.byte	-76
 369 0155 FF       		.byte	-1
 370 0156 BE       		.byte	-66
 371 0157 10       		.byte	16
 372 0158 D6       		.byte	-42
 373 0159 02       		.byte	2
 374 015a D7       		.byte	-41
 375 015b 39       		.byte	57
 376 015c D8       		.byte	-40
 377 015d 04       		.byte	4
 378 015e D9       		.byte	-39
 379 015f 04       		.byte	4
 380 0160 DB       		.byte	-37
 381 0161 0C       		.byte	12
 382 0162 DF       		.byte	-33
 383 0163 01       		.byte	1
 384 0164 00       		.byte	0
 385 0165 88       		.byte	-120
 386 0166 01       		.byte	1
 387 0167 02       		.byte	2
 388 0168 03       		.byte	3
 389 0169 03       		.byte	3
 390 016a 05       		.byte	5
 391 016b 1A       		.byte	26
 392 016c 09       		.byte	9
 393 016d 02       		.byte	2
 394 016e 0A       		.byte	10
 395 016f 01       		.byte	1
 396 0170 0B       		.byte	11
 397 0171 A0       		.byte	-96
 398 0172 0C       		.byte	12
 399 0173 42       		.byte	66
ARM GAS  C:\Users\jebush2\AppData\Local\Temp\cc58Nphm.s 			page 8


 400 0174 0F       		.byte	15
 401 0175 04       		.byte	4
 402 0176 10       		.byte	16
 403 0177 2A       		.byte	42
 404 0178 11       		.byte	17
 405 0179 01       		.byte	1
 406 017a 17       		.byte	23
 407 017b 01       		.byte	1
 408 017c 18       		.byte	24
 409 017d 04       		.byte	4
 410 017e 1D       		.byte	29
 411 017f 10       		.byte	16
 412 0180 1E       		.byte	30
 413 0181 08       		.byte	8
 414 0182 1F       		.byte	31
 415 0183 18       		.byte	24
 416 0184 21       		.byte	33
 417 0185 02       		.byte	2
 418 0186 23       		.byte	35
 419 0187 80       		.byte	-128
 420 0188 25       		.byte	37
 421 0189 40       		.byte	64
 422 018a 27       		.byte	39
 423 018b 40       		.byte	64
 424 018c 29       		.byte	41
 425 018d 1A       		.byte	26
 426 018e 2B       		.byte	43
 427 018f 02       		.byte	2
 428 0190 2F       		.byte	47
 429 0191 10       		.byte	16
 430 0192 31       		.byte	49
 431 0193 02       		.byte	2
 432 0194 34       		.byte	52
 433 0195 40       		.byte	64
 434 0196 35       		.byte	53
 435 0197 0A       		.byte	10
 436 0198 37       		.byte	55
 437 0199 80       		.byte	-128
 438 019a 39       		.byte	57
 439 019b 10       		.byte	16
 440 019c 3B       		.byte	59
 441 019d 04       		.byte	4
 442 019e 3C       		.byte	60
 443 019f 80       		.byte	-128
 444 01a0 3F       		.byte	63
 445 01a1 04       		.byte	4
 446 01a2 5A       		.byte	90
 447 01a3 20       		.byte	32
 448 01a4 61       		.byte	97
 449 01a5 04       		.byte	4
 450 01a6 68       		.byte	104
 451 01a7 2A       		.byte	42
 452 01a8 69       		.byte	105
 453 01a9 11       		.byte	17
 454 01aa 70       		.byte	112
 455 01ab 01       		.byte	1
 456 01ac 72       		.byte	114
ARM GAS  C:\Users\jebush2\AppData\Local\Temp\cc58Nphm.s 			page 9


 457 01ad 01       		.byte	1
 458 01ae 79       		.byte	121
 459 01af 40       		.byte	64
 460 01b0 89       		.byte	-119
 461 01b1 40       		.byte	64
 462 01b2 93       		.byte	-109
 463 01b3 04       		.byte	4
 464 01b4 94       		.byte	-108
 465 01b5 04       		.byte	4
 466 01b6 95       		.byte	-107
 467 01b7 01       		.byte	1
 468 01b8 96       		.byte	-106
 469 01b9 09       		.byte	9
 470 01ba 97       		.byte	-105
 471 01bb A0       		.byte	-96
 472 01bc 99       		.byte	-103
 473 01bd 08       		.byte	8
 474 01be 9D       		.byte	-99
 475 01bf 02       		.byte	2
 476 01c0 A0       		.byte	-96
 477 01c1 44       		.byte	68
 478 01c2 A2       		.byte	-94
 479 01c3 02       		.byte	2
 480 01c4 A6       		.byte	-90
 481 01c5 04       		.byte	4
 482 01c6 B2       		.byte	-78
 483 01c7 04       		.byte	4
 484 01c8 C0       		.byte	-64
 485 01c9 7D       		.byte	125
 486 01ca C2       		.byte	-62
 487 01cb DD       		.byte	-35
 488 01cc C4       		.byte	-60
 489 01cd 1F       		.byte	31
 490 01ce CA       		.byte	-54
 491 01cf 4F       		.byte	79
 492 01d0 CC       		.byte	-52
 493 01d1 D1       		.byte	-47
 494 01d2 CE       		.byte	-50
 495 01d3 56       		.byte	86
 496 01d4 D6       		.byte	-42
 497 01d5 04       		.byte	4
 498 01d6 D8       		.byte	-40
 499 01d7 02       		.byte	2
 500 01d8 DE       		.byte	-34
 501 01d9 08       		.byte	8
 502 01da E2       		.byte	-30
 503 01db 03       		.byte	3
 504 01dc E6       		.byte	-26
 505 01dd 20       		.byte	32
 506 01de EA       		.byte	-22
 507 01df 80       		.byte	-128
 508 01e0 01       		.byte	1
 509 01e1 04       		.byte	4
 510 01e2 07       		.byte	7
 511 01e3 08       		.byte	8
 512 01e4 08       		.byte	8
 513 01e5 04       		.byte	4
ARM GAS  C:\Users\jebush2\AppData\Local\Temp\cc58Nphm.s 			page 10


 514 01e6 0D       		.byte	13
 515 01e7 01       		.byte	1
 516 01e8 0E       		.byte	14
 517 01e9 01       		.byte	1
 518 01ea 14       		.byte	20
 519 01eb 01       		.byte	1
 520 01ec 15       		.byte	21
 521 01ed 3C       		.byte	60
 522 01ee 19       		.byte	25
 523 01ef 1C       		.byte	28
 524 01f0 1B       		.byte	27
 525 01f1 20       		.byte	32
 526 01f2 1D       		.byte	29
 527 01f3 28       		.byte	40
 528 01f4 1F       		.byte	31
 529 01f5 14       		.byte	20
 530 01f6 23       		.byte	35
 531 01f7 03       		.byte	3
 532 01f8 28       		.byte	40
 533 01f9 04       		.byte	4
 534 01fa 2D       		.byte	45
 535 01fb 10       		.byte	16
 536 01fc 2E       		.byte	46
 537 01fd 02       		.byte	2
 538 01fe 2F       		.byte	47
 539 01ff 04       		.byte	4
 540 0200 30       		.byte	48
 541 0201 03       		.byte	3
 542 0202 31       		.byte	49
 543 0203 02       		.byte	2
 544 0204 32       		.byte	50
 545 0205 04       		.byte	4
 546 0206 33       		.byte	51
 547 0207 01       		.byte	1
 548 0208 35       		.byte	53
 549 0209 0C       		.byte	12
 550 020a 37       		.byte	55
 551 020b 30       		.byte	48
 552 020c 38       		.byte	56
 553 020d 08       		.byte	8
 554 020e 3E       		.byte	62
 555 020f 04       		.byte	4
 556 0210 52       		.byte	82
 557 0211 07       		.byte	7
 558 0212 53       		.byte	83
 559 0213 06       		.byte	6
 560 0214 58       		.byte	88
 561 0215 04       		.byte	4
 562 0216 59       		.byte	89
 563 0217 0C       		.byte	12
 564 0218 5B       		.byte	91
 565 0219 04       		.byte	4
 566 021a 5C       		.byte	92
 567 021b 09       		.byte	9
 568 021c 5F       		.byte	95
 569 021d 01       		.byte	1
 570 021e D6       		.byte	-42
ARM GAS  C:\Users\jebush2\AppData\Local\Temp\cc58Nphm.s 			page 11


 571 021f 08       		.byte	8
 572 0220 D8       		.byte	-40
 573 0221 04       		.byte	4
 574 0222 D9       		.byte	-39
 575 0223 04       		.byte	4
 576 0224 DB       		.byte	-37
 577 0225 04       		.byte	4
 578 0226 DD       		.byte	-35
 579 0227 90       		.byte	-112
 580 0228 DF       		.byte	-33
 581 0229 01       		.byte	1
 582 022a 00       		.byte	0
 583 022b 40       		.byte	64
 584 022c 02       		.byte	2
 585 022d 08       		.byte	8
 586 022e 04       		.byte	4
 587 022f 80       		.byte	-128
 588 0230 05       		.byte	5
 589 0231 1A       		.byte	26
 590 0232 09       		.byte	9
 591 0233 08       		.byte	8
 592 0234 0C       		.byte	12
 593 0235 02       		.byte	2
 594 0236 0F       		.byte	15
 595 0237 04       		.byte	4
 596 0238 10       		.byte	16
 597 0239 09       		.byte	9
 598 023a 18       		.byte	24
 599 023b 40       		.byte	64
 600 023c 19       		.byte	25
 601 023d 05       		.byte	5
 602 023e 21       		.byte	33
 603 023f 08       		.byte	8
 604 0240 22       		.byte	34
 605 0241 64       		.byte	100
 606 0242 23       		.byte	35
 607 0243 40       		.byte	64
 608 0244 28       		.byte	40
 609 0245 02       		.byte	2
 610 0246 29       		.byte	41
 611 0247 01       		.byte	1
 612 0248 2E       		.byte	46
 613 0249 80       		.byte	-128
 614 024a 30       		.byte	48
 615 024b 08       		.byte	8
 616 024c 32       		.byte	50
 617 024d 60       		.byte	96
 618 024e 35       		.byte	53
 619 024f 1A       		.byte	26
 620 0250 38       		.byte	56
 621 0251 02       		.byte	2
 622 0252 39       		.byte	57
 623 0253 04       		.byte	4
 624 0254 3B       		.byte	59
 625 0255 40       		.byte	64
 626 0256 3C       		.byte	60
 627 0257 88       		.byte	-120
ARM GAS  C:\Users\jebush2\AppData\Local\Temp\cc58Nphm.s 			page 12


 628 0258 5E       		.byte	94
 629 0259 40       		.byte	64
 630 025a 64       		.byte	100
 631 025b 01       		.byte	1
 632 025c 68       		.byte	104
 633 025d 08       		.byte	8
 634 025e 69       		.byte	105
 635 025f 44       		.byte	68
 636 0260 6A       		.byte	106
 637 0261 20       		.byte	32
 638 0262 79       		.byte	121
 639 0263 40       		.byte	64
 640 0264 81       		.byte	-127
 641 0265 08       		.byte	8
 642 0266 82       		.byte	-126
 643 0267 08       		.byte	8
 644 0268 83       		.byte	-125
 645 0269 80       		.byte	-128
 646 026a 86       		.byte	-122
 647 026b 20       		.byte	32
 648 026c 90       		.byte	-112
 649 026d 02       		.byte	2
 650 026e 93       		.byte	-109
 651 026f A4       		.byte	-92
 652 0270 95       		.byte	-107
 653 0271 40       		.byte	64
 654 0272 96       		.byte	-106
 655 0273 28       		.byte	40
 656 0274 99       		.byte	-103
 657 0275 18       		.byte	24
 658 0276 9D       		.byte	-99
 659 0277 06       		.byte	6
 660 0278 A0       		.byte	-96
 661 0279 64       		.byte	100
 662 027a A2       		.byte	-94
 663 027b 02       		.byte	2
 664 027c AB       		.byte	-85
 665 027d 40       		.byte	64
 666 027e AF       		.byte	-81
 667 027f 08       		.byte	8
 668 0280 C0       		.byte	-64
 669 0281 F3       		.byte	-13
 670 0282 C2       		.byte	-62
 671 0283 54       		.byte	84
 672 0284 C4       		.byte	-60
 673 0285 03       		.byte	3
 674 0286 CA       		.byte	-54
 675 0287 19       		.byte	25
 676 0288 CC       		.byte	-52
 677 0289 EE       		.byte	-18
 678 028a CE       		.byte	-50
 679 028b 5B       		.byte	91
 680 028c D6       		.byte	-42
 681 028d 10       		.byte	16
 682 028e D8       		.byte	-40
 683 028f 10       		.byte	16
 684 0290 DE       		.byte	-34
ARM GAS  C:\Users\jebush2\AppData\Local\Temp\cc58Nphm.s 			page 13


 685 0291 08       		.byte	8
 686 0292 E2       		.byte	-30
 687 0293 04       		.byte	4
 688 0294 E4       		.byte	-28
 689 0295 02       		.byte	2
 690 0296 56       		.byte	86
 691 0297 08       		.byte	8
 692 0298 58       		.byte	88
 693 0299 04       		.byte	4
 694 029a 59       		.byte	89
 695 029b 04       		.byte	4
 696 029c 5B       		.byte	91
 697 029d 04       		.byte	4
 698 029e 5D       		.byte	93
 699 029f 90       		.byte	-112
 700 02a0 5F       		.byte	95
 701 02a1 01       		.byte	1
 702 02a2 A6       		.byte	-90
 703 02a3 01       		.byte	1
 704 02a4 B0       		.byte	-80
 705 02a5 01       		.byte	1
 706 02a6 D4       		.byte	-44
 707 02a7 01       		.byte	1
 708 02a8 D8       		.byte	-40
 709 02a9 04       		.byte	4
 710 02aa D9       		.byte	-39
 711 02ab 04       		.byte	4
 712 02ac DB       		.byte	-37
 713 02ad 0C       		.byte	12
 714 02ae DF       		.byte	-33
 715 02af 01       		.byte	1
 716 02b0 00       		.byte	0
 717 02b1 08       		.byte	8
 718 02b2 01       		.byte	1
 719 02b3 02       		.byte	2
 720 02b4 04       		.byte	4
 721 02b5 80       		.byte	-128
 722 02b6 05       		.byte	5
 723 02b7 0A       		.byte	10
 724 02b8 0B       		.byte	11
 725 02b9 A0       		.byte	-96
 726 02ba 0C       		.byte	12
 727 02bb 02       		.byte	2
 728 02bc 10       		.byte	16
 729 02bd 22       		.byte	34
 730 02be 11       		.byte	17
 731 02bf 80       		.byte	-128
 732 02c0 12       		.byte	18
 733 02c1 06       		.byte	6
 734 02c2 16       		.byte	22
 735 02c3 28       		.byte	40
 736 02c4 19       		.byte	25
 737 02c5 02       		.byte	2
 738 02c6 29       		.byte	41
 739 02c7 0A       		.byte	10
 740 02c8 2A       		.byte	42
 741 02c9 04       		.byte	4
ARM GAS  C:\Users\jebush2\AppData\Local\Temp\cc58Nphm.s 			page 14


 742 02ca 2E       		.byte	46
 743 02cb 80       		.byte	-128
 744 02cc 2F       		.byte	47
 745 02cd 10       		.byte	16
 746 02ce 32       		.byte	50
 747 02cf 02       		.byte	2
 748 02d0 35       		.byte	53
 749 02d1 0A       		.byte	10
 750 02d2 38       		.byte	56
 751 02d3 80       		.byte	-128
 752 02d4 3A       		.byte	58
 753 02d5 A8       		.byte	-88
 754 02d6 3B       		.byte	59
 755 02d7 A0       		.byte	-96
 756 02d8 3C       		.byte	60
 757 02d9 08       		.byte	8
 758 02da 3D       		.byte	61
 759 02db 80       		.byte	-128
 760 02dc 3E       		.byte	62
 761 02dd 08       		.byte	8
 762 02de 5B       		.byte	91
 763 02df 80       		.byte	-128
 764 02e0 5F       		.byte	95
 765 02e1 60       		.byte	96
 766 02e2 79       		.byte	121
 767 02e3 40       		.byte	64
 768 02e4 91       		.byte	-111
 769 02e5 40       		.byte	64
 770 02e6 93       		.byte	-109
 771 02e7 A0       		.byte	-96
 772 02e8 94       		.byte	-108
 773 02e9 80       		.byte	-128
 774 02ea 99       		.byte	-103
 775 02eb 08       		.byte	8
 776 02ec 9B       		.byte	-101
 777 02ed 80       		.byte	-128
 778 02ee 9D       		.byte	-99
 779 02ef 02       		.byte	2
 780 02f0 9E       		.byte	-98
 781 02f1 80       		.byte	-128
 782 02f2 A0       		.byte	-96
 783 02f3 24       		.byte	36
 784 02f4 A2       		.byte	-94
 785 02f5 02       		.byte	2
 786 02f6 A4       		.byte	-92
 787 02f7 02       		.byte	2
 788 02f8 B4       		.byte	-76
 789 02f9 02       		.byte	2
 790 02fa B6       		.byte	-74
 791 02fb 40       		.byte	64
 792 02fc C0       		.byte	-64
 793 02fd BC       		.byte	-68
 794 02fe C2       		.byte	-62
 795 02ff 1C       		.byte	28
 796 0300 C4       		.byte	-60
 797 0301 67       		.byte	103
 798 0302 CA       		.byte	-54
ARM GAS  C:\Users\jebush2\AppData\Local\Temp\cc58Nphm.s 			page 15


 799 0303 53       		.byte	83
 800 0304 CC       		.byte	-52
 801 0305 C1       		.byte	-63
 802 0306 CE       		.byte	-50
 803 0307 5E       		.byte	94
 804 0308 D6       		.byte	-42
 805 0309 38       		.byte	56
 806 030a DE       		.byte	-34
 807 030b 08       		.byte	8
 808 030c EC       		.byte	-20
 809 030d 40       		.byte	64
 810 030e EE       		.byte	-18
 811 030f 04       		.byte	4
 812 0310 B8       		.byte	-72
 813 0311 02       		.byte	2
 814 0312 BE       		.byte	-66
 815 0313 01       		.byte	1
 816 0314 D8       		.byte	-40
 817 0315 04       		.byte	4
 818 0316 DF       		.byte	-33
 819 0317 01       		.byte	1
 820 0318 1A       		.byte	26
 821 0319 80       		.byte	-128
 822 031a EA       		.byte	-22
 823 031b 10       		.byte	16
 824 031c EE       		.byte	-18
 825 031d 04       		.byte	4
 826 031e E2       		.byte	-30
 827 031f 04       		.byte	4
 828 0320 E4       		.byte	-28
 829 0321 02       		.byte	2
 830 0322 E2       		.byte	-30
 831 0323 03       		.byte	3
 832 0324 87       		.byte	-121
 833 0325 20       		.byte	32
 834 0326 9F       		.byte	-97
 835 0327 20       		.byte	32
 836 0328 B3       		.byte	-77
 837 0329 40       		.byte	64
 838 032a E2       		.byte	-30
 839 032b 01       		.byte	1
 840 032c E4       		.byte	-28
 841 032d 01       		.byte	1
 842 032e E8       		.byte	-24
 843 032f 30       		.byte	48
 844 0330 EA       		.byte	-22
 845 0331 01       		.byte	1
 846 0332 97       		.byte	-105
 847 0333 40       		.byte	64
 848 0334 9F       		.byte	-97
 849 0335 20       		.byte	32
 850 0336 E6       		.byte	-26
 851 0337 02       		.byte	2
 852 0338 EE       		.byte	-18
 853 0339 03       		.byte	3
 854 033a AA       		.byte	-86
 855 033b 40       		.byte	64
ARM GAS  C:\Users\jebush2\AppData\Local\Temp\cc58Nphm.s 			page 16


 856 033c E6       		.byte	-26
 857 033d 02       		.byte	2
 858 033e EE       		.byte	-18
 859 033f 02       		.byte	2
 860 0340 E2       		.byte	-30
 861 0341 01       		.byte	1
 862 0342 E4       		.byte	-28
 863 0343 01       		.byte	1
 864 0344 E8       		.byte	-24
 865 0345 30       		.byte	48
 866 0346 EA       		.byte	-22
 867 0347 01       		.byte	1
 868 0348 11       		.byte	17
 869 0349 08       		.byte	8
 870 034a 16       		.byte	22
 871 034b 20       		.byte	32
 872 034c 32       		.byte	50
 873 034d 02       		.byte	2
 874 034e 33       		.byte	51
 875 034f 80       		.byte	-128
 876 0350 36       		.byte	54
 877 0351 40       		.byte	64
 878 0352 37       		.byte	55
 879 0353 04       		.byte	4
 880 0354 3A       		.byte	58
 881 0355 40       		.byte	64
 882 0356 3B       		.byte	59
 883 0357 02       		.byte	2
 884 0358 3E       		.byte	62
 885 0359 20       		.byte	32
 886 035a C4       		.byte	-60
 887 035b 30       		.byte	48
 888 035c CC       		.byte	-52
 889 035d F0       		.byte	-16
 890 035e CE       		.byte	-50
 891 035f 70       		.byte	112
 892 0360 53       		.byte	83
 893 0361 10       		.byte	16
 894 0362 57       		.byte	87
 895 0363 10       		.byte	16
 896 0364 5E       		.byte	94
 897 0365 04       		.byte	4
 898 0366 83       		.byte	-125
 899 0367 04       		.byte	4
 900 0368 86       		.byte	-122
 901 0369 02       		.byte	2
 902 036a 8A       		.byte	-118
 903 036b 04       		.byte	4
 904 036c 97       		.byte	-105
 905 036d 02       		.byte	2
 906 036e 9E       		.byte	-98
 907 036f 40       		.byte	64
 908 0370 9F       		.byte	-97
 909 0371 04       		.byte	4
 910 0372 A1       		.byte	-95
 911 0373 04       		.byte	4
 912 0374 A6       		.byte	-90
ARM GAS  C:\Users\jebush2\AppData\Local\Temp\cc58Nphm.s 			page 17


 913 0375 42       		.byte	66
 914 0376 B3       		.byte	-77
 915 0377 80       		.byte	-128
 916 0378 D4       		.byte	-44
 917 0379 60       		.byte	96
 918 037a D6       		.byte	-42
 919 037b 80       		.byte	-128
 920 037c E2       		.byte	-30
 921 037d C0       		.byte	-64
 922 037e 3E       		.byte	62
 923 037f 10       		.byte	16
 924 0380 97       		.byte	-105
 925 0381 02       		.byte	2
 926 0382 9E       		.byte	-98
 927 0383 40       		.byte	64
 928 0384 A1       		.byte	-95
 929 0385 04       		.byte	4
 930 0386 A6       		.byte	-90
 931 0387 40       		.byte	64
 932 0388 AB       		.byte	-85
 933 0389 10       		.byte	16
 934 038a AF       		.byte	-81
 935 038b 10       		.byte	16
 936 038c CE       		.byte	-50
 937 038d 20       		.byte	32
 938 038e EE       		.byte	-18
 939 038f C0       		.byte	-64
 940 0390 63       		.byte	99
 941 0391 20       		.byte	32
 942 0392 96       		.byte	-106
 943 0393 10       		.byte	16
 944 0394 9E       		.byte	-98
 945 0395 40       		.byte	64
 946 0396 A6       		.byte	-90
 947 0397 40       		.byte	64
 948 0398 AB       		.byte	-85
 949 0399 01       		.byte	1
 950 039a B5       		.byte	-75
 951 039b 04       		.byte	4
 952 039c D8       		.byte	-40
 953 039d 40       		.byte	64
 954 039e EE       		.byte	-18
 955 039f 20       		.byte	32
 956 03a0 81       		.byte	-127
 957 03a1 10       		.byte	16
 958 03a2 84       		.byte	-124
 959 03a3 08       		.byte	8
 960 03a4 18       		.byte	24
 961 03a5 10       		.byte	16
 962 03a6 1B       		.byte	27
 963 03a7 04       		.byte	4
 964 03a8 27       		.byte	39
 965 03a9 10       		.byte	16
 966 03aa 83       		.byte	-125
 967 03ab 10       		.byte	16
 968 03ac 87       		.byte	-121
 969 03ad 08       		.byte	8
ARM GAS  C:\Users\jebush2\AppData\Local\Temp\cc58Nphm.s 			page 18


 970 03ae A4       		.byte	-92
 971 03af 08       		.byte	8
 972 03b0 A5       		.byte	-91
 973 03b1 10       		.byte	16
 974 03b2 C6       		.byte	-58
 975 03b3 08       		.byte	8
 976 03b4 C8       		.byte	-56
 977 03b5 01       		.byte	1
 978 03b6 09       		.byte	9
 979 03b7 10       		.byte	16
 980 03b8 0B       		.byte	11
 981 03b9 40       		.byte	64
 982 03ba 0C       		.byte	12
 983 03bb 08       		.byte	8
 984 03bc 43       		.byte	67
 985 03bd 08       		.byte	8
 986 03be 44       		.byte	68
 987 03bf 02       		.byte	2
 988 03c0 A3       		.byte	-93
 989 03c1 08       		.byte	8
 990 03c2 A4       		.byte	-92
 991 03c3 08       		.byte	8
 992 03c4 A5       		.byte	-91
 993 03c5 10       		.byte	16
 994 03c6 AB       		.byte	-85
 995 03c7 04       		.byte	4
 996 03c8 B4       		.byte	-76
 997 03c9 10       		.byte	16
 998 03ca C2       		.byte	-62
 999 03cb 0E       		.byte	14
 1000 03cc D0       		.byte	-48
 1001 03cd 06       		.byte	6
 1002 03ce EA       		.byte	-22
 1003 03cf 08       		.byte	8
 1004 03d0 24       		.byte	36
 1005 03d1 08       		.byte	8
 1006 03d2 84       		.byte	-124
 1007 03d3 04       		.byte	4
 1008 03d4 96       		.byte	-106
 1009 03d5 10       		.byte	16
 1010 03d6 9E       		.byte	-98
 1011 03d7 40       		.byte	64
 1012 03d8 AB       		.byte	-85
 1013 03d9 10       		.byte	16
 1014 03da AE       		.byte	-82
 1015 03db 40       		.byte	64
 1016 03dc C8       		.byte	-56
 1017 03dd 20       		.byte	32
 1018 03de E6       		.byte	-26
 1019 03df 40       		.byte	64
 1020 03e0 EE       		.byte	-18
 1021 03e1 C0       		.byte	-64
 1022 03e2 06       		.byte	6
 1023 03e3 40       		.byte	64
 1024 03e4 12       		.byte	18
 1025 03e5 20       		.byte	32
 1026 03e6 13       		.byte	19
ARM GAS  C:\Users\jebush2\AppData\Local\Temp\cc58Nphm.s 			page 19


 1027 03e7 04       		.byte	4
 1028 03e8 14       		.byte	20
 1029 03e9 80       		.byte	-128
 1030 03ea 71       		.byte	113
 1031 03eb 08       		.byte	8
 1032 03ec 74       		.byte	116
 1033 03ed 04       		.byte	4
 1034 03ee 81       		.byte	-127
 1035 03ef 08       		.byte	8
 1036 03f0 82       		.byte	-126
 1037 03f1 20       		.byte	32
 1038 03f2 87       		.byte	-121
 1039 03f3 04       		.byte	4
 1040 03f4 9C       		.byte	-100
 1041 03f5 80       		.byte	-128
 1042 03f6 9E       		.byte	-98
 1043 03f7 40       		.byte	64
 1044 03f8 A0       		.byte	-96
 1045 03f9 04       		.byte	4
 1046 03fa AA       		.byte	-86
 1047 03fb 10       		.byte	16
 1048 03fc B0       		.byte	-80
 1049 03fd 80       		.byte	-128
 1050 03fe B4       		.byte	-76
 1051 03ff 04       		.byte	4
 1052 0400 C0       		.byte	-64
 1053 0401 20       		.byte	32
 1054 0402 C4       		.byte	-60
 1055 0403 30       		.byte	48
 1056 0404 DC       		.byte	-36
 1057 0405 80       		.byte	-128
 1058 0406 DE       		.byte	-34
 1059 0407 20       		.byte	32
 1060 0408 E0       		.byte	-32
 1061 0409 40       		.byte	64
 1062 040a E2       		.byte	-30
 1063 040b 80       		.byte	-128
 1064 040c E4       		.byte	-28
 1065 040d 80       		.byte	-128
 1066 040e EA       		.byte	-22
 1067 040f 80       		.byte	-128
 1068 0410 13       		.byte	19
 1069 0411 21       		.byte	33
 1070 0412 15       		.byte	21
 1071 0413 04       		.byte	4
 1072 0414 7B       		.byte	123
 1073 0415 10       		.byte	16
 1074 0416 7F       		.byte	127
 1075 0417 08       		.byte	8
 1076 0418 85       		.byte	-123
 1077 0419 04       		.byte	4
 1078 041a 9C       		.byte	-100
 1079 041b 02       		.byte	2
 1080 041c AF       		.byte	-81
 1081 041d 40       		.byte	64
 1082 041e C4       		.byte	-60
 1083 041f 0E       		.byte	14
ARM GAS  C:\Users\jebush2\AppData\Local\Temp\cc58Nphm.s 			page 20


 1084 0420 DE       		.byte	-34
 1085 0421 03       		.byte	3
 1086 0422 83       		.byte	-125
 1087 0423 11       		.byte	17
 1088 0424 93       		.byte	-109
 1089 0425 01       		.byte	1
 1090 0426 A7       		.byte	-89
 1091 0427 10       		.byte	16
 1092 0428 AB       		.byte	-85
 1093 0429 20       		.byte	32
 1094 042a B3       		.byte	-77
 1095 042b 08       		.byte	8
 1096 042c B4       		.byte	-76
 1097 042d 02       		.byte	2
 1098 042e E8       		.byte	-24
 1099 042f 0C       		.byte	12
 1100 0430 00       		.byte	0
 1101 0431 01       		.byte	1
 1102 0432 01       		.byte	1
 1103 0433 01       		.byte	1
 1104 0434 08       		.byte	8
 1105 0435 01       		.byte	1
 1106 0436 0A       		.byte	10
 1107 0437 01       		.byte	1
 1108 0438 0B       		.byte	11
 1109 0439 01       		.byte	1
 1110 043a 00       		.byte	0
 1111 043b AB       		.byte	-85
 1112 043c 01       		.byte	1
 1113 043d 03       		.byte	3
 1114 043e 03       		.byte	3
 1115 043f C0       		.byte	-64
 1116 0440 10       		.byte	16
 1117 0441 0A       		.byte	10
 1118 0442 00       		.byte	0
 1119 0443 00       		.byte	0
 1120 0444 00       		.byte	0
 1121 0445 00       		.byte	0
 1122 0446 00       		.byte	0
 1123 0447 00       		.byte	0
 1124 0448 00       		.byte	0
 1125 0449 3F       		.byte	63
 1126 044a 3F       		.byte	63
 1127 044b 00       		.byte	0
 1128 044c 03       		.byte	3
 1129 044d 00       		.byte	0
 1130 044e 00       		.byte	0
 1131 044f 00       		.byte	0
 1132 0450 03       		.byte	3
 1133 0451 00       		.byte	0
 1134 0452 03       		.byte	3
 1135 0453 00       		.byte	0
 1136 0454 00       		.byte	0
 1137 0455 00       		.byte	0
 1138 0456 00       		.byte	0
 1139 0457 00       		.byte	0
 1140 0458 40       		.byte	64
ARM GAS  C:\Users\jebush2\AppData\Local\Temp\cc58Nphm.s 			page 21


 1141 0459 00       		.byte	0
 1142 045a 00       		.byte	0
 1143 045b 00       		.byte	0
 1144 045c 00       		.byte	0
 1145 045d 00       		.byte	0
 1146 045e 00       		.byte	0
 1147 045f 00       		.byte	0
 1148 0460 C0       		.byte	-64
 1149 0461 00       		.byte	0
 1150 0462 00       		.byte	0
 1151 0463 00       		.byte	0
 1152 0464 00       		.byte	0
 1153 0465 0B       		.byte	11
 1154 0466 0B       		.byte	11
 1155 0467 00       		.byte	0
 1156 0468 00       		.byte	0
 1157 0469 00       		.byte	0
 1158 046a 00       		.byte	0
 1159 046b 00       		.byte	0
 1160 046c 00       		.byte	0
 1161 046d 02       		.byte	2
 1162 046e 02       		.byte	2
 1163 046f 00       		.byte	0
 1164 0470 00       		.byte	0
 1165 0471 00       		.byte	0
 1166 0472 00       		.byte	0
 1167 0473 00       		.byte	0
 1168 0474 02       		.byte	2
 1169 0475 00       		.byte	0
 1170 0476 00       		.byte	0
 1171 0477 00       		.byte	0
 1172 0478 00       		.byte	0
 1173 0479 00       		.byte	0
 1174 047a 00       		.byte	0
 1175 047b 00       		.byte	0
 1176 047c 00       		.byte	0
 1177 047d 01       		.byte	1
 1178 047e 00       		.byte	0
 1179 047f 00       		.byte	0
 1180              		.section	.cywolatch,"a",%progbits
 1181              		.type	cy_meta_wonvl, %object
 1182              		.size	cy_meta_wonvl, 4
 1183              	cy_meta_wonvl:
 1184 0000 BC       		.byte	-68
 1185 0001 90       		.byte	-112
 1186 0002 AC       		.byte	-84
 1187 0003 AF       		.byte	-81
 1188              		.section	.cycustnvl,"a",%progbits
 1189              		.type	cy_meta_custnvl, %object
 1190              		.size	cy_meta_custnvl, 4
 1191              	cy_meta_custnvl:
 1192 0000 00       		.byte	0
 1193 0001 00       		.byte	0
 1194 0002 40       		.byte	64
 1195 0003 05       		.byte	5
 1196              		.section	.cymeta,"a",%progbits
 1197              		.type	cy_metadata, %object
ARM GAS  C:\Users\jebush2\AppData\Local\Temp\cc58Nphm.s 			page 22


 1198              		.size	cy_metadata, 12
 1199              	cy_metadata:
 1200 0000 00       		.byte	0
 1201 0001 01       		.byte	1
 1202 0002 2E       		.byte	46
 1203 0003 16       		.byte	22
 1204 0004 10       		.byte	16
 1205 0005 69       		.byte	105
 1206 0006 00       		.byte	0
 1207 0007 01       		.byte	1
 1208 0008 00       		.byte	0
 1209 0009 00       		.byte	0
 1210 000a 00       		.byte	0
 1211 000b 00       		.byte	0
 1212              		.section	.cyflashprotect,"a",%progbits
 1213              		.type	cy_meta_flashprotect, %object
 1214              		.size	cy_meta_flashprotect, 256
 1215              	cy_meta_flashprotect:
 1216 0000 00000000 		.space	256
 1216      00000000 
 1216      00000000 
 1216      00000000 
 1216      00000000 
 1217              		.text
 1218              	.Letext0:
 1219              		.file 1 "c:\\program files (x86)\\cypress\\psoc creator\\4.2\\psoc creator\\import\\gnu\\arm\\5.4.
 1220              		.file 2 "c:\\program files (x86)\\cypress\\psoc creator\\4.2\\psoc creator\\import\\gnu\\arm\\5.4.
 1221              		.file 3 "Generated_Source\\PSoC5\\cymetadata.c"
 1222              		.section	.debug_info,"",%progbits
 1223              	.Ldebug_info0:
 1224 0000 32010000 		.4byte	0x132
 1225 0004 0400     		.2byte	0x4
 1226 0006 00000000 		.4byte	.Ldebug_abbrev0
 1227 000a 04       		.byte	0x4
 1228 000b 01       		.uleb128 0x1
 1229 000c 8F000000 		.4byte	.LASF17
 1230 0010 0C       		.byte	0xc
 1231 0011 C0010000 		.4byte	.LASF18
 1232 0015 25010000 		.4byte	.LASF19
 1233 0019 00000000 		.4byte	.Ldebug_line0
 1234 001d 02       		.uleb128 0x2
 1235 001e 01       		.byte	0x1
 1236 001f 06       		.byte	0x6
 1237 0020 B4010000 		.4byte	.LASF0
 1238 0024 03       		.uleb128 0x3
 1239 0025 00000000 		.4byte	.LASF9
 1240 0029 01       		.byte	0x1
 1241 002a 1D       		.byte	0x1d
 1242 002b 2F000000 		.4byte	0x2f
 1243 002f 02       		.uleb128 0x2
 1244 0030 01       		.byte	0x1
 1245 0031 08       		.byte	0x8
 1246 0032 2D000000 		.4byte	.LASF1
 1247 0036 02       		.uleb128 0x2
 1248 0037 02       		.byte	0x2
 1249 0038 05       		.byte	0x5
 1250 0039 A1010000 		.4byte	.LASF2
ARM GAS  C:\Users\jebush2\AppData\Local\Temp\cc58Nphm.s 			page 23


 1251 003d 02       		.uleb128 0x2
 1252 003e 02       		.byte	0x2
 1253 003f 07       		.byte	0x7
 1254 0040 4D000000 		.4byte	.LASF3
 1255 0044 02       		.uleb128 0x2
 1256 0045 04       		.byte	0x4
 1257 0046 05       		.byte	0x5
 1258 0047 AB010000 		.4byte	.LASF4
 1259 004b 02       		.uleb128 0x2
 1260 004c 04       		.byte	0x4
 1261 004d 07       		.byte	0x7
 1262 004e 3B000000 		.4byte	.LASF5
 1263 0052 02       		.uleb128 0x2
 1264 0053 08       		.byte	0x8
 1265 0054 05       		.byte	0x5
 1266 0055 93010000 		.4byte	.LASF6
 1267 0059 02       		.uleb128 0x2
 1268 005a 08       		.byte	0x8
 1269 005b 07       		.byte	0x7
 1270 005c 16000000 		.4byte	.LASF7
 1271 0060 04       		.uleb128 0x4
 1272 0061 04       		.byte	0x4
 1273 0062 05       		.byte	0x5
 1274 0063 696E7400 		.ascii	"int\000"
 1275 0067 02       		.uleb128 0x2
 1276 0068 04       		.byte	0x4
 1277 0069 07       		.byte	0x7
 1278 006a 82000000 		.4byte	.LASF8
 1279 006e 03       		.uleb128 0x3
 1280 006f 1D010000 		.4byte	.LASF10
 1281 0073 02       		.byte	0x2
 1282 0074 18       		.byte	0x18
 1283 0075 24000000 		.4byte	0x24
 1284 0079 05       		.uleb128 0x5
 1285 007a 91000000 		.4byte	0x91
 1286 007e 8A000000 		.4byte	0x8a
 1287 0082 06       		.uleb128 0x6
 1288 0083 8A000000 		.4byte	0x8a
 1289 0087 7F04     		.2byte	0x47f
 1290 0089 00       		.byte	0
 1291 008a 02       		.uleb128 0x2
 1292 008b 04       		.byte	0x4
 1293 008c 07       		.byte	0x7
 1294 008d 8A010000 		.4byte	.LASF11
 1295 0091 07       		.uleb128 0x7
 1296 0092 6E000000 		.4byte	0x6e
 1297 0096 08       		.uleb128 0x8
 1298 0097 70000000 		.4byte	.LASF12
 1299 009b 03       		.byte	0x3
 1300 009c 1F       		.byte	0x1f
 1301 009d A7000000 		.4byte	0xa7
 1302 00a1 05       		.uleb128 0x5
 1303 00a2 03       		.byte	0x3
 1304 00a3 00000000 		.4byte	cy_meta_configecc
 1305 00a7 07       		.uleb128 0x7
 1306 00a8 79000000 		.4byte	0x79
 1307 00ac 05       		.uleb128 0x5
ARM GAS  C:\Users\jebush2\AppData\Local\Temp\cc58Nphm.s 			page 24


 1308 00ad 91000000 		.4byte	0x91
 1309 00b1 BC000000 		.4byte	0xbc
 1310 00b5 09       		.uleb128 0x9
 1311 00b6 8A000000 		.4byte	0x8a
 1312 00ba 03       		.byte	0x3
 1313 00bb 00       		.byte	0
 1314 00bc 08       		.uleb128 0x8
 1315 00bd 60000000 		.4byte	.LASF13
 1316 00c1 03       		.byte	0x3
 1317 00c2 BC       		.byte	0xbc
 1318 00c3 CD000000 		.4byte	0xcd
 1319 00c7 05       		.uleb128 0x5
 1320 00c8 03       		.byte	0x3
 1321 00c9 00000000 		.4byte	cy_meta_custnvl
 1322 00cd 07       		.uleb128 0x7
 1323 00ce AC000000 		.4byte	0xac
 1324 00d2 08       		.uleb128 0x8
 1325 00d3 7C010000 		.4byte	.LASF14
 1326 00d7 03       		.byte	0x3
 1327 00d8 CA       		.byte	0xca
 1328 00d9 E3000000 		.4byte	0xe3
 1329 00dd 05       		.uleb128 0x5
 1330 00de 03       		.byte	0x3
 1331 00df 00000000 		.4byte	cy_meta_wonvl
 1332 00e3 07       		.uleb128 0x7
 1333 00e4 AC000000 		.4byte	0xac
 1334 00e8 05       		.uleb128 0x5
 1335 00e9 91000000 		.4byte	0x91
 1336 00ed F8000000 		.4byte	0xf8
 1337 00f1 09       		.uleb128 0x9
 1338 00f2 8A000000 		.4byte	0x8a
 1339 00f6 FF       		.byte	0xff
 1340 00f7 00       		.byte	0
 1341 00f8 08       		.uleb128 0x8
 1342 00f9 67010000 		.4byte	.LASF15
 1343 00fd 03       		.byte	0x3
 1344 00fe D8       		.byte	0xd8
 1345 00ff 09010000 		.4byte	0x109
 1346 0103 05       		.uleb128 0x5
 1347 0104 03       		.byte	0x3
 1348 0105 00000000 		.4byte	cy_meta_flashprotect
 1349 0109 07       		.uleb128 0x7
 1350 010a E8000000 		.4byte	0xe8
 1351 010e 05       		.uleb128 0x5
 1352 010f 91000000 		.4byte	0x91
 1353 0113 1E010000 		.4byte	0x11e
 1354 0117 09       		.uleb128 0x9
 1355 0118 8A000000 		.4byte	0x8a
 1356 011c 0B       		.byte	0xb
 1357 011d 00       		.byte	0
 1358 011e 0A       		.uleb128 0xa
 1359 011f 0A000000 		.4byte	.LASF16
 1360 0123 03       		.byte	0x3
 1361 0124 0501     		.2byte	0x105
 1362 0126 30010000 		.4byte	0x130
 1363 012a 05       		.uleb128 0x5
 1364 012b 03       		.byte	0x3
ARM GAS  C:\Users\jebush2\AppData\Local\Temp\cc58Nphm.s 			page 25


 1365 012c 00000000 		.4byte	cy_metadata
 1366 0130 07       		.uleb128 0x7
 1367 0131 0E010000 		.4byte	0x10e
 1368 0135 00       		.byte	0
 1369              		.section	.debug_abbrev,"",%progbits
 1370              	.Ldebug_abbrev0:
 1371 0000 01       		.uleb128 0x1
 1372 0001 11       		.uleb128 0x11
 1373 0002 01       		.byte	0x1
 1374 0003 25       		.uleb128 0x25
 1375 0004 0E       		.uleb128 0xe
 1376 0005 13       		.uleb128 0x13
 1377 0006 0B       		.uleb128 0xb
 1378 0007 03       		.uleb128 0x3
 1379 0008 0E       		.uleb128 0xe
 1380 0009 1B       		.uleb128 0x1b
 1381 000a 0E       		.uleb128 0xe
 1382 000b 10       		.uleb128 0x10
 1383 000c 17       		.uleb128 0x17
 1384 000d 00       		.byte	0
 1385 000e 00       		.byte	0
 1386 000f 02       		.uleb128 0x2
 1387 0010 24       		.uleb128 0x24
 1388 0011 00       		.byte	0
 1389 0012 0B       		.uleb128 0xb
 1390 0013 0B       		.uleb128 0xb
 1391 0014 3E       		.uleb128 0x3e
 1392 0015 0B       		.uleb128 0xb
 1393 0016 03       		.uleb128 0x3
 1394 0017 0E       		.uleb128 0xe
 1395 0018 00       		.byte	0
 1396 0019 00       		.byte	0
 1397 001a 03       		.uleb128 0x3
 1398 001b 16       		.uleb128 0x16
 1399 001c 00       		.byte	0
 1400 001d 03       		.uleb128 0x3
 1401 001e 0E       		.uleb128 0xe
 1402 001f 3A       		.uleb128 0x3a
 1403 0020 0B       		.uleb128 0xb
 1404 0021 3B       		.uleb128 0x3b
 1405 0022 0B       		.uleb128 0xb
 1406 0023 49       		.uleb128 0x49
 1407 0024 13       		.uleb128 0x13
 1408 0025 00       		.byte	0
 1409 0026 00       		.byte	0
 1410 0027 04       		.uleb128 0x4
 1411 0028 24       		.uleb128 0x24
 1412 0029 00       		.byte	0
 1413 002a 0B       		.uleb128 0xb
 1414 002b 0B       		.uleb128 0xb
 1415 002c 3E       		.uleb128 0x3e
 1416 002d 0B       		.uleb128 0xb
 1417 002e 03       		.uleb128 0x3
 1418 002f 08       		.uleb128 0x8
 1419 0030 00       		.byte	0
 1420 0031 00       		.byte	0
 1421 0032 05       		.uleb128 0x5
ARM GAS  C:\Users\jebush2\AppData\Local\Temp\cc58Nphm.s 			page 26


 1422 0033 01       		.uleb128 0x1
 1423 0034 01       		.byte	0x1
 1424 0035 49       		.uleb128 0x49
 1425 0036 13       		.uleb128 0x13
 1426 0037 01       		.uleb128 0x1
 1427 0038 13       		.uleb128 0x13
 1428 0039 00       		.byte	0
 1429 003a 00       		.byte	0
 1430 003b 06       		.uleb128 0x6
 1431 003c 21       		.uleb128 0x21
 1432 003d 00       		.byte	0
 1433 003e 49       		.uleb128 0x49
 1434 003f 13       		.uleb128 0x13
 1435 0040 2F       		.uleb128 0x2f
 1436 0041 05       		.uleb128 0x5
 1437 0042 00       		.byte	0
 1438 0043 00       		.byte	0
 1439 0044 07       		.uleb128 0x7
 1440 0045 26       		.uleb128 0x26
 1441 0046 00       		.byte	0
 1442 0047 49       		.uleb128 0x49
 1443 0048 13       		.uleb128 0x13
 1444 0049 00       		.byte	0
 1445 004a 00       		.byte	0
 1446 004b 08       		.uleb128 0x8
 1447 004c 34       		.uleb128 0x34
 1448 004d 00       		.byte	0
 1449 004e 03       		.uleb128 0x3
 1450 004f 0E       		.uleb128 0xe
 1451 0050 3A       		.uleb128 0x3a
 1452 0051 0B       		.uleb128 0xb
 1453 0052 3B       		.uleb128 0x3b
 1454 0053 0B       		.uleb128 0xb
 1455 0054 49       		.uleb128 0x49
 1456 0055 13       		.uleb128 0x13
 1457 0056 3F       		.uleb128 0x3f
 1458 0057 19       		.uleb128 0x19
 1459 0058 02       		.uleb128 0x2
 1460 0059 18       		.uleb128 0x18
 1461 005a 00       		.byte	0
 1462 005b 00       		.byte	0
 1463 005c 09       		.uleb128 0x9
 1464 005d 21       		.uleb128 0x21
 1465 005e 00       		.byte	0
 1466 005f 49       		.uleb128 0x49
 1467 0060 13       		.uleb128 0x13
 1468 0061 2F       		.uleb128 0x2f
 1469 0062 0B       		.uleb128 0xb
 1470 0063 00       		.byte	0
 1471 0064 00       		.byte	0
 1472 0065 0A       		.uleb128 0xa
 1473 0066 34       		.uleb128 0x34
 1474 0067 00       		.byte	0
 1475 0068 03       		.uleb128 0x3
 1476 0069 0E       		.uleb128 0xe
 1477 006a 3A       		.uleb128 0x3a
 1478 006b 0B       		.uleb128 0xb
ARM GAS  C:\Users\jebush2\AppData\Local\Temp\cc58Nphm.s 			page 27


 1479 006c 3B       		.uleb128 0x3b
 1480 006d 05       		.uleb128 0x5
 1481 006e 49       		.uleb128 0x49
 1482 006f 13       		.uleb128 0x13
 1483 0070 3F       		.uleb128 0x3f
 1484 0071 19       		.uleb128 0x19
 1485 0072 02       		.uleb128 0x2
 1486 0073 18       		.uleb128 0x18
 1487 0074 00       		.byte	0
 1488 0075 00       		.byte	0
 1489 0076 00       		.byte	0
 1490              		.section	.debug_aranges,"",%progbits
 1491 0000 14000000 		.4byte	0x14
 1492 0004 0200     		.2byte	0x2
 1493 0006 00000000 		.4byte	.Ldebug_info0
 1494 000a 04       		.byte	0x4
 1495 000b 00       		.byte	0
 1496 000c 0000     		.2byte	0
 1497 000e 0000     		.2byte	0
 1498 0010 00000000 		.4byte	0
 1499 0014 00000000 		.4byte	0
 1500              		.section	.debug_line,"",%progbits
 1501              	.Ldebug_line0:
 1502 0000 3D010000 		.section	.debug_str,"MS",%progbits,1
 1502      02003701 
 1502      00000201 
 1502      FB0E0D00 
 1502      01010101 
 1503              	.LASF9:
 1504 0000 5F5F7569 		.ascii	"__uint8_t\000"
 1504      6E74385F 
 1504      7400
 1505              	.LASF16:
 1506 000a 63795F6D 		.ascii	"cy_metadata\000"
 1506      65746164 
 1506      61746100 
 1507              	.LASF7:
 1508 0016 6C6F6E67 		.ascii	"long long unsigned int\000"
 1508      206C6F6E 
 1508      6720756E 
 1508      7369676E 
 1508      65642069 
 1509              	.LASF1:
 1510 002d 756E7369 		.ascii	"unsigned char\000"
 1510      676E6564 
 1510      20636861 
 1510      7200
 1511              	.LASF5:
 1512 003b 6C6F6E67 		.ascii	"long unsigned int\000"
 1512      20756E73 
 1512      69676E65 
 1512      6420696E 
 1512      7400
 1513              	.LASF3:
 1514 004d 73686F72 		.ascii	"short unsigned int\000"
 1514      7420756E 
 1514      7369676E 
ARM GAS  C:\Users\jebush2\AppData\Local\Temp\cc58Nphm.s 			page 28


 1514      65642069 
 1514      6E7400
 1515              	.LASF13:
 1516 0060 63795F6D 		.ascii	"cy_meta_custnvl\000"
 1516      6574615F 
 1516      63757374 
 1516      6E766C00 
 1517              	.LASF12:
 1518 0070 63795F6D 		.ascii	"cy_meta_configecc\000"
 1518      6574615F 
 1518      636F6E66 
 1518      69676563 
 1518      6300
 1519              	.LASF8:
 1520 0082 756E7369 		.ascii	"unsigned int\000"
 1520      676E6564 
 1520      20696E74 
 1520      00
 1521              	.LASF17:
 1522 008f 474E5520 		.ascii	"GNU C11 5.4.1 20160609 (release) [ARM/embedded-5-br"
 1522      43313120 
 1522      352E342E 
 1522      31203230 
 1522      31363036 
 1523 00c2 616E6368 		.ascii	"anch revision 237715] -mcpu=cortex-m3 -mthumb -g -O"
 1523      20726576 
 1523      6973696F 
 1523      6E203233 
 1523      37373135 
 1524 00f5 73202D66 		.ascii	"s -ffunction-sections -ffat-lto-objects\000"
 1524      66756E63 
 1524      74696F6E 
 1524      2D736563 
 1524      74696F6E 
 1525              	.LASF10:
 1526 011d 75696E74 		.ascii	"uint8_t\000"
 1526      385F7400 
 1527              	.LASF19:
 1528 0125 433A5C55 		.ascii	"C:\\Users\\jebush2\\Desktop\\PSoC 3-19-2019\\Smart "
 1528      73657273 
 1528      5C6A6562 
 1528      75736832 
 1528      5C446573 
 1529 0153 42696B65 		.ascii	"Bike PSoC\\IMU.cydsn\000"
 1529      2050536F 
 1529      435C494D 
 1529      552E6379 
 1529      64736E00 
 1530              	.LASF15:
 1531 0167 63795F6D 		.ascii	"cy_meta_flashprotect\000"
 1531      6574615F 
 1531      666C6173 
 1531      6870726F 
 1531      74656374 
 1532              	.LASF14:
 1533 017c 63795F6D 		.ascii	"cy_meta_wonvl\000"
 1533      6574615F 
ARM GAS  C:\Users\jebush2\AppData\Local\Temp\cc58Nphm.s 			page 29


 1533      776F6E76 
 1533      6C00
 1534              	.LASF11:
 1535 018a 73697A65 		.ascii	"sizetype\000"
 1535      74797065 
 1535      00
 1536              	.LASF6:
 1537 0193 6C6F6E67 		.ascii	"long long int\000"
 1537      206C6F6E 
 1537      6720696E 
 1537      7400
 1538              	.LASF2:
 1539 01a1 73686F72 		.ascii	"short int\000"
 1539      7420696E 
 1539      7400
 1540              	.LASF4:
 1541 01ab 6C6F6E67 		.ascii	"long int\000"
 1541      20696E74 
 1541      00
 1542              	.LASF0:
 1543 01b4 7369676E 		.ascii	"signed char\000"
 1543      65642063 
 1543      68617200 
 1544              	.LASF18:
 1545 01c0 47656E65 		.ascii	"Generated_Source\\PSoC5\\cymetadata.c\000"
 1545      72617465 
 1545      645F536F 
 1545      75726365 
 1545      5C50536F 
 1546              		.ident	"GCC: (GNU Tools for ARM Embedded Processors) 5.4.1 20160609 (release) [ARM/embedded-5-bran
