#***************************************************************************

#sjplacer

#Version:            1.1

#Build Date:         Dec  5 2017 15:35:27

#File Generated:     May 22 2018 15:41:10

#Purpose:            

#Copyright (C) 2010-2011 by Softjin Technologies Pvt Ltd. All rights reserved.

#***************************************************************************

Executing : C:\Program Files (x86)\Cypress\PSoC Creator\4.2\PSoC Creator\bin/sjplacer.exe --proj-name Balance --netlist-vh2 Balance_p.vh2 --arch p35_udb4x6 --arch-file C:\Program Files (x86)\Cypress\PSoC Creator\4.2\PSoC Creator\dev\arch/udbdsi_4x6_24.cydata --ip-file C:\Program Files (x86)\Cypress\PSoC Creator\4.2\PSoC Creator\dev\psoc5/psoc5lp/ip_blocks.cydata --rrg-file C:\Program Files (x86)\Cypress\PSoC Creator\4.2\PSoC Creator\dev\psoc5/psoc5lp/route_arch-rrg.cydata --irq-file C:\Program Files (x86)\Cypress\PSoC Creator\4.2\PSoC Creator\dev\psoc5/psoc5lp/irqconn.cydata --drq-file C:\Program Files (x86)\Cypress\PSoC Creator\4.2\PSoC Creator\dev\psoc5/psoc5lp/dmaconn.cydata --dsi-conn-file C:\Program Files (x86)\Cypress\PSoC Creator\4.2\PSoC Creator\dev\psoc5/psoc5lp/dsiconn.cydata --pins-file pins_68-QFN.xml --lib-file Balance_p.lib --sdc-file Balance.sdc --io-pcf Balance.pci --outdir .

		Softjin Techologies Placer, Version 1.1

Build Date : Dec  5 2017	15:33:41

D2004: Option and Settings Summary
=============================================================
Netlist vh2 file          - Balance_p.vh2
Architecture file         - C:\Program Files (x86)\Cypress\PSoC Creator\4.2\PSoC Creator\dev\arch/udbdsi_4x6_24.cydata
Package                   - 
Defparam file             - 
SDC file                  - Balance.sdc
Output directory          - .
Timing library            - Balance_p.lib
IO Placement file         - Balance.pci

D2050: Starting reading inputs for placer
=============================================================
D2065: Reading netlist file : "Balance_p.vh2"
D2065: Reading arch file : "C:\Program Files (x86)\Cypress\PSoC Creator\4.2\PSoC Creator\dev\arch/udbdsi_4x6_24.cydata"
D2051: Reading of inputs for placer completed successfully

D2053: Starting placement of the design
=============================================================

Phase 2
Phase 3

Design Statistics after Packing
    Number of Combinational MCs 	:	43
    Number of Sequential MCs    	:	96
    Number of DPs               	:	15
    Number of Controls          	:	7
    Number of Status            	:	11
    Number of SyncCells         	:	2
    Number of count7cells       	:	3

Device Utilization Summary after Packing
    Macrocells                  :	139/192
    UDBS                        :	24/24
    IOs                         :	17/72


D2088: Phase 3, elapsed time : 0.0 (sec)

Phase 4
D2088: Phase 4, elapsed time : 0.0 (sec)

Phase 5
D2088: Phase 5, elapsed time : 0.0 (sec)

Phase 6

######################################################################
Placement Timing Summary

The timing summary is based on estimated routing delays after
placement. For final timing report, please carry out the timing
analysis after routing.
======================================================================

######################################################################
                     Clock Summary 
======================================================================
Number of clocks: 15
Clock: CMG_UART_IntClock    | Frequency:  47.5 MHz | Target:   0.1 MHz
Clock: Clock_1              | Frequency:  65.9 MHz | Target:   0.8 MHz
Clock: Clock_2              | Frequency:  77.5 MHz | Target:   3.0 MHz
Clock: Clock_3              | Frequency: N/A       | Target:   0.0 MHz
Clock: Clock_3(fixed-function) | Frequency: N/A       | Target:   0.0 MHz
Clock: Clock_3(routed)      | Frequency: N/A       | Target:   0.0 MHz
Clock: Clock_4              | Frequency:  42.7 MHz | Target:  24.0 MHz
Clock: Clock_5              | Frequency: N/A       | Target:   0.0 MHz
Clock: Clock_6              | Frequency:  77.5 MHz | Target:  24.0 MHz
Clock: CyBUS_CLK            | Frequency:  76.2 MHz | Target:  48.0 MHz
Clock: CyILO                | Frequency: N/A       | Target:   0.1 MHz
Clock: CyIMO                | Frequency: N/A       | Target:  24.0 MHz
Clock: CyMASTER_CLK         | Frequency: N/A       | Target:  48.0 MHz
Clock: CyPLL_OUT            | Frequency: N/A       | Target:  48.0 MHz
Clock: UART_IntClock        | Frequency:  54.3 MHz | Target:   0.5 MHz

======================================================================
                     End of Clock Summary
######################################################################

D2088: Phase 6, elapsed time : 0.1 (sec)

Phase 7
######################################################################
                     Clock Summary 
======================================================================
Number of clocks: 15
Clock: CMG_UART_IntClock    | Frequency:   4.1 MHz | Target:   0.1 MHz
Clock: Clock_1              | Frequency:  65.9 MHz | Target:   0.8 MHz
Clock: Clock_2              | Frequency:  77.5 MHz | Target:   3.0 MHz
Clock: Clock_3              | Frequency: N/A       | Target:   0.0 MHz
Clock: Clock_3(fixed-function) | Frequency: N/A       | Target:   0.0 MHz
Clock: Clock_3(routed)      | Frequency: N/A       | Target:   0.0 MHz
Clock: Clock_4              | Frequency:  49.1 MHz | Target:  24.0 MHz
Clock: Clock_5              | Frequency: N/A       | Target:   0.0 MHz
Clock: Clock_6              | Frequency:  77.5 MHz | Target:  24.0 MHz
Clock: CyBUS_CLK            | Frequency:   3.9 MHz | Target:  48.0 MHz
Clock: CyILO                | Frequency: N/A       | Target:   0.1 MHz
Clock: CyIMO                | Frequency: N/A       | Target:  24.0 MHz
Clock: CyMASTER_CLK         | Frequency: N/A       | Target:  48.0 MHz
Clock: CyPLL_OUT            | Frequency: N/A       | Target:  48.0 MHz
Clock: UART_IntClock        | Frequency:   3.9 MHz | Target:   0.5 MHz

======================================================================
                     End of Clock Summary
######################################################################
D2088: Phase 7, elapsed time : 0.5 (sec)

Final Design Statistics
    Number of Combinational MCs 	:	43
    Number of Sequential MCs    	:	96
    Number of DPs               	:	15
    Number of Controls          	:	7
    Number of Status            	:	11
    Number of SyncCells         	:	2
    Number of count7cells       	:	3
    Number of IOs       	:	17

Device Utilization Summary
    Macrocells                  :	139/192
    IOs                         :	17/72



######################################################################
Placement Timing Summary

The timing summary is based on estimated routing delays after
placement. For final timing report, please carry out the timing
analysis after routing.
======================================================================


######################################################################
                     Clock Summary 
======================================================================
Number of clocks: 15
Clock: CMG_UART_IntClock    | Frequency:   4.1 MHz | Target:   0.1 MHz
Clock: Clock_1              | Frequency:  65.9 MHz | Target:   0.8 MHz
Clock: Clock_2              | Frequency:  77.5 MHz | Target:   3.0 MHz
Clock: Clock_3              | Frequency: N/A       | Target:   0.0 MHz
Clock: Clock_3(fixed-function) | Frequency: N/A       | Target:   0.0 MHz
Clock: Clock_3(routed)      | Frequency: N/A       | Target:   0.0 MHz
Clock: Clock_4              | Frequency:  49.1 MHz | Target:  24.0 MHz
Clock: Clock_5              | Frequency: N/A       | Target:   0.0 MHz
Clock: Clock_6              | Frequency:  77.5 MHz | Target:  24.0 MHz
Clock: CyBUS_CLK            | Frequency:   3.9 MHz | Target:  48.0 MHz
Clock: CyILO                | Frequency: N/A       | Target:   0.1 MHz
Clock: CyIMO                | Frequency: N/A       | Target:  24.0 MHz
Clock: CyMASTER_CLK         | Frequency: N/A       | Target:  48.0 MHz
Clock: CyPLL_OUT            | Frequency: N/A       | Target:  48.0 MHz
Clock: UART_IntClock        | Frequency:   3.9 MHz | Target:   0.5 MHz

======================================================================
                     End of Clock Summary
######################################################################

Phase 6

######################################################################
Placement Timing Summary

The timing summary is based on estimated routing delays after
placement. For final timing report, please carry out the timing
analysis after routing.
======================================================================

######################################################################
                     Clock Summary 
======================================================================
Number of clocks: 15
Clock: CMG_UART_IntClock    | Frequency:   4.1 MHz | Target:   0.1 MHz
Clock: Clock_1              | Frequency:  65.9 MHz | Target:   0.8 MHz
Clock: Clock_2              | Frequency:  77.5 MHz | Target:   3.0 MHz
Clock: Clock_3              | Frequency: N/A       | Target:   0.0 MHz
Clock: Clock_3(fixed-function) | Frequency: N/A       | Target:   0.0 MHz
Clock: Clock_3(routed)      | Frequency: N/A       | Target:   0.0 MHz
Clock: Clock_4              | Frequency:  42.3 MHz | Target:  24.0 MHz
Clock: Clock_5              | Frequency: N/A       | Target:   0.0 MHz
Clock: Clock_6              | Frequency:  77.5 MHz | Target:  24.0 MHz
Clock: CyBUS_CLK            | Frequency:   3.6 MHz | Target:  48.0 MHz
Clock: CyILO                | Frequency: N/A       | Target:   0.1 MHz
Clock: CyIMO                | Frequency: N/A       | Target:  24.0 MHz
Clock: CyMASTER_CLK         | Frequency: N/A       | Target:  48.0 MHz
Clock: CyPLL_OUT            | Frequency: N/A       | Target:  48.0 MHz
Clock: UART_IntClock        | Frequency:   3.6 MHz | Target:   0.5 MHz

======================================================================
                     End of Clock Summary
######################################################################

D2088: Phase 6, elapsed time : 0.1 (sec)

Phase 7
######################################################################
                     Clock Summary 
======================================================================
Number of clocks: 15
Clock: CMG_UART_IntClock    | Frequency:   4.1 MHz | Target:   0.1 MHz
Clock: Clock_1              | Frequency:  65.9 MHz | Target:   0.8 MHz
Clock: Clock_2              | Frequency:  77.5 MHz | Target:   3.0 MHz
Clock: Clock_3              | Frequency: N/A       | Target:   0.0 MHz
Clock: Clock_3(fixed-function) | Frequency: N/A       | Target:   0.0 MHz
Clock: Clock_3(routed)      | Frequency: N/A       | Target:   0.0 MHz
Clock: Clock_4              | Frequency:  45.6 MHz | Target:  24.0 MHz
Clock: Clock_5              | Frequency: N/A       | Target:   0.0 MHz
Clock: Clock_6              | Frequency:  75.1 MHz | Target:  24.0 MHz
Clock: CyBUS_CLK            | Frequency:   3.9 MHz | Target:  48.0 MHz
Clock: CyILO                | Frequency: N/A       | Target:   0.1 MHz
Clock: CyIMO                | Frequency: N/A       | Target:  24.0 MHz
Clock: CyMASTER_CLK         | Frequency: N/A       | Target:  48.0 MHz
Clock: CyPLL_OUT            | Frequency: N/A       | Target:  48.0 MHz
Clock: UART_IntClock        | Frequency:   3.9 MHz | Target:   0.5 MHz

======================================================================
                     End of Clock Summary
######################################################################
D2088: Phase 7, elapsed time : 1.5 (sec)

Final Design Statistics
    Number of Combinational MCs 	:	43
    Number of Sequential MCs    	:	96
    Number of DPs               	:	15
    Number of Controls          	:	7
    Number of Status            	:	11
    Number of SyncCells         	:	2
    Number of count7cells       	:	3
    Number of IOs       	:	17

Device Utilization Summary
    Macrocells                  :	139/192
    IOs                         :	17/72



######################################################################
Placement Timing Summary

The timing summary is based on estimated routing delays after
placement. For final timing report, please carry out the timing
analysis after routing.
======================================================================


######################################################################
                     Clock Summary 
======================================================================
Number of clocks: 15
Clock: CMG_UART_IntClock    | Frequency:   4.2 MHz | Target:   0.1 MHz
Clock: Clock_1              | Frequency:  54.3 MHz | Target:   0.8 MHz
Clock: Clock_2              | Frequency:  63.5 MHz | Target:   3.0 MHz
Clock: Clock_3              | Frequency: N/A       | Target:   0.0 MHz
Clock: Clock_3(fixed-function) | Frequency: N/A       | Target:   0.0 MHz
Clock: Clock_3(routed)      | Frequency: N/A       | Target:   0.0 MHz
Clock: Clock_4              | Frequency:  50.5 MHz | Target:  24.0 MHz
Clock: Clock_5              | Frequency: N/A       | Target:   0.0 MHz
Clock: Clock_6              | Frequency:  74.0 MHz | Target:  24.0 MHz
Clock: CyBUS_CLK            | Frequency:   4.2 MHz | Target:  48.0 MHz
Clock: CyILO                | Frequency: N/A       | Target:   0.1 MHz
Clock: CyIMO                | Frequency: N/A       | Target:  24.0 MHz
Clock: CyMASTER_CLK         | Frequency: N/A       | Target:  48.0 MHz
Clock: CyPLL_OUT            | Frequency: N/A       | Target:  48.0 MHz
Clock: UART_IntClock        | Frequency:   4.5 MHz | Target:   0.5 MHz

======================================================================
                     End of Clock Summary
######################################################################

Phase 8
D2088: Phase 8, elapsed time : 0.0 (sec)

D2054: Placement of the design completed successfully

I2076: Total run-time: 3.0 sec.

