ARM GAS  C:\Users\jon\AppData\Local\Temp\cciQacr7.s 			page 1


   1              		.syntax unified
   2              		.cpu cortex-m3
   3              		.fpu softvfp
   4              		.eabi_attribute 20, 1
   5              		.eabi_attribute 21, 1
   6              		.eabi_attribute 23, 3
   7              		.eabi_attribute 24, 1
   8              		.eabi_attribute 25, 1
   9              		.eabi_attribute 26, 1
  10              		.eabi_attribute 30, 4
  11              		.eabi_attribute 34, 1
  12              		.eabi_attribute 18, 4
  13              		.thumb
  14              		.syntax unified
  15              		.file	"QuadDec_1.c"
  16              		.text
  17              	.Ltext0:
  18              		.cfi_sections	.debug_frame
  19              		.section	.text.QuadDec_1_Init,"ax",%progbits
  20              		.align	1
  21              		.global	QuadDec_1_Init
  22              		.thumb
  23              		.thumb_func
  24              		.type	QuadDec_1_Init, %function
  25              	QuadDec_1_Init:
  26              	.LFB0:
  27              		.file 1 "Generated_Source\\PSoC5\\QuadDec_1.c"
   1:Generated_Source\PSoC5/QuadDec_1.c **** /*******************************************************************************
   2:Generated_Source\PSoC5/QuadDec_1.c **** * File Name: QuadDec_1.c  
   3:Generated_Source\PSoC5/QuadDec_1.c **** * Version 3.0
   4:Generated_Source\PSoC5/QuadDec_1.c **** *
   5:Generated_Source\PSoC5/QuadDec_1.c **** * Description:
   6:Generated_Source\PSoC5/QuadDec_1.c **** *  This file provides the source code to the API for the Quadrature Decoder
   7:Generated_Source\PSoC5/QuadDec_1.c **** *  component.
   8:Generated_Source\PSoC5/QuadDec_1.c **** *
   9:Generated_Source\PSoC5/QuadDec_1.c **** * Note:
  10:Generated_Source\PSoC5/QuadDec_1.c **** *  None.
  11:Generated_Source\PSoC5/QuadDec_1.c **** *   
  12:Generated_Source\PSoC5/QuadDec_1.c **** ********************************************************************************
  13:Generated_Source\PSoC5/QuadDec_1.c **** * Copyright 2008-2014, Cypress Semiconductor Corporation.  All rights reserved.
  14:Generated_Source\PSoC5/QuadDec_1.c **** * You may use this file only in accordance with the license, terms, conditions, 
  15:Generated_Source\PSoC5/QuadDec_1.c **** * disclaimers, and limitations in the end user license agreement accompanying 
  16:Generated_Source\PSoC5/QuadDec_1.c **** * the software package with which this file was provided.
  17:Generated_Source\PSoC5/QuadDec_1.c **** *******************************************************************************/
  18:Generated_Source\PSoC5/QuadDec_1.c **** 
  19:Generated_Source\PSoC5/QuadDec_1.c **** #include "QuadDec_1.h"
  20:Generated_Source\PSoC5/QuadDec_1.c **** 
  21:Generated_Source\PSoC5/QuadDec_1.c **** #if (QuadDec_1_COUNTER_SIZE == QuadDec_1_COUNTER_SIZE_32_BIT)
  22:Generated_Source\PSoC5/QuadDec_1.c ****     #include "QuadDec_1_PVT.h"
  23:Generated_Source\PSoC5/QuadDec_1.c **** #endif /* QuadDec_1_COUNTER_SIZE == QuadDec_1_COUNTER_SIZE_32_BIT */
  24:Generated_Source\PSoC5/QuadDec_1.c **** 
  25:Generated_Source\PSoC5/QuadDec_1.c **** uint8 QuadDec_1_initVar = 0u;
  26:Generated_Source\PSoC5/QuadDec_1.c **** 
  27:Generated_Source\PSoC5/QuadDec_1.c **** 
  28:Generated_Source\PSoC5/QuadDec_1.c **** /*******************************************************************************
  29:Generated_Source\PSoC5/QuadDec_1.c **** * Function Name: QuadDec_1_Init
  30:Generated_Source\PSoC5/QuadDec_1.c **** ********************************************************************************
ARM GAS  C:\Users\jon\AppData\Local\Temp\cciQacr7.s 			page 2


  31:Generated_Source\PSoC5/QuadDec_1.c **** *
  32:Generated_Source\PSoC5/QuadDec_1.c **** * Summary:
  33:Generated_Source\PSoC5/QuadDec_1.c **** *  Inits/Restores default QuadDec configuration provided with customizer.
  34:Generated_Source\PSoC5/QuadDec_1.c **** *
  35:Generated_Source\PSoC5/QuadDec_1.c **** * Parameters:
  36:Generated_Source\PSoC5/QuadDec_1.c **** *  None.
  37:Generated_Source\PSoC5/QuadDec_1.c **** *
  38:Generated_Source\PSoC5/QuadDec_1.c **** * Return:
  39:Generated_Source\PSoC5/QuadDec_1.c **** *  None.
  40:Generated_Source\PSoC5/QuadDec_1.c **** *
  41:Generated_Source\PSoC5/QuadDec_1.c **** *******************************************************************************/
  42:Generated_Source\PSoC5/QuadDec_1.c **** void QuadDec_1_Init(void) 
  43:Generated_Source\PSoC5/QuadDec_1.c **** {
  28              		.loc 1 43 0
  29              		.cfi_startproc
  30              		@ args = 0, pretend = 0, frame = 0
  31              		@ frame_needed = 0, uses_anonymous_args = 0
  32 0000 08B5     		push	{r3, lr}
  33              		.cfi_def_cfa_offset 8
  34              		.cfi_offset 3, -8
  35              		.cfi_offset 14, -4
  44:Generated_Source\PSoC5/QuadDec_1.c ****     #if (QuadDec_1_COUNTER_SIZE == QuadDec_1_COUNTER_SIZE_32_BIT)
  45:Generated_Source\PSoC5/QuadDec_1.c ****         /* Disable Interrupt. */
  46:Generated_Source\PSoC5/QuadDec_1.c ****         CyIntDisable(QuadDec_1_ISR_NUMBER);
  36              		.loc 1 46 0
  37 0002 064B     		ldr	r3, .L2
  38 0004 4022     		movs	r2, #64
  39 0006 1A60     		str	r2, [r3]
  47:Generated_Source\PSoC5/QuadDec_1.c ****         /* Set the ISR to point to the QuadDec_1_isr Interrupt. */
  48:Generated_Source\PSoC5/QuadDec_1.c ****         (void) CyIntSetVector(QuadDec_1_ISR_NUMBER, & QuadDec_1_ISR);
  40              		.loc 1 48 0
  41 0008 0549     		ldr	r1, .L2+4
  42 000a 0620     		movs	r0, #6
  43 000c FFF7FEFF 		bl	CyIntSetVector
  44              	.LVL0:
  49:Generated_Source\PSoC5/QuadDec_1.c ****         /* Set the priority. */
  50:Generated_Source\PSoC5/QuadDec_1.c ****         CyIntSetPriority(QuadDec_1_ISR_NUMBER, QuadDec_1_ISR_PRIORITY);
  51:Generated_Source\PSoC5/QuadDec_1.c ****     #endif /* QuadDec_1_COUNTER_SIZE == QuadDec_1_COUNTER_SIZE_32_BIT */
  52:Generated_Source\PSoC5/QuadDec_1.c **** }
  45              		.loc 1 52 0
  46 0010 BDE80840 		pop	{r3, lr}
  47              		.cfi_restore 14
  48              		.cfi_restore 3
  49              		.cfi_def_cfa_offset 0
  50:Generated_Source\PSoC5/QuadDec_1.c ****     #endif /* QuadDec_1_COUNTER_SIZE == QuadDec_1_COUNTER_SIZE_32_BIT */
  50              		.loc 1 50 0
  51 0014 0721     		movs	r1, #7
  52 0016 0620     		movs	r0, #6
  53 0018 FFF7FEBF 		b	CyIntSetPriority
  54              	.LVL1:
  55              	.L3:
  56              		.align	2
  57              	.L2:
  58 001c 80E100E0 		.word	-536813184
  59 0020 00000000 		.word	QuadDec_1_ISR
  60              		.cfi_endproc
  61              	.LFE0:
ARM GAS  C:\Users\jon\AppData\Local\Temp\cciQacr7.s 			page 3


  62              		.size	QuadDec_1_Init, .-QuadDec_1_Init
  63              		.section	.text.QuadDec_1_Stop,"ax",%progbits
  64              		.align	1
  65              		.global	QuadDec_1_Stop
  66              		.thumb
  67              		.thumb_func
  68              		.type	QuadDec_1_Stop, %function
  69              	QuadDec_1_Stop:
  70              	.LFB3:
  53:Generated_Source\PSoC5/QuadDec_1.c **** 
  54:Generated_Source\PSoC5/QuadDec_1.c **** 
  55:Generated_Source\PSoC5/QuadDec_1.c **** /*******************************************************************************
  56:Generated_Source\PSoC5/QuadDec_1.c **** * Function Name: QuadDec_1_Enable
  57:Generated_Source\PSoC5/QuadDec_1.c **** ********************************************************************************
  58:Generated_Source\PSoC5/QuadDec_1.c **** *
  59:Generated_Source\PSoC5/QuadDec_1.c **** * Summary:
  60:Generated_Source\PSoC5/QuadDec_1.c **** *  This function enable interrupts from Component and also enable Component's
  61:Generated_Source\PSoC5/QuadDec_1.c **** *  ISR in case of 32-bit counter.
  62:Generated_Source\PSoC5/QuadDec_1.c **** *
  63:Generated_Source\PSoC5/QuadDec_1.c **** * Parameters:
  64:Generated_Source\PSoC5/QuadDec_1.c **** *  None.
  65:Generated_Source\PSoC5/QuadDec_1.c **** *
  66:Generated_Source\PSoC5/QuadDec_1.c **** * Return:
  67:Generated_Source\PSoC5/QuadDec_1.c **** *  None.
  68:Generated_Source\PSoC5/QuadDec_1.c **** *
  69:Generated_Source\PSoC5/QuadDec_1.c **** *******************************************************************************/
  70:Generated_Source\PSoC5/QuadDec_1.c **** void QuadDec_1_Enable(void) 
  71:Generated_Source\PSoC5/QuadDec_1.c **** {
  72:Generated_Source\PSoC5/QuadDec_1.c ****     uint8 enableInterrupts;
  73:Generated_Source\PSoC5/QuadDec_1.c **** 
  74:Generated_Source\PSoC5/QuadDec_1.c ****     QuadDec_1_SetInterruptMask(QuadDec_1_INIT_INT_MASK);
  75:Generated_Source\PSoC5/QuadDec_1.c **** 
  76:Generated_Source\PSoC5/QuadDec_1.c ****     /* Clear pending interrupts. */
  77:Generated_Source\PSoC5/QuadDec_1.c ****     (void) QuadDec_1_GetEvents();
  78:Generated_Source\PSoC5/QuadDec_1.c ****     
  79:Generated_Source\PSoC5/QuadDec_1.c ****     enableInterrupts = CyEnterCriticalSection();
  80:Generated_Source\PSoC5/QuadDec_1.c **** 
  81:Generated_Source\PSoC5/QuadDec_1.c ****     /* Enable interrupts from Statusi register */
  82:Generated_Source\PSoC5/QuadDec_1.c ****     QuadDec_1_SR_AUX_CONTROL |= QuadDec_1_INTERRUPTS_ENABLE;
  83:Generated_Source\PSoC5/QuadDec_1.c **** 
  84:Generated_Source\PSoC5/QuadDec_1.c ****     CyExitCriticalSection(enableInterrupts);        
  85:Generated_Source\PSoC5/QuadDec_1.c **** 
  86:Generated_Source\PSoC5/QuadDec_1.c ****     #if (QuadDec_1_COUNTER_SIZE == QuadDec_1_COUNTER_SIZE_32_BIT)
  87:Generated_Source\PSoC5/QuadDec_1.c ****         /* Enable Component interrupts */
  88:Generated_Source\PSoC5/QuadDec_1.c ****         CyIntEnable(QuadDec_1_ISR_NUMBER);
  89:Generated_Source\PSoC5/QuadDec_1.c ****     #endif /* QuadDec_1_COUNTER_SIZE == QuadDec_1_COUNTER_SIZE_32_BIT */
  90:Generated_Source\PSoC5/QuadDec_1.c **** }
  91:Generated_Source\PSoC5/QuadDec_1.c **** 
  92:Generated_Source\PSoC5/QuadDec_1.c **** 
  93:Generated_Source\PSoC5/QuadDec_1.c **** /*******************************************************************************
  94:Generated_Source\PSoC5/QuadDec_1.c **** * Function Name: QuadDec_1_Start
  95:Generated_Source\PSoC5/QuadDec_1.c **** ********************************************************************************
  96:Generated_Source\PSoC5/QuadDec_1.c **** *
  97:Generated_Source\PSoC5/QuadDec_1.c **** * Summary:
  98:Generated_Source\PSoC5/QuadDec_1.c **** *  Initializes UDBs and other relevant hardware.
  99:Generated_Source\PSoC5/QuadDec_1.c **** *  Resets counter, enables or disables all relevant interrupts.
 100:Generated_Source\PSoC5/QuadDec_1.c **** *  Starts monitoring the inputs and counting.
ARM GAS  C:\Users\jon\AppData\Local\Temp\cciQacr7.s 			page 4


 101:Generated_Source\PSoC5/QuadDec_1.c **** *
 102:Generated_Source\PSoC5/QuadDec_1.c **** * Parameters:
 103:Generated_Source\PSoC5/QuadDec_1.c **** *  None.
 104:Generated_Source\PSoC5/QuadDec_1.c **** *
 105:Generated_Source\PSoC5/QuadDec_1.c **** * Return:
 106:Generated_Source\PSoC5/QuadDec_1.c **** *  None.
 107:Generated_Source\PSoC5/QuadDec_1.c **** *
 108:Generated_Source\PSoC5/QuadDec_1.c **** * Global variables:
 109:Generated_Source\PSoC5/QuadDec_1.c **** *  QuadDec_1_initVar - used to check initial configuration, modified on
 110:Generated_Source\PSoC5/QuadDec_1.c **** *  first function call.
 111:Generated_Source\PSoC5/QuadDec_1.c **** *
 112:Generated_Source\PSoC5/QuadDec_1.c **** * Reentrant:
 113:Generated_Source\PSoC5/QuadDec_1.c **** *  No.
 114:Generated_Source\PSoC5/QuadDec_1.c **** *
 115:Generated_Source\PSoC5/QuadDec_1.c **** *******************************************************************************/
 116:Generated_Source\PSoC5/QuadDec_1.c **** void QuadDec_1_Start(void) 
 117:Generated_Source\PSoC5/QuadDec_1.c **** {
 118:Generated_Source\PSoC5/QuadDec_1.c ****     #if (QuadDec_1_COUNTER_SIZE == QuadDec_1_COUNTER_SIZE_8_BIT)
 119:Generated_Source\PSoC5/QuadDec_1.c ****         QuadDec_1_Cnt8_Start();
 120:Generated_Source\PSoC5/QuadDec_1.c ****         QuadDec_1_Cnt8_WriteCounter(QuadDec_1_COUNTER_INIT_VALUE);
 121:Generated_Source\PSoC5/QuadDec_1.c ****     #else
 122:Generated_Source\PSoC5/QuadDec_1.c ****         /* (QuadDec_1_COUNTER_SIZE == QuadDec_1_COUNTER_SIZE_16_BIT) || 
 123:Generated_Source\PSoC5/QuadDec_1.c ****         *  (QuadDec_1_COUNTER_SIZE == QuadDec_1_COUNTER_SIZE_32_BIT) 
 124:Generated_Source\PSoC5/QuadDec_1.c ****         */
 125:Generated_Source\PSoC5/QuadDec_1.c ****         QuadDec_1_Cnt16_Start();
 126:Generated_Source\PSoC5/QuadDec_1.c ****         QuadDec_1_Cnt16_WriteCounter(QuadDec_1_COUNTER_INIT_VALUE);
 127:Generated_Source\PSoC5/QuadDec_1.c ****     #endif /* QuadDec_1_COUNTER_SIZE == QuadDec_1_COUNTER_SIZE_8_BIT */
 128:Generated_Source\PSoC5/QuadDec_1.c ****     
 129:Generated_Source\PSoC5/QuadDec_1.c ****     #if (QuadDec_1_COUNTER_SIZE == QuadDec_1_COUNTER_SIZE_32_BIT)        
 130:Generated_Source\PSoC5/QuadDec_1.c ****        QuadDec_1_count32SoftPart = 0;
 131:Generated_Source\PSoC5/QuadDec_1.c ****     #endif /* QuadDec_1_COUNTER_SIZE == QuadDec_1_COUNTER_SIZE_32_BIT */
 132:Generated_Source\PSoC5/QuadDec_1.c **** 
 133:Generated_Source\PSoC5/QuadDec_1.c ****     if (QuadDec_1_initVar == 0u)
 134:Generated_Source\PSoC5/QuadDec_1.c ****     {
 135:Generated_Source\PSoC5/QuadDec_1.c ****         QuadDec_1_Init();
 136:Generated_Source\PSoC5/QuadDec_1.c ****         QuadDec_1_initVar = 1u;
 137:Generated_Source\PSoC5/QuadDec_1.c ****     }
 138:Generated_Source\PSoC5/QuadDec_1.c **** 
 139:Generated_Source\PSoC5/QuadDec_1.c ****     QuadDec_1_Enable();
 140:Generated_Source\PSoC5/QuadDec_1.c **** }
 141:Generated_Source\PSoC5/QuadDec_1.c **** 
 142:Generated_Source\PSoC5/QuadDec_1.c **** 
 143:Generated_Source\PSoC5/QuadDec_1.c **** /*******************************************************************************
 144:Generated_Source\PSoC5/QuadDec_1.c **** * Function Name: QuadDec_1_Stop
 145:Generated_Source\PSoC5/QuadDec_1.c **** ********************************************************************************
 146:Generated_Source\PSoC5/QuadDec_1.c **** *
 147:Generated_Source\PSoC5/QuadDec_1.c **** * Summary:
 148:Generated_Source\PSoC5/QuadDec_1.c **** *  Turns off UDBs and other relevant hardware.
 149:Generated_Source\PSoC5/QuadDec_1.c **** *
 150:Generated_Source\PSoC5/QuadDec_1.c **** * Parameters:
 151:Generated_Source\PSoC5/QuadDec_1.c **** *  None.
 152:Generated_Source\PSoC5/QuadDec_1.c **** *
 153:Generated_Source\PSoC5/QuadDec_1.c **** * Return:
 154:Generated_Source\PSoC5/QuadDec_1.c **** *  None.
 155:Generated_Source\PSoC5/QuadDec_1.c **** *
 156:Generated_Source\PSoC5/QuadDec_1.c **** *******************************************************************************/
 157:Generated_Source\PSoC5/QuadDec_1.c **** void QuadDec_1_Stop(void) 
ARM GAS  C:\Users\jon\AppData\Local\Temp\cciQacr7.s 			page 5


 158:Generated_Source\PSoC5/QuadDec_1.c **** {
  71              		.loc 1 158 0
  72              		.cfi_startproc
  73              		@ args = 0, pretend = 0, frame = 0
  74              		@ frame_needed = 0, uses_anonymous_args = 0
  75 0000 08B5     		push	{r3, lr}
  76              		.cfi_def_cfa_offset 8
  77              		.cfi_offset 3, -8
  78              		.cfi_offset 14, -4
 159:Generated_Source\PSoC5/QuadDec_1.c ****     uint8 enableInterrupts;
 160:Generated_Source\PSoC5/QuadDec_1.c **** 
 161:Generated_Source\PSoC5/QuadDec_1.c ****     #if (QuadDec_1_COUNTER_SIZE == QuadDec_1_COUNTER_SIZE_8_BIT)
 162:Generated_Source\PSoC5/QuadDec_1.c ****         QuadDec_1_Cnt8_Stop();
 163:Generated_Source\PSoC5/QuadDec_1.c ****     #else 
 164:Generated_Source\PSoC5/QuadDec_1.c ****         /* (QuadDec_1_COUNTER_SIZE == QuadDec_1_COUNTER_SIZE_16_BIT) ||
 165:Generated_Source\PSoC5/QuadDec_1.c ****         *  (QuadDec_1_COUNTER_SIZE == QuadDec_1_COUNTER_SIZE_32_BIT)
 166:Generated_Source\PSoC5/QuadDec_1.c ****         */
 167:Generated_Source\PSoC5/QuadDec_1.c ****         QuadDec_1_Cnt16_Stop();    /* counter disable */
  79              		.loc 1 167 0
  80 0002 FFF7FEFF 		bl	QuadDec_1_Cnt16_Stop
  81              	.LVL2:
 168:Generated_Source\PSoC5/QuadDec_1.c ****     #endif /* (QuadDec_1_COUNTER_SIZE == QuadDec_1_COUNTER_SIZE_8_BIT) */
 169:Generated_Source\PSoC5/QuadDec_1.c ****  
 170:Generated_Source\PSoC5/QuadDec_1.c ****     enableInterrupts = CyEnterCriticalSection();
  82              		.loc 1 170 0
  83 0006 FFF7FEFF 		bl	CyEnterCriticalSection
  84              	.LVL3:
 171:Generated_Source\PSoC5/QuadDec_1.c **** 
 172:Generated_Source\PSoC5/QuadDec_1.c ****     /* Disable interrupts interrupts from Statusi register */
 173:Generated_Source\PSoC5/QuadDec_1.c ****     QuadDec_1_SR_AUX_CONTROL &= (uint8) (~QuadDec_1_INTERRUPTS_ENABLE);
  85              		.loc 1 173 0
  86 000a 054A     		ldr	r2, .L5
  87 000c 1378     		ldrb	r3, [r2]	@ zero_extendqisi2
  88 000e 03F0EF03 		and	r3, r3, #239
  89 0012 1370     		strb	r3, [r2]
 174:Generated_Source\PSoC5/QuadDec_1.c **** 
 175:Generated_Source\PSoC5/QuadDec_1.c ****     CyExitCriticalSection(enableInterrupts);
  90              		.loc 1 175 0
  91 0014 FFF7FEFF 		bl	CyExitCriticalSection
  92              	.LVL4:
 176:Generated_Source\PSoC5/QuadDec_1.c **** 
 177:Generated_Source\PSoC5/QuadDec_1.c ****     #if (QuadDec_1_COUNTER_SIZE == QuadDec_1_COUNTER_SIZE_32_BIT)
 178:Generated_Source\PSoC5/QuadDec_1.c ****         CyIntDisable(QuadDec_1_ISR_NUMBER);    /* interrupt disable */
  93              		.loc 1 178 0
  94 0018 024B     		ldr	r3, .L5+4
  95 001a 4022     		movs	r2, #64
  96 001c 1A60     		str	r2, [r3]
  97 001e 08BD     		pop	{r3, pc}
  98              	.L6:
  99              		.align	2
 100              	.L5:
 101 0020 93640040 		.word	1073767571
 102 0024 80E100E0 		.word	-536813184
 103              		.cfi_endproc
 104              	.LFE3:
 105              		.size	QuadDec_1_Stop, .-QuadDec_1_Stop
 106              		.section	.text.QuadDec_1_GetCounter,"ax",%progbits
ARM GAS  C:\Users\jon\AppData\Local\Temp\cciQacr7.s 			page 6


 107              		.align	1
 108              		.global	QuadDec_1_GetCounter
 109              		.thumb
 110              		.thumb_func
 111              		.type	QuadDec_1_GetCounter, %function
 112              	QuadDec_1_GetCounter:
 113              	.LFB4:
 179:Generated_Source\PSoC5/QuadDec_1.c ****     #endif /* QuadDec_1_COUNTER_SIZE == QuadDec_1_COUNTER_SIZE_32_BIT */
 180:Generated_Source\PSoC5/QuadDec_1.c **** }
 181:Generated_Source\PSoC5/QuadDec_1.c **** 
 182:Generated_Source\PSoC5/QuadDec_1.c **** 
 183:Generated_Source\PSoC5/QuadDec_1.c **** /*******************************************************************************
 184:Generated_Source\PSoC5/QuadDec_1.c **** * Function Name: QuadDec_1_GetCounter
 185:Generated_Source\PSoC5/QuadDec_1.c **** ********************************************************************************
 186:Generated_Source\PSoC5/QuadDec_1.c **** *
 187:Generated_Source\PSoC5/QuadDec_1.c **** * Summary:
 188:Generated_Source\PSoC5/QuadDec_1.c **** *  Reports the current value of the counter.
 189:Generated_Source\PSoC5/QuadDec_1.c **** *
 190:Generated_Source\PSoC5/QuadDec_1.c **** * Parameters:
 191:Generated_Source\PSoC5/QuadDec_1.c **** *  None.
 192:Generated_Source\PSoC5/QuadDec_1.c **** *
 193:Generated_Source\PSoC5/QuadDec_1.c **** * Return:
 194:Generated_Source\PSoC5/QuadDec_1.c **** *  The counter value. Return type is signed and per the counter size setting.
 195:Generated_Source\PSoC5/QuadDec_1.c **** *  A positive value indicates clockwise movement (B before A).
 196:Generated_Source\PSoC5/QuadDec_1.c **** *
 197:Generated_Source\PSoC5/QuadDec_1.c **** * Global variables:
 198:Generated_Source\PSoC5/QuadDec_1.c **** *  QuadDec_1_count32SoftPart - used to get hi 16 bit for current value
 199:Generated_Source\PSoC5/QuadDec_1.c **** *  of the 32-bit counter, when Counter size equal 32-bit.
 200:Generated_Source\PSoC5/QuadDec_1.c **** *
 201:Generated_Source\PSoC5/QuadDec_1.c **** *******************************************************************************/
 202:Generated_Source\PSoC5/QuadDec_1.c **** int32 QuadDec_1_GetCounter(void) 
 203:Generated_Source\PSoC5/QuadDec_1.c **** {
 114              		.loc 1 203 0
 115              		.cfi_startproc
 116              		@ args = 0, pretend = 0, frame = 0
 117              		@ frame_needed = 0, uses_anonymous_args = 0
 204:Generated_Source\PSoC5/QuadDec_1.c ****     int32 count;
 205:Generated_Source\PSoC5/QuadDec_1.c ****     uint16 tmpCnt;
 206:Generated_Source\PSoC5/QuadDec_1.c **** 
 207:Generated_Source\PSoC5/QuadDec_1.c ****     #if (QuadDec_1_COUNTER_SIZE == QuadDec_1_COUNTER_SIZE_32_BIT)
 208:Generated_Source\PSoC5/QuadDec_1.c ****         int16 hwCount;
 209:Generated_Source\PSoC5/QuadDec_1.c **** 
 210:Generated_Source\PSoC5/QuadDec_1.c ****         CyIntDisable(QuadDec_1_ISR_NUMBER);
 118              		.loc 1 210 0
 119 0000 074B     		ldr	r3, .L8
 203:Generated_Source\PSoC5/QuadDec_1.c ****     int32 count;
 120              		.loc 1 203 0
 121 0002 10B5     		push	{r4, lr}
 122              		.cfi_def_cfa_offset 8
 123              		.cfi_offset 4, -8
 124              		.cfi_offset 14, -4
 125              		.loc 1 210 0
 126 0004 4024     		movs	r4, #64
 127 0006 1C60     		str	r4, [r3]
 211:Generated_Source\PSoC5/QuadDec_1.c **** 
 212:Generated_Source\PSoC5/QuadDec_1.c ****         tmpCnt = QuadDec_1_Cnt16_ReadCounter();
 128              		.loc 1 212 0
ARM GAS  C:\Users\jon\AppData\Local\Temp\cciQacr7.s 			page 7


 129 0008 FFF7FEFF 		bl	QuadDec_1_Cnt16_ReadCounter
 130              	.LVL5:
 213:Generated_Source\PSoC5/QuadDec_1.c ****         hwCount = (int16) ((int32) tmpCnt - (int32) QuadDec_1_COUNTER_INIT_VALUE);
 214:Generated_Source\PSoC5/QuadDec_1.c ****         count = QuadDec_1_count32SoftPart + hwCount;
 131              		.loc 1 214 0
 132 000c 054B     		ldr	r3, .L8+4
 215:Generated_Source\PSoC5/QuadDec_1.c **** 
 216:Generated_Source\PSoC5/QuadDec_1.c ****         CyIntEnable(QuadDec_1_ISR_NUMBER);
 133              		.loc 1 216 0
 134 000e 064A     		ldr	r2, .L8+8
 214:Generated_Source\PSoC5/QuadDec_1.c **** 
 135              		.loc 1 214 0
 136 0010 1B68     		ldr	r3, [r3]
 137              	.LVL6:
 217:Generated_Source\PSoC5/QuadDec_1.c ****     #else 
 218:Generated_Source\PSoC5/QuadDec_1.c ****         /* (QuadDec_1_COUNTER_SIZE == QuadDec_1_COUNTER_SIZE_8_BIT) || 
 219:Generated_Source\PSoC5/QuadDec_1.c ****         *  (QuadDec_1_COUNTER_SIZE == QuadDec_1_COUNTER_SIZE_16_BIT)
 220:Generated_Source\PSoC5/QuadDec_1.c ****         */
 221:Generated_Source\PSoC5/QuadDec_1.c ****         #if (QuadDec_1_COUNTER_SIZE == QuadDec_1_COUNTER_SIZE_8_BIT)
 222:Generated_Source\PSoC5/QuadDec_1.c ****             tmpCnt = QuadDec_1_Cnt8_ReadCounter();
 223:Generated_Source\PSoC5/QuadDec_1.c ****         #else /* (QuadDec_1_COUNTER_SIZE == QuadDec_1_COUNTER_SIZE_16_BIT) */
 224:Generated_Source\PSoC5/QuadDec_1.c ****             tmpCnt = QuadDec_1_Cnt16_ReadCounter();
 225:Generated_Source\PSoC5/QuadDec_1.c ****         #endif  /* QuadDec_1_COUNTER_SIZE == QuadDec_1_COUNTER_SIZE_8_BIT */
 226:Generated_Source\PSoC5/QuadDec_1.c **** 
 227:Generated_Source\PSoC5/QuadDec_1.c ****         count = (int32) ((int32) tmpCnt -
 228:Generated_Source\PSoC5/QuadDec_1.c ****                 (int32) QuadDec_1_COUNTER_INIT_VALUE);
 229:Generated_Source\PSoC5/QuadDec_1.c **** 
 230:Generated_Source\PSoC5/QuadDec_1.c ****     #endif /* QuadDec_1_COUNTER_SIZE == QuadDec_1_COUNTER_SIZE_32_BIT */ 
 231:Generated_Source\PSoC5/QuadDec_1.c **** 
 232:Generated_Source\PSoC5/QuadDec_1.c ****     return (count);
 138              		.loc 1 232 0
 139 0012 A0F50040 		sub	r0, r0, #32768
 140              	.LVL7:
 141 0016 00B2     		sxth	r0, r0
 216:Generated_Source\PSoC5/QuadDec_1.c ****     #else 
 142              		.loc 1 216 0
 143 0018 1460     		str	r4, [r2]
 233:Generated_Source\PSoC5/QuadDec_1.c **** }
 144              		.loc 1 233 0
 145 001a 1844     		add	r0, r0, r3
 146 001c 10BD     		pop	{r4, pc}
 147              	.L9:
 148 001e 00BF     		.align	2
 149              	.L8:
 150 0020 80E100E0 		.word	-536813184
 151 0024 00000000 		.word	QuadDec_1_count32SoftPart
 152 0028 00E100E0 		.word	-536813312
 153              		.cfi_endproc
 154              	.LFE4:
 155              		.size	QuadDec_1_GetCounter, .-QuadDec_1_GetCounter
 156              		.section	.text.QuadDec_1_SetCounter,"ax",%progbits
 157              		.align	1
 158              		.global	QuadDec_1_SetCounter
 159              		.thumb
 160              		.thumb_func
 161              		.type	QuadDec_1_SetCounter, %function
 162              	QuadDec_1_SetCounter:
ARM GAS  C:\Users\jon\AppData\Local\Temp\cciQacr7.s 			page 8


 163              	.LFB5:
 234:Generated_Source\PSoC5/QuadDec_1.c **** 
 235:Generated_Source\PSoC5/QuadDec_1.c **** 
 236:Generated_Source\PSoC5/QuadDec_1.c **** /*******************************************************************************
 237:Generated_Source\PSoC5/QuadDec_1.c **** * Function Name: QuadDec_1_SetCounter
 238:Generated_Source\PSoC5/QuadDec_1.c **** ********************************************************************************
 239:Generated_Source\PSoC5/QuadDec_1.c **** *
 240:Generated_Source\PSoC5/QuadDec_1.c **** * Summary:
 241:Generated_Source\PSoC5/QuadDec_1.c **** *  Sets the current value of the counter.
 242:Generated_Source\PSoC5/QuadDec_1.c **** *
 243:Generated_Source\PSoC5/QuadDec_1.c **** * Parameters:
 244:Generated_Source\PSoC5/QuadDec_1.c **** *  value:  The new value. Parameter type is signed and per the counter size
 245:Generated_Source\PSoC5/QuadDec_1.c **** *  setting.
 246:Generated_Source\PSoC5/QuadDec_1.c **** *
 247:Generated_Source\PSoC5/QuadDec_1.c **** * Return:
 248:Generated_Source\PSoC5/QuadDec_1.c **** *  None.
 249:Generated_Source\PSoC5/QuadDec_1.c **** *
 250:Generated_Source\PSoC5/QuadDec_1.c **** * Global variables:
 251:Generated_Source\PSoC5/QuadDec_1.c **** *  QuadDec_1_count32SoftPart - modified to set hi 16 bit for current
 252:Generated_Source\PSoC5/QuadDec_1.c **** *  value of the 32-bit counter, when Counter size equal 32-bit.
 253:Generated_Source\PSoC5/QuadDec_1.c **** *
 254:Generated_Source\PSoC5/QuadDec_1.c **** * Reentrant:
 255:Generated_Source\PSoC5/QuadDec_1.c **** *  No.
 256:Generated_Source\PSoC5/QuadDec_1.c **** *
 257:Generated_Source\PSoC5/QuadDec_1.c **** *******************************************************************************/
 258:Generated_Source\PSoC5/QuadDec_1.c **** void QuadDec_1_SetCounter(int32 value) 
 259:Generated_Source\PSoC5/QuadDec_1.c **** {
 164              		.loc 1 259 0
 165              		.cfi_startproc
 166              		@ args = 0, pretend = 0, frame = 0
 167              		@ frame_needed = 0, uses_anonymous_args = 0
 168              	.LVL8:
 169 0000 38B5     		push	{r3, r4, r5, lr}
 170              		.cfi_def_cfa_offset 16
 171              		.cfi_offset 3, -16
 172              		.cfi_offset 4, -12
 173              		.cfi_offset 5, -8
 174              		.cfi_offset 14, -4
 175              		.loc 1 259 0
 176 0002 0546     		mov	r5, r0
 260:Generated_Source\PSoC5/QuadDec_1.c ****     #if ((QuadDec_1_COUNTER_SIZE == QuadDec_1_COUNTER_SIZE_8_BIT) || \
 261:Generated_Source\PSoC5/QuadDec_1.c ****          (QuadDec_1_COUNTER_SIZE == QuadDec_1_COUNTER_SIZE_16_BIT))
 262:Generated_Source\PSoC5/QuadDec_1.c ****         uint16 count;
 263:Generated_Source\PSoC5/QuadDec_1.c ****         
 264:Generated_Source\PSoC5/QuadDec_1.c ****         if (value >= 0)
 265:Generated_Source\PSoC5/QuadDec_1.c ****         {
 266:Generated_Source\PSoC5/QuadDec_1.c ****             count = (uint16) value + QuadDec_1_COUNTER_INIT_VALUE;
 267:Generated_Source\PSoC5/QuadDec_1.c ****         }
 268:Generated_Source\PSoC5/QuadDec_1.c ****         else
 269:Generated_Source\PSoC5/QuadDec_1.c ****         {
 270:Generated_Source\PSoC5/QuadDec_1.c ****             count = QuadDec_1_COUNTER_INIT_VALUE - (uint16)(-value);
 271:Generated_Source\PSoC5/QuadDec_1.c ****         }
 272:Generated_Source\PSoC5/QuadDec_1.c ****         #if (QuadDec_1_COUNTER_SIZE == QuadDec_1_COUNTER_SIZE_8_BIT)
 273:Generated_Source\PSoC5/QuadDec_1.c ****             QuadDec_1_Cnt8_WriteCounter(count);
 274:Generated_Source\PSoC5/QuadDec_1.c ****         #else /* (QuadDec_1_COUNTER_SIZE == QuadDec_1_COUNTER_SIZE_16_BIT) */
 275:Generated_Source\PSoC5/QuadDec_1.c ****             QuadDec_1_Cnt16_WriteCounter(count);
 276:Generated_Source\PSoC5/QuadDec_1.c ****         #endif  /* QuadDec_1_COUNTER_SIZE == QuadDec_1_COUNTER_SIZE_8_BIT */
ARM GAS  C:\Users\jon\AppData\Local\Temp\cciQacr7.s 			page 9


 277:Generated_Source\PSoC5/QuadDec_1.c ****     #else /* (QuadDec_1_COUNTER_SIZE == QuadDec_1_COUNTER_SIZE_32_BIT) */
 278:Generated_Source\PSoC5/QuadDec_1.c ****         CyIntDisable(QuadDec_1_ISR_NUMBER);
 177              		.loc 1 278 0
 178 0004 054B     		ldr	r3, .L11
 179 0006 4024     		movs	r4, #64
 180 0008 1C60     		str	r4, [r3]
 279:Generated_Source\PSoC5/QuadDec_1.c **** 
 280:Generated_Source\PSoC5/QuadDec_1.c ****         QuadDec_1_Cnt16_WriteCounter(QuadDec_1_COUNTER_INIT_VALUE);
 181              		.loc 1 280 0
 182 000a 4FF40040 		mov	r0, #32768
 183              	.LVL9:
 184 000e FFF7FEFF 		bl	QuadDec_1_Cnt16_WriteCounter
 185              	.LVL10:
 281:Generated_Source\PSoC5/QuadDec_1.c ****         QuadDec_1_count32SoftPart = value;
 186              		.loc 1 281 0
 187 0012 034B     		ldr	r3, .L11+4
 188 0014 1D60     		str	r5, [r3]
 282:Generated_Source\PSoC5/QuadDec_1.c **** 
 283:Generated_Source\PSoC5/QuadDec_1.c ****         CyIntEnable(QuadDec_1_ISR_NUMBER);
 189              		.loc 1 283 0
 190 0016 034B     		ldr	r3, .L11+8
 191 0018 1C60     		str	r4, [r3]
 192 001a 38BD     		pop	{r3, r4, r5, pc}
 193              	.LVL11:
 194              	.L12:
 195              		.align	2
 196              	.L11:
 197 001c 80E100E0 		.word	-536813184
 198 0020 00000000 		.word	QuadDec_1_count32SoftPart
 199 0024 00E100E0 		.word	-536813312
 200              		.cfi_endproc
 201              	.LFE5:
 202              		.size	QuadDec_1_SetCounter, .-QuadDec_1_SetCounter
 203              		.section	.text.QuadDec_1_GetEvents,"ax",%progbits
 204              		.align	1
 205              		.global	QuadDec_1_GetEvents
 206              		.thumb
 207              		.thumb_func
 208              		.type	QuadDec_1_GetEvents, %function
 209              	QuadDec_1_GetEvents:
 210              	.LFB6:
 284:Generated_Source\PSoC5/QuadDec_1.c ****     #endif  /* (QuadDec_1_COUNTER_SIZE == QuadDec_1_COUNTER_SIZE_8_BIT) ||
 285:Generated_Source\PSoC5/QuadDec_1.c ****              * (QuadDec_1_COUNTER_SIZE == QuadDec_1_COUNTER_SIZE_16_BIT)
 286:Generated_Source\PSoC5/QuadDec_1.c ****              */
 287:Generated_Source\PSoC5/QuadDec_1.c **** }
 288:Generated_Source\PSoC5/QuadDec_1.c **** 
 289:Generated_Source\PSoC5/QuadDec_1.c **** 
 290:Generated_Source\PSoC5/QuadDec_1.c **** /*******************************************************************************
 291:Generated_Source\PSoC5/QuadDec_1.c **** * Function Name: QuadDec_1_GetEvents
 292:Generated_Source\PSoC5/QuadDec_1.c **** ********************************************************************************
 293:Generated_Source\PSoC5/QuadDec_1.c **** * 
 294:Generated_Source\PSoC5/QuadDec_1.c **** * Summary:
 295:Generated_Source\PSoC5/QuadDec_1.c **** *   Reports the current status of events. This function clears the bits of the 
 296:Generated_Source\PSoC5/QuadDec_1.c **** *   status register.
 297:Generated_Source\PSoC5/QuadDec_1.c **** *
 298:Generated_Source\PSoC5/QuadDec_1.c **** * Parameters:
 299:Generated_Source\PSoC5/QuadDec_1.c **** *  None.
ARM GAS  C:\Users\jon\AppData\Local\Temp\cciQacr7.s 			page 10


 300:Generated_Source\PSoC5/QuadDec_1.c **** *
 301:Generated_Source\PSoC5/QuadDec_1.c **** * Return:
 302:Generated_Source\PSoC5/QuadDec_1.c **** *  The events, as bits in an unsigned 8-bit value:
 303:Generated_Source\PSoC5/QuadDec_1.c **** *    Bit      Description
 304:Generated_Source\PSoC5/QuadDec_1.c **** *     0        Counter overflow.
 305:Generated_Source\PSoC5/QuadDec_1.c **** *     1        Counter underflow.
 306:Generated_Source\PSoC5/QuadDec_1.c **** *     2        Counter reset due to index, if index input is used.
 307:Generated_Source\PSoC5/QuadDec_1.c **** *     3        Invalid A, B inputs state transition.
 308:Generated_Source\PSoC5/QuadDec_1.c **** *
 309:Generated_Source\PSoC5/QuadDec_1.c **** *******************************************************************************/
 310:Generated_Source\PSoC5/QuadDec_1.c **** uint8 QuadDec_1_GetEvents(void) 
 311:Generated_Source\PSoC5/QuadDec_1.c **** {
 211              		.loc 1 311 0
 212              		.cfi_startproc
 213              		@ args = 0, pretend = 0, frame = 0
 214              		@ frame_needed = 0, uses_anonymous_args = 0
 215              		@ link register save eliminated.
 312:Generated_Source\PSoC5/QuadDec_1.c ****     return (QuadDec_1_STATUS_REG & QuadDec_1_INIT_INT_MASK);
 216              		.loc 1 312 0
 217 0000 024B     		ldr	r3, .L14
 218 0002 1878     		ldrb	r0, [r3]	@ zero_extendqisi2
 313:Generated_Source\PSoC5/QuadDec_1.c **** }
 219              		.loc 1 313 0
 220 0004 00F00F00 		and	r0, r0, #15
 221 0008 7047     		bx	lr
 222              	.L15:
 223 000a 00BF     		.align	2
 224              	.L14:
 225 000c 63640040 		.word	1073767523
 226              		.cfi_endproc
 227              	.LFE6:
 228              		.size	QuadDec_1_GetEvents, .-QuadDec_1_GetEvents
 229              		.section	.text.QuadDec_1_Enable,"ax",%progbits
 230              		.align	1
 231              		.global	QuadDec_1_Enable
 232              		.thumb
 233              		.thumb_func
 234              		.type	QuadDec_1_Enable, %function
 235              	QuadDec_1_Enable:
 236              	.LFB1:
  71:Generated_Source\PSoC5/QuadDec_1.c ****     uint8 enableInterrupts;
 237              		.loc 1 71 0
 238              		.cfi_startproc
 239              		@ args = 0, pretend = 0, frame = 0
 240              		@ frame_needed = 0, uses_anonymous_args = 0
 241              	.LVL12:
 242 0000 08B5     		push	{r3, lr}
 243              		.cfi_def_cfa_offset 8
 244              		.cfi_offset 3, -8
 245              		.cfi_offset 14, -4
 246              	.LBB4:
 247              	.LBB5:
 314:Generated_Source\PSoC5/QuadDec_1.c **** 
 315:Generated_Source\PSoC5/QuadDec_1.c **** 
 316:Generated_Source\PSoC5/QuadDec_1.c **** /*******************************************************************************
 317:Generated_Source\PSoC5/QuadDec_1.c **** * Function Name: QuadDec_1_SetInterruptMask
 318:Generated_Source\PSoC5/QuadDec_1.c **** ********************************************************************************
ARM GAS  C:\Users\jon\AppData\Local\Temp\cciQacr7.s 			page 11


 319:Generated_Source\PSoC5/QuadDec_1.c **** *
 320:Generated_Source\PSoC5/QuadDec_1.c **** * Summary:
 321:Generated_Source\PSoC5/QuadDec_1.c **** *  Enables / disables interrupts due to the events.
 322:Generated_Source\PSoC5/QuadDec_1.c **** *  For the 32-bit counter, the overflow, underflow and reset interrupts cannot
 323:Generated_Source\PSoC5/QuadDec_1.c **** *  be disabled, these bits are ignored.
 324:Generated_Source\PSoC5/QuadDec_1.c **** *
 325:Generated_Source\PSoC5/QuadDec_1.c **** * Parameters:
 326:Generated_Source\PSoC5/QuadDec_1.c **** *  mask: Enable / disable bits in an 8-bit value, where 1 enables the interrupt.
 327:Generated_Source\PSoC5/QuadDec_1.c **** *
 328:Generated_Source\PSoC5/QuadDec_1.c **** * Return:
 329:Generated_Source\PSoC5/QuadDec_1.c **** *  None.
 330:Generated_Source\PSoC5/QuadDec_1.c **** *
 331:Generated_Source\PSoC5/QuadDec_1.c **** *******************************************************************************/
 332:Generated_Source\PSoC5/QuadDec_1.c **** void QuadDec_1_SetInterruptMask(uint8 mask) 
 333:Generated_Source\PSoC5/QuadDec_1.c **** {
 334:Generated_Source\PSoC5/QuadDec_1.c ****     #if (QuadDec_1_COUNTER_SIZE == QuadDec_1_COUNTER_SIZE_32_BIT)
 335:Generated_Source\PSoC5/QuadDec_1.c ****         /* Underflow, Overflow and Reset interrupts for 32-bit Counter are always enable */
 336:Generated_Source\PSoC5/QuadDec_1.c ****         mask |= (QuadDec_1_COUNTER_OVERFLOW | QuadDec_1_COUNTER_UNDERFLOW |
 337:Generated_Source\PSoC5/QuadDec_1.c ****                  QuadDec_1_COUNTER_RESET);
 338:Generated_Source\PSoC5/QuadDec_1.c ****     #endif /* QuadDec_1_COUNTER_SIZE == QuadDec_1_COUNTER_SIZE_32_BIT */
 339:Generated_Source\PSoC5/QuadDec_1.c **** 
 340:Generated_Source\PSoC5/QuadDec_1.c ****     QuadDec_1_STATUS_MASK = mask;
 248              		.loc 1 340 0
 249 0002 094B     		ldr	r3, .L17
 250 0004 0F22     		movs	r2, #15
 251 0006 1A70     		strb	r2, [r3]
 252              	.LVL13:
 253              	.LBE5:
 254              	.LBE4:
  77:Generated_Source\PSoC5/QuadDec_1.c ****     
 255              		.loc 1 77 0
 256 0008 FFF7FEFF 		bl	QuadDec_1_GetEvents
 257              	.LVL14:
  79:Generated_Source\PSoC5/QuadDec_1.c **** 
 258              		.loc 1 79 0
 259 000c FFF7FEFF 		bl	CyEnterCriticalSection
 260              	.LVL15:
  82:Generated_Source\PSoC5/QuadDec_1.c **** 
 261              		.loc 1 82 0
 262 0010 064A     		ldr	r2, .L17+4
 263 0012 1378     		ldrb	r3, [r2]	@ zero_extendqisi2
 264 0014 43F01003 		orr	r3, r3, #16
 265 0018 1370     		strb	r3, [r2]
  84:Generated_Source\PSoC5/QuadDec_1.c **** 
 266              		.loc 1 84 0
 267 001a FFF7FEFF 		bl	CyExitCriticalSection
 268              	.LVL16:
  88:Generated_Source\PSoC5/QuadDec_1.c ****     #endif /* QuadDec_1_COUNTER_SIZE == QuadDec_1_COUNTER_SIZE_32_BIT */
 269              		.loc 1 88 0
 270 001e 044B     		ldr	r3, .L17+8
 271 0020 4022     		movs	r2, #64
 272 0022 1A60     		str	r2, [r3]
 273 0024 08BD     		pop	{r3, pc}
 274              	.L18:
 275 0026 00BF     		.align	2
 276              	.L17:
 277 0028 83640040 		.word	1073767555
ARM GAS  C:\Users\jon\AppData\Local\Temp\cciQacr7.s 			page 12


 278 002c 93640040 		.word	1073767571
 279 0030 00E100E0 		.word	-536813312
 280              		.cfi_endproc
 281              	.LFE1:
 282              		.size	QuadDec_1_Enable, .-QuadDec_1_Enable
 283              		.section	.text.QuadDec_1_Start,"ax",%progbits
 284              		.align	1
 285              		.global	QuadDec_1_Start
 286              		.thumb
 287              		.thumb_func
 288              		.type	QuadDec_1_Start, %function
 289              	QuadDec_1_Start:
 290              	.LFB2:
 117:Generated_Source\PSoC5/QuadDec_1.c ****     #if (QuadDec_1_COUNTER_SIZE == QuadDec_1_COUNTER_SIZE_8_BIT)
 291              		.loc 1 117 0
 292              		.cfi_startproc
 293              		@ args = 0, pretend = 0, frame = 0
 294              		@ frame_needed = 0, uses_anonymous_args = 0
 295 0000 10B5     		push	{r4, lr}
 296              		.cfi_def_cfa_offset 8
 297              		.cfi_offset 4, -8
 298              		.cfi_offset 14, -4
 125:Generated_Source\PSoC5/QuadDec_1.c ****         QuadDec_1_Cnt16_WriteCounter(QuadDec_1_COUNTER_INIT_VALUE);
 299              		.loc 1 125 0
 300 0002 FFF7FEFF 		bl	QuadDec_1_Cnt16_Start
 301              	.LVL17:
 126:Generated_Source\PSoC5/QuadDec_1.c ****     #endif /* QuadDec_1_COUNTER_SIZE == QuadDec_1_COUNTER_SIZE_8_BIT */
 302              		.loc 1 126 0
 303 0006 4FF40040 		mov	r0, #32768
 304 000a FFF7FEFF 		bl	QuadDec_1_Cnt16_WriteCounter
 305              	.LVL18:
 133:Generated_Source\PSoC5/QuadDec_1.c ****     {
 306              		.loc 1 133 0
 307 000e 074C     		ldr	r4, .L22
 130:Generated_Source\PSoC5/QuadDec_1.c ****     #endif /* QuadDec_1_COUNTER_SIZE == QuadDec_1_COUNTER_SIZE_32_BIT */
 308              		.loc 1 130 0
 309 0010 074B     		ldr	r3, .L22+4
 310 0012 0022     		movs	r2, #0
 311 0014 1A60     		str	r2, [r3]
 133:Generated_Source\PSoC5/QuadDec_1.c ****     {
 312              		.loc 1 133 0
 313 0016 2378     		ldrb	r3, [r4]	@ zero_extendqisi2
 314 0018 1BB9     		cbnz	r3, .L20
 135:Generated_Source\PSoC5/QuadDec_1.c ****         QuadDec_1_initVar = 1u;
 315              		.loc 1 135 0
 316 001a FFF7FEFF 		bl	QuadDec_1_Init
 317              	.LVL19:
 136:Generated_Source\PSoC5/QuadDec_1.c ****     }
 318              		.loc 1 136 0
 319 001e 0123     		movs	r3, #1
 320 0020 2370     		strb	r3, [r4]
 321              	.L20:
 140:Generated_Source\PSoC5/QuadDec_1.c **** 
 322              		.loc 1 140 0
 323 0022 BDE81040 		pop	{r4, lr}
 324              		.cfi_restore 14
 325              		.cfi_restore 4
ARM GAS  C:\Users\jon\AppData\Local\Temp\cciQacr7.s 			page 13


 326              		.cfi_def_cfa_offset 0
 139:Generated_Source\PSoC5/QuadDec_1.c **** }
 327              		.loc 1 139 0
 328 0026 FFF7FEBF 		b	QuadDec_1_Enable
 329              	.LVL20:
 330              	.L23:
 331 002a 00BF     		.align	2
 332              	.L22:
 333 002c 00000000 		.word	.LANCHOR0
 334 0030 00000000 		.word	QuadDec_1_count32SoftPart
 335              		.cfi_endproc
 336              	.LFE2:
 337              		.size	QuadDec_1_Start, .-QuadDec_1_Start
 338              		.section	.text.QuadDec_1_SetInterruptMask,"ax",%progbits
 339              		.align	1
 340              		.global	QuadDec_1_SetInterruptMask
 341              		.thumb
 342              		.thumb_func
 343              		.type	QuadDec_1_SetInterruptMask, %function
 344              	QuadDec_1_SetInterruptMask:
 345              	.LFB7:
 333:Generated_Source\PSoC5/QuadDec_1.c ****     #if (QuadDec_1_COUNTER_SIZE == QuadDec_1_COUNTER_SIZE_32_BIT)
 346              		.loc 1 333 0
 347              		.cfi_startproc
 348              		@ args = 0, pretend = 0, frame = 0
 349              		@ frame_needed = 0, uses_anonymous_args = 0
 350              		@ link register save eliminated.
 351              	.LVL21:
 352              		.loc 1 340 0
 353 0000 024B     		ldr	r3, .L25
 336:Generated_Source\PSoC5/QuadDec_1.c ****                  QuadDec_1_COUNTER_RESET);
 354              		.loc 1 336 0
 355 0002 40F00700 		orr	r0, r0, #7
 356              	.LVL22:
 357              		.loc 1 340 0
 358 0006 1870     		strb	r0, [r3]
 359 0008 7047     		bx	lr
 360              	.L26:
 361 000a 00BF     		.align	2
 362              	.L25:
 363 000c 83640040 		.word	1073767555
 364              		.cfi_endproc
 365              	.LFE7:
 366              		.size	QuadDec_1_SetInterruptMask, .-QuadDec_1_SetInterruptMask
 367              		.section	.text.QuadDec_1_GetInterruptMask,"ax",%progbits
 368              		.align	1
 369              		.global	QuadDec_1_GetInterruptMask
 370              		.thumb
 371              		.thumb_func
 372              		.type	QuadDec_1_GetInterruptMask, %function
 373              	QuadDec_1_GetInterruptMask:
 374              	.LFB8:
 341:Generated_Source\PSoC5/QuadDec_1.c **** }
 342:Generated_Source\PSoC5/QuadDec_1.c **** 
 343:Generated_Source\PSoC5/QuadDec_1.c **** 
 344:Generated_Source\PSoC5/QuadDec_1.c **** /*******************************************************************************
 345:Generated_Source\PSoC5/QuadDec_1.c **** * Function Name: QuadDec_1_GetInterruptMask
ARM GAS  C:\Users\jon\AppData\Local\Temp\cciQacr7.s 			page 14


 346:Generated_Source\PSoC5/QuadDec_1.c **** ********************************************************************************
 347:Generated_Source\PSoC5/QuadDec_1.c **** *
 348:Generated_Source\PSoC5/QuadDec_1.c **** * Summary:
 349:Generated_Source\PSoC5/QuadDec_1.c **** *  Reports the current interrupt mask settings.
 350:Generated_Source\PSoC5/QuadDec_1.c **** *
 351:Generated_Source\PSoC5/QuadDec_1.c **** * Parameters:
 352:Generated_Source\PSoC5/QuadDec_1.c **** *  None.
 353:Generated_Source\PSoC5/QuadDec_1.c **** *
 354:Generated_Source\PSoC5/QuadDec_1.c **** * Return:
 355:Generated_Source\PSoC5/QuadDec_1.c **** *  Enable / disable bits in an 8-bit value, where 1 enables the interrupt.
 356:Generated_Source\PSoC5/QuadDec_1.c **** *  For the 32-bit counter, the overflow, underflow and reset enable bits are
 357:Generated_Source\PSoC5/QuadDec_1.c **** *  always set.
 358:Generated_Source\PSoC5/QuadDec_1.c **** *
 359:Generated_Source\PSoC5/QuadDec_1.c **** *******************************************************************************/
 360:Generated_Source\PSoC5/QuadDec_1.c **** uint8 QuadDec_1_GetInterruptMask(void) 
 361:Generated_Source\PSoC5/QuadDec_1.c **** {
 375              		.loc 1 361 0
 376              		.cfi_startproc
 377              		@ args = 0, pretend = 0, frame = 0
 378              		@ frame_needed = 0, uses_anonymous_args = 0
 379              		@ link register save eliminated.
 362:Generated_Source\PSoC5/QuadDec_1.c ****     return (QuadDec_1_STATUS_MASK & QuadDec_1_INIT_INT_MASK);
 380              		.loc 1 362 0
 381 0000 024B     		ldr	r3, .L28
 382 0002 1878     		ldrb	r0, [r3]	@ zero_extendqisi2
 363:Generated_Source\PSoC5/QuadDec_1.c **** }
 383              		.loc 1 363 0
 384 0004 00F00F00 		and	r0, r0, #15
 385 0008 7047     		bx	lr
 386              	.L29:
 387 000a 00BF     		.align	2
 388              	.L28:
 389 000c 83640040 		.word	1073767555
 390              		.cfi_endproc
 391              	.LFE8:
 392              		.size	QuadDec_1_GetInterruptMask, .-QuadDec_1_GetInterruptMask
 393              		.global	QuadDec_1_initVar
 394              		.bss
 395              		.set	.LANCHOR0,. + 0
 396              		.type	QuadDec_1_initVar, %object
 397              		.size	QuadDec_1_initVar, 1
 398              	QuadDec_1_initVar:
 399 0000 00       		.space	1
 400              		.text
 401              	.Letext0:
 402              		.file 2 "Generated_Source\\PSoC5\\cytypes.h"
 403              		.file 3 "Generated_Source\\PSoC5\\QuadDec_1_PVT.h"
 404              		.file 4 "Generated_Source\\PSoC5\\CyLib.h"
 405              		.file 5 "Generated_Source\\PSoC5\\QuadDec_1_Cnt16.h"
 406              		.section	.debug_info,"",%progbits
 407              	.Ldebug_info0:
 408 0000 6D030000 		.4byte	0x36d
 409 0004 0400     		.2byte	0x4
 410 0006 00000000 		.4byte	.Ldebug_abbrev0
 411 000a 04       		.byte	0x4
 412 000b 01       		.uleb128 0x1
 413 000c EE000000 		.4byte	.LASF42
ARM GAS  C:\Users\jon\AppData\Local\Temp\cciQacr7.s 			page 15


 414 0010 0C       		.byte	0xc
 415 0011 5C030000 		.4byte	.LASF43
 416 0015 42020000 		.4byte	.LASF44
 417 0019 00000000 		.4byte	.Ldebug_ranges0+0
 418 001d 00000000 		.4byte	0
 419 0021 00000000 		.4byte	.Ldebug_line0
 420 0025 02       		.uleb128 0x2
 421 0026 04       		.byte	0x4
 422 0027 05       		.byte	0x5
 423 0028 696E7400 		.ascii	"int\000"
 424 002c 03       		.uleb128 0x3
 425 002d 04       		.byte	0x4
 426 002e 07       		.byte	0x7
 427 002f D8010000 		.4byte	.LASF0
 428 0033 03       		.uleb128 0x3
 429 0034 08       		.byte	0x8
 430 0035 05       		.byte	0x5
 431 0036 79020000 		.4byte	.LASF1
 432 003a 03       		.uleb128 0x3
 433 003b 08       		.byte	0x8
 434 003c 04       		.byte	0x4
 435 003d 35030000 		.4byte	.LASF2
 436 0041 03       		.uleb128 0x3
 437 0042 01       		.byte	0x1
 438 0043 06       		.byte	0x6
 439 0044 41030000 		.4byte	.LASF3
 440 0048 03       		.uleb128 0x3
 441 0049 01       		.byte	0x1
 442 004a 08       		.byte	0x8
 443 004b BE000000 		.4byte	.LASF4
 444 004f 03       		.uleb128 0x3
 445 0050 02       		.byte	0x2
 446 0051 05       		.byte	0x5
 447 0052 B7020000 		.4byte	.LASF5
 448 0056 03       		.uleb128 0x3
 449 0057 02       		.byte	0x2
 450 0058 07       		.byte	0x7
 451 0059 4E000000 		.4byte	.LASF6
 452 005d 03       		.uleb128 0x3
 453 005e 04       		.byte	0x4
 454 005f 05       		.byte	0x5
 455 0060 27030000 		.4byte	.LASF7
 456 0064 03       		.uleb128 0x3
 457 0065 04       		.byte	0x4
 458 0066 07       		.byte	0x7
 459 0067 C6010000 		.4byte	.LASF8
 460 006b 03       		.uleb128 0x3
 461 006c 08       		.byte	0x8
 462 006d 07       		.byte	0x7
 463 006e 92000000 		.4byte	.LASF9
 464 0072 03       		.uleb128 0x3
 465 0073 04       		.byte	0x4
 466 0074 07       		.byte	0x7
 467 0075 39020000 		.4byte	.LASF10
 468 0079 03       		.uleb128 0x3
 469 007a 01       		.byte	0x1
 470 007b 08       		.byte	0x8
ARM GAS  C:\Users\jon\AppData\Local\Temp\cciQacr7.s 			page 16


 471 007c 30030000 		.4byte	.LASF11
 472 0080 04       		.uleb128 0x4
 473 0081 F2020000 		.4byte	.LASF12
 474 0085 02       		.byte	0x2
 475 0086 E401     		.2byte	0x1e4
 476 0088 48000000 		.4byte	0x48
 477 008c 04       		.uleb128 0x4
 478 008d A1010000 		.4byte	.LASF13
 479 0091 02       		.byte	0x2
 480 0092 E501     		.2byte	0x1e5
 481 0094 56000000 		.4byte	0x56
 482 0098 04       		.uleb128 0x4
 483 0099 A8010000 		.4byte	.LASF14
 484 009d 02       		.byte	0x2
 485 009e E601     		.2byte	0x1e6
 486 00a0 64000000 		.4byte	0x64
 487 00a4 04       		.uleb128 0x4
 488 00a5 E8000000 		.4byte	.LASF15
 489 00a9 02       		.byte	0x2
 490 00aa E801     		.2byte	0x1e8
 491 00ac 4F000000 		.4byte	0x4f
 492 00b0 04       		.uleb128 0x4
 493 00b1 7C010000 		.4byte	.LASF16
 494 00b5 02       		.byte	0x2
 495 00b6 E901     		.2byte	0x1e9
 496 00b8 5D000000 		.4byte	0x5d
 497 00bc 03       		.uleb128 0x3
 498 00bd 04       		.byte	0x4
 499 00be 04       		.byte	0x4
 500 00bf 8C000000 		.4byte	.LASF17
 501 00c3 03       		.uleb128 0x3
 502 00c4 08       		.byte	0x8
 503 00c5 04       		.byte	0x4
 504 00c6 9A010000 		.4byte	.LASF18
 505 00ca 04       		.uleb128 0x4
 506 00cb E3000000 		.4byte	.LASF19
 507 00cf 02       		.byte	0x2
 508 00d0 8E02     		.2byte	0x28e
 509 00d2 D6000000 		.4byte	0xd6
 510 00d6 05       		.uleb128 0x5
 511 00d7 80000000 		.4byte	0x80
 512 00db 04       		.uleb128 0x4
 513 00dc 10000000 		.4byte	.LASF20
 514 00e0 02       		.byte	0x2
 515 00e1 9002     		.2byte	0x290
 516 00e3 E7000000 		.4byte	0xe7
 517 00e7 05       		.uleb128 0x5
 518 00e8 98000000 		.4byte	0x98
 519 00ec 06       		.uleb128 0x6
 520 00ed 0C030000 		.4byte	.LASF45
 521 00f1 01       		.byte	0x1
 522 00f2 4C01     		.2byte	0x14c
 523 00f4 01       		.byte	0x1
 524 00f5 06010000 		.4byte	0x106
 525 00f9 07       		.uleb128 0x7
 526 00fa 87020000 		.4byte	.LASF46
 527 00fe 01       		.byte	0x1
ARM GAS  C:\Users\jon\AppData\Local\Temp\cciQacr7.s 			page 17


 528 00ff 4C01     		.2byte	0x14c
 529 0101 80000000 		.4byte	0x80
 530 0105 00       		.byte	0
 531 0106 08       		.uleb128 0x8
 532 0107 4D030000 		.4byte	.LASF21
 533 010b 01       		.byte	0x1
 534 010c 2A       		.byte	0x2a
 535 010d 00000000 		.4byte	.LFB0
 536 0111 24000000 		.4byte	.LFE0-.LFB0
 537 0115 01       		.uleb128 0x1
 538 0116 9C       		.byte	0x9c
 539 0117 43010000 		.4byte	0x143
 540 011b 09       		.uleb128 0x9
 541 011c 10000000 		.4byte	.LVL0
 542 0120 18030000 		.4byte	0x318
 543 0124 2E010000 		.4byte	0x12e
 544 0128 0A       		.uleb128 0xa
 545 0129 01       		.uleb128 0x1
 546 012a 50       		.byte	0x50
 547 012b 01       		.uleb128 0x1
 548 012c 36       		.byte	0x36
 549 012d 00       		.byte	0
 550 012e 0B       		.uleb128 0xb
 551 012f 1C000000 		.4byte	.LVL1
 552 0133 23030000 		.4byte	0x323
 553 0137 0A       		.uleb128 0xa
 554 0138 01       		.uleb128 0x1
 555 0139 50       		.byte	0x50
 556 013a 01       		.uleb128 0x1
 557 013b 36       		.byte	0x36
 558 013c 0A       		.uleb128 0xa
 559 013d 01       		.uleb128 0x1
 560 013e 51       		.byte	0x51
 561 013f 01       		.uleb128 0x1
 562 0140 37       		.byte	0x37
 563 0141 00       		.byte	0
 564 0142 00       		.byte	0
 565 0143 08       		.uleb128 0x8
 566 0144 CC000000 		.4byte	.LASF22
 567 0148 01       		.byte	0x1
 568 0149 9D       		.byte	0x9d
 569 014a 00000000 		.4byte	.LFB3
 570 014e 28000000 		.4byte	.LFE3-.LFB3
 571 0152 01       		.uleb128 0x1
 572 0153 9C       		.byte	0x9c
 573 0154 83010000 		.4byte	0x183
 574 0158 0C       		.uleb128 0xc
 575 0159 89010000 		.4byte	.LASF23
 576 015d 01       		.byte	0x1
 577 015e 9F       		.byte	0x9f
 578 015f 80000000 		.4byte	0x80
 579 0163 00000000 		.4byte	.LLST0
 580 0167 0D       		.uleb128 0xd
 581 0168 06000000 		.4byte	.LVL2
 582 016c 2E030000 		.4byte	0x32e
 583 0170 0D       		.uleb128 0xd
 584 0171 0A000000 		.4byte	.LVL3
ARM GAS  C:\Users\jon\AppData\Local\Temp\cciQacr7.s 			page 18


 585 0175 39030000 		.4byte	0x339
 586 0179 0D       		.uleb128 0xd
 587 017a 18000000 		.4byte	.LVL4
 588 017e 44030000 		.4byte	0x344
 589 0182 00       		.byte	0
 590 0183 0E       		.uleb128 0xe
 591 0184 77000000 		.4byte	.LASF47
 592 0188 01       		.byte	0x1
 593 0189 CA       		.byte	0xca
 594 018a B0000000 		.4byte	0xb0
 595 018e 00000000 		.4byte	.LFB4
 596 0192 2C000000 		.4byte	.LFE4-.LFB4
 597 0196 01       		.uleb128 0x1
 598 0197 9C       		.byte	0x9c
 599 0198 D3010000 		.4byte	0x1d3
 600 019c 0C       		.uleb128 0xc
 601 019d 48000000 		.4byte	.LASF24
 602 01a1 01       		.byte	0x1
 603 01a2 CC       		.byte	0xcc
 604 01a3 B0000000 		.4byte	0xb0
 605 01a7 13000000 		.4byte	.LLST1
 606 01ab 0C       		.uleb128 0xc
 607 01ac 82010000 		.4byte	.LASF25
 608 01b0 01       		.byte	0x1
 609 01b1 CD       		.byte	0xcd
 610 01b2 8C000000 		.4byte	0x8c
 611 01b6 31000000 		.4byte	.LLST2
 612 01ba 0C       		.uleb128 0xc
 613 01bb DB000000 		.4byte	.LASF26
 614 01bf 01       		.byte	0x1
 615 01c0 D0       		.byte	0xd0
 616 01c1 A4000000 		.4byte	0xa4
 617 01c5 44000000 		.4byte	.LLST3
 618 01c9 0D       		.uleb128 0xd
 619 01ca 0C000000 		.4byte	.LVL5
 620 01ce 4F030000 		.4byte	0x34f
 621 01d2 00       		.byte	0
 622 01d3 0F       		.uleb128 0xf
 623 01d4 A9000000 		.4byte	.LASF27
 624 01d8 01       		.byte	0x1
 625 01d9 0201     		.2byte	0x102
 626 01db 00000000 		.4byte	.LFB5
 627 01df 28000000 		.4byte	.LFE5-.LFB5
 628 01e3 01       		.uleb128 0x1
 629 01e4 9C       		.byte	0x9c
 630 01e5 0B020000 		.4byte	0x20b
 631 01e9 10       		.uleb128 0x10
 632 01ea 42000000 		.4byte	.LASF48
 633 01ee 01       		.byte	0x1
 634 01ef 0201     		.2byte	0x102
 635 01f1 B0000000 		.4byte	0xb0
 636 01f5 5B000000 		.4byte	.LLST4
 637 01f9 11       		.uleb128 0x11
 638 01fa 12000000 		.4byte	.LVL10
 639 01fe 5A030000 		.4byte	0x35a
 640 0202 0A       		.uleb128 0xa
 641 0203 01       		.uleb128 0x1
ARM GAS  C:\Users\jon\AppData\Local\Temp\cciQacr7.s 			page 19


 642 0204 50       		.byte	0x50
 643 0205 03       		.uleb128 0x3
 644 0206 0B       		.byte	0xb
 645 0207 0080     		.2byte	0x8000
 646 0209 00       		.byte	0
 647 020a 00       		.byte	0
 648 020b 12       		.uleb128 0x12
 649 020c F8020000 		.4byte	.LASF30
 650 0210 01       		.byte	0x1
 651 0211 3601     		.2byte	0x136
 652 0213 80000000 		.4byte	0x80
 653 0217 00000000 		.4byte	.LFB6
 654 021b 10000000 		.4byte	.LFE6-.LFB6
 655 021f 01       		.uleb128 0x1
 656 0220 9C       		.byte	0x9c
 657 0221 08       		.uleb128 0x8
 658 0222 A6020000 		.4byte	.LASF28
 659 0226 01       		.byte	0x1
 660 0227 46       		.byte	0x46
 661 0228 00000000 		.4byte	.LFB1
 662 022c 34000000 		.4byte	.LFE1-.LFB1
 663 0230 01       		.uleb128 0x1
 664 0231 9C       		.byte	0x9c
 665 0232 7E020000 		.4byte	0x27e
 666 0236 0C       		.uleb128 0xc
 667 0237 89010000 		.4byte	.LASF23
 668 023b 01       		.byte	0x1
 669 023c 48       		.byte	0x48
 670 023d 80000000 		.4byte	0x80
 671 0241 87000000 		.4byte	.LLST5
 672 0245 13       		.uleb128 0x13
 673 0246 EC000000 		.4byte	0xec
 674 024a 02000000 		.4byte	.LBB4
 675 024e 06000000 		.4byte	.LBE4-.LBB4
 676 0252 01       		.byte	0x1
 677 0253 4A       		.byte	0x4a
 678 0254 62020000 		.4byte	0x262
 679 0258 14       		.uleb128 0x14
 680 0259 F9000000 		.4byte	0xf9
 681 025d 9A000000 		.4byte	.LLST6
 682 0261 00       		.byte	0
 683 0262 0D       		.uleb128 0xd
 684 0263 0C000000 		.4byte	.LVL14
 685 0267 0B020000 		.4byte	0x20b
 686 026b 0D       		.uleb128 0xd
 687 026c 10000000 		.4byte	.LVL15
 688 0270 39030000 		.4byte	0x339
 689 0274 0D       		.uleb128 0xd
 690 0275 1E000000 		.4byte	.LVL16
 691 0279 44030000 		.4byte	0x344
 692 027d 00       		.byte	0
 693 027e 08       		.uleb128 0x8
 694 027f 00000000 		.4byte	.LASF29
 695 0283 01       		.byte	0x1
 696 0284 74       		.byte	0x74
 697 0285 00000000 		.4byte	.LFB2
 698 0289 34000000 		.4byte	.LFE2-.LFB2
ARM GAS  C:\Users\jon\AppData\Local\Temp\cciQacr7.s 			page 20


 699 028d 01       		.uleb128 0x1
 700 028e 9C       		.byte	0x9c
 701 028f C4020000 		.4byte	0x2c4
 702 0293 0D       		.uleb128 0xd
 703 0294 06000000 		.4byte	.LVL17
 704 0298 65030000 		.4byte	0x365
 705 029c 09       		.uleb128 0x9
 706 029d 0E000000 		.4byte	.LVL18
 707 02a1 5A030000 		.4byte	0x35a
 708 02a5 B1020000 		.4byte	0x2b1
 709 02a9 0A       		.uleb128 0xa
 710 02aa 01       		.uleb128 0x1
 711 02ab 50       		.byte	0x50
 712 02ac 03       		.uleb128 0x3
 713 02ad 0B       		.byte	0xb
 714 02ae 0080     		.2byte	0x8000
 715 02b0 00       		.byte	0
 716 02b1 0D       		.uleb128 0xd
 717 02b2 1E000000 		.4byte	.LVL19
 718 02b6 06010000 		.4byte	0x106
 719 02ba 15       		.uleb128 0x15
 720 02bb 2A000000 		.4byte	.LVL20
 721 02bf 21020000 		.4byte	0x221
 722 02c3 00       		.byte	0
 723 02c4 16       		.uleb128 0x16
 724 02c5 EC000000 		.4byte	0xec
 725 02c9 00000000 		.4byte	.LFB7
 726 02cd 10000000 		.4byte	.LFE7-.LFB7
 727 02d1 01       		.uleb128 0x1
 728 02d2 9C       		.byte	0x9c
 729 02d3 E1020000 		.4byte	0x2e1
 730 02d7 14       		.uleb128 0x14
 731 02d8 F9000000 		.4byte	0xf9
 732 02dc AE000000 		.4byte	.LLST7
 733 02e0 00       		.byte	0
 734 02e1 12       		.uleb128 0x12
 735 02e2 F7010000 		.4byte	.LASF31
 736 02e6 01       		.byte	0x1
 737 02e7 6801     		.2byte	0x168
 738 02e9 80000000 		.4byte	0x80
 739 02ed 00000000 		.4byte	.LFB8
 740 02f1 10000000 		.4byte	.LFE8-.LFB8
 741 02f5 01       		.uleb128 0x1
 742 02f6 9C       		.byte	0x9c
 743 02f7 17       		.uleb128 0x17
 744 02f8 E5010000 		.4byte	.LASF32
 745 02fc 01       		.byte	0x1
 746 02fd 19       		.byte	0x19
 747 02fe 80000000 		.4byte	0x80
 748 0302 05       		.uleb128 0x5
 749 0303 03       		.byte	0x3
 750 0304 00000000 		.4byte	QuadDec_1_initVar
 751 0308 18       		.uleb128 0x18
 752 0309 8C020000 		.4byte	.LASF33
 753 030d 03       		.byte	0x3
 754 030e 18       		.byte	0x18
 755 030f 13030000 		.4byte	0x313
ARM GAS  C:\Users\jon\AppData\Local\Temp\cciQacr7.s 			page 21


 756 0313 05       		.uleb128 0x5
 757 0314 B0000000 		.4byte	0xb0
 758 0318 19       		.uleb128 0x19
 759 0319 16000000 		.4byte	.LASF34
 760 031d 16000000 		.4byte	.LASF34
 761 0321 04       		.byte	0x4
 762 0322 88       		.byte	0x88
 763 0323 19       		.uleb128 0x19
 764 0324 28020000 		.4byte	.LASF35
 765 0328 28020000 		.4byte	.LASF35
 766 032c 04       		.byte	0x4
 767 032d 8B       		.byte	0x8b
 768 032e 19       		.uleb128 0x19
 769 032f C1020000 		.4byte	.LASF36
 770 0333 C1020000 		.4byte	.LASF36
 771 0337 05       		.byte	0x5
 772 0338 50       		.byte	0x50
 773 0339 19       		.uleb128 0x19
 774 033a AF010000 		.4byte	.LASF37
 775 033e AF010000 		.4byte	.LASF37
 776 0342 04       		.byte	0x4
 777 0343 7D       		.byte	0x7d
 778 0344 19       		.uleb128 0x19
 779 0345 12020000 		.4byte	.LASF38
 780 0349 12020000 		.4byte	.LASF38
 781 034d 04       		.byte	0x4
 782 034e 7E       		.byte	0x7e
 783 034f 19       		.uleb128 0x19
 784 0350 D6020000 		.4byte	.LASF39
 785 0354 D6020000 		.4byte	.LASF39
 786 0358 05       		.byte	0x5
 787 0359 5D       		.byte	0x5d
 788 035a 19       		.uleb128 0x19
 789 035b 25000000 		.4byte	.LASF40
 790 035f 25000000 		.4byte	.LASF40
 791 0363 05       		.byte	0x5
 792 0364 5A       		.byte	0x5a
 793 0365 19       		.uleb128 0x19
 794 0366 61000000 		.4byte	.LASF41
 795 036a 61000000 		.4byte	.LASF41
 796 036e 05       		.byte	0x5
 797 036f 4F       		.byte	0x4f
 798 0370 00       		.byte	0
 799              		.section	.debug_abbrev,"",%progbits
 800              	.Ldebug_abbrev0:
 801 0000 01       		.uleb128 0x1
 802 0001 11       		.uleb128 0x11
 803 0002 01       		.byte	0x1
 804 0003 25       		.uleb128 0x25
 805 0004 0E       		.uleb128 0xe
 806 0005 13       		.uleb128 0x13
 807 0006 0B       		.uleb128 0xb
 808 0007 03       		.uleb128 0x3
 809 0008 0E       		.uleb128 0xe
 810 0009 1B       		.uleb128 0x1b
 811 000a 0E       		.uleb128 0xe
 812 000b 55       		.uleb128 0x55
ARM GAS  C:\Users\jon\AppData\Local\Temp\cciQacr7.s 			page 22


 813 000c 17       		.uleb128 0x17
 814 000d 11       		.uleb128 0x11
 815 000e 01       		.uleb128 0x1
 816 000f 10       		.uleb128 0x10
 817 0010 17       		.uleb128 0x17
 818 0011 00       		.byte	0
 819 0012 00       		.byte	0
 820 0013 02       		.uleb128 0x2
 821 0014 24       		.uleb128 0x24
 822 0015 00       		.byte	0
 823 0016 0B       		.uleb128 0xb
 824 0017 0B       		.uleb128 0xb
 825 0018 3E       		.uleb128 0x3e
 826 0019 0B       		.uleb128 0xb
 827 001a 03       		.uleb128 0x3
 828 001b 08       		.uleb128 0x8
 829 001c 00       		.byte	0
 830 001d 00       		.byte	0
 831 001e 03       		.uleb128 0x3
 832 001f 24       		.uleb128 0x24
 833 0020 00       		.byte	0
 834 0021 0B       		.uleb128 0xb
 835 0022 0B       		.uleb128 0xb
 836 0023 3E       		.uleb128 0x3e
 837 0024 0B       		.uleb128 0xb
 838 0025 03       		.uleb128 0x3
 839 0026 0E       		.uleb128 0xe
 840 0027 00       		.byte	0
 841 0028 00       		.byte	0
 842 0029 04       		.uleb128 0x4
 843 002a 16       		.uleb128 0x16
 844 002b 00       		.byte	0
 845 002c 03       		.uleb128 0x3
 846 002d 0E       		.uleb128 0xe
 847 002e 3A       		.uleb128 0x3a
 848 002f 0B       		.uleb128 0xb
 849 0030 3B       		.uleb128 0x3b
 850 0031 05       		.uleb128 0x5
 851 0032 49       		.uleb128 0x49
 852 0033 13       		.uleb128 0x13
 853 0034 00       		.byte	0
 854 0035 00       		.byte	0
 855 0036 05       		.uleb128 0x5
 856 0037 35       		.uleb128 0x35
 857 0038 00       		.byte	0
 858 0039 49       		.uleb128 0x49
 859 003a 13       		.uleb128 0x13
 860 003b 00       		.byte	0
 861 003c 00       		.byte	0
 862 003d 06       		.uleb128 0x6
 863 003e 2E       		.uleb128 0x2e
 864 003f 01       		.byte	0x1
 865 0040 3F       		.uleb128 0x3f
 866 0041 19       		.uleb128 0x19
 867 0042 03       		.uleb128 0x3
 868 0043 0E       		.uleb128 0xe
 869 0044 3A       		.uleb128 0x3a
ARM GAS  C:\Users\jon\AppData\Local\Temp\cciQacr7.s 			page 23


 870 0045 0B       		.uleb128 0xb
 871 0046 3B       		.uleb128 0x3b
 872 0047 05       		.uleb128 0x5
 873 0048 27       		.uleb128 0x27
 874 0049 19       		.uleb128 0x19
 875 004a 20       		.uleb128 0x20
 876 004b 0B       		.uleb128 0xb
 877 004c 01       		.uleb128 0x1
 878 004d 13       		.uleb128 0x13
 879 004e 00       		.byte	0
 880 004f 00       		.byte	0
 881 0050 07       		.uleb128 0x7
 882 0051 05       		.uleb128 0x5
 883 0052 00       		.byte	0
 884 0053 03       		.uleb128 0x3
 885 0054 0E       		.uleb128 0xe
 886 0055 3A       		.uleb128 0x3a
 887 0056 0B       		.uleb128 0xb
 888 0057 3B       		.uleb128 0x3b
 889 0058 05       		.uleb128 0x5
 890 0059 49       		.uleb128 0x49
 891 005a 13       		.uleb128 0x13
 892 005b 00       		.byte	0
 893 005c 00       		.byte	0
 894 005d 08       		.uleb128 0x8
 895 005e 2E       		.uleb128 0x2e
 896 005f 01       		.byte	0x1
 897 0060 3F       		.uleb128 0x3f
 898 0061 19       		.uleb128 0x19
 899 0062 03       		.uleb128 0x3
 900 0063 0E       		.uleb128 0xe
 901 0064 3A       		.uleb128 0x3a
 902 0065 0B       		.uleb128 0xb
 903 0066 3B       		.uleb128 0x3b
 904 0067 0B       		.uleb128 0xb
 905 0068 27       		.uleb128 0x27
 906 0069 19       		.uleb128 0x19
 907 006a 11       		.uleb128 0x11
 908 006b 01       		.uleb128 0x1
 909 006c 12       		.uleb128 0x12
 910 006d 06       		.uleb128 0x6
 911 006e 40       		.uleb128 0x40
 912 006f 18       		.uleb128 0x18
 913 0070 9742     		.uleb128 0x2117
 914 0072 19       		.uleb128 0x19
 915 0073 01       		.uleb128 0x1
 916 0074 13       		.uleb128 0x13
 917 0075 00       		.byte	0
 918 0076 00       		.byte	0
 919 0077 09       		.uleb128 0x9
 920 0078 898201   		.uleb128 0x4109
 921 007b 01       		.byte	0x1
 922 007c 11       		.uleb128 0x11
 923 007d 01       		.uleb128 0x1
 924 007e 31       		.uleb128 0x31
 925 007f 13       		.uleb128 0x13
 926 0080 01       		.uleb128 0x1
ARM GAS  C:\Users\jon\AppData\Local\Temp\cciQacr7.s 			page 24


 927 0081 13       		.uleb128 0x13
 928 0082 00       		.byte	0
 929 0083 00       		.byte	0
 930 0084 0A       		.uleb128 0xa
 931 0085 8A8201   		.uleb128 0x410a
 932 0088 00       		.byte	0
 933 0089 02       		.uleb128 0x2
 934 008a 18       		.uleb128 0x18
 935 008b 9142     		.uleb128 0x2111
 936 008d 18       		.uleb128 0x18
 937 008e 00       		.byte	0
 938 008f 00       		.byte	0
 939 0090 0B       		.uleb128 0xb
 940 0091 898201   		.uleb128 0x4109
 941 0094 01       		.byte	0x1
 942 0095 11       		.uleb128 0x11
 943 0096 01       		.uleb128 0x1
 944 0097 9542     		.uleb128 0x2115
 945 0099 19       		.uleb128 0x19
 946 009a 31       		.uleb128 0x31
 947 009b 13       		.uleb128 0x13
 948 009c 00       		.byte	0
 949 009d 00       		.byte	0
 950 009e 0C       		.uleb128 0xc
 951 009f 34       		.uleb128 0x34
 952 00a0 00       		.byte	0
 953 00a1 03       		.uleb128 0x3
 954 00a2 0E       		.uleb128 0xe
 955 00a3 3A       		.uleb128 0x3a
 956 00a4 0B       		.uleb128 0xb
 957 00a5 3B       		.uleb128 0x3b
 958 00a6 0B       		.uleb128 0xb
 959 00a7 49       		.uleb128 0x49
 960 00a8 13       		.uleb128 0x13
 961 00a9 02       		.uleb128 0x2
 962 00aa 17       		.uleb128 0x17
 963 00ab 00       		.byte	0
 964 00ac 00       		.byte	0
 965 00ad 0D       		.uleb128 0xd
 966 00ae 898201   		.uleb128 0x4109
 967 00b1 00       		.byte	0
 968 00b2 11       		.uleb128 0x11
 969 00b3 01       		.uleb128 0x1
 970 00b4 31       		.uleb128 0x31
 971 00b5 13       		.uleb128 0x13
 972 00b6 00       		.byte	0
 973 00b7 00       		.byte	0
 974 00b8 0E       		.uleb128 0xe
 975 00b9 2E       		.uleb128 0x2e
 976 00ba 01       		.byte	0x1
 977 00bb 3F       		.uleb128 0x3f
 978 00bc 19       		.uleb128 0x19
 979 00bd 03       		.uleb128 0x3
 980 00be 0E       		.uleb128 0xe
 981 00bf 3A       		.uleb128 0x3a
 982 00c0 0B       		.uleb128 0xb
 983 00c1 3B       		.uleb128 0x3b
ARM GAS  C:\Users\jon\AppData\Local\Temp\cciQacr7.s 			page 25


 984 00c2 0B       		.uleb128 0xb
 985 00c3 27       		.uleb128 0x27
 986 00c4 19       		.uleb128 0x19
 987 00c5 49       		.uleb128 0x49
 988 00c6 13       		.uleb128 0x13
 989 00c7 11       		.uleb128 0x11
 990 00c8 01       		.uleb128 0x1
 991 00c9 12       		.uleb128 0x12
 992 00ca 06       		.uleb128 0x6
 993 00cb 40       		.uleb128 0x40
 994 00cc 18       		.uleb128 0x18
 995 00cd 9742     		.uleb128 0x2117
 996 00cf 19       		.uleb128 0x19
 997 00d0 01       		.uleb128 0x1
 998 00d1 13       		.uleb128 0x13
 999 00d2 00       		.byte	0
 1000 00d3 00       		.byte	0
 1001 00d4 0F       		.uleb128 0xf
 1002 00d5 2E       		.uleb128 0x2e
 1003 00d6 01       		.byte	0x1
 1004 00d7 3F       		.uleb128 0x3f
 1005 00d8 19       		.uleb128 0x19
 1006 00d9 03       		.uleb128 0x3
 1007 00da 0E       		.uleb128 0xe
 1008 00db 3A       		.uleb128 0x3a
 1009 00dc 0B       		.uleb128 0xb
 1010 00dd 3B       		.uleb128 0x3b
 1011 00de 05       		.uleb128 0x5
 1012 00df 27       		.uleb128 0x27
 1013 00e0 19       		.uleb128 0x19
 1014 00e1 11       		.uleb128 0x11
 1015 00e2 01       		.uleb128 0x1
 1016 00e3 12       		.uleb128 0x12
 1017 00e4 06       		.uleb128 0x6
 1018 00e5 40       		.uleb128 0x40
 1019 00e6 18       		.uleb128 0x18
 1020 00e7 9742     		.uleb128 0x2117
 1021 00e9 19       		.uleb128 0x19
 1022 00ea 01       		.uleb128 0x1
 1023 00eb 13       		.uleb128 0x13
 1024 00ec 00       		.byte	0
 1025 00ed 00       		.byte	0
 1026 00ee 10       		.uleb128 0x10
 1027 00ef 05       		.uleb128 0x5
 1028 00f0 00       		.byte	0
 1029 00f1 03       		.uleb128 0x3
 1030 00f2 0E       		.uleb128 0xe
 1031 00f3 3A       		.uleb128 0x3a
 1032 00f4 0B       		.uleb128 0xb
 1033 00f5 3B       		.uleb128 0x3b
 1034 00f6 05       		.uleb128 0x5
 1035 00f7 49       		.uleb128 0x49
 1036 00f8 13       		.uleb128 0x13
 1037 00f9 02       		.uleb128 0x2
 1038 00fa 17       		.uleb128 0x17
 1039 00fb 00       		.byte	0
 1040 00fc 00       		.byte	0
ARM GAS  C:\Users\jon\AppData\Local\Temp\cciQacr7.s 			page 26


 1041 00fd 11       		.uleb128 0x11
 1042 00fe 898201   		.uleb128 0x4109
 1043 0101 01       		.byte	0x1
 1044 0102 11       		.uleb128 0x11
 1045 0103 01       		.uleb128 0x1
 1046 0104 31       		.uleb128 0x31
 1047 0105 13       		.uleb128 0x13
 1048 0106 00       		.byte	0
 1049 0107 00       		.byte	0
 1050 0108 12       		.uleb128 0x12
 1051 0109 2E       		.uleb128 0x2e
 1052 010a 00       		.byte	0
 1053 010b 3F       		.uleb128 0x3f
 1054 010c 19       		.uleb128 0x19
 1055 010d 03       		.uleb128 0x3
 1056 010e 0E       		.uleb128 0xe
 1057 010f 3A       		.uleb128 0x3a
 1058 0110 0B       		.uleb128 0xb
 1059 0111 3B       		.uleb128 0x3b
 1060 0112 05       		.uleb128 0x5
 1061 0113 27       		.uleb128 0x27
 1062 0114 19       		.uleb128 0x19
 1063 0115 49       		.uleb128 0x49
 1064 0116 13       		.uleb128 0x13
 1065 0117 11       		.uleb128 0x11
 1066 0118 01       		.uleb128 0x1
 1067 0119 12       		.uleb128 0x12
 1068 011a 06       		.uleb128 0x6
 1069 011b 40       		.uleb128 0x40
 1070 011c 18       		.uleb128 0x18
 1071 011d 9742     		.uleb128 0x2117
 1072 011f 19       		.uleb128 0x19
 1073 0120 00       		.byte	0
 1074 0121 00       		.byte	0
 1075 0122 13       		.uleb128 0x13
 1076 0123 1D       		.uleb128 0x1d
 1077 0124 01       		.byte	0x1
 1078 0125 31       		.uleb128 0x31
 1079 0126 13       		.uleb128 0x13
 1080 0127 11       		.uleb128 0x11
 1081 0128 01       		.uleb128 0x1
 1082 0129 12       		.uleb128 0x12
 1083 012a 06       		.uleb128 0x6
 1084 012b 58       		.uleb128 0x58
 1085 012c 0B       		.uleb128 0xb
 1086 012d 59       		.uleb128 0x59
 1087 012e 0B       		.uleb128 0xb
 1088 012f 01       		.uleb128 0x1
 1089 0130 13       		.uleb128 0x13
 1090 0131 00       		.byte	0
 1091 0132 00       		.byte	0
 1092 0133 14       		.uleb128 0x14
 1093 0134 05       		.uleb128 0x5
 1094 0135 00       		.byte	0
 1095 0136 31       		.uleb128 0x31
 1096 0137 13       		.uleb128 0x13
 1097 0138 02       		.uleb128 0x2
ARM GAS  C:\Users\jon\AppData\Local\Temp\cciQacr7.s 			page 27


 1098 0139 17       		.uleb128 0x17
 1099 013a 00       		.byte	0
 1100 013b 00       		.byte	0
 1101 013c 15       		.uleb128 0x15
 1102 013d 898201   		.uleb128 0x4109
 1103 0140 00       		.byte	0
 1104 0141 11       		.uleb128 0x11
 1105 0142 01       		.uleb128 0x1
 1106 0143 9542     		.uleb128 0x2115
 1107 0145 19       		.uleb128 0x19
 1108 0146 31       		.uleb128 0x31
 1109 0147 13       		.uleb128 0x13
 1110 0148 00       		.byte	0
 1111 0149 00       		.byte	0
 1112 014a 16       		.uleb128 0x16
 1113 014b 2E       		.uleb128 0x2e
 1114 014c 01       		.byte	0x1
 1115 014d 31       		.uleb128 0x31
 1116 014e 13       		.uleb128 0x13
 1117 014f 11       		.uleb128 0x11
 1118 0150 01       		.uleb128 0x1
 1119 0151 12       		.uleb128 0x12
 1120 0152 06       		.uleb128 0x6
 1121 0153 40       		.uleb128 0x40
 1122 0154 18       		.uleb128 0x18
 1123 0155 9742     		.uleb128 0x2117
 1124 0157 19       		.uleb128 0x19
 1125 0158 01       		.uleb128 0x1
 1126 0159 13       		.uleb128 0x13
 1127 015a 00       		.byte	0
 1128 015b 00       		.byte	0
 1129 015c 17       		.uleb128 0x17
 1130 015d 34       		.uleb128 0x34
 1131 015e 00       		.byte	0
 1132 015f 03       		.uleb128 0x3
 1133 0160 0E       		.uleb128 0xe
 1134 0161 3A       		.uleb128 0x3a
 1135 0162 0B       		.uleb128 0xb
 1136 0163 3B       		.uleb128 0x3b
 1137 0164 0B       		.uleb128 0xb
 1138 0165 49       		.uleb128 0x49
 1139 0166 13       		.uleb128 0x13
 1140 0167 3F       		.uleb128 0x3f
 1141 0168 19       		.uleb128 0x19
 1142 0169 02       		.uleb128 0x2
 1143 016a 18       		.uleb128 0x18
 1144 016b 00       		.byte	0
 1145 016c 00       		.byte	0
 1146 016d 18       		.uleb128 0x18
 1147 016e 34       		.uleb128 0x34
 1148 016f 00       		.byte	0
 1149 0170 03       		.uleb128 0x3
 1150 0171 0E       		.uleb128 0xe
 1151 0172 3A       		.uleb128 0x3a
 1152 0173 0B       		.uleb128 0xb
 1153 0174 3B       		.uleb128 0x3b
 1154 0175 0B       		.uleb128 0xb
ARM GAS  C:\Users\jon\AppData\Local\Temp\cciQacr7.s 			page 28


 1155 0176 49       		.uleb128 0x49
 1156 0177 13       		.uleb128 0x13
 1157 0178 3F       		.uleb128 0x3f
 1158 0179 19       		.uleb128 0x19
 1159 017a 3C       		.uleb128 0x3c
 1160 017b 19       		.uleb128 0x19
 1161 017c 00       		.byte	0
 1162 017d 00       		.byte	0
 1163 017e 19       		.uleb128 0x19
 1164 017f 2E       		.uleb128 0x2e
 1165 0180 00       		.byte	0
 1166 0181 3F       		.uleb128 0x3f
 1167 0182 19       		.uleb128 0x19
 1168 0183 3C       		.uleb128 0x3c
 1169 0184 19       		.uleb128 0x19
 1170 0185 6E       		.uleb128 0x6e
 1171 0186 0E       		.uleb128 0xe
 1172 0187 03       		.uleb128 0x3
 1173 0188 0E       		.uleb128 0xe
 1174 0189 3A       		.uleb128 0x3a
 1175 018a 0B       		.uleb128 0xb
 1176 018b 3B       		.uleb128 0x3b
 1177 018c 0B       		.uleb128 0xb
 1178 018d 00       		.byte	0
 1179 018e 00       		.byte	0
 1180 018f 00       		.byte	0
 1181              		.section	.debug_loc,"",%progbits
 1182              	.Ldebug_loc0:
 1183              	.LLST0:
 1184 0000 0A000000 		.4byte	.LVL3
 1185 0004 17000000 		.4byte	.LVL4-1
 1186 0008 0100     		.2byte	0x1
 1187 000a 50       		.byte	0x50
 1188 000b 00000000 		.4byte	0
 1189 000f 00000000 		.4byte	0
 1190              	.LLST1:
 1191 0013 12000000 		.4byte	.LVL6
 1192 0017 16000000 		.4byte	.LVL7
 1193 001b 0C00     		.2byte	0xc
 1194 001d 70       		.byte	0x70
 1195 001e 80807E   		.sleb128 -32768
 1196 0021 40       		.byte	0x40
 1197 0022 24       		.byte	0x24
 1198 0023 40       		.byte	0x40
 1199 0024 26       		.byte	0x26
 1200 0025 73       		.byte	0x73
 1201 0026 00       		.sleb128 0
 1202 0027 22       		.byte	0x22
 1203 0028 9F       		.byte	0x9f
 1204 0029 00000000 		.4byte	0
 1205 002d 00000000 		.4byte	0
 1206              	.LLST2:
 1207 0031 0C000000 		.4byte	.LVL5
 1208 0035 16000000 		.4byte	.LVL7
 1209 0039 0100     		.2byte	0x1
 1210 003b 50       		.byte	0x50
 1211 003c 00000000 		.4byte	0
ARM GAS  C:\Users\jon\AppData\Local\Temp\cciQacr7.s 			page 29


 1212 0040 00000000 		.4byte	0
 1213              	.LLST3:
 1214 0044 0C000000 		.4byte	.LVL5
 1215 0048 16000000 		.4byte	.LVL7
 1216 004c 0500     		.2byte	0x5
 1217 004e 70       		.byte	0x70
 1218 004f 80807E   		.sleb128 -32768
 1219 0052 9F       		.byte	0x9f
 1220 0053 00000000 		.4byte	0
 1221 0057 00000000 		.4byte	0
 1222              	.LLST4:
 1223 005b 00000000 		.4byte	.LVL8
 1224 005f 0E000000 		.4byte	.LVL9
 1225 0063 0100     		.2byte	0x1
 1226 0065 50       		.byte	0x50
 1227 0066 0E000000 		.4byte	.LVL9
 1228 006a 1C000000 		.4byte	.LVL11
 1229 006e 0100     		.2byte	0x1
 1230 0070 55       		.byte	0x55
 1231 0071 1C000000 		.4byte	.LVL11
 1232 0075 28000000 		.4byte	.LFE5
 1233 0079 0400     		.2byte	0x4
 1234 007b F3       		.byte	0xf3
 1235 007c 01       		.uleb128 0x1
 1236 007d 50       		.byte	0x50
 1237 007e 9F       		.byte	0x9f
 1238 007f 00000000 		.4byte	0
 1239 0083 00000000 		.4byte	0
 1240              	.LLST5:
 1241 0087 10000000 		.4byte	.LVL15
 1242 008b 1D000000 		.4byte	.LVL16-1
 1243 008f 0100     		.2byte	0x1
 1244 0091 50       		.byte	0x50
 1245 0092 00000000 		.4byte	0
 1246 0096 00000000 		.4byte	0
 1247              	.LLST6:
 1248 009a 00000000 		.4byte	.LVL12
 1249 009e 08000000 		.4byte	.LVL13
 1250 00a2 0200     		.2byte	0x2
 1251 00a4 3F       		.byte	0x3f
 1252 00a5 9F       		.byte	0x9f
 1253 00a6 00000000 		.4byte	0
 1254 00aa 00000000 		.4byte	0
 1255              	.LLST7:
 1256 00ae 00000000 		.4byte	.LVL21
 1257 00b2 06000000 		.4byte	.LVL22
 1258 00b6 0100     		.2byte	0x1
 1259 00b8 50       		.byte	0x50
 1260 00b9 06000000 		.4byte	.LVL22
 1261 00bd 10000000 		.4byte	.LFE7
 1262 00c1 0100     		.2byte	0x1
 1263 00c3 50       		.byte	0x50
 1264 00c4 00000000 		.4byte	0
 1265 00c8 00000000 		.4byte	0
 1266              		.section	.debug_aranges,"",%progbits
 1267 0000 5C000000 		.4byte	0x5c
 1268 0004 0200     		.2byte	0x2
ARM GAS  C:\Users\jon\AppData\Local\Temp\cciQacr7.s 			page 30


 1269 0006 00000000 		.4byte	.Ldebug_info0
 1270 000a 04       		.byte	0x4
 1271 000b 00       		.byte	0
 1272 000c 0000     		.2byte	0
 1273 000e 0000     		.2byte	0
 1274 0010 00000000 		.4byte	.LFB0
 1275 0014 24000000 		.4byte	.LFE0-.LFB0
 1276 0018 00000000 		.4byte	.LFB3
 1277 001c 28000000 		.4byte	.LFE3-.LFB3
 1278 0020 00000000 		.4byte	.LFB4
 1279 0024 2C000000 		.4byte	.LFE4-.LFB4
 1280 0028 00000000 		.4byte	.LFB5
 1281 002c 28000000 		.4byte	.LFE5-.LFB5
 1282 0030 00000000 		.4byte	.LFB6
 1283 0034 10000000 		.4byte	.LFE6-.LFB6
 1284 0038 00000000 		.4byte	.LFB1
 1285 003c 34000000 		.4byte	.LFE1-.LFB1
 1286 0040 00000000 		.4byte	.LFB2
 1287 0044 34000000 		.4byte	.LFE2-.LFB2
 1288 0048 00000000 		.4byte	.LFB7
 1289 004c 10000000 		.4byte	.LFE7-.LFB7
 1290 0050 00000000 		.4byte	.LFB8
 1291 0054 10000000 		.4byte	.LFE8-.LFB8
 1292 0058 00000000 		.4byte	0
 1293 005c 00000000 		.4byte	0
 1294              		.section	.debug_ranges,"",%progbits
 1295              	.Ldebug_ranges0:
 1296 0000 00000000 		.4byte	.LFB0
 1297 0004 24000000 		.4byte	.LFE0
 1298 0008 00000000 		.4byte	.LFB3
 1299 000c 28000000 		.4byte	.LFE3
 1300 0010 00000000 		.4byte	.LFB4
 1301 0014 2C000000 		.4byte	.LFE4
 1302 0018 00000000 		.4byte	.LFB5
 1303 001c 28000000 		.4byte	.LFE5
 1304 0020 00000000 		.4byte	.LFB6
 1305 0024 10000000 		.4byte	.LFE6
 1306 0028 00000000 		.4byte	.LFB1
 1307 002c 34000000 		.4byte	.LFE1
 1308 0030 00000000 		.4byte	.LFB2
 1309 0034 34000000 		.4byte	.LFE2
 1310 0038 00000000 		.4byte	.LFB7
 1311 003c 10000000 		.4byte	.LFE7
 1312 0040 00000000 		.4byte	.LFB8
 1313 0044 10000000 		.4byte	.LFE8
 1314 0048 00000000 		.4byte	0
 1315 004c 00000000 		.4byte	0
 1316              		.section	.debug_line,"",%progbits
 1317              	.Ldebug_line0:
 1318 0000 4E010000 		.section	.debug_str,"MS",%progbits,1
 1318      02007900 
 1318      00000201 
 1318      FB0E0D00 
 1318      01010101 
 1319              	.LASF29:
 1320 0000 51756164 		.ascii	"QuadDec_1_Start\000"
 1320      4465635F 
ARM GAS  C:\Users\jon\AppData\Local\Temp\cciQacr7.s 			page 31


 1320      315F5374 
 1320      61727400 
 1321              	.LASF20:
 1322 0010 72656733 		.ascii	"reg32\000"
 1322      3200
 1323              	.LASF34:
 1324 0016 4379496E 		.ascii	"CyIntSetVector\000"
 1324      74536574 
 1324      56656374 
 1324      6F7200
 1325              	.LASF40:
 1326 0025 51756164 		.ascii	"QuadDec_1_Cnt16_WriteCounter\000"
 1326      4465635F 
 1326      315F436E 
 1326      7431365F 
 1326      57726974 
 1327              	.LASF48:
 1328 0042 76616C75 		.ascii	"value\000"
 1328      6500
 1329              	.LASF24:
 1330 0048 636F756E 		.ascii	"count\000"
 1330      7400
 1331              	.LASF6:
 1332 004e 73686F72 		.ascii	"short unsigned int\000"
 1332      7420756E 
 1332      7369676E 
 1332      65642069 
 1332      6E7400
 1333              	.LASF41:
 1334 0061 51756164 		.ascii	"QuadDec_1_Cnt16_Start\000"
 1334      4465635F 
 1334      315F436E 
 1334      7431365F 
 1334      53746172 
 1335              	.LASF47:
 1336 0077 51756164 		.ascii	"QuadDec_1_GetCounter\000"
 1336      4465635F 
 1336      315F4765 
 1336      74436F75 
 1336      6E746572 
 1337              	.LASF17:
 1338 008c 666C6F61 		.ascii	"float\000"
 1338      7400
 1339              	.LASF9:
 1340 0092 6C6F6E67 		.ascii	"long long unsigned int\000"
 1340      206C6F6E 
 1340      6720756E 
 1340      7369676E 
 1340      65642069 
 1341              	.LASF27:
 1342 00a9 51756164 		.ascii	"QuadDec_1_SetCounter\000"
 1342      4465635F 
 1342      315F5365 
 1342      74436F75 
 1342      6E746572 
 1343              	.LASF4:
 1344 00be 756E7369 		.ascii	"unsigned char\000"
ARM GAS  C:\Users\jon\AppData\Local\Temp\cciQacr7.s 			page 32


 1344      676E6564 
 1344      20636861 
 1344      7200
 1345              	.LASF22:
 1346 00cc 51756164 		.ascii	"QuadDec_1_Stop\000"
 1346      4465635F 
 1346      315F5374 
 1346      6F7000
 1347              	.LASF26:
 1348 00db 6877436F 		.ascii	"hwCount\000"
 1348      756E7400 
 1349              	.LASF19:
 1350 00e3 72656738 		.ascii	"reg8\000"
 1350      00
 1351              	.LASF15:
 1352 00e8 696E7431 		.ascii	"int16\000"
 1352      3600
 1353              	.LASF42:
 1354 00ee 474E5520 		.ascii	"GNU C11 5.4.1 20160609 (release) [ARM/embedded-5-br"
 1354      43313120 
 1354      352E342E 
 1354      31203230 
 1354      31363036 
 1355 0121 616E6368 		.ascii	"anch revision 237715] -mcpu=cortex-m3 -mthumb -g -O"
 1355      20726576 
 1355      6973696F 
 1355      6E203233 
 1355      37373135 
 1356 0154 73202D66 		.ascii	"s -ffunction-sections -ffat-lto-objects\000"
 1356      66756E63 
 1356      74696F6E 
 1356      2D736563 
 1356      74696F6E 
 1357              	.LASF16:
 1358 017c 696E7433 		.ascii	"int32\000"
 1358      3200
 1359              	.LASF25:
 1360 0182 746D7043 		.ascii	"tmpCnt\000"
 1360      6E7400
 1361              	.LASF23:
 1362 0189 656E6162 		.ascii	"enableInterrupts\000"
 1362      6C65496E 
 1362      74657272 
 1362      75707473 
 1362      00
 1363              	.LASF18:
 1364 019a 646F7562 		.ascii	"double\000"
 1364      6C6500
 1365              	.LASF13:
 1366 01a1 75696E74 		.ascii	"uint16\000"
 1366      313600
 1367              	.LASF14:
 1368 01a8 75696E74 		.ascii	"uint32\000"
 1368      333200
 1369              	.LASF37:
 1370 01af 4379456E 		.ascii	"CyEnterCriticalSection\000"
 1370      74657243 
ARM GAS  C:\Users\jon\AppData\Local\Temp\cciQacr7.s 			page 33


 1370      72697469 
 1370      63616C53 
 1370      65637469 
 1371              	.LASF8:
 1372 01c6 6C6F6E67 		.ascii	"long unsigned int\000"
 1372      20756E73 
 1372      69676E65 
 1372      6420696E 
 1372      7400
 1373              	.LASF0:
 1374 01d8 756E7369 		.ascii	"unsigned int\000"
 1374      676E6564 
 1374      20696E74 
 1374      00
 1375              	.LASF32:
 1376 01e5 51756164 		.ascii	"QuadDec_1_initVar\000"
 1376      4465635F 
 1376      315F696E 
 1376      69745661 
 1376      7200
 1377              	.LASF31:
 1378 01f7 51756164 		.ascii	"QuadDec_1_GetInterruptMask\000"
 1378      4465635F 
 1378      315F4765 
 1378      74496E74 
 1378      65727275 
 1379              	.LASF38:
 1380 0212 43794578 		.ascii	"CyExitCriticalSection\000"
 1380      69744372 
 1380      69746963 
 1380      616C5365 
 1380      6374696F 
 1381              	.LASF35:
 1382 0228 4379496E 		.ascii	"CyIntSetPriority\000"
 1382      74536574 
 1382      5072696F 
 1382      72697479 
 1382      00
 1383              	.LASF10:
 1384 0239 73697A65 		.ascii	"sizetype\000"
 1384      74797065 
 1384      00
 1385              	.LASF44:
 1386 0242 433A5C55 		.ascii	"C:\\Users\\jon\\Sync\\Research\\PSoC Projects\\Bala"
 1386      73657273 
 1386      5C6A6F6E 
 1386      5C53796E 
 1386      635C5265 
 1387 026f 6E63652E 		.ascii	"nce.cydsn\000"
 1387      63796473 
 1387      6E00
 1388              	.LASF1:
 1389 0279 6C6F6E67 		.ascii	"long long int\000"
 1389      206C6F6E 
 1389      6720696E 
 1389      7400
 1390              	.LASF46:
ARM GAS  C:\Users\jon\AppData\Local\Temp\cciQacr7.s 			page 34


 1391 0287 6D61736B 		.ascii	"mask\000"
 1391      00
 1392              	.LASF33:
 1393 028c 51756164 		.ascii	"QuadDec_1_count32SoftPart\000"
 1393      4465635F 
 1393      315F636F 
 1393      756E7433 
 1393      32536F66 
 1394              	.LASF28:
 1395 02a6 51756164 		.ascii	"QuadDec_1_Enable\000"
 1395      4465635F 
 1395      315F456E 
 1395      61626C65 
 1395      00
 1396              	.LASF5:
 1397 02b7 73686F72 		.ascii	"short int\000"
 1397      7420696E 
 1397      7400
 1398              	.LASF36:
 1399 02c1 51756164 		.ascii	"QuadDec_1_Cnt16_Stop\000"
 1399      4465635F 
 1399      315F436E 
 1399      7431365F 
 1399      53746F70 
 1400              	.LASF39:
 1401 02d6 51756164 		.ascii	"QuadDec_1_Cnt16_ReadCounter\000"
 1401      4465635F 
 1401      315F436E 
 1401      7431365F 
 1401      52656164 
 1402              	.LASF12:
 1403 02f2 75696E74 		.ascii	"uint8\000"
 1403      3800
 1404              	.LASF30:
 1405 02f8 51756164 		.ascii	"QuadDec_1_GetEvents\000"
 1405      4465635F 
 1405      315F4765 
 1405      74457665 
 1405      6E747300 
 1406              	.LASF45:
 1407 030c 51756164 		.ascii	"QuadDec_1_SetInterruptMask\000"
 1407      4465635F 
 1407      315F5365 
 1407      74496E74 
 1407      65727275 
 1408              	.LASF7:
 1409 0327 6C6F6E67 		.ascii	"long int\000"
 1409      20696E74 
 1409      00
 1410              	.LASF11:
 1411 0330 63686172 		.ascii	"char\000"
 1411      00
 1412              	.LASF2:
 1413 0335 6C6F6E67 		.ascii	"long double\000"
 1413      20646F75 
 1413      626C6500 
 1414              	.LASF3:
ARM GAS  C:\Users\jon\AppData\Local\Temp\cciQacr7.s 			page 35


 1415 0341 7369676E 		.ascii	"signed char\000"
 1415      65642063 
 1415      68617200 
 1416              	.LASF21:
 1417 034d 51756164 		.ascii	"QuadDec_1_Init\000"
 1417      4465635F 
 1417      315F496E 
 1417      697400
 1418              	.LASF43:
 1419 035c 47656E65 		.ascii	"Generated_Source\\PSoC5\\QuadDec_1.c\000"
 1419      72617465 
 1419      645F536F 
 1419      75726365 
 1419      5C50536F 
 1420              		.ident	"GCC: (GNU Tools for ARM Embedded Processors) 5.4.1 20160609 (release) [ARM/embedded-5-bran
