ARM GAS  C:\Users\jon\AppData\Local\Temp\cc8DdLN6.s 			page 1


   1              		.syntax unified
   2              		.cpu cortex-m3
   3              		.fpu softvfp
   4              		.eabi_attribute 20, 1
   5              		.eabi_attribute 21, 1
   6              		.eabi_attribute 23, 3
   7              		.eabi_attribute 24, 1
   8              		.eabi_attribute 25, 1
   9              		.eabi_attribute 26, 1
  10              		.eabi_attribute 30, 4
  11              		.eabi_attribute 34, 1
  12              		.eabi_attribute 18, 4
  13              		.thumb
  14              		.syntax unified
  15              		.file	"sbus.c"
  16              		.text
  17              	.Ltext0:
  18              		.cfi_sections	.debug_frame
  19              		.section	.text.sbus_init,"ax",%progbits
  20              		.align	1
  21              		.global	sbus_init
  22              		.thumb
  23              		.thumb_func
  24              		.type	sbus_init, %function
  25              	sbus_init:
  26              	.LFB63:
  27              		.file 1 "sbus.c"
   1:sbus.c        **** #include "sbus.h"
   2:sbus.c        **** #include "project.h"
   3:sbus.c        **** #include <math.h>
   4:sbus.c        **** 
   5:sbus.c        **** #define SBUS_FAILSAFE_INACTIVE 0
   6:sbus.c        **** #define SBUS_FAILSAFE_ACTIVE   1
   7:sbus.c        **** #define SBUS_STARTBYTE         0x0f
   8:sbus.c        **** #define SBUS_ENDBYTE           0x00
   9:sbus.c        **** 
  10:sbus.c        **** typedef unsigned char byte;
  11:sbus.c        **** 
  12:sbus.c        **** int _channels[18];
  13:sbus.c        **** int _failsafe;
  14:sbus.c        **** long _goodFrames;
  15:sbus.c        **** long _lostFrames;
  16:sbus.c        **** long _decoderErrorFrames;
  17:sbus.c        **** int _readErrorState;
  18:sbus.c        **** 
  19:sbus.c        **** static byte buffer[25];
  20:sbus.c        **** static byte buffer_index = 0;
  21:sbus.c        **** 
  22:sbus.c        **** CY_ISR_PROTO(sbus_recv);
  23:sbus.c        **** void sbus_process();
  24:sbus.c        **** 
  25:sbus.c        **** void sbus_init() {
  28              		.loc 1 25 0
  29              		.cfi_startproc
  30              		@ args = 0, pretend = 0, frame = 0
  31              		@ frame_needed = 0, uses_anonymous_args = 0
  32              		@ link register save eliminated.
ARM GAS  C:\Users\jon\AppData\Local\Temp\cc8DdLN6.s 			page 2


  26:sbus.c        ****     buffer_index = 0;
  33              		.loc 1 26 0
  34 0000 0023     		movs	r3, #0
  35              	.LBB2:
  27:sbus.c        ****     _readErrorState = 0;
  28:sbus.c        ****     for (byte i = 0; i<18; i++) {
  29:sbus.c        **** 		_channels[i]      = 0;
  36              		.loc 1 29 0
  37 0002 1846     		mov	r0, r3
  38              	.LBE2:
  26:sbus.c        ****     buffer_index = 0;
  39              		.loc 1 26 0
  40 0004 0A4A     		ldr	r2, .L5
  41              	.LBB3:
  42              		.loc 1 29 0
  43 0006 0B49     		ldr	r1, .L5+4
  44              	.LBE3:
  26:sbus.c        ****     buffer_index = 0;
  45              		.loc 1 26 0
  46 0008 1370     		strb	r3, [r2]
  27:sbus.c        ****     _readErrorState = 0;
  47              		.loc 1 27 0
  48 000a 0B4A     		ldr	r2, .L5+8
  49 000c 1360     		str	r3, [r2]
  50              	.LVL0:
  51              	.L2:
  52              	.LBB4:
  53              		.loc 1 29 0 discriminator 3
  54 000e 41F82300 		str	r0, [r1, r3, lsl #2]
  55              	.LVL1:
  56 0012 0133     		adds	r3, r3, #1
  57              	.LVL2:
  28:sbus.c        **** 		_channels[i]      = 0;
  58              		.loc 1 28 0 discriminator 3
  59 0014 122B     		cmp	r3, #18
  60              		.loc 1 29 0 discriminator 3
  61 0016 4FF00002 		mov	r2, #0
  28:sbus.c        **** 		_channels[i]      = 0;
  62              		.loc 1 28 0 discriminator 3
  63 001a F8D1     		bne	.L2
  64              	.LBE4:
  30:sbus.c        **** 	}
  31:sbus.c        ****     _goodFrames         = 0;
  65              		.loc 1 31 0
  66 001c 074B     		ldr	r3, .L5+12
  67 001e 1A60     		str	r2, [r3]
  32:sbus.c        **** 	_lostFrames         = 0;
  68              		.loc 1 32 0
  69 0020 074B     		ldr	r3, .L5+16
  70 0022 1A60     		str	r2, [r3]
  33:sbus.c        **** 	_decoderErrorFrames = 0;
  71              		.loc 1 33 0
  72 0024 074B     		ldr	r3, .L5+20
  73 0026 1A60     		str	r2, [r3]
  34:sbus.c        **** 	_failsafe           = SBUS_FAILSAFE_INACTIVE;
  74              		.loc 1 34 0
  75 0028 074B     		ldr	r3, .L5+24
ARM GAS  C:\Users\jon\AppData\Local\Temp\cc8DdLN6.s 			page 3


  76 002a 1A60     		str	r2, [r3]
  77 002c 7047     		bx	lr
  78              	.L6:
  79 002e 00BF     		.align	2
  80              	.L5:
  81 0030 00000000 		.word	.LANCHOR0
  82 0034 00000000 		.word	_channels
  83 0038 00000000 		.word	_readErrorState
  84 003c 00000000 		.word	_goodFrames
  85 0040 00000000 		.word	_lostFrames
  86 0044 00000000 		.word	_decoderErrorFrames
  87 0048 00000000 		.word	_failsafe
  88              		.cfi_endproc
  89              	.LFE63:
  90              		.size	sbus_init, .-sbus_init
  91              		.section	.text.sbus_begin,"ax",%progbits
  92              		.align	1
  93              		.global	sbus_begin
  94              		.thumb
  95              		.thumb_func
  96              		.type	sbus_begin, %function
  97              	sbus_begin:
  98              	.LFB64:
  35:sbus.c        **** }
  36:sbus.c        **** 
  37:sbus.c        **** void sbus_begin() {
  99              		.loc 1 37 0
 100              		.cfi_startproc
 101              		@ args = 0, pretend = 0, frame = 0
 102              		@ frame_needed = 0, uses_anonymous_args = 0
 103 0000 08B5     		push	{r3, lr}
 104              		.cfi_def_cfa_offset 8
 105              		.cfi_offset 3, -8
 106              		.cfi_offset 14, -4
  38:sbus.c        ****     
  39:sbus.c        ****     SBUS_Interrupt_StartEx(sbus_recv);
 107              		.loc 1 39 0
 108 0002 0548     		ldr	r0, .L8
 109 0004 FFF7FEFF 		bl	SBUS_Interrupt_StartEx
 110              	.LVL3:
  40:sbus.c        ****     SBUS_Interrupt_SetPriority(1);
 111              		.loc 1 40 0
 112 0008 0120     		movs	r0, #1
 113 000a FFF7FEFF 		bl	SBUS_Interrupt_SetPriority
 114              	.LVL4:
  41:sbus.c        ****     SBUS_UART_Start();
  42:sbus.c        **** }
 115              		.loc 1 42 0
 116 000e BDE80840 		pop	{r3, lr}
 117              		.cfi_restore 14
 118              		.cfi_restore 3
 119              		.cfi_def_cfa_offset 0
  41:sbus.c        ****     SBUS_UART_Start();
 120              		.loc 1 41 0
 121 0012 FFF7FEBF 		b	SBUS_UART_Start
 122              	.LVL5:
 123              	.L9:
ARM GAS  C:\Users\jon\AppData\Local\Temp\cc8DdLN6.s 			page 4


 124 0016 00BF     		.align	2
 125              	.L8:
 126 0018 00000000 		.word	sbus_recv
 127              		.cfi_endproc
 128              	.LFE64:
 129              		.size	sbus_begin, .-sbus_begin
 130              		.section	.text.sbus_process,"ax",%progbits
 131              		.align	1
 132              		.global	sbus_process
 133              		.thumb
 134              		.thumb_func
 135              		.type	sbus_process, %function
 136              	sbus_process:
 137              	.LFB66:
  43:sbus.c        **** 
  44:sbus.c        **** CY_ISR(sbus_recv) {
  45:sbus.c        **** 
  46:sbus.c        ****     buffer[buffer_index] = SBUS_UART_ReadRxData();
  47:sbus.c        ****     
  48:sbus.c        ****     if (buffer_index == 0 && buffer[0] != SBUS_STARTBYTE) return;
  49:sbus.c        ****     
  50:sbus.c        ****     if (++buffer_index == 25) {
  51:sbus.c        ****         buffer_index = 0;
  52:sbus.c        ****         if (buffer[0] == SBUS_STARTBYTE && buffer[24] == SBUS_ENDBYTE) {
  53:sbus.c        ****             sbus_process();
  54:sbus.c        ****             ++_goodFrames;
  55:sbus.c        ****         } else {
  56:sbus.c        ****             ++_decoderErrorFrames;
  57:sbus.c        ****         }
  58:sbus.c        ****         
  59:sbus.c        ****     }
  60:sbus.c        ****     
  61:sbus.c        **** }
  62:sbus.c        **** 
  63:sbus.c        **** inline void sbus_process() {
 138              		.loc 1 63 0
 139              		.cfi_startproc
 140              		@ args = 0, pretend = 0, frame = 0
 141              		@ frame_needed = 0, uses_anonymous_args = 0
 142 0000 10B5     		push	{r4, lr}
 143              		.cfi_def_cfa_offset 8
 144              		.cfi_offset 4, -8
 145              		.cfi_offset 14, -4
 146 0002 484B     		ldr	r3, .L21
  64:sbus.c        **** 
  65:sbus.c        **** 	_channels[0]  = ((buffer[1]    |buffer[2]<<8)                 & 0x07FF);
 147              		.loc 1 65 0
 148 0004 484A     		ldr	r2, .L21+4
 149 0006 5988     		ldrh	r1, [r3, #2]	@ unaligned
 150 0008 DC78     		ldrb	r4, [r3, #3]	@ zero_extendqisi2
 151 000a C1F30A01 		ubfx	r1, r1, #0, #11
 152 000e 1160     		str	r1, [r2]
  66:sbus.c        **** 	_channels[1]  = ((buffer[2]>>3 |buffer[3]<<5)                 & 0x07FF);
 153              		.loc 1 66 0
 154 0010 1979     		ldrb	r1, [r3, #4]	@ zero_extendqisi2
 155 0012 4801     		lsls	r0, r1, #5
 156 0014 40EAD400 		orr	r0, r0, r4, lsr #3
ARM GAS  C:\Users\jon\AppData\Local\Temp\cc8DdLN6.s 			page 5


 157 0018 C0F30A00 		ubfx	r0, r0, #0, #11
  67:sbus.c        **** 	_channels[2]  = ((buffer[3]>>6 |buffer[4]<<2 |buffer[5]<<10)  & 0x07FF);
 158              		.loc 1 67 0
 159 001c 5C79     		ldrb	r4, [r3, #5]	@ zero_extendqisi2
  66:sbus.c        **** 	_channels[1]  = ((buffer[2]>>3 |buffer[3]<<5)                 & 0x07FF);
 160              		.loc 1 66 0
 161 001e 5060     		str	r0, [r2, #4]
 162              		.loc 1 67 0
 163 0020 8909     		lsrs	r1, r1, #6
 164 0022 9879     		ldrb	r0, [r3, #6]	@ zero_extendqisi2
 165 0024 41EA8401 		orr	r1, r1, r4, lsl #2
 166 0028 41EA8021 		orr	r1, r1, r0, lsl #10
  68:sbus.c        **** 	_channels[3]  = ((buffer[5]>>1 |buffer[6]<<7)                 & 0x07FF);
 167              		.loc 1 68 0
 168 002c DC79     		ldrb	r4, [r3, #7]	@ zero_extendqisi2
  67:sbus.c        **** 	_channels[2]  = ((buffer[3]>>6 |buffer[4]<<2 |buffer[5]<<10)  & 0x07FF);
 169              		.loc 1 67 0
 170 002e C1F30A01 		ubfx	r1, r1, #0, #11
 171 0032 9160     		str	r1, [r2, #8]
 172              		.loc 1 68 0
 173 0034 E101     		lsls	r1, r4, #7
 174 0036 41EA5001 		orr	r1, r1, r0, lsr #1
 175 003a C1F30A01 		ubfx	r1, r1, #0, #11
 176 003e D160     		str	r1, [r2, #12]
  69:sbus.c        **** 	_channels[4]  = ((buffer[6]>>4 |buffer[7]<<4)                 & 0x07FF);
 177              		.loc 1 69 0
 178 0040 197A     		ldrb	r1, [r3, #8]	@ zero_extendqisi2
 179 0042 0801     		lsls	r0, r1, #4
 180 0044 40EA1410 		orr	r0, r0, r4, lsr #4
 181 0048 C0F30A00 		ubfx	r0, r0, #0, #11
 182 004c 1061     		str	r0, [r2, #16]
  70:sbus.c        **** 	_channels[5]  = ((buffer[7]>>7 |buffer[8]<<1 |buffer[9]<<9)   & 0x07FF);
 183              		.loc 1 70 0
 184 004e 587A     		ldrb	r0, [r3, #9]	@ zero_extendqisi2
 185 0050 9C7A     		ldrb	r4, [r3, #10]	@ zero_extendqisi2
 186 0052 C909     		lsrs	r1, r1, #7
 187 0054 41EA4001 		orr	r1, r1, r0, lsl #1
 188 0058 41EA4421 		orr	r1, r1, r4, lsl #9
 189 005c C1F30A01 		ubfx	r1, r1, #0, #11
 190 0060 5161     		str	r1, [r2, #20]
  71:sbus.c        **** 	_channels[6]  = ((buffer[9]>>2 |buffer[10]<<6)                & 0x07FF);
 191              		.loc 1 71 0
 192 0062 D97A     		ldrb	r1, [r3, #11]	@ zero_extendqisi2
 193 0064 8801     		lsls	r0, r1, #6
 194 0066 40EA9400 		orr	r0, r0, r4, lsr #2
 195 006a C0F30A00 		ubfx	r0, r0, #0, #11
 196 006e 9061     		str	r0, [r2, #24]
  72:sbus.c        **** 	_channels[7]  = ((buffer[10]>>5|buffer[11]<<3)                & 0x07FF);
 197              		.loc 1 72 0
 198 0070 187B     		ldrb	r0, [r3, #12]	@ zero_extendqisi2
 199 0072 4909     		lsrs	r1, r1, #5
 200 0074 41EAC001 		orr	r1, r1, r0, lsl #3
 201 0078 D161     		str	r1, [r2, #28]
 202 007a B3F80D10 		ldrh	r1, [r3, #13]	@ unaligned
  73:sbus.c        **** 	_channels[8]  = ((buffer[12]   |buffer[13]<<8)                & 0x07FF);
 203              		.loc 1 73 0
 204 007e 9C7B     		ldrb	r4, [r3, #14]	@ zero_extendqisi2
ARM GAS  C:\Users\jon\AppData\Local\Temp\cc8DdLN6.s 			page 6


 205 0080 C1F30A01 		ubfx	r1, r1, #0, #11
 206 0084 1162     		str	r1, [r2, #32]
  74:sbus.c        **** 	_channels[9]  = ((buffer[13]>>3|buffer[14]<<5)                & 0x07FF);
 207              		.loc 1 74 0
 208 0086 D97B     		ldrb	r1, [r3, #15]	@ zero_extendqisi2
 209 0088 4801     		lsls	r0, r1, #5
 210 008a 40EAD400 		orr	r0, r0, r4, lsr #3
 211 008e C0F30A00 		ubfx	r0, r0, #0, #11
  75:sbus.c        **** 	_channels[10] = ((buffer[14]>>6|buffer[15]<<2|buffer[16]<<10) & 0x07FF);
 212              		.loc 1 75 0
 213 0092 1C7C     		ldrb	r4, [r3, #16]	@ zero_extendqisi2
  74:sbus.c        **** 	_channels[9]  = ((buffer[13]>>3|buffer[14]<<5)                & 0x07FF);
 214              		.loc 1 74 0
 215 0094 5062     		str	r0, [r2, #36]
 216              		.loc 1 75 0
 217 0096 8909     		lsrs	r1, r1, #6
 218 0098 587C     		ldrb	r0, [r3, #17]	@ zero_extendqisi2
 219 009a 41EA8401 		orr	r1, r1, r4, lsl #2
 220 009e 41EA8021 		orr	r1, r1, r0, lsl #10
  76:sbus.c        **** 	_channels[11] = ((buffer[16]>>1|buffer[17]<<7)                & 0x07FF);
 221              		.loc 1 76 0
 222 00a2 9C7C     		ldrb	r4, [r3, #18]	@ zero_extendqisi2
  75:sbus.c        **** 	_channels[10] = ((buffer[14]>>6|buffer[15]<<2|buffer[16]<<10) & 0x07FF);
 223              		.loc 1 75 0
 224 00a4 C1F30A01 		ubfx	r1, r1, #0, #11
 225 00a8 9162     		str	r1, [r2, #40]
 226              		.loc 1 76 0
 227 00aa E101     		lsls	r1, r4, #7
 228 00ac 41EA5001 		orr	r1, r1, r0, lsr #1
 229 00b0 C1F30A01 		ubfx	r1, r1, #0, #11
 230 00b4 D162     		str	r1, [r2, #44]
  77:sbus.c        **** 	_channels[12] = ((buffer[17]>>4|buffer[18]<<4)                & 0x07FF);
 231              		.loc 1 77 0
 232 00b6 D97C     		ldrb	r1, [r3, #19]	@ zero_extendqisi2
 233 00b8 0801     		lsls	r0, r1, #4
 234 00ba 40EA1410 		orr	r0, r0, r4, lsr #4
 235 00be C0F30A00 		ubfx	r0, r0, #0, #11
 236 00c2 1063     		str	r0, [r2, #48]
  78:sbus.c        **** 	_channels[13] = ((buffer[18]>>7|buffer[19]<<1|buffer[20]<<9)  & 0x07FF);
 237              		.loc 1 78 0
 238 00c4 5C7D     		ldrb	r4, [r3, #21]	@ zero_extendqisi2
 239 00c6 187D     		ldrb	r0, [r3, #20]	@ zero_extendqisi2
 240 00c8 C909     		lsrs	r1, r1, #7
 241 00ca 41EA4001 		orr	r1, r1, r0, lsl #1
 242 00ce 41EA4421 		orr	r1, r1, r4, lsl #9
 243 00d2 C1F30A01 		ubfx	r1, r1, #0, #11
 244 00d6 5163     		str	r1, [r2, #52]
  79:sbus.c        **** 	_channels[14] = ((buffer[20]>>2|buffer[21]<<6)                & 0x07FF);
 245              		.loc 1 79 0
 246 00d8 997D     		ldrb	r1, [r3, #22]	@ zero_extendqisi2
 247 00da 8801     		lsls	r0, r1, #6
 248 00dc 40EA9400 		orr	r0, r0, r4, lsr #2
 249 00e0 C0F30A00 		ubfx	r0, r0, #0, #11
 250 00e4 9063     		str	r0, [r2, #56]
  80:sbus.c        **** 	_channels[15] = ((buffer[21]>>5|buffer[22]<<3)                & 0x07FF);
 251              		.loc 1 80 0
 252 00e6 D87D     		ldrb	r0, [r3, #23]	@ zero_extendqisi2
ARM GAS  C:\Users\jon\AppData\Local\Temp\cc8DdLN6.s 			page 7


 253 00e8 4909     		lsrs	r1, r1, #5
  81:sbus.c        **** 
  82:sbus.c        **** 	((buffer[23])      & 0x0001) ? (_channels[16] = 2047) : (_channels[16] = 0);
 254              		.loc 1 82 0
 255 00ea 1B7E     		ldrb	r3, [r3, #24]	@ zero_extendqisi2
  80:sbus.c        **** 	_channels[15] = ((buffer[21]>>5|buffer[22]<<3)                & 0x07FF);
 256              		.loc 1 80 0
 257 00ec 41EAC001 		orr	r1, r1, r0, lsl #3
 258 00f0 D163     		str	r1, [r2, #60]
 259              		.loc 1 82 0
 260 00f2 13F00101 		ands	r1, r3, #1
 261 00f6 18BF     		it	ne
 262 00f8 40F2FF71 		movwne	r1, #2047
 263 00fc 1164     		str	r1, [r2, #64]
  83:sbus.c        **** 	((buffer[23] >> 1) & 0x0001) ? (_channels[17] = 2047) : (_channels[17] = 0);
 264              		.loc 1 83 0
 265 00fe C3F34001 		ubfx	r1, r3, #1, #1
 266 0102 09B1     		cbz	r1, .L13
 267              		.loc 1 83 0 is_stmt 0 discriminator 1
 268 0104 40F2FF71 		movw	r1, #2047
 269              	.L13:
 270              		.loc 1 83 0 discriminator 2
 271 0108 5164     		str	r1, [r2, #68]
  84:sbus.c        **** 
  85:sbus.c        **** 	if ((buffer[23] >> 3) & 0x0001) {
 272              		.loc 1 85 0 is_stmt 1 discriminator 2
 273 010a C3F3C001 		ubfx	r1, r3, #3, #1
 274 010e 074A     		ldr	r2, .L21+8
 275 0110 01B1     		cbz	r1, .L15
  86:sbus.c        **** 		_failsafe = SBUS_FAILSAFE_ACTIVE;
 276              		.loc 1 86 0
 277 0112 0121     		movs	r1, #1
 278              	.L15:
  87:sbus.c        **** 	} else {
  88:sbus.c        **** 		_failsafe = SBUS_FAILSAFE_INACTIVE;
  89:sbus.c        **** 	}
  90:sbus.c        **** 
  91:sbus.c        **** 	if ((buffer[23] >> 2) & 0x0001) {
 279              		.loc 1 91 0
 280 0114 5B07     		lsls	r3, r3, #29
  88:sbus.c        **** 	}
 281              		.loc 1 88 0
 282 0116 1160     		str	r1, [r2]
 283              	.LBB7:
  92:sbus.c        **** 		_lostFrames++;
 284              		.loc 1 92 0
 285 0118 41BF     		itttt	mi
 286 011a 054A     		ldrmi	r2, .L21+12
 287 011c 1368     		ldrmi	r3, [r2]
 288 011e 0133     		addmi	r3, r3, #1
 289 0120 1360     		strmi	r3, [r2]
 290 0122 10BD     		pop	{r4, pc}
 291              	.L22:
 292              		.align	2
 293              	.L21:
 294 0124 00000000 		.word	.LANCHOR0
 295 0128 00000000 		.word	_channels
ARM GAS  C:\Users\jon\AppData\Local\Temp\cc8DdLN6.s 			page 8


 296 012c 00000000 		.word	_failsafe
 297 0130 00000000 		.word	_lostFrames
 298              	.LBE7:
 299              		.cfi_endproc
 300              	.LFE66:
 301              		.size	sbus_process, .-sbus_process
 302              		.section	.text.sbus_recv,"ax",%progbits
 303              		.align	1
 304              		.global	sbus_recv
 305              		.thumb
 306              		.thumb_func
 307              		.type	sbus_recv, %function
 308              	sbus_recv:
 309              	.LFB65:
  44:sbus.c        **** 
 310              		.loc 1 44 0
 311              		.cfi_startproc
 312              		@ args = 0, pretend = 0, frame = 0
 313              		@ frame_needed = 0, uses_anonymous_args = 0
 314 0000 38B5     		push	{r3, r4, r5, lr}
 315              		.cfi_def_cfa_offset 16
 316              		.cfi_offset 3, -16
 317              		.cfi_offset 4, -12
 318              		.cfi_offset 5, -8
 319              		.cfi_offset 14, -4
  46:sbus.c        ****     
 320              		.loc 1 46 0
 321 0002 114C     		ldr	r4, .L33
 322 0004 2578     		ldrb	r5, [r4]	@ zero_extendqisi2
 323 0006 FFF7FEFF 		bl	SBUS_UART_ReadRxData
 324              	.LVL6:
  48:sbus.c        ****     
 325              		.loc 1 48 0
 326 000a 2378     		ldrb	r3, [r4]	@ zero_extendqisi2
  46:sbus.c        ****     
 327              		.loc 1 46 0
 328 000c 2544     		add	r5, r5, r4
 329 000e 6870     		strb	r0, [r5, #1]
  48:sbus.c        ****     
 330              		.loc 1 48 0
 331 0010 13B9     		cbnz	r3, .L24
  48:sbus.c        ****     
 332              		.loc 1 48 0 is_stmt 0 discriminator 1
 333 0012 6278     		ldrb	r2, [r4, #1]	@ zero_extendqisi2
 334 0014 0F2A     		cmp	r2, #15
 335 0016 15D1     		bne	.L23
 336              	.L24:
  50:sbus.c        ****         buffer_index = 0;
 337              		.loc 1 50 0 is_stmt 1
 338 0018 0133     		adds	r3, r3, #1
 339 001a DBB2     		uxtb	r3, r3
 340 001c 192B     		cmp	r3, #25
 341 001e 01D0     		beq	.L26
 342 0020 2370     		strb	r3, [r4]
 343 0022 38BD     		pop	{r3, r4, r5, pc}
 344              	.L26:
  51:sbus.c        ****         if (buffer[0] == SBUS_STARTBYTE && buffer[24] == SBUS_ENDBYTE) {
ARM GAS  C:\Users\jon\AppData\Local\Temp\cc8DdLN6.s 			page 9


 345              		.loc 1 51 0
 346 0024 0023     		movs	r3, #0
 347 0026 2370     		strb	r3, [r4]
  52:sbus.c        ****             sbus_process();
 348              		.loc 1 52 0
 349 0028 6378     		ldrb	r3, [r4, #1]	@ zero_extendqisi2
 350 002a 0F2B     		cmp	r3, #15
 351 002c 06D1     		bne	.L28
  52:sbus.c        ****             sbus_process();
 352              		.loc 1 52 0 is_stmt 0 discriminator 1
 353 002e 064B     		ldr	r3, .L33
 354 0030 5B7E     		ldrb	r3, [r3, #25]	@ zero_extendqisi2
 355 0032 1BB9     		cbnz	r3, .L28
 356              	.LBB10:
 357              	.LBB11:
  53:sbus.c        ****             ++_goodFrames;
 358              		.loc 1 53 0 is_stmt 1
 359 0034 FFF7FEFF 		bl	sbus_process
 360              	.LVL7:
  54:sbus.c        ****         } else {
 361              		.loc 1 54 0
 362 0038 044A     		ldr	r2, .L33+4
 363 003a 00E0     		b	.L32
 364              	.L28:
 365              	.LBE11:
 366              	.LBE10:
  56:sbus.c        ****         }
 367              		.loc 1 56 0
 368 003c 044A     		ldr	r2, .L33+8
 369              	.L32:
 370 003e 1368     		ldr	r3, [r2]
 371 0040 0133     		adds	r3, r3, #1
 372 0042 1360     		str	r3, [r2]
 373              	.L23:
 374 0044 38BD     		pop	{r3, r4, r5, pc}
 375              	.L34:
 376 0046 00BF     		.align	2
 377              	.L33:
 378 0048 00000000 		.word	.LANCHOR0
 379 004c 00000000 		.word	_goodFrames
 380 0050 00000000 		.word	_decoderErrorFrames
 381              		.cfi_endproc
 382              	.LFE65:
 383              		.size	sbus_recv, .-sbus_recv
 384              		.section	.text.sbus_getChannel,"ax",%progbits
 385              		.align	1
 386              		.global	sbus_getChannel
 387              		.thumb
 388              		.thumb_func
 389              		.type	sbus_getChannel, %function
 390              	sbus_getChannel:
 391              	.LFB67:
  93:sbus.c        **** 	}
  94:sbus.c        **** 
  95:sbus.c        **** }
  96:sbus.c        **** 
  97:sbus.c        **** int sbus_getChannel(int channel) {
ARM GAS  C:\Users\jon\AppData\Local\Temp\cc8DdLN6.s 			page 10


 392              		.loc 1 97 0
 393              		.cfi_startproc
 394              		@ args = 0, pretend = 0, frame = 0
 395              		@ frame_needed = 0, uses_anonymous_args = 0
 396              		@ link register save eliminated.
 397              	.LVL8:
  98:sbus.c        **** 	if (channel < 1 || channel > 18) {
 398              		.loc 1 98 0
 399 0000 0138     		subs	r0, r0, #1
 400              	.LVL9:
 401 0002 1128     		cmp	r0, #17
  99:sbus.c        **** 		return 0;
 100:sbus.c        **** 	} else {
 101:sbus.c        **** 		return _channels[channel - 1];
 402              		.loc 1 101 0
 403 0004 9ABF     		itte	ls
 404 0006 024B     		ldrls	r3, .L38
 405 0008 53F82000 		ldrls	r0, [r3, r0, lsl #2]
 406              	.LVL10:
  99:sbus.c        **** 		return 0;
 407              		.loc 1 99 0
 408 000c 0020     		movhi	r0, #0
 102:sbus.c        **** 	}
 103:sbus.c        **** }
 409              		.loc 1 103 0
 410 000e 7047     		bx	lr
 411              	.L39:
 412              		.align	2
 413              	.L38:
 414 0010 00000000 		.word	_channels
 415              		.cfi_endproc
 416              	.LFE67:
 417              		.size	sbus_getChannel, .-sbus_getChannel
 418              		.global	__aeabi_i2d
 419              		.global	__aeabi_ddiv
 420              		.global	__aeabi_d2f
 421              		.section	.text.sbus_getNormalizedChannel,"ax",%progbits
 422              		.align	1
 423              		.global	sbus_getNormalizedChannel
 424              		.thumb
 425              		.thumb_func
 426              		.type	sbus_getNormalizedChannel, %function
 427              	sbus_getNormalizedChannel:
 428              	.LFB68:
 104:sbus.c        **** 
 105:sbus.c        **** 
 106:sbus.c        **** int sbus_getNormalizedChannel(int channel) {
 429              		.loc 1 106 0
 430              		.cfi_startproc
 431              		@ args = 0, pretend = 0, frame = 0
 432              		@ frame_needed = 0, uses_anonymous_args = 0
 433              	.LVL11:
 107:sbus.c        **** 	if (channel < 1 || channel > 18) {
 434              		.loc 1 107 0
 435 0000 0138     		subs	r0, r0, #1
 436              	.LVL12:
 437 0002 1128     		cmp	r0, #17
ARM GAS  C:\Users\jon\AppData\Local\Temp\cc8DdLN6.s 			page 11


 106:sbus.c        **** 	if (channel < 1 || channel > 18) {
 438              		.loc 1 106 0
 439 0004 08B5     		push	{r3, lr}
 440              		.cfi_def_cfa_offset 8
 441              		.cfi_offset 3, -8
 442              		.cfi_offset 14, -4
 443              		.loc 1 107 0
 444 0006 10D8     		bhi	.L42
 108:sbus.c        **** 		return 0;
 109:sbus.c        **** 	} else {
 110:sbus.c        **** 		//return lroundf((_channels[channel - 1] / 10.24)) - 100; //9.92 or 10.24?
 111:sbus.c        ****         return lroundf((_channels[channel - 1] - 172) / 8.195) - 100;
 445              		.loc 1 111 0
 446 0008 0B4B     		ldr	r3, .L43+8
 447 000a 53F82000 		ldr	r0, [r3, r0, lsl #2]
 448              	.LVL13:
 449 000e AC38     		subs	r0, r0, #172
 450 0010 FFF7FEFF 		bl	__aeabi_i2d
 451              	.LVL14:
 452 0014 06A3     		adr	r3, .L43
 453 0016 D3E90023 		ldrd	r2, [r3]
 454 001a FFF7FEFF 		bl	__aeabi_ddiv
 455              	.LVL15:
 456 001e FFF7FEFF 		bl	__aeabi_d2f
 457              	.LVL16:
 458 0022 FFF7FEFF 		bl	lroundf
 459              	.LVL17:
 460 0026 6438     		subs	r0, r0, #100
 461 0028 08BD     		pop	{r3, pc}
 462              	.L42:
 108:sbus.c        **** 		return 0;
 463              		.loc 1 108 0
 464 002a 0020     		movs	r0, #0
 112:sbus.c        **** 	}
 113:sbus.c        **** }
 465              		.loc 1 113 0
 466 002c 08BD     		pop	{r3, pc}
 467              	.L44:
 468 002e 00BF     		.align	3
 469              	.L43:
 470 0030 A4703D0A 		.word	171798692
 471 0034 D7632040 		.word	1075864535
 472 0038 00000000 		.word	_channels
 473              		.cfi_endproc
 474              	.LFE68:
 475              		.size	sbus_getNormalizedChannel, .-sbus_getNormalizedChannel
 476              		.section	.text.sbus_getByteChannel,"ax",%progbits
 477              		.align	1
 478              		.global	sbus_getByteChannel
 479              		.thumb
 480              		.thumb_func
 481              		.type	sbus_getByteChannel, %function
 482              	sbus_getByteChannel:
 483              	.LFB69:
 114:sbus.c        **** 
 115:sbus.c        **** signed char sbus_getByteChannel(int channel) {
 484              		.loc 1 115 0
ARM GAS  C:\Users\jon\AppData\Local\Temp\cc8DdLN6.s 			page 12


 485              		.cfi_startproc
 486              		@ args = 0, pretend = 0, frame = 0
 487              		@ frame_needed = 0, uses_anonymous_args = 0
 488              	.LVL18:
 116:sbus.c        ****     if (channel < 1 || channel > 18) {
 489              		.loc 1 116 0
 490 0000 0138     		subs	r0, r0, #1
 491              	.LVL19:
 492 0002 1128     		cmp	r0, #17
 115:sbus.c        ****     if (channel < 1 || channel > 18) {
 493              		.loc 1 115 0
 494 0004 08B5     		push	{r3, lr}
 495              		.cfi_def_cfa_offset 8
 496              		.cfi_offset 3, -8
 497              		.cfi_offset 14, -4
 498              		.loc 1 116 0
 499 0006 13D8     		bhi	.L47
 500              	.LBB12:
 117:sbus.c        ****         return 0;
 118:sbus.c        ****     } else {
 119:sbus.c        ****         int result = lroundf((_channels[channel - 1] - 172) / 6.4528) - 127;
 501              		.loc 1 119 0
 502 0008 0D4B     		ldr	r3, .L48+8
 503 000a 53F82000 		ldr	r0, [r3, r0, lsl #2]
 504              	.LVL20:
 505 000e AC38     		subs	r0, r0, #172
 506 0010 FFF7FEFF 		bl	__aeabi_i2d
 507              	.LVL21:
 508 0014 08A3     		adr	r3, .L48
 509 0016 D3E90023 		ldrd	r2, [r3]
 510 001a FFF7FEFF 		bl	__aeabi_ddiv
 511              	.LVL22:
 512 001e FFF7FEFF 		bl	__aeabi_d2f
 513              	.LVL23:
 514 0022 FFF7FEFF 		bl	lroundf
 515              	.LVL24:
 516 0026 7F38     		subs	r0, r0, #127
 517              	.LVL25:
 120:sbus.c        ****         if (result > 127) {
 121:sbus.c        ****             result = 127;
 122:sbus.c        ****         } else if (result < -128) {
 123:sbus.c        ****             result = -128;
 124:sbus.c        ****         }
 125:sbus.c        ****         return (signed char)result;
 518              		.loc 1 125 0
 519 0028 00F30700 		ssat	r0, #8, r0
 520              	.LVL26:
 521 002c 40B2     		sxtb	r0, r0
 522              	.LVL27:
 523 002e 08BD     		pop	{r3, pc}
 524              	.L47:
 525              	.LBE12:
 117:sbus.c        ****         return 0;
 526              		.loc 1 117 0
 527 0030 0020     		movs	r0, #0
 126:sbus.c        ****     }
 127:sbus.c        **** }
ARM GAS  C:\Users\jon\AppData\Local\Temp\cc8DdLN6.s 			page 13


 528              		.loc 1 127 0
 529 0032 08BD     		pop	{r3, pc}
 530              	.L49:
 531 0034 AFF30080 		.align	3
 532              	.L48:
 533 0038 E4839ECD 		.word	-845249564
 534 003c AACF1940 		.word	1075433386
 535 0040 00000000 		.word	_channels
 536              		.cfi_endproc
 537              	.LFE69:
 538              		.size	sbus_getByteChannel, .-sbus_getByteChannel
 539              		.section	.text.sbus_getFailsafeStatus,"ax",%progbits
 540              		.align	1
 541              		.global	sbus_getFailsafeStatus
 542              		.thumb
 543              		.thumb_func
 544              		.type	sbus_getFailsafeStatus, %function
 545              	sbus_getFailsafeStatus:
 546              	.LFB70:
 128:sbus.c        **** 
 129:sbus.c        **** 
 130:sbus.c        **** int sbus_getFailsafeStatus() {
 547              		.loc 1 130 0
 548              		.cfi_startproc
 549              		@ args = 0, pretend = 0, frame = 0
 550              		@ frame_needed = 0, uses_anonymous_args = 0
 551              		@ link register save eliminated.
 131:sbus.c        **** 	return _failsafe;
 132:sbus.c        **** }
 552              		.loc 1 132 0
 553 0000 014B     		ldr	r3, .L51
 554 0002 1868     		ldr	r0, [r3]
 555 0004 7047     		bx	lr
 556              	.L52:
 557 0006 00BF     		.align	2
 558              	.L51:
 559 0008 00000000 		.word	_failsafe
 560              		.cfi_endproc
 561              	.LFE70:
 562              		.size	sbus_getFailsafeStatus, .-sbus_getFailsafeStatus
 563              		.section	.text.sbus_getFrameLoss,"ax",%progbits
 564              		.align	1
 565              		.global	sbus_getFrameLoss
 566              		.thumb
 567              		.thumb_func
 568              		.type	sbus_getFrameLoss, %function
 569              	sbus_getFrameLoss:
 570              	.LFB71:
 133:sbus.c        **** 
 134:sbus.c        **** int sbus_getFrameLoss() {
 571              		.loc 1 134 0
 572              		.cfi_startproc
 573              		@ args = 0, pretend = 0, frame = 0
 574              		@ frame_needed = 0, uses_anonymous_args = 0
 575              		@ link register save eliminated.
 135:sbus.c        **** 	return (int) ((_lostFrames + _decoderErrorFrames) * 100 / (_goodFrames + _lostFrames + _decoderErr
 576              		.loc 1 135 0
ARM GAS  C:\Users\jon\AppData\Local\Temp\cc8DdLN6.s 			page 14


 577 0000 064B     		ldr	r3, .L54
 578 0002 6422     		movs	r2, #100
 579 0004 1968     		ldr	r1, [r3]
 580 0006 064B     		ldr	r3, .L54+4
 581 0008 1B68     		ldr	r3, [r3]
 582 000a C818     		adds	r0, r1, r3
 583 000c 5043     		muls	r0, r2, r0
 584 000e 054A     		ldr	r2, .L54+8
 585 0010 1268     		ldr	r2, [r2]
 586 0012 0A44     		add	r2, r2, r1
 587 0014 1344     		add	r3, r3, r2
 136:sbus.c        **** }
 588              		.loc 1 136 0
 589 0016 90FBF3F0 		sdiv	r0, r0, r3
 590 001a 7047     		bx	lr
 591              	.L55:
 592              		.align	2
 593              	.L54:
 594 001c 00000000 		.word	_lostFrames
 595 0020 00000000 		.word	_decoderErrorFrames
 596 0024 00000000 		.word	_goodFrames
 597              		.cfi_endproc
 598              	.LFE71:
 599              		.size	sbus_getFrameLoss, .-sbus_getFrameLoss
 600              		.section	.text.sbus_getGoodFrames,"ax",%progbits
 601              		.align	1
 602              		.global	sbus_getGoodFrames
 603              		.thumb
 604              		.thumb_func
 605              		.type	sbus_getGoodFrames, %function
 606              	sbus_getGoodFrames:
 607              	.LFB72:
 137:sbus.c        **** 
 138:sbus.c        **** long sbus_getGoodFrames() {
 608              		.loc 1 138 0
 609              		.cfi_startproc
 610              		@ args = 0, pretend = 0, frame = 0
 611              		@ frame_needed = 0, uses_anonymous_args = 0
 612              		@ link register save eliminated.
 139:sbus.c        **** 	return _goodFrames;
 140:sbus.c        **** }
 613              		.loc 1 140 0
 614 0000 014B     		ldr	r3, .L57
 615 0002 1868     		ldr	r0, [r3]
 616 0004 7047     		bx	lr
 617              	.L58:
 618 0006 00BF     		.align	2
 619              	.L57:
 620 0008 00000000 		.word	_goodFrames
 621              		.cfi_endproc
 622              	.LFE72:
 623              		.size	sbus_getGoodFrames, .-sbus_getGoodFrames
 624              		.section	.text.sbus_getLostFrames,"ax",%progbits
 625              		.align	1
 626              		.global	sbus_getLostFrames
 627              		.thumb
 628              		.thumb_func
ARM GAS  C:\Users\jon\AppData\Local\Temp\cc8DdLN6.s 			page 15


 629              		.type	sbus_getLostFrames, %function
 630              	sbus_getLostFrames:
 631              	.LFB73:
 141:sbus.c        **** 
 142:sbus.c        **** long sbus_getLostFrames() {
 632              		.loc 1 142 0
 633              		.cfi_startproc
 634              		@ args = 0, pretend = 0, frame = 0
 635              		@ frame_needed = 0, uses_anonymous_args = 0
 636              		@ link register save eliminated.
 143:sbus.c        **** 	return _lostFrames;
 144:sbus.c        **** }
 637              		.loc 1 144 0
 638 0000 014B     		ldr	r3, .L60
 639 0002 1868     		ldr	r0, [r3]
 640 0004 7047     		bx	lr
 641              	.L61:
 642 0006 00BF     		.align	2
 643              	.L60:
 644 0008 00000000 		.word	_lostFrames
 645              		.cfi_endproc
 646              	.LFE73:
 647              		.size	sbus_getLostFrames, .-sbus_getLostFrames
 648              		.section	.text.sbus_getDecoderErrorFrames,"ax",%progbits
 649              		.align	1
 650              		.global	sbus_getDecoderErrorFrames
 651              		.thumb
 652              		.thumb_func
 653              		.type	sbus_getDecoderErrorFrames, %function
 654              	sbus_getDecoderErrorFrames:
 655              	.LFB74:
 145:sbus.c        **** 
 146:sbus.c        **** long sbus_getDecoderErrorFrames() {
 656              		.loc 1 146 0
 657              		.cfi_startproc
 658              		@ args = 0, pretend = 0, frame = 0
 659              		@ frame_needed = 0, uses_anonymous_args = 0
 660              		@ link register save eliminated.
 147:sbus.c        **** 	return _decoderErrorFrames;
 148:sbus.c        **** }
 661              		.loc 1 148 0
 662 0000 014B     		ldr	r3, .L63
 663 0002 1868     		ldr	r0, [r3]
 664 0004 7047     		bx	lr
 665              	.L64:
 666 0006 00BF     		.align	2
 667              	.L63:
 668 0008 00000000 		.word	_decoderErrorFrames
 669              		.cfi_endproc
 670              	.LFE74:
 671              		.size	sbus_getDecoderErrorFrames, .-sbus_getDecoderErrorFrames
 672              		.comm	_readErrorState,4,4
 673              		.comm	_decoderErrorFrames,4,4
 674              		.comm	_lostFrames,4,4
 675              		.comm	_goodFrames,4,4
 676              		.comm	_failsafe,4,4
 677              		.comm	_channels,72,4
ARM GAS  C:\Users\jon\AppData\Local\Temp\cc8DdLN6.s 			page 16


 678              		.bss
 679              		.set	.LANCHOR0,. + 0
 680              		.type	buffer_index, %object
 681              		.size	buffer_index, 1
 682              	buffer_index:
 683 0000 00       		.space	1
 684              		.type	buffer, %object
 685              		.size	buffer, 25
 686              	buffer:
 687 0001 00000000 		.space	25
 687      00000000 
 687      00000000 
 687      00000000 
 687      00000000 
 688              		.text
 689              	.Letext0:
 690              		.file 2 "c:\\program files (x86)\\cypress\\psoc creator\\4.2\\psoc creator\\import\\gnu\\arm\\5.4.
 691              		.file 3 "c:\\program files (x86)\\cypress\\psoc creator\\4.2\\psoc creator\\import\\gnu\\arm\\5.4.
 692              		.file 4 "Generated_Source\\PSoC5/core_cm3.h"
 693              		.file 5 "Generated_Source\\PSoC5/SBUS_Interrupt.h"
 694              		.file 6 "Generated_Source\\PSoC5/SBUS_UART.h"
 695              		.file 7 "c:\\program files (x86)\\cypress\\psoc creator\\4.2\\psoc creator\\import\\gnu\\arm\\5.4.
 696              		.section	.debug_info,"",%progbits
 697              	.Ldebug_info0:
 698 0000 63030000 		.4byte	0x363
 699 0004 0400     		.2byte	0x4
 700 0006 00000000 		.4byte	.Ldebug_abbrev0
 701 000a 04       		.byte	0x4
 702 000b 01       		.uleb128 0x1
 703 000c 71020000 		.4byte	.LASF43
 704 0010 0C       		.byte	0xc
 705 0011 64000000 		.4byte	.LASF44
 706 0015 DF010000 		.4byte	.LASF45
 707 0019 20000000 		.4byte	.Ldebug_ranges0+0x20
 708 001d 00000000 		.4byte	0
 709 0021 00000000 		.4byte	.Ldebug_line0
 710 0025 02       		.uleb128 0x2
 711 0026 01       		.byte	0x1
 712 0027 06       		.byte	0x6
 713 0028 0B030000 		.4byte	.LASF0
 714 002c 02       		.uleb128 0x2
 715 002d 01       		.byte	0x1
 716 002e 08       		.byte	0x8
 717 002f C0000000 		.4byte	.LASF1
 718 0033 02       		.uleb128 0x2
 719 0034 02       		.byte	0x2
 720 0035 05       		.byte	0x5
 721 0036 3F020000 		.4byte	.LASF2
 722 003a 02       		.uleb128 0x2
 723 003b 02       		.byte	0x2
 724 003c 07       		.byte	0x7
 725 003d 05010000 		.4byte	.LASF3
 726 0041 03       		.uleb128 0x3
 727 0042 5A000000 		.4byte	.LASF9
 728 0046 02       		.byte	0x2
 729 0047 3F       		.byte	0x3f
 730 0048 4C000000 		.4byte	0x4c
ARM GAS  C:\Users\jon\AppData\Local\Temp\cc8DdLN6.s 			page 17


 731 004c 02       		.uleb128 0x2
 732 004d 04       		.byte	0x4
 733 004e 05       		.byte	0x5
 734 004f 68020000 		.4byte	.LASF4
 735 0053 02       		.uleb128 0x2
 736 0054 04       		.byte	0x4
 737 0055 07       		.byte	0x7
 738 0056 DE000000 		.4byte	.LASF5
 739 005a 02       		.uleb128 0x2
 740 005b 08       		.byte	0x8
 741 005c 05       		.byte	0x5
 742 005d 1F020000 		.4byte	.LASF6
 743 0061 02       		.uleb128 0x2
 744 0062 08       		.byte	0x8
 745 0063 07       		.byte	0x7
 746 0064 92000000 		.4byte	.LASF7
 747 0068 04       		.uleb128 0x4
 748 0069 04       		.byte	0x4
 749 006a 05       		.byte	0x5
 750 006b 696E7400 		.ascii	"int\000"
 751 006f 02       		.uleb128 0x2
 752 0070 04       		.byte	0x4
 753 0071 07       		.byte	0x7
 754 0072 69010000 		.4byte	.LASF8
 755 0076 03       		.uleb128 0x3
 756 0077 84000000 		.4byte	.LASF10
 757 007b 03       		.byte	0x3
 758 007c 2C       		.byte	0x2c
 759 007d 41000000 		.4byte	0x41
 760 0081 02       		.uleb128 0x2
 761 0082 04       		.byte	0x4
 762 0083 04       		.byte	0x4
 763 0084 8C000000 		.4byte	.LASF11
 764 0088 02       		.uleb128 0x2
 765 0089 08       		.byte	0x8
 766 008a 04       		.byte	0x4
 767 008b 4B010000 		.4byte	.LASF12
 768 008f 02       		.uleb128 0x2
 769 0090 01       		.byte	0x1
 770 0091 08       		.byte	0x8
 771 0092 2D020000 		.4byte	.LASF13
 772 0096 02       		.uleb128 0x2
 773 0097 08       		.byte	0x8
 774 0098 04       		.byte	0x4
 775 0099 FF020000 		.4byte	.LASF14
 776 009d 02       		.uleb128 0x2
 777 009e 04       		.byte	0x4
 778 009f 07       		.byte	0x7
 779 00a0 16020000 		.4byte	.LASF15
 780 00a4 03       		.uleb128 0x3
 781 00a5 7F000000 		.4byte	.LASF16
 782 00a9 01       		.byte	0x1
 783 00aa 0A       		.byte	0xa
 784 00ab 2C000000 		.4byte	0x2c
 785 00af 05       		.uleb128 0x5
 786 00b0 50020000 		.4byte	.LASF46
 787 00b4 01       		.byte	0x1
ARM GAS  C:\Users\jon\AppData\Local\Temp\cc8DdLN6.s 			page 18


 788 00b5 3F       		.byte	0x3f
 789 00b6 03       		.byte	0x3
 790 00b7 06       		.uleb128 0x6
 791 00b8 1D000000 		.4byte	.LASF47
 792 00bc 01       		.byte	0x1
 793 00bd 2C       		.byte	0x2c
 794 00be 01       		.byte	0x1
 795 00bf 07       		.uleb128 0x7
 796 00c0 18010000 		.4byte	.LASF17
 797 00c4 01       		.byte	0x1
 798 00c5 19       		.byte	0x19
 799 00c6 00000000 		.4byte	.LFB63
 800 00ca 4C000000 		.4byte	.LFE63-.LFB63
 801 00ce 01       		.uleb128 0x1
 802 00cf 9C       		.byte	0x9c
 803 00d0 E8000000 		.4byte	0xe8
 804 00d4 08       		.uleb128 0x8
 805 00d5 00000000 		.4byte	.Ldebug_ranges0+0
 806 00d9 09       		.uleb128 0x9
 807 00da 6900     		.ascii	"i\000"
 808 00dc 01       		.byte	0x1
 809 00dd 1C       		.byte	0x1c
 810 00de A4000000 		.4byte	0xa4
 811 00e2 00000000 		.4byte	.LLST0
 812 00e6 00       		.byte	0
 813 00e7 00       		.byte	0
 814 00e8 07       		.uleb128 0x7
 815 00e9 5D020000 		.4byte	.LASF18
 816 00ed 01       		.byte	0x1
 817 00ee 25       		.byte	0x25
 818 00ef 00000000 		.4byte	.LFB64
 819 00f3 1C000000 		.4byte	.LFE64-.LFB64
 820 00f7 01       		.uleb128 0x1
 821 00f8 9C       		.byte	0x9c
 822 00f9 31010000 		.4byte	0x131
 823 00fd 0A       		.uleb128 0xa
 824 00fe 08000000 		.4byte	.LVL3
 825 0102 2E030000 		.4byte	0x32e
 826 0106 14010000 		.4byte	0x114
 827 010a 0B       		.uleb128 0xb
 828 010b 01       		.uleb128 0x1
 829 010c 50       		.byte	0x50
 830 010d 05       		.uleb128 0x5
 831 010e 03       		.byte	0x3
 832 010f 00000000 		.4byte	sbus_recv
 833 0113 00       		.byte	0
 834 0114 0A       		.uleb128 0xa
 835 0115 0E000000 		.4byte	.LVL4
 836 0119 39030000 		.4byte	0x339
 837 011d 27010000 		.4byte	0x127
 838 0121 0B       		.uleb128 0xb
 839 0122 01       		.uleb128 0x1
 840 0123 50       		.byte	0x50
 841 0124 01       		.uleb128 0x1
 842 0125 31       		.byte	0x31
 843 0126 00       		.byte	0
 844 0127 0C       		.uleb128 0xc
ARM GAS  C:\Users\jon\AppData\Local\Temp\cc8DdLN6.s 			page 19


 845 0128 16000000 		.4byte	.LVL5
 846 012c 44030000 		.4byte	0x344
 847 0130 00       		.byte	0
 848 0131 0D       		.uleb128 0xd
 849 0132 AF000000 		.4byte	0xaf
 850 0136 00000000 		.4byte	.LFB66
 851 013a 34010000 		.4byte	.LFE66-.LFB66
 852 013e 01       		.uleb128 0x1
 853 013f 9C       		.byte	0x9c
 854 0140 0E       		.uleb128 0xe
 855 0141 B7000000 		.4byte	0xb7
 856 0145 00000000 		.4byte	.LFB65
 857 0149 54000000 		.4byte	.LFE65-.LFB65
 858 014d 01       		.uleb128 0x1
 859 014e 9C       		.byte	0x9c
 860 014f 66010000 		.4byte	0x166
 861 0153 0F       		.uleb128 0xf
 862 0154 0A000000 		.4byte	.LVL6
 863 0158 4F030000 		.4byte	0x34f
 864 015c 0F       		.uleb128 0xf
 865 015d 38000000 		.4byte	.LVL7
 866 0161 AF000000 		.4byte	0xaf
 867 0165 00       		.byte	0
 868 0166 10       		.uleb128 0x10
 869 0167 76010000 		.4byte	.LASF19
 870 016b 01       		.byte	0x1
 871 016c 61       		.byte	0x61
 872 016d 68000000 		.4byte	0x68
 873 0171 00000000 		.4byte	.LFB67
 874 0175 14000000 		.4byte	.LFE67-.LFB67
 875 0179 01       		.uleb128 0x1
 876 017a 9C       		.byte	0x9c
 877 017b 8F010000 		.4byte	0x18f
 878 017f 11       		.uleb128 0x11
 879 0180 33000000 		.4byte	.LASF21
 880 0184 01       		.byte	0x1
 881 0185 61       		.byte	0x61
 882 0186 68000000 		.4byte	0x68
 883 018a 20000000 		.4byte	.LLST1
 884 018e 00       		.byte	0
 885 018f 12       		.uleb128 0x12
 886 0190 17030000 		.4byte	.LASF20
 887 0194 01       		.byte	0x1
 888 0195 6A       		.byte	0x6a
 889 0196 68000000 		.4byte	0x68
 890 019a 00000000 		.4byte	.LFB68
 891 019e 3C000000 		.4byte	.LFE68-.LFB68
 892 01a2 01       		.uleb128 0x1
 893 01a3 9C       		.byte	0x9c
 894 01a4 C1010000 		.4byte	0x1c1
 895 01a8 11       		.uleb128 0x11
 896 01a9 33000000 		.4byte	.LASF21
 897 01ad 01       		.byte	0x1
 898 01ae 6A       		.byte	0x6a
 899 01af 68000000 		.4byte	0x68
 900 01b3 4E000000 		.4byte	.LLST2
 901 01b7 0F       		.uleb128 0xf
ARM GAS  C:\Users\jon\AppData\Local\Temp\cc8DdLN6.s 			page 20


 902 01b8 26000000 		.4byte	.LVL17
 903 01bc 5A030000 		.4byte	0x35a
 904 01c0 00       		.byte	0
 905 01c1 12       		.uleb128 0x12
 906 01c2 37010000 		.4byte	.LASF22
 907 01c6 01       		.byte	0x1
 908 01c7 73       		.byte	0x73
 909 01c8 25000000 		.4byte	0x25
 910 01cc 00000000 		.4byte	.LFB69
 911 01d0 44000000 		.4byte	.LFE69-.LFB69
 912 01d4 01       		.uleb128 0x1
 913 01d5 9C       		.byte	0x9c
 914 01d6 0C020000 		.4byte	0x20c
 915 01da 11       		.uleb128 0x11
 916 01db 33000000 		.4byte	.LASF21
 917 01df 01       		.byte	0x1
 918 01e0 73       		.byte	0x73
 919 01e1 68000000 		.4byte	0x68
 920 01e5 7C000000 		.4byte	.LLST3
 921 01e9 13       		.uleb128 0x13
 922 01ea 08000000 		.4byte	.LBB12
 923 01ee 28000000 		.4byte	.LBE12-.LBB12
 924 01f2 14       		.uleb128 0x14
 925 01f3 A1010000 		.4byte	.LASF23
 926 01f7 01       		.byte	0x1
 927 01f8 77       		.byte	0x77
 928 01f9 68000000 		.4byte	0x68
 929 01fd AA000000 		.4byte	.LLST4
 930 0201 0F       		.uleb128 0xf
 931 0202 26000000 		.4byte	.LVL24
 932 0206 5A030000 		.4byte	0x35a
 933 020a 00       		.byte	0
 934 020b 00       		.byte	0
 935 020c 15       		.uleb128 0x15
 936 020d A9000000 		.4byte	.LASF24
 937 0211 01       		.byte	0x1
 938 0212 82       		.byte	0x82
 939 0213 68000000 		.4byte	0x68
 940 0217 00000000 		.4byte	.LFB70
 941 021b 0C000000 		.4byte	.LFE70-.LFB70
 942 021f 01       		.uleb128 0x1
 943 0220 9C       		.byte	0x9c
 944 0221 15       		.uleb128 0x15
 945 0222 C3010000 		.4byte	.LASF25
 946 0226 01       		.byte	0x1
 947 0227 86       		.byte	0x86
 948 0228 68000000 		.4byte	0x68
 949 022c 00000000 		.4byte	.LFB71
 950 0230 28000000 		.4byte	.LFE71-.LFB71
 951 0234 01       		.uleb128 0x1
 952 0235 9C       		.byte	0x9c
 953 0236 15       		.uleb128 0x15
 954 0237 3B000000 		.4byte	.LASF26
 955 023b 01       		.byte	0x1
 956 023c 8A       		.byte	0x8a
 957 023d 4C000000 		.4byte	0x4c
 958 0241 00000000 		.4byte	.LFB72
ARM GAS  C:\Users\jon\AppData\Local\Temp\cc8DdLN6.s 			page 21


 959 0245 0C000000 		.4byte	.LFE72-.LFB72
 960 0249 01       		.uleb128 0x1
 961 024a 9C       		.byte	0x9c
 962 024b 15       		.uleb128 0x15
 963 024c 00000000 		.4byte	.LASF27
 964 0250 01       		.byte	0x1
 965 0251 8E       		.byte	0x8e
 966 0252 4C000000 		.4byte	0x4c
 967 0256 00000000 		.4byte	.LFB73
 968 025a 0C000000 		.4byte	.LFE73-.LFB73
 969 025e 01       		.uleb128 0x1
 970 025f 9C       		.byte	0x9c
 971 0260 15       		.uleb128 0x15
 972 0261 A8010000 		.4byte	.LASF28
 973 0265 01       		.byte	0x1
 974 0266 92       		.byte	0x92
 975 0267 4C000000 		.4byte	0x4c
 976 026b 00000000 		.4byte	.LFB74
 977 026f 0C000000 		.4byte	.LFE74-.LFB74
 978 0273 01       		.uleb128 0x1
 979 0274 9C       		.byte	0x9c
 980 0275 16       		.uleb128 0x16
 981 0276 A4000000 		.4byte	0xa4
 982 027a 85020000 		.4byte	0x285
 983 027e 17       		.uleb128 0x17
 984 027f 9D000000 		.4byte	0x9d
 985 0283 18       		.byte	0x18
 986 0284 00       		.byte	0
 987 0285 18       		.uleb128 0x18
 988 0286 49020000 		.4byte	.LASF29
 989 028a 01       		.byte	0x1
 990 028b 13       		.byte	0x13
 991 028c 75020000 		.4byte	0x275
 992 0290 05       		.uleb128 0x5
 993 0291 03       		.byte	0x3
 994 0292 01000000 		.4byte	buffer
 995 0296 18       		.uleb128 0x18
 996 0297 32020000 		.4byte	.LASF30
 997 029b 01       		.byte	0x1
 998 029c 14       		.byte	0x14
 999 029d A4000000 		.4byte	0xa4
 1000 02a1 05       		.uleb128 0x5
 1001 02a2 03       		.byte	0x3
 1002 02a3 00000000 		.4byte	buffer_index
 1003 02a7 19       		.uleb128 0x19
 1004 02a8 2A010000 		.4byte	.LASF31
 1005 02ac 04       		.byte	0x4
 1006 02ad 1207     		.2byte	0x712
 1007 02af B3020000 		.4byte	0x2b3
 1008 02b3 1A       		.uleb128 0x1a
 1009 02b4 76000000 		.4byte	0x76
 1010 02b8 16       		.uleb128 0x16
 1011 02b9 68000000 		.4byte	0x68
 1012 02bd C8020000 		.4byte	0x2c8
 1013 02c1 17       		.uleb128 0x17
 1014 02c2 9D000000 		.4byte	0x9d
 1015 02c6 11       		.byte	0x11
ARM GAS  C:\Users\jon\AppData\Local\Temp\cc8DdLN6.s 			page 22


 1016 02c7 00       		.byte	0
 1017 02c8 1B       		.uleb128 0x1b
 1018 02c9 D5010000 		.4byte	.LASF32
 1019 02cd 01       		.byte	0x1
 1020 02ce 0C       		.byte	0xc
 1021 02cf B8020000 		.4byte	0x2b8
 1022 02d3 05       		.uleb128 0x5
 1023 02d4 03       		.byte	0x3
 1024 02d5 00000000 		.4byte	_channels
 1025 02d9 1B       		.uleb128 0x1b
 1026 02da 13000000 		.4byte	.LASF33
 1027 02de 01       		.byte	0x1
 1028 02df 0D       		.byte	0xd
 1029 02e0 68000000 		.4byte	0x68
 1030 02e4 05       		.uleb128 0x5
 1031 02e5 03       		.byte	0x3
 1032 02e6 00000000 		.4byte	_failsafe
 1033 02ea 1B       		.uleb128 0x1b
 1034 02eb 4E000000 		.4byte	.LASF34
 1035 02ef 01       		.byte	0x1
 1036 02f0 0E       		.byte	0xe
 1037 02f1 4C000000 		.4byte	0x4c
 1038 02f5 05       		.uleb128 0x5
 1039 02f6 03       		.byte	0x3
 1040 02f7 00000000 		.4byte	_goodFrames
 1041 02fb 1B       		.uleb128 0x1b
 1042 02fc 27000000 		.4byte	.LASF35
 1043 0300 01       		.byte	0x1
 1044 0301 0F       		.byte	0xf
 1045 0302 4C000000 		.4byte	0x4c
 1046 0306 05       		.uleb128 0x5
 1047 0307 03       		.byte	0x3
 1048 0308 00000000 		.4byte	_lostFrames
 1049 030c 1B       		.uleb128 0x1b
 1050 030d 6B000000 		.4byte	.LASF36
 1051 0311 01       		.byte	0x1
 1052 0312 10       		.byte	0x10
 1053 0313 4C000000 		.4byte	0x4c
 1054 0317 05       		.uleb128 0x5
 1055 0318 03       		.byte	0x3
 1056 0319 00000000 		.4byte	_decoderErrorFrames
 1057 031d 1B       		.uleb128 0x1b
 1058 031e 31030000 		.4byte	.LASF37
 1059 0322 01       		.byte	0x1
 1060 0323 11       		.byte	0x11
 1061 0324 68000000 		.4byte	0x68
 1062 0328 05       		.uleb128 0x5
 1063 0329 03       		.byte	0x3
 1064 032a 00000000 		.4byte	_readErrorState
 1065 032e 1C       		.uleb128 0x1c
 1066 032f 52010000 		.4byte	.LASF38
 1067 0333 52010000 		.4byte	.LASF38
 1068 0337 05       		.byte	0x5
 1069 0338 18       		.byte	0x18
 1070 0339 1C       		.uleb128 0x1c
 1071 033a 86010000 		.4byte	.LASF39
 1072 033e 86010000 		.4byte	.LASF39
ARM GAS  C:\Users\jon\AppData\Local\Temp\cc8DdLN6.s 			page 23


 1073 0342 05       		.byte	0x5
 1074 0343 20       		.byte	0x20
 1075 0344 1C       		.uleb128 0x1c
 1076 0345 CE000000 		.4byte	.LASF40
 1077 0349 CE000000 		.4byte	.LASF40
 1078 034d 06       		.byte	0x6
 1079 034e 54       		.byte	0x54
 1080 034f 1C       		.uleb128 0x1c
 1081 0350 F0000000 		.4byte	.LASF41
 1082 0354 F0000000 		.4byte	.LASF41
 1083 0358 06       		.byte	0x6
 1084 0359 6F       		.byte	0x6f
 1085 035a 1D       		.uleb128 0x1d
 1086 035b 22010000 		.4byte	.LASF42
 1087 035f 22010000 		.4byte	.LASF42
 1088 0363 07       		.byte	0x7
 1089 0364 9201     		.2byte	0x192
 1090 0366 00       		.byte	0
 1091              		.section	.debug_abbrev,"",%progbits
 1092              	.Ldebug_abbrev0:
 1093 0000 01       		.uleb128 0x1
 1094 0001 11       		.uleb128 0x11
 1095 0002 01       		.byte	0x1
 1096 0003 25       		.uleb128 0x25
 1097 0004 0E       		.uleb128 0xe
 1098 0005 13       		.uleb128 0x13
 1099 0006 0B       		.uleb128 0xb
 1100 0007 03       		.uleb128 0x3
 1101 0008 0E       		.uleb128 0xe
 1102 0009 1B       		.uleb128 0x1b
 1103 000a 0E       		.uleb128 0xe
 1104 000b 55       		.uleb128 0x55
 1105 000c 17       		.uleb128 0x17
 1106 000d 11       		.uleb128 0x11
 1107 000e 01       		.uleb128 0x1
 1108 000f 10       		.uleb128 0x10
 1109 0010 17       		.uleb128 0x17
 1110 0011 00       		.byte	0
 1111 0012 00       		.byte	0
 1112 0013 02       		.uleb128 0x2
 1113 0014 24       		.uleb128 0x24
 1114 0015 00       		.byte	0
 1115 0016 0B       		.uleb128 0xb
 1116 0017 0B       		.uleb128 0xb
 1117 0018 3E       		.uleb128 0x3e
 1118 0019 0B       		.uleb128 0xb
 1119 001a 03       		.uleb128 0x3
 1120 001b 0E       		.uleb128 0xe
 1121 001c 00       		.byte	0
 1122 001d 00       		.byte	0
 1123 001e 03       		.uleb128 0x3
 1124 001f 16       		.uleb128 0x16
 1125 0020 00       		.byte	0
 1126 0021 03       		.uleb128 0x3
 1127 0022 0E       		.uleb128 0xe
 1128 0023 3A       		.uleb128 0x3a
 1129 0024 0B       		.uleb128 0xb
ARM GAS  C:\Users\jon\AppData\Local\Temp\cc8DdLN6.s 			page 24


 1130 0025 3B       		.uleb128 0x3b
 1131 0026 0B       		.uleb128 0xb
 1132 0027 49       		.uleb128 0x49
 1133 0028 13       		.uleb128 0x13
 1134 0029 00       		.byte	0
 1135 002a 00       		.byte	0
 1136 002b 04       		.uleb128 0x4
 1137 002c 24       		.uleb128 0x24
 1138 002d 00       		.byte	0
 1139 002e 0B       		.uleb128 0xb
 1140 002f 0B       		.uleb128 0xb
 1141 0030 3E       		.uleb128 0x3e
 1142 0031 0B       		.uleb128 0xb
 1143 0032 03       		.uleb128 0x3
 1144 0033 08       		.uleb128 0x8
 1145 0034 00       		.byte	0
 1146 0035 00       		.byte	0
 1147 0036 05       		.uleb128 0x5
 1148 0037 2E       		.uleb128 0x2e
 1149 0038 00       		.byte	0
 1150 0039 3F       		.uleb128 0x3f
 1151 003a 19       		.uleb128 0x19
 1152 003b 03       		.uleb128 0x3
 1153 003c 0E       		.uleb128 0xe
 1154 003d 3A       		.uleb128 0x3a
 1155 003e 0B       		.uleb128 0xb
 1156 003f 3B       		.uleb128 0x3b
 1157 0040 0B       		.uleb128 0xb
 1158 0041 20       		.uleb128 0x20
 1159 0042 0B       		.uleb128 0xb
 1160 0043 00       		.byte	0
 1161 0044 00       		.byte	0
 1162 0045 06       		.uleb128 0x6
 1163 0046 2E       		.uleb128 0x2e
 1164 0047 00       		.byte	0
 1165 0048 3F       		.uleb128 0x3f
 1166 0049 19       		.uleb128 0x19
 1167 004a 03       		.uleb128 0x3
 1168 004b 0E       		.uleb128 0xe
 1169 004c 3A       		.uleb128 0x3a
 1170 004d 0B       		.uleb128 0xb
 1171 004e 3B       		.uleb128 0x3b
 1172 004f 0B       		.uleb128 0xb
 1173 0050 27       		.uleb128 0x27
 1174 0051 19       		.uleb128 0x19
 1175 0052 20       		.uleb128 0x20
 1176 0053 0B       		.uleb128 0xb
 1177 0054 00       		.byte	0
 1178 0055 00       		.byte	0
 1179 0056 07       		.uleb128 0x7
 1180 0057 2E       		.uleb128 0x2e
 1181 0058 01       		.byte	0x1
 1182 0059 3F       		.uleb128 0x3f
 1183 005a 19       		.uleb128 0x19
 1184 005b 03       		.uleb128 0x3
 1185 005c 0E       		.uleb128 0xe
 1186 005d 3A       		.uleb128 0x3a
ARM GAS  C:\Users\jon\AppData\Local\Temp\cc8DdLN6.s 			page 25


 1187 005e 0B       		.uleb128 0xb
 1188 005f 3B       		.uleb128 0x3b
 1189 0060 0B       		.uleb128 0xb
 1190 0061 11       		.uleb128 0x11
 1191 0062 01       		.uleb128 0x1
 1192 0063 12       		.uleb128 0x12
 1193 0064 06       		.uleb128 0x6
 1194 0065 40       		.uleb128 0x40
 1195 0066 18       		.uleb128 0x18
 1196 0067 9742     		.uleb128 0x2117
 1197 0069 19       		.uleb128 0x19
 1198 006a 01       		.uleb128 0x1
 1199 006b 13       		.uleb128 0x13
 1200 006c 00       		.byte	0
 1201 006d 00       		.byte	0
 1202 006e 08       		.uleb128 0x8
 1203 006f 0B       		.uleb128 0xb
 1204 0070 01       		.byte	0x1
 1205 0071 55       		.uleb128 0x55
 1206 0072 17       		.uleb128 0x17
 1207 0073 00       		.byte	0
 1208 0074 00       		.byte	0
 1209 0075 09       		.uleb128 0x9
 1210 0076 34       		.uleb128 0x34
 1211 0077 00       		.byte	0
 1212 0078 03       		.uleb128 0x3
 1213 0079 08       		.uleb128 0x8
 1214 007a 3A       		.uleb128 0x3a
 1215 007b 0B       		.uleb128 0xb
 1216 007c 3B       		.uleb128 0x3b
 1217 007d 0B       		.uleb128 0xb
 1218 007e 49       		.uleb128 0x49
 1219 007f 13       		.uleb128 0x13
 1220 0080 02       		.uleb128 0x2
 1221 0081 17       		.uleb128 0x17
 1222 0082 00       		.byte	0
 1223 0083 00       		.byte	0
 1224 0084 0A       		.uleb128 0xa
 1225 0085 898201   		.uleb128 0x4109
 1226 0088 01       		.byte	0x1
 1227 0089 11       		.uleb128 0x11
 1228 008a 01       		.uleb128 0x1
 1229 008b 31       		.uleb128 0x31
 1230 008c 13       		.uleb128 0x13
 1231 008d 01       		.uleb128 0x1
 1232 008e 13       		.uleb128 0x13
 1233 008f 00       		.byte	0
 1234 0090 00       		.byte	0
 1235 0091 0B       		.uleb128 0xb
 1236 0092 8A8201   		.uleb128 0x410a
 1237 0095 00       		.byte	0
 1238 0096 02       		.uleb128 0x2
 1239 0097 18       		.uleb128 0x18
 1240 0098 9142     		.uleb128 0x2111
 1241 009a 18       		.uleb128 0x18
 1242 009b 00       		.byte	0
 1243 009c 00       		.byte	0
ARM GAS  C:\Users\jon\AppData\Local\Temp\cc8DdLN6.s 			page 26


 1244 009d 0C       		.uleb128 0xc
 1245 009e 898201   		.uleb128 0x4109
 1246 00a1 00       		.byte	0
 1247 00a2 11       		.uleb128 0x11
 1248 00a3 01       		.uleb128 0x1
 1249 00a4 9542     		.uleb128 0x2115
 1250 00a6 19       		.uleb128 0x19
 1251 00a7 31       		.uleb128 0x31
 1252 00a8 13       		.uleb128 0x13
 1253 00a9 00       		.byte	0
 1254 00aa 00       		.byte	0
 1255 00ab 0D       		.uleb128 0xd
 1256 00ac 2E       		.uleb128 0x2e
 1257 00ad 00       		.byte	0
 1258 00ae 31       		.uleb128 0x31
 1259 00af 13       		.uleb128 0x13
 1260 00b0 11       		.uleb128 0x11
 1261 00b1 01       		.uleb128 0x1
 1262 00b2 12       		.uleb128 0x12
 1263 00b3 06       		.uleb128 0x6
 1264 00b4 40       		.uleb128 0x40
 1265 00b5 18       		.uleb128 0x18
 1266 00b6 9742     		.uleb128 0x2117
 1267 00b8 19       		.uleb128 0x19
 1268 00b9 00       		.byte	0
 1269 00ba 00       		.byte	0
 1270 00bb 0E       		.uleb128 0xe
 1271 00bc 2E       		.uleb128 0x2e
 1272 00bd 01       		.byte	0x1
 1273 00be 31       		.uleb128 0x31
 1274 00bf 13       		.uleb128 0x13
 1275 00c0 11       		.uleb128 0x11
 1276 00c1 01       		.uleb128 0x1
 1277 00c2 12       		.uleb128 0x12
 1278 00c3 06       		.uleb128 0x6
 1279 00c4 40       		.uleb128 0x40
 1280 00c5 18       		.uleb128 0x18
 1281 00c6 9742     		.uleb128 0x2117
 1282 00c8 19       		.uleb128 0x19
 1283 00c9 01       		.uleb128 0x1
 1284 00ca 13       		.uleb128 0x13
 1285 00cb 00       		.byte	0
 1286 00cc 00       		.byte	0
 1287 00cd 0F       		.uleb128 0xf
 1288 00ce 898201   		.uleb128 0x4109
 1289 00d1 00       		.byte	0
 1290 00d2 11       		.uleb128 0x11
 1291 00d3 01       		.uleb128 0x1
 1292 00d4 31       		.uleb128 0x31
 1293 00d5 13       		.uleb128 0x13
 1294 00d6 00       		.byte	0
 1295 00d7 00       		.byte	0
 1296 00d8 10       		.uleb128 0x10
 1297 00d9 2E       		.uleb128 0x2e
 1298 00da 01       		.byte	0x1
 1299 00db 3F       		.uleb128 0x3f
 1300 00dc 19       		.uleb128 0x19
ARM GAS  C:\Users\jon\AppData\Local\Temp\cc8DdLN6.s 			page 27


 1301 00dd 03       		.uleb128 0x3
 1302 00de 0E       		.uleb128 0xe
 1303 00df 3A       		.uleb128 0x3a
 1304 00e0 0B       		.uleb128 0xb
 1305 00e1 3B       		.uleb128 0x3b
 1306 00e2 0B       		.uleb128 0xb
 1307 00e3 27       		.uleb128 0x27
 1308 00e4 19       		.uleb128 0x19
 1309 00e5 49       		.uleb128 0x49
 1310 00e6 13       		.uleb128 0x13
 1311 00e7 11       		.uleb128 0x11
 1312 00e8 01       		.uleb128 0x1
 1313 00e9 12       		.uleb128 0x12
 1314 00ea 06       		.uleb128 0x6
 1315 00eb 40       		.uleb128 0x40
 1316 00ec 18       		.uleb128 0x18
 1317 00ed 9742     		.uleb128 0x2117
 1318 00ef 19       		.uleb128 0x19
 1319 00f0 01       		.uleb128 0x1
 1320 00f1 13       		.uleb128 0x13
 1321 00f2 00       		.byte	0
 1322 00f3 00       		.byte	0
 1323 00f4 11       		.uleb128 0x11
 1324 00f5 05       		.uleb128 0x5
 1325 00f6 00       		.byte	0
 1326 00f7 03       		.uleb128 0x3
 1327 00f8 0E       		.uleb128 0xe
 1328 00f9 3A       		.uleb128 0x3a
 1329 00fa 0B       		.uleb128 0xb
 1330 00fb 3B       		.uleb128 0x3b
 1331 00fc 0B       		.uleb128 0xb
 1332 00fd 49       		.uleb128 0x49
 1333 00fe 13       		.uleb128 0x13
 1334 00ff 02       		.uleb128 0x2
 1335 0100 17       		.uleb128 0x17
 1336 0101 00       		.byte	0
 1337 0102 00       		.byte	0
 1338 0103 12       		.uleb128 0x12
 1339 0104 2E       		.uleb128 0x2e
 1340 0105 01       		.byte	0x1
 1341 0106 3F       		.uleb128 0x3f
 1342 0107 19       		.uleb128 0x19
 1343 0108 03       		.uleb128 0x3
 1344 0109 0E       		.uleb128 0xe
 1345 010a 3A       		.uleb128 0x3a
 1346 010b 0B       		.uleb128 0xb
 1347 010c 3B       		.uleb128 0x3b
 1348 010d 0B       		.uleb128 0xb
 1349 010e 27       		.uleb128 0x27
 1350 010f 19       		.uleb128 0x19
 1351 0110 49       		.uleb128 0x49
 1352 0111 13       		.uleb128 0x13
 1353 0112 11       		.uleb128 0x11
 1354 0113 01       		.uleb128 0x1
 1355 0114 12       		.uleb128 0x12
 1356 0115 06       		.uleb128 0x6
 1357 0116 40       		.uleb128 0x40
ARM GAS  C:\Users\jon\AppData\Local\Temp\cc8DdLN6.s 			page 28


 1358 0117 18       		.uleb128 0x18
 1359 0118 9642     		.uleb128 0x2116
 1360 011a 19       		.uleb128 0x19
 1361 011b 01       		.uleb128 0x1
 1362 011c 13       		.uleb128 0x13
 1363 011d 00       		.byte	0
 1364 011e 00       		.byte	0
 1365 011f 13       		.uleb128 0x13
 1366 0120 0B       		.uleb128 0xb
 1367 0121 01       		.byte	0x1
 1368 0122 11       		.uleb128 0x11
 1369 0123 01       		.uleb128 0x1
 1370 0124 12       		.uleb128 0x12
 1371 0125 06       		.uleb128 0x6
 1372 0126 00       		.byte	0
 1373 0127 00       		.byte	0
 1374 0128 14       		.uleb128 0x14
 1375 0129 34       		.uleb128 0x34
 1376 012a 00       		.byte	0
 1377 012b 03       		.uleb128 0x3
 1378 012c 0E       		.uleb128 0xe
 1379 012d 3A       		.uleb128 0x3a
 1380 012e 0B       		.uleb128 0xb
 1381 012f 3B       		.uleb128 0x3b
 1382 0130 0B       		.uleb128 0xb
 1383 0131 49       		.uleb128 0x49
 1384 0132 13       		.uleb128 0x13
 1385 0133 02       		.uleb128 0x2
 1386 0134 17       		.uleb128 0x17
 1387 0135 00       		.byte	0
 1388 0136 00       		.byte	0
 1389 0137 15       		.uleb128 0x15
 1390 0138 2E       		.uleb128 0x2e
 1391 0139 00       		.byte	0
 1392 013a 3F       		.uleb128 0x3f
 1393 013b 19       		.uleb128 0x19
 1394 013c 03       		.uleb128 0x3
 1395 013d 0E       		.uleb128 0xe
 1396 013e 3A       		.uleb128 0x3a
 1397 013f 0B       		.uleb128 0xb
 1398 0140 3B       		.uleb128 0x3b
 1399 0141 0B       		.uleb128 0xb
 1400 0142 49       		.uleb128 0x49
 1401 0143 13       		.uleb128 0x13
 1402 0144 11       		.uleb128 0x11
 1403 0145 01       		.uleb128 0x1
 1404 0146 12       		.uleb128 0x12
 1405 0147 06       		.uleb128 0x6
 1406 0148 40       		.uleb128 0x40
 1407 0149 18       		.uleb128 0x18
 1408 014a 9742     		.uleb128 0x2117
 1409 014c 19       		.uleb128 0x19
 1410 014d 00       		.byte	0
 1411 014e 00       		.byte	0
 1412 014f 16       		.uleb128 0x16
 1413 0150 01       		.uleb128 0x1
 1414 0151 01       		.byte	0x1
ARM GAS  C:\Users\jon\AppData\Local\Temp\cc8DdLN6.s 			page 29


 1415 0152 49       		.uleb128 0x49
 1416 0153 13       		.uleb128 0x13
 1417 0154 01       		.uleb128 0x1
 1418 0155 13       		.uleb128 0x13
 1419 0156 00       		.byte	0
 1420 0157 00       		.byte	0
 1421 0158 17       		.uleb128 0x17
 1422 0159 21       		.uleb128 0x21
 1423 015a 00       		.byte	0
 1424 015b 49       		.uleb128 0x49
 1425 015c 13       		.uleb128 0x13
 1426 015d 2F       		.uleb128 0x2f
 1427 015e 0B       		.uleb128 0xb
 1428 015f 00       		.byte	0
 1429 0160 00       		.byte	0
 1430 0161 18       		.uleb128 0x18
 1431 0162 34       		.uleb128 0x34
 1432 0163 00       		.byte	0
 1433 0164 03       		.uleb128 0x3
 1434 0165 0E       		.uleb128 0xe
 1435 0166 3A       		.uleb128 0x3a
 1436 0167 0B       		.uleb128 0xb
 1437 0168 3B       		.uleb128 0x3b
 1438 0169 0B       		.uleb128 0xb
 1439 016a 49       		.uleb128 0x49
 1440 016b 13       		.uleb128 0x13
 1441 016c 02       		.uleb128 0x2
 1442 016d 18       		.uleb128 0x18
 1443 016e 00       		.byte	0
 1444 016f 00       		.byte	0
 1445 0170 19       		.uleb128 0x19
 1446 0171 34       		.uleb128 0x34
 1447 0172 00       		.byte	0
 1448 0173 03       		.uleb128 0x3
 1449 0174 0E       		.uleb128 0xe
 1450 0175 3A       		.uleb128 0x3a
 1451 0176 0B       		.uleb128 0xb
 1452 0177 3B       		.uleb128 0x3b
 1453 0178 05       		.uleb128 0x5
 1454 0179 49       		.uleb128 0x49
 1455 017a 13       		.uleb128 0x13
 1456 017b 3F       		.uleb128 0x3f
 1457 017c 19       		.uleb128 0x19
 1458 017d 3C       		.uleb128 0x3c
 1459 017e 19       		.uleb128 0x19
 1460 017f 00       		.byte	0
 1461 0180 00       		.byte	0
 1462 0181 1A       		.uleb128 0x1a
 1463 0182 35       		.uleb128 0x35
 1464 0183 00       		.byte	0
 1465 0184 49       		.uleb128 0x49
 1466 0185 13       		.uleb128 0x13
 1467 0186 00       		.byte	0
 1468 0187 00       		.byte	0
 1469 0188 1B       		.uleb128 0x1b
 1470 0189 34       		.uleb128 0x34
 1471 018a 00       		.byte	0
ARM GAS  C:\Users\jon\AppData\Local\Temp\cc8DdLN6.s 			page 30


 1472 018b 03       		.uleb128 0x3
 1473 018c 0E       		.uleb128 0xe
 1474 018d 3A       		.uleb128 0x3a
 1475 018e 0B       		.uleb128 0xb
 1476 018f 3B       		.uleb128 0x3b
 1477 0190 0B       		.uleb128 0xb
 1478 0191 49       		.uleb128 0x49
 1479 0192 13       		.uleb128 0x13
 1480 0193 3F       		.uleb128 0x3f
 1481 0194 19       		.uleb128 0x19
 1482 0195 02       		.uleb128 0x2
 1483 0196 18       		.uleb128 0x18
 1484 0197 00       		.byte	0
 1485 0198 00       		.byte	0
 1486 0199 1C       		.uleb128 0x1c
 1487 019a 2E       		.uleb128 0x2e
 1488 019b 00       		.byte	0
 1489 019c 3F       		.uleb128 0x3f
 1490 019d 19       		.uleb128 0x19
 1491 019e 3C       		.uleb128 0x3c
 1492 019f 19       		.uleb128 0x19
 1493 01a0 6E       		.uleb128 0x6e
 1494 01a1 0E       		.uleb128 0xe
 1495 01a2 03       		.uleb128 0x3
 1496 01a3 0E       		.uleb128 0xe
 1497 01a4 3A       		.uleb128 0x3a
 1498 01a5 0B       		.uleb128 0xb
 1499 01a6 3B       		.uleb128 0x3b
 1500 01a7 0B       		.uleb128 0xb
 1501 01a8 00       		.byte	0
 1502 01a9 00       		.byte	0
 1503 01aa 1D       		.uleb128 0x1d
 1504 01ab 2E       		.uleb128 0x2e
 1505 01ac 00       		.byte	0
 1506 01ad 3F       		.uleb128 0x3f
 1507 01ae 19       		.uleb128 0x19
 1508 01af 3C       		.uleb128 0x3c
 1509 01b0 19       		.uleb128 0x19
 1510 01b1 6E       		.uleb128 0x6e
 1511 01b2 0E       		.uleb128 0xe
 1512 01b3 03       		.uleb128 0x3
 1513 01b4 0E       		.uleb128 0xe
 1514 01b5 3A       		.uleb128 0x3a
 1515 01b6 0B       		.uleb128 0xb
 1516 01b7 3B       		.uleb128 0x3b
 1517 01b8 05       		.uleb128 0x5
 1518 01b9 00       		.byte	0
 1519 01ba 00       		.byte	0
 1520 01bb 00       		.byte	0
 1521              		.section	.debug_loc,"",%progbits
 1522              	.Ldebug_loc0:
 1523              	.LLST0:
 1524 0000 0E000000 		.4byte	.LVL0
 1525 0004 12000000 		.4byte	.LVL1
 1526 0008 0100     		.2byte	0x1
 1527 000a 53       		.byte	0x53
 1528 000b 12000000 		.4byte	.LVL1
ARM GAS  C:\Users\jon\AppData\Local\Temp\cc8DdLN6.s 			page 31


 1529 000f 14000000 		.4byte	.LVL2
 1530 0013 0300     		.2byte	0x3
 1531 0015 73       		.byte	0x73
 1532 0016 01       		.sleb128 1
 1533 0017 9F       		.byte	0x9f
 1534 0018 00000000 		.4byte	0
 1535 001c 00000000 		.4byte	0
 1536              	.LLST1:
 1537 0020 00000000 		.4byte	.LVL8
 1538 0024 02000000 		.4byte	.LVL9
 1539 0028 0100     		.2byte	0x1
 1540 002a 50       		.byte	0x50
 1541 002b 02000000 		.4byte	.LVL9
 1542 002f 0C000000 		.4byte	.LVL10
 1543 0033 0300     		.2byte	0x3
 1544 0035 70       		.byte	0x70
 1545 0036 01       		.sleb128 1
 1546 0037 9F       		.byte	0x9f
 1547 0038 0C000000 		.4byte	.LVL10
 1548 003c 14000000 		.4byte	.LFE67
 1549 0040 0400     		.2byte	0x4
 1550 0042 F3       		.byte	0xf3
 1551 0043 01       		.uleb128 0x1
 1552 0044 50       		.byte	0x50
 1553 0045 9F       		.byte	0x9f
 1554 0046 00000000 		.4byte	0
 1555 004a 00000000 		.4byte	0
 1556              	.LLST2:
 1557 004e 00000000 		.4byte	.LVL11
 1558 0052 02000000 		.4byte	.LVL12
 1559 0056 0100     		.2byte	0x1
 1560 0058 50       		.byte	0x50
 1561 0059 02000000 		.4byte	.LVL12
 1562 005d 0E000000 		.4byte	.LVL13
 1563 0061 0300     		.2byte	0x3
 1564 0063 70       		.byte	0x70
 1565 0064 01       		.sleb128 1
 1566 0065 9F       		.byte	0x9f
 1567 0066 0E000000 		.4byte	.LVL13
 1568 006a 3C000000 		.4byte	.LFE68
 1569 006e 0400     		.2byte	0x4
 1570 0070 F3       		.byte	0xf3
 1571 0071 01       		.uleb128 0x1
 1572 0072 50       		.byte	0x50
 1573 0073 9F       		.byte	0x9f
 1574 0074 00000000 		.4byte	0
 1575 0078 00000000 		.4byte	0
 1576              	.LLST3:
 1577 007c 00000000 		.4byte	.LVL18
 1578 0080 02000000 		.4byte	.LVL19
 1579 0084 0100     		.2byte	0x1
 1580 0086 50       		.byte	0x50
 1581 0087 02000000 		.4byte	.LVL19
 1582 008b 0E000000 		.4byte	.LVL20
 1583 008f 0300     		.2byte	0x3
 1584 0091 70       		.byte	0x70
 1585 0092 01       		.sleb128 1
ARM GAS  C:\Users\jon\AppData\Local\Temp\cc8DdLN6.s 			page 32


 1586 0093 9F       		.byte	0x9f
 1587 0094 0E000000 		.4byte	.LVL20
 1588 0098 44000000 		.4byte	.LFE69
 1589 009c 0400     		.2byte	0x4
 1590 009e F3       		.byte	0xf3
 1591 009f 01       		.uleb128 0x1
 1592 00a0 50       		.byte	0x50
 1593 00a1 9F       		.byte	0x9f
 1594 00a2 00000000 		.4byte	0
 1595 00a6 00000000 		.4byte	0
 1596              	.LLST4:
 1597 00aa 28000000 		.4byte	.LVL25
 1598 00ae 2C000000 		.4byte	.LVL26
 1599 00b2 1900     		.2byte	0x19
 1600 00b4 70       		.byte	0x70
 1601 00b5 00       		.sleb128 0
 1602 00b6 12       		.byte	0x12
 1603 00b7 09       		.byte	0x9
 1604 00b8 80       		.byte	0x80
 1605 00b9 16       		.byte	0x16
 1606 00ba 14       		.byte	0x14
 1607 00bb 2B       		.byte	0x2b
 1608 00bc 28       		.byte	0x28
 1609 00bd 0100     		.2byte	0x1
 1610 00bf 16       		.byte	0x16
 1611 00c0 13       		.byte	0x13
 1612 00c1 12       		.byte	0x12
 1613 00c2 08       		.byte	0x8
 1614 00c3 7F       		.byte	0x7f
 1615 00c4 16       		.byte	0x16
 1616 00c5 14       		.byte	0x14
 1617 00c6 2D       		.byte	0x2d
 1618 00c7 28       		.byte	0x28
 1619 00c8 0100     		.2byte	0x1
 1620 00ca 16       		.byte	0x16
 1621 00cb 13       		.byte	0x13
 1622 00cc 9F       		.byte	0x9f
 1623 00cd 2C000000 		.4byte	.LVL26
 1624 00d1 2E000000 		.4byte	.LVL27
 1625 00d5 0100     		.2byte	0x1
 1626 00d7 50       		.byte	0x50
 1627 00d8 00000000 		.4byte	0
 1628 00dc 00000000 		.4byte	0
 1629              		.section	.debug_aranges,"",%progbits
 1630 0000 74000000 		.4byte	0x74
 1631 0004 0200     		.2byte	0x2
 1632 0006 00000000 		.4byte	.Ldebug_info0
 1633 000a 04       		.byte	0x4
 1634 000b 00       		.byte	0
 1635 000c 0000     		.2byte	0
 1636 000e 0000     		.2byte	0
 1637 0010 00000000 		.4byte	.LFB63
 1638 0014 4C000000 		.4byte	.LFE63-.LFB63
 1639 0018 00000000 		.4byte	.LFB64
 1640 001c 1C000000 		.4byte	.LFE64-.LFB64
 1641 0020 00000000 		.4byte	.LFB66
 1642 0024 34010000 		.4byte	.LFE66-.LFB66
ARM GAS  C:\Users\jon\AppData\Local\Temp\cc8DdLN6.s 			page 33


 1643 0028 00000000 		.4byte	.LFB65
 1644 002c 54000000 		.4byte	.LFE65-.LFB65
 1645 0030 00000000 		.4byte	.LFB67
 1646 0034 14000000 		.4byte	.LFE67-.LFB67
 1647 0038 00000000 		.4byte	.LFB68
 1648 003c 3C000000 		.4byte	.LFE68-.LFB68
 1649 0040 00000000 		.4byte	.LFB69
 1650 0044 44000000 		.4byte	.LFE69-.LFB69
 1651 0048 00000000 		.4byte	.LFB70
 1652 004c 0C000000 		.4byte	.LFE70-.LFB70
 1653 0050 00000000 		.4byte	.LFB71
 1654 0054 28000000 		.4byte	.LFE71-.LFB71
 1655 0058 00000000 		.4byte	.LFB72
 1656 005c 0C000000 		.4byte	.LFE72-.LFB72
 1657 0060 00000000 		.4byte	.LFB73
 1658 0064 0C000000 		.4byte	.LFE73-.LFB73
 1659 0068 00000000 		.4byte	.LFB74
 1660 006c 0C000000 		.4byte	.LFE74-.LFB74
 1661 0070 00000000 		.4byte	0
 1662 0074 00000000 		.4byte	0
 1663              		.section	.debug_ranges,"",%progbits
 1664              	.Ldebug_ranges0:
 1665 0000 02000000 		.4byte	.LBB2
 1666 0004 04000000 		.4byte	.LBE2
 1667 0008 06000000 		.4byte	.LBB3
 1668 000c 08000000 		.4byte	.LBE3
 1669 0010 0E000000 		.4byte	.LBB4
 1670 0014 1C000000 		.4byte	.LBE4
 1671 0018 00000000 		.4byte	0
 1672 001c 00000000 		.4byte	0
 1673 0020 00000000 		.4byte	.LFB63
 1674 0024 4C000000 		.4byte	.LFE63
 1675 0028 00000000 		.4byte	.LFB64
 1676 002c 1C000000 		.4byte	.LFE64
 1677 0030 00000000 		.4byte	.LFB66
 1678 0034 34010000 		.4byte	.LFE66
 1679 0038 00000000 		.4byte	.LFB65
 1680 003c 54000000 		.4byte	.LFE65
 1681 0040 00000000 		.4byte	.LFB67
 1682 0044 14000000 		.4byte	.LFE67
 1683 0048 00000000 		.4byte	.LFB68
 1684 004c 3C000000 		.4byte	.LFE68
 1685 0050 00000000 		.4byte	.LFB69
 1686 0054 44000000 		.4byte	.LFE69
 1687 0058 00000000 		.4byte	.LFB70
 1688 005c 0C000000 		.4byte	.LFE70
 1689 0060 00000000 		.4byte	.LFB71
 1690 0064 28000000 		.4byte	.LFE71
 1691 0068 00000000 		.4byte	.LFB72
 1692 006c 0C000000 		.4byte	.LFE72
 1693 0070 00000000 		.4byte	.LFB73
 1694 0074 0C000000 		.4byte	.LFE73
 1695 0078 00000000 		.4byte	.LFB74
 1696 007c 0C000000 		.4byte	.LFE74
 1697 0080 00000000 		.4byte	0
 1698 0084 00000000 		.4byte	0
 1699              		.section	.debug_line,"",%progbits
ARM GAS  C:\Users\jon\AppData\Local\Temp\cc8DdLN6.s 			page 34


 1700              	.Ldebug_line0:
 1701 0000 1C030000 		.section	.debug_str,"MS",%progbits,1
 1701      0200D401 
 1701      00000201 
 1701      FB0E0D00 
 1701      01010101 
 1702              	.LASF27:
 1703 0000 73627573 		.ascii	"sbus_getLostFrames\000"
 1703      5F676574 
 1703      4C6F7374 
 1703      4672616D 
 1703      657300
 1704              	.LASF33:
 1705 0013 5F666169 		.ascii	"_failsafe\000"
 1705      6C736166 
 1705      6500
 1706              	.LASF47:
 1707 001d 73627573 		.ascii	"sbus_recv\000"
 1707      5F726563 
 1707      7600
 1708              	.LASF35:
 1709 0027 5F6C6F73 		.ascii	"_lostFrames\000"
 1709      74467261 
 1709      6D657300 
 1710              	.LASF21:
 1711 0033 6368616E 		.ascii	"channel\000"
 1711      6E656C00 
 1712              	.LASF26:
 1713 003b 73627573 		.ascii	"sbus_getGoodFrames\000"
 1713      5F676574 
 1713      476F6F64 
 1713      4672616D 
 1713      657300
 1714              	.LASF34:
 1715 004e 5F676F6F 		.ascii	"_goodFrames\000"
 1715      64467261 
 1715      6D657300 
 1716              	.LASF9:
 1717 005a 5F5F696E 		.ascii	"__int32_t\000"
 1717      7433325F 
 1717      7400
 1718              	.LASF44:
 1719 0064 73627573 		.ascii	"sbus.c\000"
 1719      2E6300
 1720              	.LASF36:
 1721 006b 5F646563 		.ascii	"_decoderErrorFrames\000"
 1721      6F646572 
 1721      4572726F 
 1721      72467261 
 1721      6D657300 
 1722              	.LASF16:
 1723 007f 62797465 		.ascii	"byte\000"
 1723      00
 1724              	.LASF10:
 1725 0084 696E7433 		.ascii	"int32_t\000"
 1725      325F7400 
 1726              	.LASF11:
ARM GAS  C:\Users\jon\AppData\Local\Temp\cc8DdLN6.s 			page 35


 1727 008c 666C6F61 		.ascii	"float\000"
 1727      7400
 1728              	.LASF7:
 1729 0092 6C6F6E67 		.ascii	"long long unsigned int\000"
 1729      206C6F6E 
 1729      6720756E 
 1729      7369676E 
 1729      65642069 
 1730              	.LASF24:
 1731 00a9 73627573 		.ascii	"sbus_getFailsafeStatus\000"
 1731      5F676574 
 1731      4661696C 
 1731      73616665 
 1731      53746174 
 1732              	.LASF1:
 1733 00c0 756E7369 		.ascii	"unsigned char\000"
 1733      676E6564 
 1733      20636861 
 1733      7200
 1734              	.LASF40:
 1735 00ce 53425553 		.ascii	"SBUS_UART_Start\000"
 1735      5F554152 
 1735      545F5374 
 1735      61727400 
 1736              	.LASF5:
 1737 00de 6C6F6E67 		.ascii	"long unsigned int\000"
 1737      20756E73 
 1737      69676E65 
 1737      6420696E 
 1737      7400
 1738              	.LASF41:
 1739 00f0 53425553 		.ascii	"SBUS_UART_ReadRxData\000"
 1739      5F554152 
 1739      545F5265 
 1739      61645278 
 1739      44617461 
 1740              	.LASF3:
 1741 0105 73686F72 		.ascii	"short unsigned int\000"
 1741      7420756E 
 1741      7369676E 
 1741      65642069 
 1741      6E7400
 1742              	.LASF17:
 1743 0118 73627573 		.ascii	"sbus_init\000"
 1743      5F696E69 
 1743      7400
 1744              	.LASF42:
 1745 0122 6C726F75 		.ascii	"lroundf\000"
 1745      6E646600 
 1746              	.LASF31:
 1747 012a 49544D5F 		.ascii	"ITM_RxBuffer\000"
 1747      52784275 
 1747      66666572 
 1747      00
 1748              	.LASF22:
 1749 0137 73627573 		.ascii	"sbus_getByteChannel\000"
 1749      5F676574 
ARM GAS  C:\Users\jon\AppData\Local\Temp\cc8DdLN6.s 			page 36


 1749      42797465 
 1749      4368616E 
 1749      6E656C00 
 1750              	.LASF12:
 1751 014b 646F7562 		.ascii	"double\000"
 1751      6C6500
 1752              	.LASF38:
 1753 0152 53425553 		.ascii	"SBUS_Interrupt_StartEx\000"
 1753      5F496E74 
 1753      65727275 
 1753      70745F53 
 1753      74617274 
 1754              	.LASF8:
 1755 0169 756E7369 		.ascii	"unsigned int\000"
 1755      676E6564 
 1755      20696E74 
 1755      00
 1756              	.LASF19:
 1757 0176 73627573 		.ascii	"sbus_getChannel\000"
 1757      5F676574 
 1757      4368616E 
 1757      6E656C00 
 1758              	.LASF39:
 1759 0186 53425553 		.ascii	"SBUS_Interrupt_SetPriority\000"
 1759      5F496E74 
 1759      65727275 
 1759      70745F53 
 1759      65745072 
 1760              	.LASF23:
 1761 01a1 72657375 		.ascii	"result\000"
 1761      6C7400
 1762              	.LASF28:
 1763 01a8 73627573 		.ascii	"sbus_getDecoderErrorFrames\000"
 1763      5F676574 
 1763      4465636F 
 1763      64657245 
 1763      72726F72 
 1764              	.LASF25:
 1765 01c3 73627573 		.ascii	"sbus_getFrameLoss\000"
 1765      5F676574 
 1765      4672616D 
 1765      654C6F73 
 1765      7300
 1766              	.LASF32:
 1767 01d5 5F636861 		.ascii	"_channels\000"
 1767      6E6E656C 
 1767      7300
 1768              	.LASF45:
 1769 01df 433A5C55 		.ascii	"C:\\Users\\jon\\Sync\\Research\\PSoC Projects\\Bala"
 1769      73657273 
 1769      5C6A6F6E 
 1769      5C53796E 
 1769      635C5265 
 1770 020c 6E63652E 		.ascii	"nce.cydsn\000"
 1770      63796473 
 1770      6E00
 1771              	.LASF15:
ARM GAS  C:\Users\jon\AppData\Local\Temp\cc8DdLN6.s 			page 37


 1772 0216 73697A65 		.ascii	"sizetype\000"
 1772      74797065 
 1772      00
 1773              	.LASF6:
 1774 021f 6C6F6E67 		.ascii	"long long int\000"
 1774      206C6F6E 
 1774      6720696E 
 1774      7400
 1775              	.LASF13:
 1776 022d 63686172 		.ascii	"char\000"
 1776      00
 1777              	.LASF30:
 1778 0232 62756666 		.ascii	"buffer_index\000"
 1778      65725F69 
 1778      6E646578 
 1778      00
 1779              	.LASF2:
 1780 023f 73686F72 		.ascii	"short int\000"
 1780      7420696E 
 1780      7400
 1781              	.LASF29:
 1782 0249 62756666 		.ascii	"buffer\000"
 1782      657200
 1783              	.LASF46:
 1784 0250 73627573 		.ascii	"sbus_process\000"
 1784      5F70726F 
 1784      63657373 
 1784      00
 1785              	.LASF18:
 1786 025d 73627573 		.ascii	"sbus_begin\000"
 1786      5F626567 
 1786      696E00
 1787              	.LASF4:
 1788 0268 6C6F6E67 		.ascii	"long int\000"
 1788      20696E74 
 1788      00
 1789              	.LASF43:
 1790 0271 474E5520 		.ascii	"GNU C11 5.4.1 20160609 (release) [ARM/embedded-5-br"
 1790      43313120 
 1790      352E342E 
 1790      31203230 
 1790      31363036 
 1791 02a4 616E6368 		.ascii	"anch revision 237715] -mcpu=cortex-m3 -mthumb -g -O"
 1791      20726576 
 1791      6973696F 
 1791      6E203233 
 1791      37373135 
 1792 02d7 73202D66 		.ascii	"s -ffunction-sections -ffat-lto-objects\000"
 1792      66756E63 
 1792      74696F6E 
 1792      2D736563 
 1792      74696F6E 
 1793              	.LASF14:
 1794 02ff 6C6F6E67 		.ascii	"long double\000"
 1794      20646F75 
 1794      626C6500 
 1795              	.LASF0:
ARM GAS  C:\Users\jon\AppData\Local\Temp\cc8DdLN6.s 			page 38


 1796 030b 7369676E 		.ascii	"signed char\000"
 1796      65642063 
 1796      68617200 
 1797              	.LASF20:
 1798 0317 73627573 		.ascii	"sbus_getNormalizedChannel\000"
 1798      5F676574 
 1798      4E6F726D 
 1798      616C697A 
 1798      65644368 
 1799              	.LASF37:
 1800 0331 5F726561 		.ascii	"_readErrorState\000"
 1800      64457272 
 1800      6F725374 
 1800      61746500 
 1801              		.ident	"GCC: (GNU Tools for ARM Embedded Processors) 5.4.1 20160609 (release) [ARM/embedded-5-bran
