ARM GAS  C:\Users\jebush2\AppData\Local\Temp\ccArctYL.s 			page 1


   1              		.syntax unified
   2              		.cpu cortex-m3
   3              		.fpu softvfp
   4              		.eabi_attribute 20, 1
   5              		.eabi_attribute 21, 1
   6              		.eabi_attribute 23, 3
   7              		.eabi_attribute 24, 1
   8              		.eabi_attribute 25, 1
   9              		.eabi_attribute 26, 1
  10              		.eabi_attribute 30, 1
  11              		.eabi_attribute 34, 1
  12              		.eabi_attribute 18, 4
  13              		.thumb
  14              		.syntax unified
  15              		.file	"main.c"
  16              		.text
  17              	.Ltext0:
  18              		.cfi_sections	.debug_frame
  19              		.section	.text.rear_hall_isr,"ax",%progbits
  20              		.align	2
  21              		.global	rear_hall_isr
  22              		.thumb
  23              		.thumb_func
  24              		.type	rear_hall_isr, %function
  25              	rear_hall_isr:
  26              	.LFB65:
  27              		.file 1 "main.c"
   1:main.c        **** /* ========================================
   2:main.c        ****  *
   3:main.c        ****  * Copyright YOUR COMPANY, THE YEAR
   4:main.c        ****  * All Rights Reserved
   5:main.c        ****  * UNPUBLISHED, LICENSED SOFTWARE.
   6:main.c        ****  *
   7:main.c        ****  * CONFIDENTIAL AND PROPRIETARY INFORMATION
   8:main.c        ****  * WHICH IS THE PROPERTY OF your company.
   9:main.c        ****  *
  10:main.c        ****  * ========================================
  11:main.c        **** */
  12:main.c        **** #include "project.h"
  13:main.c        **** #include <string.h>
  14:main.c        **** #include <stdio.h>
  15:main.c        **** 
  16:main.c        **** #define STARTBYTE ((uint8)0xAA)
  17:main.c        **** #define REAR_SPEED_IDENT        ((uint8)0x01)
  18:main.c        **** #define FRONT_SPEED_IDENT       ((uint8)0x02)
  19:main.c        **** #define HAND_THROTTLE_IDENT     ((uint8)0x03)
  20:main.c        **** #define REMOTE_THROTTLE_IDENT   ((uint8)0x04)
  21:main.c        **** #define REMOTE_STEERING_IDENT   ((uint8)0x05)
  22:main.c        **** #define REMOTE_BRAKE_IDENT      ((uint8)0x06)
  23:main.c        **** #define PEDAL_HALL_IDENT        ((uint8)0x07)
  24:main.c        **** #define STEERING_ANGLE_IDENT    ((uint8)0x08)
  25:main.c        **** 
  26:main.c        **** CY_ISR_PROTO(rear_hall_isr);
  27:main.c        **** 
  28:main.c        **** uint16 speed;  // speed in m/s * 4096
  29:main.c        **** uint16 time;
  30:main.c        **** 
ARM GAS  C:\Users\jebush2\AppData\Local\Temp\ccArctYL.s 			page 2


  31:main.c        **** int main(void)
  32:main.c        **** {
  33:main.c        ****     CyGlobalIntEnable; /* Enable global interrupts. */
  34:main.c        ****     char sendStr[50];
  35:main.c        ****     
  36:main.c        ****     speed = 0;
  37:main.c        **** 
  38:main.c        ****     USBUART_1_Start(0, USBUART_1_5V_OPERATION); // Start the USB UART
  39:main.c        ****     while(!USBUART_1_bGetConfiguration());
  40:main.c        ****     USBUART_1_CDC_Init();
  41:main.c        ****     
  42:main.c        ****     Timer_Start();
  43:main.c        ****     Hall_Interrupt_StartEx(rear_hall_isr);
  44:main.c        ****     
  45:main.c        ****     for(;;)
  46:main.c        ****     {
  47:main.c        ****         CyDelay(100);
  48:main.c        ****         const uint32 multiplier = 8497971; // (C)(1000)(4096), C=2.0747m
  49:main.c        ****         speed = (uint16)(multiplier / (uint32)time);
  50:main.c        ****         USBUART_1_PutChar(STARTBYTE);
  51:main.c        ****         USBUART_1_PutChar(REAR_SPEED_IDENT);
  52:main.c        ****         USBUART_1_PutData((uint8 *)&speed, 2);
  53:main.c        ****         //sprintf(sendStr, "%d\n\r", speed);
  54:main.c        ****         //USBUART_1_PutString(sendStr);
  55:main.c        ****         
  56:main.c        ****         /* Place your application code here. */
  57:main.c        ****     }
  58:main.c        **** }
  59:main.c        **** 
  60:main.c        **** CY_ISR(rear_hall_isr) {
  28              		.loc 1 60 0
  29              		.cfi_startproc
  30              		@ args = 0, pretend = 0, frame = 0
  31              		@ frame_needed = 0, uses_anonymous_args = 0
  32 0000 08B5     		push	{r3, lr}
  33              		.cfi_def_cfa_offset 8
  34              		.cfi_offset 3, -8
  35              		.cfi_offset 14, -4
  61:main.c        ****     time = Timer_ReadCounter(); // time in ms since last
  36              		.loc 1 61 0
  37 0002 FFF7FEFF 		bl	Timer_ReadCounter
  38              	.LVL0:
  39 0006 034B     		ldr	r3, .L3
  40 0008 1880     		strh	r0, [r3]	@ movhi
  62:main.c        ****     Timer_WriteCounter(0);  // Clear the counter
  41              		.loc 1 62 0
  42 000a 0020     		movs	r0, #0
  43 000c FFF7FEFF 		bl	Timer_WriteCounter
  44              	.LVL1:
  45 0010 08BD     		pop	{r3, pc}
  46              	.L4:
  47 0012 00BF     		.align	2
  48              	.L3:
  49 0014 00000000 		.word	time
  50              		.cfi_endproc
  51              	.LFE65:
  52              		.size	rear_hall_isr, .-rear_hall_isr
ARM GAS  C:\Users\jebush2\AppData\Local\Temp\ccArctYL.s 			page 3


  53              		.section	.text.main,"ax",%progbits
  54              		.align	2
  55              		.global	main
  56              		.thumb
  57              		.thumb_func
  58              		.type	main, %function
  59              	main:
  60              	.LFB64:
  32:main.c        ****     CyGlobalIntEnable; /* Enable global interrupts. */
  61              		.loc 1 32 0
  62              		.cfi_startproc
  63              		@ args = 0, pretend = 0, frame = 0
  64              		@ frame_needed = 0, uses_anonymous_args = 0
  65 0000 10B5     		push	{r4, lr}
  66              		.cfi_def_cfa_offset 8
  67              		.cfi_offset 4, -8
  68              		.cfi_offset 14, -4
  33:main.c        ****     char sendStr[50];
  69              		.loc 1 33 0
  70              		.syntax unified
  71              	@ 33 "main.c" 1
  72 0002 62B6     		CPSIE   i
  73              	@ 0 "" 2
  36:main.c        **** 
  74              		.loc 1 36 0
  75              		.thumb
  76              		.syntax unified
  77 0004 0020     		movs	r0, #0
  78 0006 124B     		ldr	r3, .L9
  79 0008 1880     		strh	r0, [r3]	@ movhi
  38:main.c        ****     while(!USBUART_1_bGetConfiguration());
  80              		.loc 1 38 0
  81 000a 0121     		movs	r1, #1
  82 000c FFF7FEFF 		bl	USBUART_1_Start
  83              	.LVL2:
  84              	.L6:
  39:main.c        ****     USBUART_1_CDC_Init();
  85              		.loc 1 39 0 discriminator 1
  86 0010 FFF7FEFF 		bl	USBUART_1_GetConfiguration
  87              	.LVL3:
  88 0014 0028     		cmp	r0, #0
  89 0016 FBD0     		beq	.L6
  40:main.c        ****     
  90              		.loc 1 40 0
  91 0018 FFF7FEFF 		bl	USBUART_1_CDC_Init
  92              	.LVL4:
  42:main.c        ****     Hall_Interrupt_StartEx(rear_hall_isr);
  93              		.loc 1 42 0
  94 001c FFF7FEFF 		bl	Timer_Start
  95              	.LVL5:
  43:main.c        ****     
  96              		.loc 1 43 0
  97 0020 0C48     		ldr	r0, .L9+4
  98 0022 FFF7FEFF 		bl	Hall_Interrupt_StartEx
  99              	.LVL6:
 100              	.L7:
 101              	.LBB2:
ARM GAS  C:\Users\jebush2\AppData\Local\Temp\ccArctYL.s 			page 4


  47:main.c        ****         const uint32 multiplier = 8497971; // (C)(1000)(4096), C=2.0747m
 102              		.loc 1 47 0 discriminator 1
 103 0026 6420     		movs	r0, #100
 104 0028 FFF7FEFF 		bl	CyDelay
 105              	.LVL7:
  49:main.c        ****         USBUART_1_PutChar(STARTBYTE);
 106              		.loc 1 49 0 discriminator 1
 107 002c 0A4B     		ldr	r3, .L9+8
 108 002e 1A88     		ldrh	r2, [r3]
 109 0030 0A4B     		ldr	r3, .L9+12
 110 0032 B3FBF2F3 		udiv	r3, r3, r2
 111 0036 064C     		ldr	r4, .L9
 112 0038 2380     		strh	r3, [r4]	@ movhi
  50:main.c        ****         USBUART_1_PutChar(REAR_SPEED_IDENT);
 113              		.loc 1 50 0 discriminator 1
 114 003a AA20     		movs	r0, #170
 115 003c FFF7FEFF 		bl	USBUART_1_PutChar
 116              	.LVL8:
  51:main.c        ****         USBUART_1_PutData((uint8 *)&speed, 2);
 117              		.loc 1 51 0 discriminator 1
 118 0040 0120     		movs	r0, #1
 119 0042 FFF7FEFF 		bl	USBUART_1_PutChar
 120              	.LVL9:
  52:main.c        ****         //sprintf(sendStr, "%d\n\r", speed);
 121              		.loc 1 52 0 discriminator 1
 122 0046 0221     		movs	r1, #2
 123 0048 2046     		mov	r0, r4
 124 004a FFF7FEFF 		bl	USBUART_1_PutData
 125              	.LVL10:
 126 004e EAE7     		b	.L7
 127              	.L10:
 128              		.align	2
 129              	.L9:
 130 0050 00000000 		.word	speed
 131 0054 00000000 		.word	rear_hall_isr
 132 0058 00000000 		.word	time
 133 005c 33AB8100 		.word	8497971
 134              	.LBE2:
 135              		.cfi_endproc
 136              	.LFE64:
 137              		.size	main, .-main
 138              		.comm	time,2,2
 139              		.comm	speed,2,2
 140              		.text
 141              	.Letext0:
 142              		.file 2 "c:\\program files (x86)\\cypress\\psoc creator\\4.2\\psoc creator\\import\\gnu\\arm\\5.4.
 143              		.file 3 "c:\\program files (x86)\\cypress\\psoc creator\\4.2\\psoc creator\\import\\gnu\\arm\\5.4.
 144              		.file 4 "Generated_Source\\PSoC5/cytypes.h"
 145              		.file 5 "Generated_Source\\PSoC5/core_cm3.h"
 146              		.file 6 "Generated_Source\\PSoC5/Timer.h"
 147              		.file 7 "Generated_Source\\PSoC5/CyLib.h"
 148              		.file 8 "Generated_Source\\PSoC5/USBUART_1_cdc.h"
 149              		.file 9 "Generated_Source\\PSoC5/USBUART_1.h"
 150              		.file 10 "Generated_Source\\PSoC5/Hall_Interrupt.h"
 151              		.section	.debug_info,"",%progbits
 152              	.Ldebug_info0:
 153 0000 83020000 		.4byte	0x283
ARM GAS  C:\Users\jebush2\AppData\Local\Temp\ccArctYL.s 			page 5


 154 0004 0400     		.2byte	0x4
 155 0006 00000000 		.4byte	.Ldebug_abbrev0
 156 000a 04       		.byte	0x4
 157 000b 01       		.uleb128 0x1
 158 000c AF000000 		.4byte	.LASF32
 159 0010 0C       		.byte	0xc
 160 0011 2C020000 		.4byte	.LASF33
 161 0015 4D000000 		.4byte	.LASF34
 162 0019 00000000 		.4byte	.Ldebug_ranges0+0
 163 001d 00000000 		.4byte	0
 164 0021 00000000 		.4byte	.Ldebug_line0
 165 0025 02       		.uleb128 0x2
 166 0026 01       		.byte	0x1
 167 0027 06       		.byte	0x6
 168 0028 88020000 		.4byte	.LASF0
 169 002c 02       		.uleb128 0x2
 170 002d 01       		.byte	0x1
 171 002e 08       		.byte	0x8
 172 002f A1000000 		.4byte	.LASF1
 173 0033 02       		.uleb128 0x2
 174 0034 02       		.byte	0x2
 175 0035 05       		.byte	0x5
 176 0036 93010000 		.4byte	.LASF2
 177 003a 02       		.uleb128 0x2
 178 003b 02       		.byte	0x2
 179 003c 07       		.byte	0x7
 180 003d 4F010000 		.4byte	.LASF3
 181 0041 03       		.uleb128 0x3
 182 0042 1B000000 		.4byte	.LASF9
 183 0046 02       		.byte	0x2
 184 0047 3F       		.byte	0x3f
 185 0048 4C000000 		.4byte	0x4c
 186 004c 02       		.uleb128 0x2
 187 004d 04       		.byte	0x4
 188 004e 05       		.byte	0x5
 189 004f 73020000 		.4byte	.LASF4
 190 0053 02       		.uleb128 0x2
 191 0054 04       		.byte	0x4
 192 0055 07       		.byte	0x7
 193 0056 3D010000 		.4byte	.LASF5
 194 005a 02       		.uleb128 0x2
 195 005b 08       		.byte	0x8
 196 005c 05       		.byte	0x5
 197 005d 1E020000 		.4byte	.LASF6
 198 0061 02       		.uleb128 0x2
 199 0062 08       		.byte	0x8
 200 0063 07       		.byte	0x7
 201 0064 DC010000 		.4byte	.LASF7
 202 0068 04       		.uleb128 0x4
 203 0069 04       		.byte	0x4
 204 006a 05       		.byte	0x5
 205 006b 696E7400 		.ascii	"int\000"
 206 006f 02       		.uleb128 0x2
 207 0070 04       		.byte	0x4
 208 0071 07       		.byte	0x7
 209 0072 CF010000 		.4byte	.LASF8
 210 0076 03       		.uleb128 0x3
ARM GAS  C:\Users\jebush2\AppData\Local\Temp\ccArctYL.s 			page 6


 211 0077 93000000 		.4byte	.LASF10
 212 007b 03       		.byte	0x3
 213 007c 2C       		.byte	0x2c
 214 007d 41000000 		.4byte	0x41
 215 0081 05       		.uleb128 0x5
 216 0082 4A020000 		.4byte	.LASF11
 217 0086 04       		.byte	0x4
 218 0087 E401     		.2byte	0x1e4
 219 0089 2C000000 		.4byte	0x2c
 220 008d 05       		.uleb128 0x5
 221 008e B0010000 		.4byte	.LASF12
 222 0092 04       		.byte	0x4
 223 0093 E501     		.2byte	0x1e5
 224 0095 3A000000 		.4byte	0x3a
 225 0099 05       		.uleb128 0x5
 226 009a B7010000 		.4byte	.LASF13
 227 009e 04       		.byte	0x4
 228 009f E601     		.2byte	0x1e6
 229 00a1 53000000 		.4byte	0x53
 230 00a5 02       		.uleb128 0x2
 231 00a6 04       		.byte	0x4
 232 00a7 04       		.byte	0x4
 233 00a8 9B000000 		.4byte	.LASF14
 234 00ac 02       		.uleb128 0x2
 235 00ad 08       		.byte	0x8
 236 00ae 04       		.byte	0x4
 237 00af 7A010000 		.4byte	.LASF15
 238 00b3 02       		.uleb128 0x2
 239 00b4 01       		.byte	0x1
 240 00b5 08       		.byte	0x8
 241 00b6 33020000 		.4byte	.LASF16
 242 00ba 02       		.uleb128 0x2
 243 00bb 08       		.byte	0x8
 244 00bc 04       		.byte	0x4
 245 00bd 7C020000 		.4byte	.LASF17
 246 00c1 02       		.uleb128 0x2
 247 00c2 04       		.byte	0x4
 248 00c3 07       		.byte	0x7
 249 00c4 FE010000 		.4byte	.LASF18
 250 00c8 06       		.uleb128 0x6
 251 00c9 3F000000 		.4byte	.LASF35
 252 00cd 01       		.byte	0x1
 253 00ce 3C       		.byte	0x3c
 254 00cf 00000000 		.4byte	.LFB65
 255 00d3 18000000 		.4byte	.LFE65-.LFB65
 256 00d7 01       		.uleb128 0x1
 257 00d8 9C       		.byte	0x9c
 258 00d9 F6000000 		.4byte	0xf6
 259 00dd 07       		.uleb128 0x7
 260 00de 06000000 		.4byte	.LVL0
 261 00e2 16020000 		.4byte	0x216
 262 00e6 08       		.uleb128 0x8
 263 00e7 10000000 		.4byte	.LVL1
 264 00eb 21020000 		.4byte	0x221
 265 00ef 09       		.uleb128 0x9
 266 00f0 01       		.uleb128 0x1
 267 00f1 50       		.byte	0x50
ARM GAS  C:\Users\jebush2\AppData\Local\Temp\ccArctYL.s 			page 7


 268 00f2 01       		.uleb128 0x1
 269 00f3 30       		.byte	0x30
 270 00f4 00       		.byte	0
 271 00f5 00       		.byte	0
 272 00f6 0A       		.uleb128 0xa
 273 00f7 BE010000 		.4byte	.LASF36
 274 00fb 01       		.byte	0x1
 275 00fc 1F       		.byte	0x1f
 276 00fd 68000000 		.4byte	0x68
 277 0101 00000000 		.4byte	.LFB64
 278 0105 60000000 		.4byte	.LFE64-.LFB64
 279 0109 01       		.uleb128 0x1
 280 010a 9C       		.byte	0x9c
 281 010b CE010000 		.4byte	0x1ce
 282 010f 0B       		.uleb128 0xb
 283 0110 37000000 		.4byte	.LASF37
 284 0114 01       		.byte	0x1
 285 0115 22       		.byte	0x22
 286 0116 CE010000 		.4byte	0x1ce
 287 011a 0C       		.uleb128 0xc
 288 011b 26000000 		.4byte	.LBB2
 289 011f 3A000000 		.4byte	.LBE2-.LBB2
 290 0123 87010000 		.4byte	0x187
 291 0127 0D       		.uleb128 0xd
 292 0128 6F010000 		.4byte	.LASF38
 293 012c 01       		.byte	0x1
 294 012d 30       		.byte	0x30
 295 012e DE010000 		.4byte	0x1de
 296 0132 33AB8100 		.4byte	0x81ab33
 297 0136 0E       		.uleb128 0xe
 298 0137 2C000000 		.4byte	.LVL7
 299 013b 2C020000 		.4byte	0x22c
 300 013f 4A010000 		.4byte	0x14a
 301 0143 09       		.uleb128 0x9
 302 0144 01       		.uleb128 0x1
 303 0145 50       		.byte	0x50
 304 0146 02       		.uleb128 0x2
 305 0147 08       		.byte	0x8
 306 0148 64       		.byte	0x64
 307 0149 00       		.byte	0
 308 014a 0E       		.uleb128 0xe
 309 014b 40000000 		.4byte	.LVL8
 310 014f 37020000 		.4byte	0x237
 311 0153 5E010000 		.4byte	0x15e
 312 0157 09       		.uleb128 0x9
 313 0158 01       		.uleb128 0x1
 314 0159 50       		.byte	0x50
 315 015a 02       		.uleb128 0x2
 316 015b 09       		.byte	0x9
 317 015c AA       		.byte	0xaa
 318 015d 00       		.byte	0
 319 015e 0E       		.uleb128 0xe
 320 015f 46000000 		.4byte	.LVL9
 321 0163 37020000 		.4byte	0x237
 322 0167 71010000 		.4byte	0x171
 323 016b 09       		.uleb128 0x9
 324 016c 01       		.uleb128 0x1
ARM GAS  C:\Users\jebush2\AppData\Local\Temp\ccArctYL.s 			page 8


 325 016d 50       		.byte	0x50
 326 016e 01       		.uleb128 0x1
 327 016f 31       		.byte	0x31
 328 0170 00       		.byte	0
 329 0171 08       		.uleb128 0x8
 330 0172 4E000000 		.4byte	.LVL10
 331 0176 42020000 		.4byte	0x242
 332 017a 09       		.uleb128 0x9
 333 017b 01       		.uleb128 0x1
 334 017c 50       		.byte	0x50
 335 017d 02       		.uleb128 0x2
 336 017e 74       		.byte	0x74
 337 017f 00       		.sleb128 0
 338 0180 09       		.uleb128 0x9
 339 0181 01       		.uleb128 0x1
 340 0182 51       		.byte	0x51
 341 0183 01       		.uleb128 0x1
 342 0184 32       		.byte	0x32
 343 0185 00       		.byte	0
 344 0186 00       		.byte	0
 345 0187 0E       		.uleb128 0xe
 346 0188 10000000 		.4byte	.LVL2
 347 018c 4D020000 		.4byte	0x24d
 348 0190 9F010000 		.4byte	0x19f
 349 0194 09       		.uleb128 0x9
 350 0195 01       		.uleb128 0x1
 351 0196 50       		.byte	0x50
 352 0197 01       		.uleb128 0x1
 353 0198 30       		.byte	0x30
 354 0199 09       		.uleb128 0x9
 355 019a 01       		.uleb128 0x1
 356 019b 51       		.byte	0x51
 357 019c 01       		.uleb128 0x1
 358 019d 31       		.byte	0x31
 359 019e 00       		.byte	0
 360 019f 07       		.uleb128 0x7
 361 01a0 14000000 		.4byte	.LVL3
 362 01a4 59020000 		.4byte	0x259
 363 01a8 07       		.uleb128 0x7
 364 01a9 1C000000 		.4byte	.LVL4
 365 01ad 65020000 		.4byte	0x265
 366 01b1 07       		.uleb128 0x7
 367 01b2 20000000 		.4byte	.LVL5
 368 01b6 70020000 		.4byte	0x270
 369 01ba 08       		.uleb128 0x8
 370 01bb 26000000 		.4byte	.LVL6
 371 01bf 7B020000 		.4byte	0x27b
 372 01c3 09       		.uleb128 0x9
 373 01c4 01       		.uleb128 0x1
 374 01c5 50       		.byte	0x50
 375 01c6 05       		.uleb128 0x5
 376 01c7 03       		.byte	0x3
 377 01c8 00000000 		.4byte	rear_hall_isr
 378 01cc 00       		.byte	0
 379 01cd 00       		.byte	0
 380 01ce 0F       		.uleb128 0xf
 381 01cf B3000000 		.4byte	0xb3
ARM GAS  C:\Users\jebush2\AppData\Local\Temp\ccArctYL.s 			page 9


 382 01d3 DE010000 		.4byte	0x1de
 383 01d7 10       		.uleb128 0x10
 384 01d8 C1000000 		.4byte	0xc1
 385 01dc 31       		.byte	0x31
 386 01dd 00       		.byte	0
 387 01de 11       		.uleb128 0x11
 388 01df 99000000 		.4byte	0x99
 389 01e3 12       		.uleb128 0x12
 390 01e4 62010000 		.4byte	.LASF19
 391 01e8 05       		.byte	0x5
 392 01e9 1207     		.2byte	0x712
 393 01eb EF010000 		.4byte	0x1ef
 394 01ef 13       		.uleb128 0x13
 395 01f0 76000000 		.4byte	0x76
 396 01f4 14       		.uleb128 0x14
 397 01f5 F8010000 		.4byte	.LASF20
 398 01f9 01       		.byte	0x1
 399 01fa 1C       		.byte	0x1c
 400 01fb 8D000000 		.4byte	0x8d
 401 01ff 05       		.uleb128 0x5
 402 0200 03       		.byte	0x3
 403 0201 00000000 		.4byte	speed
 404 0205 14       		.uleb128 0x14
 405 0206 F3010000 		.4byte	.LASF21
 406 020a 01       		.byte	0x1
 407 020b 1D       		.byte	0x1d
 408 020c 8D000000 		.4byte	0x8d
 409 0210 05       		.uleb128 0x5
 410 0211 03       		.byte	0x3
 411 0212 00000000 		.4byte	time
 412 0216 15       		.uleb128 0x15
 413 0217 25000000 		.4byte	.LASF22
 414 021b 25000000 		.4byte	.LASF22
 415 021f 06       		.byte	0x6
 416 0220 5D       		.byte	0x5d
 417 0221 15       		.uleb128 0x15
 418 0222 60020000 		.4byte	.LASF23
 419 0226 60020000 		.4byte	.LASF23
 420 022a 06       		.byte	0x6
 421 022b 5A       		.byte	0x5a
 422 022c 15       		.uleb128 0x15
 423 022d 94020000 		.4byte	.LASF24
 424 0231 94020000 		.4byte	.LASF24
 425 0235 07       		.byte	0x7
 426 0236 76       		.byte	0x76
 427 0237 15       		.uleb128 0x15
 428 0238 38020000 		.4byte	.LASF25
 429 023c 38020000 		.4byte	.LASF25
 430 0240 08       		.byte	0x8
 431 0241 25       		.byte	0x25
 432 0242 15       		.uleb128 0x15
 433 0243 81010000 		.4byte	.LASF26
 434 0247 81010000 		.4byte	.LASF26
 435 024b 08       		.byte	0x8
 436 024c 23       		.byte	0x23
 437 024d 16       		.uleb128 0x16
 438 024e 50020000 		.4byte	.LASF27
ARM GAS  C:\Users\jebush2\AppData\Local\Temp\ccArctYL.s 			page 10


 439 0252 50020000 		.4byte	.LASF27
 440 0256 09       		.byte	0x9
 441 0257 2A01     		.2byte	0x12a
 442 0259 16       		.uleb128 0x16
 443 025a 00000000 		.4byte	.LASF28
 444 025e 00000000 		.4byte	.LASF28
 445 0262 09       		.byte	0x9
 446 0263 2D01     		.2byte	0x12d
 447 0265 15       		.uleb128 0x15
 448 0266 9D010000 		.4byte	.LASF29
 449 026a 9D010000 		.4byte	.LASF29
 450 026e 08       		.byte	0x8
 451 026f 22       		.byte	0x22
 452 0270 15       		.uleb128 0x15
 453 0271 C3010000 		.4byte	.LASF30
 454 0275 C3010000 		.4byte	.LASF30
 455 0279 06       		.byte	0x6
 456 027a 4F       		.byte	0x4f
 457 027b 15       		.uleb128 0x15
 458 027c 07020000 		.4byte	.LASF31
 459 0280 07020000 		.4byte	.LASF31
 460 0284 0A       		.byte	0xa
 461 0285 18       		.byte	0x18
 462 0286 00       		.byte	0
 463              		.section	.debug_abbrev,"",%progbits
 464              	.Ldebug_abbrev0:
 465 0000 01       		.uleb128 0x1
 466 0001 11       		.uleb128 0x11
 467 0002 01       		.byte	0x1
 468 0003 25       		.uleb128 0x25
 469 0004 0E       		.uleb128 0xe
 470 0005 13       		.uleb128 0x13
 471 0006 0B       		.uleb128 0xb
 472 0007 03       		.uleb128 0x3
 473 0008 0E       		.uleb128 0xe
 474 0009 1B       		.uleb128 0x1b
 475 000a 0E       		.uleb128 0xe
 476 000b 55       		.uleb128 0x55
 477 000c 17       		.uleb128 0x17
 478 000d 11       		.uleb128 0x11
 479 000e 01       		.uleb128 0x1
 480 000f 10       		.uleb128 0x10
 481 0010 17       		.uleb128 0x17
 482 0011 00       		.byte	0
 483 0012 00       		.byte	0
 484 0013 02       		.uleb128 0x2
 485 0014 24       		.uleb128 0x24
 486 0015 00       		.byte	0
 487 0016 0B       		.uleb128 0xb
 488 0017 0B       		.uleb128 0xb
 489 0018 3E       		.uleb128 0x3e
 490 0019 0B       		.uleb128 0xb
 491 001a 03       		.uleb128 0x3
 492 001b 0E       		.uleb128 0xe
 493 001c 00       		.byte	0
 494 001d 00       		.byte	0
 495 001e 03       		.uleb128 0x3
ARM GAS  C:\Users\jebush2\AppData\Local\Temp\ccArctYL.s 			page 11


 496 001f 16       		.uleb128 0x16
 497 0020 00       		.byte	0
 498 0021 03       		.uleb128 0x3
 499 0022 0E       		.uleb128 0xe
 500 0023 3A       		.uleb128 0x3a
 501 0024 0B       		.uleb128 0xb
 502 0025 3B       		.uleb128 0x3b
 503 0026 0B       		.uleb128 0xb
 504 0027 49       		.uleb128 0x49
 505 0028 13       		.uleb128 0x13
 506 0029 00       		.byte	0
 507 002a 00       		.byte	0
 508 002b 04       		.uleb128 0x4
 509 002c 24       		.uleb128 0x24
 510 002d 00       		.byte	0
 511 002e 0B       		.uleb128 0xb
 512 002f 0B       		.uleb128 0xb
 513 0030 3E       		.uleb128 0x3e
 514 0031 0B       		.uleb128 0xb
 515 0032 03       		.uleb128 0x3
 516 0033 08       		.uleb128 0x8
 517 0034 00       		.byte	0
 518 0035 00       		.byte	0
 519 0036 05       		.uleb128 0x5
 520 0037 16       		.uleb128 0x16
 521 0038 00       		.byte	0
 522 0039 03       		.uleb128 0x3
 523 003a 0E       		.uleb128 0xe
 524 003b 3A       		.uleb128 0x3a
 525 003c 0B       		.uleb128 0xb
 526 003d 3B       		.uleb128 0x3b
 527 003e 05       		.uleb128 0x5
 528 003f 49       		.uleb128 0x49
 529 0040 13       		.uleb128 0x13
 530 0041 00       		.byte	0
 531 0042 00       		.byte	0
 532 0043 06       		.uleb128 0x6
 533 0044 2E       		.uleb128 0x2e
 534 0045 01       		.byte	0x1
 535 0046 3F       		.uleb128 0x3f
 536 0047 19       		.uleb128 0x19
 537 0048 03       		.uleb128 0x3
 538 0049 0E       		.uleb128 0xe
 539 004a 3A       		.uleb128 0x3a
 540 004b 0B       		.uleb128 0xb
 541 004c 3B       		.uleb128 0x3b
 542 004d 0B       		.uleb128 0xb
 543 004e 27       		.uleb128 0x27
 544 004f 19       		.uleb128 0x19
 545 0050 11       		.uleb128 0x11
 546 0051 01       		.uleb128 0x1
 547 0052 12       		.uleb128 0x12
 548 0053 06       		.uleb128 0x6
 549 0054 40       		.uleb128 0x40
 550 0055 18       		.uleb128 0x18
 551 0056 9742     		.uleb128 0x2117
 552 0058 19       		.uleb128 0x19
ARM GAS  C:\Users\jebush2\AppData\Local\Temp\ccArctYL.s 			page 12


 553 0059 01       		.uleb128 0x1
 554 005a 13       		.uleb128 0x13
 555 005b 00       		.byte	0
 556 005c 00       		.byte	0
 557 005d 07       		.uleb128 0x7
 558 005e 898201   		.uleb128 0x4109
 559 0061 00       		.byte	0
 560 0062 11       		.uleb128 0x11
 561 0063 01       		.uleb128 0x1
 562 0064 31       		.uleb128 0x31
 563 0065 13       		.uleb128 0x13
 564 0066 00       		.byte	0
 565 0067 00       		.byte	0
 566 0068 08       		.uleb128 0x8
 567 0069 898201   		.uleb128 0x4109
 568 006c 01       		.byte	0x1
 569 006d 11       		.uleb128 0x11
 570 006e 01       		.uleb128 0x1
 571 006f 31       		.uleb128 0x31
 572 0070 13       		.uleb128 0x13
 573 0071 00       		.byte	0
 574 0072 00       		.byte	0
 575 0073 09       		.uleb128 0x9
 576 0074 8A8201   		.uleb128 0x410a
 577 0077 00       		.byte	0
 578 0078 02       		.uleb128 0x2
 579 0079 18       		.uleb128 0x18
 580 007a 9142     		.uleb128 0x2111
 581 007c 18       		.uleb128 0x18
 582 007d 00       		.byte	0
 583 007e 00       		.byte	0
 584 007f 0A       		.uleb128 0xa
 585 0080 2E       		.uleb128 0x2e
 586 0081 01       		.byte	0x1
 587 0082 3F       		.uleb128 0x3f
 588 0083 19       		.uleb128 0x19
 589 0084 03       		.uleb128 0x3
 590 0085 0E       		.uleb128 0xe
 591 0086 3A       		.uleb128 0x3a
 592 0087 0B       		.uleb128 0xb
 593 0088 3B       		.uleb128 0x3b
 594 0089 0B       		.uleb128 0xb
 595 008a 27       		.uleb128 0x27
 596 008b 19       		.uleb128 0x19
 597 008c 49       		.uleb128 0x49
 598 008d 13       		.uleb128 0x13
 599 008e 8701     		.uleb128 0x87
 600 0090 19       		.uleb128 0x19
 601 0091 11       		.uleb128 0x11
 602 0092 01       		.uleb128 0x1
 603 0093 12       		.uleb128 0x12
 604 0094 06       		.uleb128 0x6
 605 0095 40       		.uleb128 0x40
 606 0096 18       		.uleb128 0x18
 607 0097 9742     		.uleb128 0x2117
 608 0099 19       		.uleb128 0x19
 609 009a 01       		.uleb128 0x1
ARM GAS  C:\Users\jebush2\AppData\Local\Temp\ccArctYL.s 			page 13


 610 009b 13       		.uleb128 0x13
 611 009c 00       		.byte	0
 612 009d 00       		.byte	0
 613 009e 0B       		.uleb128 0xb
 614 009f 34       		.uleb128 0x34
 615 00a0 00       		.byte	0
 616 00a1 03       		.uleb128 0x3
 617 00a2 0E       		.uleb128 0xe
 618 00a3 3A       		.uleb128 0x3a
 619 00a4 0B       		.uleb128 0xb
 620 00a5 3B       		.uleb128 0x3b
 621 00a6 0B       		.uleb128 0xb
 622 00a7 49       		.uleb128 0x49
 623 00a8 13       		.uleb128 0x13
 624 00a9 00       		.byte	0
 625 00aa 00       		.byte	0
 626 00ab 0C       		.uleb128 0xc
 627 00ac 0B       		.uleb128 0xb
 628 00ad 01       		.byte	0x1
 629 00ae 11       		.uleb128 0x11
 630 00af 01       		.uleb128 0x1
 631 00b0 12       		.uleb128 0x12
 632 00b1 06       		.uleb128 0x6
 633 00b2 01       		.uleb128 0x1
 634 00b3 13       		.uleb128 0x13
 635 00b4 00       		.byte	0
 636 00b5 00       		.byte	0
 637 00b6 0D       		.uleb128 0xd
 638 00b7 34       		.uleb128 0x34
 639 00b8 00       		.byte	0
 640 00b9 03       		.uleb128 0x3
 641 00ba 0E       		.uleb128 0xe
 642 00bb 3A       		.uleb128 0x3a
 643 00bc 0B       		.uleb128 0xb
 644 00bd 3B       		.uleb128 0x3b
 645 00be 0B       		.uleb128 0xb
 646 00bf 49       		.uleb128 0x49
 647 00c0 13       		.uleb128 0x13
 648 00c1 1C       		.uleb128 0x1c
 649 00c2 06       		.uleb128 0x6
 650 00c3 00       		.byte	0
 651 00c4 00       		.byte	0
 652 00c5 0E       		.uleb128 0xe
 653 00c6 898201   		.uleb128 0x4109
 654 00c9 01       		.byte	0x1
 655 00ca 11       		.uleb128 0x11
 656 00cb 01       		.uleb128 0x1
 657 00cc 31       		.uleb128 0x31
 658 00cd 13       		.uleb128 0x13
 659 00ce 01       		.uleb128 0x1
 660 00cf 13       		.uleb128 0x13
 661 00d0 00       		.byte	0
 662 00d1 00       		.byte	0
 663 00d2 0F       		.uleb128 0xf
 664 00d3 01       		.uleb128 0x1
 665 00d4 01       		.byte	0x1
 666 00d5 49       		.uleb128 0x49
ARM GAS  C:\Users\jebush2\AppData\Local\Temp\ccArctYL.s 			page 14


 667 00d6 13       		.uleb128 0x13
 668 00d7 01       		.uleb128 0x1
 669 00d8 13       		.uleb128 0x13
 670 00d9 00       		.byte	0
 671 00da 00       		.byte	0
 672 00db 10       		.uleb128 0x10
 673 00dc 21       		.uleb128 0x21
 674 00dd 00       		.byte	0
 675 00de 49       		.uleb128 0x49
 676 00df 13       		.uleb128 0x13
 677 00e0 2F       		.uleb128 0x2f
 678 00e1 0B       		.uleb128 0xb
 679 00e2 00       		.byte	0
 680 00e3 00       		.byte	0
 681 00e4 11       		.uleb128 0x11
 682 00e5 26       		.uleb128 0x26
 683 00e6 00       		.byte	0
 684 00e7 49       		.uleb128 0x49
 685 00e8 13       		.uleb128 0x13
 686 00e9 00       		.byte	0
 687 00ea 00       		.byte	0
 688 00eb 12       		.uleb128 0x12
 689 00ec 34       		.uleb128 0x34
 690 00ed 00       		.byte	0
 691 00ee 03       		.uleb128 0x3
 692 00ef 0E       		.uleb128 0xe
 693 00f0 3A       		.uleb128 0x3a
 694 00f1 0B       		.uleb128 0xb
 695 00f2 3B       		.uleb128 0x3b
 696 00f3 05       		.uleb128 0x5
 697 00f4 49       		.uleb128 0x49
 698 00f5 13       		.uleb128 0x13
 699 00f6 3F       		.uleb128 0x3f
 700 00f7 19       		.uleb128 0x19
 701 00f8 3C       		.uleb128 0x3c
 702 00f9 19       		.uleb128 0x19
 703 00fa 00       		.byte	0
 704 00fb 00       		.byte	0
 705 00fc 13       		.uleb128 0x13
 706 00fd 35       		.uleb128 0x35
 707 00fe 00       		.byte	0
 708 00ff 49       		.uleb128 0x49
 709 0100 13       		.uleb128 0x13
 710 0101 00       		.byte	0
 711 0102 00       		.byte	0
 712 0103 14       		.uleb128 0x14
 713 0104 34       		.uleb128 0x34
 714 0105 00       		.byte	0
 715 0106 03       		.uleb128 0x3
 716 0107 0E       		.uleb128 0xe
 717 0108 3A       		.uleb128 0x3a
 718 0109 0B       		.uleb128 0xb
 719 010a 3B       		.uleb128 0x3b
 720 010b 0B       		.uleb128 0xb
 721 010c 49       		.uleb128 0x49
 722 010d 13       		.uleb128 0x13
 723 010e 3F       		.uleb128 0x3f
ARM GAS  C:\Users\jebush2\AppData\Local\Temp\ccArctYL.s 			page 15


 724 010f 19       		.uleb128 0x19
 725 0110 02       		.uleb128 0x2
 726 0111 18       		.uleb128 0x18
 727 0112 00       		.byte	0
 728 0113 00       		.byte	0
 729 0114 15       		.uleb128 0x15
 730 0115 2E       		.uleb128 0x2e
 731 0116 00       		.byte	0
 732 0117 3F       		.uleb128 0x3f
 733 0118 19       		.uleb128 0x19
 734 0119 3C       		.uleb128 0x3c
 735 011a 19       		.uleb128 0x19
 736 011b 6E       		.uleb128 0x6e
 737 011c 0E       		.uleb128 0xe
 738 011d 03       		.uleb128 0x3
 739 011e 0E       		.uleb128 0xe
 740 011f 3A       		.uleb128 0x3a
 741 0120 0B       		.uleb128 0xb
 742 0121 3B       		.uleb128 0x3b
 743 0122 0B       		.uleb128 0xb
 744 0123 00       		.byte	0
 745 0124 00       		.byte	0
 746 0125 16       		.uleb128 0x16
 747 0126 2E       		.uleb128 0x2e
 748 0127 00       		.byte	0
 749 0128 3F       		.uleb128 0x3f
 750 0129 19       		.uleb128 0x19
 751 012a 3C       		.uleb128 0x3c
 752 012b 19       		.uleb128 0x19
 753 012c 6E       		.uleb128 0x6e
 754 012d 0E       		.uleb128 0xe
 755 012e 03       		.uleb128 0x3
 756 012f 0E       		.uleb128 0xe
 757 0130 3A       		.uleb128 0x3a
 758 0131 0B       		.uleb128 0xb
 759 0132 3B       		.uleb128 0x3b
 760 0133 05       		.uleb128 0x5
 761 0134 00       		.byte	0
 762 0135 00       		.byte	0
 763 0136 00       		.byte	0
 764              		.section	.debug_aranges,"",%progbits
 765 0000 24000000 		.4byte	0x24
 766 0004 0200     		.2byte	0x2
 767 0006 00000000 		.4byte	.Ldebug_info0
 768 000a 04       		.byte	0x4
 769 000b 00       		.byte	0
 770 000c 0000     		.2byte	0
 771 000e 0000     		.2byte	0
 772 0010 00000000 		.4byte	.LFB65
 773 0014 18000000 		.4byte	.LFE65-.LFB65
 774 0018 00000000 		.4byte	.LFB64
 775 001c 60000000 		.4byte	.LFE64-.LFB64
 776 0020 00000000 		.4byte	0
 777 0024 00000000 		.4byte	0
 778              		.section	.debug_ranges,"",%progbits
 779              	.Ldebug_ranges0:
 780 0000 00000000 		.4byte	.LFB65
ARM GAS  C:\Users\jebush2\AppData\Local\Temp\ccArctYL.s 			page 16


 781 0004 18000000 		.4byte	.LFE65
 782 0008 00000000 		.4byte	.LFB64
 783 000c 60000000 		.4byte	.LFE64
 784 0010 00000000 		.4byte	0
 785 0014 00000000 		.4byte	0
 786              		.section	.debug_line,"",%progbits
 787              	.Ldebug_line0:
 788 0000 E2010000 		.section	.debug_str,"MS",%progbits,1
 788      02009801 
 788      00000201 
 788      FB0E0D00 
 788      01010101 
 789              	.LASF28:
 790 0000 55534255 		.ascii	"USBUART_1_GetConfiguration\000"
 790      4152545F 
 790      315F4765 
 790      74436F6E 
 790      66696775 
 791              	.LASF9:
 792 001b 5F5F696E 		.ascii	"__int32_t\000"
 792      7433325F 
 792      7400
 793              	.LASF22:
 794 0025 54696D65 		.ascii	"Timer_ReadCounter\000"
 794      725F5265 
 794      6164436F 
 794      756E7465 
 794      7200
 795              	.LASF37:
 796 0037 73656E64 		.ascii	"sendStr\000"
 796      53747200 
 797              	.LASF35:
 798 003f 72656172 		.ascii	"rear_hall_isr\000"
 798      5F68616C 
 798      6C5F6973 
 798      7200
 799              	.LASF34:
 800 004d 433A5C55 		.ascii	"C:\\Users\\jebush2\\Desktop\\PSoC 3-19-2019\\Smart "
 800      73657273 
 800      5C6A6562 
 800      75736832 
 800      5C446573 
 801 007b 42696B65 		.ascii	"Bike PSoC\\Sensors.cydsn\000"
 801      2050536F 
 801      435C5365 
 801      6E736F72 
 801      732E6379 
 802              	.LASF10:
 803 0093 696E7433 		.ascii	"int32_t\000"
 803      325F7400 
 804              	.LASF14:
 805 009b 666C6F61 		.ascii	"float\000"
 805      7400
 806              	.LASF1:
 807 00a1 756E7369 		.ascii	"unsigned char\000"
 807      676E6564 
 807      20636861 
ARM GAS  C:\Users\jebush2\AppData\Local\Temp\ccArctYL.s 			page 17


 807      7200
 808              	.LASF32:
 809 00af 474E5520 		.ascii	"GNU C11 5.4.1 20160609 (release) [ARM/embedded-5-br"
 809      43313120 
 809      352E342E 
 809      31203230 
 809      31363036 
 810 00e2 616E6368 		.ascii	"anch revision 237715] -mcpu=cortex-m3 -mthumb -g -O"
 810      20726576 
 810      6973696F 
 810      6E203233 
 810      37373135 
 811 0115 67202D66 		.ascii	"g -ffunction-sections -ffat-lto-objects\000"
 811      66756E63 
 811      74696F6E 
 811      2D736563 
 811      74696F6E 
 812              	.LASF5:
 813 013d 6C6F6E67 		.ascii	"long unsigned int\000"
 813      20756E73 
 813      69676E65 
 813      6420696E 
 813      7400
 814              	.LASF3:
 815 014f 73686F72 		.ascii	"short unsigned int\000"
 815      7420756E 
 815      7369676E 
 815      65642069 
 815      6E7400
 816              	.LASF19:
 817 0162 49544D5F 		.ascii	"ITM_RxBuffer\000"
 817      52784275 
 817      66666572 
 817      00
 818              	.LASF38:
 819 016f 6D756C74 		.ascii	"multiplier\000"
 819      69706C69 
 819      657200
 820              	.LASF15:
 821 017a 646F7562 		.ascii	"double\000"
 821      6C6500
 822              	.LASF26:
 823 0181 55534255 		.ascii	"USBUART_1_PutData\000"
 823      4152545F 
 823      315F5075 
 823      74446174 
 823      6100
 824              	.LASF2:
 825 0193 73686F72 		.ascii	"short int\000"
 825      7420696E 
 825      7400
 826              	.LASF29:
 827 019d 55534255 		.ascii	"USBUART_1_CDC_Init\000"
 827      4152545F 
 827      315F4344 
 827      435F496E 
 827      697400
ARM GAS  C:\Users\jebush2\AppData\Local\Temp\ccArctYL.s 			page 18


 828              	.LASF12:
 829 01b0 75696E74 		.ascii	"uint16\000"
 829      313600
 830              	.LASF13:
 831 01b7 75696E74 		.ascii	"uint32\000"
 831      333200
 832              	.LASF36:
 833 01be 6D61696E 		.ascii	"main\000"
 833      00
 834              	.LASF30:
 835 01c3 54696D65 		.ascii	"Timer_Start\000"
 835      725F5374 
 835      61727400 
 836              	.LASF8:
 837 01cf 756E7369 		.ascii	"unsigned int\000"
 837      676E6564 
 837      20696E74 
 837      00
 838              	.LASF7:
 839 01dc 6C6F6E67 		.ascii	"long long unsigned int\000"
 839      206C6F6E 
 839      6720756E 
 839      7369676E 
 839      65642069 
 840              	.LASF21:
 841 01f3 74696D65 		.ascii	"time\000"
 841      00
 842              	.LASF20:
 843 01f8 73706565 		.ascii	"speed\000"
 843      6400
 844              	.LASF18:
 845 01fe 73697A65 		.ascii	"sizetype\000"
 845      74797065 
 845      00
 846              	.LASF31:
 847 0207 48616C6C 		.ascii	"Hall_Interrupt_StartEx\000"
 847      5F496E74 
 847      65727275 
 847      70745F53 
 847      74617274 
 848              	.LASF6:
 849 021e 6C6F6E67 		.ascii	"long long int\000"
 849      206C6F6E 
 849      6720696E 
 849      7400
 850              	.LASF33:
 851 022c 6D61696E 		.ascii	"main.c\000"
 851      2E6300
 852              	.LASF16:
 853 0233 63686172 		.ascii	"char\000"
 853      00
 854              	.LASF25:
 855 0238 55534255 		.ascii	"USBUART_1_PutChar\000"
 855      4152545F 
 855      315F5075 
 855      74436861 
 855      7200
ARM GAS  C:\Users\jebush2\AppData\Local\Temp\ccArctYL.s 			page 19


 856              	.LASF11:
 857 024a 75696E74 		.ascii	"uint8\000"
 857      3800
 858              	.LASF27:
 859 0250 55534255 		.ascii	"USBUART_1_Start\000"
 859      4152545F 
 859      315F5374 
 859      61727400 
 860              	.LASF23:
 861 0260 54696D65 		.ascii	"Timer_WriteCounter\000"
 861      725F5772 
 861      69746543 
 861      6F756E74 
 861      657200
 862              	.LASF4:
 863 0273 6C6F6E67 		.ascii	"long int\000"
 863      20696E74 
 863      00
 864              	.LASF17:
 865 027c 6C6F6E67 		.ascii	"long double\000"
 865      20646F75 
 865      626C6500 
 866              	.LASF0:
 867 0288 7369676E 		.ascii	"signed char\000"
 867      65642063 
 867      68617200 
 868              	.LASF24:
 869 0294 43794465 		.ascii	"CyDelay\000"
 869      6C617900 
 870              		.ident	"GCC: (GNU Tools for ARM Embedded Processors) 5.4.1 20160609 (release) [ARM/embedded-5-bran
