ARM GAS  C:\Users\jebush2\AppData\Local\Temp\cc1uJoAs.s 			page 1


   1              		.syntax unified
   2              		.cpu cortex-m3
   3              		.fpu softvfp
   4              		.eabi_attribute 20, 1
   5              		.eabi_attribute 21, 1
   6              		.eabi_attribute 23, 3
   7              		.eabi_attribute 24, 1
   8              		.eabi_attribute 25, 1
   9              		.eabi_attribute 26, 1
  10              		.eabi_attribute 30, 1
  11              		.eabi_attribute 34, 1
  12              		.eabi_attribute 18, 4
  13              		.thumb
  14              		.syntax unified
  15              		.file	"pressure_pad.c"
  16              		.text
  17              	.Ltext0:
  18              		.cfi_sections	.debug_frame
  19              	.Letext0:
  20              		.section	.debug_info,"",%progbits
  21              	.Ldebug_info0:
  22 0000 28000000 		.4byte	0x28
  23 0004 0400     		.2byte	0x4
  24 0006 00000000 		.4byte	.Ldebug_abbrev0
  25 000a 04       		.byte	0x4
  26 000b 01       		.uleb128 0x1
  27 000c 09000000 		.4byte	.LASF1
  28 0010 0C       		.byte	0xc
  29 0011 97000000 		.4byte	.LASF2
  30 0015 A6000000 		.4byte	.LASF3
  31 0019 00000000 		.4byte	.Ldebug_line0
  32 001d 02       		.uleb128 0x2
  33 001e 04       		.byte	0x4
  34 001f 05       		.byte	0x5
  35 0020 696E7400 		.ascii	"int\000"
  36 0024 03       		.uleb128 0x3
  37 0025 04       		.byte	0x4
  38 0026 07       		.byte	0x7
  39 0027 00000000 		.4byte	.LASF0
  40 002b 00       		.byte	0
  41              		.section	.debug_abbrev,"",%progbits
  42              	.Ldebug_abbrev0:
  43 0000 01       		.uleb128 0x1
  44 0001 11       		.uleb128 0x11
  45 0002 01       		.byte	0x1
  46 0003 25       		.uleb128 0x25
  47 0004 0E       		.uleb128 0xe
  48 0005 13       		.uleb128 0x13
  49 0006 0B       		.uleb128 0xb
  50 0007 03       		.uleb128 0x3
  51 0008 0E       		.uleb128 0xe
  52 0009 1B       		.uleb128 0x1b
  53 000a 0E       		.uleb128 0xe
  54 000b 10       		.uleb128 0x10
  55 000c 17       		.uleb128 0x17
  56 000d 00       		.byte	0
  57 000e 00       		.byte	0
ARM GAS  C:\Users\jebush2\AppData\Local\Temp\cc1uJoAs.s 			page 2


  58 000f 02       		.uleb128 0x2
  59 0010 24       		.uleb128 0x24
  60 0011 00       		.byte	0
  61 0012 0B       		.uleb128 0xb
  62 0013 0B       		.uleb128 0xb
  63 0014 3E       		.uleb128 0x3e
  64 0015 0B       		.uleb128 0xb
  65 0016 03       		.uleb128 0x3
  66 0017 08       		.uleb128 0x8
  67 0018 00       		.byte	0
  68 0019 00       		.byte	0
  69 001a 03       		.uleb128 0x3
  70 001b 24       		.uleb128 0x24
  71 001c 00       		.byte	0
  72 001d 0B       		.uleb128 0xb
  73 001e 0B       		.uleb128 0xb
  74 001f 3E       		.uleb128 0x3e
  75 0020 0B       		.uleb128 0xb
  76 0021 03       		.uleb128 0x3
  77 0022 0E       		.uleb128 0xe
  78 0023 00       		.byte	0
  79 0024 00       		.byte	0
  80 0025 00       		.byte	0
  81              		.section	.debug_aranges,"",%progbits
  82 0000 14000000 		.4byte	0x14
  83 0004 0200     		.2byte	0x2
  84 0006 00000000 		.4byte	.Ldebug_info0
  85 000a 04       		.byte	0x4
  86 000b 00       		.byte	0
  87 000c 0000     		.2byte	0
  88 000e 0000     		.2byte	0
  89 0010 00000000 		.4byte	0
  90 0014 00000000 		.4byte	0
  91              		.section	.debug_line,"",%progbits
  92              	.Ldebug_line0:
  93 0000 19000000 		.section	.debug_str,"MS",%progbits,1
  93      02001300 
  93      00000201 
  93      FB0E0D00 
  93      01010101 
  94              	.LASF0:
  95 0000 73697A65 		.ascii	"sizetype\000"
  95      74797065 
  95      00
  96              	.LASF1:
  97 0009 474E5520 		.ascii	"GNU C11 5.4.1 20160609 (release) [ARM/embedded-5-br"
  97      43313120 
  97      352E342E 
  97      31203230 
  97      31363036 
  98 003c 616E6368 		.ascii	"anch revision 237715] -mcpu=cortex-m3 -mthumb -g -O"
  98      20726576 
  98      6973696F 
  98      6E203233 
  98      37373135 
  99 006f 67202D66 		.ascii	"g -ffunction-sections -ffat-lto-objects\000"
  99      66756E63 
ARM GAS  C:\Users\jebush2\AppData\Local\Temp\cc1uJoAs.s 			page 3


  99      74696F6E 
  99      2D736563 
  99      74696F6E 
 100              	.LASF2:
 101 0097 70726573 		.ascii	"pressure_pad.c\000"
 101      73757265 
 101      5F706164 
 101      2E6300
 102              	.LASF3:
 103 00a6 433A5C55 		.ascii	"C:\\Users\\jebush2\\Desktop\\PSoC 3-19-2019\\Smart "
 103      73657273 
 103      5C6A6562 
 103      75736832 
 103      5C446573 
 104 00d4 42696B65 		.ascii	"Bike PSoC\\Sensors.cydsn\000"
 104      2050536F 
 104      435C5365 
 104      6E736F72 
 104      732E6379 
 105              		.ident	"GCC: (GNU Tools for ARM Embedded Processors) 5.4.1 20160609 (release) [ARM/embedded-5-bran
