--------------- Build Started: 05/22/2018 15:41:03 Project: Balance, Configuration: ARM GCC 5.4-2016-q2-update Release ---------------
cydsfit.exe -.appdatapath "C:\Users\jon\AppData\Local\Cypress Semiconductor\PSoC Creator\4.2" -.fdsnotice -.fdswarpdepfile=warp_dependencies.txt -.fdselabdepfile=elab_dependencies.txt -.fdsbldfile=generated_files.txt -.fdsreffile=referenced_files.txt -p "C:\Users\jon\Sync\Research\PSoC Projects\Balance.cydsn\Balance.cyprj" -d CY8C5888LTI-LP097 -s "C:\Users\jon\Sync\Research\PSoC Projects\Balance.cydsn\Generated_Source\PSoC5" -- -yv2 -q10 -ygs -o2 -v3 -.fftcfgtype=LE
Elaborating Design...
HDL Generation...
Synthesis...
Tech Mapping...
ADD: pft.M0040: information: The following 2 pin(s) will be assigned a location by the fitter: CMG_Rx(0), CMG_Tx(0)
Analog Placement...
Log: apr.M0058: The analog placement iterative improvement is 53% done. (App=cydsfit)
Analog Routing...
Analog Code Generation...
Digital Placement...
Digital Routing...
Bitstream Generation...
Bitstream Verification...
Static timing analysis...
API Generation...
Dependency Generation...
Cleanup...
arm-none-eabi-gcc.exe -mcpu=cortex-m3 -mthumb -Im -I. -IGenerated_Source\PSoC5 -Wa,-alh=.\CortexM3\ARM_GCC_541\Release/main.lst -g -D NDEBUG -D CY_CORE_ID=0 -Wall -ffunction-sections -ffat-lto-objects -Os -c main.c -o .\CortexM3\ARM_GCC_541\Release\main.o
arm-none-eabi-gcc.exe -mcpu=cortex-m3 -mthumb -Im -I. -IGenerated_Source\PSoC5 -Wa,-alh=.\CortexM3\ARM_GCC_541\Release/sbus.lst -g -D NDEBUG -D CY_CORE_ID=0 -Wall -ffunction-sections -ffat-lto-objects -Os -c sbus.c -o .\CortexM3\ARM_GCC_541\Release\sbus.o
arm-none-eabi-gcc.exe -mcpu=cortex-m3 -mthumb -Im -I. -IGenerated_Source\PSoC5 -Wa,-alh=.\CortexM3\ARM_GCC_541\Release/cyfitter_cfg.lst -g -D NDEBUG -D CY_CORE_ID=0 -Wall -ffunction-sections -ffat-lto-objects -Os -c Generated_Source\PSoC5\cyfitter_cfg.c -o .\CortexM3\ARM_GCC_541\Release\cyfitter_cfg.o
arm-none-eabi-gcc.exe -mcpu=cortex-m3 -mthumb -Im -I. -IGenerated_Source\PSoC5 -Wa,-alh=.\CortexM3\ARM_GCC_541\Release/cymetadata.lst -g -D NDEBUG -D CY_CORE_ID=0 -Wall -ffunction-sections -ffat-lto-objects -Os -c Generated_Source\PSoC5\cymetadata.c -o .\CortexM3\ARM_GCC_541\Release\cymetadata.o
arm-none-eabi-gcc.exe -mcpu=cortex-m3 -mthumb -Im -I. -IGenerated_Source\PSoC5 -Wa,-alh=.\CortexM3\ARM_GCC_541\Release/Steering_PWM.lst -g -D NDEBUG -D CY_CORE_ID=0 -Wall -ffunction-sections -ffat-lto-objects -Os -c Generated_Source\PSoC5\Steering_PWM.c -o .\CortexM3\ARM_GCC_541\Release\Steering_PWM.o
arm-none-eabi-gcc.exe -mcpu=cortex-m3 -mthumb -Im -I. -IGenerated_Source\PSoC5 -Wa,-alh=.\CortexM3\ARM_GCC_541\Release/Clock_3.lst -g -D NDEBUG -D CY_CORE_ID=0 -Wall -ffunction-sections -ffat-lto-objects -Os -c Generated_Source\PSoC5\Clock_3.c -o .\CortexM3\ARM_GCC_541\Release\Clock_3.o
arm-none-eabi-gcc.exe -mcpu=cortex-m3 -mthumb -Im -I. -IGenerated_Source\PSoC5 -Wa,-alh=.\CortexM3\ARM_GCC_541\Release/Control_Loop_Interrupt.lst -g -D NDEBUG -D CY_CORE_ID=0 -Wall -ffunction-sections -ffat-lto-objects -Os -c Generated_Source\PSoC5\Control_Loop_Interrupt.c -o .\CortexM3\ARM_GCC_541\Release\Control_Loop_Interrupt.o
arm-none-eabi-gcc.exe -mcpu=cortex-m3 -mthumb -Im -I. -IGenerated_Source\PSoC5 -Wa,-alh=.\CortexM3\ARM_GCC_541\Release/Handle_Encoder.lst -g -D NDEBUG -D CY_CORE_ID=0 -Wall -ffunction-sections -ffat-lto-objects -Os -c Generated_Source\PSoC5\Handle_Encoder.c -o .\CortexM3\ARM_GCC_541\Release\Handle_Encoder.o
arm-none-eabi-gcc.exe -mcpu=cortex-m3 -mthumb -Im -I. -IGenerated_Source\PSoC5 -Wa,-alh=.\CortexM3\ARM_GCC_541\Release/Handle_Encoder_PM.lst -g -D NDEBUG -D CY_CORE_ID=0 -Wall -ffunction-sections -ffat-lto-objects -Os -c Generated_Source\PSoC5\Handle_Encoder_PM.c -o .\CortexM3\ARM_GCC_541\Release\Handle_Encoder_PM.o
arm-none-eabi-gcc.exe -mcpu=cortex-m3 -mthumb -Im -I. -IGenerated_Source\PSoC5 -Wa,-alh=.\CortexM3\ARM_GCC_541\Release/Handle_Encoder_A.lst -g -D NDEBUG -D CY_CORE_ID=0 -Wall -ffunction-sections -ffat-lto-objects -Os -c Generated_Source\PSoC5\Handle_Encoder_A.c -o .\CortexM3\ARM_GCC_541\Release\Handle_Encoder_A.o
arm-none-eabi-gcc.exe -mcpu=cortex-m3 -mthumb -Im -I. -IGenerated_Source\PSoC5 -Wa,-alh=.\CortexM3\ARM_GCC_541\Release/Clock_4.lst -g -D NDEBUG -D CY_CORE_ID=0 -Wall -ffunction-sections -ffat-lto-objects -Os -c Generated_Source\PSoC5\Clock_4.c -o .\CortexM3\ARM_GCC_541\Release\Clock_4.o
arm-none-eabi-gcc.exe -mcpu=cortex-m3 -mthumb -Im -I. -IGenerated_Source\PSoC5 -Wa,-alh=.\CortexM3\ARM_GCC_541\Release/Handle_Encoder_B.lst -g -D NDEBUG -D CY_CORE_ID=0 -Wall -ffunction-sections -ffat-lto-objects -Os -c Generated_Source\PSoC5\Handle_Encoder_B.c -o .\CortexM3\ARM_GCC_541\Release\Handle_Encoder_B.o
arm-none-eabi-gcc.exe -mcpu=cortex-m3 -mthumb -Im -I. -IGenerated_Source\PSoC5 -Wa,-alh=.\CortexM3\ARM_GCC_541\Release/PWM_Steer.lst -g -D NDEBUG -D CY_CORE_ID=0 -Wall -ffunction-sections -ffat-lto-objects -Os -c Generated_Source\PSoC5\PWM_Steer.c -o .\CortexM3\ARM_GCC_541\Release\PWM_Steer.o
arm-none-eabi-gcc.exe -mcpu=cortex-m3 -mthumb -Im -I. -IGenerated_Source\PSoC5 -Wa,-alh=.\CortexM3\ARM_GCC_541\Release/PWM_Steer_PM.lst -g -D NDEBUG -D CY_CORE_ID=0 -Wall -ffunction-sections -ffat-lto-objects -Os -c Generated_Source\PSoC5\PWM_Steer_PM.c -o .\CortexM3\ARM_GCC_541\Release\PWM_Steer_PM.o
arm-none-eabi-gcc.exe -mcpu=cortex-m3 -mthumb -Im -I. -IGenerated_Source\PSoC5 -Wa,-alh=.\CortexM3\ARM_GCC_541\Release/Clock_6.lst -g -D NDEBUG -D CY_CORE_ID=0 -Wall -ffunction-sections -ffat-lto-objects -Os -c Generated_Source\PSoC5\Clock_6.c -o .\CortexM3\ARM_GCC_541\Release\Clock_6.o
arm-none-eabi-gcc.exe -mcpu=cortex-m3 -mthumb -Im -I. -IGenerated_Source\PSoC5 -Wa,-alh=.\CortexM3\ARM_GCC_541\Release/Handle_Encoder_Cnt16.lst -g -D NDEBUG -D CY_CORE_ID=0 -Wall -ffunction-sections -ffat-lto-objects -Os -c Generated_Source\PSoC5\Handle_Encoder_Cnt16.c -o .\CortexM3\ARM_GCC_541\Release\Handle_Encoder_Cnt16.o
arm-none-eabi-gcc.exe -mcpu=cortex-m3 -mthumb -Im -I. -IGenerated_Source\PSoC5 -Wa,-alh=.\CortexM3\ARM_GCC_541\Release/Handle_Encoder_Cnt16_PM.lst -g -D NDEBUG -D CY_CORE_ID=0 -Wall -ffunction-sections -ffat-lto-objects -Os -c Generated_Source\PSoC5\Handle_Encoder_Cnt16_PM.c -o .\CortexM3\ARM_GCC_541\Release\Handle_Encoder_Cnt16_PM.o
arm-none-eabi-gcc.exe -mcpu=cortex-m3 -mthumb -Im -I. -IGenerated_Source\PSoC5 -Wa,-alh=.\CortexM3\ARM_GCC_541\Release/Cm3Start.lst -g -D NDEBUG -D CY_CORE_ID=0 -Wall -ffunction-sections -ffat-lto-objects -Os -c Generated_Source\PSoC5\Cm3Start.c -o .\CortexM3\ARM_GCC_541\Release\Cm3Start.o
arm-none-eabi-gcc.exe -mcpu=cortex-m3 -mthumb -Im -I. -IGenerated_Source\PSoC5 -Wa,-alh=.\CortexM3\ARM_GCC_541\Release/CyDmac.lst -g -D NDEBUG -D CY_CORE_ID=0 -Wall -ffunction-sections -ffat-lto-objects -Os -c Generated_Source\PSoC5\CyDmac.c -o .\CortexM3\ARM_GCC_541\Release\CyDmac.o
arm-none-eabi-gcc.exe -mcpu=cortex-m3 -mthumb -Im -I. -IGenerated_Source\PSoC5 -Wa,-alh=.\CortexM3\ARM_GCC_541\Release/CyFlash.lst -g -D NDEBUG -D CY_CORE_ID=0 -Wall -ffunction-sections -ffat-lto-objects -Os -c Generated_Source\PSoC5\CyFlash.c -o .\CortexM3\ARM_GCC_541\Release\CyFlash.o
arm-none-eabi-gcc.exe -mcpu=cortex-m3 -mthumb -Im -I. -IGenerated_Source\PSoC5 -Wa,-alh=.\CortexM3\ARM_GCC_541\Release/CyLib.lst -g -D NDEBUG -D CY_CORE_ID=0 -Wall -ffunction-sections -ffat-lto-objects -Os -c Generated_Source\PSoC5\CyLib.c -o .\CortexM3\ARM_GCC_541\Release\CyLib.o
arm-none-eabi-gcc.exe -mcpu=cortex-m3 -mthumb -Im -I. -IGenerated_Source\PSoC5 -Wa,-alh=.\CortexM3\ARM_GCC_541\Release/cyPm.lst -g -D NDEBUG -D CY_CORE_ID=0 -Wall -ffunction-sections -ffat-lto-objects -Os -c Generated_Source\PSoC5\cyPm.c -o .\CortexM3\ARM_GCC_541\Release\cyPm.o
arm-none-eabi-gcc.exe -mcpu=cortex-m3 -mthumb -Im -I. -IGenerated_Source\PSoC5 -Wa,-alh=.\CortexM3\ARM_GCC_541\Release/CySpc.lst -g -D NDEBUG -D CY_CORE_ID=0 -Wall -ffunction-sections -ffat-lto-objects -Os -c Generated_Source\PSoC5\CySpc.c -o .\CortexM3\ARM_GCC_541\Release\CySpc.o
arm-none-eabi-gcc.exe -mcpu=cortex-m3 -mthumb -Im -I. -IGenerated_Source\PSoC5 -Wa,-alh=.\CortexM3\ARM_GCC_541\Release/cyutils.lst -g -D NDEBUG -D CY_CORE_ID=0 -Wall -ffunction-sections -ffat-lto-objects -Os -c Generated_Source\PSoC5\cyutils.c -o .\CortexM3\ARM_GCC_541\Release\cyutils.o
arm-none-eabi-gcc.exe -mcpu=cortex-m3 -mthumb -Im -I. -IGenerated_Source\PSoC5 -Wa,-alh=.\CortexM3\ARM_GCC_541\Release/cy_em_eeprom.lst -g -D NDEBUG -D CY_CORE_ID=0 -Wall -ffunction-sections -ffat-lto-objects -Os -c Generated_Source\PSoC5\cy_em_eeprom.c -o .\CortexM3\ARM_GCC_541\Release\cy_em_eeprom.o
arm-none-eabi-gcc.exe -mcpu=cortex-m3 -mthumb -Im -I. -IGenerated_Source\PSoC5 -Wa,-alh=.\CortexM3\ARM_GCC_541\Release/UART.lst -g -D NDEBUG -D CY_CORE_ID=0 -Wall -ffunction-sections -ffat-lto-objects -Os -c Generated_Source\PSoC5\UART.c -o .\CortexM3\ARM_GCC_541\Release\UART.o
arm-none-eabi-gcc.exe -mcpu=cortex-m3 -mthumb -Im -I. -IGenerated_Source\PSoC5 -Wa,-alh=.\CortexM3\ARM_GCC_541\Release/UART_PM.lst -g -D NDEBUG -D CY_CORE_ID=0 -Wall -ffunction-sections -ffat-lto-objects -Os -c Generated_Source\PSoC5\UART_PM.c -o .\CortexM3\ARM_GCC_541\Release\UART_PM.o
arm-none-eabi-gcc.exe -mcpu=cortex-m3 -mthumb -Im -I. -IGenerated_Source\PSoC5 -Wa,-alh=.\CortexM3\ARM_GCC_541\Release/UART_INT.lst -g -D NDEBUG -D CY_CORE_ID=0 -Wall -ffunction-sections -ffat-lto-objects -Os -c Generated_Source\PSoC5\UART_INT.c -o .\CortexM3\ARM_GCC_541\Release\UART_INT.o
arm-none-eabi-gcc.exe -mcpu=cortex-m3 -mthumb -Im -I. -IGenerated_Source\PSoC5 -Wa,-alh=.\CortexM3\ARM_GCC_541\Release/UART_BOOT.lst -g -D NDEBUG -D CY_CORE_ID=0 -Wall -ffunction-sections -ffat-lto-objects -Os -c Generated_Source\PSoC5\UART_BOOT.c -o .\CortexM3\ARM_GCC_541\Release\UART_BOOT.o
arm-none-eabi-gcc.exe -mcpu=cortex-m3 -mthumb -Im -I. -IGenerated_Source\PSoC5 -Wa,-alh=.\CortexM3\ARM_GCC_541\Release/UART_IntClock.lst -g -D NDEBUG -D CY_CORE_ID=0 -Wall -ffunction-sections -ffat-lto-objects -Os -c Generated_Source\PSoC5\UART_IntClock.c -o .\CortexM3\ARM_GCC_541\Release\UART_IntClock.o
arm-none-eabi-gcc.exe -mcpu=cortex-m3 -mthumb -Im -I. -IGenerated_Source\PSoC5 -Wa,-alh=.\CortexM3\ARM_GCC_541\Release/VDAC8_1.lst -g -D NDEBUG -D CY_CORE_ID=0 -Wall -ffunction-sections -ffat-lto-objects -Os -c Generated_Source\PSoC5\VDAC8_1.c -o .\CortexM3\ARM_GCC_541\Release\VDAC8_1.o
arm-none-eabi-gcc.exe -mcpu=cortex-m3 -mthumb -Im -I. -IGenerated_Source\PSoC5 -Wa,-alh=.\CortexM3\ARM_GCC_541\Release/VDAC8_1_PM.lst -g -D NDEBUG -D CY_CORE_ID=0 -Wall -ffunction-sections -ffat-lto-objects -Os -c Generated_Source\PSoC5\VDAC8_1_PM.c -o .\CortexM3\ARM_GCC_541\Release\VDAC8_1_PM.o
arm-none-eabi-gcc.exe -mcpu=cortex-m3 -mthumb -Im -I. -IGenerated_Source\PSoC5 -Wa,-alh=.\CortexM3\ARM_GCC_541\Release/TestPin.lst -g -D NDEBUG -D CY_CORE_ID=0 -Wall -ffunction-sections -ffat-lto-objects -Os -c Generated_Source\PSoC5\TestPin.c -o .\CortexM3\ARM_GCC_541\Release\TestPin.o
arm-none-eabi-gcc.exe -mcpu=cortex-m3 -mthumb -Im -I. -IGenerated_Source\PSoC5 -Wa,-alh=.\CortexM3\ARM_GCC_541\Release/SW.lst -g -D NDEBUG -D CY_CORE_ID=0 -Wall -ffunction-sections -ffat-lto-objects -Os -c Generated_Source\PSoC5\SW.c -o .\CortexM3\ARM_GCC_541\Release\SW.o
arm-none-eabi-gcc.exe -mcpu=cortex-m3 -mthumb -Im -I. -IGenerated_Source\PSoC5 -Wa,-alh=.\CortexM3\ARM_GCC_541\Release/SBUS_UART.lst -g -D NDEBUG -D CY_CORE_ID=0 -Wall -ffunction-sections -ffat-lto-objects -Os -c Generated_Source\PSoC5\SBUS_UART.c -o .\CortexM3\ARM_GCC_541\Release\SBUS_UART.o
arm-none-eabi-gcc.exe -mcpu=cortex-m3 -mthumb -Im -I. -IGenerated_Source\PSoC5 -Wa,-alh=.\CortexM3\ARM_GCC_541\Release/SBUS_UART_PM.lst -g -D NDEBUG -D CY_CORE_ID=0 -Wall -ffunction-sections -ffat-lto-objects -Os -c Generated_Source\PSoC5\SBUS_UART_PM.c -o .\CortexM3\ARM_GCC_541\Release\SBUS_UART_PM.o
arm-none-eabi-gcc.exe -mcpu=cortex-m3 -mthumb -Im -I. -IGenerated_Source\PSoC5 -Wa,-alh=.\CortexM3\ARM_GCC_541\Release/SBUS_UART_INT.lst -g -D NDEBUG -D CY_CORE_ID=0 -Wall -ffunction-sections -ffat-lto-objects -Os -c Generated_Source\PSoC5\SBUS_UART_INT.c -o .\CortexM3\ARM_GCC_541\Release\SBUS_UART_INT.o
arm-none-eabi-gcc.exe -mcpu=cortex-m3 -mthumb -Im -I. -IGenerated_Source\PSoC5 -Wa,-alh=.\CortexM3\ARM_GCC_541\Release/SBUS_UART_BOOT.lst -g -D NDEBUG -D CY_CORE_ID=0 -Wall -ffunction-sections -ffat-lto-objects -Os -c Generated_Source\PSoC5\SBUS_UART_BOOT.c -o .\CortexM3\ARM_GCC_541\Release\SBUS_UART_BOOT.o
arm-none-eabi-gcc.exe -mcpu=cortex-m3 -mthumb -Im -I. -IGenerated_Source\PSoC5 -Wa,-alh=.\CortexM3\ARM_GCC_541\Release/Clock_1.lst -g -D NDEBUG -D CY_CORE_ID=0 -Wall -ffunction-sections -ffat-lto-objects -Os -c Generated_Source\PSoC5\Clock_1.c -o .\CortexM3\ARM_GCC_541\Release\Clock_1.o
arm-none-eabi-gcc.exe -mcpu=cortex-m3 -mthumb -Im -I. -IGenerated_Source\PSoC5 -Wa,-alh=.\CortexM3\ARM_GCC_541\Release/Rx_SBUS.lst -g -D NDEBUG -D CY_CORE_ID=0 -Wall -ffunction-sections -ffat-lto-objects -Os -c Generated_Source\PSoC5\Rx_SBUS.c -o .\CortexM3\ARM_GCC_541\Release\Rx_SBUS.o
arm-none-eabi-gcc.exe -mcpu=cortex-m3 -mthumb -Im -I. -IGenerated_Source\PSoC5 -Wa,-alh=.\CortexM3\ARM_GCC_541\Release/SBUS_Interrupt.lst -g -D NDEBUG -D CY_CORE_ID=0 -Wall -ffunction-sections -ffat-lto-objects -Os -c Generated_Source\PSoC5\SBUS_Interrupt.c -o .\CortexM3\ARM_GCC_541\Release\SBUS_Interrupt.o
arm-none-eabi-gcc.exe -mcpu=cortex-m3 -mthumb -Im -I. -IGenerated_Source\PSoC5 -Wa,-alh=.\CortexM3\ARM_GCC_541\Release/PWM_Brake.lst -g -D NDEBUG -D CY_CORE_ID=0 -Wall -ffunction-sections -ffat-lto-objects -Os -c Generated_Source\PSoC5\PWM_Brake.c -o .\CortexM3\ARM_GCC_541\Release\PWM_Brake.o
arm-none-eabi-gcc.exe -mcpu=cortex-m3 -mthumb -Im -I. -IGenerated_Source\PSoC5 -Wa,-alh=.\CortexM3\ARM_GCC_541\Release/PWM_Brake_PM.lst -g -D NDEBUG -D CY_CORE_ID=0 -Wall -ffunction-sections -ffat-lto-objects -Os -c Generated_Source\PSoC5\PWM_Brake_PM.c -o .\CortexM3\ARM_GCC_541\Release\PWM_Brake_PM.o
arm-none-eabi-gcc.exe -mcpu=cortex-m3 -mthumb -Im -I. -IGenerated_Source\PSoC5 -Wa,-alh=.\CortexM3\ARM_GCC_541\Release/Clock_2.lst -g -D NDEBUG -D CY_CORE_ID=0 -Wall -ffunction-sections -ffat-lto-objects -Os -c Generated_Source\PSoC5\Clock_2.c -o .\CortexM3\ARM_GCC_541\Release\Clock_2.o
arm-none-eabi-gcc.exe -mcpu=cortex-m3 -mthumb -Im -I. -IGenerated_Source\PSoC5 -Wa,-alh=.\CortexM3\ARM_GCC_541\Release/Brake_PWM.lst -g -D NDEBUG -D CY_CORE_ID=0 -Wall -ffunction-sections -ffat-lto-objects -Os -c Generated_Source\PSoC5\Brake_PWM.c -o .\CortexM3\ARM_GCC_541\Release\Brake_PWM.o
arm-none-eabi-gcc.exe -mcpu=cortex-m3 -mthumb -Im -I. -IGenerated_Source\PSoC5 -Wa,-alh=.\CortexM3\ARM_GCC_541\Release/Throttle.lst -g -D NDEBUG -D CY_CORE_ID=0 -Wall -ffunction-sections -ffat-lto-objects -Os -c Generated_Source\PSoC5\Throttle.c -o .\CortexM3\ARM_GCC_541\Release\Throttle.o
arm-none-eabi-gcc.exe -mcpu=cortex-m3 -mthumb -Im -I. -IGenerated_Source\PSoC5 -Wa,-alh=.\CortexM3\ARM_GCC_541\Release/Throttle_PM.lst -g -D NDEBUG -D CY_CORE_ID=0 -Wall -ffunction-sections -ffat-lto-objects -Os -c Generated_Source\PSoC5\Throttle_PM.c -o .\CortexM3\ARM_GCC_541\Release\Throttle_PM.o
arm-none-eabi-gcc.exe -mcpu=cortex-m3 -mthumb -Im -I. -IGenerated_Source\PSoC5 -Wa,-alh=.\CortexM3\ARM_GCC_541\Release/Opamp_Throttle.lst -g -D NDEBUG -D CY_CORE_ID=0 -Wall -ffunction-sections -ffat-lto-objects -Os -c Generated_Source\PSoC5\Opamp_Throttle.c -o .\CortexM3\ARM_GCC_541\Release\Opamp_Throttle.o
arm-none-eabi-gcc.exe -mcpu=cortex-m3 -mthumb -Im -I. -IGenerated_Source\PSoC5 -Wa,-alh=.\CortexM3\ARM_GCC_541\Release/Opamp_Throttle_PM.lst -g -D NDEBUG -D CY_CORE_ID=0 -Wall -ffunction-sections -ffat-lto-objects -Os -c Generated_Source\PSoC5\Opamp_Throttle_PM.c -o .\CortexM3\ARM_GCC_541\Release\Opamp_Throttle_PM.o
arm-none-eabi-gcc.exe -mcpu=cortex-m3 -mthumb -Im -I. -IGenerated_Source\PSoC5 -Wa,-alh=.\CortexM3\ARM_GCC_541\Release/RearHall_Pin.lst -g -D NDEBUG -D CY_CORE_ID=0 -Wall -ffunction-sections -ffat-lto-objects -Os -c Generated_Source\PSoC5\RearHall_Pin.c -o .\CortexM3\ARM_GCC_541\Release\RearHall_Pin.o
arm-none-eabi-gcc.exe -mcpu=cortex-m3 -mthumb -Im -I. -IGenerated_Source\PSoC5 -Wa,-alh=.\CortexM3\ARM_GCC_541\Release/Clock_5.lst -g -D NDEBUG -D CY_CORE_ID=0 -Wall -ffunction-sections -ffat-lto-objects -Os -c Generated_Source\PSoC5\Clock_5.c -o .\CortexM3\ARM_GCC_541\Release\Clock_5.o
arm-none-eabi-gcc.exe -mcpu=cortex-m3 -mthumb -Im -I. -IGenerated_Source\PSoC5 -Wa,-alh=.\CortexM3\ARM_GCC_541\Release/Timer_Interrupt.lst -g -D NDEBUG -D CY_CORE_ID=0 -Wall -ffunction-sections -ffat-lto-objects -Os -c Generated_Source\PSoC5\Timer_Interrupt.c -o .\CortexM3\ARM_GCC_541\Release\Timer_Interrupt.o
arm-none-eabi-gcc.exe -mcpu=cortex-m3 -mthumb -Im -I. -IGenerated_Source\PSoC5 -Wa,-alh=.\CortexM3\ARM_GCC_541\Release/Hall_Interrupt_Rear.lst -g -D NDEBUG -D CY_CORE_ID=0 -Wall -ffunction-sections -ffat-lto-objects -Os -c Generated_Source\PSoC5\Hall_Interrupt_Rear.c -o .\CortexM3\ARM_GCC_541\Release\Hall_Interrupt_Rear.o
arm-none-eabi-gcc.exe -mcpu=cortex-m3 -mthumb -Im -I. -IGenerated_Source\PSoC5 -Wa,-alh=.\CortexM3\ARM_GCC_541\Release/Hall_Interrupt_Front.lst -g -D NDEBUG -D CY_CORE_ID=0 -Wall -ffunction-sections -ffat-lto-objects -Os -c Generated_Source\PSoC5\Hall_Interrupt_Front.c -o .\CortexM3\ARM_GCC_541\Release\Hall_Interrupt_Front.o
arm-none-eabi-gcc.exe -mcpu=cortex-m3 -mthumb -Im -I. -IGenerated_Source\PSoC5 -Wa,-alh=.\CortexM3\ARM_GCC_541\Release/FrontHall_Pin.lst -g -D NDEBUG -D CY_CORE_ID=0 -Wall -ffunction-sections -ffat-lto-objects -Os -c Generated_Source\PSoC5\FrontHall_Pin.c -o .\CortexM3\ARM_GCC_541\Release\FrontHall_Pin.o
arm-none-eabi-gcc.exe -mcpu=cortex-m3 -mthumb -Im -I. -IGenerated_Source\PSoC5 -Wa,-alh=.\CortexM3\ARM_GCC_541\Release/Throttle_Pin.lst -g -D NDEBUG -D CY_CORE_ID=0 -Wall -ffunction-sections -ffat-lto-objects -Os -c Generated_Source\PSoC5\Throttle_Pin.c -o .\CortexM3\ARM_GCC_541\Release\Throttle_Pin.o
arm-none-eabi-gcc.exe -mcpu=cortex-m3 -mthumb -Im -I. -IGenerated_Source\PSoC5 -Wa,-alh=.\CortexM3\ARM_GCC_541\Release/Steering_Dir.lst -g -D NDEBUG -D CY_CORE_ID=0 -Wall -ffunction-sections -ffat-lto-objects -Os -c Generated_Source\PSoC5\Steering_Dir.c -o .\CortexM3\ARM_GCC_541\Release\Steering_Dir.o
arm-none-eabi-gcc.exe -mcpu=cortex-m3 -mthumb -Im -I. -IGenerated_Source\PSoC5 -Wa,-alh=.\CortexM3\ARM_GCC_541\Release/QuadDec_1.lst -g -D NDEBUG -D CY_CORE_ID=0 -Wall -ffunction-sections -ffat-lto-objects -Os -c Generated_Source\PSoC5\QuadDec_1.c -o .\CortexM3\ARM_GCC_541\Release\QuadDec_1.o
arm-none-eabi-gcc.exe -mcpu=cortex-m3 -mthumb -Im -I. -IGenerated_Source\PSoC5 -Wa,-alh=.\CortexM3\ARM_GCC_541\Release/QuadDec_1_INT.lst -g -D NDEBUG -D CY_CORE_ID=0 -Wall -ffunction-sections -ffat-lto-objects -Os -c Generated_Source\PSoC5\QuadDec_1_INT.c -o .\CortexM3\ARM_GCC_541\Release\QuadDec_1_INT.o
arm-none-eabi-gcc.exe -mcpu=cortex-m3 -mthumb -Im -I. -IGenerated_Source\PSoC5 -Wa,-alh=.\CortexM3\ARM_GCC_541\Release/QuadDec_1_PM.lst -g -D NDEBUG -D CY_CORE_ID=0 -Wall -ffunction-sections -ffat-lto-objects -Os -c Generated_Source\PSoC5\QuadDec_1_PM.c -o .\CortexM3\ARM_GCC_541\Release\QuadDec_1_PM.o
arm-none-eabi-gcc.exe -mcpu=cortex-m3 -mthumb -Im -I. -IGenerated_Source\PSoC5 -Wa,-alh=.\CortexM3\ARM_GCC_541\Release/Motor_Encoder_A.lst -g -D NDEBUG -D CY_CORE_ID=0 -Wall -ffunction-sections -ffat-lto-objects -Os -c Generated_Source\PSoC5\Motor_Encoder_A.c -o .\CortexM3\ARM_GCC_541\Release\Motor_Encoder_A.o
arm-none-eabi-gcc.exe -mcpu=cortex-m3 -mthumb -Im -I. -IGenerated_Source\PSoC5 -Wa,-alh=.\CortexM3\ARM_GCC_541\Release/Motor_Encoder_B.lst -g -D NDEBUG -D CY_CORE_ID=0 -Wall -ffunction-sections -ffat-lto-objects -Os -c Generated_Source\PSoC5\Motor_Encoder_B.c -o .\CortexM3\ARM_GCC_541\Release\Motor_Encoder_B.o
arm-none-eabi-gcc.exe -mcpu=cortex-m3 -mthumb -Im -I. -IGenerated_Source\PSoC5 -Wa,-alh=.\CortexM3\ARM_GCC_541\Release/QuadDec_1_isr.lst -g -D NDEBUG -D CY_CORE_ID=0 -Wall -ffunction-sections -ffat-lto-objects -Os -c Generated_Source\PSoC5\QuadDec_1_isr.c -o .\CortexM3\ARM_GCC_541\Release\QuadDec_1_isr.o
arm-none-eabi-gcc.exe -mcpu=cortex-m3 -mthumb -Im -I. -IGenerated_Source\PSoC5 -Wa,-alh=.\CortexM3\ARM_GCC_541\Release/QuadDec_1_Cnt16.lst -g -D NDEBUG -D CY_CORE_ID=0 -Wall -ffunction-sections -ffat-lto-objects -Os -c Generated_Source\PSoC5\QuadDec_1_Cnt16.c -o .\CortexM3\ARM_GCC_541\Release\QuadDec_1_Cnt16.o
arm-none-eabi-gcc.exe -mcpu=cortex-m3 -mthumb -Im -I. -IGenerated_Source\PSoC5 -Wa,-alh=.\CortexM3\ARM_GCC_541\Release/QuadDec_1_Cnt16_PM.lst -g -D NDEBUG -D CY_CORE_ID=0 -Wall -ffunction-sections -ffat-lto-objects -Os -c Generated_Source\PSoC5\QuadDec_1_Cnt16_PM.c -o .\CortexM3\ARM_GCC_541\Release\QuadDec_1_Cnt16_PM.o
arm-none-eabi-gcc.exe -mcpu=cortex-m3 -mthumb -Im -I. -IGenerated_Source\PSoC5 -Wa,-alh=.\CortexM3\ARM_GCC_541\Release/Steering_Timer.lst -g -D NDEBUG -D CY_CORE_ID=0 -Wall -ffunction-sections -ffat-lto-objects -Os -c Generated_Source\PSoC5\Steering_Timer.c -o .\CortexM3\ARM_GCC_541\Release\Steering_Timer.o
arm-none-eabi-gcc.exe -mcpu=cortex-m3 -mthumb -Im -I. -IGenerated_Source\PSoC5 -Wa,-alh=.\CortexM3\ARM_GCC_541\Release/Steering_Timer_PM.lst -g -D NDEBUG -D CY_CORE_ID=0 -Wall -ffunction-sections -ffat-lto-objects -Os -c Generated_Source\PSoC5\Steering_Timer_PM.c -o .\CortexM3\ARM_GCC_541\Release\Steering_Timer_PM.o
arm-none-eabi-gcc.exe -mcpu=cortex-m3 -mthumb -Im -I. -IGenerated_Source\PSoC5 -Wa,-alh=.\CortexM3\ARM_GCC_541\Release/Speed_Control_Interrupt.lst -g -D NDEBUG -D CY_CORE_ID=0 -Wall -ffunction-sections -ffat-lto-objects -Os -c Generated_Source\PSoC5\Speed_Control_Interrupt.c -o .\CortexM3\ARM_GCC_541\Release\Speed_Control_Interrupt.o
arm-none-eabi-gcc.exe -mcpu=cortex-m3 -mthumb -Im -I. -IGenerated_Source\PSoC5 -Wa,-alh=.\CortexM3\ARM_GCC_541\Release/Speed_Timer.lst -g -D NDEBUG -D CY_CORE_ID=0 -Wall -ffunction-sections -ffat-lto-objects -Os -c Generated_Source\PSoC5\Speed_Timer.c -o .\CortexM3\ARM_GCC_541\Release\Speed_Timer.o
arm-none-eabi-gcc.exe -mcpu=cortex-m3 -mthumb -Im -I. -IGenerated_Source\PSoC5 -Wa,-alh=.\CortexM3\ARM_GCC_541\Release/Speed_Timer_PM.lst -g -D NDEBUG -D CY_CORE_ID=0 -Wall -ffunction-sections -ffat-lto-objects -Os -c Generated_Source\PSoC5\Speed_Timer_PM.c -o .\CortexM3\ARM_GCC_541\Release\Speed_Timer_PM.o
arm-none-eabi-gcc.exe -mcpu=cortex-m3 -mthumb -Im -I. -IGenerated_Source\PSoC5 -Wa,-alh=.\CortexM3\ARM_GCC_541\Release/Rpi_Tx_Interrupt.lst -g -D NDEBUG -D CY_CORE_ID=0 -Wall -ffunction-sections -ffat-lto-objects -Os -c Generated_Source\PSoC5\Rpi_Tx_Interrupt.c -o .\CortexM3\ARM_GCC_541\Release\Rpi_Tx_Interrupt.o
arm-none-eabi-gcc.exe -mcpu=cortex-m3 -mthumb -Im -I. -IGenerated_Source\PSoC5 -Wa,-alh=.\CortexM3\ARM_GCC_541\Release/CMG_UART.lst -g -D NDEBUG -D CY_CORE_ID=0 -Wall -ffunction-sections -ffat-lto-objects -Os -c Generated_Source\PSoC5\CMG_UART.c -o .\CortexM3\ARM_GCC_541\Release\CMG_UART.o
arm-none-eabi-gcc.exe -mcpu=cortex-m3 -mthumb -Im -I. -IGenerated_Source\PSoC5 -Wa,-alh=.\CortexM3\ARM_GCC_541\Release/CMG_UART_PM.lst -g -D NDEBUG -D CY_CORE_ID=0 -Wall -ffunction-sections -ffat-lto-objects -Os -c Generated_Source\PSoC5\CMG_UART_PM.c -o .\CortexM3\ARM_GCC_541\Release\CMG_UART_PM.o
arm-none-eabi-gcc.exe -mcpu=cortex-m3 -mthumb -Im -I. -IGenerated_Source\PSoC5 -Wa,-alh=.\CortexM3\ARM_GCC_541\Release/CMG_UART_INT.lst -g -D NDEBUG -D CY_CORE_ID=0 -Wall -ffunction-sections -ffat-lto-objects -Os -c Generated_Source\PSoC5\CMG_UART_INT.c -o .\CortexM3\ARM_GCC_541\Release\CMG_UART_INT.o
arm-none-eabi-gcc.exe -mcpu=cortex-m3 -mthumb -Im -I. -IGenerated_Source\PSoC5 -Wa,-alh=.\CortexM3\ARM_GCC_541\Release/CMG_UART_BOOT.lst -g -D NDEBUG -D CY_CORE_ID=0 -Wall -ffunction-sections -ffat-lto-objects -Os -c Generated_Source\PSoC5\CMG_UART_BOOT.c -o .\CortexM3\ARM_GCC_541\Release\CMG_UART_BOOT.o
arm-none-eabi-gcc.exe -mcpu=cortex-m3 -mthumb -Im -I. -IGenerated_Source\PSoC5 -Wa,-alh=.\CortexM3\ARM_GCC_541\Release/CMG_UART_Rx_ISR.lst -g -D NDEBUG -D CY_CORE_ID=0 -Wall -ffunction-sections -ffat-lto-objects -Os -c Generated_Source\PSoC5\CMG_UART_Rx_ISR.c -o .\CortexM3\ARM_GCC_541\Release\CMG_UART_Rx_ISR.o
arm-none-eabi-gcc.exe -mcpu=cortex-m3 -mthumb -Im -I. -IGenerated_Source\PSoC5 -Wa,-alh=.\CortexM3\ARM_GCC_541\Release/CMG_UART_IntClock.lst -g -D NDEBUG -D CY_CORE_ID=0 -Wall -ffunction-sections -ffat-lto-objects -Os -c Generated_Source\PSoC5\CMG_UART_IntClock.c -o .\CortexM3\ARM_GCC_541\Release\CMG_UART_IntClock.o
arm-none-eabi-as.exe -mcpu=cortex-m3 -mthumb -I. -IGenerated_Source\PSoC5 -alh=.\CortexM3\ARM_GCC_541\Release/CyBootAsmGnu.lst -g -W -o .\CortexM3\ARM_GCC_541\Release\CyBootAsmGnu.o Generated_Source\PSoC5\CyBootAsmGnu.s
arm-none-eabi-ar.exe -rs .\CortexM3\ARM_GCC_541\Release\Balance.a .\CortexM3\ARM_GCC_541\Release\Steering_PWM.o .\CortexM3\ARM_GCC_541\Release\Clock_3.o .\CortexM3\ARM_GCC_541\Release\Control_Loop_Interrupt.o .\CortexM3\ARM_GCC_541\Release\Handle_Encoder.o .\CortexM3\ARM_GCC_541\Release\Handle_Encoder_PM.o .\CortexM3\ARM_GCC_541\Release\Handle_Encoder_A.o .\CortexM3\ARM_GCC_541\Release\Clock_4.o .\CortexM3\ARM_GCC_541\Release\Handle_Encoder_B.o .\CortexM3\ARM_GCC_541\Release\PWM_Steer.o .\CortexM3\ARM_GCC_541\Release\PWM_Steer_PM.o .\CortexM3\ARM_GCC_541\Release\Clock_6.o .\CortexM3\ARM_GCC_541\Release\Handle_Encoder_Cnt16.o .\CortexM3\ARM_GCC_541\Release\Handle_Encoder_Cnt16_PM.o .\CortexM3\ARM_GCC_541\Release\CyDmac.o .\CortexM3\ARM_GCC_541\Release\CyFlash.o .\CortexM3\ARM_GCC_541\Release\CyLib.o .\CortexM3\ARM_GCC_541\Release\cyPm.o .\CortexM3\ARM_GCC_541\Release\CySpc.o .\CortexM3\ARM_GCC_541\Release\cyutils.o .\CortexM3\ARM_GCC_541\Release\cy_em_eeprom.o .\CortexM3\ARM_GCC_541\Release\UART.o .\CortexM3\ARM_GCC_541\Release\UART_PM.o .\CortexM3\ARM_GCC_541\Release\UART_INT.o .\CortexM3\ARM_GCC_541\Release\UART_BOOT.o .\CortexM3\ARM_GCC_541\Release\UART_IntClock.o .\CortexM3\ARM_GCC_541\Release\VDAC8_1.o .\CortexM3\ARM_GCC_541\Release\VDAC8_1_PM.o .\CortexM3\ARM_GCC_541\Release\TestPin.o .\CortexM3\ARM_GCC_541\Release\SW.o .\CortexM3\ARM_GCC_541\Release\SBUS_UART.o .\CortexM3\ARM_GCC_541\Release\SBUS_UART_PM.o .\CortexM3\ARM_GCC_541\Release\SBUS_UART_INT.o .\CortexM3\ARM_GCC_541\Release\SBUS_UART_BOOT.o .\CortexM3\ARM_GCC_541\Release\Clock_1.o .\CortexM3\ARM_GCC_541\Release\Rx_SBUS.o .\CortexM3\ARM_GCC_541\Release\SBUS_Interrupt.o .\CortexM3\ARM_GCC_541\Release\PWM_Brake.o .\CortexM3\ARM_GCC_541\Release\PWM_Brake_PM.o .\CortexM3\ARM_GCC_541\Release\Clock_2.o .\CortexM3\ARM_GCC_541\Release\Brake_PWM.o .\CortexM3\ARM_GCC_541\Release\Throttle.o .\CortexM3\ARM_GCC_541\Release\Throttle_PM.o .\CortexM3\ARM_GCC_541\Release\Opamp_Throttle.o .\CortexM3\ARM_GCC_541\Release\Opamp_Throttle_PM.o .\CortexM3\ARM_GCC_541\Release\RearHall_Pin.o .\CortexM3\ARM_GCC_541\Release\Clock_5.o .\CortexM3\ARM_GCC_541\Release\Timer_Interrupt.o .\CortexM3\ARM_GCC_541\Release\Hall_Interrupt_Rear.o .\CortexM3\ARM_GCC_541\Release\Hall_Interrupt_Front.o .\CortexM3\ARM_GCC_541\Release\FrontHall_Pin.o .\CortexM3\ARM_GCC_541\Release\Throttle_Pin.o .\CortexM3\ARM_GCC_541\Release\Steering_Dir.o .\CortexM3\ARM_GCC_541\Release\QuadDec_1.o .\CortexM3\ARM_GCC_541\Release\QuadDec_1_INT.o .\CortexM3\ARM_GCC_541\Release\QuadDec_1_PM.o .\CortexM3\ARM_GCC_541\Release\Motor_Encoder_A.o .\CortexM3\ARM_GCC_541\Release\Motor_Encoder_B.o .\CortexM3\ARM_GCC_541\Release\QuadDec_1_isr.o .\CortexM3\ARM_GCC_541\Release\QuadDec_1_Cnt16.o .\CortexM3\ARM_GCC_541\Release\QuadDec_1_Cnt16_PM.o .\CortexM3\ARM_GCC_541\Release\Steering_Timer.o .\CortexM3\ARM_GCC_541\Release\Steering_Timer_PM.o .\CortexM3\ARM_GCC_541\Release\Speed_Control_Interrupt.o .\CortexM3\ARM_GCC_541\Release\Speed_Timer.o .\CortexM3\ARM_GCC_541\Release\Speed_Timer_PM.o .\CortexM3\ARM_GCC_541\Release\Rpi_Tx_Interrupt.o .\CortexM3\ARM_GCC_541\Release\CMG_UART.o .\CortexM3\ARM_GCC_541\Release\CMG_UART_PM.o .\CortexM3\ARM_GCC_541\Release\CMG_UART_INT.o .\CortexM3\ARM_GCC_541\Release\CMG_UART_BOOT.o .\CortexM3\ARM_GCC_541\Release\CMG_UART_Rx_ISR.o .\CortexM3\ARM_GCC_541\Release\CMG_UART_IntClock.o .\CortexM3\ARM_GCC_541\Release\CyBootAsmGnu.o
arm-none-eabi-ar.exe: creating .\CortexM3\ARM_GCC_541\Release\Balance.a
arm-none-eabi-gcc.exe -Wl,--start-group -o "C:\Users\jon\Sync\Research\PSoC Projects\Balance.cydsn\CortexM3\ARM_GCC_541\Release\Balance.elf" .\CortexM3\ARM_GCC_541\Release\main.o .\CortexM3\ARM_GCC_541\Release\sbus.o .\CortexM3\ARM_GCC_541\Release\cyfitter_cfg.o .\CortexM3\ARM_GCC_541\Release\cymetadata.o .\CortexM3\ARM_GCC_541\Release\Cm3Start.o .\CortexM3\ARM_GCC_541\Release\Balance.a "C:\Program Files (x86)\Cypress\PSoC Creator\4.2\PSoC Creator\psoc\content\cycomponentlibrary\CyComponentLibrary.cylib\CortexM3\ARM_GCC_541\Release\CyComponentLibrary.a" -mcpu=cortex-m3 -mthumb -l m -L Generated_Source\PSoC5 -Wl,-Map,.\CortexM3\ARM_GCC_541\Release/Balance.map -T Generated_Source\PSoC5\cm3gcc.ld -specs=nano.specs -Wl,--gc-sections -u _printf_float -g -ffunction-sections -Os -ffat-lto-objects -Wl,--end-group
cyelftool.exe -C "C:\Users\jon\Sync\Research\PSoC Projects\Balance.cydsn\CortexM3\ARM_GCC_541\Release\Balance.elf" --flash_row_size 256 --flash_size 262144 --flash_offset 0x00000000
No ELF section .cychecksum found, creating one
Application checksum calculated and stored in ELF section .cychecksum
Checksum calculated and stored in ELF section .cymeta
cyelftool.exe -S "C:\Users\jon\Sync\Research\PSoC Projects\Balance.cydsn\CortexM3\ARM_GCC_541\Release\Balance.elf"
Flash used: 16824 of 262144 bytes (6.4%).
SRAM used: 2793 of 65536 bytes (4.3%). Stack: 2048 bytes. Heap: 128 bytes.
--------------- Build Succeeded: 05/22/2018 15:41:31 ---------------
