ARM GAS  C:\Users\jon\AppData\Local\Temp\cciOqq6i.s 			page 1


   1              		.syntax unified
   2              		.cpu cortex-m3
   3              		.fpu softvfp
   4              		.eabi_attribute 20, 1
   5              		.eabi_attribute 21, 1
   6              		.eabi_attribute 23, 3
   7              		.eabi_attribute 24, 1
   8              		.eabi_attribute 25, 1
   9              		.eabi_attribute 26, 1
  10              		.eabi_attribute 30, 2
  11              		.eabi_attribute 34, 1
  12              		.eabi_attribute 18, 4
  13              		.thumb
  14              		.syntax unified
  15              		.file	"Handle_Encoder_Cnt16_PM.c"
  16              		.text
  17              	.Ltext0:
  18              		.cfi_sections	.debug_frame
  19              		.section	.text.Handle_Encoder_Cnt16_SaveConfig,"ax",%progbits
  20              		.align	2
  21              		.global	Handle_Encoder_Cnt16_SaveConfig
  22              		.thumb
  23              		.thumb_func
  24              		.type	Handle_Encoder_Cnt16_SaveConfig, %function
  25              	Handle_Encoder_Cnt16_SaveConfig:
  26              	.LFB0:
  27              		.file 1 "Generated_Source\\PSoC5\\Handle_Encoder_Cnt16_PM.c"
   1:Generated_Source\PSoC5/Handle_Encoder_Cnt16_PM.c **** /*******************************************************************************
   2:Generated_Source\PSoC5/Handle_Encoder_Cnt16_PM.c **** * File Name: Handle_Encoder_Cnt16_PM.c  
   3:Generated_Source\PSoC5/Handle_Encoder_Cnt16_PM.c **** * Version 3.0
   4:Generated_Source\PSoC5/Handle_Encoder_Cnt16_PM.c **** *
   5:Generated_Source\PSoC5/Handle_Encoder_Cnt16_PM.c **** *  Description:
   6:Generated_Source\PSoC5/Handle_Encoder_Cnt16_PM.c **** *    This file provides the power management source code to API for the
   7:Generated_Source\PSoC5/Handle_Encoder_Cnt16_PM.c **** *    Counter.  
   8:Generated_Source\PSoC5/Handle_Encoder_Cnt16_PM.c **** *
   9:Generated_Source\PSoC5/Handle_Encoder_Cnt16_PM.c **** *   Note:
  10:Generated_Source\PSoC5/Handle_Encoder_Cnt16_PM.c **** *     None
  11:Generated_Source\PSoC5/Handle_Encoder_Cnt16_PM.c **** *
  12:Generated_Source\PSoC5/Handle_Encoder_Cnt16_PM.c **** ********************************************************************************
  13:Generated_Source\PSoC5/Handle_Encoder_Cnt16_PM.c **** * Copyright 2008-2012, Cypress Semiconductor Corporation.  All rights reserved.
  14:Generated_Source\PSoC5/Handle_Encoder_Cnt16_PM.c **** * You may use this file only in accordance with the license, terms, conditions, 
  15:Generated_Source\PSoC5/Handle_Encoder_Cnt16_PM.c **** * disclaimers, and limitations in the end user license agreement accompanying 
  16:Generated_Source\PSoC5/Handle_Encoder_Cnt16_PM.c **** * the software package with which this file was provided.
  17:Generated_Source\PSoC5/Handle_Encoder_Cnt16_PM.c **** *******************************************************************************/
  18:Generated_Source\PSoC5/Handle_Encoder_Cnt16_PM.c **** 
  19:Generated_Source\PSoC5/Handle_Encoder_Cnt16_PM.c **** #include "Handle_Encoder_Cnt16.h"
  20:Generated_Source\PSoC5/Handle_Encoder_Cnt16_PM.c **** 
  21:Generated_Source\PSoC5/Handle_Encoder_Cnt16_PM.c **** static Handle_Encoder_Cnt16_backupStruct Handle_Encoder_Cnt16_backup;
  22:Generated_Source\PSoC5/Handle_Encoder_Cnt16_PM.c **** 
  23:Generated_Source\PSoC5/Handle_Encoder_Cnt16_PM.c **** 
  24:Generated_Source\PSoC5/Handle_Encoder_Cnt16_PM.c **** /*******************************************************************************
  25:Generated_Source\PSoC5/Handle_Encoder_Cnt16_PM.c **** * Function Name: Handle_Encoder_Cnt16_SaveConfig
  26:Generated_Source\PSoC5/Handle_Encoder_Cnt16_PM.c **** ********************************************************************************
  27:Generated_Source\PSoC5/Handle_Encoder_Cnt16_PM.c **** * Summary:
  28:Generated_Source\PSoC5/Handle_Encoder_Cnt16_PM.c **** *     Save the current user configuration
  29:Generated_Source\PSoC5/Handle_Encoder_Cnt16_PM.c **** *
  30:Generated_Source\PSoC5/Handle_Encoder_Cnt16_PM.c **** * Parameters:  
ARM GAS  C:\Users\jon\AppData\Local\Temp\cciOqq6i.s 			page 2


  31:Generated_Source\PSoC5/Handle_Encoder_Cnt16_PM.c **** *  void
  32:Generated_Source\PSoC5/Handle_Encoder_Cnt16_PM.c **** *
  33:Generated_Source\PSoC5/Handle_Encoder_Cnt16_PM.c **** * Return: 
  34:Generated_Source\PSoC5/Handle_Encoder_Cnt16_PM.c **** *  void
  35:Generated_Source\PSoC5/Handle_Encoder_Cnt16_PM.c **** *
  36:Generated_Source\PSoC5/Handle_Encoder_Cnt16_PM.c **** * Global variables:
  37:Generated_Source\PSoC5/Handle_Encoder_Cnt16_PM.c **** *  Handle_Encoder_Cnt16_backup:  Variables of this global structure are modified to 
  38:Generated_Source\PSoC5/Handle_Encoder_Cnt16_PM.c **** *  store the values of non retention configuration registers when Sleep() API is 
  39:Generated_Source\PSoC5/Handle_Encoder_Cnt16_PM.c **** *  called.
  40:Generated_Source\PSoC5/Handle_Encoder_Cnt16_PM.c **** *
  41:Generated_Source\PSoC5/Handle_Encoder_Cnt16_PM.c **** *******************************************************************************/
  42:Generated_Source\PSoC5/Handle_Encoder_Cnt16_PM.c **** void Handle_Encoder_Cnt16_SaveConfig(void) 
  43:Generated_Source\PSoC5/Handle_Encoder_Cnt16_PM.c **** {
  28              		.loc 1 43 0
  29              		.cfi_startproc
  30              		@ args = 0, pretend = 0, frame = 0
  31              		@ frame_needed = 0, uses_anonymous_args = 0
  32 0000 10B5     		push	{r4, lr}
  33              		.cfi_def_cfa_offset 8
  34              		.cfi_offset 4, -8
  35              		.cfi_offset 14, -4
  44:Generated_Source\PSoC5/Handle_Encoder_Cnt16_PM.c ****     #if (!Handle_Encoder_Cnt16_UsingFixedFunction)
  45:Generated_Source\PSoC5/Handle_Encoder_Cnt16_PM.c **** 
  46:Generated_Source\PSoC5/Handle_Encoder_Cnt16_PM.c ****         Handle_Encoder_Cnt16_backup.CounterUdb = Handle_Encoder_Cnt16_ReadCounter();
  36              		.loc 1 46 0
  37 0002 FFF7FEFF 		bl	Handle_Encoder_Cnt16_ReadCounter
  38              	.LVL0:
  39 0006 034C     		ldr	r4, .L3
  40 0008 6080     		strh	r0, [r4, #2]	@ movhi
  47:Generated_Source\PSoC5/Handle_Encoder_Cnt16_PM.c **** 
  48:Generated_Source\PSoC5/Handle_Encoder_Cnt16_PM.c ****         #if(!Handle_Encoder_Cnt16_ControlRegRemoved)
  49:Generated_Source\PSoC5/Handle_Encoder_Cnt16_PM.c ****             Handle_Encoder_Cnt16_backup.CounterControlRegister = Handle_Encoder_Cnt16_ReadControlRe
  41              		.loc 1 49 0
  42 000a FFF7FEFF 		bl	Handle_Encoder_Cnt16_ReadControlRegister
  43              	.LVL1:
  44 000e 2071     		strb	r0, [r4, #4]
  45 0010 10BD     		pop	{r4, pc}
  46              	.L4:
  47 0012 00BF     		.align	2
  48              	.L3:
  49 0014 00000000 		.word	.LANCHOR0
  50              		.cfi_endproc
  51              	.LFE0:
  52              		.size	Handle_Encoder_Cnt16_SaveConfig, .-Handle_Encoder_Cnt16_SaveConfig
  53              		.section	.text.Handle_Encoder_Cnt16_RestoreConfig,"ax",%progbits
  54              		.align	2
  55              		.global	Handle_Encoder_Cnt16_RestoreConfig
  56              		.thumb
  57              		.thumb_func
  58              		.type	Handle_Encoder_Cnt16_RestoreConfig, %function
  59              	Handle_Encoder_Cnt16_RestoreConfig:
  60              	.LFB1:
  50:Generated_Source\PSoC5/Handle_Encoder_Cnt16_PM.c ****         #endif /* (!Handle_Encoder_Cnt16_ControlRegRemoved) */
  51:Generated_Source\PSoC5/Handle_Encoder_Cnt16_PM.c **** 
  52:Generated_Source\PSoC5/Handle_Encoder_Cnt16_PM.c ****     #endif /* (!Handle_Encoder_Cnt16_UsingFixedFunction) */
  53:Generated_Source\PSoC5/Handle_Encoder_Cnt16_PM.c **** }
  54:Generated_Source\PSoC5/Handle_Encoder_Cnt16_PM.c **** 
ARM GAS  C:\Users\jon\AppData\Local\Temp\cciOqq6i.s 			page 3


  55:Generated_Source\PSoC5/Handle_Encoder_Cnt16_PM.c **** 
  56:Generated_Source\PSoC5/Handle_Encoder_Cnt16_PM.c **** /*******************************************************************************
  57:Generated_Source\PSoC5/Handle_Encoder_Cnt16_PM.c **** * Function Name: Handle_Encoder_Cnt16_RestoreConfig
  58:Generated_Source\PSoC5/Handle_Encoder_Cnt16_PM.c **** ********************************************************************************
  59:Generated_Source\PSoC5/Handle_Encoder_Cnt16_PM.c **** *
  60:Generated_Source\PSoC5/Handle_Encoder_Cnt16_PM.c **** * Summary:
  61:Generated_Source\PSoC5/Handle_Encoder_Cnt16_PM.c **** *  Restores the current user configuration.
  62:Generated_Source\PSoC5/Handle_Encoder_Cnt16_PM.c **** *
  63:Generated_Source\PSoC5/Handle_Encoder_Cnt16_PM.c **** * Parameters:  
  64:Generated_Source\PSoC5/Handle_Encoder_Cnt16_PM.c **** *  void
  65:Generated_Source\PSoC5/Handle_Encoder_Cnt16_PM.c **** *
  66:Generated_Source\PSoC5/Handle_Encoder_Cnt16_PM.c **** * Return: 
  67:Generated_Source\PSoC5/Handle_Encoder_Cnt16_PM.c **** *  void
  68:Generated_Source\PSoC5/Handle_Encoder_Cnt16_PM.c **** *
  69:Generated_Source\PSoC5/Handle_Encoder_Cnt16_PM.c **** * Global variables:
  70:Generated_Source\PSoC5/Handle_Encoder_Cnt16_PM.c **** *  Handle_Encoder_Cnt16_backup:  Variables of this global structure are used to 
  71:Generated_Source\PSoC5/Handle_Encoder_Cnt16_PM.c **** *  restore the values of non retention registers on wakeup from sleep mode.
  72:Generated_Source\PSoC5/Handle_Encoder_Cnt16_PM.c **** *
  73:Generated_Source\PSoC5/Handle_Encoder_Cnt16_PM.c **** *******************************************************************************/
  74:Generated_Source\PSoC5/Handle_Encoder_Cnt16_PM.c **** void Handle_Encoder_Cnt16_RestoreConfig(void) 
  75:Generated_Source\PSoC5/Handle_Encoder_Cnt16_PM.c **** {      
  61              		.loc 1 75 0
  62              		.cfi_startproc
  63              		@ args = 0, pretend = 0, frame = 0
  64              		@ frame_needed = 0, uses_anonymous_args = 0
  65 0000 10B5     		push	{r4, lr}
  66              		.cfi_def_cfa_offset 8
  67              		.cfi_offset 4, -8
  68              		.cfi_offset 14, -4
  76:Generated_Source\PSoC5/Handle_Encoder_Cnt16_PM.c ****     #if (!Handle_Encoder_Cnt16_UsingFixedFunction)
  77:Generated_Source\PSoC5/Handle_Encoder_Cnt16_PM.c **** 
  78:Generated_Source\PSoC5/Handle_Encoder_Cnt16_PM.c ****        Handle_Encoder_Cnt16_WriteCounter(Handle_Encoder_Cnt16_backup.CounterUdb);
  69              		.loc 1 78 0
  70 0002 044C     		ldr	r4, .L7
  71 0004 6088     		ldrh	r0, [r4, #2]
  72 0006 FFF7FEFF 		bl	Handle_Encoder_Cnt16_WriteCounter
  73              	.LVL2:
  79:Generated_Source\PSoC5/Handle_Encoder_Cnt16_PM.c **** 
  80:Generated_Source\PSoC5/Handle_Encoder_Cnt16_PM.c ****         #if(!Handle_Encoder_Cnt16_ControlRegRemoved)
  81:Generated_Source\PSoC5/Handle_Encoder_Cnt16_PM.c ****             Handle_Encoder_Cnt16_WriteControlRegister(Handle_Encoder_Cnt16_backup.CounterControlReg
  74              		.loc 1 81 0
  75 000a 2079     		ldrb	r0, [r4, #4]	@ zero_extendqisi2
  82:Generated_Source\PSoC5/Handle_Encoder_Cnt16_PM.c ****         #endif /* (!Handle_Encoder_Cnt16_ControlRegRemoved) */
  83:Generated_Source\PSoC5/Handle_Encoder_Cnt16_PM.c **** 
  84:Generated_Source\PSoC5/Handle_Encoder_Cnt16_PM.c ****     #endif /* (!Handle_Encoder_Cnt16_UsingFixedFunction) */
  85:Generated_Source\PSoC5/Handle_Encoder_Cnt16_PM.c **** }
  76              		.loc 1 85 0
  77 000c BDE81040 		pop	{r4, lr}
  78              		.cfi_restore 14
  79              		.cfi_restore 4
  80              		.cfi_def_cfa_offset 0
  81:Generated_Source\PSoC5/Handle_Encoder_Cnt16_PM.c ****         #endif /* (!Handle_Encoder_Cnt16_ControlRegRemoved) */
  81              		.loc 1 81 0
  82 0010 FFF7FEBF 		b	Handle_Encoder_Cnt16_WriteControlRegister
  83              	.LVL3:
  84              	.L8:
  85              		.align	2
ARM GAS  C:\Users\jon\AppData\Local\Temp\cciOqq6i.s 			page 4


  86              	.L7:
  87 0014 00000000 		.word	.LANCHOR0
  88              		.cfi_endproc
  89              	.LFE1:
  90              		.size	Handle_Encoder_Cnt16_RestoreConfig, .-Handle_Encoder_Cnt16_RestoreConfig
  91              		.section	.text.Handle_Encoder_Cnt16_Sleep,"ax",%progbits
  92              		.align	2
  93              		.global	Handle_Encoder_Cnt16_Sleep
  94              		.thumb
  95              		.thumb_func
  96              		.type	Handle_Encoder_Cnt16_Sleep, %function
  97              	Handle_Encoder_Cnt16_Sleep:
  98              	.LFB2:
  86:Generated_Source\PSoC5/Handle_Encoder_Cnt16_PM.c **** 
  87:Generated_Source\PSoC5/Handle_Encoder_Cnt16_PM.c **** 
  88:Generated_Source\PSoC5/Handle_Encoder_Cnt16_PM.c **** /*******************************************************************************
  89:Generated_Source\PSoC5/Handle_Encoder_Cnt16_PM.c **** * Function Name: Handle_Encoder_Cnt16_Sleep
  90:Generated_Source\PSoC5/Handle_Encoder_Cnt16_PM.c **** ********************************************************************************
  91:Generated_Source\PSoC5/Handle_Encoder_Cnt16_PM.c **** * Summary:
  92:Generated_Source\PSoC5/Handle_Encoder_Cnt16_PM.c **** *     Stop and Save the user configuration
  93:Generated_Source\PSoC5/Handle_Encoder_Cnt16_PM.c **** *
  94:Generated_Source\PSoC5/Handle_Encoder_Cnt16_PM.c **** * Parameters:  
  95:Generated_Source\PSoC5/Handle_Encoder_Cnt16_PM.c **** *  void
  96:Generated_Source\PSoC5/Handle_Encoder_Cnt16_PM.c **** *
  97:Generated_Source\PSoC5/Handle_Encoder_Cnt16_PM.c **** * Return: 
  98:Generated_Source\PSoC5/Handle_Encoder_Cnt16_PM.c **** *  void
  99:Generated_Source\PSoC5/Handle_Encoder_Cnt16_PM.c **** *
 100:Generated_Source\PSoC5/Handle_Encoder_Cnt16_PM.c **** * Global variables:
 101:Generated_Source\PSoC5/Handle_Encoder_Cnt16_PM.c **** *  Handle_Encoder_Cnt16_backup.enableState:  Is modified depending on the enable 
 102:Generated_Source\PSoC5/Handle_Encoder_Cnt16_PM.c **** *  state of the block before entering sleep mode.
 103:Generated_Source\PSoC5/Handle_Encoder_Cnt16_PM.c **** *
 104:Generated_Source\PSoC5/Handle_Encoder_Cnt16_PM.c **** *******************************************************************************/
 105:Generated_Source\PSoC5/Handle_Encoder_Cnt16_PM.c **** void Handle_Encoder_Cnt16_Sleep(void) 
 106:Generated_Source\PSoC5/Handle_Encoder_Cnt16_PM.c **** {
  99              		.loc 1 106 0
 100              		.cfi_startproc
 101              		@ args = 0, pretend = 0, frame = 0
 102              		@ frame_needed = 0, uses_anonymous_args = 0
 103 0000 10B5     		push	{r4, lr}
 104              		.cfi_def_cfa_offset 8
 105              		.cfi_offset 4, -8
 106              		.cfi_offset 14, -4
 107:Generated_Source\PSoC5/Handle_Encoder_Cnt16_PM.c ****     #if(!Handle_Encoder_Cnt16_ControlRegRemoved)
 108:Generated_Source\PSoC5/Handle_Encoder_Cnt16_PM.c ****         /* Save Counter's enable state */
 109:Generated_Source\PSoC5/Handle_Encoder_Cnt16_PM.c ****         if(Handle_Encoder_Cnt16_CTRL_ENABLE == (Handle_Encoder_Cnt16_CONTROL & Handle_Encoder_Cnt16
 107              		.loc 1 109 0
 108 0002 074B     		ldr	r3, .L11
 109 0004 074C     		ldr	r4, .L11+4
 110 0006 1B78     		ldrb	r3, [r3]	@ zero_extendqisi2
 111 0008 DB09     		lsrs	r3, r3, #7
 112 000a 2370     		strb	r3, [r4]
 110:Generated_Source\PSoC5/Handle_Encoder_Cnt16_PM.c ****         {
 111:Generated_Source\PSoC5/Handle_Encoder_Cnt16_PM.c ****             /* Counter is enabled */
 112:Generated_Source\PSoC5/Handle_Encoder_Cnt16_PM.c ****             Handle_Encoder_Cnt16_backup.CounterEnableState = 1u;
 113:Generated_Source\PSoC5/Handle_Encoder_Cnt16_PM.c ****         }
 114:Generated_Source\PSoC5/Handle_Encoder_Cnt16_PM.c ****         else
 115:Generated_Source\PSoC5/Handle_Encoder_Cnt16_PM.c ****         {
ARM GAS  C:\Users\jon\AppData\Local\Temp\cciOqq6i.s 			page 5


 116:Generated_Source\PSoC5/Handle_Encoder_Cnt16_PM.c ****             /* Counter is disabled */
 117:Generated_Source\PSoC5/Handle_Encoder_Cnt16_PM.c ****             Handle_Encoder_Cnt16_backup.CounterEnableState = 0u;
 118:Generated_Source\PSoC5/Handle_Encoder_Cnt16_PM.c ****         }
 119:Generated_Source\PSoC5/Handle_Encoder_Cnt16_PM.c ****     #else
 120:Generated_Source\PSoC5/Handle_Encoder_Cnt16_PM.c ****         Handle_Encoder_Cnt16_backup.CounterEnableState = 1u;
 121:Generated_Source\PSoC5/Handle_Encoder_Cnt16_PM.c ****         if(Handle_Encoder_Cnt16_backup.CounterEnableState != 0u)
 122:Generated_Source\PSoC5/Handle_Encoder_Cnt16_PM.c ****         {
 123:Generated_Source\PSoC5/Handle_Encoder_Cnt16_PM.c ****             Handle_Encoder_Cnt16_backup.CounterEnableState = 0u;
 124:Generated_Source\PSoC5/Handle_Encoder_Cnt16_PM.c ****         }
 125:Generated_Source\PSoC5/Handle_Encoder_Cnt16_PM.c ****     #endif /* (!Handle_Encoder_Cnt16_ControlRegRemoved) */
 126:Generated_Source\PSoC5/Handle_Encoder_Cnt16_PM.c ****     
 127:Generated_Source\PSoC5/Handle_Encoder_Cnt16_PM.c ****     Handle_Encoder_Cnt16_Stop();
 113              		.loc 1 127 0
 114 000c FFF7FEFF 		bl	Handle_Encoder_Cnt16_Stop
 115              	.LVL4:
 116              	.LBB4:
 117              	.LBB5:
  46:Generated_Source\PSoC5/Handle_Encoder_Cnt16_PM.c **** 
 118              		.loc 1 46 0
 119 0010 FFF7FEFF 		bl	Handle_Encoder_Cnt16_ReadCounter
 120              	.LVL5:
 121 0014 6080     		strh	r0, [r4, #2]	@ movhi
  49:Generated_Source\PSoC5/Handle_Encoder_Cnt16_PM.c ****         #endif /* (!Handle_Encoder_Cnt16_ControlRegRemoved) */
 122              		.loc 1 49 0
 123 0016 FFF7FEFF 		bl	Handle_Encoder_Cnt16_ReadControlRegister
 124              	.LVL6:
 125 001a 2071     		strb	r0, [r4, #4]
 126 001c 10BD     		pop	{r4, pc}
 127              	.L12:
 128 001e 00BF     		.align	2
 129              	.L11:
 130 0020 77640040 		.word	1073767543
 131 0024 00000000 		.word	.LANCHOR0
 132              	.LBE5:
 133              	.LBE4:
 134              		.cfi_endproc
 135              	.LFE2:
 136              		.size	Handle_Encoder_Cnt16_Sleep, .-Handle_Encoder_Cnt16_Sleep
 137              		.section	.text.Handle_Encoder_Cnt16_Wakeup,"ax",%progbits
 138              		.align	2
 139              		.global	Handle_Encoder_Cnt16_Wakeup
 140              		.thumb
 141              		.thumb_func
 142              		.type	Handle_Encoder_Cnt16_Wakeup, %function
 143              	Handle_Encoder_Cnt16_Wakeup:
 144              	.LFB3:
 128:Generated_Source\PSoC5/Handle_Encoder_Cnt16_PM.c ****     Handle_Encoder_Cnt16_SaveConfig();
 129:Generated_Source\PSoC5/Handle_Encoder_Cnt16_PM.c **** }
 130:Generated_Source\PSoC5/Handle_Encoder_Cnt16_PM.c **** 
 131:Generated_Source\PSoC5/Handle_Encoder_Cnt16_PM.c **** 
 132:Generated_Source\PSoC5/Handle_Encoder_Cnt16_PM.c **** /*******************************************************************************
 133:Generated_Source\PSoC5/Handle_Encoder_Cnt16_PM.c **** * Function Name: Handle_Encoder_Cnt16_Wakeup
 134:Generated_Source\PSoC5/Handle_Encoder_Cnt16_PM.c **** ********************************************************************************
 135:Generated_Source\PSoC5/Handle_Encoder_Cnt16_PM.c **** *
 136:Generated_Source\PSoC5/Handle_Encoder_Cnt16_PM.c **** * Summary:
 137:Generated_Source\PSoC5/Handle_Encoder_Cnt16_PM.c **** *  Restores and enables the user configuration
 138:Generated_Source\PSoC5/Handle_Encoder_Cnt16_PM.c **** *  
ARM GAS  C:\Users\jon\AppData\Local\Temp\cciOqq6i.s 			page 6


 139:Generated_Source\PSoC5/Handle_Encoder_Cnt16_PM.c **** * Parameters:  
 140:Generated_Source\PSoC5/Handle_Encoder_Cnt16_PM.c **** *  void
 141:Generated_Source\PSoC5/Handle_Encoder_Cnt16_PM.c **** *
 142:Generated_Source\PSoC5/Handle_Encoder_Cnt16_PM.c **** * Return: 
 143:Generated_Source\PSoC5/Handle_Encoder_Cnt16_PM.c **** *  void
 144:Generated_Source\PSoC5/Handle_Encoder_Cnt16_PM.c **** *
 145:Generated_Source\PSoC5/Handle_Encoder_Cnt16_PM.c **** * Global variables:
 146:Generated_Source\PSoC5/Handle_Encoder_Cnt16_PM.c **** *  Handle_Encoder_Cnt16_backup.enableState:  Is used to restore the enable state of 
 147:Generated_Source\PSoC5/Handle_Encoder_Cnt16_PM.c **** *  block on wakeup from sleep mode.
 148:Generated_Source\PSoC5/Handle_Encoder_Cnt16_PM.c **** *
 149:Generated_Source\PSoC5/Handle_Encoder_Cnt16_PM.c **** *******************************************************************************/
 150:Generated_Source\PSoC5/Handle_Encoder_Cnt16_PM.c **** void Handle_Encoder_Cnt16_Wakeup(void) 
 151:Generated_Source\PSoC5/Handle_Encoder_Cnt16_PM.c **** {
 145              		.loc 1 151 0
 146              		.cfi_startproc
 147              		@ args = 0, pretend = 0, frame = 0
 148              		@ frame_needed = 0, uses_anonymous_args = 0
 149 0000 10B5     		push	{r4, lr}
 150              		.cfi_def_cfa_offset 8
 151              		.cfi_offset 4, -8
 152              		.cfi_offset 14, -4
 153              	.LBB8:
 154              	.LBB9:
  78:Generated_Source\PSoC5/Handle_Encoder_Cnt16_PM.c **** 
 155              		.loc 1 78 0
 156 0002 074C     		ldr	r4, .L18
 157 0004 6088     		ldrh	r0, [r4, #2]
 158 0006 FFF7FEFF 		bl	Handle_Encoder_Cnt16_WriteCounter
 159              	.LVL7:
  81:Generated_Source\PSoC5/Handle_Encoder_Cnt16_PM.c ****         #endif /* (!Handle_Encoder_Cnt16_ControlRegRemoved) */
 160              		.loc 1 81 0
 161 000a 2079     		ldrb	r0, [r4, #4]	@ zero_extendqisi2
 162 000c FFF7FEFF 		bl	Handle_Encoder_Cnt16_WriteControlRegister
 163              	.LVL8:
 164              	.LBE9:
 165              	.LBE8:
 152:Generated_Source\PSoC5/Handle_Encoder_Cnt16_PM.c ****     Handle_Encoder_Cnt16_RestoreConfig();
 153:Generated_Source\PSoC5/Handle_Encoder_Cnt16_PM.c ****     #if(!Handle_Encoder_Cnt16_ControlRegRemoved)
 154:Generated_Source\PSoC5/Handle_Encoder_Cnt16_PM.c ****         if(Handle_Encoder_Cnt16_backup.CounterEnableState == 1u)
 166              		.loc 1 154 0
 167 0010 2378     		ldrb	r3, [r4]	@ zero_extendqisi2
 168 0012 012B     		cmp	r3, #1
 169 0014 00D0     		beq	.L17
 170 0016 10BD     		pop	{r4, pc}
 171              	.L17:
 155:Generated_Source\PSoC5/Handle_Encoder_Cnt16_PM.c ****         {
 156:Generated_Source\PSoC5/Handle_Encoder_Cnt16_PM.c ****             /* Enable Counter's operation */
 157:Generated_Source\PSoC5/Handle_Encoder_Cnt16_PM.c ****             Handle_Encoder_Cnt16_Enable();
 158:Generated_Source\PSoC5/Handle_Encoder_Cnt16_PM.c ****         } /* Do nothing if Counter was disabled before */    
 159:Generated_Source\PSoC5/Handle_Encoder_Cnt16_PM.c ****     #endif /* (!Handle_Encoder_Cnt16_ControlRegRemoved) */
 160:Generated_Source\PSoC5/Handle_Encoder_Cnt16_PM.c ****     
 161:Generated_Source\PSoC5/Handle_Encoder_Cnt16_PM.c **** }
 172              		.loc 1 161 0
 173 0018 BDE81040 		pop	{r4, lr}
 174              		.cfi_restore 14
 175              		.cfi_restore 4
 176              		.cfi_def_cfa_offset 0
ARM GAS  C:\Users\jon\AppData\Local\Temp\cciOqq6i.s 			page 7


 157:Generated_Source\PSoC5/Handle_Encoder_Cnt16_PM.c ****         } /* Do nothing if Counter was disabled before */    
 177              		.loc 1 157 0
 178 001c FFF7FEBF 		b	Handle_Encoder_Cnt16_Enable
 179              	.LVL9:
 180              	.L19:
 181              		.align	2
 182              	.L18:
 183 0020 00000000 		.word	.LANCHOR0
 184              		.cfi_endproc
 185              	.LFE3:
 186              		.size	Handle_Encoder_Cnt16_Wakeup, .-Handle_Encoder_Cnt16_Wakeup
 187              		.bss
 188              		.align	2
 189              		.set	.LANCHOR0,. + 0
 190              		.type	Handle_Encoder_Cnt16_backup, %object
 191              		.size	Handle_Encoder_Cnt16_backup, 6
 192              	Handle_Encoder_Cnt16_backup:
 193 0000 00000000 		.space	6
 193      0000
 194              		.text
 195              	.Letext0:
 196              		.file 2 "Generated_Source\\PSoC5\\cytypes.h"
 197              		.file 3 "Generated_Source\\PSoC5\\Handle_Encoder_Cnt16.h"
 198              		.section	.debug_info,"",%progbits
 199              	.Ldebug_info0:
 200 0000 25020000 		.4byte	0x225
 201 0004 0400     		.2byte	0x4
 202 0006 00000000 		.4byte	.Ldebug_abbrev0
 203 000a 04       		.byte	0x4
 204 000b 01       		.uleb128 0x1
 205 000c 2A000000 		.4byte	.LASF31
 206 0010 0C       		.byte	0xc
 207 0011 E5000000 		.4byte	.LASF32
 208 0015 35030000 		.4byte	.LASF33
 209 0019 00000000 		.4byte	.Ldebug_ranges0+0
 210 001d 00000000 		.4byte	0
 211 0021 00000000 		.4byte	.Ldebug_line0
 212 0025 02       		.uleb128 0x2
 213 0026 01       		.byte	0x1
 214 0027 06       		.byte	0x6
 215 0028 29030000 		.4byte	.LASF0
 216 002c 02       		.uleb128 0x2
 217 002d 01       		.byte	0x1
 218 002e 08       		.byte	0x8
 219 002f 7C010000 		.4byte	.LASF1
 220 0033 02       		.uleb128 0x2
 221 0034 02       		.byte	0x2
 222 0035 05       		.byte	0x5
 223 0036 B0020000 		.4byte	.LASF2
 224 003a 02       		.uleb128 0x2
 225 003b 02       		.byte	0x2
 226 003c 07       		.byte	0x7
 227 003d D2000000 		.4byte	.LASF3
 228 0041 02       		.uleb128 0x2
 229 0042 04       		.byte	0x4
 230 0043 05       		.byte	0x5
 231 0044 F8020000 		.4byte	.LASF4
ARM GAS  C:\Users\jon\AppData\Local\Temp\cciOqq6i.s 			page 8


 232 0048 02       		.uleb128 0x2
 233 0049 04       		.byte	0x4
 234 004a 07       		.byte	0x7
 235 004b CA010000 		.4byte	.LASF5
 236 004f 02       		.uleb128 0x2
 237 0050 08       		.byte	0x8
 238 0051 05       		.byte	0x5
 239 0052 9D020000 		.4byte	.LASF6
 240 0056 02       		.uleb128 0x2
 241 0057 08       		.byte	0x8
 242 0058 07       		.byte	0x7
 243 0059 49020000 		.4byte	.LASF7
 244 005d 03       		.uleb128 0x3
 245 005e 04       		.byte	0x4
 246 005f 05       		.byte	0x5
 247 0060 696E7400 		.ascii	"int\000"
 248 0064 02       		.uleb128 0x2
 249 0065 04       		.byte	0x4
 250 0066 07       		.byte	0x7
 251 0067 3C020000 		.4byte	.LASF8
 252 006b 04       		.uleb128 0x4
 253 006c FF010000 		.4byte	.LASF9
 254 0070 02       		.byte	0x2
 255 0071 E401     		.2byte	0x1e4
 256 0073 2C000000 		.4byte	0x2c
 257 0077 04       		.uleb128 0x4
 258 0078 35020000 		.4byte	.LASF10
 259 007c 02       		.byte	0x2
 260 007d E501     		.2byte	0x1e5
 261 007f 3A000000 		.4byte	0x3a
 262 0083 02       		.uleb128 0x2
 263 0084 04       		.byte	0x4
 264 0085 04       		.byte	0x4
 265 0086 76010000 		.4byte	.LASF11
 266 008a 02       		.uleb128 0x2
 267 008b 08       		.byte	0x8
 268 008c 04       		.byte	0x4
 269 008d 2E020000 		.4byte	.LASF12
 270 0091 02       		.uleb128 0x2
 271 0092 01       		.byte	0x1
 272 0093 08       		.byte	0x8
 273 0094 AB020000 		.4byte	.LASF13
 274 0098 04       		.uleb128 0x4
 275 0099 AA010000 		.4byte	.LASF14
 276 009d 02       		.byte	0x2
 277 009e 8E02     		.2byte	0x28e
 278 00a0 A4000000 		.4byte	0xa4
 279 00a4 05       		.uleb128 0x5
 280 00a5 6B000000 		.4byte	0x6b
 281 00a9 02       		.uleb128 0x2
 282 00aa 08       		.byte	0x8
 283 00ab 04       		.byte	0x4
 284 00ac 1D030000 		.4byte	.LASF15
 285 00b0 02       		.uleb128 0x2
 286 00b1 04       		.byte	0x4
 287 00b2 07       		.byte	0x7
 288 00b3 81020000 		.4byte	.LASF16
ARM GAS  C:\Users\jon\AppData\Local\Temp\cciOqq6i.s 			page 9


 289 00b7 06       		.uleb128 0x6
 290 00b8 06       		.byte	0x6
 291 00b9 03       		.byte	0x3
 292 00ba 40       		.byte	0x40
 293 00bb E4000000 		.4byte	0xe4
 294 00bf 07       		.uleb128 0x7
 295 00c0 8A020000 		.4byte	.LASF17
 296 00c4 03       		.byte	0x3
 297 00c5 42       		.byte	0x42
 298 00c6 6B000000 		.4byte	0x6b
 299 00ca 00       		.byte	0
 300 00cb 07       		.uleb128 0x7
 301 00cc 16010000 		.4byte	.LASF18
 302 00d0 03       		.byte	0x3
 303 00d1 43       		.byte	0x43
 304 00d2 77000000 		.4byte	0x77
 305 00d6 02       		.byte	0x2
 306 00d7 07       		.uleb128 0x7
 307 00d8 21010000 		.4byte	.LASF19
 308 00dc 03       		.byte	0x3
 309 00dd 46       		.byte	0x46
 310 00de 6B000000 		.4byte	0x6b
 311 00e2 04       		.byte	0x4
 312 00e3 00       		.byte	0
 313 00e4 08       		.uleb128 0x8
 314 00e5 54010000 		.4byte	.LASF20
 315 00e9 03       		.byte	0x3
 316 00ea 49       		.byte	0x49
 317 00eb B7000000 		.4byte	0xb7
 318 00ef 09       		.uleb128 0x9
 319 00f0 8A010000 		.4byte	.LASF21
 320 00f4 01       		.byte	0x1
 321 00f5 2A       		.byte	0x2a
 322 00f6 01       		.byte	0x1
 323 00f7 0A       		.uleb128 0xa
 324 00f8 EF000000 		.4byte	0xef
 325 00fc 00000000 		.4byte	.LFB0
 326 0100 18000000 		.4byte	.LFE0-.LFB0
 327 0104 01       		.uleb128 0x1
 328 0105 9C       		.byte	0x9c
 329 0106 1D010000 		.4byte	0x11d
 330 010a 0B       		.uleb128 0xb
 331 010b 06000000 		.4byte	.LVL0
 332 010f E6010000 		.4byte	0x1e6
 333 0113 0B       		.uleb128 0xb
 334 0114 0E000000 		.4byte	.LVL1
 335 0118 F1010000 		.4byte	0x1f1
 336 011c 00       		.byte	0
 337 011d 09       		.uleb128 0x9
 338 011e DC010000 		.4byte	.LASF22
 339 0122 01       		.byte	0x1
 340 0123 4A       		.byte	0x4a
 341 0124 01       		.byte	0x1
 342 0125 0A       		.uleb128 0xa
 343 0126 1D010000 		.4byte	0x11d
 344 012a 00000000 		.4byte	.LFB1
 345 012e 18000000 		.4byte	.LFE1-.LFB1
ARM GAS  C:\Users\jon\AppData\Local\Temp\cciOqq6i.s 			page 10


 346 0132 01       		.uleb128 0x1
 347 0133 9C       		.byte	0x9c
 348 0134 4B010000 		.4byte	0x14b
 349 0138 0B       		.uleb128 0xb
 350 0139 0A000000 		.4byte	.LVL2
 351 013d FC010000 		.4byte	0x1fc
 352 0141 0C       		.uleb128 0xc
 353 0142 14000000 		.4byte	.LVL3
 354 0146 07020000 		.4byte	0x207
 355 014a 00       		.byte	0
 356 014b 0D       		.uleb128 0xd
 357 014c AF010000 		.4byte	.LASF23
 358 0150 01       		.byte	0x1
 359 0151 69       		.byte	0x69
 360 0152 00000000 		.4byte	.LFB2
 361 0156 28000000 		.4byte	.LFE2-.LFB2
 362 015a 01       		.uleb128 0x1
 363 015b 9C       		.byte	0x9c
 364 015c 90010000 		.4byte	0x190
 365 0160 0E       		.uleb128 0xe
 366 0161 EF000000 		.4byte	0xef
 367 0165 10000000 		.4byte	.LBB4
 368 0169 18000000 		.4byte	.LBE4-.LBB4
 369 016d 01       		.byte	0x1
 370 016e 80       		.byte	0x80
 371 016f 86010000 		.4byte	0x186
 372 0173 0B       		.uleb128 0xb
 373 0174 14000000 		.4byte	.LVL5
 374 0178 E6010000 		.4byte	0x1e6
 375 017c 0B       		.uleb128 0xb
 376 017d 1A000000 		.4byte	.LVL6
 377 0181 F1010000 		.4byte	0x1f1
 378 0185 00       		.byte	0
 379 0186 0B       		.uleb128 0xb
 380 0187 10000000 		.4byte	.LVL4
 381 018b 12020000 		.4byte	0x212
 382 018f 00       		.byte	0
 383 0190 0D       		.uleb128 0xd
 384 0191 DC020000 		.4byte	.LASF24
 385 0195 01       		.byte	0x1
 386 0196 96       		.byte	0x96
 387 0197 00000000 		.4byte	.LFB3
 388 019b 24000000 		.4byte	.LFE3-.LFB3
 389 019f 01       		.uleb128 0x1
 390 01a0 9C       		.byte	0x9c
 391 01a1 D5010000 		.4byte	0x1d5
 392 01a5 0E       		.uleb128 0xe
 393 01a6 1D010000 		.4byte	0x11d
 394 01aa 02000000 		.4byte	.LBB8
 395 01ae 0E000000 		.4byte	.LBE8-.LBB8
 396 01b2 01       		.byte	0x1
 397 01b3 98       		.byte	0x98
 398 01b4 CB010000 		.4byte	0x1cb
 399 01b8 0B       		.uleb128 0xb
 400 01b9 0A000000 		.4byte	.LVL7
 401 01bd FC010000 		.4byte	0x1fc
 402 01c1 0B       		.uleb128 0xb
ARM GAS  C:\Users\jon\AppData\Local\Temp\cciOqq6i.s 			page 11


 403 01c2 10000000 		.4byte	.LVL8
 404 01c6 07020000 		.4byte	0x207
 405 01ca 00       		.byte	0
 406 01cb 0C       		.uleb128 0xc
 407 01cc 20000000 		.4byte	.LVL9
 408 01d0 1D020000 		.4byte	0x21d
 409 01d4 00       		.byte	0
 410 01d5 0F       		.uleb128 0xf
 411 01d6 38010000 		.4byte	.LASF34
 412 01da 01       		.byte	0x1
 413 01db 15       		.byte	0x15
 414 01dc E4000000 		.4byte	0xe4
 415 01e0 05       		.uleb128 0x5
 416 01e1 03       		.byte	0x3
 417 01e2 00000000 		.4byte	Handle_Encoder_Cnt16_backup
 418 01e6 10       		.uleb128 0x10
 419 01e7 60020000 		.4byte	.LASF25
 420 01eb 60020000 		.4byte	.LASF25
 421 01ef 03       		.byte	0x3
 422 01f0 5D       		.byte	0x5d
 423 01f1 10       		.uleb128 0x10
 424 01f2 05020000 		.4byte	.LASF26
 425 01f6 05020000 		.4byte	.LASF26
 426 01fa 03       		.byte	0x3
 427 01fb 55       		.byte	0x55
 428 01fc 10       		.uleb128 0x10
 429 01fd BA020000 		.4byte	.LASF27
 430 0201 BA020000 		.4byte	.LASF27
 431 0205 03       		.byte	0x3
 432 0206 5A       		.byte	0x5a
 433 0207 10       		.uleb128 0x10
 434 0208 00000000 		.4byte	.LASF28
 435 020c 00000000 		.4byte	.LASF28
 436 0210 03       		.byte	0x3
 437 0211 56       		.byte	0x56
 438 0212 10       		.uleb128 0x10
 439 0213 B8000000 		.4byte	.LASF29
 440 0217 B8000000 		.4byte	.LASF29
 441 021b 03       		.byte	0x3
 442 021c 50       		.byte	0x50
 443 021d 10       		.uleb128 0x10
 444 021e 01030000 		.4byte	.LASF30
 445 0222 01030000 		.4byte	.LASF30
 446 0226 03       		.byte	0x3
 447 0227 71       		.byte	0x71
 448 0228 00       		.byte	0
 449              		.section	.debug_abbrev,"",%progbits
 450              	.Ldebug_abbrev0:
 451 0000 01       		.uleb128 0x1
 452 0001 11       		.uleb128 0x11
 453 0002 01       		.byte	0x1
 454 0003 25       		.uleb128 0x25
 455 0004 0E       		.uleb128 0xe
 456 0005 13       		.uleb128 0x13
 457 0006 0B       		.uleb128 0xb
 458 0007 03       		.uleb128 0x3
 459 0008 0E       		.uleb128 0xe
ARM GAS  C:\Users\jon\AppData\Local\Temp\cciOqq6i.s 			page 12


 460 0009 1B       		.uleb128 0x1b
 461 000a 0E       		.uleb128 0xe
 462 000b 55       		.uleb128 0x55
 463 000c 17       		.uleb128 0x17
 464 000d 11       		.uleb128 0x11
 465 000e 01       		.uleb128 0x1
 466 000f 10       		.uleb128 0x10
 467 0010 17       		.uleb128 0x17
 468 0011 00       		.byte	0
 469 0012 00       		.byte	0
 470 0013 02       		.uleb128 0x2
 471 0014 24       		.uleb128 0x24
 472 0015 00       		.byte	0
 473 0016 0B       		.uleb128 0xb
 474 0017 0B       		.uleb128 0xb
 475 0018 3E       		.uleb128 0x3e
 476 0019 0B       		.uleb128 0xb
 477 001a 03       		.uleb128 0x3
 478 001b 0E       		.uleb128 0xe
 479 001c 00       		.byte	0
 480 001d 00       		.byte	0
 481 001e 03       		.uleb128 0x3
 482 001f 24       		.uleb128 0x24
 483 0020 00       		.byte	0
 484 0021 0B       		.uleb128 0xb
 485 0022 0B       		.uleb128 0xb
 486 0023 3E       		.uleb128 0x3e
 487 0024 0B       		.uleb128 0xb
 488 0025 03       		.uleb128 0x3
 489 0026 08       		.uleb128 0x8
 490 0027 00       		.byte	0
 491 0028 00       		.byte	0
 492 0029 04       		.uleb128 0x4
 493 002a 16       		.uleb128 0x16
 494 002b 00       		.byte	0
 495 002c 03       		.uleb128 0x3
 496 002d 0E       		.uleb128 0xe
 497 002e 3A       		.uleb128 0x3a
 498 002f 0B       		.uleb128 0xb
 499 0030 3B       		.uleb128 0x3b
 500 0031 05       		.uleb128 0x5
 501 0032 49       		.uleb128 0x49
 502 0033 13       		.uleb128 0x13
 503 0034 00       		.byte	0
 504 0035 00       		.byte	0
 505 0036 05       		.uleb128 0x5
 506 0037 35       		.uleb128 0x35
 507 0038 00       		.byte	0
 508 0039 49       		.uleb128 0x49
 509 003a 13       		.uleb128 0x13
 510 003b 00       		.byte	0
 511 003c 00       		.byte	0
 512 003d 06       		.uleb128 0x6
 513 003e 13       		.uleb128 0x13
 514 003f 01       		.byte	0x1
 515 0040 0B       		.uleb128 0xb
 516 0041 0B       		.uleb128 0xb
ARM GAS  C:\Users\jon\AppData\Local\Temp\cciOqq6i.s 			page 13


 517 0042 3A       		.uleb128 0x3a
 518 0043 0B       		.uleb128 0xb
 519 0044 3B       		.uleb128 0x3b
 520 0045 0B       		.uleb128 0xb
 521 0046 01       		.uleb128 0x1
 522 0047 13       		.uleb128 0x13
 523 0048 00       		.byte	0
 524 0049 00       		.byte	0
 525 004a 07       		.uleb128 0x7
 526 004b 0D       		.uleb128 0xd
 527 004c 00       		.byte	0
 528 004d 03       		.uleb128 0x3
 529 004e 0E       		.uleb128 0xe
 530 004f 3A       		.uleb128 0x3a
 531 0050 0B       		.uleb128 0xb
 532 0051 3B       		.uleb128 0x3b
 533 0052 0B       		.uleb128 0xb
 534 0053 49       		.uleb128 0x49
 535 0054 13       		.uleb128 0x13
 536 0055 38       		.uleb128 0x38
 537 0056 0B       		.uleb128 0xb
 538 0057 00       		.byte	0
 539 0058 00       		.byte	0
 540 0059 08       		.uleb128 0x8
 541 005a 16       		.uleb128 0x16
 542 005b 00       		.byte	0
 543 005c 03       		.uleb128 0x3
 544 005d 0E       		.uleb128 0xe
 545 005e 3A       		.uleb128 0x3a
 546 005f 0B       		.uleb128 0xb
 547 0060 3B       		.uleb128 0x3b
 548 0061 0B       		.uleb128 0xb
 549 0062 49       		.uleb128 0x49
 550 0063 13       		.uleb128 0x13
 551 0064 00       		.byte	0
 552 0065 00       		.byte	0
 553 0066 09       		.uleb128 0x9
 554 0067 2E       		.uleb128 0x2e
 555 0068 00       		.byte	0
 556 0069 3F       		.uleb128 0x3f
 557 006a 19       		.uleb128 0x19
 558 006b 03       		.uleb128 0x3
 559 006c 0E       		.uleb128 0xe
 560 006d 3A       		.uleb128 0x3a
 561 006e 0B       		.uleb128 0xb
 562 006f 3B       		.uleb128 0x3b
 563 0070 0B       		.uleb128 0xb
 564 0071 27       		.uleb128 0x27
 565 0072 19       		.uleb128 0x19
 566 0073 20       		.uleb128 0x20
 567 0074 0B       		.uleb128 0xb
 568 0075 00       		.byte	0
 569 0076 00       		.byte	0
 570 0077 0A       		.uleb128 0xa
 571 0078 2E       		.uleb128 0x2e
 572 0079 01       		.byte	0x1
 573 007a 31       		.uleb128 0x31
ARM GAS  C:\Users\jon\AppData\Local\Temp\cciOqq6i.s 			page 14


 574 007b 13       		.uleb128 0x13
 575 007c 11       		.uleb128 0x11
 576 007d 01       		.uleb128 0x1
 577 007e 12       		.uleb128 0x12
 578 007f 06       		.uleb128 0x6
 579 0080 40       		.uleb128 0x40
 580 0081 18       		.uleb128 0x18
 581 0082 9742     		.uleb128 0x2117
 582 0084 19       		.uleb128 0x19
 583 0085 01       		.uleb128 0x1
 584 0086 13       		.uleb128 0x13
 585 0087 00       		.byte	0
 586 0088 00       		.byte	0
 587 0089 0B       		.uleb128 0xb
 588 008a 898201   		.uleb128 0x4109
 589 008d 00       		.byte	0
 590 008e 11       		.uleb128 0x11
 591 008f 01       		.uleb128 0x1
 592 0090 31       		.uleb128 0x31
 593 0091 13       		.uleb128 0x13
 594 0092 00       		.byte	0
 595 0093 00       		.byte	0
 596 0094 0C       		.uleb128 0xc
 597 0095 898201   		.uleb128 0x4109
 598 0098 00       		.byte	0
 599 0099 11       		.uleb128 0x11
 600 009a 01       		.uleb128 0x1
 601 009b 9542     		.uleb128 0x2115
 602 009d 19       		.uleb128 0x19
 603 009e 31       		.uleb128 0x31
 604 009f 13       		.uleb128 0x13
 605 00a0 00       		.byte	0
 606 00a1 00       		.byte	0
 607 00a2 0D       		.uleb128 0xd
 608 00a3 2E       		.uleb128 0x2e
 609 00a4 01       		.byte	0x1
 610 00a5 3F       		.uleb128 0x3f
 611 00a6 19       		.uleb128 0x19
 612 00a7 03       		.uleb128 0x3
 613 00a8 0E       		.uleb128 0xe
 614 00a9 3A       		.uleb128 0x3a
 615 00aa 0B       		.uleb128 0xb
 616 00ab 3B       		.uleb128 0x3b
 617 00ac 0B       		.uleb128 0xb
 618 00ad 27       		.uleb128 0x27
 619 00ae 19       		.uleb128 0x19
 620 00af 11       		.uleb128 0x11
 621 00b0 01       		.uleb128 0x1
 622 00b1 12       		.uleb128 0x12
 623 00b2 06       		.uleb128 0x6
 624 00b3 40       		.uleb128 0x40
 625 00b4 18       		.uleb128 0x18
 626 00b5 9742     		.uleb128 0x2117
 627 00b7 19       		.uleb128 0x19
 628 00b8 01       		.uleb128 0x1
 629 00b9 13       		.uleb128 0x13
 630 00ba 00       		.byte	0
ARM GAS  C:\Users\jon\AppData\Local\Temp\cciOqq6i.s 			page 15


 631 00bb 00       		.byte	0
 632 00bc 0E       		.uleb128 0xe
 633 00bd 1D       		.uleb128 0x1d
 634 00be 01       		.byte	0x1
 635 00bf 31       		.uleb128 0x31
 636 00c0 13       		.uleb128 0x13
 637 00c1 11       		.uleb128 0x11
 638 00c2 01       		.uleb128 0x1
 639 00c3 12       		.uleb128 0x12
 640 00c4 06       		.uleb128 0x6
 641 00c5 58       		.uleb128 0x58
 642 00c6 0B       		.uleb128 0xb
 643 00c7 59       		.uleb128 0x59
 644 00c8 0B       		.uleb128 0xb
 645 00c9 01       		.uleb128 0x1
 646 00ca 13       		.uleb128 0x13
 647 00cb 00       		.byte	0
 648 00cc 00       		.byte	0
 649 00cd 0F       		.uleb128 0xf
 650 00ce 34       		.uleb128 0x34
 651 00cf 00       		.byte	0
 652 00d0 03       		.uleb128 0x3
 653 00d1 0E       		.uleb128 0xe
 654 00d2 3A       		.uleb128 0x3a
 655 00d3 0B       		.uleb128 0xb
 656 00d4 3B       		.uleb128 0x3b
 657 00d5 0B       		.uleb128 0xb
 658 00d6 49       		.uleb128 0x49
 659 00d7 13       		.uleb128 0x13
 660 00d8 02       		.uleb128 0x2
 661 00d9 18       		.uleb128 0x18
 662 00da 00       		.byte	0
 663 00db 00       		.byte	0
 664 00dc 10       		.uleb128 0x10
 665 00dd 2E       		.uleb128 0x2e
 666 00de 00       		.byte	0
 667 00df 3F       		.uleb128 0x3f
 668 00e0 19       		.uleb128 0x19
 669 00e1 3C       		.uleb128 0x3c
 670 00e2 19       		.uleb128 0x19
 671 00e3 6E       		.uleb128 0x6e
 672 00e4 0E       		.uleb128 0xe
 673 00e5 03       		.uleb128 0x3
 674 00e6 0E       		.uleb128 0xe
 675 00e7 3A       		.uleb128 0x3a
 676 00e8 0B       		.uleb128 0xb
 677 00e9 3B       		.uleb128 0x3b
 678 00ea 0B       		.uleb128 0xb
 679 00eb 00       		.byte	0
 680 00ec 00       		.byte	0
 681 00ed 00       		.byte	0
 682              		.section	.debug_aranges,"",%progbits
 683 0000 34000000 		.4byte	0x34
 684 0004 0200     		.2byte	0x2
 685 0006 00000000 		.4byte	.Ldebug_info0
 686 000a 04       		.byte	0x4
 687 000b 00       		.byte	0
ARM GAS  C:\Users\jon\AppData\Local\Temp\cciOqq6i.s 			page 16


 688 000c 0000     		.2byte	0
 689 000e 0000     		.2byte	0
 690 0010 00000000 		.4byte	.LFB0
 691 0014 18000000 		.4byte	.LFE0-.LFB0
 692 0018 00000000 		.4byte	.LFB1
 693 001c 18000000 		.4byte	.LFE1-.LFB1
 694 0020 00000000 		.4byte	.LFB2
 695 0024 28000000 		.4byte	.LFE2-.LFB2
 696 0028 00000000 		.4byte	.LFB3
 697 002c 24000000 		.4byte	.LFE3-.LFB3
 698 0030 00000000 		.4byte	0
 699 0034 00000000 		.4byte	0
 700              		.section	.debug_ranges,"",%progbits
 701              	.Ldebug_ranges0:
 702 0000 00000000 		.4byte	.LFB0
 703 0004 18000000 		.4byte	.LFE0
 704 0008 00000000 		.4byte	.LFB1
 705 000c 18000000 		.4byte	.LFE1
 706 0010 00000000 		.4byte	.LFB2
 707 0014 28000000 		.4byte	.LFE2
 708 0018 00000000 		.4byte	.LFB3
 709 001c 24000000 		.4byte	.LFE3
 710 0020 00000000 		.4byte	0
 711 0024 00000000 		.4byte	0
 712              		.section	.debug_line,"",%progbits
 713              	.Ldebug_line0:
 714 0000 CD000000 		.section	.debug_str,"MS",%progbits,1
 714      02006E00 
 714      00000201 
 714      FB0E0D00 
 714      01010101 
 715              	.LASF28:
 716 0000 48616E64 		.ascii	"Handle_Encoder_Cnt16_WriteControlRegister\000"
 716      6C655F45 
 716      6E636F64 
 716      65725F43 
 716      6E743136 
 717              	.LASF31:
 718 002a 474E5520 		.ascii	"GNU C11 5.4.1 20160609 (release) [ARM/embedded-5-br"
 718      43313120 
 718      352E342E 
 718      31203230 
 718      31363036 
 719 005d 616E6368 		.ascii	"anch revision 237715] -mcpu=cortex-m3 -mthumb -g -O"
 719      20726576 
 719      6973696F 
 719      6E203233 
 719      37373135 
 720 0090 33202D66 		.ascii	"3 -ffunction-sections -ffat-lto-objects\000"
 720      66756E63 
 720      74696F6E 
 720      2D736563 
 720      74696F6E 
 721              	.LASF29:
 722 00b8 48616E64 		.ascii	"Handle_Encoder_Cnt16_Stop\000"
 722      6C655F45 
 722      6E636F64 
ARM GAS  C:\Users\jon\AppData\Local\Temp\cciOqq6i.s 			page 17


 722      65725F43 
 722      6E743136 
 723              	.LASF3:
 724 00d2 73686F72 		.ascii	"short unsigned int\000"
 724      7420756E 
 724      7369676E 
 724      65642069 
 724      6E7400
 725              	.LASF32:
 726 00e5 47656E65 		.ascii	"Generated_Source\\PSoC5\\Handle_Encoder_Cnt16_PM.c\000"
 726      72617465 
 726      645F536F 
 726      75726365 
 726      5C50536F 
 727              	.LASF18:
 728 0116 436F756E 		.ascii	"CounterUdb\000"
 728      74657255 
 728      646200
 729              	.LASF19:
 730 0121 436F756E 		.ascii	"CounterControlRegister\000"
 730      74657243 
 730      6F6E7472 
 730      6F6C5265 
 730      67697374 
 731              	.LASF34:
 732 0138 48616E64 		.ascii	"Handle_Encoder_Cnt16_backup\000"
 732      6C655F45 
 732      6E636F64 
 732      65725F43 
 732      6E743136 
 733              	.LASF20:
 734 0154 48616E64 		.ascii	"Handle_Encoder_Cnt16_backupStruct\000"
 734      6C655F45 
 734      6E636F64 
 734      65725F43 
 734      6E743136 
 735              	.LASF11:
 736 0176 666C6F61 		.ascii	"float\000"
 736      7400
 737              	.LASF1:
 738 017c 756E7369 		.ascii	"unsigned char\000"
 738      676E6564 
 738      20636861 
 738      7200
 739              	.LASF21:
 740 018a 48616E64 		.ascii	"Handle_Encoder_Cnt16_SaveConfig\000"
 740      6C655F45 
 740      6E636F64 
 740      65725F43 
 740      6E743136 
 741              	.LASF14:
 742 01aa 72656738 		.ascii	"reg8\000"
 742      00
 743              	.LASF23:
 744 01af 48616E64 		.ascii	"Handle_Encoder_Cnt16_Sleep\000"
 744      6C655F45 
 744      6E636F64 
ARM GAS  C:\Users\jon\AppData\Local\Temp\cciOqq6i.s 			page 18


 744      65725F43 
 744      6E743136 
 745              	.LASF5:
 746 01ca 6C6F6E67 		.ascii	"long unsigned int\000"
 746      20756E73 
 746      69676E65 
 746      6420696E 
 746      7400
 747              	.LASF22:
 748 01dc 48616E64 		.ascii	"Handle_Encoder_Cnt16_RestoreConfig\000"
 748      6C655F45 
 748      6E636F64 
 748      65725F43 
 748      6E743136 
 749              	.LASF9:
 750 01ff 75696E74 		.ascii	"uint8\000"
 750      3800
 751              	.LASF26:
 752 0205 48616E64 		.ascii	"Handle_Encoder_Cnt16_ReadControlRegister\000"
 752      6C655F45 
 752      6E636F64 
 752      65725F43 
 752      6E743136 
 753              	.LASF12:
 754 022e 646F7562 		.ascii	"double\000"
 754      6C6500
 755              	.LASF10:
 756 0235 75696E74 		.ascii	"uint16\000"
 756      313600
 757              	.LASF8:
 758 023c 756E7369 		.ascii	"unsigned int\000"
 758      676E6564 
 758      20696E74 
 758      00
 759              	.LASF7:
 760 0249 6C6F6E67 		.ascii	"long long unsigned int\000"
 760      206C6F6E 
 760      6720756E 
 760      7369676E 
 760      65642069 
 761              	.LASF25:
 762 0260 48616E64 		.ascii	"Handle_Encoder_Cnt16_ReadCounter\000"
 762      6C655F45 
 762      6E636F64 
 762      65725F43 
 762      6E743136 
 763              	.LASF16:
 764 0281 73697A65 		.ascii	"sizetype\000"
 764      74797065 
 764      00
 765              	.LASF17:
 766 028a 436F756E 		.ascii	"CounterEnableState\000"
 766      74657245 
 766      6E61626C 
 766      65537461 
 766      746500
 767              	.LASF6:
ARM GAS  C:\Users\jon\AppData\Local\Temp\cciOqq6i.s 			page 19


 768 029d 6C6F6E67 		.ascii	"long long int\000"
 768      206C6F6E 
 768      6720696E 
 768      7400
 769              	.LASF13:
 770 02ab 63686172 		.ascii	"char\000"
 770      00
 771              	.LASF2:
 772 02b0 73686F72 		.ascii	"short int\000"
 772      7420696E 
 772      7400
 773              	.LASF27:
 774 02ba 48616E64 		.ascii	"Handle_Encoder_Cnt16_WriteCounter\000"
 774      6C655F45 
 774      6E636F64 
 774      65725F43 
 774      6E743136 
 775              	.LASF24:
 776 02dc 48616E64 		.ascii	"Handle_Encoder_Cnt16_Wakeup\000"
 776      6C655F45 
 776      6E636F64 
 776      65725F43 
 776      6E743136 
 777              	.LASF4:
 778 02f8 6C6F6E67 		.ascii	"long int\000"
 778      20696E74 
 778      00
 779              	.LASF30:
 780 0301 48616E64 		.ascii	"Handle_Encoder_Cnt16_Enable\000"
 780      6C655F45 
 780      6E636F64 
 780      65725F43 
 780      6E743136 
 781              	.LASF15:
 782 031d 6C6F6E67 		.ascii	"long double\000"
 782      20646F75 
 782      626C6500 
 783              	.LASF0:
 784 0329 7369676E 		.ascii	"signed char\000"
 784      65642063 
 784      68617200 
 785              	.LASF33:
 786 0335 433A5C55 		.ascii	"C:\\Users\\jon\\Sync\\Research\\PSoC Projects\\Cont"
 786      73657273 
 786      5C6A6F6E 
 786      5C53796E 
 786      635C5265 
 787 0362 726F6C6C 		.ascii	"roller.cydsn\000"
 787      65722E63 
 787      7964736E 
 787      00
 788              		.ident	"GCC: (GNU Tools for ARM Embedded Processors) 5.4.1 20160609 (release) [ARM/embedded-5-bran
