ARM GAS  C:\Users\jon\AppData\Local\Temp\ccnkEyio.s 			page 1


   1              		.syntax unified
   2              		.cpu cortex-m3
   3              		.fpu softvfp
   4              		.eabi_attribute 20, 1
   5              		.eabi_attribute 21, 1
   6              		.eabi_attribute 23, 3
   7              		.eabi_attribute 24, 1
   8              		.eabi_attribute 25, 1
   9              		.eabi_attribute 26, 1
  10              		.eabi_attribute 30, 2
  11              		.eabi_attribute 34, 1
  12              		.eabi_attribute 18, 4
  13              		.thumb
  14              		.syntax unified
  15              		.file	"Opamp_Throttle_PM.c"
  16              		.text
  17              	.Ltext0:
  18              		.cfi_sections	.debug_frame
  19              		.section	.text.Opamp_Throttle_SaveConfig,"ax",%progbits
  20              		.align	2
  21              		.global	Opamp_Throttle_SaveConfig
  22              		.thumb
  23              		.thumb_func
  24              		.type	Opamp_Throttle_SaveConfig, %function
  25              	Opamp_Throttle_SaveConfig:
  26              	.LFB5:
  27              		.cfi_startproc
  28              		@ args = 0, pretend = 0, frame = 0
  29              		@ frame_needed = 0, uses_anonymous_args = 0
  30              		@ link register save eliminated.
  31 0000 7047     		bx	lr
  32              		.cfi_endproc
  33              	.LFE5:
  34              		.size	Opamp_Throttle_SaveConfig, .-Opamp_Throttle_SaveConfig
  35 0002 00BF     		.section	.text.Opamp_Throttle_RestoreConfig,"ax",%progbits
  36              		.align	2
  37              		.global	Opamp_Throttle_RestoreConfig
  38              		.thumb
  39              		.thumb_func
  40              		.type	Opamp_Throttle_RestoreConfig, %function
  41              	Opamp_Throttle_RestoreConfig:
  42              	.LFB1:
  43              		.file 1 "Generated_Source\\PSoC5\\Opamp_Throttle_PM.c"
   1:Generated_Source\PSoC5/Opamp_Throttle_PM.c **** /*******************************************************************************
   2:Generated_Source\PSoC5/Opamp_Throttle_PM.c **** * File Name: Opamp_Throttle_PM.c
   3:Generated_Source\PSoC5/Opamp_Throttle_PM.c **** * Version 1.90
   4:Generated_Source\PSoC5/Opamp_Throttle_PM.c **** *
   5:Generated_Source\PSoC5/Opamp_Throttle_PM.c **** * Description:
   6:Generated_Source\PSoC5/Opamp_Throttle_PM.c **** *  This file provides the power management source code to the API for the 
   7:Generated_Source\PSoC5/Opamp_Throttle_PM.c **** *  OpAmp (Analog Buffer) component.
   8:Generated_Source\PSoC5/Opamp_Throttle_PM.c **** *
   9:Generated_Source\PSoC5/Opamp_Throttle_PM.c **** * Note:
  10:Generated_Source\PSoC5/Opamp_Throttle_PM.c **** *
  11:Generated_Source\PSoC5/Opamp_Throttle_PM.c **** ********************************************************************************
  12:Generated_Source\PSoC5/Opamp_Throttle_PM.c **** * Copyright 2008-2012, Cypress Semiconductor Corporation.  All rights reserved.
  13:Generated_Source\PSoC5/Opamp_Throttle_PM.c **** * You may use this file only in accordance with the license, terms, conditions, 
  14:Generated_Source\PSoC5/Opamp_Throttle_PM.c **** * disclaimers, and limitations in the end user license agreement accompanying 
ARM GAS  C:\Users\jon\AppData\Local\Temp\ccnkEyio.s 			page 2


  15:Generated_Source\PSoC5/Opamp_Throttle_PM.c **** * the software package with which this file was provided.
  16:Generated_Source\PSoC5/Opamp_Throttle_PM.c **** *******************************************************************************/
  17:Generated_Source\PSoC5/Opamp_Throttle_PM.c **** 
  18:Generated_Source\PSoC5/Opamp_Throttle_PM.c **** #include "Opamp_Throttle.h"
  19:Generated_Source\PSoC5/Opamp_Throttle_PM.c **** 
  20:Generated_Source\PSoC5/Opamp_Throttle_PM.c **** static Opamp_Throttle_BACKUP_STRUCT  Opamp_Throttle_backup;
  21:Generated_Source\PSoC5/Opamp_Throttle_PM.c **** 
  22:Generated_Source\PSoC5/Opamp_Throttle_PM.c **** 
  23:Generated_Source\PSoC5/Opamp_Throttle_PM.c **** /*******************************************************************************  
  24:Generated_Source\PSoC5/Opamp_Throttle_PM.c **** * Function Name: Opamp_Throttle_SaveConfig
  25:Generated_Source\PSoC5/Opamp_Throttle_PM.c **** ********************************************************************************
  26:Generated_Source\PSoC5/Opamp_Throttle_PM.c **** *
  27:Generated_Source\PSoC5/Opamp_Throttle_PM.c **** * Summary:
  28:Generated_Source\PSoC5/Opamp_Throttle_PM.c **** *  Saves the current user configuration registers.
  29:Generated_Source\PSoC5/Opamp_Throttle_PM.c **** * 
  30:Generated_Source\PSoC5/Opamp_Throttle_PM.c **** * Parameters:
  31:Generated_Source\PSoC5/Opamp_Throttle_PM.c **** *  void
  32:Generated_Source\PSoC5/Opamp_Throttle_PM.c **** * 
  33:Generated_Source\PSoC5/Opamp_Throttle_PM.c **** * Return:
  34:Generated_Source\PSoC5/Opamp_Throttle_PM.c **** *  void
  35:Generated_Source\PSoC5/Opamp_Throttle_PM.c **** *
  36:Generated_Source\PSoC5/Opamp_Throttle_PM.c **** *******************************************************************************/
  37:Generated_Source\PSoC5/Opamp_Throttle_PM.c **** void Opamp_Throttle_SaveConfig(void) 
  38:Generated_Source\PSoC5/Opamp_Throttle_PM.c **** {
  39:Generated_Source\PSoC5/Opamp_Throttle_PM.c ****     /* Nothing to save as registers are System reset on retention flops */
  40:Generated_Source\PSoC5/Opamp_Throttle_PM.c **** }
  41:Generated_Source\PSoC5/Opamp_Throttle_PM.c **** 
  42:Generated_Source\PSoC5/Opamp_Throttle_PM.c **** 
  43:Generated_Source\PSoC5/Opamp_Throttle_PM.c **** /*******************************************************************************  
  44:Generated_Source\PSoC5/Opamp_Throttle_PM.c **** * Function Name: Opamp_Throttle_RestoreConfig
  45:Generated_Source\PSoC5/Opamp_Throttle_PM.c **** ********************************************************************************
  46:Generated_Source\PSoC5/Opamp_Throttle_PM.c **** *
  47:Generated_Source\PSoC5/Opamp_Throttle_PM.c **** * Summary:
  48:Generated_Source\PSoC5/Opamp_Throttle_PM.c **** *  Restores the current user configuration registers.
  49:Generated_Source\PSoC5/Opamp_Throttle_PM.c **** *
  50:Generated_Source\PSoC5/Opamp_Throttle_PM.c **** * Parameters:
  51:Generated_Source\PSoC5/Opamp_Throttle_PM.c **** *  void
  52:Generated_Source\PSoC5/Opamp_Throttle_PM.c **** *
  53:Generated_Source\PSoC5/Opamp_Throttle_PM.c **** * Return:
  54:Generated_Source\PSoC5/Opamp_Throttle_PM.c **** *  void
  55:Generated_Source\PSoC5/Opamp_Throttle_PM.c **** *
  56:Generated_Source\PSoC5/Opamp_Throttle_PM.c **** *******************************************************************************/
  57:Generated_Source\PSoC5/Opamp_Throttle_PM.c **** void Opamp_Throttle_RestoreConfig(void) 
  58:Generated_Source\PSoC5/Opamp_Throttle_PM.c **** {
  44              		.loc 1 58 0
  45              		.cfi_startproc
  46              		@ args = 0, pretend = 0, frame = 0
  47              		@ frame_needed = 0, uses_anonymous_args = 0
  48              		@ link register save eliminated.
  49 0000 7047     		bx	lr
  50              		.cfi_endproc
  51              	.LFE1:
  52              		.size	Opamp_Throttle_RestoreConfig, .-Opamp_Throttle_RestoreConfig
  53 0002 00BF     		.section	.text.Opamp_Throttle_Sleep,"ax",%progbits
  54              		.align	2
  55              		.global	Opamp_Throttle_Sleep
  56              		.thumb
ARM GAS  C:\Users\jon\AppData\Local\Temp\ccnkEyio.s 			page 3


  57              		.thumb_func
  58              		.type	Opamp_Throttle_Sleep, %function
  59              	Opamp_Throttle_Sleep:
  60              	.LFB2:
  59:Generated_Source\PSoC5/Opamp_Throttle_PM.c ****     /* Nothing to restore */
  60:Generated_Source\PSoC5/Opamp_Throttle_PM.c **** }
  61:Generated_Source\PSoC5/Opamp_Throttle_PM.c **** 
  62:Generated_Source\PSoC5/Opamp_Throttle_PM.c **** 
  63:Generated_Source\PSoC5/Opamp_Throttle_PM.c **** /*******************************************************************************   
  64:Generated_Source\PSoC5/Opamp_Throttle_PM.c **** * Function Name: Opamp_Throttle_Sleep
  65:Generated_Source\PSoC5/Opamp_Throttle_PM.c **** ********************************************************************************
  66:Generated_Source\PSoC5/Opamp_Throttle_PM.c **** *
  67:Generated_Source\PSoC5/Opamp_Throttle_PM.c **** * Summary:
  68:Generated_Source\PSoC5/Opamp_Throttle_PM.c **** *  Disables block's operation and saves its configuration. Should be called 
  69:Generated_Source\PSoC5/Opamp_Throttle_PM.c **** *  just prior to entering sleep.
  70:Generated_Source\PSoC5/Opamp_Throttle_PM.c **** *
  71:Generated_Source\PSoC5/Opamp_Throttle_PM.c **** * Parameters:
  72:Generated_Source\PSoC5/Opamp_Throttle_PM.c **** *  void
  73:Generated_Source\PSoC5/Opamp_Throttle_PM.c **** *
  74:Generated_Source\PSoC5/Opamp_Throttle_PM.c **** * Return:
  75:Generated_Source\PSoC5/Opamp_Throttle_PM.c **** *  void
  76:Generated_Source\PSoC5/Opamp_Throttle_PM.c **** *
  77:Generated_Source\PSoC5/Opamp_Throttle_PM.c **** * Global variables:
  78:Generated_Source\PSoC5/Opamp_Throttle_PM.c **** *  Opamp_Throttle_backup: The structure field 'enableState' is modified 
  79:Generated_Source\PSoC5/Opamp_Throttle_PM.c **** *  depending on the enable state of the block before entering to sleep mode.
  80:Generated_Source\PSoC5/Opamp_Throttle_PM.c **** *
  81:Generated_Source\PSoC5/Opamp_Throttle_PM.c **** *******************************************************************************/
  82:Generated_Source\PSoC5/Opamp_Throttle_PM.c **** void Opamp_Throttle_Sleep(void) 
  83:Generated_Source\PSoC5/Opamp_Throttle_PM.c **** {
  61              		.loc 1 83 0
  62              		.cfi_startproc
  63              		@ args = 0, pretend = 0, frame = 0
  64              		@ frame_needed = 0, uses_anonymous_args = 0
  65              		@ link register save eliminated.
  84:Generated_Source\PSoC5/Opamp_Throttle_PM.c ****     /* Save OpAmp enable state */
  85:Generated_Source\PSoC5/Opamp_Throttle_PM.c ****     if((Opamp_Throttle_PM_ACT_CFG_REG & Opamp_Throttle_ACT_PWR_EN) != 0u)
  66              		.loc 1 85 0
  67 0000 074B     		ldr	r3, .L7
  68 0002 1B78     		ldrb	r3, [r3]	@ zero_extendqisi2
  69 0004 03F00803 		and	r3, r3, #8
  70 0008 03F0FF02 		and	r2, r3, #255
  71 000c 13B9     		cbnz	r3, .L6
  86:Generated_Source\PSoC5/Opamp_Throttle_PM.c ****     {
  87:Generated_Source\PSoC5/Opamp_Throttle_PM.c ****         /* Component is enabled */
  88:Generated_Source\PSoC5/Opamp_Throttle_PM.c ****         Opamp_Throttle_backup.enableState = 1u;
  89:Generated_Source\PSoC5/Opamp_Throttle_PM.c ****          /* Stops the component */
  90:Generated_Source\PSoC5/Opamp_Throttle_PM.c ****          Opamp_Throttle_Stop();
  91:Generated_Source\PSoC5/Opamp_Throttle_PM.c ****     }
  92:Generated_Source\PSoC5/Opamp_Throttle_PM.c ****     else
  93:Generated_Source\PSoC5/Opamp_Throttle_PM.c ****     {
  94:Generated_Source\PSoC5/Opamp_Throttle_PM.c ****         /* Component is disabled */
  95:Generated_Source\PSoC5/Opamp_Throttle_PM.c ****         Opamp_Throttle_backup.enableState = 0u;
  72              		.loc 1 95 0
  73 000e 054B     		ldr	r3, .L7+4
  74 0010 1A70     		strb	r2, [r3]
  75 0012 7047     		bx	lr
  76              	.L6:
ARM GAS  C:\Users\jon\AppData\Local\Temp\ccnkEyio.s 			page 4


  88:Generated_Source\PSoC5/Opamp_Throttle_PM.c ****          /* Stops the component */
  77              		.loc 1 88 0
  78 0014 034B     		ldr	r3, .L7+4
  79 0016 0122     		movs	r2, #1
  80 0018 1A70     		strb	r2, [r3]
  90:Generated_Source\PSoC5/Opamp_Throttle_PM.c ****     }
  81              		.loc 1 90 0
  82 001a FFF7FEBF 		b	Opamp_Throttle_Stop
  83              	.LVL0:
  84              	.L8:
  85 001e 00BF     		.align	2
  86              	.L7:
  87 0020 A4430040 		.word	1073759140
  88 0024 00000000 		.word	.LANCHOR0
  89              		.cfi_endproc
  90              	.LFE2:
  91              		.size	Opamp_Throttle_Sleep, .-Opamp_Throttle_Sleep
  92              		.section	.text.Opamp_Throttle_Wakeup,"ax",%progbits
  93              		.align	2
  94              		.global	Opamp_Throttle_Wakeup
  95              		.thumb
  96              		.thumb_func
  97              		.type	Opamp_Throttle_Wakeup, %function
  98              	Opamp_Throttle_Wakeup:
  99              	.LFB3:
  96:Generated_Source\PSoC5/Opamp_Throttle_PM.c ****     }
  97:Generated_Source\PSoC5/Opamp_Throttle_PM.c ****     /* Saves the configuration */
  98:Generated_Source\PSoC5/Opamp_Throttle_PM.c ****     Opamp_Throttle_SaveConfig();
  99:Generated_Source\PSoC5/Opamp_Throttle_PM.c **** }
 100:Generated_Source\PSoC5/Opamp_Throttle_PM.c **** 
 101:Generated_Source\PSoC5/Opamp_Throttle_PM.c **** 
 102:Generated_Source\PSoC5/Opamp_Throttle_PM.c **** /*******************************************************************************  
 103:Generated_Source\PSoC5/Opamp_Throttle_PM.c **** * Function Name: Opamp_Throttle_Wakeup
 104:Generated_Source\PSoC5/Opamp_Throttle_PM.c **** ********************************************************************************
 105:Generated_Source\PSoC5/Opamp_Throttle_PM.c **** *
 106:Generated_Source\PSoC5/Opamp_Throttle_PM.c **** * Summary:
 107:Generated_Source\PSoC5/Opamp_Throttle_PM.c **** *  Enables block's operation and restores its configuration. Should be called
 108:Generated_Source\PSoC5/Opamp_Throttle_PM.c **** *  just after awaking from sleep.
 109:Generated_Source\PSoC5/Opamp_Throttle_PM.c **** *
 110:Generated_Source\PSoC5/Opamp_Throttle_PM.c **** * Parameters:
 111:Generated_Source\PSoC5/Opamp_Throttle_PM.c **** *  void
 112:Generated_Source\PSoC5/Opamp_Throttle_PM.c **** *
 113:Generated_Source\PSoC5/Opamp_Throttle_PM.c **** * Return:
 114:Generated_Source\PSoC5/Opamp_Throttle_PM.c **** *  void
 115:Generated_Source\PSoC5/Opamp_Throttle_PM.c **** *
 116:Generated_Source\PSoC5/Opamp_Throttle_PM.c **** * Global variables:
 117:Generated_Source\PSoC5/Opamp_Throttle_PM.c **** *  Opamp_Throttle_backup: The structure field 'enableState' is used to 
 118:Generated_Source\PSoC5/Opamp_Throttle_PM.c **** *  restore the enable state of block after wakeup from sleep mode.
 119:Generated_Source\PSoC5/Opamp_Throttle_PM.c **** *
 120:Generated_Source\PSoC5/Opamp_Throttle_PM.c **** *******************************************************************************/
 121:Generated_Source\PSoC5/Opamp_Throttle_PM.c **** void Opamp_Throttle_Wakeup(void) 
 122:Generated_Source\PSoC5/Opamp_Throttle_PM.c **** {
 100              		.loc 1 122 0
 101              		.cfi_startproc
 102              		@ args = 0, pretend = 0, frame = 0
 103              		@ frame_needed = 0, uses_anonymous_args = 0
 104              		@ link register save eliminated.
ARM GAS  C:\Users\jon\AppData\Local\Temp\ccnkEyio.s 			page 5


 123:Generated_Source\PSoC5/Opamp_Throttle_PM.c ****     /* Restore the user configuration */
 124:Generated_Source\PSoC5/Opamp_Throttle_PM.c ****     Opamp_Throttle_RestoreConfig();
 125:Generated_Source\PSoC5/Opamp_Throttle_PM.c **** 
 126:Generated_Source\PSoC5/Opamp_Throttle_PM.c ****     /* Enables the component operation */
 127:Generated_Source\PSoC5/Opamp_Throttle_PM.c ****     if(Opamp_Throttle_backup.enableState == 1u)
 105              		.loc 1 127 0
 106 0000 034B     		ldr	r3, .L12
 107 0002 1B78     		ldrb	r3, [r3]	@ zero_extendqisi2
 108 0004 012B     		cmp	r3, #1
 109 0006 00D0     		beq	.L11
 110 0008 7047     		bx	lr
 111              	.L11:
 128:Generated_Source\PSoC5/Opamp_Throttle_PM.c ****     {
 129:Generated_Source\PSoC5/Opamp_Throttle_PM.c ****         Opamp_Throttle_Enable();
 112              		.loc 1 129 0
 113 000a FFF7FEBF 		b	Opamp_Throttle_Enable
 114              	.LVL1:
 115              	.L13:
 116 000e 00BF     		.align	2
 117              	.L12:
 118 0010 00000000 		.word	.LANCHOR0
 119              		.cfi_endproc
 120              	.LFE3:
 121              		.size	Opamp_Throttle_Wakeup, .-Opamp_Throttle_Wakeup
 122              		.bss
 123              		.align	2
 124              		.set	.LANCHOR0,. + 0
 125              		.type	Opamp_Throttle_backup, %object
 126              		.size	Opamp_Throttle_backup, 1
 127              	Opamp_Throttle_backup:
 128 0000 00       		.space	1
 129              		.text
 130              	.Letext0:
 131              		.file 2 "Generated_Source\\PSoC5\\cytypes.h"
 132              		.file 3 "Generated_Source\\PSoC5\\Opamp_Throttle.h"
 133              		.section	.debug_info,"",%progbits
 134              	.Ldebug_info0:
 135 0000 4C010000 		.4byte	0x14c
 136 0004 0400     		.2byte	0x4
 137 0006 00000000 		.4byte	.Ldebug_abbrev0
 138 000a 04       		.byte	0x4
 139 000b 01       		.uleb128 0x1
 140 000c 0D010000 		.4byte	.LASF23
 141 0010 0C       		.byte	0xc
 142 0011 BA000000 		.4byte	.LASF24
 143 0015 05020000 		.4byte	.LASF25
 144 0019 00000000 		.4byte	.Ldebug_ranges0+0
 145 001d 00000000 		.4byte	0
 146 0021 00000000 		.4byte	.Ldebug_line0
 147 0025 02       		.uleb128 0x2
 148 0026 01       		.byte	0x1
 149 0027 06       		.byte	0x6
 150 0028 ED010000 		.4byte	.LASF0
 151 002c 02       		.uleb128 0x2
 152 002d 01       		.byte	0x1
 153 002e 08       		.byte	0x8
 154 002f FF000000 		.4byte	.LASF1
ARM GAS  C:\Users\jon\AppData\Local\Temp\ccnkEyio.s 			page 6


 155 0033 02       		.uleb128 0x2
 156 0034 02       		.byte	0x2
 157 0035 05       		.byte	0x5
 158 0036 3F020000 		.4byte	.LASF2
 159 003a 02       		.uleb128 0x2
 160 003b 02       		.byte	0x2
 161 003c 07       		.byte	0x7
 162 003d DA010000 		.4byte	.LASF3
 163 0041 02       		.uleb128 0x2
 164 0042 04       		.byte	0x4
 165 0043 05       		.byte	0x5
 166 0044 A0010000 		.4byte	.LASF4
 167 0048 02       		.uleb128 0x2
 168 0049 04       		.byte	0x4
 169 004a 07       		.byte	0x7
 170 004b 5F000000 		.4byte	.LASF5
 171 004f 02       		.uleb128 0x2
 172 0050 08       		.byte	0x8
 173 0051 05       		.byte	0x5
 174 0052 00000000 		.4byte	.LASF6
 175 0056 02       		.uleb128 0x2
 176 0057 08       		.byte	0x8
 177 0058 07       		.byte	0x7
 178 0059 71000000 		.4byte	.LASF7
 179 005d 03       		.uleb128 0x3
 180 005e 04       		.byte	0x4
 181 005f 05       		.byte	0x5
 182 0060 696E7400 		.ascii	"int\000"
 183 0064 02       		.uleb128 0x2
 184 0065 04       		.byte	0x4
 185 0066 07       		.byte	0x7
 186 0067 1A000000 		.4byte	.LASF8
 187 006b 04       		.uleb128 0x4
 188 006c 59000000 		.4byte	.LASF12
 189 0070 02       		.byte	0x2
 190 0071 E401     		.2byte	0x1e4
 191 0073 2C000000 		.4byte	0x2c
 192 0077 02       		.uleb128 0x2
 193 0078 04       		.byte	0x4
 194 0079 04       		.byte	0x4
 195 007a B4000000 		.4byte	.LASF9
 196 007e 02       		.uleb128 0x2
 197 007f 08       		.byte	0x8
 198 0080 04       		.byte	0x4
 199 0081 BD010000 		.4byte	.LASF10
 200 0085 02       		.uleb128 0x2
 201 0086 01       		.byte	0x1
 202 0087 08       		.byte	0x8
 203 0088 9B010000 		.4byte	.LASF11
 204 008c 04       		.uleb128 0x4
 205 008d 49020000 		.4byte	.LASF13
 206 0091 02       		.byte	0x2
 207 0092 8E02     		.2byte	0x28e
 208 0094 98000000 		.4byte	0x98
 209 0098 05       		.uleb128 0x5
 210 0099 6B000000 		.4byte	0x6b
 211 009d 02       		.uleb128 0x2
ARM GAS  C:\Users\jon\AppData\Local\Temp\ccnkEyio.s 			page 7


 212 009e 08       		.byte	0x8
 213 009f 04       		.byte	0x4
 214 00a0 F9010000 		.4byte	.LASF14
 215 00a4 02       		.uleb128 0x2
 216 00a5 04       		.byte	0x4
 217 00a6 07       		.byte	0x7
 218 00a7 6B020000 		.4byte	.LASF15
 219 00ab 06       		.uleb128 0x6
 220 00ac 01       		.byte	0x1
 221 00ad 03       		.byte	0x3
 222 00ae 26       		.byte	0x26
 223 00af C0000000 		.4byte	0xc0
 224 00b3 07       		.uleb128 0x7
 225 00b4 0E000000 		.4byte	.LASF26
 226 00b8 03       		.byte	0x3
 227 00b9 28       		.byte	0x28
 228 00ba 6B000000 		.4byte	0x6b
 229 00be 00       		.byte	0
 230 00bf 00       		.byte	0
 231 00c0 08       		.uleb128 0x8
 232 00c1 4E020000 		.4byte	.LASF16
 233 00c5 03       		.byte	0x3
 234 00c6 29       		.byte	0x29
 235 00c7 AB000000 		.4byte	0xab
 236 00cb 09       		.uleb128 0x9
 237 00cc E5000000 		.4byte	.LASF17
 238 00d0 01       		.byte	0x1
 239 00d1 25       		.byte	0x25
 240 00d2 01       		.byte	0x1
 241 00d3 09       		.uleb128 0x9
 242 00d4 27000000 		.4byte	.LASF18
 243 00d8 01       		.byte	0x1
 244 00d9 39       		.byte	0x39
 245 00da 01       		.byte	0x1
 246 00db 0A       		.uleb128 0xa
 247 00dc D3000000 		.4byte	0xd3
 248 00e0 00000000 		.4byte	.LFB1
 249 00e4 02000000 		.4byte	.LFE1-.LFB1
 250 00e8 01       		.uleb128 0x1
 251 00e9 9C       		.byte	0x9c
 252 00ea 0B       		.uleb128 0xb
 253 00eb 44000000 		.4byte	.LASF19
 254 00ef 01       		.byte	0x1
 255 00f0 52       		.byte	0x52
 256 00f1 00000000 		.4byte	.LFB2
 257 00f5 28000000 		.4byte	.LFE2-.LFB2
 258 00f9 01       		.uleb128 0x1
 259 00fa 9C       		.byte	0x9c
 260 00fb 09010000 		.4byte	0x109
 261 00ff 0C       		.uleb128 0xc
 262 0100 1E000000 		.4byte	.LVL0
 263 0104 39010000 		.4byte	0x139
 264 0108 00       		.byte	0
 265 0109 0B       		.uleb128 0xb
 266 010a 9E000000 		.4byte	.LASF20
 267 010e 01       		.byte	0x1
 268 010f 79       		.byte	0x79
ARM GAS  C:\Users\jon\AppData\Local\Temp\ccnkEyio.s 			page 8


 269 0110 00000000 		.4byte	.LFB3
 270 0114 14000000 		.4byte	.LFE3-.LFB3
 271 0118 01       		.uleb128 0x1
 272 0119 9C       		.byte	0x9c
 273 011a 28010000 		.4byte	0x128
 274 011e 0C       		.uleb128 0xc
 275 011f 0E000000 		.4byte	.LVL1
 276 0123 44010000 		.4byte	0x144
 277 0127 00       		.byte	0
 278 0128 0D       		.uleb128 0xd
 279 0129 88000000 		.4byte	.LASF27
 280 012d 01       		.byte	0x1
 281 012e 14       		.byte	0x14
 282 012f C0000000 		.4byte	0xc0
 283 0133 05       		.uleb128 0x5
 284 0134 03       		.byte	0x3
 285 0135 00000000 		.4byte	Opamp_Throttle_backup
 286 0139 0E       		.uleb128 0xe
 287 013a A9010000 		.4byte	.LASF21
 288 013e A9010000 		.4byte	.LASF21
 289 0142 03       		.byte	0x3
 290 0143 34       		.byte	0x34
 291 0144 0E       		.uleb128 0xe
 292 0145 C4010000 		.4byte	.LASF22
 293 0149 C4010000 		.4byte	.LASF22
 294 014d 03       		.byte	0x3
 295 014e 3B       		.byte	0x3b
 296 014f 00       		.byte	0
 297              		.section	.debug_abbrev,"",%progbits
 298              	.Ldebug_abbrev0:
 299 0000 01       		.uleb128 0x1
 300 0001 11       		.uleb128 0x11
 301 0002 01       		.byte	0x1
 302 0003 25       		.uleb128 0x25
 303 0004 0E       		.uleb128 0xe
 304 0005 13       		.uleb128 0x13
 305 0006 0B       		.uleb128 0xb
 306 0007 03       		.uleb128 0x3
 307 0008 0E       		.uleb128 0xe
 308 0009 1B       		.uleb128 0x1b
 309 000a 0E       		.uleb128 0xe
 310 000b 55       		.uleb128 0x55
 311 000c 17       		.uleb128 0x17
 312 000d 11       		.uleb128 0x11
 313 000e 01       		.uleb128 0x1
 314 000f 10       		.uleb128 0x10
 315 0010 17       		.uleb128 0x17
 316 0011 00       		.byte	0
 317 0012 00       		.byte	0
 318 0013 02       		.uleb128 0x2
 319 0014 24       		.uleb128 0x24
 320 0015 00       		.byte	0
 321 0016 0B       		.uleb128 0xb
 322 0017 0B       		.uleb128 0xb
 323 0018 3E       		.uleb128 0x3e
 324 0019 0B       		.uleb128 0xb
 325 001a 03       		.uleb128 0x3
ARM GAS  C:\Users\jon\AppData\Local\Temp\ccnkEyio.s 			page 9


 326 001b 0E       		.uleb128 0xe
 327 001c 00       		.byte	0
 328 001d 00       		.byte	0
 329 001e 03       		.uleb128 0x3
 330 001f 24       		.uleb128 0x24
 331 0020 00       		.byte	0
 332 0021 0B       		.uleb128 0xb
 333 0022 0B       		.uleb128 0xb
 334 0023 3E       		.uleb128 0x3e
 335 0024 0B       		.uleb128 0xb
 336 0025 03       		.uleb128 0x3
 337 0026 08       		.uleb128 0x8
 338 0027 00       		.byte	0
 339 0028 00       		.byte	0
 340 0029 04       		.uleb128 0x4
 341 002a 16       		.uleb128 0x16
 342 002b 00       		.byte	0
 343 002c 03       		.uleb128 0x3
 344 002d 0E       		.uleb128 0xe
 345 002e 3A       		.uleb128 0x3a
 346 002f 0B       		.uleb128 0xb
 347 0030 3B       		.uleb128 0x3b
 348 0031 05       		.uleb128 0x5
 349 0032 49       		.uleb128 0x49
 350 0033 13       		.uleb128 0x13
 351 0034 00       		.byte	0
 352 0035 00       		.byte	0
 353 0036 05       		.uleb128 0x5
 354 0037 35       		.uleb128 0x35
 355 0038 00       		.byte	0
 356 0039 49       		.uleb128 0x49
 357 003a 13       		.uleb128 0x13
 358 003b 00       		.byte	0
 359 003c 00       		.byte	0
 360 003d 06       		.uleb128 0x6
 361 003e 13       		.uleb128 0x13
 362 003f 01       		.byte	0x1
 363 0040 0B       		.uleb128 0xb
 364 0041 0B       		.uleb128 0xb
 365 0042 3A       		.uleb128 0x3a
 366 0043 0B       		.uleb128 0xb
 367 0044 3B       		.uleb128 0x3b
 368 0045 0B       		.uleb128 0xb
 369 0046 01       		.uleb128 0x1
 370 0047 13       		.uleb128 0x13
 371 0048 00       		.byte	0
 372 0049 00       		.byte	0
 373 004a 07       		.uleb128 0x7
 374 004b 0D       		.uleb128 0xd
 375 004c 00       		.byte	0
 376 004d 03       		.uleb128 0x3
 377 004e 0E       		.uleb128 0xe
 378 004f 3A       		.uleb128 0x3a
 379 0050 0B       		.uleb128 0xb
 380 0051 3B       		.uleb128 0x3b
 381 0052 0B       		.uleb128 0xb
 382 0053 49       		.uleb128 0x49
ARM GAS  C:\Users\jon\AppData\Local\Temp\ccnkEyio.s 			page 10


 383 0054 13       		.uleb128 0x13
 384 0055 38       		.uleb128 0x38
 385 0056 0B       		.uleb128 0xb
 386 0057 00       		.byte	0
 387 0058 00       		.byte	0
 388 0059 08       		.uleb128 0x8
 389 005a 16       		.uleb128 0x16
 390 005b 00       		.byte	0
 391 005c 03       		.uleb128 0x3
 392 005d 0E       		.uleb128 0xe
 393 005e 3A       		.uleb128 0x3a
 394 005f 0B       		.uleb128 0xb
 395 0060 3B       		.uleb128 0x3b
 396 0061 0B       		.uleb128 0xb
 397 0062 49       		.uleb128 0x49
 398 0063 13       		.uleb128 0x13
 399 0064 00       		.byte	0
 400 0065 00       		.byte	0
 401 0066 09       		.uleb128 0x9
 402 0067 2E       		.uleb128 0x2e
 403 0068 00       		.byte	0
 404 0069 3F       		.uleb128 0x3f
 405 006a 19       		.uleb128 0x19
 406 006b 03       		.uleb128 0x3
 407 006c 0E       		.uleb128 0xe
 408 006d 3A       		.uleb128 0x3a
 409 006e 0B       		.uleb128 0xb
 410 006f 3B       		.uleb128 0x3b
 411 0070 0B       		.uleb128 0xb
 412 0071 27       		.uleb128 0x27
 413 0072 19       		.uleb128 0x19
 414 0073 20       		.uleb128 0x20
 415 0074 0B       		.uleb128 0xb
 416 0075 00       		.byte	0
 417 0076 00       		.byte	0
 418 0077 0A       		.uleb128 0xa
 419 0078 2E       		.uleb128 0x2e
 420 0079 00       		.byte	0
 421 007a 31       		.uleb128 0x31
 422 007b 13       		.uleb128 0x13
 423 007c 11       		.uleb128 0x11
 424 007d 01       		.uleb128 0x1
 425 007e 12       		.uleb128 0x12
 426 007f 06       		.uleb128 0x6
 427 0080 40       		.uleb128 0x40
 428 0081 18       		.uleb128 0x18
 429 0082 9742     		.uleb128 0x2117
 430 0084 19       		.uleb128 0x19
 431 0085 00       		.byte	0
 432 0086 00       		.byte	0
 433 0087 0B       		.uleb128 0xb
 434 0088 2E       		.uleb128 0x2e
 435 0089 01       		.byte	0x1
 436 008a 3F       		.uleb128 0x3f
 437 008b 19       		.uleb128 0x19
 438 008c 03       		.uleb128 0x3
 439 008d 0E       		.uleb128 0xe
ARM GAS  C:\Users\jon\AppData\Local\Temp\ccnkEyio.s 			page 11


 440 008e 3A       		.uleb128 0x3a
 441 008f 0B       		.uleb128 0xb
 442 0090 3B       		.uleb128 0x3b
 443 0091 0B       		.uleb128 0xb
 444 0092 27       		.uleb128 0x27
 445 0093 19       		.uleb128 0x19
 446 0094 11       		.uleb128 0x11
 447 0095 01       		.uleb128 0x1
 448 0096 12       		.uleb128 0x12
 449 0097 06       		.uleb128 0x6
 450 0098 40       		.uleb128 0x40
 451 0099 18       		.uleb128 0x18
 452 009a 9742     		.uleb128 0x2117
 453 009c 19       		.uleb128 0x19
 454 009d 01       		.uleb128 0x1
 455 009e 13       		.uleb128 0x13
 456 009f 00       		.byte	0
 457 00a0 00       		.byte	0
 458 00a1 0C       		.uleb128 0xc
 459 00a2 898201   		.uleb128 0x4109
 460 00a5 00       		.byte	0
 461 00a6 11       		.uleb128 0x11
 462 00a7 01       		.uleb128 0x1
 463 00a8 9542     		.uleb128 0x2115
 464 00aa 19       		.uleb128 0x19
 465 00ab 31       		.uleb128 0x31
 466 00ac 13       		.uleb128 0x13
 467 00ad 00       		.byte	0
 468 00ae 00       		.byte	0
 469 00af 0D       		.uleb128 0xd
 470 00b0 34       		.uleb128 0x34
 471 00b1 00       		.byte	0
 472 00b2 03       		.uleb128 0x3
 473 00b3 0E       		.uleb128 0xe
 474 00b4 3A       		.uleb128 0x3a
 475 00b5 0B       		.uleb128 0xb
 476 00b6 3B       		.uleb128 0x3b
 477 00b7 0B       		.uleb128 0xb
 478 00b8 49       		.uleb128 0x49
 479 00b9 13       		.uleb128 0x13
 480 00ba 02       		.uleb128 0x2
 481 00bb 18       		.uleb128 0x18
 482 00bc 00       		.byte	0
 483 00bd 00       		.byte	0
 484 00be 0E       		.uleb128 0xe
 485 00bf 2E       		.uleb128 0x2e
 486 00c0 00       		.byte	0
 487 00c1 3F       		.uleb128 0x3f
 488 00c2 19       		.uleb128 0x19
 489 00c3 3C       		.uleb128 0x3c
 490 00c4 19       		.uleb128 0x19
 491 00c5 6E       		.uleb128 0x6e
 492 00c6 0E       		.uleb128 0xe
 493 00c7 03       		.uleb128 0x3
 494 00c8 0E       		.uleb128 0xe
 495 00c9 3A       		.uleb128 0x3a
 496 00ca 0B       		.uleb128 0xb
ARM GAS  C:\Users\jon\AppData\Local\Temp\ccnkEyio.s 			page 12


 497 00cb 3B       		.uleb128 0x3b
 498 00cc 0B       		.uleb128 0xb
 499 00cd 00       		.byte	0
 500 00ce 00       		.byte	0
 501 00cf 00       		.byte	0
 502              		.section	.debug_aranges,"",%progbits
 503 0000 2C000000 		.4byte	0x2c
 504 0004 0200     		.2byte	0x2
 505 0006 00000000 		.4byte	.Ldebug_info0
 506 000a 04       		.byte	0x4
 507 000b 00       		.byte	0
 508 000c 0000     		.2byte	0
 509 000e 0000     		.2byte	0
 510 0010 00000000 		.4byte	.LFB1
 511 0014 02000000 		.4byte	.LFE1-.LFB1
 512 0018 00000000 		.4byte	.LFB2
 513 001c 28000000 		.4byte	.LFE2-.LFB2
 514 0020 00000000 		.4byte	.LFB3
 515 0024 14000000 		.4byte	.LFE3-.LFB3
 516 0028 00000000 		.4byte	0
 517 002c 00000000 		.4byte	0
 518              		.section	.debug_ranges,"",%progbits
 519              	.Ldebug_ranges0:
 520 0000 00000000 		.4byte	.LFB1
 521 0004 02000000 		.4byte	.LFE1
 522 0008 00000000 		.4byte	.LFB2
 523 000c 28000000 		.4byte	.LFE2
 524 0010 00000000 		.4byte	.LFB3
 525 0014 14000000 		.4byte	.LFE3
 526 0018 00000000 		.4byte	0
 527 001c 00000000 		.4byte	0
 528              		.section	.debug_line,"",%progbits
 529              	.Ldebug_line0:
 530 0000 A1000000 		.section	.debug_str,"MS",%progbits,1
 530      02006200 
 530      00000201 
 530      FB0E0D00 
 530      01010101 
 531              	.LASF6:
 532 0000 6C6F6E67 		.ascii	"long long int\000"
 532      206C6F6E 
 532      6720696E 
 532      7400
 533              	.LASF26:
 534 000e 656E6162 		.ascii	"enableState\000"
 534      6C655374 
 534      61746500 
 535              	.LASF8:
 536 001a 756E7369 		.ascii	"unsigned int\000"
 536      676E6564 
 536      20696E74 
 536      00
 537              	.LASF18:
 538 0027 4F70616D 		.ascii	"Opamp_Throttle_RestoreConfig\000"
 538      705F5468 
 538      726F7474 
 538      6C655F52 
ARM GAS  C:\Users\jon\AppData\Local\Temp\ccnkEyio.s 			page 13


 538      6573746F 
 539              	.LASF19:
 540 0044 4F70616D 		.ascii	"Opamp_Throttle_Sleep\000"
 540      705F5468 
 540      726F7474 
 540      6C655F53 
 540      6C656570 
 541              	.LASF12:
 542 0059 75696E74 		.ascii	"uint8\000"
 542      3800
 543              	.LASF5:
 544 005f 6C6F6E67 		.ascii	"long unsigned int\000"
 544      20756E73 
 544      69676E65 
 544      6420696E 
 544      7400
 545              	.LASF7:
 546 0071 6C6F6E67 		.ascii	"long long unsigned int\000"
 546      206C6F6E 
 546      6720756E 
 546      7369676E 
 546      65642069 
 547              	.LASF27:
 548 0088 4F70616D 		.ascii	"Opamp_Throttle_backup\000"
 548      705F5468 
 548      726F7474 
 548      6C655F62 
 548      61636B75 
 549              	.LASF20:
 550 009e 4F70616D 		.ascii	"Opamp_Throttle_Wakeup\000"
 550      705F5468 
 550      726F7474 
 550      6C655F57 
 550      616B6575 
 551              	.LASF9:
 552 00b4 666C6F61 		.ascii	"float\000"
 552      7400
 553              	.LASF24:
 554 00ba 47656E65 		.ascii	"Generated_Source\\PSoC5\\Opamp_Throttle_PM.c\000"
 554      72617465 
 554      645F536F 
 554      75726365 
 554      5C50536F 
 555              	.LASF17:
 556 00e5 4F70616D 		.ascii	"Opamp_Throttle_SaveConfig\000"
 556      705F5468 
 556      726F7474 
 556      6C655F53 
 556      61766543 
 557              	.LASF1:
 558 00ff 756E7369 		.ascii	"unsigned char\000"
 558      676E6564 
 558      20636861 
 558      7200
 559              	.LASF23:
 560 010d 474E5520 		.ascii	"GNU C11 5.4.1 20160609 (release) [ARM/embedded-5-br"
 560      43313120 
ARM GAS  C:\Users\jon\AppData\Local\Temp\ccnkEyio.s 			page 14


 560      352E342E 
 560      31203230 
 560      31363036 
 561 0140 616E6368 		.ascii	"anch revision 237715] -mcpu=cortex-m3 -mthumb -g -O"
 561      20726576 
 561      6973696F 
 561      6E203233 
 561      37373135 
 562 0173 33202D66 		.ascii	"3 -ffunction-sections -ffat-lto-objects\000"
 562      66756E63 
 562      74696F6E 
 562      2D736563 
 562      74696F6E 
 563              	.LASF11:
 564 019b 63686172 		.ascii	"char\000"
 564      00
 565              	.LASF4:
 566 01a0 6C6F6E67 		.ascii	"long int\000"
 566      20696E74 
 566      00
 567              	.LASF21:
 568 01a9 4F70616D 		.ascii	"Opamp_Throttle_Stop\000"
 568      705F5468 
 568      726F7474 
 568      6C655F53 
 568      746F7000 
 569              	.LASF10:
 570 01bd 646F7562 		.ascii	"double\000"
 570      6C6500
 571              	.LASF22:
 572 01c4 4F70616D 		.ascii	"Opamp_Throttle_Enable\000"
 572      705F5468 
 572      726F7474 
 572      6C655F45 
 572      6E61626C 
 573              	.LASF3:
 574 01da 73686F72 		.ascii	"short unsigned int\000"
 574      7420756E 
 574      7369676E 
 574      65642069 
 574      6E7400
 575              	.LASF0:
 576 01ed 7369676E 		.ascii	"signed char\000"
 576      65642063 
 576      68617200 
 577              	.LASF14:
 578 01f9 6C6F6E67 		.ascii	"long double\000"
 578      20646F75 
 578      626C6500 
 579              	.LASF25:
 580 0205 433A5C55 		.ascii	"C:\\Users\\jon\\Sync\\Research\\PSoC Projects\\Cont"
 580      73657273 
 580      5C6A6F6E 
 580      5C53796E 
 580      635C5265 
 581 0232 726F6C6C 		.ascii	"roller.cydsn\000"
 581      65722E63 
ARM GAS  C:\Users\jon\AppData\Local\Temp\ccnkEyio.s 			page 15


 581      7964736E 
 581      00
 582              	.LASF2:
 583 023f 73686F72 		.ascii	"short int\000"
 583      7420696E 
 583      7400
 584              	.LASF13:
 585 0249 72656738 		.ascii	"reg8\000"
 585      00
 586              	.LASF16:
 587 024e 4F70616D 		.ascii	"Opamp_Throttle_BACKUP_STRUCT\000"
 587      705F5468 
 587      726F7474 
 587      6C655F42 
 587      41434B55 
 588              	.LASF15:
 589 026b 73697A65 		.ascii	"sizetype\000"
 589      74797065 
 589      00
 590              		.ident	"GCC: (GNU Tools for ARM Embedded Processors) 5.4.1 20160609 (release) [ARM/embedded-5-bran
