ARM GAS  C:\Users\jon\AppData\Local\Temp\cc6T60OU.s 			page 1


   1              		.syntax unified
   2              		.cpu cortex-m3
   3              		.fpu softvfp
   4              		.eabi_attribute 20, 1
   5              		.eabi_attribute 21, 1
   6              		.eabi_attribute 23, 3
   7              		.eabi_attribute 24, 1
   8              		.eabi_attribute 25, 1
   9              		.eabi_attribute 26, 1
  10              		.eabi_attribute 30, 2
  11              		.eabi_attribute 34, 1
  12              		.eabi_attribute 18, 4
  13              		.thumb
  14              		.syntax unified
  15              		.file	"sbus.c"
  16              		.text
  17              	.Ltext0:
  18              		.cfi_sections	.debug_frame
  19              		.section	.text.sbus_recv,"ax",%progbits
  20              		.align	2
  21              		.global	sbus_recv
  22              		.thumb
  23              		.thumb_func
  24              		.type	sbus_recv, %function
  25              	sbus_recv:
  26              	.LFB65:
  27              		.file 1 "sbus.c"
   1:sbus.c        **** #include "sbus.h"
   2:sbus.c        **** #include "project.h"
   3:sbus.c        **** #include <math.h>
   4:sbus.c        **** 
   5:sbus.c        **** #define SBUS_FAILSAFE_INACTIVE 0
   6:sbus.c        **** #define SBUS_FAILSAFE_ACTIVE   1
   7:sbus.c        **** #define SBUS_STARTBYTE         0x0f
   8:sbus.c        **** #define SBUS_ENDBYTE           0x00
   9:sbus.c        **** 
  10:sbus.c        **** typedef unsigned char byte;
  11:sbus.c        **** 
  12:sbus.c        **** int _channels[18];
  13:sbus.c        **** int _failsafe;
  14:sbus.c        **** long _goodFrames;
  15:sbus.c        **** long _lostFrames;
  16:sbus.c        **** long _decoderErrorFrames;
  17:sbus.c        **** int _readErrorState;
  18:sbus.c        **** 
  19:sbus.c        **** static byte buffer[25];
  20:sbus.c        **** static byte buffer_index = 0;
  21:sbus.c        **** 
  22:sbus.c        **** CY_ISR_PROTO(sbus_recv);
  23:sbus.c        **** void sbus_process();
  24:sbus.c        **** 
  25:sbus.c        **** void sbus_init() {
  26:sbus.c        ****     buffer_index = 0;
  27:sbus.c        ****     _readErrorState = 0;
  28:sbus.c        ****     for (byte i = 0; i<18; i++) {
  29:sbus.c        **** 		_channels[i]      = 0;
  30:sbus.c        **** 	}
ARM GAS  C:\Users\jon\AppData\Local\Temp\cc6T60OU.s 			page 2


  31:sbus.c        ****     _goodFrames         = 0;
  32:sbus.c        **** 	_lostFrames         = 0;
  33:sbus.c        **** 	_decoderErrorFrames = 0;
  34:sbus.c        **** 	_failsafe           = SBUS_FAILSAFE_ACTIVE;
  35:sbus.c        **** }
  36:sbus.c        **** 
  37:sbus.c        **** void sbus_begin() {
  38:sbus.c        ****     
  39:sbus.c        ****     SBUS_Interrupt_StartEx(sbus_recv);
  40:sbus.c        ****     SBUS_Interrupt_SetPriority(1);
  41:sbus.c        ****     SBUS_UART_Start();
  42:sbus.c        **** }
  43:sbus.c        **** 
  44:sbus.c        **** CY_ISR(sbus_recv) {
  28              		.loc 1 44 0
  29              		.cfi_startproc
  30              		@ args = 0, pretend = 0, frame = 0
  31              		@ frame_needed = 0, uses_anonymous_args = 0
  32 0000 2DE9F047 		push	{r4, r5, r6, r7, r8, r9, r10, lr}
  33              		.cfi_def_cfa_offset 32
  34              		.cfi_offset 4, -32
  35              		.cfi_offset 5, -28
  36              		.cfi_offset 6, -24
  37              		.cfi_offset 7, -20
  38              		.cfi_offset 8, -16
  39              		.cfi_offset 9, -12
  40              		.cfi_offset 10, -8
  41              		.cfi_offset 14, -4
  45:sbus.c        **** 
  46:sbus.c        ****     buffer[buffer_index] = SBUS_UART_ReadRxData();
  42              		.loc 1 46 0
  43 0004 624C     		ldr	r4, .L22
  44 0006 2578     		ldrb	r5, [r4]	@ zero_extendqisi2
  45 0008 FFF7FEFF 		bl	SBUS_UART_ReadRxData
  46              	.LVL0:
  47:sbus.c        ****     
  48:sbus.c        ****     if (buffer_index == 0 && buffer[0] != SBUS_STARTBYTE) return;
  47              		.loc 1 48 0
  48 000c 2378     		ldrb	r3, [r4]	@ zero_extendqisi2
  46:sbus.c        ****     
  49              		.loc 1 46 0
  50 000e 2544     		add	r5, r5, r4
  51 0010 2871     		strb	r0, [r5, #4]
  52              		.loc 1 48 0
  53 0012 23B9     		cbnz	r3, .L2
  54              		.loc 1 48 0 is_stmt 0 discriminator 1
  55 0014 2379     		ldrb	r3, [r4, #4]	@ zero_extendqisi2
  56 0016 0F2B     		cmp	r3, #15
  57 0018 10D0     		beq	.L20
  58 001a BDE8F087 		pop	{r4, r5, r6, r7, r8, r9, r10, pc}
  59              	.L2:
  49:sbus.c        ****     
  50:sbus.c        ****     if (++buffer_index == 25) {
  60              		.loc 1 50 0 is_stmt 1
  61 001e 0133     		adds	r3, r3, #1
  62 0020 DBB2     		uxtb	r3, r3
  63 0022 192B     		cmp	r3, #25
ARM GAS  C:\Users\jon\AppData\Local\Temp\cc6T60OU.s 			page 3


  64 0024 0BD1     		bne	.L17
  51:sbus.c        ****         buffer_index = 0;
  52:sbus.c        ****         if (buffer[0] == SBUS_STARTBYTE && buffer[24] == SBUS_ENDBYTE) {
  65              		.loc 1 52 0
  66 0026 2379     		ldrb	r3, [r4, #4]	@ zero_extendqisi2
  51:sbus.c        ****         buffer_index = 0;
  67              		.loc 1 51 0
  68 0028 0022     		movs	r2, #0
  69              		.loc 1 52 0
  70 002a 0F2B     		cmp	r3, #15
  51:sbus.c        ****         buffer_index = 0;
  71              		.loc 1 51 0
  72 002c 2270     		strb	r2, [r4]
  73              		.loc 1 52 0
  74 002e 09D0     		beq	.L21
  75              	.L7:
  53:sbus.c        ****             sbus_process();
  54:sbus.c        ****             ++_goodFrames;
  55:sbus.c        ****         } else {
  56:sbus.c        ****             ++_decoderErrorFrames;
  76              		.loc 1 56 0
  77 0030 584A     		ldr	r2, .L22+4
  78 0032 1368     		ldr	r3, [r2]
  79 0034 0133     		adds	r3, r3, #1
  80 0036 1360     		str	r3, [r2]
  81 0038 BDE8F087 		pop	{r4, r5, r6, r7, r8, r9, r10, pc}
  82              	.L20:
  50:sbus.c        ****         buffer_index = 0;
  83              		.loc 1 50 0
  84 003c 0123     		movs	r3, #1
  85              	.L17:
  86 003e 2370     		strb	r3, [r4]
  87 0040 BDE8F087 		pop	{r4, r5, r6, r7, r8, r9, r10, pc}
  88              	.L21:
  52:sbus.c        ****             sbus_process();
  89              		.loc 1 52 0 discriminator 1
  90 0044 237F     		ldrb	r3, [r4, #28]	@ zero_extendqisi2
  91 0046 002B     		cmp	r3, #0
  92 0048 F2D1     		bne	.L7
  93              	.LBB8:
  94              	.LBB9:
  95              	.LBB10:
  57:sbus.c        ****         }
  58:sbus.c        ****         
  59:sbus.c        ****     }
  60:sbus.c        ****     
  61:sbus.c        **** }
  62:sbus.c        **** 
  63:sbus.c        **** inline void sbus_process() {
  64:sbus.c        **** 
  65:sbus.c        **** 	_channels[0]  = ((buffer[1]    |buffer[2]<<8)                 & 0x07FF);
  66:sbus.c        **** 	_channels[1]  = ((buffer[2]>>3 |buffer[3]<<5)                 & 0x07FF);
  96              		.loc 1 66 0
  97 004a E379     		ldrb	r3, [r4, #7]	@ zero_extendqisi2
  67:sbus.c        **** 	_channels[2]  = ((buffer[3]>>6 |buffer[4]<<2 |buffer[5]<<10)  & 0x07FF);
  98              		.loc 1 67 0
  99 004c 94F80890 		ldrb	r9, [r4, #8]	@ zero_extendqisi2
ARM GAS  C:\Users\jon\AppData\Local\Temp\cc6T60OU.s 			page 4


  68:sbus.c        **** 	_channels[3]  = ((buffer[5]>>1 |buffer[6]<<7)                 & 0x07FF);
  69:sbus.c        **** 	_channels[4]  = ((buffer[6]>>4 |buffer[7]<<4)                 & 0x07FF);
  70:sbus.c        **** 	_channels[5]  = ((buffer[7]>>7 |buffer[8]<<1 |buffer[9]<<9)   & 0x07FF);
  71:sbus.c        **** 	_channels[6]  = ((buffer[9]>>2 |buffer[10]<<6)                & 0x07FF);
  72:sbus.c        **** 	_channels[7]  = ((buffer[10]>>5|buffer[11]<<3)                & 0x07FF);
  73:sbus.c        **** 	_channels[8]  = ((buffer[12]   |buffer[13]<<8)                & 0x07FF);
  74:sbus.c        **** 	_channels[9]  = ((buffer[13]>>3|buffer[14]<<5)                & 0x07FF);
  75:sbus.c        **** 	_channels[10] = ((buffer[14]>>6|buffer[15]<<2|buffer[16]<<10) & 0x07FF);
  76:sbus.c        **** 	_channels[11] = ((buffer[16]>>1|buffer[17]<<7)                & 0x07FF);
  77:sbus.c        **** 	_channels[12] = ((buffer[17]>>4|buffer[18]<<4)                & 0x07FF);
  78:sbus.c        **** 	_channels[13] = ((buffer[18]>>7|buffer[19]<<1|buffer[20]<<9)  & 0x07FF);
  79:sbus.c        **** 	_channels[14] = ((buffer[20]>>2|buffer[21]<<6)                & 0x07FF);
  80:sbus.c        **** 	_channels[15] = ((buffer[21]>>5|buffer[22]<<3)                & 0x07FF);
  81:sbus.c        **** 
  82:sbus.c        **** 	((buffer[23])      & 0x0001) ? (_channels[16] = 2047) : (_channels[16] = 0);
 100              		.loc 1 82 0
 101 0050 40F2FF76 		movw	r6, #2047
  67:sbus.c        **** 	_channels[2]  = ((buffer[3]>>6 |buffer[4]<<2 |buffer[5]<<10)  & 0x07FF);
 102              		.loc 1 67 0
 103 0054 9A09     		lsrs	r2, r3, #6
 104 0056 42EA8909 		orr	r9, r2, r9, lsl #2
  65:sbus.c        **** 	_channels[1]  = ((buffer[2]>>3 |buffer[3]<<5)                 & 0x07FF);
 105              		.loc 1 65 0
 106 005a A279     		ldrb	r2, [r4, #6]	@ zero_extendqisi2
  66:sbus.c        **** 	_channels[2]  = ((buffer[3]>>6 |buffer[4]<<2 |buffer[5]<<10)  & 0x07FF);
 107              		.loc 1 66 0
 108 005c 5B01     		lsls	r3, r3, #5
 109 005e 43EAD202 		orr	r2, r3, r2, lsr #3
  65:sbus.c        **** 	_channels[1]  = ((buffer[2]>>3 |buffer[3]<<5)                 & 0x07FF);
 110              		.loc 1 65 0
 111 0062 4D4B     		ldr	r3, .L22+8
  66:sbus.c        **** 	_channels[2]  = ((buffer[3]>>6 |buffer[4]<<2 |buffer[5]<<10)  & 0x07FF);
 112              		.loc 1 66 0
 113 0064 C2F30A02 		ubfx	r2, r2, #0, #11
 114 0068 5A60     		str	r2, [r3, #4]
 115 006a B4F80520 		ldrh	r2, [r4, #5]	@ unaligned
  67:sbus.c        **** 	_channels[3]  = ((buffer[5]>>1 |buffer[6]<<7)                 & 0x07FF);
 116              		.loc 1 67 0
 117 006e 94F809A0 		ldrb	r10, [r4, #9]	@ zero_extendqisi2
  65:sbus.c        **** 	_channels[1]  = ((buffer[2]>>3 |buffer[3]<<5)                 & 0x07FF);
 118              		.loc 1 65 0
 119 0072 C2F30A02 		ubfx	r2, r2, #0, #11
  68:sbus.c        **** 	_channels[4]  = ((buffer[6]>>4 |buffer[7]<<4)                 & 0x07FF);
 120              		.loc 1 68 0
 121 0076 A77A     		ldrb	r7, [r4, #10]	@ zero_extendqisi2
  65:sbus.c        **** 	_channels[1]  = ((buffer[2]>>3 |buffer[3]<<5)                 & 0x07FF);
 122              		.loc 1 65 0
 123 0078 1A60     		str	r2, [r3]
  67:sbus.c        **** 	_channels[3]  = ((buffer[5]>>1 |buffer[6]<<7)                 & 0x07FF);
 124              		.loc 1 67 0
 125 007a 49EA8A22 		orr	r2, r9, r10, lsl #10
 126 007e C2F30A02 		ubfx	r2, r2, #0, #11
 127 0082 9A60     		str	r2, [r3, #8]
  68:sbus.c        **** 	_channels[4]  = ((buffer[6]>>4 |buffer[7]<<4)                 & 0x07FF);
 128              		.loc 1 68 0
 129 0084 FA01     		lsls	r2, r7, #7
  69:sbus.c        **** 	_channels[5]  = ((buffer[7]>>7 |buffer[8]<<1 |buffer[9]<<9)   & 0x07FF);
ARM GAS  C:\Users\jon\AppData\Local\Temp\cc6T60OU.s 			page 5


 130              		.loc 1 69 0
 131 0086 94F80B80 		ldrb	r8, [r4, #11]	@ zero_extendqisi2
  68:sbus.c        **** 	_channels[4]  = ((buffer[6]>>4 |buffer[7]<<4)                 & 0x07FF);
 132              		.loc 1 68 0
 133 008a 42EA5A02 		orr	r2, r2, r10, lsr #1
 134 008e C2F30A02 		ubfx	r2, r2, #0, #11
 135 0092 DA60     		str	r2, [r3, #12]
  69:sbus.c        **** 	_channels[5]  = ((buffer[7]>>7 |buffer[8]<<1 |buffer[9]<<9)   & 0x07FF);
 136              		.loc 1 69 0
 137 0094 4FEA0812 		lsl	r2, r8, #4
 138 0098 42EA1717 		orr	r7, r2, r7, lsr #4
  70:sbus.c        **** 	_channels[6]  = ((buffer[9]>>2 |buffer[10]<<6)                & 0x07FF);
 139              		.loc 1 70 0
 140 009c 207B     		ldrb	r0, [r4, #12]	@ zero_extendqisi2
  69:sbus.c        **** 	_channels[5]  = ((buffer[7]>>7 |buffer[8]<<1 |buffer[9]<<9)   & 0x07FF);
 141              		.loc 1 69 0
 142 009e C7F30A07 		ubfx	r7, r7, #0, #11
 143 00a2 1F61     		str	r7, [r3, #16]
  70:sbus.c        **** 	_channels[6]  = ((buffer[9]>>2 |buffer[10]<<6)                & 0x07FF);
 144              		.loc 1 70 0
 145 00a4 4FEAD818 		lsr	r8, r8, #7
 146 00a8 677B     		ldrb	r7, [r4, #13]	@ zero_extendqisi2
 147 00aa 48EA4000 		orr	r0, r8, r0, lsl #1
  71:sbus.c        **** 	_channels[7]  = ((buffer[10]>>5|buffer[11]<<3)                & 0x07FF);
 148              		.loc 1 71 0
 149 00ae A57B     		ldrb	r5, [r4, #14]	@ zero_extendqisi2
  70:sbus.c        **** 	_channels[6]  = ((buffer[9]>>2 |buffer[10]<<6)                & 0x07FF);
 150              		.loc 1 70 0
 151 00b0 40EA4720 		orr	r0, r0, r7, lsl #9
 152 00b4 C0F30A00 		ubfx	r0, r0, #0, #11
 153 00b8 5861     		str	r0, [r3, #20]
  71:sbus.c        **** 	_channels[7]  = ((buffer[10]>>5|buffer[11]<<3)                & 0x07FF);
 154              		.loc 1 71 0
 155 00ba A801     		lsls	r0, r5, #6
  74:sbus.c        **** 	_channels[10] = ((buffer[14]>>6|buffer[15]<<2|buffer[16]<<10) & 0x07FF);
 156              		.loc 1 74 0
 157 00bc A17C     		ldrb	r1, [r4, #18]	@ zero_extendqisi2
  71:sbus.c        **** 	_channels[7]  = ((buffer[10]>>5|buffer[11]<<3)                & 0x07FF);
 158              		.loc 1 71 0
 159 00be 40EA9700 		orr	r0, r0, r7, lsr #2
 160 00c2 C0F30A00 		ubfx	r0, r0, #0, #11
  73:sbus.c        **** 	_channels[9]  = ((buffer[13]>>3|buffer[14]<<5)                & 0x07FF);
 161              		.loc 1 73 0
 162 00c6 677C     		ldrb	r7, [r4, #17]	@ zero_extendqisi2
  75:sbus.c        **** 	_channels[11] = ((buffer[16]>>1|buffer[17]<<7)                & 0x07FF);
 163              		.loc 1 75 0
 164 00c8 94F813E0 		ldrb	lr, [r4, #19]	@ zero_extendqisi2
 165 00cc 4FEA9118 		lsr	r8, r1, #6
  71:sbus.c        **** 	_channels[7]  = ((buffer[10]>>5|buffer[11]<<3)                & 0x07FF);
 166              		.loc 1 71 0
 167 00d0 9861     		str	r0, [r3, #24]
  74:sbus.c        **** 	_channels[10] = ((buffer[14]>>6|buffer[15]<<2|buffer[16]<<10) & 0x07FF);
 168              		.loc 1 74 0
 169 00d2 4901     		lsls	r1, r1, #5
  72:sbus.c        **** 	_channels[8]  = ((buffer[12]   |buffer[13]<<8)                & 0x07FF);
 170              		.loc 1 72 0
 171 00d4 E07B     		ldrb	r0, [r4, #15]	@ zero_extendqisi2
ARM GAS  C:\Users\jon\AppData\Local\Temp\cc6T60OU.s 			page 6


  76:sbus.c        **** 	_channels[12] = ((buffer[17]>>4|buffer[18]<<4)                & 0x07FF);
 172              		.loc 1 76 0
 173 00d6 94F815C0 		ldrb	ip, [r4, #21]	@ zero_extendqisi2
  77:sbus.c        **** 	_channels[13] = ((buffer[18]>>7|buffer[19]<<1|buffer[20]<<9)  & 0x07FF);
 174              		.loc 1 77 0
 175 00da A27D     		ldrb	r2, [r4, #22]	@ zero_extendqisi2
  72:sbus.c        **** 	_channels[8]  = ((buffer[12]   |buffer[13]<<8)                & 0x07FF);
 176              		.loc 1 72 0
 177 00dc 6D09     		lsrs	r5, r5, #5
  74:sbus.c        **** 	_channels[10] = ((buffer[14]>>6|buffer[15]<<2|buffer[16]<<10) & 0x07FF);
 178              		.loc 1 74 0
 179 00de 41EAD707 		orr	r7, r1, r7, lsr #3
  75:sbus.c        **** 	_channels[11] = ((buffer[16]>>1|buffer[17]<<7)                & 0x07FF);
 180              		.loc 1 75 0
 181 00e2 48EA8E0E 		orr	lr, r8, lr, lsl #2
  72:sbus.c        **** 	_channels[8]  = ((buffer[12]   |buffer[13]<<8)                & 0x07FF);
 182              		.loc 1 72 0
 183 00e6 45EAC000 		orr	r0, r5, r0, lsl #3
  75:sbus.c        **** 	_channels[11] = ((buffer[16]>>1|buffer[17]<<7)                & 0x07FF);
 184              		.loc 1 75 0
 185 00ea 94F81480 		ldrb	r8, [r4, #20]	@ zero_extendqisi2
  74:sbus.c        **** 	_channels[10] = ((buffer[14]>>6|buffer[15]<<2|buffer[16]<<10) & 0x07FF);
 186              		.loc 1 74 0
 187 00ee C7F30A07 		ubfx	r7, r7, #0, #11
 188 00f2 5F62     		str	r7, [r3, #36]
  72:sbus.c        **** 	_channels[8]  = ((buffer[12]   |buffer[13]<<8)                & 0x07FF);
 189              		.loc 1 72 0
 190 00f4 D861     		str	r0, [r3, #28]
 191 00f6 278A     		ldrh	r7, [r4, #16]
  77:sbus.c        **** 	_channels[13] = ((buffer[18]>>7|buffer[19]<<1|buffer[20]<<9)  & 0x07FF);
 192              		.loc 1 77 0
 193 00f8 1001     		lsls	r0, r2, #4
  76:sbus.c        **** 	_channels[12] = ((buffer[17]>>4|buffer[18]<<4)                & 0x07FF);
 194              		.loc 1 76 0
 195 00fa 4FEACC15 		lsl	r5, ip, #7
  75:sbus.c        **** 	_channels[11] = ((buffer[16]>>1|buffer[17]<<7)                & 0x07FF);
 196              		.loc 1 75 0
 197 00fe 4EEA8821 		orr	r1, lr, r8, lsl #10
  76:sbus.c        **** 	_channels[12] = ((buffer[17]>>4|buffer[18]<<4)                & 0x07FF);
 198              		.loc 1 76 0
 199 0102 45EA5805 		orr	r5, r5, r8, lsr #1
  77:sbus.c        **** 	_channels[13] = ((buffer[18]>>7|buffer[19]<<1|buffer[20]<<9)  & 0x07FF);
 200              		.loc 1 77 0
 201 0106 40EA1C10 		orr	r0, r0, ip, lsr #4
  73:sbus.c        **** 	_channels[9]  = ((buffer[13]>>3|buffer[14]<<5)                & 0x07FF);
 202              		.loc 1 73 0
 203 010a C7F30A07 		ubfx	r7, r7, #0, #11
  75:sbus.c        **** 	_channels[11] = ((buffer[16]>>1|buffer[17]<<7)                & 0x07FF);
 204              		.loc 1 75 0
 205 010e C1F30A01 		ubfx	r1, r1, #0, #11
  76:sbus.c        **** 	_channels[12] = ((buffer[17]>>4|buffer[18]<<4)                & 0x07FF);
 206              		.loc 1 76 0
 207 0112 C5F30A05 		ubfx	r5, r5, #0, #11
  77:sbus.c        **** 	_channels[13] = ((buffer[18]>>7|buffer[19]<<1|buffer[20]<<9)  & 0x07FF);
 208              		.loc 1 77 0
 209 0116 C0F30A00 		ubfx	r0, r0, #0, #11
  73:sbus.c        **** 	_channels[9]  = ((buffer[13]>>3|buffer[14]<<5)                & 0x07FF);
ARM GAS  C:\Users\jon\AppData\Local\Temp\cc6T60OU.s 			page 7


 210              		.loc 1 73 0
 211 011a 1F62     		str	r7, [r3, #32]
  78:sbus.c        **** 	_channels[14] = ((buffer[20]>>2|buffer[21]<<6)                & 0x07FF);
 212              		.loc 1 78 0
 213 011c 94F818E0 		ldrb	lr, [r4, #24]	@ zero_extendqisi2
  76:sbus.c        **** 	_channels[12] = ((buffer[17]>>4|buffer[18]<<4)                & 0x07FF);
 214              		.loc 1 76 0
 215 0120 DD62     		str	r5, [r3, #44]
  77:sbus.c        **** 	_channels[13] = ((buffer[18]>>7|buffer[19]<<1|buffer[20]<<9)  & 0x07FF);
 216              		.loc 1 77 0
 217 0122 1863     		str	r0, [r3, #48]
  75:sbus.c        **** 	_channels[11] = ((buffer[16]>>1|buffer[17]<<7)                & 0x07FF);
 218              		.loc 1 75 0
 219 0124 9962     		str	r1, [r3, #40]
  78:sbus.c        **** 	_channels[14] = ((buffer[20]>>2|buffer[21]<<6)                & 0x07FF);
 220              		.loc 1 78 0
 221 0126 E17D     		ldrb	r1, [r4, #23]	@ zero_extendqisi2
 222              		.loc 1 82 0
 223 0128 E57E     		ldrb	r5, [r4, #27]	@ zero_extendqisi2
  78:sbus.c        **** 	_channels[14] = ((buffer[20]>>2|buffer[21]<<6)                & 0x07FF);
 224              		.loc 1 78 0
 225 012a D209     		lsrs	r2, r2, #7
 226              		.loc 1 82 0
 227 012c 15F0010F 		tst	r5, #1
 228 0130 18BF     		it	ne
 229 0132 3746     		movne	r7, r6
  78:sbus.c        **** 	_channels[14] = ((buffer[20]>>2|buffer[21]<<6)                & 0x07FF);
 230              		.loc 1 78 0
 231 0134 42EA4102 		orr	r2, r2, r1, lsl #1
  79:sbus.c        **** 	_channels[15] = ((buffer[21]>>5|buffer[22]<<3)                & 0x07FF);
 232              		.loc 1 79 0
 233 0138 617E     		ldrb	r1, [r4, #25]	@ zero_extendqisi2
  80:sbus.c        **** 
 234              		.loc 1 80 0
 235 013a A47E     		ldrb	r4, [r4, #26]	@ zero_extendqisi2
  79:sbus.c        **** 	_channels[15] = ((buffer[21]>>5|buffer[22]<<3)                & 0x07FF);
 236              		.loc 1 79 0
 237 013c 4FEA8110 		lsl	r0, r1, #6
 238              		.loc 1 82 0
 239 0140 08BF     		it	eq
 240 0142 0027     		moveq	r7, #0
  78:sbus.c        **** 	_channels[14] = ((buffer[20]>>2|buffer[21]<<6)                & 0x07FF);
 241              		.loc 1 78 0
 242 0144 42EA4E22 		orr	r2, r2, lr, lsl #9
  83:sbus.c        **** 	((buffer[23] >> 1) & 0x0001) ? (_channels[17] = 2047) : (_channels[17] = 0);
 243              		.loc 1 83 0
 244 0148 15F0020F 		tst	r5, #2
  79:sbus.c        **** 	_channels[15] = ((buffer[21]>>5|buffer[22]<<3)                & 0x07FF);
 245              		.loc 1 79 0
 246 014c 40EA9E00 		orr	r0, r0, lr, lsr #2
  80:sbus.c        **** 
 247              		.loc 1 80 0
 248 0150 4FEA5111 		lsr	r1, r1, #5
 249              		.loc 1 83 0
 250 0154 08BF     		it	eq
 251 0156 0026     		moveq	r6, #0
  78:sbus.c        **** 	_channels[14] = ((buffer[20]>>2|buffer[21]<<6)                & 0x07FF);
ARM GAS  C:\Users\jon\AppData\Local\Temp\cc6T60OU.s 			page 8


 252              		.loc 1 78 0
 253 0158 C2F30A02 		ubfx	r2, r2, #0, #11
  80:sbus.c        **** 
 254              		.loc 1 80 0
 255 015c 41EAC401 		orr	r1, r1, r4, lsl #3
  79:sbus.c        **** 	_channels[15] = ((buffer[21]>>5|buffer[22]<<3)                & 0x07FF);
 256              		.loc 1 79 0
 257 0160 C0F30A00 		ubfx	r0, r0, #0, #11
 258 0164 0D4C     		ldr	r4, .L22+12
  78:sbus.c        **** 	_channels[14] = ((buffer[20]>>2|buffer[21]<<6)                & 0x07FF);
 259              		.loc 1 78 0
 260 0166 5A63     		str	r2, [r3, #52]
  79:sbus.c        **** 	_channels[15] = ((buffer[21]>>5|buffer[22]<<3)                & 0x07FF);
 261              		.loc 1 79 0
 262 0168 9863     		str	r0, [r3, #56]
 263 016a C5F3C002 		ubfx	r2, r5, #3, #1
  80:sbus.c        **** 
 264              		.loc 1 80 0
 265 016e D963     		str	r1, [r3, #60]
 266 0170 1F64     		str	r7, [r3, #64]
 267 0172 5E64     		str	r6, [r3, #68]
  84:sbus.c        **** 
  85:sbus.c        **** 	if ((buffer[23] >> 3) & 0x0001) {
  86:sbus.c        **** 		_failsafe = SBUS_FAILSAFE_ACTIVE;
  87:sbus.c        **** 	} else {
  88:sbus.c        **** 		_failsafe = SBUS_FAILSAFE_INACTIVE;
  89:sbus.c        **** 	}
  90:sbus.c        **** 
  91:sbus.c        **** 	if ((buffer[23] >> 2) & 0x0001) {
 268              		.loc 1 91 0
 269 0174 6B07     		lsls	r3, r5, #29
 270 0176 2260     		str	r2, [r4]
 271 0178 03D5     		bpl	.L10
 272              	.LBB11:
  92:sbus.c        **** 		_lostFrames++;
 273              		.loc 1 92 0
 274 017a 094A     		ldr	r2, .L22+16
 275 017c 1368     		ldr	r3, [r2]
 276 017e 0133     		adds	r3, r3, #1
 277 0180 1360     		str	r3, [r2]
 278              	.L10:
 279              	.LBE11:
 280              	.LBE10:
 281              	.LBE9:
  54:sbus.c        ****         } else {
 282              		.loc 1 54 0
 283 0182 084A     		ldr	r2, .L22+20
 284 0184 1368     		ldr	r3, [r2]
 285 0186 0133     		adds	r3, r3, #1
 286 0188 1360     		str	r3, [r2]
 287 018a BDE8F087 		pop	{r4, r5, r6, r7, r8, r9, r10, pc}
 288              	.L23:
 289 018e 00BF     		.align	2
 290              	.L22:
 291 0190 00000000 		.word	.LANCHOR0
 292 0194 00000000 		.word	_decoderErrorFrames
 293 0198 00000000 		.word	_channels
ARM GAS  C:\Users\jon\AppData\Local\Temp\cc6T60OU.s 			page 9


 294 019c 00000000 		.word	_failsafe
 295 01a0 00000000 		.word	_lostFrames
 296 01a4 00000000 		.word	_goodFrames
 297              	.LBE8:
 298              		.cfi_endproc
 299              	.LFE65:
 300              		.size	sbus_recv, .-sbus_recv
 301              		.section	.text.sbus_init,"ax",%progbits
 302              		.align	2
 303              		.global	sbus_init
 304              		.thumb
 305              		.thumb_func
 306              		.type	sbus_init, %function
 307              	sbus_init:
 308              	.LFB63:
  25:sbus.c        ****     buffer_index = 0;
 309              		.loc 1 25 0
 310              		.cfi_startproc
 311              		@ args = 0, pretend = 0, frame = 0
 312              		@ frame_needed = 0, uses_anonymous_args = 0
 313 0000 38B5     		push	{r3, r4, r5, lr}
 314              		.cfi_def_cfa_offset 16
 315              		.cfi_offset 3, -16
 316              		.cfi_offset 4, -12
 317              		.cfi_offset 5, -8
 318              		.cfi_offset 14, -4
  26:sbus.c        ****     _readErrorState = 0;
 319              		.loc 1 26 0
 320 0002 0024     		movs	r4, #0
  27:sbus.c        ****     for (byte i = 0; i<18; i++) {
 321              		.loc 1 27 0
 322 0004 094B     		ldr	r3, .L26
  26:sbus.c        ****     _readErrorState = 0;
 323              		.loc 1 26 0
 324 0006 0A4D     		ldr	r5, .L26+4
 325 0008 2146     		mov	r1, r4
 326 000a 4822     		movs	r2, #72
 327 000c 0948     		ldr	r0, .L26+8
 328 000e 2C70     		strb	r4, [r5]
  27:sbus.c        ****     for (byte i = 0; i<18; i++) {
 329              		.loc 1 27 0
 330 0010 1C60     		str	r4, [r3]
 331              	.LVL1:
  31:sbus.c        **** 	_lostFrames         = 0;
 332              		.loc 1 31 0
 333 0012 094D     		ldr	r5, .L26+12
 334 0014 FFF7FEFF 		bl	memset
 335              	.LVL2:
  32:sbus.c        **** 	_decoderErrorFrames = 0;
 336              		.loc 1 32 0
 337 0018 0848     		ldr	r0, .L26+16
  33:sbus.c        **** 	_failsafe           = SBUS_FAILSAFE_ACTIVE;
 338              		.loc 1 33 0
 339 001a 0949     		ldr	r1, .L26+20
  34:sbus.c        **** }
 340              		.loc 1 34 0
 341 001c 094B     		ldr	r3, .L26+24
ARM GAS  C:\Users\jon\AppData\Local\Temp\cc6T60OU.s 			page 10


 342 001e 0122     		movs	r2, #1
  31:sbus.c        **** 	_lostFrames         = 0;
 343              		.loc 1 31 0
 344 0020 2C60     		str	r4, [r5]
  32:sbus.c        **** 	_decoderErrorFrames = 0;
 345              		.loc 1 32 0
 346 0022 0460     		str	r4, [r0]
  33:sbus.c        **** 	_failsafe           = SBUS_FAILSAFE_ACTIVE;
 347              		.loc 1 33 0
 348 0024 0C60     		str	r4, [r1]
  34:sbus.c        **** }
 349              		.loc 1 34 0
 350 0026 1A60     		str	r2, [r3]
 351 0028 38BD     		pop	{r3, r4, r5, pc}
 352              	.L27:
 353 002a 00BF     		.align	2
 354              	.L26:
 355 002c 00000000 		.word	_readErrorState
 356 0030 00000000 		.word	.LANCHOR0
 357 0034 00000000 		.word	_channels
 358 0038 00000000 		.word	_goodFrames
 359 003c 00000000 		.word	_lostFrames
 360 0040 00000000 		.word	_decoderErrorFrames
 361 0044 00000000 		.word	_failsafe
 362              		.cfi_endproc
 363              	.LFE63:
 364              		.size	sbus_init, .-sbus_init
 365              		.section	.text.sbus_begin,"ax",%progbits
 366              		.align	2
 367              		.global	sbus_begin
 368              		.thumb
 369              		.thumb_func
 370              		.type	sbus_begin, %function
 371              	sbus_begin:
 372              	.LFB64:
  37:sbus.c        ****     
 373              		.loc 1 37 0
 374              		.cfi_startproc
 375              		@ args = 0, pretend = 0, frame = 0
 376              		@ frame_needed = 0, uses_anonymous_args = 0
 377 0000 08B5     		push	{r3, lr}
 378              		.cfi_def_cfa_offset 8
 379              		.cfi_offset 3, -8
 380              		.cfi_offset 14, -4
  39:sbus.c        ****     SBUS_Interrupt_SetPriority(1);
 381              		.loc 1 39 0
 382 0002 0548     		ldr	r0, .L30
 383 0004 FFF7FEFF 		bl	SBUS_Interrupt_StartEx
 384              	.LVL3:
  40:sbus.c        ****     SBUS_UART_Start();
 385              		.loc 1 40 0
 386 0008 0120     		movs	r0, #1
 387 000a FFF7FEFF 		bl	SBUS_Interrupt_SetPriority
 388              	.LVL4:
  42:sbus.c        **** 
 389              		.loc 1 42 0
 390 000e BDE80840 		pop	{r3, lr}
ARM GAS  C:\Users\jon\AppData\Local\Temp\cc6T60OU.s 			page 11


 391              		.cfi_restore 14
 392              		.cfi_restore 3
 393              		.cfi_def_cfa_offset 0
  41:sbus.c        **** }
 394              		.loc 1 41 0
 395 0012 FFF7FEBF 		b	SBUS_UART_Start
 396              	.LVL5:
 397              	.L31:
 398 0016 00BF     		.align	2
 399              	.L30:
 400 0018 00000000 		.word	sbus_recv
 401              		.cfi_endproc
 402              	.LFE64:
 403              		.size	sbus_begin, .-sbus_begin
 404              		.section	.text.sbus_process,"ax",%progbits
 405              		.align	2
 406              		.global	sbus_process
 407              		.thumb
 408              		.thumb_func
 409              		.type	sbus_process, %function
 410              	sbus_process:
 411              	.LFB66:
  63:sbus.c        **** 
 412              		.loc 1 63 0
 413              		.cfi_startproc
 414              		@ args = 0, pretend = 0, frame = 0
 415              		@ frame_needed = 0, uses_anonymous_args = 0
 416 0000 2DE9F047 		push	{r4, r5, r6, r7, r8, r9, r10, lr}
 417              		.cfi_def_cfa_offset 32
 418              		.cfi_offset 4, -32
 419              		.cfi_offset 5, -28
 420              		.cfi_offset 6, -24
 421              		.cfi_offset 7, -20
 422              		.cfi_offset 8, -16
 423              		.cfi_offset 9, -12
 424              		.cfi_offset 10, -8
 425              		.cfi_offset 14, -4
 426 0004 504B     		ldr	r3, .L42
  82:sbus.c        **** 	((buffer[23] >> 1) & 0x0001) ? (_channels[17] = 2047) : (_channels[17] = 0);
 427              		.loc 1 82 0
 428 0006 40F2FF75 		movw	r5, #2047
  66:sbus.c        **** 	_channels[2]  = ((buffer[3]>>6 |buffer[4]<<2 |buffer[5]<<10)  & 0x07FF);
 429              		.loc 1 66 0
 430 000a D979     		ldrb	r1, [r3, #7]	@ zero_extendqisi2
  67:sbus.c        **** 	_channels[3]  = ((buffer[5]>>1 |buffer[6]<<7)                 & 0x07FF);
 431              		.loc 1 67 0
 432 000c 1E7A     		ldrb	r6, [r3, #8]	@ zero_extendqisi2
 433 000e 8809     		lsrs	r0, r1, #6
 434 0010 40EA8606 		orr	r6, r0, r6, lsl #2
  65:sbus.c        **** 	_channels[1]  = ((buffer[2]>>3 |buffer[3]<<5)                 & 0x07FF);
 435              		.loc 1 65 0
 436 0014 9879     		ldrb	r0, [r3, #6]	@ zero_extendqisi2
  66:sbus.c        **** 	_channels[2]  = ((buffer[3]>>6 |buffer[4]<<2 |buffer[5]<<10)  & 0x07FF);
 437              		.loc 1 66 0
 438 0016 4901     		lsls	r1, r1, #5
  65:sbus.c        **** 	_channels[1]  = ((buffer[2]>>3 |buffer[3]<<5)                 & 0x07FF);
 439              		.loc 1 65 0
ARM GAS  C:\Users\jon\AppData\Local\Temp\cc6T60OU.s 			page 12


 440 0018 4C4A     		ldr	r2, .L42+4
  66:sbus.c        **** 	_channels[2]  = ((buffer[3]>>6 |buffer[4]<<2 |buffer[5]<<10)  & 0x07FF);
 441              		.loc 1 66 0
 442 001a 41EAD001 		orr	r1, r1, r0, lsr #3
 443 001e C1F30A01 		ubfx	r1, r1, #0, #11
 444 0022 5160     		str	r1, [r2, #4]
 445 0024 B3F80510 		ldrh	r1, [r3, #5]	@ unaligned
  68:sbus.c        **** 	_channels[4]  = ((buffer[6]>>4 |buffer[7]<<4)                 & 0x07FF);
 446              		.loc 1 68 0
 447 0028 9C7A     		ldrb	r4, [r3, #10]	@ zero_extendqisi2
  67:sbus.c        **** 	_channels[3]  = ((buffer[5]>>1 |buffer[6]<<7)                 & 0x07FF);
 448              		.loc 1 67 0
 449 002a 93F809A0 		ldrb	r10, [r3, #9]	@ zero_extendqisi2
  65:sbus.c        **** 	_channels[1]  = ((buffer[2]>>3 |buffer[3]<<5)                 & 0x07FF);
 450              		.loc 1 65 0
 451 002e C1F30A01 		ubfx	r1, r1, #0, #11
 452 0032 1160     		str	r1, [r2]
  68:sbus.c        **** 	_channels[4]  = ((buffer[6]>>4 |buffer[7]<<4)                 & 0x07FF);
 453              		.loc 1 68 0
 454 0034 E101     		lsls	r1, r4, #7
  69:sbus.c        **** 	_channels[5]  = ((buffer[7]>>7 |buffer[8]<<1 |buffer[9]<<9)   & 0x07FF);
 455              		.loc 1 69 0
 456 0036 93F80B80 		ldrb	r8, [r3, #11]	@ zero_extendqisi2
  68:sbus.c        **** 	_channels[4]  = ((buffer[6]>>4 |buffer[7]<<4)                 & 0x07FF);
 457              		.loc 1 68 0
 458 003a 41EA5A01 		orr	r1, r1, r10, lsr #1
 459 003e C1F30A01 		ubfx	r1, r1, #0, #11
 460 0042 D160     		str	r1, [r2, #12]
  69:sbus.c        **** 	_channels[5]  = ((buffer[7]>>7 |buffer[8]<<1 |buffer[9]<<9)   & 0x07FF);
 461              		.loc 1 69 0
 462 0044 4FEA0811 		lsl	r1, r8, #4
 463 0048 41EA1414 		orr	r4, r1, r4, lsr #4
  67:sbus.c        **** 	_channels[3]  = ((buffer[5]>>1 |buffer[6]<<7)                 & 0x07FF);
 464              		.loc 1 67 0
 465 004c 46EA8A26 		orr	r6, r6, r10, lsl #10
  70:sbus.c        **** 	_channels[6]  = ((buffer[9]>>2 |buffer[10]<<6)                & 0x07FF);
 466              		.loc 1 70 0
 467 0050 93F80C90 		ldrb	r9, [r3, #12]	@ zero_extendqisi2
  67:sbus.c        **** 	_channels[3]  = ((buffer[5]>>1 |buffer[6]<<7)                 & 0x07FF);
 468              		.loc 1 67 0
 469 0054 C6F30A06 		ubfx	r6, r6, #0, #11
  69:sbus.c        **** 	_channels[5]  = ((buffer[7]>>7 |buffer[8]<<1 |buffer[9]<<9)   & 0x07FF);
 470              		.loc 1 69 0
 471 0058 C4F30A04 		ubfx	r4, r4, #0, #11
  67:sbus.c        **** 	_channels[3]  = ((buffer[5]>>1 |buffer[6]<<7)                 & 0x07FF);
 472              		.loc 1 67 0
 473 005c 9660     		str	r6, [r2, #8]
  69:sbus.c        **** 	_channels[5]  = ((buffer[7]>>7 |buffer[8]<<1 |buffer[9]<<9)   & 0x07FF);
 474              		.loc 1 69 0
 475 005e 1461     		str	r4, [r2, #16]
  70:sbus.c        **** 	_channels[6]  = ((buffer[9]>>2 |buffer[10]<<6)                & 0x07FF);
 476              		.loc 1 70 0
 477 0060 4FEAD816 		lsr	r6, r8, #7
 478 0064 5C7B     		ldrb	r4, [r3, #13]	@ zero_extendqisi2
 479 0066 46EA4906 		orr	r6, r6, r9, lsl #1
  71:sbus.c        **** 	_channels[7]  = ((buffer[10]>>5|buffer[11]<<3)                & 0x07FF);
 480              		.loc 1 71 0
ARM GAS  C:\Users\jon\AppData\Local\Temp\cc6T60OU.s 			page 13


 481 006a 93F80EC0 		ldrb	ip, [r3, #14]	@ zero_extendqisi2
  70:sbus.c        **** 	_channels[6]  = ((buffer[9]>>2 |buffer[10]<<6)                & 0x07FF);
 482              		.loc 1 70 0
 483 006e 46EA4426 		orr	r6, r6, r4, lsl #9
 484 0072 C6F30A06 		ubfx	r6, r6, #0, #11
 485 0076 5661     		str	r6, [r2, #20]
  71:sbus.c        **** 	_channels[7]  = ((buffer[10]>>5|buffer[11]<<3)                & 0x07FF);
 486              		.loc 1 71 0
 487 0078 4FEA8C16 		lsl	r6, ip, #6
  74:sbus.c        **** 	_channels[10] = ((buffer[14]>>6|buffer[15]<<2|buffer[16]<<10) & 0x07FF);
 488              		.loc 1 74 0
 489 007c 9F7C     		ldrb	r7, [r3, #18]	@ zero_extendqisi2
  71:sbus.c        **** 	_channels[7]  = ((buffer[10]>>5|buffer[11]<<3)                & 0x07FF);
 490              		.loc 1 71 0
 491 007e 46EA9404 		orr	r4, r6, r4, lsr #2
 492 0082 C4F30A04 		ubfx	r4, r4, #0, #11
  73:sbus.c        **** 	_channels[9]  = ((buffer[13]>>3|buffer[14]<<5)                & 0x07FF);
 493              		.loc 1 73 0
 494 0086 5E7C     		ldrb	r6, [r3, #17]	@ zero_extendqisi2
  75:sbus.c        **** 	_channels[11] = ((buffer[16]>>1|buffer[17]<<7)                & 0x07FF);
 495              		.loc 1 75 0
 496 0088 D87C     		ldrb	r0, [r3, #19]	@ zero_extendqisi2
 497 008a 4FEA9718 		lsr	r8, r7, #6
  71:sbus.c        **** 	_channels[7]  = ((buffer[10]>>5|buffer[11]<<3)                & 0x07FF);
 498              		.loc 1 71 0
 499 008e 9461     		str	r4, [r2, #24]
  74:sbus.c        **** 	_channels[10] = ((buffer[14]>>6|buffer[15]<<2|buffer[16]<<10) & 0x07FF);
 500              		.loc 1 74 0
 501 0090 7F01     		lsls	r7, r7, #5
  72:sbus.c        **** 	_channels[8]  = ((buffer[12]   |buffer[13]<<8)                & 0x07FF);
 502              		.loc 1 72 0
 503 0092 DC7B     		ldrb	r4, [r3, #15]	@ zero_extendqisi2
  76:sbus.c        **** 	_channels[12] = ((buffer[17]>>4|buffer[18]<<4)                & 0x07FF);
 504              		.loc 1 76 0
 505 0094 93F815E0 		ldrb	lr, [r3, #21]	@ zero_extendqisi2
  77:sbus.c        **** 	_channels[13] = ((buffer[18]>>7|buffer[19]<<1|buffer[20]<<9)  & 0x07FF);
 506              		.loc 1 77 0
 507 0098 997D     		ldrb	r1, [r3, #22]	@ zero_extendqisi2
  74:sbus.c        **** 	_channels[10] = ((buffer[14]>>6|buffer[15]<<2|buffer[16]<<10) & 0x07FF);
 508              		.loc 1 74 0
 509 009a 47EAD607 		orr	r7, r7, r6, lsr #3
  72:sbus.c        **** 	_channels[8]  = ((buffer[12]   |buffer[13]<<8)                & 0x07FF);
 510              		.loc 1 72 0
 511 009e 4FEA5C1C 		lsr	ip, ip, #5
  75:sbus.c        **** 	_channels[11] = ((buffer[16]>>1|buffer[17]<<7)                & 0x07FF);
 512              		.loc 1 75 0
 513 00a2 48EA8000 		orr	r0, r8, r0, lsl #2
  74:sbus.c        **** 	_channels[10] = ((buffer[14]>>6|buffer[15]<<2|buffer[16]<<10) & 0x07FF);
 514              		.loc 1 74 0
 515 00a6 C7F30A07 		ubfx	r7, r7, #0, #11
  75:sbus.c        **** 	_channels[11] = ((buffer[16]>>1|buffer[17]<<7)                & 0x07FF);
 516              		.loc 1 75 0
 517 00aa 93F81480 		ldrb	r8, [r3, #20]	@ zero_extendqisi2
  72:sbus.c        **** 	_channels[8]  = ((buffer[12]   |buffer[13]<<8)                & 0x07FF);
 518              		.loc 1 72 0
 519 00ae 4CEAC404 		orr	r4, ip, r4, lsl #3
  74:sbus.c        **** 	_channels[10] = ((buffer[14]>>6|buffer[15]<<2|buffer[16]<<10) & 0x07FF);
ARM GAS  C:\Users\jon\AppData\Local\Temp\cc6T60OU.s 			page 14


 520              		.loc 1 74 0
 521 00b2 5762     		str	r7, [r2, #36]
  72:sbus.c        **** 	_channels[8]  = ((buffer[12]   |buffer[13]<<8)                & 0x07FF);
 522              		.loc 1 72 0
 523 00b4 D461     		str	r4, [r2, #28]
 524 00b6 1F8A     		ldrh	r7, [r3, #16]
  76:sbus.c        **** 	_channels[12] = ((buffer[17]>>4|buffer[18]<<4)                & 0x07FF);
 525              		.loc 1 76 0
 526 00b8 4FEACE16 		lsl	r6, lr, #7
  77:sbus.c        **** 	_channels[13] = ((buffer[18]>>7|buffer[19]<<1|buffer[20]<<9)  & 0x07FF);
 527              		.loc 1 77 0
 528 00bc 0C01     		lsls	r4, r1, #4
 529 00be 44EA1E14 		orr	r4, r4, lr, lsr #4
  75:sbus.c        **** 	_channels[11] = ((buffer[16]>>1|buffer[17]<<7)                & 0x07FF);
 530              		.loc 1 75 0
 531 00c2 40EA8820 		orr	r0, r0, r8, lsl #10
  76:sbus.c        **** 	_channels[12] = ((buffer[17]>>4|buffer[18]<<4)                & 0x07FF);
 532              		.loc 1 76 0
 533 00c6 46EA5806 		orr	r6, r6, r8, lsr #1
 534 00ca C6F30A06 		ubfx	r6, r6, #0, #11
  75:sbus.c        **** 	_channels[11] = ((buffer[16]>>1|buffer[17]<<7)                & 0x07FF);
 535              		.loc 1 75 0
 536 00ce C0F30A00 		ubfx	r0, r0, #0, #11
  73:sbus.c        **** 	_channels[9]  = ((buffer[13]>>3|buffer[14]<<5)                & 0x07FF);
 537              		.loc 1 73 0
 538 00d2 C7F30A07 		ubfx	r7, r7, #0, #11
  77:sbus.c        **** 	_channels[13] = ((buffer[18]>>7|buffer[19]<<1|buffer[20]<<9)  & 0x07FF);
 539              		.loc 1 77 0
 540 00d6 C4F30A04 		ubfx	r4, r4, #0, #11
  76:sbus.c        **** 	_channels[12] = ((buffer[17]>>4|buffer[18]<<4)                & 0x07FF);
 541              		.loc 1 76 0
 542 00da D662     		str	r6, [r2, #44]
  75:sbus.c        **** 	_channels[11] = ((buffer[16]>>1|buffer[17]<<7)                & 0x07FF);
 543              		.loc 1 75 0
 544 00dc 9062     		str	r0, [r2, #40]
  77:sbus.c        **** 	_channels[13] = ((buffer[18]>>7|buffer[19]<<1|buffer[20]<<9)  & 0x07FF);
 545              		.loc 1 77 0
 546 00de 1463     		str	r4, [r2, #48]
  73:sbus.c        **** 	_channels[9]  = ((buffer[13]>>3|buffer[14]<<5)                & 0x07FF);
 547              		.loc 1 73 0
 548 00e0 1762     		str	r7, [r2, #32]
  78:sbus.c        **** 	_channels[14] = ((buffer[20]>>2|buffer[21]<<6)                & 0x07FF);
 549              		.loc 1 78 0
 550 00e2 1F7E     		ldrb	r7, [r3, #24]	@ zero_extendqisi2
  82:sbus.c        **** 	((buffer[23] >> 1) & 0x0001) ? (_channels[17] = 2047) : (_channels[17] = 0);
 551              		.loc 1 82 0
 552 00e4 DC7E     		ldrb	r4, [r3, #27]	@ zero_extendqisi2
  78:sbus.c        **** 	_channels[14] = ((buffer[20]>>2|buffer[21]<<6)                & 0x07FF);
 553              		.loc 1 78 0
 554 00e6 D87D     		ldrb	r0, [r3, #23]	@ zero_extendqisi2
  82:sbus.c        **** 	((buffer[23] >> 1) & 0x0001) ? (_channels[17] = 2047) : (_channels[17] = 0);
 555              		.loc 1 82 0
 556 00e8 14F0010F 		tst	r4, #1
 557 00ec 18BF     		it	ne
 558 00ee 2E46     		movne	r6, r5
  78:sbus.c        **** 	_channels[14] = ((buffer[20]>>2|buffer[21]<<6)                & 0x07FF);
 559              		.loc 1 78 0
ARM GAS  C:\Users\jon\AppData\Local\Temp\cc6T60OU.s 			page 15


 560 00f0 4FEAD111 		lsr	r1, r1, #7
 561 00f4 41EA4001 		orr	r1, r1, r0, lsl #1
  79:sbus.c        **** 	_channels[15] = ((buffer[21]>>5|buffer[22]<<3)                & 0x07FF);
 562              		.loc 1 79 0
 563 00f8 587E     		ldrb	r0, [r3, #25]	@ zero_extendqisi2
  80:sbus.c        **** 
 564              		.loc 1 80 0
 565 00fa 93F81AE0 		ldrb	lr, [r3, #26]	@ zero_extendqisi2
  79:sbus.c        **** 	_channels[15] = ((buffer[21]>>5|buffer[22]<<3)                & 0x07FF);
 566              		.loc 1 79 0
 567 00fe 4FEA8013 		lsl	r3, r0, #6
  78:sbus.c        **** 	_channels[14] = ((buffer[20]>>2|buffer[21]<<6)                & 0x07FF);
 568              		.loc 1 78 0
 569 0102 41EA4721 		orr	r1, r1, r7, lsl #9
  79:sbus.c        **** 	_channels[15] = ((buffer[21]>>5|buffer[22]<<3)                & 0x07FF);
 570              		.loc 1 79 0
 571 0106 43EA9703 		orr	r3, r3, r7, lsr #2
  82:sbus.c        **** 	((buffer[23] >> 1) & 0x0001) ? (_channels[17] = 2047) : (_channels[17] = 0);
 572              		.loc 1 82 0
 573 010a 08BF     		it	eq
 574 010c 0026     		moveq	r6, #0
  78:sbus.c        **** 	_channels[14] = ((buffer[20]>>2|buffer[21]<<6)                & 0x07FF);
 575              		.loc 1 78 0
 576 010e C1F30A01 		ubfx	r1, r1, #0, #11
  83:sbus.c        **** 
 577              		.loc 1 83 0
 578 0112 14F0020F 		tst	r4, #2
  79:sbus.c        **** 	_channels[15] = ((buffer[21]>>5|buffer[22]<<3)                & 0x07FF);
 579              		.loc 1 79 0
 580 0116 C3F30A03 		ubfx	r3, r3, #0, #11
  80:sbus.c        **** 
 581              		.loc 1 80 0
 582 011a 4FEA5010 		lsr	r0, r0, #5
 583 011e 0C4F     		ldr	r7, .L42+8
  83:sbus.c        **** 
 584              		.loc 1 83 0
 585 0120 08BF     		it	eq
 586 0122 0025     		moveq	r5, #0
  80:sbus.c        **** 
 587              		.loc 1 80 0
 588 0124 40EACE00 		orr	r0, r0, lr, lsl #3
  78:sbus.c        **** 	_channels[14] = ((buffer[20]>>2|buffer[21]<<6)                & 0x07FF);
 589              		.loc 1 78 0
 590 0128 5163     		str	r1, [r2, #52]
  79:sbus.c        **** 	_channels[15] = ((buffer[21]>>5|buffer[22]<<3)                & 0x07FF);
 591              		.loc 1 79 0
 592 012a 9363     		str	r3, [r2, #56]
 593 012c C4F3C001 		ubfx	r1, r4, #3, #1
  91:sbus.c        **** 		_lostFrames++;
 594              		.loc 1 91 0
 595 0130 6307     		lsls	r3, r4, #29
  80:sbus.c        **** 
 596              		.loc 1 80 0
 597 0132 D063     		str	r0, [r2, #60]
 598 0134 1664     		str	r6, [r2, #64]
 599 0136 5564     		str	r5, [r2, #68]
 600 0138 3960     		str	r1, [r7]
ARM GAS  C:\Users\jon\AppData\Local\Temp\cc6T60OU.s 			page 16


  91:sbus.c        **** 		_lostFrames++;
 601              		.loc 1 91 0
 602 013a 03D5     		bpl	.L32
 603              	.LBB14:
 604              		.loc 1 92 0
 605 013c 054A     		ldr	r2, .L42+12
 606 013e 1368     		ldr	r3, [r2]
 607 0140 0133     		adds	r3, r3, #1
 608 0142 1360     		str	r3, [r2]
 609              	.L32:
 610 0144 BDE8F087 		pop	{r4, r5, r6, r7, r8, r9, r10, pc}
 611              	.L43:
 612              		.align	2
 613              	.L42:
 614 0148 00000000 		.word	.LANCHOR0
 615 014c 00000000 		.word	_channels
 616 0150 00000000 		.word	_failsafe
 617 0154 00000000 		.word	_lostFrames
 618              	.LBE14:
 619              		.cfi_endproc
 620              	.LFE66:
 621              		.size	sbus_process, .-sbus_process
 622              		.section	.text.sbus_getChannel,"ax",%progbits
 623              		.align	2
 624              		.global	sbus_getChannel
 625              		.thumb
 626              		.thumb_func
 627              		.type	sbus_getChannel, %function
 628              	sbus_getChannel:
 629              	.LFB67:
  93:sbus.c        **** 	}
  94:sbus.c        **** 
  95:sbus.c        **** }
  96:sbus.c        **** 
  97:sbus.c        **** int sbus_getChannel(int channel) {
 630              		.loc 1 97 0
 631              		.cfi_startproc
 632              		@ args = 0, pretend = 0, frame = 0
 633              		@ frame_needed = 0, uses_anonymous_args = 0
 634              		@ link register save eliminated.
 635              	.LVL6:
  98:sbus.c        **** 	if (channel < 1 || channel > 18) {
 636              		.loc 1 98 0
 637 0000 0138     		subs	r0, r0, #1
 638              	.LVL7:
 639 0002 1128     		cmp	r0, #17
  99:sbus.c        **** 		return 0;
 100:sbus.c        **** 	} else {
 101:sbus.c        **** 		return _channels[channel - 1];
 640              		.loc 1 101 0
 641 0004 9ABF     		itte	ls
 642 0006 024B     		ldrls	r3, .L47
 643 0008 53F82000 		ldrls	r0, [r3, r0, lsl #2]
 644              	.LVL8:
  99:sbus.c        **** 		return 0;
 645              		.loc 1 99 0
 646 000c 0020     		movhi	r0, #0
ARM GAS  C:\Users\jon\AppData\Local\Temp\cc6T60OU.s 			page 17


 102:sbus.c        **** 	}
 103:sbus.c        **** }
 647              		.loc 1 103 0
 648 000e 7047     		bx	lr
 649              	.L48:
 650              		.align	2
 651              	.L47:
 652 0010 00000000 		.word	_channels
 653              		.cfi_endproc
 654              	.LFE67:
 655              		.size	sbus_getChannel, .-sbus_getChannel
 656              		.global	__aeabi_i2d
 657              		.global	__aeabi_ddiv
 658              		.global	__aeabi_d2f
 659              		.section	.text.sbus_getNormalizedChannel,"ax",%progbits
 660              		.align	2
 661              		.global	sbus_getNormalizedChannel
 662              		.thumb
 663              		.thumb_func
 664              		.type	sbus_getNormalizedChannel, %function
 665              	sbus_getNormalizedChannel:
 666              	.LFB68:
 104:sbus.c        **** 
 105:sbus.c        **** 
 106:sbus.c        **** int sbus_getNormalizedChannel(int channel) {
 667              		.loc 1 106 0
 668              		.cfi_startproc
 669              		@ args = 0, pretend = 0, frame = 0
 670              		@ frame_needed = 0, uses_anonymous_args = 0
 671              	.LVL9:
 107:sbus.c        **** 	if (channel < 1 || channel > 18) {
 672              		.loc 1 107 0
 673 0000 0138     		subs	r0, r0, #1
 674              	.LVL10:
 675 0002 1128     		cmp	r0, #17
 676 0004 01D9     		bls	.L54
 108:sbus.c        **** 		return 0;
 677              		.loc 1 108 0
 678 0006 0020     		movs	r0, #0
 679              	.LVL11:
 680 0008 7047     		bx	lr
 681              	.L54:
 106:sbus.c        **** 	if (channel < 1 || channel > 18) {
 682              		.loc 1 106 0
 683 000a 08B5     		push	{r3, lr}
 684              		.cfi_def_cfa_offset 8
 685              		.cfi_offset 3, -8
 686              		.cfi_offset 14, -4
 109:sbus.c        **** 	} else {
 110:sbus.c        **** 		//return lroundf((_channels[channel - 1] / 10.24)) - 100; //9.92 or 10.24?
 111:sbus.c        ****         return lroundf((_channels[channel - 1] - 172) / 8.195) - 100;
 687              		.loc 1 111 0
 688 000c 0A4B     		ldr	r3, .L55+8
 689 000e 53F82000 		ldr	r0, [r3, r0, lsl #2]
 690 0012 AC38     		subs	r0, r0, #172
 691 0014 FFF7FEFF 		bl	__aeabi_i2d
 692              	.LVL12:
ARM GAS  C:\Users\jon\AppData\Local\Temp\cc6T60OU.s 			page 18


 693 0018 05A3     		adr	r3, .L55
 694 001a D3E90023 		ldrd	r2, [r3]
 695 001e FFF7FEFF 		bl	__aeabi_ddiv
 696              	.LVL13:
 697 0022 FFF7FEFF 		bl	__aeabi_d2f
 698              	.LVL14:
 699 0026 FFF7FEFF 		bl	lroundf
 700              	.LVL15:
 701 002a 6438     		subs	r0, r0, #100
 702 002c 08BD     		pop	{r3, pc}
 703              	.L56:
 704 002e 00BF     		.align	3
 705              	.L55:
 706 0030 A4703D0A 		.word	171798692
 707 0034 D7632040 		.word	1075864535
 708 0038 00000000 		.word	_channels
 709              		.cfi_endproc
 710              	.LFE68:
 711              		.size	sbus_getNormalizedChannel, .-sbus_getNormalizedChannel
 712              		.section	.text.sbus_getFailsafeStatus,"ax",%progbits
 713              		.align	2
 714              		.global	sbus_getFailsafeStatus
 715              		.thumb
 716              		.thumb_func
 717              		.type	sbus_getFailsafeStatus, %function
 718              	sbus_getFailsafeStatus:
 719              	.LFB69:
 112:sbus.c        **** 	}
 113:sbus.c        **** }
 114:sbus.c        **** 
 115:sbus.c        **** int sbus_getFailsafeStatus() {
 720              		.loc 1 115 0
 721              		.cfi_startproc
 722              		@ args = 0, pretend = 0, frame = 0
 723              		@ frame_needed = 0, uses_anonymous_args = 0
 724              		@ link register save eliminated.
 116:sbus.c        **** 	return _failsafe;
 725              		.loc 1 116 0
 726 0000 014B     		ldr	r3, .L58
 117:sbus.c        **** }
 727              		.loc 1 117 0
 728 0002 1868     		ldr	r0, [r3]
 729 0004 7047     		bx	lr
 730              	.L59:
 731 0006 00BF     		.align	2
 732              	.L58:
 733 0008 00000000 		.word	_failsafe
 734              		.cfi_endproc
 735              	.LFE69:
 736              		.size	sbus_getFailsafeStatus, .-sbus_getFailsafeStatus
 737              		.section	.text.sbus_getFrameLoss,"ax",%progbits
 738              		.align	2
 739              		.global	sbus_getFrameLoss
 740              		.thumb
 741              		.thumb_func
 742              		.type	sbus_getFrameLoss, %function
 743              	sbus_getFrameLoss:
ARM GAS  C:\Users\jon\AppData\Local\Temp\cc6T60OU.s 			page 19


 744              	.LFB70:
 118:sbus.c        **** 
 119:sbus.c        **** int sbus_getFrameLoss() {
 745              		.loc 1 119 0
 746              		.cfi_startproc
 747              		@ args = 0, pretend = 0, frame = 0
 748              		@ frame_needed = 0, uses_anonymous_args = 0
 749              		@ link register save eliminated.
 120:sbus.c        **** 	return (int) ((_lostFrames + _decoderErrorFrames) * 100 / (_goodFrames + _lostFrames + _decoderErr
 750              		.loc 1 120 0
 751 0000 084A     		ldr	r2, .L62
 752 0002 094B     		ldr	r3, .L62+4
 753 0004 1168     		ldr	r1, [r2]
 754 0006 1B68     		ldr	r3, [r3]
 119:sbus.c        **** 	return (int) ((_lostFrames + _decoderErrorFrames) * 100 / (_goodFrames + _lostFrames + _decoderErr
 755              		.loc 1 119 0
 756 0008 10B4     		push	{r4}
 757              		.cfi_def_cfa_offset 4
 758              		.cfi_offset 4, -4
 759              		.loc 1 120 0
 760 000a 084C     		ldr	r4, .L62+8
 761 000c C818     		adds	r0, r1, r3
 762 000e 6422     		movs	r2, #100
 763 0010 02FB00F0 		mul	r0, r2, r0
 764 0014 2268     		ldr	r2, [r4]
 121:sbus.c        **** }
 765              		.loc 1 121 0
 766 0016 10BC     		pop	{r4}
 767              		.cfi_restore 4
 768              		.cfi_def_cfa_offset 0
 120:sbus.c        **** 	return (int) ((_lostFrames + _decoderErrorFrames) * 100 / (_goodFrames + _lostFrames + _decoderErr
 769              		.loc 1 120 0
 770 0018 0A44     		add	r2, r2, r1
 771 001a 1344     		add	r3, r3, r2
 772              		.loc 1 121 0
 773 001c 90FBF3F0 		sdiv	r0, r0, r3
 774 0020 7047     		bx	lr
 775              	.L63:
 776 0022 00BF     		.align	2
 777              	.L62:
 778 0024 00000000 		.word	_lostFrames
 779 0028 00000000 		.word	_decoderErrorFrames
 780 002c 00000000 		.word	_goodFrames
 781              		.cfi_endproc
 782              	.LFE70:
 783              		.size	sbus_getFrameLoss, .-sbus_getFrameLoss
 784              		.section	.text.sbus_getGoodFrames,"ax",%progbits
 785              		.align	2
 786              		.global	sbus_getGoodFrames
 787              		.thumb
 788              		.thumb_func
 789              		.type	sbus_getGoodFrames, %function
 790              	sbus_getGoodFrames:
 791              	.LFB71:
 122:sbus.c        **** 
 123:sbus.c        **** long sbus_getGoodFrames() {
 792              		.loc 1 123 0
ARM GAS  C:\Users\jon\AppData\Local\Temp\cc6T60OU.s 			page 20


 793              		.cfi_startproc
 794              		@ args = 0, pretend = 0, frame = 0
 795              		@ frame_needed = 0, uses_anonymous_args = 0
 796              		@ link register save eliminated.
 124:sbus.c        **** 	return _goodFrames;
 797              		.loc 1 124 0
 798 0000 014B     		ldr	r3, .L65
 125:sbus.c        **** }
 799              		.loc 1 125 0
 800 0002 1868     		ldr	r0, [r3]
 801 0004 7047     		bx	lr
 802              	.L66:
 803 0006 00BF     		.align	2
 804              	.L65:
 805 0008 00000000 		.word	_goodFrames
 806              		.cfi_endproc
 807              	.LFE71:
 808              		.size	sbus_getGoodFrames, .-sbus_getGoodFrames
 809              		.section	.text.sbus_getLostFrames,"ax",%progbits
 810              		.align	2
 811              		.global	sbus_getLostFrames
 812              		.thumb
 813              		.thumb_func
 814              		.type	sbus_getLostFrames, %function
 815              	sbus_getLostFrames:
 816              	.LFB72:
 126:sbus.c        **** 
 127:sbus.c        **** long sbus_getLostFrames() {
 817              		.loc 1 127 0
 818              		.cfi_startproc
 819              		@ args = 0, pretend = 0, frame = 0
 820              		@ frame_needed = 0, uses_anonymous_args = 0
 821              		@ link register save eliminated.
 128:sbus.c        **** 	return _lostFrames;
 822              		.loc 1 128 0
 823 0000 014B     		ldr	r3, .L68
 129:sbus.c        **** }
 824              		.loc 1 129 0
 825 0002 1868     		ldr	r0, [r3]
 826 0004 7047     		bx	lr
 827              	.L69:
 828 0006 00BF     		.align	2
 829              	.L68:
 830 0008 00000000 		.word	_lostFrames
 831              		.cfi_endproc
 832              	.LFE72:
 833              		.size	sbus_getLostFrames, .-sbus_getLostFrames
 834              		.section	.text.sbus_getDecoderErrorFrames,"ax",%progbits
 835              		.align	2
 836              		.global	sbus_getDecoderErrorFrames
 837              		.thumb
 838              		.thumb_func
 839              		.type	sbus_getDecoderErrorFrames, %function
 840              	sbus_getDecoderErrorFrames:
 841              	.LFB73:
 130:sbus.c        **** 
 131:sbus.c        **** long sbus_getDecoderErrorFrames() {
ARM GAS  C:\Users\jon\AppData\Local\Temp\cc6T60OU.s 			page 21


 842              		.loc 1 131 0
 843              		.cfi_startproc
 844              		@ args = 0, pretend = 0, frame = 0
 845              		@ frame_needed = 0, uses_anonymous_args = 0
 846              		@ link register save eliminated.
 132:sbus.c        **** 	return _decoderErrorFrames;
 847              		.loc 1 132 0
 848 0000 014B     		ldr	r3, .L71
 133:sbus.c        **** }
 849              		.loc 1 133 0
 850 0002 1868     		ldr	r0, [r3]
 851 0004 7047     		bx	lr
 852              	.L72:
 853 0006 00BF     		.align	2
 854              	.L71:
 855 0008 00000000 		.word	_decoderErrorFrames
 856              		.cfi_endproc
 857              	.LFE73:
 858              		.size	sbus_getDecoderErrorFrames, .-sbus_getDecoderErrorFrames
 859              		.comm	_readErrorState,4,4
 860              		.comm	_decoderErrorFrames,4,4
 861              		.comm	_lostFrames,4,4
 862              		.comm	_goodFrames,4,4
 863              		.comm	_failsafe,4,4
 864              		.comm	_channels,72,4
 865              		.bss
 866              		.align	2
 867              		.set	.LANCHOR0,. + 0
 868              		.type	buffer_index, %object
 869              		.size	buffer_index, 1
 870              	buffer_index:
 871 0000 00       		.space	1
 872 0001 000000   		.space	3
 873              		.type	buffer, %object
 874              		.size	buffer, 25
 875              	buffer:
 876 0004 00000000 		.space	25
 876      00000000 
 876      00000000 
 876      00000000 
 876      00000000 
 877              		.text
 878              	.Letext0:
 879              		.file 2 "c:\\program files (x86)\\cypress\\psoc creator\\4.2\\psoc creator\\import\\gnu\\arm\\5.4.
 880              		.file 3 "c:\\program files (x86)\\cypress\\psoc creator\\4.2\\psoc creator\\import\\gnu\\arm\\5.4.
 881              		.file 4 "Generated_Source\\PSoC5/core_cm3.h"
 882              		.file 5 "Generated_Source\\PSoC5/SBUS_UART.h"
 883              		.file 6 "Generated_Source\\PSoC5/SBUS_Interrupt.h"
 884              		.file 7 "c:\\program files (x86)\\cypress\\psoc creator\\4.2\\psoc creator\\import\\gnu\\arm\\5.4.
 885              		.section	.debug_info,"",%progbits
 886              	.Ldebug_info0:
 887 0000 33030000 		.4byte	0x333
 888 0004 0400     		.2byte	0x4
 889 0006 00000000 		.4byte	.Ldebug_abbrev0
 890 000a 04       		.byte	0x4
 891 000b 01       		.uleb128 0x1
 892 000c 4E000000 		.4byte	.LASF41
ARM GAS  C:\Users\jon\AppData\Local\Temp\cc6T60OU.s 			page 22


 893 0010 0C       		.byte	0xc
 894 0011 F2000000 		.4byte	.LASF42
 895 0015 CC020000 		.4byte	.LASF43
 896 0019 00000000 		.4byte	.Ldebug_ranges0+0
 897 001d 00000000 		.4byte	0
 898 0021 00000000 		.4byte	.Ldebug_line0
 899 0025 02       		.uleb128 0x2
 900 0026 01       		.byte	0x1
 901 0027 06       		.byte	0x6
 902 0028 C0020000 		.4byte	.LASF0
 903 002c 02       		.uleb128 0x2
 904 002d 01       		.byte	0x1
 905 002e 08       		.byte	0x8
 906 002f 4E010000 		.4byte	.LASF1
 907 0033 02       		.uleb128 0x2
 908 0034 02       		.byte	0x2
 909 0035 05       		.byte	0x5
 910 0036 82020000 		.4byte	.LASF2
 911 003a 02       		.uleb128 0x2
 912 003b 02       		.byte	0x2
 913 003c 07       		.byte	0x7
 914 003d 93010000 		.4byte	.LASF3
 915 0041 03       		.uleb128 0x3
 916 0042 DC000000 		.4byte	.LASF9
 917 0046 02       		.byte	0x2
 918 0047 3F       		.byte	0x3f
 919 0048 4C000000 		.4byte	0x4c
 920 004c 02       		.uleb128 0x2
 921 004d 04       		.byte	0x4
 922 004e 05       		.byte	0x5
 923 004f AB020000 		.4byte	.LASF4
 924 0053 02       		.uleb128 0x2
 925 0054 04       		.byte	0x4
 926 0055 07       		.byte	0x7
 927 0056 6C010000 		.4byte	.LASF5
 928 005a 02       		.uleb128 0x2
 929 005b 08       		.byte	0x8
 930 005c 05       		.byte	0x5
 931 005d 62020000 		.4byte	.LASF6
 932 0061 02       		.uleb128 0x2
 933 0062 08       		.byte	0x8
 934 0063 07       		.byte	0x7
 935 0064 20010000 		.4byte	.LASF7
 936 0068 04       		.uleb128 0x4
 937 0069 04       		.byte	0x4
 938 006a 05       		.byte	0x5
 939 006b 696E7400 		.ascii	"int\000"
 940 006f 02       		.uleb128 0x2
 941 0070 04       		.byte	0x4
 942 0071 07       		.byte	0x7
 943 0072 EA010000 		.4byte	.LASF8
 944 0076 03       		.uleb128 0x3
 945 0077 12010000 		.4byte	.LASF10
 946 007b 03       		.byte	0x3
 947 007c 2C       		.byte	0x2c
 948 007d 41000000 		.4byte	0x41
 949 0081 02       		.uleb128 0x2
ARM GAS  C:\Users\jon\AppData\Local\Temp\cc6T60OU.s 			page 23


 950 0082 04       		.byte	0x4
 951 0083 04       		.byte	0x4
 952 0084 1A010000 		.4byte	.LASF11
 953 0088 02       		.uleb128 0x2
 954 0089 08       		.byte	0x8
 955 008a 04       		.byte	0x4
 956 008b CC010000 		.4byte	.LASF12
 957 008f 02       		.uleb128 0x2
 958 0090 01       		.byte	0x1
 959 0091 08       		.byte	0x8
 960 0092 70020000 		.4byte	.LASF13
 961 0096 02       		.uleb128 0x2
 962 0097 08       		.byte	0x8
 963 0098 04       		.byte	0x4
 964 0099 B4020000 		.4byte	.LASF14
 965 009d 02       		.uleb128 0x2
 966 009e 04       		.byte	0x4
 967 009f 07       		.byte	0x7
 968 00a0 59020000 		.4byte	.LASF15
 969 00a4 03       		.uleb128 0x3
 970 00a5 0D010000 		.4byte	.LASF16
 971 00a9 01       		.byte	0x1
 972 00aa 0A       		.byte	0xa
 973 00ab 2C000000 		.4byte	0x2c
 974 00af 05       		.uleb128 0x5
 975 00b0 93020000 		.4byte	.LASF44
 976 00b4 01       		.byte	0x1
 977 00b5 3F       		.byte	0x3f
 978 00b6 03       		.byte	0x3
 979 00b7 06       		.uleb128 0x6
 980 00b8 1D000000 		.4byte	.LASF45
 981 00bc 01       		.byte	0x1
 982 00bd 2C       		.byte	0x2c
 983 00be 01       		.byte	0x1
 984 00bf 07       		.uleb128 0x7
 985 00c0 B7000000 		.4byte	0xb7
 986 00c4 00000000 		.4byte	.LFB65
 987 00c8 A8010000 		.4byte	.LFE65-.LFB65
 988 00cc 01       		.uleb128 0x1
 989 00cd 9C       		.byte	0x9c
 990 00ce EB000000 		.4byte	0xeb
 991 00d2 08       		.uleb128 0x8
 992 00d3 AF000000 		.4byte	0xaf
 993 00d7 4A000000 		.4byte	.LBB9
 994 00db 38010000 		.4byte	.LBE9-.LBB9
 995 00df 01       		.byte	0x1
 996 00e0 35       		.byte	0x35
 997 00e1 09       		.uleb128 0x9
 998 00e2 0C000000 		.4byte	.LVL0
 999 00e6 F5020000 		.4byte	0x2f5
 1000 00ea 00       		.byte	0
 1001 00eb 0A       		.uleb128 0xa
 1002 00ec A6010000 		.4byte	.LASF17
 1003 00f0 01       		.byte	0x1
 1004 00f1 19       		.byte	0x19
 1005 00f2 00000000 		.4byte	.LFB63
 1006 00f6 48000000 		.4byte	.LFE63-.LFB63
ARM GAS  C:\Users\jon\AppData\Local\Temp\cc6T60OU.s 			page 24


 1007 00fa 01       		.uleb128 0x1
 1008 00fb 9C       		.byte	0x9c
 1009 00fc 20010000 		.4byte	0x120
 1010 0100 0B       		.uleb128 0xb
 1011 0101 18000000 		.4byte	.LVL2
 1012 0105 00030000 		.4byte	0x300
 1013 0109 0C       		.uleb128 0xc
 1014 010a 01       		.uleb128 0x1
 1015 010b 50       		.byte	0x50
 1016 010c 05       		.uleb128 0x5
 1017 010d 03       		.byte	0x3
 1018 010e 00000000 		.4byte	_channels
 1019 0112 0C       		.uleb128 0xc
 1020 0113 01       		.uleb128 0x1
 1021 0114 51       		.byte	0x51
 1022 0115 02       		.uleb128 0x2
 1023 0116 74       		.byte	0x74
 1024 0117 00       		.sleb128 0
 1025 0118 0C       		.uleb128 0xc
 1026 0119 01       		.uleb128 0x1
 1027 011a 52       		.byte	0x52
 1028 011b 02       		.uleb128 0x2
 1029 011c 08       		.byte	0x8
 1030 011d 48       		.byte	0x48
 1031 011e 00       		.byte	0
 1032 011f 00       		.byte	0
 1033 0120 0A       		.uleb128 0xa
 1034 0121 A0020000 		.4byte	.LASF18
 1035 0125 01       		.byte	0x1
 1036 0126 25       		.byte	0x25
 1037 0127 00000000 		.4byte	.LFB64
 1038 012b 1C000000 		.4byte	.LFE64-.LFB64
 1039 012f 01       		.uleb128 0x1
 1040 0130 9C       		.byte	0x9c
 1041 0131 69010000 		.4byte	0x169
 1042 0135 0D       		.uleb128 0xd
 1043 0136 08000000 		.4byte	.LVL3
 1044 013a 09030000 		.4byte	0x309
 1045 013e 4C010000 		.4byte	0x14c
 1046 0142 0C       		.uleb128 0xc
 1047 0143 01       		.uleb128 0x1
 1048 0144 50       		.byte	0x50
 1049 0145 05       		.uleb128 0x5
 1050 0146 03       		.byte	0x3
 1051 0147 00000000 		.4byte	sbus_recv
 1052 014b 00       		.byte	0
 1053 014c 0D       		.uleb128 0xd
 1054 014d 0E000000 		.4byte	.LVL4
 1055 0151 14030000 		.4byte	0x314
 1056 0155 5F010000 		.4byte	0x15f
 1057 0159 0C       		.uleb128 0xc
 1058 015a 01       		.uleb128 0x1
 1059 015b 50       		.byte	0x50
 1060 015c 01       		.uleb128 0x1
 1061 015d 31       		.byte	0x31
 1062 015e 00       		.byte	0
 1063 015f 0E       		.uleb128 0xe
ARM GAS  C:\Users\jon\AppData\Local\Temp\cc6T60OU.s 			page 25


 1064 0160 16000000 		.4byte	.LVL5
 1065 0164 1F030000 		.4byte	0x31f
 1066 0168 00       		.byte	0
 1067 0169 0F       		.uleb128 0xf
 1068 016a AF000000 		.4byte	0xaf
 1069 016e 00000000 		.4byte	.LFB66
 1070 0172 58010000 		.4byte	.LFE66-.LFB66
 1071 0176 01       		.uleb128 0x1
 1072 0177 9C       		.byte	0x9c
 1073 0178 10       		.uleb128 0x10
 1074 0179 F7010000 		.4byte	.LASF19
 1075 017d 01       		.byte	0x1
 1076 017e 61       		.byte	0x61
 1077 017f 68000000 		.4byte	0x68
 1078 0183 00000000 		.4byte	.LFB67
 1079 0187 14000000 		.4byte	.LFE67-.LFB67
 1080 018b 01       		.uleb128 0x1
 1081 018c 9C       		.byte	0x9c
 1082 018d A1010000 		.4byte	0x1a1
 1083 0191 11       		.uleb128 0x11
 1084 0192 33000000 		.4byte	.LASF21
 1085 0196 01       		.byte	0x1
 1086 0197 61       		.byte	0x61
 1087 0198 68000000 		.4byte	0x68
 1088 019c 00000000 		.4byte	.LLST0
 1089 01a0 00       		.byte	0
 1090 01a1 12       		.uleb128 0x12
 1091 01a2 06030000 		.4byte	.LASF20
 1092 01a6 01       		.byte	0x1
 1093 01a7 6A       		.byte	0x6a
 1094 01a8 68000000 		.4byte	0x68
 1095 01ac 00000000 		.4byte	.LFB68
 1096 01b0 3C000000 		.4byte	.LFE68-.LFB68
 1097 01b4 01       		.uleb128 0x1
 1098 01b5 9C       		.byte	0x9c
 1099 01b6 D3010000 		.4byte	0x1d3
 1100 01ba 11       		.uleb128 0x11
 1101 01bb 33000000 		.4byte	.LASF21
 1102 01bf 01       		.byte	0x1
 1103 01c0 6A       		.byte	0x6a
 1104 01c1 68000000 		.4byte	0x68
 1105 01c5 2E000000 		.4byte	.LLST1
 1106 01c9 09       		.uleb128 0x9
 1107 01ca 2A000000 		.4byte	.LVL15
 1108 01ce 2A030000 		.4byte	0x32a
 1109 01d2 00       		.byte	0
 1110 01d3 13       		.uleb128 0x13
 1111 01d4 37010000 		.4byte	.LASF22
 1112 01d8 01       		.byte	0x1
 1113 01d9 73       		.byte	0x73
 1114 01da 68000000 		.4byte	0x68
 1115 01de 00000000 		.4byte	.LFB69
 1116 01e2 0C000000 		.4byte	.LFE69-.LFB69
 1117 01e6 01       		.uleb128 0x1
 1118 01e7 9C       		.byte	0x9c
 1119 01e8 13       		.uleb128 0x13
 1120 01e9 3D020000 		.4byte	.LASF23
ARM GAS  C:\Users\jon\AppData\Local\Temp\cc6T60OU.s 			page 26


 1121 01ed 01       		.byte	0x1
 1122 01ee 77       		.byte	0x77
 1123 01ef 68000000 		.4byte	0x68
 1124 01f3 00000000 		.4byte	.LFB70
 1125 01f7 30000000 		.4byte	.LFE70-.LFB70
 1126 01fb 01       		.uleb128 0x1
 1127 01fc 9C       		.byte	0x9c
 1128 01fd 13       		.uleb128 0x13
 1129 01fe 3B000000 		.4byte	.LASF24
 1130 0202 01       		.byte	0x1
 1131 0203 7B       		.byte	0x7b
 1132 0204 4C000000 		.4byte	0x4c
 1133 0208 00000000 		.4byte	.LFB71
 1134 020c 0C000000 		.4byte	.LFE71-.LFB71
 1135 0210 01       		.uleb128 0x1
 1136 0211 9C       		.byte	0x9c
 1137 0212 13       		.uleb128 0x13
 1138 0213 00000000 		.4byte	.LASF25
 1139 0217 01       		.byte	0x1
 1140 0218 7F       		.byte	0x7f
 1141 0219 4C000000 		.4byte	0x4c
 1142 021d 00000000 		.4byte	.LFB72
 1143 0221 0C000000 		.4byte	.LFE72-.LFB72
 1144 0225 01       		.uleb128 0x1
 1145 0226 9C       		.byte	0x9c
 1146 0227 13       		.uleb128 0x13
 1147 0228 22020000 		.4byte	.LASF26
 1148 022c 01       		.byte	0x1
 1149 022d 83       		.byte	0x83
 1150 022e 4C000000 		.4byte	0x4c
 1151 0232 00000000 		.4byte	.LFB73
 1152 0236 0C000000 		.4byte	.LFE73-.LFB73
 1153 023a 01       		.uleb128 0x1
 1154 023b 9C       		.byte	0x9c
 1155 023c 14       		.uleb128 0x14
 1156 023d A4000000 		.4byte	0xa4
 1157 0241 4C020000 		.4byte	0x24c
 1158 0245 15       		.uleb128 0x15
 1159 0246 9D000000 		.4byte	0x9d
 1160 024a 18       		.byte	0x18
 1161 024b 00       		.byte	0
 1162 024c 16       		.uleb128 0x16
 1163 024d 8C020000 		.4byte	.LASF27
 1164 0251 01       		.byte	0x1
 1165 0252 13       		.byte	0x13
 1166 0253 3C020000 		.4byte	0x23c
 1167 0257 05       		.uleb128 0x5
 1168 0258 03       		.byte	0x3
 1169 0259 04000000 		.4byte	buffer
 1170 025d 16       		.uleb128 0x16
 1171 025e 75020000 		.4byte	.LASF28
 1172 0262 01       		.byte	0x1
 1173 0263 14       		.byte	0x14
 1174 0264 A4000000 		.4byte	0xa4
 1175 0268 05       		.uleb128 0x5
 1176 0269 03       		.byte	0x3
 1177 026a 00000000 		.4byte	buffer_index
ARM GAS  C:\Users\jon\AppData\Local\Temp\cc6T60OU.s 			page 27


 1178 026e 17       		.uleb128 0x17
 1179 026f B8010000 		.4byte	.LASF29
 1180 0273 04       		.byte	0x4
 1181 0274 1207     		.2byte	0x712
 1182 0276 7A020000 		.4byte	0x27a
 1183 027a 18       		.uleb128 0x18
 1184 027b 76000000 		.4byte	0x76
 1185 027f 14       		.uleb128 0x14
 1186 0280 68000000 		.4byte	0x68
 1187 0284 8F020000 		.4byte	0x28f
 1188 0288 15       		.uleb128 0x15
 1189 0289 9D000000 		.4byte	0x9d
 1190 028d 11       		.byte	0x11
 1191 028e 00       		.byte	0
 1192 028f 19       		.uleb128 0x19
 1193 0290 4F020000 		.4byte	.LASF30
 1194 0294 01       		.byte	0x1
 1195 0295 0C       		.byte	0xc
 1196 0296 7F020000 		.4byte	0x27f
 1197 029a 05       		.uleb128 0x5
 1198 029b 03       		.byte	0x3
 1199 029c 00000000 		.4byte	_channels
 1200 02a0 19       		.uleb128 0x19
 1201 02a1 13000000 		.4byte	.LASF31
 1202 02a5 01       		.byte	0x1
 1203 02a6 0D       		.byte	0xd
 1204 02a7 68000000 		.4byte	0x68
 1205 02ab 05       		.uleb128 0x5
 1206 02ac 03       		.byte	0x3
 1207 02ad 00000000 		.4byte	_failsafe
 1208 02b1 19       		.uleb128 0x19
 1209 02b2 E6000000 		.4byte	.LASF32
 1210 02b6 01       		.byte	0x1
 1211 02b7 0E       		.byte	0xe
 1212 02b8 4C000000 		.4byte	0x4c
 1213 02bc 05       		.uleb128 0x5
 1214 02bd 03       		.byte	0x3
 1215 02be 00000000 		.4byte	_goodFrames
 1216 02c2 19       		.uleb128 0x19
 1217 02c3 27000000 		.4byte	.LASF33
 1218 02c7 01       		.byte	0x1
 1219 02c8 0F       		.byte	0xf
 1220 02c9 4C000000 		.4byte	0x4c
 1221 02cd 05       		.uleb128 0x5
 1222 02ce 03       		.byte	0x3
 1223 02cf 00000000 		.4byte	_lostFrames
 1224 02d3 19       		.uleb128 0x19
 1225 02d4 F9000000 		.4byte	.LASF34
 1226 02d8 01       		.byte	0x1
 1227 02d9 10       		.byte	0x10
 1228 02da 4C000000 		.4byte	0x4c
 1229 02de 05       		.uleb128 0x5
 1230 02df 03       		.byte	0x3
 1231 02e0 00000000 		.4byte	_decoderErrorFrames
 1232 02e4 19       		.uleb128 0x19
 1233 02e5 20030000 		.4byte	.LASF35
 1234 02e9 01       		.byte	0x1
ARM GAS  C:\Users\jon\AppData\Local\Temp\cc6T60OU.s 			page 28


 1235 02ea 11       		.byte	0x11
 1236 02eb 68000000 		.4byte	0x68
 1237 02ef 05       		.uleb128 0x5
 1238 02f0 03       		.byte	0x3
 1239 02f1 00000000 		.4byte	_readErrorState
 1240 02f5 1A       		.uleb128 0x1a
 1241 02f6 7E010000 		.4byte	.LASF36
 1242 02fa 7E010000 		.4byte	.LASF36
 1243 02fe 05       		.byte	0x5
 1244 02ff 6F       		.byte	0x6f
 1245 0300 1B       		.uleb128 0x1b
 1246 0301 C5010000 		.4byte	.LASF46
 1247 0305 C5010000 		.4byte	.LASF46
 1248 0309 1A       		.uleb128 0x1a
 1249 030a D3010000 		.4byte	.LASF37
 1250 030e D3010000 		.4byte	.LASF37
 1251 0312 06       		.byte	0x6
 1252 0313 18       		.byte	0x18
 1253 0314 1A       		.uleb128 0x1a
 1254 0315 07020000 		.4byte	.LASF38
 1255 0319 07020000 		.4byte	.LASF38
 1256 031d 06       		.byte	0x6
 1257 031e 20       		.byte	0x20
 1258 031f 1A       		.uleb128 0x1a
 1259 0320 5C010000 		.4byte	.LASF39
 1260 0324 5C010000 		.4byte	.LASF39
 1261 0328 05       		.byte	0x5
 1262 0329 54       		.byte	0x54
 1263 032a 1C       		.uleb128 0x1c
 1264 032b B0010000 		.4byte	.LASF40
 1265 032f B0010000 		.4byte	.LASF40
 1266 0333 07       		.byte	0x7
 1267 0334 9201     		.2byte	0x192
 1268 0336 00       		.byte	0
 1269              		.section	.debug_abbrev,"",%progbits
 1270              	.Ldebug_abbrev0:
 1271 0000 01       		.uleb128 0x1
 1272 0001 11       		.uleb128 0x11
 1273 0002 01       		.byte	0x1
 1274 0003 25       		.uleb128 0x25
 1275 0004 0E       		.uleb128 0xe
 1276 0005 13       		.uleb128 0x13
 1277 0006 0B       		.uleb128 0xb
 1278 0007 03       		.uleb128 0x3
 1279 0008 0E       		.uleb128 0xe
 1280 0009 1B       		.uleb128 0x1b
 1281 000a 0E       		.uleb128 0xe
 1282 000b 55       		.uleb128 0x55
 1283 000c 17       		.uleb128 0x17
 1284 000d 11       		.uleb128 0x11
 1285 000e 01       		.uleb128 0x1
 1286 000f 10       		.uleb128 0x10
 1287 0010 17       		.uleb128 0x17
 1288 0011 00       		.byte	0
 1289 0012 00       		.byte	0
 1290 0013 02       		.uleb128 0x2
 1291 0014 24       		.uleb128 0x24
ARM GAS  C:\Users\jon\AppData\Local\Temp\cc6T60OU.s 			page 29


 1292 0015 00       		.byte	0
 1293 0016 0B       		.uleb128 0xb
 1294 0017 0B       		.uleb128 0xb
 1295 0018 3E       		.uleb128 0x3e
 1296 0019 0B       		.uleb128 0xb
 1297 001a 03       		.uleb128 0x3
 1298 001b 0E       		.uleb128 0xe
 1299 001c 00       		.byte	0
 1300 001d 00       		.byte	0
 1301 001e 03       		.uleb128 0x3
 1302 001f 16       		.uleb128 0x16
 1303 0020 00       		.byte	0
 1304 0021 03       		.uleb128 0x3
 1305 0022 0E       		.uleb128 0xe
 1306 0023 3A       		.uleb128 0x3a
 1307 0024 0B       		.uleb128 0xb
 1308 0025 3B       		.uleb128 0x3b
 1309 0026 0B       		.uleb128 0xb
 1310 0027 49       		.uleb128 0x49
 1311 0028 13       		.uleb128 0x13
 1312 0029 00       		.byte	0
 1313 002a 00       		.byte	0
 1314 002b 04       		.uleb128 0x4
 1315 002c 24       		.uleb128 0x24
 1316 002d 00       		.byte	0
 1317 002e 0B       		.uleb128 0xb
 1318 002f 0B       		.uleb128 0xb
 1319 0030 3E       		.uleb128 0x3e
 1320 0031 0B       		.uleb128 0xb
 1321 0032 03       		.uleb128 0x3
 1322 0033 08       		.uleb128 0x8
 1323 0034 00       		.byte	0
 1324 0035 00       		.byte	0
 1325 0036 05       		.uleb128 0x5
 1326 0037 2E       		.uleb128 0x2e
 1327 0038 00       		.byte	0
 1328 0039 3F       		.uleb128 0x3f
 1329 003a 19       		.uleb128 0x19
 1330 003b 03       		.uleb128 0x3
 1331 003c 0E       		.uleb128 0xe
 1332 003d 3A       		.uleb128 0x3a
 1333 003e 0B       		.uleb128 0xb
 1334 003f 3B       		.uleb128 0x3b
 1335 0040 0B       		.uleb128 0xb
 1336 0041 20       		.uleb128 0x20
 1337 0042 0B       		.uleb128 0xb
 1338 0043 00       		.byte	0
 1339 0044 00       		.byte	0
 1340 0045 06       		.uleb128 0x6
 1341 0046 2E       		.uleb128 0x2e
 1342 0047 00       		.byte	0
 1343 0048 3F       		.uleb128 0x3f
 1344 0049 19       		.uleb128 0x19
 1345 004a 03       		.uleb128 0x3
 1346 004b 0E       		.uleb128 0xe
 1347 004c 3A       		.uleb128 0x3a
 1348 004d 0B       		.uleb128 0xb
ARM GAS  C:\Users\jon\AppData\Local\Temp\cc6T60OU.s 			page 30


 1349 004e 3B       		.uleb128 0x3b
 1350 004f 0B       		.uleb128 0xb
 1351 0050 27       		.uleb128 0x27
 1352 0051 19       		.uleb128 0x19
 1353 0052 20       		.uleb128 0x20
 1354 0053 0B       		.uleb128 0xb
 1355 0054 00       		.byte	0
 1356 0055 00       		.byte	0
 1357 0056 07       		.uleb128 0x7
 1358 0057 2E       		.uleb128 0x2e
 1359 0058 01       		.byte	0x1
 1360 0059 31       		.uleb128 0x31
 1361 005a 13       		.uleb128 0x13
 1362 005b 11       		.uleb128 0x11
 1363 005c 01       		.uleb128 0x1
 1364 005d 12       		.uleb128 0x12
 1365 005e 06       		.uleb128 0x6
 1366 005f 40       		.uleb128 0x40
 1367 0060 18       		.uleb128 0x18
 1368 0061 9742     		.uleb128 0x2117
 1369 0063 19       		.uleb128 0x19
 1370 0064 01       		.uleb128 0x1
 1371 0065 13       		.uleb128 0x13
 1372 0066 00       		.byte	0
 1373 0067 00       		.byte	0
 1374 0068 08       		.uleb128 0x8
 1375 0069 1D       		.uleb128 0x1d
 1376 006a 00       		.byte	0
 1377 006b 31       		.uleb128 0x31
 1378 006c 13       		.uleb128 0x13
 1379 006d 11       		.uleb128 0x11
 1380 006e 01       		.uleb128 0x1
 1381 006f 12       		.uleb128 0x12
 1382 0070 06       		.uleb128 0x6
 1383 0071 58       		.uleb128 0x58
 1384 0072 0B       		.uleb128 0xb
 1385 0073 59       		.uleb128 0x59
 1386 0074 0B       		.uleb128 0xb
 1387 0075 00       		.byte	0
 1388 0076 00       		.byte	0
 1389 0077 09       		.uleb128 0x9
 1390 0078 898201   		.uleb128 0x4109
 1391 007b 00       		.byte	0
 1392 007c 11       		.uleb128 0x11
 1393 007d 01       		.uleb128 0x1
 1394 007e 31       		.uleb128 0x31
 1395 007f 13       		.uleb128 0x13
 1396 0080 00       		.byte	0
 1397 0081 00       		.byte	0
 1398 0082 0A       		.uleb128 0xa
 1399 0083 2E       		.uleb128 0x2e
 1400 0084 01       		.byte	0x1
 1401 0085 3F       		.uleb128 0x3f
 1402 0086 19       		.uleb128 0x19
 1403 0087 03       		.uleb128 0x3
 1404 0088 0E       		.uleb128 0xe
 1405 0089 3A       		.uleb128 0x3a
ARM GAS  C:\Users\jon\AppData\Local\Temp\cc6T60OU.s 			page 31


 1406 008a 0B       		.uleb128 0xb
 1407 008b 3B       		.uleb128 0x3b
 1408 008c 0B       		.uleb128 0xb
 1409 008d 11       		.uleb128 0x11
 1410 008e 01       		.uleb128 0x1
 1411 008f 12       		.uleb128 0x12
 1412 0090 06       		.uleb128 0x6
 1413 0091 40       		.uleb128 0x40
 1414 0092 18       		.uleb128 0x18
 1415 0093 9742     		.uleb128 0x2117
 1416 0095 19       		.uleb128 0x19
 1417 0096 01       		.uleb128 0x1
 1418 0097 13       		.uleb128 0x13
 1419 0098 00       		.byte	0
 1420 0099 00       		.byte	0
 1421 009a 0B       		.uleb128 0xb
 1422 009b 898201   		.uleb128 0x4109
 1423 009e 01       		.byte	0x1
 1424 009f 11       		.uleb128 0x11
 1425 00a0 01       		.uleb128 0x1
 1426 00a1 31       		.uleb128 0x31
 1427 00a2 13       		.uleb128 0x13
 1428 00a3 00       		.byte	0
 1429 00a4 00       		.byte	0
 1430 00a5 0C       		.uleb128 0xc
 1431 00a6 8A8201   		.uleb128 0x410a
 1432 00a9 00       		.byte	0
 1433 00aa 02       		.uleb128 0x2
 1434 00ab 18       		.uleb128 0x18
 1435 00ac 9142     		.uleb128 0x2111
 1436 00ae 18       		.uleb128 0x18
 1437 00af 00       		.byte	0
 1438 00b0 00       		.byte	0
 1439 00b1 0D       		.uleb128 0xd
 1440 00b2 898201   		.uleb128 0x4109
 1441 00b5 01       		.byte	0x1
 1442 00b6 11       		.uleb128 0x11
 1443 00b7 01       		.uleb128 0x1
 1444 00b8 31       		.uleb128 0x31
 1445 00b9 13       		.uleb128 0x13
 1446 00ba 01       		.uleb128 0x1
 1447 00bb 13       		.uleb128 0x13
 1448 00bc 00       		.byte	0
 1449 00bd 00       		.byte	0
 1450 00be 0E       		.uleb128 0xe
 1451 00bf 898201   		.uleb128 0x4109
 1452 00c2 00       		.byte	0
 1453 00c3 11       		.uleb128 0x11
 1454 00c4 01       		.uleb128 0x1
 1455 00c5 9542     		.uleb128 0x2115
 1456 00c7 19       		.uleb128 0x19
 1457 00c8 31       		.uleb128 0x31
 1458 00c9 13       		.uleb128 0x13
 1459 00ca 00       		.byte	0
 1460 00cb 00       		.byte	0
 1461 00cc 0F       		.uleb128 0xf
 1462 00cd 2E       		.uleb128 0x2e
ARM GAS  C:\Users\jon\AppData\Local\Temp\cc6T60OU.s 			page 32


 1463 00ce 00       		.byte	0
 1464 00cf 31       		.uleb128 0x31
 1465 00d0 13       		.uleb128 0x13
 1466 00d1 11       		.uleb128 0x11
 1467 00d2 01       		.uleb128 0x1
 1468 00d3 12       		.uleb128 0x12
 1469 00d4 06       		.uleb128 0x6
 1470 00d5 40       		.uleb128 0x40
 1471 00d6 18       		.uleb128 0x18
 1472 00d7 9742     		.uleb128 0x2117
 1473 00d9 19       		.uleb128 0x19
 1474 00da 00       		.byte	0
 1475 00db 00       		.byte	0
 1476 00dc 10       		.uleb128 0x10
 1477 00dd 2E       		.uleb128 0x2e
 1478 00de 01       		.byte	0x1
 1479 00df 3F       		.uleb128 0x3f
 1480 00e0 19       		.uleb128 0x19
 1481 00e1 03       		.uleb128 0x3
 1482 00e2 0E       		.uleb128 0xe
 1483 00e3 3A       		.uleb128 0x3a
 1484 00e4 0B       		.uleb128 0xb
 1485 00e5 3B       		.uleb128 0x3b
 1486 00e6 0B       		.uleb128 0xb
 1487 00e7 27       		.uleb128 0x27
 1488 00e8 19       		.uleb128 0x19
 1489 00e9 49       		.uleb128 0x49
 1490 00ea 13       		.uleb128 0x13
 1491 00eb 11       		.uleb128 0x11
 1492 00ec 01       		.uleb128 0x1
 1493 00ed 12       		.uleb128 0x12
 1494 00ee 06       		.uleb128 0x6
 1495 00ef 40       		.uleb128 0x40
 1496 00f0 18       		.uleb128 0x18
 1497 00f1 9742     		.uleb128 0x2117
 1498 00f3 19       		.uleb128 0x19
 1499 00f4 01       		.uleb128 0x1
 1500 00f5 13       		.uleb128 0x13
 1501 00f6 00       		.byte	0
 1502 00f7 00       		.byte	0
 1503 00f8 11       		.uleb128 0x11
 1504 00f9 05       		.uleb128 0x5
 1505 00fa 00       		.byte	0
 1506 00fb 03       		.uleb128 0x3
 1507 00fc 0E       		.uleb128 0xe
 1508 00fd 3A       		.uleb128 0x3a
 1509 00fe 0B       		.uleb128 0xb
 1510 00ff 3B       		.uleb128 0x3b
 1511 0100 0B       		.uleb128 0xb
 1512 0101 49       		.uleb128 0x49
 1513 0102 13       		.uleb128 0x13
 1514 0103 02       		.uleb128 0x2
 1515 0104 17       		.uleb128 0x17
 1516 0105 00       		.byte	0
 1517 0106 00       		.byte	0
 1518 0107 12       		.uleb128 0x12
 1519 0108 2E       		.uleb128 0x2e
ARM GAS  C:\Users\jon\AppData\Local\Temp\cc6T60OU.s 			page 33


 1520 0109 01       		.byte	0x1
 1521 010a 3F       		.uleb128 0x3f
 1522 010b 19       		.uleb128 0x19
 1523 010c 03       		.uleb128 0x3
 1524 010d 0E       		.uleb128 0xe
 1525 010e 3A       		.uleb128 0x3a
 1526 010f 0B       		.uleb128 0xb
 1527 0110 3B       		.uleb128 0x3b
 1528 0111 0B       		.uleb128 0xb
 1529 0112 27       		.uleb128 0x27
 1530 0113 19       		.uleb128 0x19
 1531 0114 49       		.uleb128 0x49
 1532 0115 13       		.uleb128 0x13
 1533 0116 11       		.uleb128 0x11
 1534 0117 01       		.uleb128 0x1
 1535 0118 12       		.uleb128 0x12
 1536 0119 06       		.uleb128 0x6
 1537 011a 40       		.uleb128 0x40
 1538 011b 18       		.uleb128 0x18
 1539 011c 9642     		.uleb128 0x2116
 1540 011e 19       		.uleb128 0x19
 1541 011f 01       		.uleb128 0x1
 1542 0120 13       		.uleb128 0x13
 1543 0121 00       		.byte	0
 1544 0122 00       		.byte	0
 1545 0123 13       		.uleb128 0x13
 1546 0124 2E       		.uleb128 0x2e
 1547 0125 00       		.byte	0
 1548 0126 3F       		.uleb128 0x3f
 1549 0127 19       		.uleb128 0x19
 1550 0128 03       		.uleb128 0x3
 1551 0129 0E       		.uleb128 0xe
 1552 012a 3A       		.uleb128 0x3a
 1553 012b 0B       		.uleb128 0xb
 1554 012c 3B       		.uleb128 0x3b
 1555 012d 0B       		.uleb128 0xb
 1556 012e 49       		.uleb128 0x49
 1557 012f 13       		.uleb128 0x13
 1558 0130 11       		.uleb128 0x11
 1559 0131 01       		.uleb128 0x1
 1560 0132 12       		.uleb128 0x12
 1561 0133 06       		.uleb128 0x6
 1562 0134 40       		.uleb128 0x40
 1563 0135 18       		.uleb128 0x18
 1564 0136 9742     		.uleb128 0x2117
 1565 0138 19       		.uleb128 0x19
 1566 0139 00       		.byte	0
 1567 013a 00       		.byte	0
 1568 013b 14       		.uleb128 0x14
 1569 013c 01       		.uleb128 0x1
 1570 013d 01       		.byte	0x1
 1571 013e 49       		.uleb128 0x49
 1572 013f 13       		.uleb128 0x13
 1573 0140 01       		.uleb128 0x1
 1574 0141 13       		.uleb128 0x13
 1575 0142 00       		.byte	0
 1576 0143 00       		.byte	0
ARM GAS  C:\Users\jon\AppData\Local\Temp\cc6T60OU.s 			page 34


 1577 0144 15       		.uleb128 0x15
 1578 0145 21       		.uleb128 0x21
 1579 0146 00       		.byte	0
 1580 0147 49       		.uleb128 0x49
 1581 0148 13       		.uleb128 0x13
 1582 0149 2F       		.uleb128 0x2f
 1583 014a 0B       		.uleb128 0xb
 1584 014b 00       		.byte	0
 1585 014c 00       		.byte	0
 1586 014d 16       		.uleb128 0x16
 1587 014e 34       		.uleb128 0x34
 1588 014f 00       		.byte	0
 1589 0150 03       		.uleb128 0x3
 1590 0151 0E       		.uleb128 0xe
 1591 0152 3A       		.uleb128 0x3a
 1592 0153 0B       		.uleb128 0xb
 1593 0154 3B       		.uleb128 0x3b
 1594 0155 0B       		.uleb128 0xb
 1595 0156 49       		.uleb128 0x49
 1596 0157 13       		.uleb128 0x13
 1597 0158 02       		.uleb128 0x2
 1598 0159 18       		.uleb128 0x18
 1599 015a 00       		.byte	0
 1600 015b 00       		.byte	0
 1601 015c 17       		.uleb128 0x17
 1602 015d 34       		.uleb128 0x34
 1603 015e 00       		.byte	0
 1604 015f 03       		.uleb128 0x3
 1605 0160 0E       		.uleb128 0xe
 1606 0161 3A       		.uleb128 0x3a
 1607 0162 0B       		.uleb128 0xb
 1608 0163 3B       		.uleb128 0x3b
 1609 0164 05       		.uleb128 0x5
 1610 0165 49       		.uleb128 0x49
 1611 0166 13       		.uleb128 0x13
 1612 0167 3F       		.uleb128 0x3f
 1613 0168 19       		.uleb128 0x19
 1614 0169 3C       		.uleb128 0x3c
 1615 016a 19       		.uleb128 0x19
 1616 016b 00       		.byte	0
 1617 016c 00       		.byte	0
 1618 016d 18       		.uleb128 0x18
 1619 016e 35       		.uleb128 0x35
 1620 016f 00       		.byte	0
 1621 0170 49       		.uleb128 0x49
 1622 0171 13       		.uleb128 0x13
 1623 0172 00       		.byte	0
 1624 0173 00       		.byte	0
 1625 0174 19       		.uleb128 0x19
 1626 0175 34       		.uleb128 0x34
 1627 0176 00       		.byte	0
 1628 0177 03       		.uleb128 0x3
 1629 0178 0E       		.uleb128 0xe
 1630 0179 3A       		.uleb128 0x3a
 1631 017a 0B       		.uleb128 0xb
 1632 017b 3B       		.uleb128 0x3b
 1633 017c 0B       		.uleb128 0xb
ARM GAS  C:\Users\jon\AppData\Local\Temp\cc6T60OU.s 			page 35


 1634 017d 49       		.uleb128 0x49
 1635 017e 13       		.uleb128 0x13
 1636 017f 3F       		.uleb128 0x3f
 1637 0180 19       		.uleb128 0x19
 1638 0181 02       		.uleb128 0x2
 1639 0182 18       		.uleb128 0x18
 1640 0183 00       		.byte	0
 1641 0184 00       		.byte	0
 1642 0185 1A       		.uleb128 0x1a
 1643 0186 2E       		.uleb128 0x2e
 1644 0187 00       		.byte	0
 1645 0188 3F       		.uleb128 0x3f
 1646 0189 19       		.uleb128 0x19
 1647 018a 3C       		.uleb128 0x3c
 1648 018b 19       		.uleb128 0x19
 1649 018c 6E       		.uleb128 0x6e
 1650 018d 0E       		.uleb128 0xe
 1651 018e 03       		.uleb128 0x3
 1652 018f 0E       		.uleb128 0xe
 1653 0190 3A       		.uleb128 0x3a
 1654 0191 0B       		.uleb128 0xb
 1655 0192 3B       		.uleb128 0x3b
 1656 0193 0B       		.uleb128 0xb
 1657 0194 00       		.byte	0
 1658 0195 00       		.byte	0
 1659 0196 1B       		.uleb128 0x1b
 1660 0197 2E       		.uleb128 0x2e
 1661 0198 00       		.byte	0
 1662 0199 3F       		.uleb128 0x3f
 1663 019a 19       		.uleb128 0x19
 1664 019b 3C       		.uleb128 0x3c
 1665 019c 19       		.uleb128 0x19
 1666 019d 6E       		.uleb128 0x6e
 1667 019e 0E       		.uleb128 0xe
 1668 019f 03       		.uleb128 0x3
 1669 01a0 0E       		.uleb128 0xe
 1670 01a1 00       		.byte	0
 1671 01a2 00       		.byte	0
 1672 01a3 1C       		.uleb128 0x1c
 1673 01a4 2E       		.uleb128 0x2e
 1674 01a5 00       		.byte	0
 1675 01a6 3F       		.uleb128 0x3f
 1676 01a7 19       		.uleb128 0x19
 1677 01a8 3C       		.uleb128 0x3c
 1678 01a9 19       		.uleb128 0x19
 1679 01aa 6E       		.uleb128 0x6e
 1680 01ab 0E       		.uleb128 0xe
 1681 01ac 03       		.uleb128 0x3
 1682 01ad 0E       		.uleb128 0xe
 1683 01ae 3A       		.uleb128 0x3a
 1684 01af 0B       		.uleb128 0xb
 1685 01b0 3B       		.uleb128 0x3b
 1686 01b1 05       		.uleb128 0x5
 1687 01b2 00       		.byte	0
 1688 01b3 00       		.byte	0
 1689 01b4 00       		.byte	0
 1690              		.section	.debug_loc,"",%progbits
ARM GAS  C:\Users\jon\AppData\Local\Temp\cc6T60OU.s 			page 36


 1691              	.Ldebug_loc0:
 1692              	.LLST0:
 1693 0000 00000000 		.4byte	.LVL6
 1694 0004 02000000 		.4byte	.LVL7
 1695 0008 0100     		.2byte	0x1
 1696 000a 50       		.byte	0x50
 1697 000b 02000000 		.4byte	.LVL7
 1698 000f 0C000000 		.4byte	.LVL8
 1699 0013 0300     		.2byte	0x3
 1700 0015 70       		.byte	0x70
 1701 0016 01       		.sleb128 1
 1702 0017 9F       		.byte	0x9f
 1703 0018 0C000000 		.4byte	.LVL8
 1704 001c 14000000 		.4byte	.LFE67
 1705 0020 0400     		.2byte	0x4
 1706 0022 F3       		.byte	0xf3
 1707 0023 01       		.uleb128 0x1
 1708 0024 50       		.byte	0x50
 1709 0025 9F       		.byte	0x9f
 1710 0026 00000000 		.4byte	0
 1711 002a 00000000 		.4byte	0
 1712              	.LLST1:
 1713 002e 00000000 		.4byte	.LVL9
 1714 0032 02000000 		.4byte	.LVL10
 1715 0036 0100     		.2byte	0x1
 1716 0038 50       		.byte	0x50
 1717 0039 02000000 		.4byte	.LVL10
 1718 003d 08000000 		.4byte	.LVL11
 1719 0041 0300     		.2byte	0x3
 1720 0043 70       		.byte	0x70
 1721 0044 01       		.sleb128 1
 1722 0045 9F       		.byte	0x9f
 1723 0046 08000000 		.4byte	.LVL11
 1724 004a 3C000000 		.4byte	.LFE68
 1725 004e 0400     		.2byte	0x4
 1726 0050 F3       		.byte	0xf3
 1727 0051 01       		.uleb128 0x1
 1728 0052 50       		.byte	0x50
 1729 0053 9F       		.byte	0x9f
 1730 0054 00000000 		.4byte	0
 1731 0058 00000000 		.4byte	0
 1732              		.section	.debug_aranges,"",%progbits
 1733 0000 6C000000 		.4byte	0x6c
 1734 0004 0200     		.2byte	0x2
 1735 0006 00000000 		.4byte	.Ldebug_info0
 1736 000a 04       		.byte	0x4
 1737 000b 00       		.byte	0
 1738 000c 0000     		.2byte	0
 1739 000e 0000     		.2byte	0
 1740 0010 00000000 		.4byte	.LFB65
 1741 0014 A8010000 		.4byte	.LFE65-.LFB65
 1742 0018 00000000 		.4byte	.LFB63
 1743 001c 48000000 		.4byte	.LFE63-.LFB63
 1744 0020 00000000 		.4byte	.LFB64
 1745 0024 1C000000 		.4byte	.LFE64-.LFB64
 1746 0028 00000000 		.4byte	.LFB66
 1747 002c 58010000 		.4byte	.LFE66-.LFB66
ARM GAS  C:\Users\jon\AppData\Local\Temp\cc6T60OU.s 			page 37


 1748 0030 00000000 		.4byte	.LFB67
 1749 0034 14000000 		.4byte	.LFE67-.LFB67
 1750 0038 00000000 		.4byte	.LFB68
 1751 003c 3C000000 		.4byte	.LFE68-.LFB68
 1752 0040 00000000 		.4byte	.LFB69
 1753 0044 0C000000 		.4byte	.LFE69-.LFB69
 1754 0048 00000000 		.4byte	.LFB70
 1755 004c 30000000 		.4byte	.LFE70-.LFB70
 1756 0050 00000000 		.4byte	.LFB71
 1757 0054 0C000000 		.4byte	.LFE71-.LFB71
 1758 0058 00000000 		.4byte	.LFB72
 1759 005c 0C000000 		.4byte	.LFE72-.LFB72
 1760 0060 00000000 		.4byte	.LFB73
 1761 0064 0C000000 		.4byte	.LFE73-.LFB73
 1762 0068 00000000 		.4byte	0
 1763 006c 00000000 		.4byte	0
 1764              		.section	.debug_ranges,"",%progbits
 1765              	.Ldebug_ranges0:
 1766 0000 00000000 		.4byte	.LFB65
 1767 0004 A8010000 		.4byte	.LFE65
 1768 0008 00000000 		.4byte	.LFB63
 1769 000c 48000000 		.4byte	.LFE63
 1770 0010 00000000 		.4byte	.LFB64
 1771 0014 1C000000 		.4byte	.LFE64
 1772 0018 00000000 		.4byte	.LFB66
 1773 001c 58010000 		.4byte	.LFE66
 1774 0020 00000000 		.4byte	.LFB67
 1775 0024 14000000 		.4byte	.LFE67
 1776 0028 00000000 		.4byte	.LFB68
 1777 002c 3C000000 		.4byte	.LFE68
 1778 0030 00000000 		.4byte	.LFB69
 1779 0034 0C000000 		.4byte	.LFE69
 1780 0038 00000000 		.4byte	.LFB70
 1781 003c 30000000 		.4byte	.LFE70
 1782 0040 00000000 		.4byte	.LFB71
 1783 0044 0C000000 		.4byte	.LFE71
 1784 0048 00000000 		.4byte	.LFB72
 1785 004c 0C000000 		.4byte	.LFE72
 1786 0050 00000000 		.4byte	.LFB73
 1787 0054 0C000000 		.4byte	.LFE73
 1788 0058 00000000 		.4byte	0
 1789 005c 00000000 		.4byte	0
 1790              		.section	.debug_line,"",%progbits
 1791              	.Ldebug_line0:
 1792 0000 70030000 		.section	.debug_str,"MS",%progbits,1
 1792      0200D401 
 1792      00000201 
 1792      FB0E0D00 
 1792      01010101 
 1793              	.LASF25:
 1794 0000 73627573 		.ascii	"sbus_getLostFrames\000"
 1794      5F676574 
 1794      4C6F7374 
 1794      4672616D 
 1794      657300
 1795              	.LASF31:
 1796 0013 5F666169 		.ascii	"_failsafe\000"
ARM GAS  C:\Users\jon\AppData\Local\Temp\cc6T60OU.s 			page 38


 1796      6C736166 
 1796      6500
 1797              	.LASF45:
 1798 001d 73627573 		.ascii	"sbus_recv\000"
 1798      5F726563 
 1798      7600
 1799              	.LASF33:
 1800 0027 5F6C6F73 		.ascii	"_lostFrames\000"
 1800      74467261 
 1800      6D657300 
 1801              	.LASF21:
 1802 0033 6368616E 		.ascii	"channel\000"
 1802      6E656C00 
 1803              	.LASF24:
 1804 003b 73627573 		.ascii	"sbus_getGoodFrames\000"
 1804      5F676574 
 1804      476F6F64 
 1804      4672616D 
 1804      657300
 1805              	.LASF41:
 1806 004e 474E5520 		.ascii	"GNU C11 5.4.1 20160609 (release) [ARM/embedded-5-br"
 1806      43313120 
 1806      352E342E 
 1806      31203230 
 1806      31363036 
 1807 0081 616E6368 		.ascii	"anch revision 237715] -mcpu=cortex-m3 -mthumb -g -O"
 1807      20726576 
 1807      6973696F 
 1807      6E203233 
 1807      37373135 
 1808 00b4 33202D66 		.ascii	"3 -ffunction-sections -ffat-lto-objects\000"
 1808      66756E63 
 1808      74696F6E 
 1808      2D736563 
 1808      74696F6E 
 1809              	.LASF9:
 1810 00dc 5F5F696E 		.ascii	"__int32_t\000"
 1810      7433325F 
 1810      7400
 1811              	.LASF32:
 1812 00e6 5F676F6F 		.ascii	"_goodFrames\000"
 1812      64467261 
 1812      6D657300 
 1813              	.LASF42:
 1814 00f2 73627573 		.ascii	"sbus.c\000"
 1814      2E6300
 1815              	.LASF34:
 1816 00f9 5F646563 		.ascii	"_decoderErrorFrames\000"
 1816      6F646572 
 1816      4572726F 
 1816      72467261 
 1816      6D657300 
 1817              	.LASF16:
 1818 010d 62797465 		.ascii	"byte\000"
 1818      00
 1819              	.LASF10:
 1820 0112 696E7433 		.ascii	"int32_t\000"
ARM GAS  C:\Users\jon\AppData\Local\Temp\cc6T60OU.s 			page 39


 1820      325F7400 
 1821              	.LASF11:
 1822 011a 666C6F61 		.ascii	"float\000"
 1822      7400
 1823              	.LASF7:
 1824 0120 6C6F6E67 		.ascii	"long long unsigned int\000"
 1824      206C6F6E 
 1824      6720756E 
 1824      7369676E 
 1824      65642069 
 1825              	.LASF22:
 1826 0137 73627573 		.ascii	"sbus_getFailsafeStatus\000"
 1826      5F676574 
 1826      4661696C 
 1826      73616665 
 1826      53746174 
 1827              	.LASF1:
 1828 014e 756E7369 		.ascii	"unsigned char\000"
 1828      676E6564 
 1828      20636861 
 1828      7200
 1829              	.LASF39:
 1830 015c 53425553 		.ascii	"SBUS_UART_Start\000"
 1830      5F554152 
 1830      545F5374 
 1830      61727400 
 1831              	.LASF5:
 1832 016c 6C6F6E67 		.ascii	"long unsigned int\000"
 1832      20756E73 
 1832      69676E65 
 1832      6420696E 
 1832      7400
 1833              	.LASF36:
 1834 017e 53425553 		.ascii	"SBUS_UART_ReadRxData\000"
 1834      5F554152 
 1834      545F5265 
 1834      61645278 
 1834      44617461 
 1835              	.LASF3:
 1836 0193 73686F72 		.ascii	"short unsigned int\000"
 1836      7420756E 
 1836      7369676E 
 1836      65642069 
 1836      6E7400
 1837              	.LASF17:
 1838 01a6 73627573 		.ascii	"sbus_init\000"
 1838      5F696E69 
 1838      7400
 1839              	.LASF40:
 1840 01b0 6C726F75 		.ascii	"lroundf\000"
 1840      6E646600 
 1841              	.LASF29:
 1842 01b8 49544D5F 		.ascii	"ITM_RxBuffer\000"
 1842      52784275 
 1842      66666572 
 1842      00
 1843              	.LASF46:
ARM GAS  C:\Users\jon\AppData\Local\Temp\cc6T60OU.s 			page 40


 1844 01c5 6D656D73 		.ascii	"memset\000"
 1844      657400
 1845              	.LASF12:
 1846 01cc 646F7562 		.ascii	"double\000"
 1846      6C6500
 1847              	.LASF37:
 1848 01d3 53425553 		.ascii	"SBUS_Interrupt_StartEx\000"
 1848      5F496E74 
 1848      65727275 
 1848      70745F53 
 1848      74617274 
 1849              	.LASF8:
 1850 01ea 756E7369 		.ascii	"unsigned int\000"
 1850      676E6564 
 1850      20696E74 
 1850      00
 1851              	.LASF19:
 1852 01f7 73627573 		.ascii	"sbus_getChannel\000"
 1852      5F676574 
 1852      4368616E 
 1852      6E656C00 
 1853              	.LASF38:
 1854 0207 53425553 		.ascii	"SBUS_Interrupt_SetPriority\000"
 1854      5F496E74 
 1854      65727275 
 1854      70745F53 
 1854      65745072 
 1855              	.LASF26:
 1856 0222 73627573 		.ascii	"sbus_getDecoderErrorFrames\000"
 1856      5F676574 
 1856      4465636F 
 1856      64657245 
 1856      72726F72 
 1857              	.LASF23:
 1858 023d 73627573 		.ascii	"sbus_getFrameLoss\000"
 1858      5F676574 
 1858      4672616D 
 1858      654C6F73 
 1858      7300
 1859              	.LASF30:
 1860 024f 5F636861 		.ascii	"_channels\000"
 1860      6E6E656C 
 1860      7300
 1861              	.LASF15:
 1862 0259 73697A65 		.ascii	"sizetype\000"
 1862      74797065 
 1862      00
 1863              	.LASF6:
 1864 0262 6C6F6E67 		.ascii	"long long int\000"
 1864      206C6F6E 
 1864      6720696E 
 1864      7400
 1865              	.LASF13:
 1866 0270 63686172 		.ascii	"char\000"
 1866      00
 1867              	.LASF28:
 1868 0275 62756666 		.ascii	"buffer_index\000"
ARM GAS  C:\Users\jon\AppData\Local\Temp\cc6T60OU.s 			page 41


 1868      65725F69 
 1868      6E646578 
 1868      00
 1869              	.LASF2:
 1870 0282 73686F72 		.ascii	"short int\000"
 1870      7420696E 
 1870      7400
 1871              	.LASF27:
 1872 028c 62756666 		.ascii	"buffer\000"
 1872      657200
 1873              	.LASF44:
 1874 0293 73627573 		.ascii	"sbus_process\000"
 1874      5F70726F 
 1874      63657373 
 1874      00
 1875              	.LASF18:
 1876 02a0 73627573 		.ascii	"sbus_begin\000"
 1876      5F626567 
 1876      696E00
 1877              	.LASF4:
 1878 02ab 6C6F6E67 		.ascii	"long int\000"
 1878      20696E74 
 1878      00
 1879              	.LASF14:
 1880 02b4 6C6F6E67 		.ascii	"long double\000"
 1880      20646F75 
 1880      626C6500 
 1881              	.LASF0:
 1882 02c0 7369676E 		.ascii	"signed char\000"
 1882      65642063 
 1882      68617200 
 1883              	.LASF43:
 1884 02cc 433A5C55 		.ascii	"C:\\Users\\jon\\Sync\\Research\\PSoC Projects\\Cont"
 1884      73657273 
 1884      5C6A6F6E 
 1884      5C53796E 
 1884      635C5265 
 1885 02f9 726F6C6C 		.ascii	"roller.cydsn\000"
 1885      65722E63 
 1885      7964736E 
 1885      00
 1886              	.LASF20:
 1887 0306 73627573 		.ascii	"sbus_getNormalizedChannel\000"
 1887      5F676574 
 1887      4E6F726D 
 1887      616C697A 
 1887      65644368 
 1888              	.LASF35:
 1889 0320 5F726561 		.ascii	"_readErrorState\000"
 1889      64457272 
 1889      6F725374 
 1889      61746500 
 1890              		.ident	"GCC: (GNU Tools for ARM Embedded Processors) 5.4.1 20160609 (release) [ARM/embedded-5-bran
