ARM GAS  C:\Users\jon\AppData\Local\Temp\ccUAb1uj.s 			page 1


   1              		.syntax unified
   2              		.cpu cortex-m3
   3              		.fpu softvfp
   4              		.eabi_attribute 20, 1
   5              		.eabi_attribute 21, 1
   6              		.eabi_attribute 23, 3
   7              		.eabi_attribute 24, 1
   8              		.eabi_attribute 25, 1
   9              		.eabi_attribute 26, 1
  10              		.eabi_attribute 30, 2
  11              		.eabi_attribute 34, 1
  12              		.eabi_attribute 18, 4
  13              		.thumb
  14              		.syntax unified
  15              		.file	"USBUART_1_msc.c"
  16              		.text
  17              	.Ltext0:
  18              		.cfi_sections	.debug_frame
  19              		.section	.text.USBUART_1_DispatchMSCClassRqst,"ax",%progbits
  20              		.align	2
  21              		.global	USBUART_1_DispatchMSCClassRqst
  22              		.thumb
  23              		.thumb_func
  24              		.type	USBUART_1_DispatchMSCClassRqst, %function
  25              	USBUART_1_DispatchMSCClassRqst:
  26              	.LFB0:
  27              		.file 1 "Generated_Source\\PSoC5\\USBUART_1_msc.c"
   1:Generated_Source\PSoC5/USBUART_1_msc.c **** /***************************************************************************//**
   2:Generated_Source\PSoC5/USBUART_1_msc.c **** * \file USBUART_1_cdc.c
   3:Generated_Source\PSoC5/USBUART_1_msc.c **** * \version 3.20
   4:Generated_Source\PSoC5/USBUART_1_msc.c **** *
   5:Generated_Source\PSoC5/USBUART_1_msc.c **** * \brief
   6:Generated_Source\PSoC5/USBUART_1_msc.c **** *  This file contains the USB MSC Class request handler and global API for MSC 
   7:Generated_Source\PSoC5/USBUART_1_msc.c **** *  class.
   8:Generated_Source\PSoC5/USBUART_1_msc.c **** *
   9:Generated_Source\PSoC5/USBUART_1_msc.c **** * Related Document:
  10:Generated_Source\PSoC5/USBUART_1_msc.c **** *  Universal Serial Bus Class Definitions for Communication Devices Version 1.1
  11:Generated_Source\PSoC5/USBUART_1_msc.c **** *
  12:Generated_Source\PSoC5/USBUART_1_msc.c **** ********************************************************************************
  13:Generated_Source\PSoC5/USBUART_1_msc.c **** * \copyright
  14:Generated_Source\PSoC5/USBUART_1_msc.c **** * Copyright 2012-2016, Cypress Semiconductor Corporation.  All rights reserved.
  15:Generated_Source\PSoC5/USBUART_1_msc.c **** * You may use this file only in accordance with the license, terms, conditions,
  16:Generated_Source\PSoC5/USBUART_1_msc.c **** * disclaimers, and limitations in the end user license agreement accompanying
  17:Generated_Source\PSoC5/USBUART_1_msc.c **** * the software package with which this file was provided.
  18:Generated_Source\PSoC5/USBUART_1_msc.c **** *******************************************************************************/
  19:Generated_Source\PSoC5/USBUART_1_msc.c **** 
  20:Generated_Source\PSoC5/USBUART_1_msc.c **** #include "USBUART_1_msc.h"
  21:Generated_Source\PSoC5/USBUART_1_msc.c **** #include "USBUART_1_pvt.h"
  22:Generated_Source\PSoC5/USBUART_1_msc.c **** #include "cyapicallbacks.h"
  23:Generated_Source\PSoC5/USBUART_1_msc.c **** 
  24:Generated_Source\PSoC5/USBUART_1_msc.c **** #if (USBUART_1_HANDLE_MSC_REQUESTS)
  25:Generated_Source\PSoC5/USBUART_1_msc.c **** 
  26:Generated_Source\PSoC5/USBUART_1_msc.c **** /***************************************
  27:Generated_Source\PSoC5/USBUART_1_msc.c **** *          Internal variables
  28:Generated_Source\PSoC5/USBUART_1_msc.c **** ***************************************/
  29:Generated_Source\PSoC5/USBUART_1_msc.c **** 
  30:Generated_Source\PSoC5/USBUART_1_msc.c **** static uint8 USBUART_1_lunCount = USBUART_1_MSC_LUN_NUMBER;
ARM GAS  C:\Users\jon\AppData\Local\Temp\ccUAb1uj.s 			page 2


  31:Generated_Source\PSoC5/USBUART_1_msc.c **** 
  32:Generated_Source\PSoC5/USBUART_1_msc.c **** 
  33:Generated_Source\PSoC5/USBUART_1_msc.c **** /*******************************************************************************
  34:Generated_Source\PSoC5/USBUART_1_msc.c **** * Function Name: USBUART_1_DispatchMSCClassRqst
  35:Generated_Source\PSoC5/USBUART_1_msc.c **** ****************************************************************************//**
  36:Generated_Source\PSoC5/USBUART_1_msc.c **** *   
  37:Generated_Source\PSoC5/USBUART_1_msc.c **** *  \internal 
  38:Generated_Source\PSoC5/USBUART_1_msc.c **** *  This routine dispatches MSC class requests.
  39:Generated_Source\PSoC5/USBUART_1_msc.c **** *
  40:Generated_Source\PSoC5/USBUART_1_msc.c **** * \return
  41:Generated_Source\PSoC5/USBUART_1_msc.c **** *  Status of request processing: handled or not handled.
  42:Generated_Source\PSoC5/USBUART_1_msc.c **** *
  43:Generated_Source\PSoC5/USBUART_1_msc.c **** * \globalvars
  44:Generated_Source\PSoC5/USBUART_1_msc.c **** *  USBUART_1_lunCount - stores number of LUN (logical units).
  45:Generated_Source\PSoC5/USBUART_1_msc.c **** *
  46:Generated_Source\PSoC5/USBUART_1_msc.c **** * \reentrant
  47:Generated_Source\PSoC5/USBUART_1_msc.c **** *  No.
  48:Generated_Source\PSoC5/USBUART_1_msc.c **** *
  49:Generated_Source\PSoC5/USBUART_1_msc.c **** *******************************************************************************/
  50:Generated_Source\PSoC5/USBUART_1_msc.c **** uint8 USBUART_1_DispatchMSCClassRqst(void) 
  51:Generated_Source\PSoC5/USBUART_1_msc.c **** {
  28              		.loc 1 51 0
  29              		.cfi_startproc
  30              		@ args = 0, pretend = 0, frame = 0
  31              		@ frame_needed = 0, uses_anonymous_args = 0
  32              		@ link register save eliminated.
  33              	.LVL0:
  34 0000 30B4     		push	{r4, r5}
  35              		.cfi_def_cfa_offset 8
  36              		.cfi_offset 4, -8
  37              		.cfi_offset 5, -4
  52:Generated_Source\PSoC5/USBUART_1_msc.c ****     uint8 requestHandled = USBUART_1_FALSE;
  53:Generated_Source\PSoC5/USBUART_1_msc.c ****     
  54:Generated_Source\PSoC5/USBUART_1_msc.c ****     /* Get request data. */
  55:Generated_Source\PSoC5/USBUART_1_msc.c ****     uint16 value  = USBUART_1_GET_UINT16(USBUART_1_wValueHiReg,  USBUART_1_wValueLoReg);
  38              		.loc 1 55 0
  39 0002 144B     		ldr	r3, .L14
  40 0004 DD78     		ldrb	r5, [r3, #3]	@ zero_extendqisi2
  41 0006 9A78     		ldrb	r2, [r3, #2]	@ zero_extendqisi2
  56:Generated_Source\PSoC5/USBUART_1_msc.c ****     uint16 dataLength = USBUART_1_GET_UINT16(USBUART_1_wLengthHiReg, USBUART_1_wLengthLoReg);
  42              		.loc 1 56 0
  43 0008 DC79     		ldrb	r4, [r3, #7]	@ zero_extendqisi2
  44 000a 9979     		ldrb	r1, [r3, #6]	@ zero_extendqisi2
  57:Generated_Source\PSoC5/USBUART_1_msc.c ****        
  58:Generated_Source\PSoC5/USBUART_1_msc.c ****     /* Check request direction: D2H or H2D. */
  59:Generated_Source\PSoC5/USBUART_1_msc.c ****     if (0u != (USBUART_1_bmRequestTypeReg & USBUART_1_RQST_DIR_D2H))
  45              		.loc 1 59 0
  46 000c 1878     		ldrb	r0, [r3]	@ zero_extendqisi2
  55:Generated_Source\PSoC5/USBUART_1_msc.c ****     uint16 dataLength = USBUART_1_GET_UINT16(USBUART_1_wLengthHiReg, USBUART_1_wLengthLoReg);
  47              		.loc 1 55 0
  48 000e 42EA0522 		orr	r2, r2, r5, lsl #8
  49              	.LVL1:
  50              		.loc 1 59 0
  51 0012 0006     		lsls	r0, r0, #24
  56:Generated_Source\PSoC5/USBUART_1_msc.c ****     uint16 dataLength = USBUART_1_GET_UINT16(USBUART_1_wLengthHiReg, USBUART_1_wLengthLoReg);
  52              		.loc 1 56 0
  53 0014 41EA0421 		orr	r1, r1, r4, lsl #8
ARM GAS  C:\Users\jon\AppData\Local\Temp\ccUAb1uj.s 			page 3


  54              	.LVL2:
  60:Generated_Source\PSoC5/USBUART_1_msc.c ****     {
  61:Generated_Source\PSoC5/USBUART_1_msc.c ****         /* Handle direction from device to host. */
  62:Generated_Source\PSoC5/USBUART_1_msc.c ****         
  63:Generated_Source\PSoC5/USBUART_1_msc.c ****         if (USBUART_1_MSC_GET_MAX_LUN == USBUART_1_bRequestReg)
  55              		.loc 1 63 0
  56 0018 5B78     		ldrb	r3, [r3, #1]	@ zero_extendqisi2
  59:Generated_Source\PSoC5/USBUART_1_msc.c ****     {
  57              		.loc 1 59 0
  58 001a 0DD4     		bmi	.L12
  64:Generated_Source\PSoC5/USBUART_1_msc.c ****         {
  65:Generated_Source\PSoC5/USBUART_1_msc.c ****             /* Check request fields. */
  66:Generated_Source\PSoC5/USBUART_1_msc.c ****             if ((value  == USBUART_1_MSC_GET_MAX_LUN_WVALUE) &&
  67:Generated_Source\PSoC5/USBUART_1_msc.c ****                 (dataLength == USBUART_1_MSC_GET_MAX_LUN_WLENGTH))
  68:Generated_Source\PSoC5/USBUART_1_msc.c ****             {
  69:Generated_Source\PSoC5/USBUART_1_msc.c ****                 /* Reply to Get Max LUN request: setup control read. */
  70:Generated_Source\PSoC5/USBUART_1_msc.c ****                 USBUART_1_currentTD.pData = &USBUART_1_lunCount;
  71:Generated_Source\PSoC5/USBUART_1_msc.c ****                 USBUART_1_currentTD.count =  USBUART_1_MSC_GET_MAX_LUN_WLENGTH;
  72:Generated_Source\PSoC5/USBUART_1_msc.c ****                 
  73:Generated_Source\PSoC5/USBUART_1_msc.c ****                 requestHandled  = USBUART_1_InitControlRead();
  74:Generated_Source\PSoC5/USBUART_1_msc.c ****             }
  75:Generated_Source\PSoC5/USBUART_1_msc.c ****         }
  76:Generated_Source\PSoC5/USBUART_1_msc.c ****     }
  77:Generated_Source\PSoC5/USBUART_1_msc.c ****     else
  78:Generated_Source\PSoC5/USBUART_1_msc.c ****     {
  79:Generated_Source\PSoC5/USBUART_1_msc.c ****         /* Handle direction from host to device. */
  80:Generated_Source\PSoC5/USBUART_1_msc.c ****         
  81:Generated_Source\PSoC5/USBUART_1_msc.c ****         if (USBUART_1_MSC_RESET == USBUART_1_bRequestReg)
  59              		.loc 1 81 0
  60 001c FF2B     		cmp	r3, #255
  61 001e 02D0     		beq	.L13
  62              	.L3:
  63              	.LVL3:
  82:Generated_Source\PSoC5/USBUART_1_msc.c ****         {
  83:Generated_Source\PSoC5/USBUART_1_msc.c ****             /* Check request fields. */
  84:Generated_Source\PSoC5/USBUART_1_msc.c ****             if ((value  == USBUART_1_MSC_RESET_WVALUE) &&
  85:Generated_Source\PSoC5/USBUART_1_msc.c ****                 (dataLength == USBUART_1_MSC_RESET_WLENGTH))
  86:Generated_Source\PSoC5/USBUART_1_msc.c ****             {
  87:Generated_Source\PSoC5/USBUART_1_msc.c ****                 /* Handle to Bulk-Only Reset request: no data control transfer. */
  88:Generated_Source\PSoC5/USBUART_1_msc.c ****                 USBUART_1_currentTD.count = USBUART_1_MSC_RESET_WLENGTH;
  89:Generated_Source\PSoC5/USBUART_1_msc.c ****                 
  90:Generated_Source\PSoC5/USBUART_1_msc.c ****             #ifdef USBUART_1_DISPATCH_MSC_CLASS_MSC_RESET_RQST_CALLBACK
  91:Generated_Source\PSoC5/USBUART_1_msc.c ****                 USBUART_1_DispatchMSCClass_MSC_RESET_RQST_Callback();
  92:Generated_Source\PSoC5/USBUART_1_msc.c ****             #endif /* (USBUART_1_DISPATCH_MSC_CLASS_MSC_RESET_RQST_CALLBACK) */
  93:Generated_Source\PSoC5/USBUART_1_msc.c ****                 
  94:Generated_Source\PSoC5/USBUART_1_msc.c ****                 requestHandled = USBUART_1_InitNoDataControlTransfer();
  95:Generated_Source\PSoC5/USBUART_1_msc.c ****             }
  96:Generated_Source\PSoC5/USBUART_1_msc.c ****         }
  97:Generated_Source\PSoC5/USBUART_1_msc.c ****     }
  98:Generated_Source\PSoC5/USBUART_1_msc.c ****     
  99:Generated_Source\PSoC5/USBUART_1_msc.c ****     return (requestHandled);
 100:Generated_Source\PSoC5/USBUART_1_msc.c **** }
  64              		.loc 1 100 0
  65 0020 30BC     		pop	{r4, r5}
  66              		.cfi_remember_state
  67              		.cfi_restore 5
  68              		.cfi_restore 4
ARM GAS  C:\Users\jon\AppData\Local\Temp\ccUAb1uj.s 			page 4


  69              		.cfi_def_cfa_offset 0
  70 0022 0020     		movs	r0, #0
  71 0024 7047     		bx	lr
  72              	.LVL4:
  73              	.L13:
  74              		.cfi_restore_state
  84:Generated_Source\PSoC5/USBUART_1_msc.c ****                 (dataLength == USBUART_1_MSC_RESET_WLENGTH))
  75              		.loc 1 84 0
  76 0026 002A     		cmp	r2, #0
  77 0028 FAD1     		bne	.L3
  84:Generated_Source\PSoC5/USBUART_1_msc.c ****                 (dataLength == USBUART_1_MSC_RESET_WLENGTH))
  78              		.loc 1 84 0 is_stmt 0 discriminator 1
  79 002a 0029     		cmp	r1, #0
  80 002c F8D1     		bne	.L3
  81              		.loc 1 100 0 is_stmt 1
  82 002e 30BC     		pop	{r4, r5}
  83              		.cfi_remember_state
  84              		.cfi_restore 5
  85              		.cfi_restore 4
  86              		.cfi_def_cfa_offset 0
  88:Generated_Source\PSoC5/USBUART_1_msc.c ****                 
  87              		.loc 1 88 0
  88 0030 094B     		ldr	r3, .L14+4
  89 0032 1980     		strh	r1, [r3]	@ movhi
  94:Generated_Source\PSoC5/USBUART_1_msc.c ****             }
  90              		.loc 1 94 0
  91 0034 FFF7FEBF 		b	USBUART_1_InitNoDataControlTransfer
  92              	.LVL5:
  93              	.L12:
  94              		.cfi_restore_state
  63:Generated_Source\PSoC5/USBUART_1_msc.c ****         {
  95              		.loc 1 63 0
  96 0038 FE2B     		cmp	r3, #254
  97 003a F1D1     		bne	.L3
  66:Generated_Source\PSoC5/USBUART_1_msc.c ****                 (dataLength == USBUART_1_MSC_GET_MAX_LUN_WLENGTH))
  98              		.loc 1 66 0
  99 003c 002A     		cmp	r2, #0
 100 003e EFD1     		bne	.L3
  66:Generated_Source\PSoC5/USBUART_1_msc.c ****                 (dataLength == USBUART_1_MSC_GET_MAX_LUN_WLENGTH))
 101              		.loc 1 66 0 is_stmt 0 discriminator 1
 102 0040 0129     		cmp	r1, #1
 103 0042 EDD1     		bne	.L3
 104              		.loc 1 100 0 is_stmt 1
 105 0044 30BC     		pop	{r4, r5}
 106              		.cfi_restore 5
 107              		.cfi_restore 4
 108              		.cfi_def_cfa_offset 0
  70:Generated_Source\PSoC5/USBUART_1_msc.c ****                 USBUART_1_currentTD.count =  USBUART_1_MSC_GET_MAX_LUN_WLENGTH;
 109              		.loc 1 70 0
 110 0046 044B     		ldr	r3, .L14+4
 111 0048 044A     		ldr	r2, .L14+8
 112              	.LVL6:
 113 004a 5A60     		str	r2, [r3, #4]
  71:Generated_Source\PSoC5/USBUART_1_msc.c ****                 
 114              		.loc 1 71 0
 115 004c 1980     		strh	r1, [r3]	@ movhi
  73:Generated_Source\PSoC5/USBUART_1_msc.c ****             }
ARM GAS  C:\Users\jon\AppData\Local\Temp\ccUAb1uj.s 			page 5


 116              		.loc 1 73 0
 117 004e FFF7FEBF 		b	USBUART_1_InitControlRead
 118              	.LVL7:
 119              	.L15:
 120 0052 00BF     		.align	2
 121              	.L14:
 122 0054 00600040 		.word	1073766400
 123 0058 00000000 		.word	USBUART_1_currentTD
 124 005c 00000000 		.word	.LANCHOR0
 125              		.cfi_endproc
 126              	.LFE0:
 127              		.size	USBUART_1_DispatchMSCClassRqst, .-USBUART_1_DispatchMSCClassRqst
 128              		.section	.text.USBUART_1_MSC_SetLunCount,"ax",%progbits
 129              		.align	2
 130              		.global	USBUART_1_MSC_SetLunCount
 131              		.thumb
 132              		.thumb_func
 133              		.type	USBUART_1_MSC_SetLunCount, %function
 134              	USBUART_1_MSC_SetLunCount:
 135              	.LFB1:
 101:Generated_Source\PSoC5/USBUART_1_msc.c **** 
 102:Generated_Source\PSoC5/USBUART_1_msc.c **** 
 103:Generated_Source\PSoC5/USBUART_1_msc.c **** /*******************************************************************************
 104:Generated_Source\PSoC5/USBUART_1_msc.c **** * Function Name: USBUART_1_MSC_SetLunCount
 105:Generated_Source\PSoC5/USBUART_1_msc.c **** ****************************************************************************//**
 106:Generated_Source\PSoC5/USBUART_1_msc.c **** *
 107:Generated_Source\PSoC5/USBUART_1_msc.c **** *  This function sets the number of logical units supported in the application. 
 108:Generated_Source\PSoC5/USBUART_1_msc.c **** *  The default number of logical units is set in the component customizer.
 109:Generated_Source\PSoC5/USBUART_1_msc.c **** *
 110:Generated_Source\PSoC5/USBUART_1_msc.c **** *  \param lunCount: Count of the logical units. Valid range is between 1 and 16.
 111:Generated_Source\PSoC5/USBUART_1_msc.c **** *
 112:Generated_Source\PSoC5/USBUART_1_msc.c **** *
 113:Generated_Source\PSoC5/USBUART_1_msc.c **** * \globalvars
 114:Generated_Source\PSoC5/USBUART_1_msc.c **** *  USBUART_1_lunCount - stores number of LUN (logical units).
 115:Generated_Source\PSoC5/USBUART_1_msc.c **** *
 116:Generated_Source\PSoC5/USBUART_1_msc.c **** * \reentrant
 117:Generated_Source\PSoC5/USBUART_1_msc.c **** *  No.
 118:Generated_Source\PSoC5/USBUART_1_msc.c **** *
 119:Generated_Source\PSoC5/USBUART_1_msc.c **** *******************************************************************************/
 120:Generated_Source\PSoC5/USBUART_1_msc.c **** void USBUART_1_MSC_SetLunCount(uint8 lunCount) 
 121:Generated_Source\PSoC5/USBUART_1_msc.c **** {
 136              		.loc 1 121 0
 137              		.cfi_startproc
 138              		@ args = 0, pretend = 0, frame = 0
 139              		@ frame_needed = 0, uses_anonymous_args = 0
 140              		@ link register save eliminated.
 141              	.LVL8:
 122:Generated_Source\PSoC5/USBUART_1_msc.c ****     USBUART_1_lunCount = (lunCount - 1u);
 142              		.loc 1 122 0
 143 0000 014B     		ldr	r3, .L17
 144 0002 0138     		subs	r0, r0, #1
 145              	.LVL9:
 146 0004 1870     		strb	r0, [r3]
 147 0006 7047     		bx	lr
 148              	.L18:
 149              		.align	2
 150              	.L17:
ARM GAS  C:\Users\jon\AppData\Local\Temp\ccUAb1uj.s 			page 6


 151 0008 00000000 		.word	.LANCHOR0
 152              		.cfi_endproc
 153              	.LFE1:
 154              		.size	USBUART_1_MSC_SetLunCount, .-USBUART_1_MSC_SetLunCount
 155              		.section	.text.USBUART_1_MSC_GetLunCount,"ax",%progbits
 156              		.align	2
 157              		.global	USBUART_1_MSC_GetLunCount
 158              		.thumb
 159              		.thumb_func
 160              		.type	USBUART_1_MSC_GetLunCount, %function
 161              	USBUART_1_MSC_GetLunCount:
 162              	.LFB2:
 123:Generated_Source\PSoC5/USBUART_1_msc.c **** }
 124:Generated_Source\PSoC5/USBUART_1_msc.c **** 
 125:Generated_Source\PSoC5/USBUART_1_msc.c **** 
 126:Generated_Source\PSoC5/USBUART_1_msc.c **** /*******************************************************************************
 127:Generated_Source\PSoC5/USBUART_1_msc.c **** * Function Name: USBUART_1_MSC_GetLunCount
 128:Generated_Source\PSoC5/USBUART_1_msc.c **** ****************************************************************************//**
 129:Generated_Source\PSoC5/USBUART_1_msc.c **** *
 130:Generated_Source\PSoC5/USBUART_1_msc.c **** *  This function returns the number of logical units.
 131:Generated_Source\PSoC5/USBUART_1_msc.c **** *
 132:Generated_Source\PSoC5/USBUART_1_msc.c **** * \return
 133:Generated_Source\PSoC5/USBUART_1_msc.c **** *   Number of the logical units.
 134:Generated_Source\PSoC5/USBUART_1_msc.c **** *
 135:Generated_Source\PSoC5/USBUART_1_msc.c **** * \globalvars
 136:Generated_Source\PSoC5/USBUART_1_msc.c **** *  USBUART_1_lunCount - stores number of LUN (logical units).
 137:Generated_Source\PSoC5/USBUART_1_msc.c **** *
 138:Generated_Source\PSoC5/USBUART_1_msc.c **** * \reentrant
 139:Generated_Source\PSoC5/USBUART_1_msc.c **** *  No.
 140:Generated_Source\PSoC5/USBUART_1_msc.c **** *
 141:Generated_Source\PSoC5/USBUART_1_msc.c **** *******************************************************************************/
 142:Generated_Source\PSoC5/USBUART_1_msc.c **** uint8 USBUART_1_MSC_GetLunCount(void) 
 143:Generated_Source\PSoC5/USBUART_1_msc.c **** {
 163              		.loc 1 143 0
 164              		.cfi_startproc
 165              		@ args = 0, pretend = 0, frame = 0
 166              		@ frame_needed = 0, uses_anonymous_args = 0
 167              		@ link register save eliminated.
 144:Generated_Source\PSoC5/USBUART_1_msc.c ****     return (USBUART_1_lunCount + 1u);
 168              		.loc 1 144 0
 169 0000 024B     		ldr	r3, .L20
 170 0002 1878     		ldrb	r0, [r3]	@ zero_extendqisi2
 171 0004 0130     		adds	r0, r0, #1
 145:Generated_Source\PSoC5/USBUART_1_msc.c **** }   
 172              		.loc 1 145 0
 173 0006 C0B2     		uxtb	r0, r0
 174 0008 7047     		bx	lr
 175              	.L21:
 176 000a 00BF     		.align	2
 177              	.L20:
 178 000c 00000000 		.word	.LANCHOR0
 179              		.cfi_endproc
 180              	.LFE2:
 181              		.size	USBUART_1_MSC_GetLunCount, .-USBUART_1_MSC_GetLunCount
 182              		.bss
 183              		.set	.LANCHOR0,. + 0
 184              		.type	USBUART_1_lunCount, %object
ARM GAS  C:\Users\jon\AppData\Local\Temp\ccUAb1uj.s 			page 7


 185              		.size	USBUART_1_lunCount, 1
 186              	USBUART_1_lunCount:
 187 0000 00       		.space	1
 188              		.text
 189              	.Letext0:
 190              		.file 2 "Generated_Source\\PSoC5\\cytypes.h"
 191              		.file 3 "Generated_Source\\PSoC5\\USBUART_1.h"
 192              		.file 4 "Generated_Source\\PSoC5\\USBUART_1_pvt.h"
 193              		.section	.debug_info,"",%progbits
 194              	.Ldebug_info0:
 195 0000 12020000 		.4byte	0x212
 196 0004 0400     		.2byte	0x4
 197 0006 00000000 		.4byte	.Ldebug_abbrev0
 198 000a 04       		.byte	0x4
 199 000b 01       		.uleb128 0x1
 200 000c 55000000 		.4byte	.LASF31
 201 0010 0C       		.byte	0xc
 202 0011 55010000 		.4byte	.LASF32
 203 0015 BC020000 		.4byte	.LASF33
 204 0019 00000000 		.4byte	.Ldebug_ranges0+0
 205 001d 00000000 		.4byte	0
 206 0021 00000000 		.4byte	.Ldebug_line0
 207 0025 02       		.uleb128 0x2
 208 0026 01       		.byte	0x1
 209 0027 06       		.byte	0x6
 210 0028 A7020000 		.4byte	.LASF0
 211 002c 02       		.uleb128 0x2
 212 002d 01       		.byte	0x1
 213 002e 08       		.byte	0x8
 214 002f 1C010000 		.4byte	.LASF1
 215 0033 02       		.uleb128 0x2
 216 0034 02       		.byte	0x2
 217 0035 05       		.byte	0x5
 218 0036 65020000 		.4byte	.LASF2
 219 003a 02       		.uleb128 0x2
 220 003b 02       		.byte	0x2
 221 003c 07       		.byte	0x7
 222 003d EF000000 		.4byte	.LASF3
 223 0041 02       		.uleb128 0x2
 224 0042 04       		.byte	0x4
 225 0043 05       		.byte	0x5
 226 0044 7E020000 		.4byte	.LASF4
 227 0048 02       		.uleb128 0x2
 228 0049 04       		.byte	0x4
 229 004a 07       		.byte	0x7
 230 004b 2A010000 		.4byte	.LASF5
 231 004f 02       		.uleb128 0x2
 232 0050 08       		.byte	0x8
 233 0051 05       		.byte	0x5
 234 0052 10020000 		.4byte	.LASF6
 235 0056 02       		.uleb128 0x2
 236 0057 08       		.byte	0x8
 237 0058 07       		.byte	0x7
 238 0059 CB010000 		.4byte	.LASF7
 239 005d 03       		.uleb128 0x3
 240 005e 04       		.byte	0x4
 241 005f 05       		.byte	0x5
ARM GAS  C:\Users\jon\AppData\Local\Temp\ccUAb1uj.s 			page 8


 242 0060 696E7400 		.ascii	"int\000"
 243 0064 02       		.uleb128 0x2
 244 0065 04       		.byte	0x4
 245 0066 07       		.byte	0x7
 246 0067 A4010000 		.4byte	.LASF8
 247 006b 04       		.uleb128 0x4
 248 006c 3C010000 		.4byte	.LASF9
 249 0070 02       		.byte	0x2
 250 0071 E401     		.2byte	0x1e4
 251 0073 2C000000 		.4byte	0x2c
 252 0077 04       		.uleb128 0x4
 253 0078 83010000 		.4byte	.LASF10
 254 007c 02       		.byte	0x2
 255 007d E501     		.2byte	0x1e5
 256 007f 3A000000 		.4byte	0x3a
 257 0083 02       		.uleb128 0x2
 258 0084 04       		.byte	0x4
 259 0085 04       		.byte	0x4
 260 0086 16010000 		.4byte	.LASF11
 261 008a 02       		.uleb128 0x2
 262 008b 08       		.byte	0x8
 263 008c 04       		.byte	0x4
 264 008d 7C010000 		.4byte	.LASF12
 265 0091 02       		.uleb128 0x2
 266 0092 01       		.byte	0x1
 267 0093 08       		.byte	0x8
 268 0094 42020000 		.4byte	.LASF13
 269 0098 05       		.uleb128 0x5
 270 0099 6B000000 		.4byte	0x6b
 271 009d 02       		.uleb128 0x2
 272 009e 08       		.byte	0x8
 273 009f 04       		.byte	0x4
 274 00a0 87020000 		.4byte	.LASF14
 275 00a4 02       		.uleb128 0x2
 276 00a5 04       		.byte	0x4
 277 00a6 07       		.byte	0x7
 278 00a7 07020000 		.4byte	.LASF15
 279 00ab 06       		.uleb128 0x6
 280 00ac 04       		.byte	0x4
 281 00ad 03       		.byte	0x3
 282 00ae A4       		.byte	0xa4
 283 00af CC000000 		.4byte	0xcc
 284 00b3 07       		.uleb128 0x7
 285 00b4 02010000 		.4byte	.LASF16
 286 00b8 03       		.byte	0x3
 287 00b9 A6       		.byte	0xa6
 288 00ba 6B000000 		.4byte	0x6b
 289 00be 00       		.byte	0
 290 00bf 07       		.uleb128 0x7
 291 00c0 F6020000 		.4byte	.LASF17
 292 00c4 03       		.byte	0x3
 293 00c5 A7       		.byte	0xa7
 294 00c6 77000000 		.4byte	0x77
 295 00ca 02       		.byte	0x2
 296 00cb 00       		.byte	0
 297 00cc 08       		.uleb128 0x8
 298 00cd 47020000 		.4byte	.LASF18
ARM GAS  C:\Users\jon\AppData\Local\Temp\ccUAb1uj.s 			page 9


 299 00d1 03       		.byte	0x3
 300 00d2 A8       		.byte	0xa8
 301 00d3 AB000000 		.4byte	0xab
 302 00d7 06       		.uleb128 0x6
 303 00d8 0C       		.byte	0xc
 304 00d9 03       		.byte	0x3
 305 00da AA       		.byte	0xaa
 306 00db 04010000 		.4byte	0x104
 307 00df 07       		.uleb128 0x7
 308 00e0 E9000000 		.4byte	.LASF19
 309 00e4 03       		.byte	0x3
 310 00e5 AC       		.byte	0xac
 311 00e6 77000000 		.4byte	0x77
 312 00ea 00       		.byte	0
 313 00eb 07       		.uleb128 0x7
 314 00ec 09010000 		.4byte	.LASF20
 315 00f0 03       		.byte	0x3
 316 00f1 AD       		.byte	0xad
 317 00f2 04010000 		.4byte	0x104
 318 00f6 04       		.byte	0x4
 319 00f7 07       		.uleb128 0x7
 320 00f8 1A000000 		.4byte	.LASF21
 321 00fc 03       		.byte	0x3
 322 00fd AE       		.byte	0xae
 323 00fe 0A010000 		.4byte	0x10a
 324 0102 08       		.byte	0x8
 325 0103 00       		.byte	0
 326 0104 09       		.uleb128 0x9
 327 0105 04       		.byte	0x4
 328 0106 98000000 		.4byte	0x98
 329 010a 09       		.uleb128 0x9
 330 010b 04       		.byte	0x4
 331 010c CC000000 		.4byte	0xcc
 332 0110 08       		.uleb128 0x8
 333 0111 46000000 		.4byte	.LASF22
 334 0115 03       		.byte	0x3
 335 0116 AF       		.byte	0xaf
 336 0117 D7000000 		.4byte	0xd7
 337 011b 06       		.uleb128 0x6
 338 011c 08       		.byte	0x8
 339 011d 03       		.byte	0x3
 340 011e C5       		.byte	0xc5
 341 011f 30010000 		.4byte	0x130
 342 0123 07       		.uleb128 0x7
 343 0124 0F010000 		.4byte	.LASF23
 344 0128 03       		.byte	0x3
 345 0129 C7       		.byte	0xc7
 346 012a 30010000 		.4byte	0x130
 347 012e 00       		.byte	0
 348 012f 00       		.byte	0
 349 0130 0A       		.uleb128 0xa
 350 0131 6B000000 		.4byte	0x6b
 351 0135 40010000 		.4byte	0x140
 352 0139 0B       		.uleb128 0xb
 353 013a A4000000 		.4byte	0xa4
 354 013e 07       		.byte	0x7
 355 013f 00       		.byte	0
ARM GAS  C:\Users\jon\AppData\Local\Temp\ccUAb1uj.s 			page 10


 356 0140 08       		.uleb128 0x8
 357 0141 8A010000 		.4byte	.LASF24
 358 0145 03       		.byte	0x3
 359 0146 C8       		.byte	0xc8
 360 0147 1B010000 		.4byte	0x11b
 361 014b 0C       		.uleb128 0xc
 362 014c 27000000 		.4byte	.LASF34
 363 0150 01       		.byte	0x1
 364 0151 32       		.byte	0x32
 365 0152 6B000000 		.4byte	0x6b
 366 0156 00000000 		.4byte	.LFB0
 367 015a 60000000 		.4byte	.LFE0-.LFB0
 368 015e 01       		.uleb128 0x1
 369 015f 9C       		.byte	0x9c
 370 0160 A4010000 		.4byte	0x1a4
 371 0164 0D       		.uleb128 0xd
 372 0165 6F020000 		.4byte	.LASF25
 373 0169 01       		.byte	0x1
 374 016a 34       		.byte	0x34
 375 016b 6B000000 		.4byte	0x6b
 376 016f 00000000 		.4byte	.LLST0
 377 0173 0D       		.uleb128 0xd
 378 0174 E3000000 		.4byte	.LASF26
 379 0178 01       		.byte	0x1
 380 0179 37       		.byte	0x37
 381 017a 77000000 		.4byte	0x77
 382 017e 20000000 		.4byte	.LLST1
 383 0182 0D       		.uleb128 0xd
 384 0183 FC010000 		.4byte	.LASF27
 385 0187 01       		.byte	0x1
 386 0188 38       		.byte	0x38
 387 0189 77000000 		.4byte	0x77
 388 018d 3E000000 		.4byte	.LLST2
 389 0191 0E       		.uleb128 0xe
 390 0192 38000000 		.4byte	.LVL5
 391 0196 FF010000 		.4byte	0x1ff
 392 019a 0E       		.uleb128 0xe
 393 019b 52000000 		.4byte	.LVL7
 394 019f 0A020000 		.4byte	0x20a
 395 01a3 00       		.byte	0
 396 01a4 0F       		.uleb128 0xf
 397 01a5 00000000 		.4byte	.LASF35
 398 01a9 01       		.byte	0x1
 399 01aa 78       		.byte	0x78
 400 01ab 00000000 		.4byte	.LFB1
 401 01af 0C000000 		.4byte	.LFE1-.LFB1
 402 01b3 01       		.uleb128 0x1
 403 01b4 9C       		.byte	0x9c
 404 01b5 C9010000 		.4byte	0x1c9
 405 01b9 10       		.uleb128 0x10
 406 01ba B3020000 		.4byte	.LASF36
 407 01be 01       		.byte	0x1
 408 01bf 78       		.byte	0x78
 409 01c0 6B000000 		.4byte	0x6b
 410 01c4 5C000000 		.4byte	.LLST3
 411 01c8 00       		.byte	0
 412 01c9 11       		.uleb128 0x11
ARM GAS  C:\Users\jon\AppData\Local\Temp\ccUAb1uj.s 			page 11


 413 01ca E2010000 		.4byte	.LASF37
 414 01ce 01       		.byte	0x1
 415 01cf 8E       		.byte	0x8e
 416 01d0 6B000000 		.4byte	0x6b
 417 01d4 00000000 		.4byte	.LFB2
 418 01d8 10000000 		.4byte	.LFE2-.LFB2
 419 01dc 01       		.uleb128 0x1
 420 01dd 9C       		.byte	0x9c
 421 01de 12       		.uleb128 0x12
 422 01df 42010000 		.4byte	.LASF28
 423 01e3 01       		.byte	0x1
 424 01e4 1E       		.byte	0x1e
 425 01e5 6B000000 		.4byte	0x6b
 426 01e9 05       		.uleb128 0x5
 427 01ea 03       		.byte	0x3
 428 01eb 00000000 		.4byte	USBUART_1_lunCount
 429 01ef 13       		.uleb128 0x13
 430 01f0 93020000 		.4byte	.LASF38
 431 01f4 04       		.byte	0x4
 432 01f5 7A       		.byte	0x7a
 433 01f6 FA010000 		.4byte	0x1fa
 434 01fa 05       		.uleb128 0x5
 435 01fb 10010000 		.4byte	0x110
 436 01ff 14       		.uleb128 0x14
 437 0200 1E020000 		.4byte	.LASF29
 438 0204 1E020000 		.4byte	.LASF29
 439 0208 04       		.byte	0x4
 440 0209 B3       		.byte	0xb3
 441 020a 14       		.uleb128 0x14
 442 020b B1010000 		.4byte	.LASF30
 443 020f B1010000 		.4byte	.LASF30
 444 0213 04       		.byte	0x4
 445 0214 A9       		.byte	0xa9
 446 0215 00       		.byte	0
 447              		.section	.debug_abbrev,"",%progbits
 448              	.Ldebug_abbrev0:
 449 0000 01       		.uleb128 0x1
 450 0001 11       		.uleb128 0x11
 451 0002 01       		.byte	0x1
 452 0003 25       		.uleb128 0x25
 453 0004 0E       		.uleb128 0xe
 454 0005 13       		.uleb128 0x13
 455 0006 0B       		.uleb128 0xb
 456 0007 03       		.uleb128 0x3
 457 0008 0E       		.uleb128 0xe
 458 0009 1B       		.uleb128 0x1b
 459 000a 0E       		.uleb128 0xe
 460 000b 55       		.uleb128 0x55
 461 000c 17       		.uleb128 0x17
 462 000d 11       		.uleb128 0x11
 463 000e 01       		.uleb128 0x1
 464 000f 10       		.uleb128 0x10
 465 0010 17       		.uleb128 0x17
 466 0011 00       		.byte	0
 467 0012 00       		.byte	0
 468 0013 02       		.uleb128 0x2
 469 0014 24       		.uleb128 0x24
ARM GAS  C:\Users\jon\AppData\Local\Temp\ccUAb1uj.s 			page 12


 470 0015 00       		.byte	0
 471 0016 0B       		.uleb128 0xb
 472 0017 0B       		.uleb128 0xb
 473 0018 3E       		.uleb128 0x3e
 474 0019 0B       		.uleb128 0xb
 475 001a 03       		.uleb128 0x3
 476 001b 0E       		.uleb128 0xe
 477 001c 00       		.byte	0
 478 001d 00       		.byte	0
 479 001e 03       		.uleb128 0x3
 480 001f 24       		.uleb128 0x24
 481 0020 00       		.byte	0
 482 0021 0B       		.uleb128 0xb
 483 0022 0B       		.uleb128 0xb
 484 0023 3E       		.uleb128 0x3e
 485 0024 0B       		.uleb128 0xb
 486 0025 03       		.uleb128 0x3
 487 0026 08       		.uleb128 0x8
 488 0027 00       		.byte	0
 489 0028 00       		.byte	0
 490 0029 04       		.uleb128 0x4
 491 002a 16       		.uleb128 0x16
 492 002b 00       		.byte	0
 493 002c 03       		.uleb128 0x3
 494 002d 0E       		.uleb128 0xe
 495 002e 3A       		.uleb128 0x3a
 496 002f 0B       		.uleb128 0xb
 497 0030 3B       		.uleb128 0x3b
 498 0031 05       		.uleb128 0x5
 499 0032 49       		.uleb128 0x49
 500 0033 13       		.uleb128 0x13
 501 0034 00       		.byte	0
 502 0035 00       		.byte	0
 503 0036 05       		.uleb128 0x5
 504 0037 35       		.uleb128 0x35
 505 0038 00       		.byte	0
 506 0039 49       		.uleb128 0x49
 507 003a 13       		.uleb128 0x13
 508 003b 00       		.byte	0
 509 003c 00       		.byte	0
 510 003d 06       		.uleb128 0x6
 511 003e 13       		.uleb128 0x13
 512 003f 01       		.byte	0x1
 513 0040 0B       		.uleb128 0xb
 514 0041 0B       		.uleb128 0xb
 515 0042 3A       		.uleb128 0x3a
 516 0043 0B       		.uleb128 0xb
 517 0044 3B       		.uleb128 0x3b
 518 0045 0B       		.uleb128 0xb
 519 0046 01       		.uleb128 0x1
 520 0047 13       		.uleb128 0x13
 521 0048 00       		.byte	0
 522 0049 00       		.byte	0
 523 004a 07       		.uleb128 0x7
 524 004b 0D       		.uleb128 0xd
 525 004c 00       		.byte	0
 526 004d 03       		.uleb128 0x3
ARM GAS  C:\Users\jon\AppData\Local\Temp\ccUAb1uj.s 			page 13


 527 004e 0E       		.uleb128 0xe
 528 004f 3A       		.uleb128 0x3a
 529 0050 0B       		.uleb128 0xb
 530 0051 3B       		.uleb128 0x3b
 531 0052 0B       		.uleb128 0xb
 532 0053 49       		.uleb128 0x49
 533 0054 13       		.uleb128 0x13
 534 0055 38       		.uleb128 0x38
 535 0056 0B       		.uleb128 0xb
 536 0057 00       		.byte	0
 537 0058 00       		.byte	0
 538 0059 08       		.uleb128 0x8
 539 005a 16       		.uleb128 0x16
 540 005b 00       		.byte	0
 541 005c 03       		.uleb128 0x3
 542 005d 0E       		.uleb128 0xe
 543 005e 3A       		.uleb128 0x3a
 544 005f 0B       		.uleb128 0xb
 545 0060 3B       		.uleb128 0x3b
 546 0061 0B       		.uleb128 0xb
 547 0062 49       		.uleb128 0x49
 548 0063 13       		.uleb128 0x13
 549 0064 00       		.byte	0
 550 0065 00       		.byte	0
 551 0066 09       		.uleb128 0x9
 552 0067 0F       		.uleb128 0xf
 553 0068 00       		.byte	0
 554 0069 0B       		.uleb128 0xb
 555 006a 0B       		.uleb128 0xb
 556 006b 49       		.uleb128 0x49
 557 006c 13       		.uleb128 0x13
 558 006d 00       		.byte	0
 559 006e 00       		.byte	0
 560 006f 0A       		.uleb128 0xa
 561 0070 01       		.uleb128 0x1
 562 0071 01       		.byte	0x1
 563 0072 49       		.uleb128 0x49
 564 0073 13       		.uleb128 0x13
 565 0074 01       		.uleb128 0x1
 566 0075 13       		.uleb128 0x13
 567 0076 00       		.byte	0
 568 0077 00       		.byte	0
 569 0078 0B       		.uleb128 0xb
 570 0079 21       		.uleb128 0x21
 571 007a 00       		.byte	0
 572 007b 49       		.uleb128 0x49
 573 007c 13       		.uleb128 0x13
 574 007d 2F       		.uleb128 0x2f
 575 007e 0B       		.uleb128 0xb
 576 007f 00       		.byte	0
 577 0080 00       		.byte	0
 578 0081 0C       		.uleb128 0xc
 579 0082 2E       		.uleb128 0x2e
 580 0083 01       		.byte	0x1
 581 0084 3F       		.uleb128 0x3f
 582 0085 19       		.uleb128 0x19
 583 0086 03       		.uleb128 0x3
ARM GAS  C:\Users\jon\AppData\Local\Temp\ccUAb1uj.s 			page 14


 584 0087 0E       		.uleb128 0xe
 585 0088 3A       		.uleb128 0x3a
 586 0089 0B       		.uleb128 0xb
 587 008a 3B       		.uleb128 0x3b
 588 008b 0B       		.uleb128 0xb
 589 008c 27       		.uleb128 0x27
 590 008d 19       		.uleb128 0x19
 591 008e 49       		.uleb128 0x49
 592 008f 13       		.uleb128 0x13
 593 0090 11       		.uleb128 0x11
 594 0091 01       		.uleb128 0x1
 595 0092 12       		.uleb128 0x12
 596 0093 06       		.uleb128 0x6
 597 0094 40       		.uleb128 0x40
 598 0095 18       		.uleb128 0x18
 599 0096 9742     		.uleb128 0x2117
 600 0098 19       		.uleb128 0x19
 601 0099 01       		.uleb128 0x1
 602 009a 13       		.uleb128 0x13
 603 009b 00       		.byte	0
 604 009c 00       		.byte	0
 605 009d 0D       		.uleb128 0xd
 606 009e 34       		.uleb128 0x34
 607 009f 00       		.byte	0
 608 00a0 03       		.uleb128 0x3
 609 00a1 0E       		.uleb128 0xe
 610 00a2 3A       		.uleb128 0x3a
 611 00a3 0B       		.uleb128 0xb
 612 00a4 3B       		.uleb128 0x3b
 613 00a5 0B       		.uleb128 0xb
 614 00a6 49       		.uleb128 0x49
 615 00a7 13       		.uleb128 0x13
 616 00a8 02       		.uleb128 0x2
 617 00a9 17       		.uleb128 0x17
 618 00aa 00       		.byte	0
 619 00ab 00       		.byte	0
 620 00ac 0E       		.uleb128 0xe
 621 00ad 898201   		.uleb128 0x4109
 622 00b0 00       		.byte	0
 623 00b1 11       		.uleb128 0x11
 624 00b2 01       		.uleb128 0x1
 625 00b3 9542     		.uleb128 0x2115
 626 00b5 19       		.uleb128 0x19
 627 00b6 31       		.uleb128 0x31
 628 00b7 13       		.uleb128 0x13
 629 00b8 00       		.byte	0
 630 00b9 00       		.byte	0
 631 00ba 0F       		.uleb128 0xf
 632 00bb 2E       		.uleb128 0x2e
 633 00bc 01       		.byte	0x1
 634 00bd 3F       		.uleb128 0x3f
 635 00be 19       		.uleb128 0x19
 636 00bf 03       		.uleb128 0x3
 637 00c0 0E       		.uleb128 0xe
 638 00c1 3A       		.uleb128 0x3a
 639 00c2 0B       		.uleb128 0xb
 640 00c3 3B       		.uleb128 0x3b
ARM GAS  C:\Users\jon\AppData\Local\Temp\ccUAb1uj.s 			page 15


 641 00c4 0B       		.uleb128 0xb
 642 00c5 27       		.uleb128 0x27
 643 00c6 19       		.uleb128 0x19
 644 00c7 11       		.uleb128 0x11
 645 00c8 01       		.uleb128 0x1
 646 00c9 12       		.uleb128 0x12
 647 00ca 06       		.uleb128 0x6
 648 00cb 40       		.uleb128 0x40
 649 00cc 18       		.uleb128 0x18
 650 00cd 9742     		.uleb128 0x2117
 651 00cf 19       		.uleb128 0x19
 652 00d0 01       		.uleb128 0x1
 653 00d1 13       		.uleb128 0x13
 654 00d2 00       		.byte	0
 655 00d3 00       		.byte	0
 656 00d4 10       		.uleb128 0x10
 657 00d5 05       		.uleb128 0x5
 658 00d6 00       		.byte	0
 659 00d7 03       		.uleb128 0x3
 660 00d8 0E       		.uleb128 0xe
 661 00d9 3A       		.uleb128 0x3a
 662 00da 0B       		.uleb128 0xb
 663 00db 3B       		.uleb128 0x3b
 664 00dc 0B       		.uleb128 0xb
 665 00dd 49       		.uleb128 0x49
 666 00de 13       		.uleb128 0x13
 667 00df 02       		.uleb128 0x2
 668 00e0 17       		.uleb128 0x17
 669 00e1 00       		.byte	0
 670 00e2 00       		.byte	0
 671 00e3 11       		.uleb128 0x11
 672 00e4 2E       		.uleb128 0x2e
 673 00e5 00       		.byte	0
 674 00e6 3F       		.uleb128 0x3f
 675 00e7 19       		.uleb128 0x19
 676 00e8 03       		.uleb128 0x3
 677 00e9 0E       		.uleb128 0xe
 678 00ea 3A       		.uleb128 0x3a
 679 00eb 0B       		.uleb128 0xb
 680 00ec 3B       		.uleb128 0x3b
 681 00ed 0B       		.uleb128 0xb
 682 00ee 27       		.uleb128 0x27
 683 00ef 19       		.uleb128 0x19
 684 00f0 49       		.uleb128 0x49
 685 00f1 13       		.uleb128 0x13
 686 00f2 11       		.uleb128 0x11
 687 00f3 01       		.uleb128 0x1
 688 00f4 12       		.uleb128 0x12
 689 00f5 06       		.uleb128 0x6
 690 00f6 40       		.uleb128 0x40
 691 00f7 18       		.uleb128 0x18
 692 00f8 9742     		.uleb128 0x2117
 693 00fa 19       		.uleb128 0x19
 694 00fb 00       		.byte	0
 695 00fc 00       		.byte	0
 696 00fd 12       		.uleb128 0x12
 697 00fe 34       		.uleb128 0x34
ARM GAS  C:\Users\jon\AppData\Local\Temp\ccUAb1uj.s 			page 16


 698 00ff 00       		.byte	0
 699 0100 03       		.uleb128 0x3
 700 0101 0E       		.uleb128 0xe
 701 0102 3A       		.uleb128 0x3a
 702 0103 0B       		.uleb128 0xb
 703 0104 3B       		.uleb128 0x3b
 704 0105 0B       		.uleb128 0xb
 705 0106 49       		.uleb128 0x49
 706 0107 13       		.uleb128 0x13
 707 0108 02       		.uleb128 0x2
 708 0109 18       		.uleb128 0x18
 709 010a 00       		.byte	0
 710 010b 00       		.byte	0
 711 010c 13       		.uleb128 0x13
 712 010d 34       		.uleb128 0x34
 713 010e 00       		.byte	0
 714 010f 03       		.uleb128 0x3
 715 0110 0E       		.uleb128 0xe
 716 0111 3A       		.uleb128 0x3a
 717 0112 0B       		.uleb128 0xb
 718 0113 3B       		.uleb128 0x3b
 719 0114 0B       		.uleb128 0xb
 720 0115 49       		.uleb128 0x49
 721 0116 13       		.uleb128 0x13
 722 0117 3F       		.uleb128 0x3f
 723 0118 19       		.uleb128 0x19
 724 0119 3C       		.uleb128 0x3c
 725 011a 19       		.uleb128 0x19
 726 011b 00       		.byte	0
 727 011c 00       		.byte	0
 728 011d 14       		.uleb128 0x14
 729 011e 2E       		.uleb128 0x2e
 730 011f 00       		.byte	0
 731 0120 3F       		.uleb128 0x3f
 732 0121 19       		.uleb128 0x19
 733 0122 3C       		.uleb128 0x3c
 734 0123 19       		.uleb128 0x19
 735 0124 6E       		.uleb128 0x6e
 736 0125 0E       		.uleb128 0xe
 737 0126 03       		.uleb128 0x3
 738 0127 0E       		.uleb128 0xe
 739 0128 3A       		.uleb128 0x3a
 740 0129 0B       		.uleb128 0xb
 741 012a 3B       		.uleb128 0x3b
 742 012b 0B       		.uleb128 0xb
 743 012c 00       		.byte	0
 744 012d 00       		.byte	0
 745 012e 00       		.byte	0
 746              		.section	.debug_loc,"",%progbits
 747              	.Ldebug_loc0:
 748              	.LLST0:
 749 0000 00000000 		.4byte	.LVL0
 750 0004 20000000 		.4byte	.LVL3
 751 0008 0200     		.2byte	0x2
 752 000a 30       		.byte	0x30
 753 000b 9F       		.byte	0x9f
 754 000c 26000000 		.4byte	.LVL4
ARM GAS  C:\Users\jon\AppData\Local\Temp\ccUAb1uj.s 			page 17


 755 0010 60000000 		.4byte	.LFE0
 756 0014 0200     		.2byte	0x2
 757 0016 30       		.byte	0x30
 758 0017 9F       		.byte	0x9f
 759 0018 00000000 		.4byte	0
 760 001c 00000000 		.4byte	0
 761              	.LLST1:
 762 0020 12000000 		.4byte	.LVL1
 763 0024 37000000 		.4byte	.LVL5-1
 764 0028 0100     		.2byte	0x1
 765 002a 52       		.byte	0x52
 766 002b 38000000 		.4byte	.LVL5
 767 002f 4A000000 		.4byte	.LVL6
 768 0033 0100     		.2byte	0x1
 769 0035 52       		.byte	0x52
 770 0036 00000000 		.4byte	0
 771 003a 00000000 		.4byte	0
 772              	.LLST2:
 773 003e 18000000 		.4byte	.LVL2
 774 0042 37000000 		.4byte	.LVL5-1
 775 0046 0100     		.2byte	0x1
 776 0048 51       		.byte	0x51
 777 0049 38000000 		.4byte	.LVL5
 778 004d 51000000 		.4byte	.LVL7-1
 779 0051 0100     		.2byte	0x1
 780 0053 51       		.byte	0x51
 781 0054 00000000 		.4byte	0
 782 0058 00000000 		.4byte	0
 783              	.LLST3:
 784 005c 00000000 		.4byte	.LVL8
 785 0060 04000000 		.4byte	.LVL9
 786 0064 0100     		.2byte	0x1
 787 0066 50       		.byte	0x50
 788 0067 04000000 		.4byte	.LVL9
 789 006b 0C000000 		.4byte	.LFE1
 790 006f 0400     		.2byte	0x4
 791 0071 F3       		.byte	0xf3
 792 0072 01       		.uleb128 0x1
 793 0073 50       		.byte	0x50
 794 0074 9F       		.byte	0x9f
 795 0075 00000000 		.4byte	0
 796 0079 00000000 		.4byte	0
 797              		.section	.debug_aranges,"",%progbits
 798 0000 2C000000 		.4byte	0x2c
 799 0004 0200     		.2byte	0x2
 800 0006 00000000 		.4byte	.Ldebug_info0
 801 000a 04       		.byte	0x4
 802 000b 00       		.byte	0
 803 000c 0000     		.2byte	0
 804 000e 0000     		.2byte	0
 805 0010 00000000 		.4byte	.LFB0
 806 0014 60000000 		.4byte	.LFE0-.LFB0
 807 0018 00000000 		.4byte	.LFB1
 808 001c 0C000000 		.4byte	.LFE1-.LFB1
 809 0020 00000000 		.4byte	.LFB2
 810 0024 10000000 		.4byte	.LFE2-.LFB2
 811 0028 00000000 		.4byte	0
ARM GAS  C:\Users\jon\AppData\Local\Temp\ccUAb1uj.s 			page 18


 812 002c 00000000 		.4byte	0
 813              		.section	.debug_ranges,"",%progbits
 814              	.Ldebug_ranges0:
 815 0000 00000000 		.4byte	.LFB0
 816 0004 60000000 		.4byte	.LFE0
 817 0008 00000000 		.4byte	.LFB1
 818 000c 0C000000 		.4byte	.LFE1
 819 0010 00000000 		.4byte	.LFB2
 820 0014 10000000 		.4byte	.LFE2
 821 0018 00000000 		.4byte	0
 822 001c 00000000 		.4byte	0
 823              		.section	.debug_line,"",%progbits
 824              	.Ldebug_line0:
 825 0000 D6000000 		.section	.debug_str,"MS",%progbits,1
 825      02006C00 
 825      00000201 
 825      FB0E0D00 
 825      01010101 
 826              	.LASF35:
 827 0000 55534255 		.ascii	"USBUART_1_MSC_SetLunCount\000"
 827      4152545F 
 827      315F4D53 
 827      435F5365 
 827      744C756E 
 828              	.LASF21:
 829 001a 70537461 		.ascii	"pStatusBlock\000"
 829      74757342 
 829      6C6F636B 
 829      00
 830              	.LASF34:
 831 0027 55534255 		.ascii	"USBUART_1_DispatchMSCClassRqst\000"
 831      4152545F 
 831      315F4469 
 831      73706174 
 831      63684D53 
 832              	.LASF22:
 833 0046 545F5553 		.ascii	"T_USBUART_1_TD\000"
 833      42554152 
 833      545F315F 
 833      544400
 834              	.LASF31:
 835 0055 474E5520 		.ascii	"GNU C11 5.4.1 20160609 (release) [ARM/embedded-5-br"
 835      43313120 
 835      352E342E 
 835      31203230 
 835      31363036 
 836 0088 616E6368 		.ascii	"anch revision 237715] -mcpu=cortex-m3 -mthumb -g -O"
 836      20726576 
 836      6973696F 
 836      6E203233 
 836      37373135 
 837 00bb 33202D66 		.ascii	"3 -ffunction-sections -ffat-lto-objects\000"
 837      66756E63 
 837      74696F6E 
 837      2D736563 
 837      74696F6E 
 838              	.LASF26:
ARM GAS  C:\Users\jon\AppData\Local\Temp\ccUAb1uj.s 			page 19


 839 00e3 76616C75 		.ascii	"value\000"
 839      6500
 840              	.LASF19:
 841 00e9 636F756E 		.ascii	"count\000"
 841      7400
 842              	.LASF3:
 843 00ef 73686F72 		.ascii	"short unsigned int\000"
 843      7420756E 
 843      7369676E 
 843      65642069 
 843      6E7400
 844              	.LASF16:
 845 0102 73746174 		.ascii	"status\000"
 845      757300
 846              	.LASF20:
 847 0109 70446174 		.ascii	"pData\000"
 847      6100
 848              	.LASF23:
 849 010f 65704461 		.ascii	"epData\000"
 849      746100
 850              	.LASF11:
 851 0116 666C6F61 		.ascii	"float\000"
 851      7400
 852              	.LASF1:
 853 011c 756E7369 		.ascii	"unsigned char\000"
 853      676E6564 
 853      20636861 
 853      7200
 854              	.LASF5:
 855 012a 6C6F6E67 		.ascii	"long unsigned int\000"
 855      20756E73 
 855      69676E65 
 855      6420696E 
 855      7400
 856              	.LASF9:
 857 013c 75696E74 		.ascii	"uint8\000"
 857      3800
 858              	.LASF28:
 859 0142 55534255 		.ascii	"USBUART_1_lunCount\000"
 859      4152545F 
 859      315F6C75 
 859      6E436F75 
 859      6E7400
 860              	.LASF32:
 861 0155 47656E65 		.ascii	"Generated_Source\\PSoC5\\USBUART_1_msc.c\000"
 861      72617465 
 861      645F536F 
 861      75726365 
 861      5C50536F 
 862              	.LASF12:
 863 017c 646F7562 		.ascii	"double\000"
 863      6C6500
 864              	.LASF10:
 865 0183 75696E74 		.ascii	"uint16\000"
 865      313600
 866              	.LASF24:
 867 018a 55534255 		.ascii	"USBUART_1_ep0_data_struct\000"
ARM GAS  C:\Users\jon\AppData\Local\Temp\ccUAb1uj.s 			page 20


 867      4152545F 
 867      315F6570 
 867      305F6461 
 867      74615F73 
 868              	.LASF8:
 869 01a4 756E7369 		.ascii	"unsigned int\000"
 869      676E6564 
 869      20696E74 
 869      00
 870              	.LASF30:
 871 01b1 55534255 		.ascii	"USBUART_1_InitControlRead\000"
 871      4152545F 
 871      315F496E 
 871      6974436F 
 871      6E74726F 
 872              	.LASF7:
 873 01cb 6C6F6E67 		.ascii	"long long unsigned int\000"
 873      206C6F6E 
 873      6720756E 
 873      7369676E 
 873      65642069 
 874              	.LASF37:
 875 01e2 55534255 		.ascii	"USBUART_1_MSC_GetLunCount\000"
 875      4152545F 
 875      315F4D53 
 875      435F4765 
 875      744C756E 
 876              	.LASF27:
 877 01fc 64617461 		.ascii	"dataLength\000"
 877      4C656E67 
 877      746800
 878              	.LASF15:
 879 0207 73697A65 		.ascii	"sizetype\000"
 879      74797065 
 879      00
 880              	.LASF6:
 881 0210 6C6F6E67 		.ascii	"long long int\000"
 881      206C6F6E 
 881      6720696E 
 881      7400
 882              	.LASF29:
 883 021e 55534255 		.ascii	"USBUART_1_InitNoDataControlTransfer\000"
 883      4152545F 
 883      315F496E 
 883      69744E6F 
 883      44617461 
 884              	.LASF13:
 885 0242 63686172 		.ascii	"char\000"
 885      00
 886              	.LASF18:
 887 0247 545F5553 		.ascii	"T_USBUART_1_XFER_STATUS_BLOCK\000"
 887      42554152 
 887      545F315F 
 887      58464552 
 887      5F535441 
 888              	.LASF2:
 889 0265 73686F72 		.ascii	"short int\000"
ARM GAS  C:\Users\jon\AppData\Local\Temp\ccUAb1uj.s 			page 21


 889      7420696E 
 889      7400
 890              	.LASF25:
 891 026f 72657175 		.ascii	"requestHandled\000"
 891      65737448 
 891      616E646C 
 891      656400
 892              	.LASF4:
 893 027e 6C6F6E67 		.ascii	"long int\000"
 893      20696E74 
 893      00
 894              	.LASF14:
 895 0287 6C6F6E67 		.ascii	"long double\000"
 895      20646F75 
 895      626C6500 
 896              	.LASF38:
 897 0293 55534255 		.ascii	"USBUART_1_currentTD\000"
 897      4152545F 
 897      315F6375 
 897      7272656E 
 897      74544400 
 898              	.LASF0:
 899 02a7 7369676E 		.ascii	"signed char\000"
 899      65642063 
 899      68617200 
 900              	.LASF36:
 901 02b3 6C756E43 		.ascii	"lunCount\000"
 901      6F756E74 
 901      00
 902              	.LASF33:
 903 02bc 433A5C55 		.ascii	"C:\\Users\\jon\\Sync\\Research\\PSoC Projects\\Cont"
 903      73657273 
 903      5C6A6F6E 
 903      5C53796E 
 903      635C5265 
 904 02e9 726F6C6C 		.ascii	"roller.cydsn\000"
 904      65722E63 
 904      7964736E 
 904      00
 905              	.LASF17:
 906 02f6 6C656E67 		.ascii	"length\000"
 906      746800
 907              		.ident	"GCC: (GNU Tools for ARM Embedded Processors) 5.4.1 20160609 (release) [ARM/embedded-5-bran
