--------------- Build Started: 04/26/2019 12:19:41 Project: CMG_New, Configuration: ARM GCC 5.4-2016-q2-update Debug ---------------
The code generation step is up to date.
arm-none-eabi-gcc.exe -mcpu=cortex-m3 -mthumb -Im -I. -IGenerated_Source\PSoC5 -Wa,-alh=.\CortexM3\ARM_GCC_541\Debug/main.lst -g -D DEBUG -D CY_CORE_ID=0 -Wall -ffunction-sections -ffat-lto-objects -Og -c main.c -o .\CortexM3\ARM_GCC_541\Debug\main.o
main.c: In function 'main':
main.c:147:14: warning: unused variable 'reset_flag' [-Wunused-variable]
         char reset_flag = 0;
              ^
main.c:101:18: warning: unused variable 'orientation' [-Wunused-variable]
     euler_angles orientation;
                  ^
main.c:93:10: warning: unused variable 'output' [-Wunused-variable]
     char output[80];
          ^
arm-none-eabi-ar.exe -rs .\CortexM3\ARM_GCC_541\Debug\CMG_New.a .\CortexM3\ARM_GCC_541\Debug\Clock_1.o .\CortexM3\ARM_GCC_541\Debug\flywheel_motor.o .\CortexM3\ARM_GCC_541\Debug\gimbal_motor.o .\CortexM3\ARM_GCC_541\Debug\gimbal_direction.o .\CortexM3\ARM_GCC_541\Debug\UART.o .\CortexM3\ARM_GCC_541\Debug\UART_PM.o .\CortexM3\ARM_GCC_541\Debug\UART_INT.o .\CortexM3\ARM_GCC_541\Debug\UART_BOOT.o .\CortexM3\ARM_GCC_541\Debug\Rpi_Tx_Interrupt.o .\CortexM3\ARM_GCC_541\Debug\VDAC8_1.o .\CortexM3\ARM_GCC_541\Debug\VDAC8_1_PM.o .\CortexM3\ARM_GCC_541\Debug\Clock_3.o .\CortexM3\ARM_GCC_541\Debug\Steering_Timer.o .\CortexM3\ARM_GCC_541\Debug\Steering_Timer_PM.o .\CortexM3\ARM_GCC_541\Debug\Timer_Interrupt.o .\CortexM3\ARM_GCC_541\Debug\UART_IntClock.o .\CortexM3\ARM_GCC_541\Debug\CyDmac.o .\CortexM3\ARM_GCC_541\Debug\CyFlash.o .\CortexM3\ARM_GCC_541\Debug\CyLib.o .\CortexM3\ARM_GCC_541\Debug\cyPm.o .\CortexM3\ARM_GCC_541\Debug\CySpc.o .\CortexM3\ARM_GCC_541\Debug\cyutils.o .\CortexM3\ARM_GCC_541\Debug\cy_em_eeprom.o .\CortexM3\ARM_GCC_541\Debug\PWM_CMG.o .\CortexM3\ARM_GCC_541\Debug\PWM_CMG_PM.o .\CortexM3\ARM_GCC_541\Debug\SW1.o .\CortexM3\ARM_GCC_541\Debug\LED1.o .\CortexM3\ARM_GCC_541\Debug\Gimbal_Encoder_A.o .\CortexM3\ARM_GCC_541\Debug\Gimbal_Encoder.o .\CortexM3\ARM_GCC_541\Debug\Gimbal_Encoder_PM.o .\CortexM3\ARM_GCC_541\Debug\Gimbal_Encoder_B.o .\CortexM3\ARM_GCC_541\Debug\Clock_2.o .\CortexM3\ARM_GCC_541\Debug\Gimbal_Encoder_Cnt16.o .\CortexM3\ARM_GCC_541\Debug\Gimbal_Encoder_Cnt16_PM.o .\CortexM3\ARM_GCC_541\Debug\Gimbal_Timer.o .\CortexM3\ARM_GCC_541\Debug\Gimbal_Timer_PM.o .\CortexM3\ARM_GCC_541\Debug\Gimbal_Control_Loop_Interrupt.o .\CortexM3\ARM_GCC_541\Debug\Handle_Encoder.o .\CortexM3\ARM_GCC_541\Debug\Handle_Encoder_PM.o .\CortexM3\ARM_GCC_541\Debug\Handle_Encoder_A.o .\CortexM3\ARM_GCC_541\Debug\Clock_4.o .\CortexM3\ARM_GCC_541\Debug\Handle_Encoder_B.o .\CortexM3\ARM_GCC_541\Debug\Handle_Encoder_Cnt16.o .\CortexM3\ARM_GCC_541\Debug\Handle_Encoder_Cnt16_PM.o .\CortexM3\ARM_GCC_541\Debug\Steering_Control_Loop_Interrupt.o .\CortexM3\ARM_GCC_541\Debug\Steering_PWM.o .\CortexM3\ARM_GCC_541\Debug\Steering_Dir.o .\CortexM3\ARM_GCC_541\Debug\PWM_Steer.o .\CortexM3\ARM_GCC_541\Debug\PWM_Steer_PM.o .\CortexM3\ARM_GCC_541\Debug\Clock_6.o .\CortexM3\ARM_GCC_541\Debug\Pin_1.o .\CortexM3\ARM_GCC_541\Debug\BNO_Interupt.o .\CortexM3\ARM_GCC_541\Debug\isr_1.o .\CortexM3\ARM_GCC_541\Debug\Enc_Int_Low.o .\CortexM3\ARM_GCC_541\Debug\Enc_Int_High.o .\CortexM3\ARM_GCC_541\Debug\EncTimer.o .\CortexM3\ARM_GCC_541\Debug\EncTimer_PM.o .\CortexM3\ARM_GCC_541\Debug\timer_clock.o .\CortexM3\ARM_GCC_541\Debug\Sample_Interrupt.o .\CortexM3\ARM_GCC_541\Debug\Sample_Timer.o .\CortexM3\ARM_GCC_541\Debug\Sample_Timer_PM.o .\CortexM3\ARM_GCC_541\Debug\LED.o .\CortexM3\ARM_GCC_541\Debug\Clock_7.o .\CortexM3\ARM_GCC_541\Debug\SDA_1.o .\CortexM3\ARM_GCC_541\Debug\SCL_1.o .\CortexM3\ARM_GCC_541\Debug\I2C.o .\CortexM3\ARM_GCC_541\Debug\I2C_BOOT.o .\CortexM3\ARM_GCC_541\Debug\I2C_INT.o .\CortexM3\ARM_GCC_541\Debug\I2C_PM.o .\CortexM3\ARM_GCC_541\Debug\I2C_SLAVE.o .\CortexM3\ARM_GCC_541\Debug\I2C_MASTER.o .\CortexM3\ARM_GCC_541\Debug\CyBootAsmGnu.o
arm-none-eabi-ar.exe: creating .\CortexM3\ARM_GCC_541\Debug\CMG_New.a
arm-none-eabi-gcc.exe -Wl,--start-group -o "C:\Users\jebush2\Desktop\PSoC 3-19-2019\Smart Bike PSoC\CMG_New.cydsn\CortexM3\ARM_GCC_541\Debug\CMG_New.elf" .\CortexM3\ARM_GCC_541\Debug\main.o .\CortexM3\ARM_GCC_541\Debug\bno055.o .\CortexM3\ARM_GCC_541\Debug\cyfitter_cfg.o .\CortexM3\ARM_GCC_541\Debug\cymetadata.o .\CortexM3\ARM_GCC_541\Debug\Cm3Start.o .\CortexM3\ARM_GCC_541\Debug\CMG_New.a "C:\Program Files (x86)\Cypress\PSoC Creator\4.2\PSoC Creator\psoc\content\cycomponentlibrary\CyComponentLibrary.cylib\CortexM3\ARM_GCC_541\Debug\CyComponentLibrary.a" -mcpu=cortex-m3 -mthumb -l m -L Generated_Source\PSoC5 -Wl,-Map,.\CortexM3\ARM_GCC_541\Debug/CMG_New.map -T Generated_Source\PSoC5\cm3gcc.ld -specs=nano.specs -Wl,--gc-sections -g -ffunction-sections -Og -ffat-lto-objects -Wl,--end-group
cyelftool.exe -C "C:\Users\jebush2\Desktop\PSoC 3-19-2019\Smart Bike PSoC\CMG_New.cydsn\CortexM3\ARM_GCC_541\Debug\CMG_New.elf" --flash_row_size 256 --flash_size 262144 --flash_offset 0x00000000
No ELF section .cychecksum found, creating one
Application checksum calculated and stored in ELF section .cychecksum
Checksum calculated and stored in ELF section .cymeta
cyelftool.exe -S "C:\Users\jebush2\Desktop\PSoC 3-19-2019\Smart Bike PSoC\CMG_New.cydsn\CortexM3\ARM_GCC_541\Debug\CMG_New.elf"
Flash used: 16558 of 262144 bytes (6.3%).
SRAM used: 2633 of 65536 bytes (4.0%). Stack: 2048 bytes. Heap: 128 bytes.
--------------- Build Succeeded: 04/26/2019 12:19:42 ---------------
