--------------- Clean Started: 10/09/2017 00:35:02 Project: Controller, Configuration: ARM GCC 5.4-2016-q2-update Release ---------------
Deleting file ".\CortexM3\ARM_GCC_541\Release\main.o"
Deleting file ".\CortexM3\ARM_GCC_541\Release\sbus.o"
Deleting file ".\CortexM3\ARM_GCC_541\Release\cyfitter_cfg.o"
Deleting file ".\CortexM3\ARM_GCC_541\Release\cymetadata.o"
Deleting file ".\CortexM3\ARM_GCC_541\Release\Cm3Start.o"
Deleting file ".\CortexM3\ARM_GCC_541\Release\CyBootAsmGnu.o"
Deleting file ".\CortexM3\ARM_GCC_541\Release\CyDmac.o"
Deleting file ".\CortexM3\ARM_GCC_541\Release\CyFlash.o"
Deleting file ".\CortexM3\ARM_GCC_541\Release\CyLib.o"
Deleting file ".\CortexM3\ARM_GCC_541\Release\cyPm.o"
Deleting file ".\CortexM3\ARM_GCC_541\Release\CySpc.o"
Deleting file ".\CortexM3\ARM_GCC_541\Release\cyutils.o"
Deleting file ".\CortexM3\ARM_GCC_541\Release\Throttle.o"
Deleting file ".\CortexM3\ARM_GCC_541\Release\Throttle_PM.o"
Deleting file ".\CortexM3\ARM_GCC_541\Release\Vout_1.o"
Deleting file ".\CortexM3\ARM_GCC_541\Release\isr_1.o"
Deleting file ".\CortexM3\ARM_GCC_541\Release\RPi_UART.o"
Deleting file ".\CortexM3\ARM_GCC_541\Release\RPi_UART_PM.o"
Deleting file ".\CortexM3\ARM_GCC_541\Release\RPi_UART_INT.o"
Deleting file ".\CortexM3\ARM_GCC_541\Release\RPi_UART_BOOT.o"
Deleting file ".\CortexM3\ARM_GCC_541\Release\SBUS_UART.o"
Deleting file ".\CortexM3\ARM_GCC_541\Release\SBUS_UART_PM.o"
Deleting file ".\CortexM3\ARM_GCC_541\Release\SBUS_UART_INT.o"
Deleting file ".\CortexM3\ARM_GCC_541\Release\SBUS_UART_BOOT.o"
Deleting file ".\CortexM3\ARM_GCC_541\Release\Clock_1.o"
Deleting file ".\CortexM3\ARM_GCC_541\Release\SBUS_Interrupt.o"
Deleting file ".\CortexM3\ARM_GCC_541\Release\Rx_SBUS.o"
Deleting file ".\CortexM3\ARM_GCC_541\Release\RPi_UART_IntClock.o"
Deleting file ".\CortexM3\ARM_GCC_541\Release\USBUART_1.o"
Deleting file ".\CortexM3\ARM_GCC_541\Release\USBUART_1_audio.o"
Deleting file ".\CortexM3\ARM_GCC_541\Release\USBUART_1_boot.o"
Deleting file ".\CortexM3\ARM_GCC_541\Release\USBUART_1_cdc.o"
Deleting file ".\CortexM3\ARM_GCC_541\Release\USBUART_1_cls.o"
Deleting file ".\CortexM3\ARM_GCC_541\Release\USBUART_1_descr.o"
Deleting file ".\CortexM3\ARM_GCC_541\Release\USBUART_1_drv.o"
Deleting file ".\CortexM3\ARM_GCC_541\Release\USBUART_1_episr.o"
Deleting file ".\CortexM3\ARM_GCC_541\Release\USBUART_1_hid.o"
Deleting file ".\CortexM3\ARM_GCC_541\Release\USBUART_1_pm.o"
Deleting file ".\CortexM3\ARM_GCC_541\Release\USBUART_1_std.o"
Deleting file ".\CortexM3\ARM_GCC_541\Release\USBUART_1_vnd.o"
Deleting file ".\CortexM3\ARM_GCC_541\Release\USBUART_1_midi.o"
Deleting file ".\CortexM3\ARM_GCC_541\Release\USBUART_1_msc.o"
Deleting file ".\CortexM3\ARM_GCC_541\Release\USBUART_1_Dm.o"
Deleting file ".\CortexM3\ARM_GCC_541\Release\USBUART_1_Dp.o"
Deleting file ".\CortexM3\ARM_GCC_541\Release\Opamp_Throttle.o"
Deleting file ".\CortexM3\ARM_GCC_541\Release\Opamp_Throttle_PM.o"
Deleting file ".\CortexM3\ARM_GCC_541\Release\PWM_1.o"
Deleting file ".\CortexM3\ARM_GCC_541\Release\PWM_1_PM.o"
Deleting file ".\CortexM3\ARM_GCC_541\Release\Clock_2.o"
Deleting file ".\CortexM3\ARM_GCC_541\Release\Controller.map"
Deleting file ".\Controller.cycdx"
Deleting file ".\Controller.svd"
Deleting file ".\Controller.rpt"
Deleting file ".\Controller_timing.html"
Deleting file ".\CortexM3\ARM_GCC_541\Release\.deps\SOURCE_C__ARM_GCC_GENERIC.P"
Deleting file ".\CortexM3\ARM_GCC_541\Release\.deps\SOURCE_ASM__ARM_GCC_GENERIC.P"
--------------- Clean Succeeded: 10/09/2017 00:35:02 ---------------
