--------------- Rebuild Started: 02/20/2018 14:14:41 Project: Controller, Configuration: ARM GCC 5.4-2016-q2-update Release ---------------
Deleting file ".\CortexM3\ARM_GCC_541\Release\main.o"
Deleting file ".\CortexM3\ARM_GCC_541\Release\sbus.o"
Deleting file ".\CortexM3\ARM_GCC_541\Release\cyfitter_cfg.o"
Deleting file ".\CortexM3\ARM_GCC_541\Release\cymetadata.o"
Deleting file ".\CortexM3\ARM_GCC_541\Release\Cm3Start.o"
Deleting file ".\CortexM3\ARM_GCC_541\Release\CyBootAsmGnu.o"
Deleting file ".\CortexM3\ARM_GCC_541\Release\CyDmac.o"
Deleting file ".\CortexM3\ARM_GCC_541\Release\CyFlash.o"
Deleting file ".\CortexM3\ARM_GCC_541\Release\CyLib.o"
Deleting file ".\CortexM3\ARM_GCC_541\Release\cyPm.o"
Deleting file ".\CortexM3\ARM_GCC_541\Release\CySpc.o"
Deleting file ".\CortexM3\ARM_GCC_541\Release\cyutils.o"
Deleting file ".\CortexM3\ARM_GCC_541\Release\Throttle.o"
Deleting file ".\CortexM3\ARM_GCC_541\Release\Throttle_PM.o"
Deleting file ".\CortexM3\ARM_GCC_541\Release\Vout_1.o"
Deleting file ".\CortexM3\ARM_GCC_541\Release\SBUS_UART.o"
Deleting file ".\CortexM3\ARM_GCC_541\Release\SBUS_UART_PM.o"
Deleting file ".\CortexM3\ARM_GCC_541\Release\SBUS_UART_INT.o"
Deleting file ".\CortexM3\ARM_GCC_541\Release\SBUS_UART_BOOT.o"
Deleting file ".\CortexM3\ARM_GCC_541\Release\Clock_1.o"
Deleting file ".\CortexM3\ARM_GCC_541\Release\SBUS_Interrupt.o"
Deleting file ".\CortexM3\ARM_GCC_541\Release\Rx_SBUS.o"
Deleting file ".\CortexM3\ARM_GCC_541\Release\USBUART_1.o"
Deleting file ".\CortexM3\ARM_GCC_541\Release\USBUART_1_audio.o"
Deleting file ".\CortexM3\ARM_GCC_541\Release\USBUART_1_boot.o"
Deleting file ".\CortexM3\ARM_GCC_541\Release\USBUART_1_cdc.o"
Deleting file ".\CortexM3\ARM_GCC_541\Release\USBUART_1_cls.o"
Deleting file ".\CortexM3\ARM_GCC_541\Release\USBUART_1_descr.o"
Deleting file ".\CortexM3\ARM_GCC_541\Release\USBUART_1_drv.o"
Deleting file ".\CortexM3\ARM_GCC_541\Release\USBUART_1_episr.o"
Deleting file ".\CortexM3\ARM_GCC_541\Release\USBUART_1_hid.o"
Deleting file ".\CortexM3\ARM_GCC_541\Release\USBUART_1_pm.o"
Deleting file ".\CortexM3\ARM_GCC_541\Release\USBUART_1_std.o"
Deleting file ".\CortexM3\ARM_GCC_541\Release\USBUART_1_vnd.o"
Deleting file ".\CortexM3\ARM_GCC_541\Release\USBUART_1_midi.o"
Deleting file ".\CortexM3\ARM_GCC_541\Release\USBUART_1_msc.o"
Deleting file ".\CortexM3\ARM_GCC_541\Release\USBUART_1_Dm.o"
Deleting file ".\CortexM3\ARM_GCC_541\Release\USBUART_1_Dp.o"
Deleting file ".\CortexM3\ARM_GCC_541\Release\Opamp_Throttle.o"
Deleting file ".\CortexM3\ARM_GCC_541\Release\Opamp_Throttle_PM.o"
Deleting file ".\CortexM3\ARM_GCC_541\Release\PWM_1.o"
Deleting file ".\CortexM3\ARM_GCC_541\Release\PWM_1_PM.o"
Deleting file ".\CortexM3\ARM_GCC_541\Release\Clock_2.o"
Deleting file ".\CortexM3\ARM_GCC_541\Release\Steering_Direction.o"
Deleting file ".\CortexM3\ARM_GCC_541\Release\Brake_PWM.o"
Deleting file ".\CortexM3\ARM_GCC_541\Release\Steering_PWM.o"
Deleting file ".\CortexM3\ARM_GCC_541\Release\Clock_3.o"
Deleting file ".\CortexM3\ARM_GCC_541\Release\Timer_1.o"
Deleting file ".\CortexM3\ARM_GCC_541\Release\Timer_1_PM.o"
Deleting file ".\CortexM3\ARM_GCC_541\Release\Control_Loop_Interrupt.o"
Deleting file ".\CortexM3\ARM_GCC_541\Release\Handle_Encoder.o"
Deleting file ".\CortexM3\ARM_GCC_541\Release\Handle_Encoder_PM.o"
Deleting file ".\CortexM3\ARM_GCC_541\Release\Handle_Encoder_A.o"
Deleting file ".\CortexM3\ARM_GCC_541\Release\Clock_4.o"
Deleting file ".\CortexM3\ARM_GCC_541\Release\Handle_Encoder_B.o"
Deleting file ".\CortexM3\ARM_GCC_541\Release\Handle_Encoder_Cnt16.o"
Deleting file ".\CortexM3\ARM_GCC_541\Release\Handle_Encoder_Cnt16_PM.o"
Deleting file ".\CortexM3\ARM_GCC_541\Release\Clock_5.o"
Deleting file ".\CortexM3\ARM_GCC_541\Release\Controller.hex"
Deleting file ".\CortexM3\ARM_GCC_541\Release\Controller.elf"
Deleting file ".\CortexM3\ARM_GCC_541\Release\Controller.map"
Deleting file ".\Controller.cycdx"
Deleting file ".\Controller.svd"
Deleting file ".\Controller.rpt"
Deleting file ".\Controller_timing.html"
Deleting file ".\CortexM3\ARM_GCC_541\Release\.deps\SOURCE_C__ARM_GCC_GENERIC.P"
Deleting file ".\CortexM3\ARM_GCC_541\Release\.deps\SOURCE_ASM__ARM_GCC_GENERIC.P"
cydsfit.exe -.appdatapath "C:\Users\jon\AppData\Local\Cypress Semiconductor\PSoC Creator\4.1" -.fdsnotice -.fdswarpdepfile=warp_dependencies.txt -.fdselabdepfile=elab_dependencies.txt -.fdsbldfile=generated_files.txt -.fdsreffile=referenced_files.txt -p "C:\Users\jon\Sync\Research\PSoC Projects\Controller.cydsn\Controller.cyprj" -d CY8C5888LTI-LP097 -s "C:\Users\jon\Sync\Research\PSoC Projects\Controller.cydsn\Generated_Source\PSoC5" -- -yv2 -q10 -ygs -o2 -v3 -.fftcfgtype=LE
Elaborating Design...
HDL Generation...
Synthesis...
Tech Mapping...
Analog Placement...
Log: apr.M0058: The analog placement iterative improvement is 33% done. (App=cydsfit)
Log: apr.M0058: The analog placement iterative improvement is 86% done. (App=cydsfit)
Analog Routing...
Analog Code Generation...
Digital Placement...
Digital Routing...
Bitstream Generation...
Bitstream Verification...
Static timing analysis...
API Generation...
Dependency Generation...
Cleanup...
arm-none-eabi-gcc.exe -mcpu=cortex-m3 -mthumb -Im -I. -IGenerated_Source\PSoC5 -Wa,-alh=.\CortexM3\ARM_GCC_541\Release/main.lst -g -D NDEBUG -D CY_CORE_ID=0 -Wall -ffunction-sections -ffat-lto-objects -O2 -c main.c -o .\CortexM3\ARM_GCC_541\Release\main.o
main.c: In function 'set_brake':
main.c:89:5: warning: implicit declaration of function 'PWM_1_WriteCompare1' [-Wimplicit-function-declaration]
     PWM_1_WriteCompare1(MIN_BRAKE_VAL + (int)((MAX_BRAKE_VAL-MIN_BRAKE_VAL)*brake));
     ^
main.c: In function 'set_steering':
main.c:108:5: warning: implicit declaration of function 'PWM_1_WriteCompare2' [-Wimplicit-function-declaration]
     PWM_1_WriteCompare2(steerValue);
     ^
arm-none-eabi-gcc.exe -mcpu=cortex-m3 -mthumb -Im -I. -IGenerated_Source\PSoC5 -Wa,-alh=.\CortexM3\ARM_GCC_541\Release/sbus.lst -g -D NDEBUG -D CY_CORE_ID=0 -Wall -ffunction-sections -ffat-lto-objects -O2 -c sbus.c -o .\CortexM3\ARM_GCC_541\Release\sbus.o
arm-none-eabi-gcc.exe -mcpu=cortex-m3 -mthumb -Im -I. -IGenerated_Source\PSoC5 -Wa,-alh=.\CortexM3\ARM_GCC_541\Release/cyfitter_cfg.lst -g -D NDEBUG -D CY_CORE_ID=0 -Wall -ffunction-sections -ffat-lto-objects -O2 -c Generated_Source\PSoC5\cyfitter_cfg.c -o .\CortexM3\ARM_GCC_541\Release\cyfitter_cfg.o
arm-none-eabi-gcc.exe -mcpu=cortex-m3 -mthumb -Im -I. -IGenerated_Source\PSoC5 -Wa,-alh=.\CortexM3\ARM_GCC_541\Release/cymetadata.lst -g -D NDEBUG -D CY_CORE_ID=0 -Wall -ffunction-sections -ffat-lto-objects -O2 -c Generated_Source\PSoC5\cymetadata.c -o .\CortexM3\ARM_GCC_541\Release\cymetadata.o
arm-none-eabi-gcc.exe -mcpu=cortex-m3 -mthumb -Im -I. -IGenerated_Source\PSoC5 -Wa,-alh=.\CortexM3\ARM_GCC_541\Release/Cm3Start.lst -g -D NDEBUG -D CY_CORE_ID=0 -Wall -ffunction-sections -ffat-lto-objects -O2 -c Generated_Source\PSoC5\Cm3Start.c -o .\CortexM3\ARM_GCC_541\Release\Cm3Start.o
arm-none-eabi-gcc.exe -mcpu=cortex-m3 -mthumb -Im -I. -IGenerated_Source\PSoC5 -Wa,-alh=.\CortexM3\ARM_GCC_541\Release/CyDmac.lst -g -D NDEBUG -D CY_CORE_ID=0 -Wall -ffunction-sections -ffat-lto-objects -O2 -c Generated_Source\PSoC5\CyDmac.c -o .\CortexM3\ARM_GCC_541\Release\CyDmac.o
arm-none-eabi-gcc.exe -mcpu=cortex-m3 -mthumb -Im -I. -IGenerated_Source\PSoC5 -Wa,-alh=.\CortexM3\ARM_GCC_541\Release/CyFlash.lst -g -D NDEBUG -D CY_CORE_ID=0 -Wall -ffunction-sections -ffat-lto-objects -O2 -c Generated_Source\PSoC5\CyFlash.c -o .\CortexM3\ARM_GCC_541\Release\CyFlash.o
arm-none-eabi-gcc.exe -mcpu=cortex-m3 -mthumb -Im -I. -IGenerated_Source\PSoC5 -Wa,-alh=.\CortexM3\ARM_GCC_541\Release/CyLib.lst -g -D NDEBUG -D CY_CORE_ID=0 -Wall -ffunction-sections -ffat-lto-objects -O2 -c Generated_Source\PSoC5\CyLib.c -o .\CortexM3\ARM_GCC_541\Release\CyLib.o
arm-none-eabi-gcc.exe -mcpu=cortex-m3 -mthumb -Im -I. -IGenerated_Source\PSoC5 -Wa,-alh=.\CortexM3\ARM_GCC_541\Release/cyPm.lst -g -D NDEBUG -D CY_CORE_ID=0 -Wall -ffunction-sections -ffat-lto-objects -O2 -c Generated_Source\PSoC5\cyPm.c -o .\CortexM3\ARM_GCC_541\Release\cyPm.o
arm-none-eabi-gcc.exe -mcpu=cortex-m3 -mthumb -Im -I. -IGenerated_Source\PSoC5 -Wa,-alh=.\CortexM3\ARM_GCC_541\Release/CySpc.lst -g -D NDEBUG -D CY_CORE_ID=0 -Wall -ffunction-sections -ffat-lto-objects -O2 -c Generated_Source\PSoC5\CySpc.c -o .\CortexM3\ARM_GCC_541\Release\CySpc.o
arm-none-eabi-gcc.exe -mcpu=cortex-m3 -mthumb -Im -I. -IGenerated_Source\PSoC5 -Wa,-alh=.\CortexM3\ARM_GCC_541\Release/cyutils.lst -g -D NDEBUG -D CY_CORE_ID=0 -Wall -ffunction-sections -ffat-lto-objects -O2 -c Generated_Source\PSoC5\cyutils.c -o .\CortexM3\ARM_GCC_541\Release\cyutils.o
arm-none-eabi-gcc.exe -mcpu=cortex-m3 -mthumb -Im -I. -IGenerated_Source\PSoC5 -Wa,-alh=.\CortexM3\ARM_GCC_541\Release/Throttle.lst -g -D NDEBUG -D CY_CORE_ID=0 -Wall -ffunction-sections -ffat-lto-objects -O2 -c Generated_Source\PSoC5\Throttle.c -o .\CortexM3\ARM_GCC_541\Release\Throttle.o
arm-none-eabi-gcc.exe -mcpu=cortex-m3 -mthumb -Im -I. -IGenerated_Source\PSoC5 -Wa,-alh=.\CortexM3\ARM_GCC_541\Release/Throttle_PM.lst -g -D NDEBUG -D CY_CORE_ID=0 -Wall -ffunction-sections -ffat-lto-objects -O2 -c Generated_Source\PSoC5\Throttle_PM.c -o .\CortexM3\ARM_GCC_541\Release\Throttle_PM.o
arm-none-eabi-gcc.exe -mcpu=cortex-m3 -mthumb -Im -I. -IGenerated_Source\PSoC5 -Wa,-alh=.\CortexM3\ARM_GCC_541\Release/Vout_1.lst -g -D NDEBUG -D CY_CORE_ID=0 -Wall -ffunction-sections -ffat-lto-objects -O2 -c Generated_Source\PSoC5\Vout_1.c -o .\CortexM3\ARM_GCC_541\Release\Vout_1.o
arm-none-eabi-gcc.exe -mcpu=cortex-m3 -mthumb -Im -I. -IGenerated_Source\PSoC5 -Wa,-alh=.\CortexM3\ARM_GCC_541\Release/SBUS_UART.lst -g -D NDEBUG -D CY_CORE_ID=0 -Wall -ffunction-sections -ffat-lto-objects -O2 -c Generated_Source\PSoC5\SBUS_UART.c -o .\CortexM3\ARM_GCC_541\Release\SBUS_UART.o
arm-none-eabi-gcc.exe -mcpu=cortex-m3 -mthumb -Im -I. -IGenerated_Source\PSoC5 -Wa,-alh=.\CortexM3\ARM_GCC_541\Release/SBUS_UART_PM.lst -g -D NDEBUG -D CY_CORE_ID=0 -Wall -ffunction-sections -ffat-lto-objects -O2 -c Generated_Source\PSoC5\SBUS_UART_PM.c -o .\CortexM3\ARM_GCC_541\Release\SBUS_UART_PM.o
arm-none-eabi-gcc.exe -mcpu=cortex-m3 -mthumb -Im -I. -IGenerated_Source\PSoC5 -Wa,-alh=.\CortexM3\ARM_GCC_541\Release/SBUS_UART_INT.lst -g -D NDEBUG -D CY_CORE_ID=0 -Wall -ffunction-sections -ffat-lto-objects -O2 -c Generated_Source\PSoC5\SBUS_UART_INT.c -o .\CortexM3\ARM_GCC_541\Release\SBUS_UART_INT.o
arm-none-eabi-gcc.exe -mcpu=cortex-m3 -mthumb -Im -I. -IGenerated_Source\PSoC5 -Wa,-alh=.\CortexM3\ARM_GCC_541\Release/SBUS_UART_BOOT.lst -g -D NDEBUG -D CY_CORE_ID=0 -Wall -ffunction-sections -ffat-lto-objects -O2 -c Generated_Source\PSoC5\SBUS_UART_BOOT.c -o .\CortexM3\ARM_GCC_541\Release\SBUS_UART_BOOT.o
arm-none-eabi-gcc.exe -mcpu=cortex-m3 -mthumb -Im -I. -IGenerated_Source\PSoC5 -Wa,-alh=.\CortexM3\ARM_GCC_541\Release/Clock_1.lst -g -D NDEBUG -D CY_CORE_ID=0 -Wall -ffunction-sections -ffat-lto-objects -O2 -c Generated_Source\PSoC5\Clock_1.c -o .\CortexM3\ARM_GCC_541\Release\Clock_1.o
arm-none-eabi-gcc.exe -mcpu=cortex-m3 -mthumb -Im -I. -IGenerated_Source\PSoC5 -Wa,-alh=.\CortexM3\ARM_GCC_541\Release/SBUS_Interrupt.lst -g -D NDEBUG -D CY_CORE_ID=0 -Wall -ffunction-sections -ffat-lto-objects -O2 -c Generated_Source\PSoC5\SBUS_Interrupt.c -o .\CortexM3\ARM_GCC_541\Release\SBUS_Interrupt.o
arm-none-eabi-gcc.exe -mcpu=cortex-m3 -mthumb -Im -I. -IGenerated_Source\PSoC5 -Wa,-alh=.\CortexM3\ARM_GCC_541\Release/Rx_SBUS.lst -g -D NDEBUG -D CY_CORE_ID=0 -Wall -ffunction-sections -ffat-lto-objects -O2 -c Generated_Source\PSoC5\Rx_SBUS.c -o .\CortexM3\ARM_GCC_541\Release\Rx_SBUS.o
arm-none-eabi-gcc.exe -mcpu=cortex-m3 -mthumb -Im -I. -IGenerated_Source\PSoC5 -Wa,-alh=.\CortexM3\ARM_GCC_541\Release/USBUART_1.lst -g -D NDEBUG -D CY_CORE_ID=0 -Wall -ffunction-sections -ffat-lto-objects -O2 -c Generated_Source\PSoC5\USBUART_1.c -o .\CortexM3\ARM_GCC_541\Release\USBUART_1.o
arm-none-eabi-gcc.exe -mcpu=cortex-m3 -mthumb -Im -I. -IGenerated_Source\PSoC5 -Wa,-alh=.\CortexM3\ARM_GCC_541\Release/USBUART_1_audio.lst -g -D NDEBUG -D CY_CORE_ID=0 -Wall -ffunction-sections -ffat-lto-objects -O2 -c Generated_Source\PSoC5\USBUART_1_audio.c -o .\CortexM3\ARM_GCC_541\Release\USBUART_1_audio.o
arm-none-eabi-gcc.exe -mcpu=cortex-m3 -mthumb -Im -I. -IGenerated_Source\PSoC5 -Wa,-alh=.\CortexM3\ARM_GCC_541\Release/USBUART_1_boot.lst -g -D NDEBUG -D CY_CORE_ID=0 -Wall -ffunction-sections -ffat-lto-objects -O2 -c Generated_Source\PSoC5\USBUART_1_boot.c -o .\CortexM3\ARM_GCC_541\Release\USBUART_1_boot.o
arm-none-eabi-gcc.exe -mcpu=cortex-m3 -mthumb -Im -I. -IGenerated_Source\PSoC5 -Wa,-alh=.\CortexM3\ARM_GCC_541\Release/USBUART_1_cdc.lst -g -D NDEBUG -D CY_CORE_ID=0 -Wall -ffunction-sections -ffat-lto-objects -O2 -c Generated_Source\PSoC5\USBUART_1_cdc.c -o .\CortexM3\ARM_GCC_541\Release\USBUART_1_cdc.o
arm-none-eabi-gcc.exe -mcpu=cortex-m3 -mthumb -Im -I. -IGenerated_Source\PSoC5 -Wa,-alh=.\CortexM3\ARM_GCC_541\Release/USBUART_1_cls.lst -g -D NDEBUG -D CY_CORE_ID=0 -Wall -ffunction-sections -ffat-lto-objects -O2 -c Generated_Source\PSoC5\USBUART_1_cls.c -o .\CortexM3\ARM_GCC_541\Release\USBUART_1_cls.o
arm-none-eabi-gcc.exe -mcpu=cortex-m3 -mthumb -Im -I. -IGenerated_Source\PSoC5 -Wa,-alh=.\CortexM3\ARM_GCC_541\Release/USBUART_1_descr.lst -g -D NDEBUG -D CY_CORE_ID=0 -Wall -ffunction-sections -ffat-lto-objects -O2 -c Generated_Source\PSoC5\USBUART_1_descr.c -o .\CortexM3\ARM_GCC_541\Release\USBUART_1_descr.o
arm-none-eabi-gcc.exe -mcpu=cortex-m3 -mthumb -Im -I. -IGenerated_Source\PSoC5 -Wa,-alh=.\CortexM3\ARM_GCC_541\Release/USBUART_1_drv.lst -g -D NDEBUG -D CY_CORE_ID=0 -Wall -ffunction-sections -ffat-lto-objects -O2 -c Generated_Source\PSoC5\USBUART_1_drv.c -o .\CortexM3\ARM_GCC_541\Release\USBUART_1_drv.o
arm-none-eabi-gcc.exe -mcpu=cortex-m3 -mthumb -Im -I. -IGenerated_Source\PSoC5 -Wa,-alh=.\CortexM3\ARM_GCC_541\Release/USBUART_1_episr.lst -g -D NDEBUG -D CY_CORE_ID=0 -Wall -ffunction-sections -ffat-lto-objects -O2 -c Generated_Source\PSoC5\USBUART_1_episr.c -o .\CortexM3\ARM_GCC_541\Release\USBUART_1_episr.o
arm-none-eabi-gcc.exe -mcpu=cortex-m3 -mthumb -Im -I. -IGenerated_Source\PSoC5 -Wa,-alh=.\CortexM3\ARM_GCC_541\Release/USBUART_1_hid.lst -g -D NDEBUG -D CY_CORE_ID=0 -Wall -ffunction-sections -ffat-lto-objects -O2 -c Generated_Source\PSoC5\USBUART_1_hid.c -o .\CortexM3\ARM_GCC_541\Release\USBUART_1_hid.o
arm-none-eabi-gcc.exe -mcpu=cortex-m3 -mthumb -Im -I. -IGenerated_Source\PSoC5 -Wa,-alh=.\CortexM3\ARM_GCC_541\Release/USBUART_1_pm.lst -g -D NDEBUG -D CY_CORE_ID=0 -Wall -ffunction-sections -ffat-lto-objects -O2 -c Generated_Source\PSoC5\USBUART_1_pm.c -o .\CortexM3\ARM_GCC_541\Release\USBUART_1_pm.o
arm-none-eabi-gcc.exe -mcpu=cortex-m3 -mthumb -Im -I. -IGenerated_Source\PSoC5 -Wa,-alh=.\CortexM3\ARM_GCC_541\Release/USBUART_1_std.lst -g -D NDEBUG -D CY_CORE_ID=0 -Wall -ffunction-sections -ffat-lto-objects -O2 -c Generated_Source\PSoC5\USBUART_1_std.c -o .\CortexM3\ARM_GCC_541\Release\USBUART_1_std.o
arm-none-eabi-gcc.exe -mcpu=cortex-m3 -mthumb -Im -I. -IGenerated_Source\PSoC5 -Wa,-alh=.\CortexM3\ARM_GCC_541\Release/USBUART_1_vnd.lst -g -D NDEBUG -D CY_CORE_ID=0 -Wall -ffunction-sections -ffat-lto-objects -O2 -c Generated_Source\PSoC5\USBUART_1_vnd.c -o .\CortexM3\ARM_GCC_541\Release\USBUART_1_vnd.o
arm-none-eabi-gcc.exe -mcpu=cortex-m3 -mthumb -Im -I. -IGenerated_Source\PSoC5 -Wa,-alh=.\CortexM3\ARM_GCC_541\Release/USBUART_1_midi.lst -g -D NDEBUG -D CY_CORE_ID=0 -Wall -ffunction-sections -ffat-lto-objects -O2 -c Generated_Source\PSoC5\USBUART_1_midi.c -o .\CortexM3\ARM_GCC_541\Release\USBUART_1_midi.o
arm-none-eabi-gcc.exe -mcpu=cortex-m3 -mthumb -Im -I. -IGenerated_Source\PSoC5 -Wa,-alh=.\CortexM3\ARM_GCC_541\Release/USBUART_1_msc.lst -g -D NDEBUG -D CY_CORE_ID=0 -Wall -ffunction-sections -ffat-lto-objects -O2 -c Generated_Source\PSoC5\USBUART_1_msc.c -o .\CortexM3\ARM_GCC_541\Release\USBUART_1_msc.o
arm-none-eabi-gcc.exe -mcpu=cortex-m3 -mthumb -Im -I. -IGenerated_Source\PSoC5 -Wa,-alh=.\CortexM3\ARM_GCC_541\Release/USBUART_1_Dm.lst -g -D NDEBUG -D CY_CORE_ID=0 -Wall -ffunction-sections -ffat-lto-objects -O2 -c Generated_Source\PSoC5\USBUART_1_Dm.c -o .\CortexM3\ARM_GCC_541\Release\USBUART_1_Dm.o
arm-none-eabi-gcc.exe -mcpu=cortex-m3 -mthumb -Im -I. -IGenerated_Source\PSoC5 -Wa,-alh=.\CortexM3\ARM_GCC_541\Release/USBUART_1_Dp.lst -g -D NDEBUG -D CY_CORE_ID=0 -Wall -ffunction-sections -ffat-lto-objects -O2 -c Generated_Source\PSoC5\USBUART_1_Dp.c -o .\CortexM3\ARM_GCC_541\Release\USBUART_1_Dp.o
arm-none-eabi-gcc.exe -mcpu=cortex-m3 -mthumb -Im -I. -IGenerated_Source\PSoC5 -Wa,-alh=.\CortexM3\ARM_GCC_541\Release/Opamp_Throttle.lst -g -D NDEBUG -D CY_CORE_ID=0 -Wall -ffunction-sections -ffat-lto-objects -O2 -c Generated_Source\PSoC5\Opamp_Throttle.c -o .\CortexM3\ARM_GCC_541\Release\Opamp_Throttle.o
arm-none-eabi-gcc.exe -mcpu=cortex-m3 -mthumb -Im -I. -IGenerated_Source\PSoC5 -Wa,-alh=.\CortexM3\ARM_GCC_541\Release/Opamp_Throttle_PM.lst -g -D NDEBUG -D CY_CORE_ID=0 -Wall -ffunction-sections -ffat-lto-objects -O2 -c Generated_Source\PSoC5\Opamp_Throttle_PM.c -o .\CortexM3\ARM_GCC_541\Release\Opamp_Throttle_PM.o
arm-none-eabi-gcc.exe -mcpu=cortex-m3 -mthumb -Im -I. -IGenerated_Source\PSoC5 -Wa,-alh=.\CortexM3\ARM_GCC_541\Release/PWM_1.lst -g -D NDEBUG -D CY_CORE_ID=0 -Wall -ffunction-sections -ffat-lto-objects -O2 -c Generated_Source\PSoC5\PWM_1.c -o .\CortexM3\ARM_GCC_541\Release\PWM_1.o
arm-none-eabi-gcc.exe -mcpu=cortex-m3 -mthumb -Im -I. -IGenerated_Source\PSoC5 -Wa,-alh=.\CortexM3\ARM_GCC_541\Release/PWM_1_PM.lst -g -D NDEBUG -D CY_CORE_ID=0 -Wall -ffunction-sections -ffat-lto-objects -O2 -c Generated_Source\PSoC5\PWM_1_PM.c -o .\CortexM3\ARM_GCC_541\Release\PWM_1_PM.o
arm-none-eabi-gcc.exe -mcpu=cortex-m3 -mthumb -Im -I. -IGenerated_Source\PSoC5 -Wa,-alh=.\CortexM3\ARM_GCC_541\Release/Clock_2.lst -g -D NDEBUG -D CY_CORE_ID=0 -Wall -ffunction-sections -ffat-lto-objects -O2 -c Generated_Source\PSoC5\Clock_2.c -o .\CortexM3\ARM_GCC_541\Release\Clock_2.o
arm-none-eabi-gcc.exe -mcpu=cortex-m3 -mthumb -Im -I. -IGenerated_Source\PSoC5 -Wa,-alh=.\CortexM3\ARM_GCC_541\Release/Steering_Direction.lst -g -D NDEBUG -D CY_CORE_ID=0 -Wall -ffunction-sections -ffat-lto-objects -O2 -c Generated_Source\PSoC5\Steering_Direction.c -o .\CortexM3\ARM_GCC_541\Release\Steering_Direction.o
arm-none-eabi-gcc.exe -mcpu=cortex-m3 -mthumb -Im -I. -IGenerated_Source\PSoC5 -Wa,-alh=.\CortexM3\ARM_GCC_541\Release/Brake_PWM.lst -g -D NDEBUG -D CY_CORE_ID=0 -Wall -ffunction-sections -ffat-lto-objects -O2 -c Generated_Source\PSoC5\Brake_PWM.c -o .\CortexM3\ARM_GCC_541\Release\Brake_PWM.o
arm-none-eabi-gcc.exe -mcpu=cortex-m3 -mthumb -Im -I. -IGenerated_Source\PSoC5 -Wa,-alh=.\CortexM3\ARM_GCC_541\Release/Steering_PWM.lst -g -D NDEBUG -D CY_CORE_ID=0 -Wall -ffunction-sections -ffat-lto-objects -O2 -c Generated_Source\PSoC5\Steering_PWM.c -o .\CortexM3\ARM_GCC_541\Release\Steering_PWM.o
arm-none-eabi-gcc.exe -mcpu=cortex-m3 -mthumb -Im -I. -IGenerated_Source\PSoC5 -Wa,-alh=.\CortexM3\ARM_GCC_541\Release/Clock_3.lst -g -D NDEBUG -D CY_CORE_ID=0 -Wall -ffunction-sections -ffat-lto-objects -O2 -c Generated_Source\PSoC5\Clock_3.c -o .\CortexM3\ARM_GCC_541\Release\Clock_3.o
arm-none-eabi-gcc.exe -mcpu=cortex-m3 -mthumb -Im -I. -IGenerated_Source\PSoC5 -Wa,-alh=.\CortexM3\ARM_GCC_541\Release/Timer_1.lst -g -D NDEBUG -D CY_CORE_ID=0 -Wall -ffunction-sections -ffat-lto-objects -O2 -c Generated_Source\PSoC5\Timer_1.c -o .\CortexM3\ARM_GCC_541\Release\Timer_1.o
arm-none-eabi-gcc.exe -mcpu=cortex-m3 -mthumb -Im -I. -IGenerated_Source\PSoC5 -Wa,-alh=.\CortexM3\ARM_GCC_541\Release/Timer_1_PM.lst -g -D NDEBUG -D CY_CORE_ID=0 -Wall -ffunction-sections -ffat-lto-objects -O2 -c Generated_Source\PSoC5\Timer_1_PM.c -o .\CortexM3\ARM_GCC_541\Release\Timer_1_PM.o
arm-none-eabi-gcc.exe -mcpu=cortex-m3 -mthumb -Im -I. -IGenerated_Source\PSoC5 -Wa,-alh=.\CortexM3\ARM_GCC_541\Release/Control_Loop_Interrupt.lst -g -D NDEBUG -D CY_CORE_ID=0 -Wall -ffunction-sections -ffat-lto-objects -O2 -c Generated_Source\PSoC5\Control_Loop_Interrupt.c -o .\CortexM3\ARM_GCC_541\Release\Control_Loop_Interrupt.o
arm-none-eabi-gcc.exe -mcpu=cortex-m3 -mthumb -Im -I. -IGenerated_Source\PSoC5 -Wa,-alh=.\CortexM3\ARM_GCC_541\Release/Handle_Encoder.lst -g -D NDEBUG -D CY_CORE_ID=0 -Wall -ffunction-sections -ffat-lto-objects -O2 -c Generated_Source\PSoC5\Handle_Encoder.c -o .\CortexM3\ARM_GCC_541\Release\Handle_Encoder.o
arm-none-eabi-gcc.exe -mcpu=cortex-m3 -mthumb -Im -I. -IGenerated_Source\PSoC5 -Wa,-alh=.\CortexM3\ARM_GCC_541\Release/Handle_Encoder_PM.lst -g -D NDEBUG -D CY_CORE_ID=0 -Wall -ffunction-sections -ffat-lto-objects -O2 -c Generated_Source\PSoC5\Handle_Encoder_PM.c -o .\CortexM3\ARM_GCC_541\Release\Handle_Encoder_PM.o
arm-none-eabi-gcc.exe -mcpu=cortex-m3 -mthumb -Im -I. -IGenerated_Source\PSoC5 -Wa,-alh=.\CortexM3\ARM_GCC_541\Release/Handle_Encoder_A.lst -g -D NDEBUG -D CY_CORE_ID=0 -Wall -ffunction-sections -ffat-lto-objects -O2 -c Generated_Source\PSoC5\Handle_Encoder_A.c -o .\CortexM3\ARM_GCC_541\Release\Handle_Encoder_A.o
arm-none-eabi-gcc.exe -mcpu=cortex-m3 -mthumb -Im -I. -IGenerated_Source\PSoC5 -Wa,-alh=.\CortexM3\ARM_GCC_541\Release/Clock_4.lst -g -D NDEBUG -D CY_CORE_ID=0 -Wall -ffunction-sections -ffat-lto-objects -O2 -c Generated_Source\PSoC5\Clock_4.c -o .\CortexM3\ARM_GCC_541\Release\Clock_4.o
arm-none-eabi-gcc.exe -mcpu=cortex-m3 -mthumb -Im -I. -IGenerated_Source\PSoC5 -Wa,-alh=.\CortexM3\ARM_GCC_541\Release/Handle_Encoder_B.lst -g -D NDEBUG -D CY_CORE_ID=0 -Wall -ffunction-sections -ffat-lto-objects -O2 -c Generated_Source\PSoC5\Handle_Encoder_B.c -o .\CortexM3\ARM_GCC_541\Release\Handle_Encoder_B.o
arm-none-eabi-gcc.exe -mcpu=cortex-m3 -mthumb -Im -I. -IGenerated_Source\PSoC5 -Wa,-alh=.\CortexM3\ARM_GCC_541\Release/Handle_Encoder_Cnt16.lst -g -D NDEBUG -D CY_CORE_ID=0 -Wall -ffunction-sections -ffat-lto-objects -O2 -c Generated_Source\PSoC5\Handle_Encoder_Cnt16.c -o .\CortexM3\ARM_GCC_541\Release\Handle_Encoder_Cnt16.o
arm-none-eabi-gcc.exe -mcpu=cortex-m3 -mthumb -Im -I. -IGenerated_Source\PSoC5 -Wa,-alh=.\CortexM3\ARM_GCC_541\Release/Handle_Encoder_Cnt16_PM.lst -g -D NDEBUG -D CY_CORE_ID=0 -Wall -ffunction-sections -ffat-lto-objects -O2 -c Generated_Source\PSoC5\Handle_Encoder_Cnt16_PM.c -o .\CortexM3\ARM_GCC_541\Release\Handle_Encoder_Cnt16_PM.o
arm-none-eabi-gcc.exe -mcpu=cortex-m3 -mthumb -Im -I. -IGenerated_Source\PSoC5 -Wa,-alh=.\CortexM3\ARM_GCC_541\Release/Clock_5.lst -g -D NDEBUG -D CY_CORE_ID=0 -Wall -ffunction-sections -ffat-lto-objects -O2 -c Generated_Source\PSoC5\Clock_5.c -o .\CortexM3\ARM_GCC_541\Release\Clock_5.o
arm-none-eabi-gcc.exe -mcpu=cortex-m3 -mthumb -Im -I. -IGenerated_Source\PSoC5 -Wa,-alh=.\CortexM3\ARM_GCC_541\Release/PWM_2.lst -g -D NDEBUG -D CY_CORE_ID=0 -Wall -ffunction-sections -ffat-lto-objects -O2 -c Generated_Source\PSoC5\PWM_2.c -o .\CortexM3\ARM_GCC_541\Release\PWM_2.o
arm-none-eabi-gcc.exe -mcpu=cortex-m3 -mthumb -Im -I. -IGenerated_Source\PSoC5 -Wa,-alh=.\CortexM3\ARM_GCC_541\Release/PWM_2_PM.lst -g -D NDEBUG -D CY_CORE_ID=0 -Wall -ffunction-sections -ffat-lto-objects -O2 -c Generated_Source\PSoC5\PWM_2_PM.c -o .\CortexM3\ARM_GCC_541\Release\PWM_2_PM.o
arm-none-eabi-gcc.exe -mcpu=cortex-m3 -mthumb -Im -I. -IGenerated_Source\PSoC5 -Wa,-alh=.\CortexM3\ARM_GCC_541\Release/Clock_6.lst -g -D NDEBUG -D CY_CORE_ID=0 -Wall -ffunction-sections -ffat-lto-objects -O2 -c Generated_Source\PSoC5\Clock_6.c -o .\CortexM3\ARM_GCC_541\Release\Clock_6.o
arm-none-eabi-as.exe -mcpu=cortex-m3 -mthumb -I. -IGenerated_Source\PSoC5 -alh=.\CortexM3\ARM_GCC_541\Release/CyBootAsmGnu.lst -g -W -o .\CortexM3\ARM_GCC_541\Release\CyBootAsmGnu.o Generated_Source\PSoC5\CyBootAsmGnu.s
arm-none-eabi-ar.exe -rs .\CortexM3\ARM_GCC_541\Release\Controller.a .\CortexM3\ARM_GCC_541\Release\CyDmac.o .\CortexM3\ARM_GCC_541\Release\CyFlash.o .\CortexM3\ARM_GCC_541\Release\CyLib.o .\CortexM3\ARM_GCC_541\Release\cyPm.o .\CortexM3\ARM_GCC_541\Release\CySpc.o .\CortexM3\ARM_GCC_541\Release\cyutils.o .\CortexM3\ARM_GCC_541\Release\Throttle.o .\CortexM3\ARM_GCC_541\Release\Throttle_PM.o .\CortexM3\ARM_GCC_541\Release\Vout_1.o .\CortexM3\ARM_GCC_541\Release\SBUS_UART.o .\CortexM3\ARM_GCC_541\Release\SBUS_UART_PM.o .\CortexM3\ARM_GCC_541\Release\SBUS_UART_INT.o .\CortexM3\ARM_GCC_541\Release\SBUS_UART_BOOT.o .\CortexM3\ARM_GCC_541\Release\Clock_1.o .\CortexM3\ARM_GCC_541\Release\SBUS_Interrupt.o .\CortexM3\ARM_GCC_541\Release\Rx_SBUS.o .\CortexM3\ARM_GCC_541\Release\USBUART_1.o .\CortexM3\ARM_GCC_541\Release\USBUART_1_audio.o .\CortexM3\ARM_GCC_541\Release\USBUART_1_boot.o .\CortexM3\ARM_GCC_541\Release\USBUART_1_cdc.o .\CortexM3\ARM_GCC_541\Release\USBUART_1_cls.o .\CortexM3\ARM_GCC_541\Release\USBUART_1_descr.o .\CortexM3\ARM_GCC_541\Release\USBUART_1_drv.o .\CortexM3\ARM_GCC_541\Release\USBUART_1_episr.o .\CortexM3\ARM_GCC_541\Release\USBUART_1_hid.o .\CortexM3\ARM_GCC_541\Release\USBUART_1_pm.o .\CortexM3\ARM_GCC_541\Release\USBUART_1_std.o .\CortexM3\ARM_GCC_541\Release\USBUART_1_vnd.o .\CortexM3\ARM_GCC_541\Release\USBUART_1_midi.o .\CortexM3\ARM_GCC_541\Release\USBUART_1_msc.o .\CortexM3\ARM_GCC_541\Release\USBUART_1_Dm.o .\CortexM3\ARM_GCC_541\Release\USBUART_1_Dp.o .\CortexM3\ARM_GCC_541\Release\Opamp_Throttle.o .\CortexM3\ARM_GCC_541\Release\Opamp_Throttle_PM.o .\CortexM3\ARM_GCC_541\Release\PWM_1.o .\CortexM3\ARM_GCC_541\Release\PWM_1_PM.o .\CortexM3\ARM_GCC_541\Release\Clock_2.o .\CortexM3\ARM_GCC_541\Release\Steering_Direction.o .\CortexM3\ARM_GCC_541\Release\Brake_PWM.o .\CortexM3\ARM_GCC_541\Release\Steering_PWM.o .\CortexM3\ARM_GCC_541\Release\Clock_3.o .\CortexM3\ARM_GCC_541\Release\Timer_1.o .\CortexM3\ARM_GCC_541\Release\Timer_1_PM.o .\CortexM3\ARM_GCC_541\Release\Control_Loop_Interrupt.o .\CortexM3\ARM_GCC_541\Release\Handle_Encoder.o .\CortexM3\ARM_GCC_541\Release\Handle_Encoder_PM.o .\CortexM3\ARM_GCC_541\Release\Handle_Encoder_A.o .\CortexM3\ARM_GCC_541\Release\Clock_4.o .\CortexM3\ARM_GCC_541\Release\Handle_Encoder_B.o .\CortexM3\ARM_GCC_541\Release\Handle_Encoder_Cnt16.o .\CortexM3\ARM_GCC_541\Release\Handle_Encoder_Cnt16_PM.o .\CortexM3\ARM_GCC_541\Release\Clock_5.o .\CortexM3\ARM_GCC_541\Release\PWM_2.o .\CortexM3\ARM_GCC_541\Release\PWM_2_PM.o .\CortexM3\ARM_GCC_541\Release\Clock_6.o .\CortexM3\ARM_GCC_541\Release\CyBootAsmGnu.o
arm-none-eabi-ar.exe: creating .\CortexM3\ARM_GCC_541\Release\Controller.a
arm-none-eabi-gcc.exe -Wl,--start-group -o "C:\Users\jon\Sync\Research\PSoC Projects\Controller.cydsn\CortexM3\ARM_GCC_541\Release\Controller.elf" .\CortexM3\ARM_GCC_541\Release\main.o .\CortexM3\ARM_GCC_541\Release\sbus.o .\CortexM3\ARM_GCC_541\Release\cyfitter_cfg.o .\CortexM3\ARM_GCC_541\Release\cymetadata.o .\CortexM3\ARM_GCC_541\Release\Cm3Start.o .\CortexM3\ARM_GCC_541\Release\Controller.a "C:\Program Files (x86)\Cypress\PSoC Creator\4.1\PSoC Creator\psoc\content\cycomponentlibrary\CyComponentLibrary.cylib\CortexM3\ARM_GCC_541\Release\CyComponentLibrary.a" -mcpu=cortex-m3 -mthumb -l m -L Generated_Source\PSoC5 -Wl,-Map,.\CortexM3\ARM_GCC_541\Release/Controller.map -T Generated_Source\PSoC5\cm3gcc.ld -specs=nano.specs -Wl,--gc-sections -g -ffunction-sections -O2 -ffat-lto-objects -Wl,--end-group
.\CortexM3\ARM_GCC_541\Release\main.o: In function `set_steering':
C:\Users\jon\Sync\Research\PSoC Projects\Controller.cydsn/main.c:108: undefined reference to `PWM_1_WriteCompare2'
C:\Users\jon\Sync\Research\PSoC Projects\Controller.cydsn/main.c:108: undefined reference to `PWM_1_WriteCompare2'
C:\Users\jon\Sync\Research\PSoC Projects\Controller.cydsn/main.c:108: undefined reference to `PWM_1_WriteCompare2'
.\CortexM3\ARM_GCC_541\Release\main.o: In function `set_brake':
C:\Users\jon\Sync\Research\PSoC Projects\Controller.cydsn/main.c:89: undefined reference to `PWM_1_WriteCompare1'
C:\Users\jon\Sync\Research\PSoC Projects\Controller.cydsn/main.c:89: undefined reference to `PWM_1_WriteCompare1'
C:\Users\jon\Sync\Research\PSoC Projects\Controller.cydsn/main.c:89: undefined reference to `PWM_1_WriteCompare1'
collect2.exe: error: ld returned 1 exit status
The command 'arm-none-eabi-gcc.exe' failed with exit code '1'.
--------------- Rebuild Failed: 02/20/2018 14:15:56 ---------------
