ARM GAS  C:\Users\jebush2\AppData\Local\Temp\ccqRQozx.s 			page 1


   1              		.syntax unified
   2              		.cpu cortex-m3
   3              		.fpu softvfp
   4              		.eabi_attribute 20, 1
   5              		.eabi_attribute 21, 1
   6              		.eabi_attribute 23, 3
   7              		.eabi_attribute 24, 1
   8              		.eabi_attribute 25, 1
   9              		.eabi_attribute 26, 1
  10              		.eabi_attribute 30, 1
  11              		.eabi_attribute 34, 1
  12              		.eabi_attribute 18, 4
  13              		.thumb
  14              		.syntax unified
  15              		.file	"cymetadata.c"
  16              		.text
  17              	.Ltext0:
  18              		.cfi_sections	.debug_frame
  19              		.global	cy_metadata
  20              		.global	cy_meta_flashprotect
  21              		.global	cy_meta_wonvl
  22              		.global	cy_meta_custnvl
  23              		.global	cy_meta_configecc
  24              		.section	.cyconfigecc,"a",%progbits
  25              		.align	2
  26              		.type	cy_meta_configecc, %object
  27              		.size	cy_meta_configecc, 1012
  28              	cy_meta_configecc:
  29 0000 01       		.byte	1
  30 0001 45       		.byte	69
  31 0002 00       		.byte	0
  32 0003 40       		.byte	64
  33 0004 03       		.byte	3
  34 0005 52       		.byte	82
  35 0006 00       		.byte	0
  36 0007 40       		.byte	64
  37 0008 01       		.byte	1
  38 0009 5B       		.byte	91
  39 000a 00       		.byte	0
  40 000b 40       		.byte	64
  41 000c 01       		.byte	1
  42 000d 64       		.byte	100
  43 000e 00       		.byte	0
  44 000f 40       		.byte	64
  45 0010 02       		.byte	2
  46 0011 01       		.byte	1
  47 0012 01       		.byte	1
  48 0013 40       		.byte	64
  49 0014 02       		.byte	2
  50 0015 03       		.byte	3
  51 0016 01       		.byte	1
  52 0017 40       		.byte	64
  53 0018 0E       		.byte	14
  54 0019 04       		.byte	4
  55 001a 01       		.byte	1
  56 001b 40       		.byte	64
  57 001c 2A       		.byte	42
ARM GAS  C:\Users\jebush2\AppData\Local\Temp\ccqRQozx.s 			page 2


  58 001d 05       		.byte	5
  59 001e 01       		.byte	1
  60 001f 40       		.byte	64
  61 0020 3A       		.byte	58
  62 0021 06       		.byte	6
  63 0022 01       		.byte	1
  64 0023 40       		.byte	64
  65 0024 41       		.byte	65
  66 0025 07       		.byte	7
  67 0026 01       		.byte	1
  68 0027 40       		.byte	64
  69 0028 01       		.byte	1
  70 0029 0B       		.byte	11
  71 002a 01       		.byte	1
  72 002b 40       		.byte	64
  73 002c 01       		.byte	1
  74 002d 0D       		.byte	13
  75 002e 01       		.byte	1
  76 002f 40       		.byte	64
  77 0030 01       		.byte	1
  78 0031 0F       		.byte	15
  79 0032 01       		.byte	1
  80 0033 40       		.byte	64
  81 0034 17       		.byte	23
  82 0035 14       		.byte	20
  83 0036 01       		.byte	1
  84 0037 40       		.byte	64
  85 0038 26       		.byte	38
  86 0039 15       		.byte	21
  87 003a 01       		.byte	1
  88 003b 40       		.byte	64
  89 003c 12       		.byte	18
  90 003d 16       		.byte	22
  91 003e 01       		.byte	1
  92 003f 40       		.byte	64
  93 0040 3F       		.byte	63
  94 0041 17       		.byte	23
  95 0042 01       		.byte	1
  96 0043 40       		.byte	64
  97 0044 02       		.byte	2
  98 0045 19       		.byte	25
  99 0046 01       		.byte	1
 100 0047 40       		.byte	64
 101 0048 01       		.byte	1
 102 0049 1B       		.byte	27
 103 004a 01       		.byte	1
 104 004b 40       		.byte	64
 105 004c 0E       		.byte	14
 106 004d 40       		.byte	64
 107 004e 01       		.byte	1
 108 004f 40       		.byte	64
 109 0050 0B       		.byte	11
 110 0051 41       		.byte	65
 111 0052 01       		.byte	1
 112 0053 40       		.byte	64
 113 0054 07       		.byte	7
 114 0055 42       		.byte	66
ARM GAS  C:\Users\jebush2\AppData\Local\Temp\ccqRQozx.s 			page 3


 115 0056 01       		.byte	1
 116 0057 40       		.byte	64
 117 0058 08       		.byte	8
 118 0059 43       		.byte	67
 119 005a 01       		.byte	1
 120 005b 40       		.byte	64
 121 005c 01       		.byte	1
 122 005d 44       		.byte	68
 123 005e 01       		.byte	1
 124 005f 40       		.byte	64
 125 0060 02       		.byte	2
 126 0061 45       		.byte	69
 127 0062 01       		.byte	1
 128 0063 40       		.byte	64
 129 0064 08       		.byte	8
 130 0065 46       		.byte	70
 131 0066 01       		.byte	1
 132 0067 40       		.byte	64
 133 0068 0A       		.byte	10
 134 0069 47       		.byte	71
 135 006a 01       		.byte	1
 136 006b 40       		.byte	64
 137 006c 05       		.byte	5
 138 006d 48       		.byte	72
 139 006e 01       		.byte	1
 140 006f 40       		.byte	64
 141 0070 03       		.byte	3
 142 0071 49       		.byte	73
 143 0072 01       		.byte	1
 144 0073 40       		.byte	64
 145 0074 04       		.byte	4
 146 0075 4C       		.byte	76
 147 0076 01       		.byte	1
 148 0077 40       		.byte	64
 149 0078 02       		.byte	2
 150 0079 4D       		.byte	77
 151 007a 01       		.byte	1
 152 007b 40       		.byte	64
 153 007c 06       		.byte	6
 154 007d 50       		.byte	80
 155 007e 01       		.byte	1
 156 007f 40       		.byte	64
 157 0080 02       		.byte	2
 158 0081 51       		.byte	81
 159 0082 01       		.byte	1
 160 0083 40       		.byte	64
 161 0084 7E       		.byte	126
 162 0085 02       		.byte	2
 163 0086 00       		.byte	0
 164 0087 33       		.byte	51
 165 0088 01       		.byte	1
 166 0089 0F       		.byte	15
 167 008a 7C       		.byte	124
 168 008b 40       		.byte	64
 169 008c 27       		.byte	39
 170 008d 84       		.byte	-124
 171 008e 86       		.byte	-122
ARM GAS  C:\Users\jebush2\AppData\Local\Temp\ccqRQozx.s 			page 4


 172 008f 02       		.byte	2
 173 0090 83       		.byte	-125
 174 0091 40       		.byte	64
 175 0092 E2       		.byte	-30
 176 0093 04       		.byte	4
 177 0094 9B       		.byte	-101
 178 0095 40       		.byte	64
 179 0096 E2       		.byte	-30
 180 0097 01       		.byte	1
 181 0098 58       		.byte	88
 182 0099 04       		.byte	4
 183 009a 59       		.byte	89
 184 009b 04       		.byte	4
 185 009c 5F       		.byte	95
 186 009d 01       		.byte	1
 187 009e 8A       		.byte	-118
 188 009f 02       		.byte	2
 189 00a0 8F       		.byte	-113
 190 00a1 02       		.byte	2
 191 00a2 9E       		.byte	-98
 192 00a3 01       		.byte	1
 193 00a4 A7       		.byte	-89
 194 00a5 01       		.byte	1
 195 00a6 B2       		.byte	-78
 196 00a7 02       		.byte	2
 197 00a8 B3       		.byte	-77
 198 00a9 02       		.byte	2
 199 00aa B4       		.byte	-76
 200 00ab 01       		.byte	1
 201 00ac B7       		.byte	-73
 202 00ad 01       		.byte	1
 203 00ae D8       		.byte	-40
 204 00af 04       		.byte	4
 205 00b0 D9       		.byte	-39
 206 00b1 04       		.byte	4
 207 00b2 DF       		.byte	-33
 208 00b3 01       		.byte	1
 209 00b4 00       		.byte	0
 210 00b5 10       		.byte	16
 211 00b6 03       		.byte	3
 212 00b7 11       		.byte	17
 213 00b8 04       		.byte	4
 214 00b9 04       		.byte	4
 215 00ba 07       		.byte	7
 216 00bb 04       		.byte	4
 217 00bc 09       		.byte	9
 218 00bd 08       		.byte	8
 219 00be 0A       		.byte	10
 220 00bf 04       		.byte	4
 221 00c0 0D       		.byte	13
 222 00c1 08       		.byte	8
 223 00c2 0E       		.byte	14
 224 00c3 05       		.byte	5
 225 00c4 0F       		.byte	15
 226 00c5 10       		.byte	16
 227 00c6 13       		.byte	19
 228 00c7 08       		.byte	8
ARM GAS  C:\Users\jebush2\AppData\Local\Temp\ccqRQozx.s 			page 5


 229 00c8 16       		.byte	22
 230 00c9 20       		.byte	32
 231 00ca 17       		.byte	23
 232 00cb 11       		.byte	17
 233 00cc 1C       		.byte	28
 234 00cd 10       		.byte	16
 235 00ce 1D       		.byte	29
 236 00cf 04       		.byte	4
 237 00d0 1E       		.byte	30
 238 00d1 04       		.byte	4
 239 00d2 1F       		.byte	31
 240 00d3 18       		.byte	24
 241 00d4 25       		.byte	37
 242 00d5 08       		.byte	8
 243 00d6 26       		.byte	38
 244 00d7 04       		.byte	4
 245 00d8 27       		.byte	39
 246 00d9 01       		.byte	1
 247 00da 29       		.byte	41
 248 00db 04       		.byte	4
 249 00dc 2D       		.byte	45
 250 00dd 04       		.byte	4
 251 00de 2E       		.byte	46
 252 00df 20       		.byte	32
 253 00e0 2F       		.byte	47
 254 00e1 08       		.byte	8
 255 00e2 31       		.byte	49
 256 00e3 18       		.byte	24
 257 00e4 33       		.byte	51
 258 00e5 11       		.byte	17
 259 00e6 35       		.byte	53
 260 00e7 10       		.byte	16
 261 00e8 37       		.byte	55
 262 00e9 09       		.byte	9
 263 00ea 38       		.byte	56
 264 00eb 04       		.byte	4
 265 00ec 3B       		.byte	59
 266 00ed 20       		.byte	32
 267 00ee 3C       		.byte	60
 268 00ef 80       		.byte	-128
 269 00f0 3E       		.byte	62
 270 00f1 04       		.byte	4
 271 00f2 3F       		.byte	63
 272 00f3 10       		.byte	16
 273 00f4 98       		.byte	-104
 274 00f5 04       		.byte	4
 275 00f6 9B       		.byte	-101
 276 00f7 40       		.byte	64
 277 00f8 AC       		.byte	-84
 278 00f9 04       		.byte	4
 279 00fa C0       		.byte	-64
 280 00fb 67       		.byte	103
 281 00fc C2       		.byte	-62
 282 00fd E6       		.byte	-26
 283 00fe C4       		.byte	-60
 284 00ff 74       		.byte	116
 285 0100 CA       		.byte	-54
ARM GAS  C:\Users\jebush2\AppData\Local\Temp\ccqRQozx.s 			page 6


 286 0101 62       		.byte	98
 287 0102 CC       		.byte	-52
 288 0103 E7       		.byte	-25
 289 0104 CE       		.byte	-50
 290 0105 76       		.byte	118
 291 0106 EA       		.byte	-22
 292 0107 08       		.byte	8
 293 0108 00       		.byte	0
 294 0109 40       		.byte	64
 295 010a 02       		.byte	2
 296 010b 80       		.byte	-128
 297 010c 04       		.byte	4
 298 010d 20       		.byte	32
 299 010e 06       		.byte	6
 300 010f 10       		.byte	16
 301 0110 07       		.byte	7
 302 0111 08       		.byte	8
 303 0112 08       		.byte	8
 304 0113 80       		.byte	-128
 305 0114 09       		.byte	9
 306 0115 23       		.byte	35
 307 0116 0A       		.byte	10
 308 0117 40       		.byte	64
 309 0118 0B       		.byte	11
 310 0119 40       		.byte	64
 311 011a 0C       		.byte	12
 312 011b 08       		.byte	8
 313 011c 0D       		.byte	13
 314 011d 04       		.byte	4
 315 011e 0E       		.byte	14
 316 011f 04       		.byte	4
 317 0120 13       		.byte	19
 318 0121 10       		.byte	16
 319 0122 14       		.byte	20
 320 0123 01       		.byte	1
 321 0124 17       		.byte	23
 322 0125 04       		.byte	4
 323 0126 18       		.byte	24
 324 0127 02       		.byte	2
 325 0128 19       		.byte	25
 326 0129 63       		.byte	99
 327 012a 1D       		.byte	29
 328 012b 42       		.byte	66
 329 012c 1E       		.byte	30
 330 012d 02       		.byte	2
 331 012e 1F       		.byte	31
 332 012f 21       		.byte	33
 333 0130 21       		.byte	33
 334 0131 08       		.byte	8
 335 0132 22       		.byte	34
 336 0133 01       		.byte	1
 337 0134 24       		.byte	36
 338 0135 10       		.byte	16
 339 0136 26       		.byte	38
 340 0137 20       		.byte	32
 341 0138 27       		.byte	39
 342 0139 02       		.byte	2
ARM GAS  C:\Users\jebush2\AppData\Local\Temp\ccqRQozx.s 			page 7


 343 013a 28       		.byte	40
 344 013b 04       		.byte	4
 345 013c 29       		.byte	41
 346 013d 20       		.byte	32
 347 013e 2A       		.byte	42
 348 013f 08       		.byte	8
 349 0140 2B       		.byte	43
 350 0141 01       		.byte	1
 351 0142 2D       		.byte	45
 352 0143 01       		.byte	1
 353 0144 30       		.byte	48
 354 0145 FF       		.byte	-1
 355 0146 33       		.byte	51
 356 0147 03       		.byte	3
 357 0148 35       		.byte	53
 358 0149 1C       		.byte	28
 359 014a 37       		.byte	55
 360 014b 60       		.byte	96
 361 014c 39       		.byte	57
 362 014d 20       		.byte	32
 363 014e 3E       		.byte	62
 364 014f 01       		.byte	1
 365 0150 3F       		.byte	63
 366 0151 10       		.byte	16
 367 0152 56       		.byte	86
 368 0153 02       		.byte	2
 369 0154 57       		.byte	87
 370 0155 35       		.byte	53
 371 0156 58       		.byte	88
 372 0157 04       		.byte	4
 373 0158 59       		.byte	89
 374 0159 0C       		.byte	12
 375 015a 5B       		.byte	91
 376 015b 0C       		.byte	12
 377 015c 5F       		.byte	95
 378 015d 01       		.byte	1
 379 015e 86       		.byte	-122
 380 015f 01       		.byte	1
 381 0160 92       		.byte	-110
 382 0161 02       		.byte	2
 383 0162 99       		.byte	-103
 384 0163 01       		.byte	1
 385 0164 A7       		.byte	-89
 386 0165 03       		.byte	3
 387 0166 A8       		.byte	-88
 388 0167 01       		.byte	1
 389 0168 B2       		.byte	-78
 390 0169 03       		.byte	3
 391 016a B3       		.byte	-77
 392 016b 01       		.byte	1
 393 016c B5       		.byte	-75
 394 016d 02       		.byte	2
 395 016e D6       		.byte	-42
 396 016f 08       		.byte	8
 397 0170 D8       		.byte	-40
 398 0171 04       		.byte	4
 399 0172 D9       		.byte	-39
ARM GAS  C:\Users\jebush2\AppData\Local\Temp\ccqRQozx.s 			page 8


 400 0173 0C       		.byte	12
 401 0174 DB       		.byte	-37
 402 0175 04       		.byte	4
 403 0176 DC       		.byte	-36
 404 0177 09       		.byte	9
 405 0178 DD       		.byte	-35
 406 0179 90       		.byte	-112
 407 017a DF       		.byte	-33
 408 017b 01       		.byte	1
 409 017c 01       		.byte	1
 410 017d 08       		.byte	8
 411 017e 04       		.byte	4
 412 017f 02       		.byte	2
 413 0180 05       		.byte	5
 414 0181 14       		.byte	20
 415 0182 06       		.byte	6
 416 0183 10       		.byte	16
 417 0184 07       		.byte	7
 418 0185 01       		.byte	1
 419 0186 08       		.byte	8
 420 0187 02       		.byte	2
 421 0188 0D       		.byte	13
 422 0189 18       		.byte	24
 423 018a 0E       		.byte	14
 424 018b 05       		.byte	5
 425 018c 12       		.byte	18
 426 018d 08       		.byte	8
 427 018e 17       		.byte	23
 428 018f 16       		.byte	22
 429 0190 19       		.byte	25
 430 0191 08       		.byte	8
 431 0192 1D       		.byte	29
 432 0193 01       		.byte	1
 433 0194 20       		.byte	32
 434 0195 20       		.byte	32
 435 0196 21       		.byte	33
 436 0197 20       		.byte	32
 437 0198 22       		.byte	34
 438 0199 08       		.byte	8
 439 019a 24       		.byte	36
 440 019b 14       		.byte	20
 441 019c 26       		.byte	38
 442 019d 80       		.byte	-128
 443 019e 27       		.byte	39
 444 019f 08       		.byte	8
 445 01a0 29       		.byte	41
 446 01a1 08       		.byte	8
 447 01a2 2C       		.byte	44
 448 01a3 24       		.byte	36
 449 01a4 2E       		.byte	46
 450 01a5 81       		.byte	-127
 451 01a6 31       		.byte	49
 452 01a7 20       		.byte	32
 453 01a8 35       		.byte	53
 454 01a9 01       		.byte	1
 455 01aa 36       		.byte	54
 456 01ab 94       		.byte	-108
ARM GAS  C:\Users\jebush2\AppData\Local\Temp\ccqRQozx.s 			page 9


 457 01ac 3C       		.byte	60
 458 01ad 90       		.byte	-112
 459 01ae 3E       		.byte	62
 460 01af 04       		.byte	4
 461 01b0 5B       		.byte	91
 462 01b1 40       		.byte	64
 463 01b2 5E       		.byte	94
 464 01b3 20       		.byte	32
 465 01b4 60       		.byte	96
 466 01b5 02       		.byte	2
 467 01b6 66       		.byte	102
 468 01b7 20       		.byte	32
 469 01b8 6C       		.byte	108
 470 01b9 01       		.byte	1
 471 01ba 6D       		.byte	109
 472 01bb 04       		.byte	4
 473 01bc 6E       		.byte	110
 474 01bd 01       		.byte	1
 475 01be 6F       		.byte	111
 476 01bf 14       		.byte	20
 477 01c0 74       		.byte	116
 478 01c1 40       		.byte	64
 479 01c2 76       		.byte	118
 480 01c3 80       		.byte	-128
 481 01c4 77       		.byte	119
 482 01c5 02       		.byte	2
 483 01c6 7B       		.byte	123
 484 01c7 02       		.byte	2
 485 01c8 7F       		.byte	127
 486 01c9 02       		.byte	2
 487 01ca 84       		.byte	-124
 488 01cb 10       		.byte	16
 489 01cc 87       		.byte	-121
 490 01cd 20       		.byte	32
 491 01ce 92       		.byte	-110
 492 01cf 04       		.byte	4
 493 01d0 94       		.byte	-108
 494 01d1 04       		.byte	4
 495 01d2 95       		.byte	-107
 496 01d3 04       		.byte	4
 497 01d4 96       		.byte	-106
 498 01d5 01       		.byte	1
 499 01d6 97       		.byte	-105
 500 01d7 04       		.byte	4
 501 01d8 98       		.byte	-104
 502 01d9 04       		.byte	4
 503 01da 99       		.byte	-103
 504 01db 04       		.byte	4
 505 01dc 9B       		.byte	-101
 506 01dd 41       		.byte	65
 507 01de 9D       		.byte	-99
 508 01df 10       		.byte	16
 509 01e0 9F       		.byte	-97
 510 01e1 0C       		.byte	12
 511 01e2 A1       		.byte	-95
 512 01e3 08       		.byte	8
 513 01e4 A2       		.byte	-94
ARM GAS  C:\Users\jebush2\AppData\Local\Temp\ccqRQozx.s 			page 10


 514 01e5 04       		.byte	4
 515 01e6 A4       		.byte	-92
 516 01e7 40       		.byte	64
 517 01e8 B3       		.byte	-77
 518 01e9 04       		.byte	4
 519 01ea C0       		.byte	-64
 520 01eb F4       		.byte	-12
 521 01ec C2       		.byte	-62
 522 01ed E8       		.byte	-24
 523 01ee C4       		.byte	-60
 524 01ef 72       		.byte	114
 525 01f0 CA       		.byte	-54
 526 01f1 F2       		.byte	-14
 527 01f2 CC       		.byte	-52
 528 01f3 F4       		.byte	-12
 529 01f4 CE       		.byte	-50
 530 01f5 70       		.byte	112
 531 01f6 D6       		.byte	-42
 532 01f7 28       		.byte	40
 533 01f8 D8       		.byte	-40
 534 01f9 28       		.byte	40
 535 01fa DE       		.byte	-34
 536 01fb 18       		.byte	24
 537 01fc EE       		.byte	-18
 538 01fd 20       		.byte	32
 539 01fe EA       		.byte	-22
 540 01ff 08       		.byte	8
 541 0200 E2       		.byte	-30
 542 0201 01       		.byte	1
 543 0202 E2       		.byte	-30
 544 0203 04       		.byte	4
 545 0204 07       		.byte	7
 546 0205 03       		.byte	3
 547 0206 09       		.byte	9
 548 0207 03       		.byte	3
 549 0208 11       		.byte	17
 550 0209 03       		.byte	3
 551 020a 15       		.byte	21
 552 020b 03       		.byte	3
 553 020c 19       		.byte	25
 554 020d 02       		.byte	2
 555 020e 1B       		.byte	27
 556 020f 01       		.byte	1
 557 0210 25       		.byte	37
 558 0211 01       		.byte	1
 559 0212 27       		.byte	39
 560 0213 02       		.byte	2
 561 0214 33       		.byte	51
 562 0215 01       		.byte	1
 563 0216 35       		.byte	53
 564 0217 02       		.byte	2
 565 0218 58       		.byte	88
 566 0219 04       		.byte	4
 567 021a 59       		.byte	89
 568 021b 04       		.byte	4
 569 021c 5F       		.byte	95
 570 021d 01       		.byte	1
ARM GAS  C:\Users\jebush2\AppData\Local\Temp\ccqRQozx.s 			page 11


 571 021e 87       		.byte	-121
 572 021f 01       		.byte	1
 573 0220 91       		.byte	-111
 574 0221 01       		.byte	1
 575 0222 95       		.byte	-107
 576 0223 01       		.byte	1
 577 0224 99       		.byte	-103
 578 0225 01       		.byte	1
 579 0226 A5       		.byte	-91
 580 0227 01       		.byte	1
 581 0228 A9       		.byte	-87
 582 0229 01       		.byte	1
 583 022a B3       		.byte	-77
 584 022b 01       		.byte	1
 585 022c D8       		.byte	-40
 586 022d 04       		.byte	4
 587 022e D9       		.byte	-39
 588 022f 04       		.byte	4
 589 0230 DF       		.byte	-33
 590 0231 01       		.byte	1
 591 0232 01       		.byte	1
 592 0233 08       		.byte	8
 593 0234 02       		.byte	2
 594 0235 10       		.byte	16
 595 0236 03       		.byte	3
 596 0237 01       		.byte	1
 597 0238 06       		.byte	6
 598 0239 10       		.byte	16
 599 023a 07       		.byte	7
 600 023b 01       		.byte	1
 601 023c 09       		.byte	9
 602 023d 28       		.byte	40
 603 023e 0D       		.byte	13
 604 023f 28       		.byte	40
 605 0240 11       		.byte	17
 606 0241 14       		.byte	20
 607 0242 15       		.byte	21
 608 0243 34       		.byte	52
 609 0244 20       		.byte	32
 610 0245 10       		.byte	16
 611 0246 23       		.byte	35
 612 0247 04       		.byte	4
 613 0248 27       		.byte	39
 614 0249 20       		.byte	32
 615 024a 29       		.byte	41
 616 024b 08       		.byte	8
 617 024c 2D       		.byte	45
 618 024d 18       		.byte	24
 619 024e 31       		.byte	49
 620 024f 28       		.byte	40
 621 0250 33       		.byte	51
 622 0251 05       		.byte	5
 623 0252 35       		.byte	53
 624 0253 10       		.byte	16
 625 0254 37       		.byte	55
 626 0255 05       		.byte	5
 627 0256 38       		.byte	56
ARM GAS  C:\Users\jebush2\AppData\Local\Temp\ccqRQozx.s 			page 12


 628 0257 04       		.byte	4
 629 0258 39       		.byte	57
 630 0259 24       		.byte	36
 631 025a 3C       		.byte	60
 632 025b 04       		.byte	4
 633 025c 8C       		.byte	-116
 634 025d 10       		.byte	16
 635 025e 90       		.byte	-112
 636 025f 04       		.byte	4
 637 0260 91       		.byte	-111
 638 0261 20       		.byte	32
 639 0262 97       		.byte	-105
 640 0263 04       		.byte	4
 641 0264 99       		.byte	-103
 642 0265 10       		.byte	16
 643 0266 9A       		.byte	-102
 644 0267 10       		.byte	16
 645 0268 9B       		.byte	-101
 646 0269 01       		.byte	1
 647 026a 9F       		.byte	-97
 648 026b 20       		.byte	32
 649 026c A1       		.byte	-95
 650 026d 28       		.byte	40
 651 026e C0       		.byte	-64
 652 026f A5       		.byte	-91
 653 0270 C2       		.byte	-62
 654 0271 66       		.byte	102
 655 0272 C4       		.byte	-60
 656 0273 66       		.byte	102
 657 0274 CA       		.byte	-54
 658 0275 62       		.byte	98
 659 0276 CC       		.byte	-52
 660 0277 E7       		.byte	-25
 661 0278 CE       		.byte	-50
 662 0279 46       		.byte	70
 663 027a E2       		.byte	-30
 664 027b 10       		.byte	16
 665 027c E8       		.byte	-24
 666 027d 10       		.byte	16
 667 027e 02       		.byte	2
 668 027f 01       		.byte	1
 669 0280 09       		.byte	9
 670 0281 01       		.byte	1
 671 0282 21       		.byte	33
 672 0283 01       		.byte	1
 673 0284 34       		.byte	52
 674 0285 01       		.byte	1
 675 0286 35       		.byte	53
 676 0287 01       		.byte	1
 677 0288 39       		.byte	57
 678 0289 20       		.byte	32
 679 028a 3F       		.byte	63
 680 028b 10       		.byte	16
 681 028c 52       		.byte	82
 682 028d 07       		.byte	7
 683 028e 53       		.byte	83
 684 028f 06       		.byte	6
ARM GAS  C:\Users\jebush2\AppData\Local\Temp\ccqRQozx.s 			page 13


 685 0290 58       		.byte	88
 686 0291 04       		.byte	4
 687 0292 59       		.byte	89
 688 0293 04       		.byte	4
 689 0294 5B       		.byte	91
 690 0295 04       		.byte	4
 691 0296 5F       		.byte	95
 692 0297 01       		.byte	1
 693 0298 D4       		.byte	-44
 694 0299 01       		.byte	1
 695 029a D8       		.byte	-40
 696 029b 04       		.byte	4
 697 029c D9       		.byte	-39
 698 029d 04       		.byte	4
 699 029e DB       		.byte	-37
 700 029f 0C       		.byte	12
 701 02a0 DF       		.byte	-33
 702 02a1 01       		.byte	1
 703 02a2 01       		.byte	1
 704 02a3 10       		.byte	16
 705 02a4 02       		.byte	2
 706 02a5 10       		.byte	16
 707 02a6 03       		.byte	3
 708 02a7 01       		.byte	1
 709 02a8 04       		.byte	4
 710 02a9 02       		.byte	2
 711 02aa 05       		.byte	5
 712 02ab 80       		.byte	-128
 713 02ac 06       		.byte	6
 714 02ad 10       		.byte	16
 715 02ae 07       		.byte	7
 716 02af 01       		.byte	1
 717 02b0 09       		.byte	9
 718 02b1 28       		.byte	40
 719 02b2 0C       		.byte	12
 720 02b3 08       		.byte	8
 721 02b4 0D       		.byte	13
 722 02b5 28       		.byte	40
 723 02b6 13       		.byte	19
 724 02b7 08       		.byte	8
 725 02b8 15       		.byte	21
 726 02b9 30       		.byte	48
 727 02ba 17       		.byte	23
 728 02bb 08       		.byte	8
 729 02bc 1D       		.byte	29
 730 02bd 30       		.byte	48
 731 02be 27       		.byte	39
 732 02bf 04       		.byte	4
 733 02c0 29       		.byte	41
 734 02c1 04       		.byte	4
 735 02c2 2A       		.byte	42
 736 02c3 08       		.byte	8
 737 02c4 2C       		.byte	44
 738 02c5 08       		.byte	8
 739 02c6 2D       		.byte	45
 740 02c7 82       		.byte	-126
 741 02c8 2E       		.byte	46
ARM GAS  C:\Users\jebush2\AppData\Local\Temp\ccqRQozx.s 			page 14


 742 02c9 08       		.byte	8
 743 02ca 31       		.byte	49
 744 02cb 18       		.byte	24
 745 02cc 33       		.byte	51
 746 02cd 01       		.byte	1
 747 02ce 35       		.byte	53
 748 02cf 10       		.byte	16
 749 02d0 37       		.byte	55
 750 02d1 08       		.byte	8
 751 02d2 38       		.byte	56
 752 02d3 04       		.byte	4
 753 02d4 39       		.byte	57
 754 02d5 20       		.byte	32
 755 02d6 3D       		.byte	61
 756 02d7 20       		.byte	32
 757 02d8 3E       		.byte	62
 758 02d9 04       		.byte	4
 759 02da 46       		.byte	70
 760 02db 20       		.byte	32
 761 02dc 47       		.byte	71
 762 02dd 04       		.byte	4
 763 02de 5A       		.byte	90
 764 02df 40       		.byte	64
 765 02e0 6C       		.byte	108
 766 02e1 20       		.byte	32
 767 02e2 6D       		.byte	109
 768 02e3 20       		.byte	32
 769 02e4 6E       		.byte	110
 770 02e5 20       		.byte	32
 771 02e6 6F       		.byte	111
 772 02e7 02       		.byte	2
 773 02e8 7B       		.byte	123
 774 02e9 02       		.byte	2
 775 02ea 90       		.byte	-112
 776 02eb 06       		.byte	6
 777 02ec 91       		.byte	-111
 778 02ed 20       		.byte	32
 779 02ee 92       		.byte	-110
 780 02ef 44       		.byte	68
 781 02f0 97       		.byte	-105
 782 02f1 04       		.byte	4
 783 02f2 99       		.byte	-103
 784 02f3 06       		.byte	6
 785 02f4 9A       		.byte	-102
 786 02f5 10       		.byte	16
 787 02f6 9B       		.byte	-101
 788 02f7 09       		.byte	9
 789 02f8 9D       		.byte	-99
 790 02f9 10       		.byte	16
 791 02fa 9E       		.byte	-98
 792 02fb 20       		.byte	32
 793 02fc 9F       		.byte	-97
 794 02fd 20       		.byte	32
 795 02fe A1       		.byte	-95
 796 02ff 08       		.byte	8
 797 0300 A4       		.byte	-92
 798 0301 20       		.byte	32
ARM GAS  C:\Users\jebush2\AppData\Local\Temp\ccqRQozx.s 			page 15


 799 0302 A6       		.byte	-90
 800 0303 10       		.byte	16
 801 0304 A7       		.byte	-89
 802 0305 02       		.byte	2
 803 0306 A8       		.byte	-88
 804 0307 10       		.byte	16
 805 0308 A9       		.byte	-87
 806 0309 02       		.byte	2
 807 030a AA       		.byte	-86
 808 030b 48       		.byte	72
 809 030c C0       		.byte	-64
 810 030d B7       		.byte	-73
 811 030e C2       		.byte	-62
 812 030f 66       		.byte	102
 813 0310 C4       		.byte	-60
 814 0311 64       		.byte	100
 815 0312 CA       		.byte	-54
 816 0313 F2       		.byte	-14
 817 0314 CC       		.byte	-52
 818 0315 67       		.byte	103
 819 0316 CE       		.byte	-50
 820 0317 66       		.byte	102
 821 0318 D6       		.byte	-42
 822 0319 08       		.byte	8
 823 031a DE       		.byte	-34
 824 031b 08       		.byte	8
 825 031c EC       		.byte	-20
 826 031d 01       		.byte	1
 827 031e EE       		.byte	-18
 828 031f 06       		.byte	6
 829 0320 EC       		.byte	-20
 830 0321 01       		.byte	1
 831 0322 EE       		.byte	-18
 832 0323 06       		.byte	6
 833 0324 E8       		.byte	-24
 834 0325 10       		.byte	16
 835 0326 13       		.byte	19
 836 0327 02       		.byte	2
 837 0328 16       		.byte	22
 838 0329 80       		.byte	-128
 839 032a 30       		.byte	48
 840 032b 82       		.byte	-126
 841 032c 36       		.byte	54
 842 032d 40       		.byte	64
 843 032e 37       		.byte	55
 844 032f 04       		.byte	4
 845 0330 39       		.byte	57
 846 0331 08       		.byte	8
 847 0332 3E       		.byte	62
 848 0333 80       		.byte	-128
 849 0334 80       		.byte	-128
 850 0335 02       		.byte	2
 851 0336 83       		.byte	-125
 852 0337 02       		.byte	2
 853 0338 C4       		.byte	-60
 854 0339 30       		.byte	48
 855 033a CC       		.byte	-52
ARM GAS  C:\Users\jebush2\AppData\Local\Temp\ccqRQozx.s 			page 16


 856 033b F0       		.byte	-16
 857 033c CE       		.byte	-50
 858 033d 60       		.byte	96
 859 033e E2       		.byte	-30
 860 033f 20       		.byte	32
 861 0340 E4       		.byte	-28
 862 0341 80       		.byte	-128
 863 0342 5A       		.byte	90
 864 0343 80       		.byte	-128
 865 0344 5F       		.byte	95
 866 0345 80       		.byte	-128
 867 0346 66       		.byte	102
 868 0347 80       		.byte	-128
 869 0348 83       		.byte	-125
 870 0349 04       		.byte	4
 871 034a 95       		.byte	-107
 872 034b 08       		.byte	8
 873 034c 9F       		.byte	-97
 874 034d 04       		.byte	4
 875 034e A4       		.byte	-92
 876 034f 80       		.byte	-128
 877 0350 A6       		.byte	-90
 878 0351 40       		.byte	64
 879 0352 D4       		.byte	-44
 880 0353 80       		.byte	-128
 881 0354 D6       		.byte	-42
 882 0355 A0       		.byte	-96
 883 0356 E2       		.byte	-30
 884 0357 80       		.byte	-128
 885 0358 96       		.byte	-106
 886 0359 80       		.byte	-128
 887 035a 9E       		.byte	-98
 888 035b 80       		.byte	-128
 889 035c 9F       		.byte	-97
 890 035d 80       		.byte	-128
 891 035e A4       		.byte	-92
 892 035f 80       		.byte	-128
 893 0360 A6       		.byte	-90
 894 0361 40       		.byte	64
 895 0362 AD       		.byte	-83
 896 0363 04       		.byte	4
 897 0364 EA       		.byte	-22
 898 0365 10       		.byte	16
 899 0366 84       		.byte	-124
 900 0367 80       		.byte	-128
 901 0368 87       		.byte	-121
 902 0369 80       		.byte	-128
 903 036a 96       		.byte	-106
 904 036b 80       		.byte	-128
 905 036c 9F       		.byte	-97
 906 036d 80       		.byte	-128
 907 036e A4       		.byte	-92
 908 036f 80       		.byte	-128
 909 0370 A6       		.byte	-90
 910 0371 40       		.byte	64
 911 0372 B2       		.byte	-78
 912 0373 80       		.byte	-128
ARM GAS  C:\Users\jebush2\AppData\Local\Temp\ccqRQozx.s 			page 17


 913 0374 E2       		.byte	-30
 914 0375 50       		.byte	80
 915 0376 82       		.byte	-126
 916 0377 40       		.byte	64
 917 0378 81       		.byte	-127
 918 0379 10       		.byte	16
 919 037a 96       		.byte	-106
 920 037b 40       		.byte	64
 921 037c 1B       		.byte	27
 922 037d 02       		.byte	2
 923 037e 26       		.byte	38
 924 037f 04       		.byte	4
 925 0380 96       		.byte	-106
 926 0381 40       		.byte	64
 927 0382 A5       		.byte	-91
 928 0383 10       		.byte	16
 929 0384 A7       		.byte	-89
 930 0385 02       		.byte	2
 931 0386 AF       		.byte	-81
 932 0387 02       		.byte	2
 933 0388 C6       		.byte	-58
 934 0389 08       		.byte	8
 935 038a C8       		.byte	-56
 936 038b 01       		.byte	1
 937 038c 09       		.byte	9
 938 038d 10       		.byte	16
 939 038e 0B       		.byte	11
 940 038f 40       		.byte	64
 941 0390 0E       		.byte	14
 942 0391 40       		.byte	64
 943 0392 40       		.byte	64
 944 0393 10       		.byte	16
 945 0394 44       		.byte	68
 946 0395 02       		.byte	2
 947 0396 96       		.byte	-106
 948 0397 40       		.byte	64
 949 0398 A2       		.byte	-94
 950 0399 04       		.byte	4
 951 039a A5       		.byte	-91
 952 039b 10       		.byte	16
 953 039c C2       		.byte	-62
 954 039d 0E       		.byte	14
 955 039e D0       		.byte	-48
 956 039f 06       		.byte	6
 957 03a0 24       		.byte	36
 958 03a1 08       		.byte	8
 959 03a2 96       		.byte	-106
 960 03a3 80       		.byte	-128
 961 03a4 AE       		.byte	-82
 962 03a5 40       		.byte	64
 963 03a6 C8       		.byte	-56
 964 03a7 20       		.byte	32
 965 03a8 EE       		.byte	-18
 966 03a9 40       		.byte	64
 967 03aa 8E       		.byte	-114
 968 03ab 40       		.byte	64
 969 03ac 96       		.byte	-106
ARM GAS  C:\Users\jebush2\AppData\Local\Temp\ccqRQozx.s 			page 18


 970 03ad 80       		.byte	-128
 971 03ae B4       		.byte	-76
 972 03af 04       		.byte	4
 973 03b0 9C       		.byte	-100
 974 03b1 02       		.byte	2
 975 03b2 A8       		.byte	-88
 976 03b3 10       		.byte	16
 977 03b4 AA       		.byte	-86
 978 03b5 04       		.byte	4
 979 03b6 AF       		.byte	-81
 980 03b7 40       		.byte	64
 981 03b8 B4       		.byte	-76
 982 03b9 02       		.byte	2
 983 03ba E8       		.byte	-24
 984 03bb 08       		.byte	8
 985 03bc 00       		.byte	0
 986 03bd 01       		.byte	1
 987 03be 01       		.byte	1
 988 03bf 01       		.byte	1
 989 03c0 0A       		.byte	10
 990 03c1 01       		.byte	1
 991 03c2 0B       		.byte	11
 992 03c3 01       		.byte	1
 993 03c4 10       		.byte	16
 994 03c5 01       		.byte	1
 995 03c6 1A       		.byte	26
 996 03c7 01       		.byte	1
 997 03c8 00       		.byte	0
 998 03c9 AB       		.byte	-85
 999 03ca 10       		.byte	16
 1000 03cb 0A       		.byte	10
 1001 03cc 00       		.byte	0
 1002 03cd 00       		.byte	0
 1003 03ce 00       		.byte	0
 1004 03cf 00       		.byte	0
 1005 03d0 00       		.byte	0
 1006 03d1 3F       		.byte	63
 1007 03d2 3F       		.byte	63
 1008 03d3 00       		.byte	0
 1009 03d4 40       		.byte	64
 1010 03d5 00       		.byte	0
 1011 03d6 00       		.byte	0
 1012 03d7 00       		.byte	0
 1013 03d8 00       		.byte	0
 1014 03d9 00       		.byte	0
 1015 03da 00       		.byte	0
 1016 03db 00       		.byte	0
 1017 03dc C0       		.byte	-64
 1018 03dd 00       		.byte	0
 1019 03de 00       		.byte	0
 1020 03df 00       		.byte	0
 1021 03e0 00       		.byte	0
 1022 03e1 0B       		.byte	11
 1023 03e2 0B       		.byte	11
 1024 03e3 00       		.byte	0
 1025 03e4 00       		.byte	0
 1026 03e5 00       		.byte	0
ARM GAS  C:\Users\jebush2\AppData\Local\Temp\ccqRQozx.s 			page 19


 1027 03e6 00       		.byte	0
 1028 03e7 00       		.byte	0
 1029 03e8 00       		.byte	0
 1030 03e9 02       		.byte	2
 1031 03ea 02       		.byte	2
 1032 03eb 00       		.byte	0
 1033 03ec 00       		.byte	0
 1034 03ed 00       		.byte	0
 1035 03ee 00       		.byte	0
 1036 03ef 00       		.byte	0
 1037 03f0 00       		.byte	0
 1038 03f1 01       		.byte	1
 1039 03f2 00       		.byte	0
 1040 03f3 00       		.byte	0
 1041              		.section	.cywolatch,"a",%progbits
 1042              		.align	2
 1043              		.type	cy_meta_wonvl, %object
 1044              		.size	cy_meta_wonvl, 4
 1045              	cy_meta_wonvl:
 1046 0000 BC       		.byte	-68
 1047 0001 90       		.byte	-112
 1048 0002 AC       		.byte	-84
 1049 0003 AF       		.byte	-81
 1050              		.section	.cycustnvl,"a",%progbits
 1051              		.align	2
 1052              		.type	cy_meta_custnvl, %object
 1053              		.size	cy_meta_custnvl, 4
 1054              	cy_meta_custnvl:
 1055 0000 00       		.byte	0
 1056 0001 00       		.byte	0
 1057 0002 40       		.byte	64
 1058 0003 05       		.byte	5
 1059              		.section	.cymeta,"a",%progbits
 1060              		.align	2
 1061              		.type	cy_metadata, %object
 1062              		.size	cy_metadata, 12
 1063              	cy_metadata:
 1064 0000 00       		.byte	0
 1065 0001 01       		.byte	1
 1066 0002 2E       		.byte	46
 1067 0003 16       		.byte	22
 1068 0004 10       		.byte	16
 1069 0005 69       		.byte	105
 1070 0006 00       		.byte	0
 1071 0007 01       		.byte	1
 1072 0008 00       		.byte	0
 1073 0009 00       		.byte	0
 1074 000a 00       		.byte	0
 1075 000b 00       		.byte	0
 1076              		.section	.cyflashprotect,"a",%progbits
 1077              		.align	2
 1078              		.type	cy_meta_flashprotect, %object
 1079              		.size	cy_meta_flashprotect, 256
 1080              	cy_meta_flashprotect:
 1081 0000 00000000 		.space	256
 1081      00000000 
 1081      00000000 
ARM GAS  C:\Users\jebush2\AppData\Local\Temp\ccqRQozx.s 			page 20


 1081      00000000 
 1081      00000000 
 1082              		.text
 1083              	.Letext0:
 1084              		.file 1 "c:\\program files (x86)\\cypress\\psoc creator\\4.2\\psoc creator\\import\\gnu\\arm\\5.4.
 1085              		.file 2 "c:\\program files (x86)\\cypress\\psoc creator\\4.2\\psoc creator\\import\\gnu\\arm\\5.4.
 1086              		.file 3 "Generated_Source\\PSoC5\\cymetadata.c"
 1087              		.section	.debug_info,"",%progbits
 1088              	.Ldebug_info0:
 1089 0000 31010000 		.4byte	0x131
 1090 0004 0400     		.2byte	0x4
 1091 0006 00000000 		.4byte	.Ldebug_abbrev0
 1092 000a 04       		.byte	0x4
 1093 000b 01       		.uleb128 0x1
 1094 000c 24000000 		.4byte	.LASF17
 1095 0010 0C       		.byte	0xc
 1096 0011 BF010000 		.4byte	.LASF18
 1097 0015 06010000 		.4byte	.LASF19
 1098 0019 00000000 		.4byte	.Ldebug_line0
 1099 001d 02       		.uleb128 0x2
 1100 001e 01       		.byte	0x1
 1101 001f 06       		.byte	0x6
 1102 0020 B3010000 		.4byte	.LASF0
 1103 0024 03       		.uleb128 0x3
 1104 0025 00000000 		.4byte	.LASF9
 1105 0029 01       		.byte	0x1
 1106 002a 1D       		.byte	0x1d
 1107 002b 2F000000 		.4byte	0x2f
 1108 002f 02       		.uleb128 0x2
 1109 0030 01       		.byte	0x1
 1110 0031 08       		.byte	0x8
 1111 0032 16000000 		.4byte	.LASF1
 1112 0036 02       		.uleb128 0x2
 1113 0037 02       		.byte	0x2
 1114 0038 05       		.byte	0x5
 1115 0039 A0010000 		.4byte	.LASF2
 1116 003d 02       		.uleb128 0x2
 1117 003e 02       		.byte	0x2
 1118 003f 07       		.byte	0x7
 1119 0040 C4000000 		.4byte	.LASF3
 1120 0044 02       		.uleb128 0x2
 1121 0045 04       		.byte	0x4
 1122 0046 05       		.byte	0x5
 1123 0047 AA010000 		.4byte	.LASF4
 1124 004b 02       		.uleb128 0x2
 1125 004c 04       		.byte	0x4
 1126 004d 07       		.byte	0x7
 1127 004e B2000000 		.4byte	.LASF5
 1128 0052 02       		.uleb128 0x2
 1129 0053 08       		.byte	0x8
 1130 0054 05       		.byte	0x5
 1131 0055 92010000 		.4byte	.LASF6
 1132 0059 02       		.uleb128 0x2
 1133 005a 08       		.byte	0x8
 1134 005b 07       		.byte	0x7
 1135 005c 47010000 		.4byte	.LASF7
 1136 0060 04       		.uleb128 0x4
ARM GAS  C:\Users\jebush2\AppData\Local\Temp\ccqRQozx.s 			page 21


 1137 0061 04       		.byte	0x4
 1138 0062 05       		.byte	0x5
 1139 0063 696E7400 		.ascii	"int\000"
 1140 0067 02       		.uleb128 0x2
 1141 0068 04       		.byte	0x4
 1142 0069 07       		.byte	0x7
 1143 006a F9000000 		.4byte	.LASF8
 1144 006e 03       		.uleb128 0x3
 1145 006f 5E010000 		.4byte	.LASF10
 1146 0073 02       		.byte	0x2
 1147 0074 18       		.byte	0x18
 1148 0075 24000000 		.4byte	0x24
 1149 0079 05       		.uleb128 0x5
 1150 007a 91000000 		.4byte	0x91
 1151 007e 8A000000 		.4byte	0x8a
 1152 0082 06       		.uleb128 0x6
 1153 0083 8A000000 		.4byte	0x8a
 1154 0087 F303     		.2byte	0x3f3
 1155 0089 00       		.byte	0
 1156 008a 02       		.uleb128 0x2
 1157 008b 04       		.byte	0x4
 1158 008c 07       		.byte	0x7
 1159 008d 89010000 		.4byte	.LASF11
 1160 0091 07       		.uleb128 0x7
 1161 0092 6E000000 		.4byte	0x6e
 1162 0096 08       		.uleb128 0x8
 1163 0097 E7000000 		.4byte	.LASF12
 1164 009b 03       		.byte	0x3
 1165 009c 1F       		.byte	0x1f
 1166 009d A7000000 		.4byte	0xa7
 1167 00a1 05       		.uleb128 0x5
 1168 00a2 03       		.byte	0x3
 1169 00a3 00000000 		.4byte	cy_meta_configecc
 1170 00a7 07       		.uleb128 0x7
 1171 00a8 79000000 		.4byte	0x79
 1172 00ac 05       		.uleb128 0x5
 1173 00ad 91000000 		.4byte	0x91
 1174 00b1 BC000000 		.4byte	0xbc
 1175 00b5 09       		.uleb128 0x9
 1176 00b6 8A000000 		.4byte	0x8a
 1177 00ba 03       		.byte	0x3
 1178 00bb 00       		.byte	0
 1179 00bc 08       		.uleb128 0x8
 1180 00bd D7000000 		.4byte	.LASF13
 1181 00c1 03       		.byte	0x3
 1182 00c2 AB       		.byte	0xab
 1183 00c3 CD000000 		.4byte	0xcd
 1184 00c7 05       		.uleb128 0x5
 1185 00c8 03       		.byte	0x3
 1186 00c9 00000000 		.4byte	cy_meta_custnvl
 1187 00cd 07       		.uleb128 0x7
 1188 00ce AC000000 		.4byte	0xac
 1189 00d2 08       		.uleb128 0x8
 1190 00d3 7B010000 		.4byte	.LASF14
 1191 00d7 03       		.byte	0x3
 1192 00d8 B9       		.byte	0xb9
 1193 00d9 E3000000 		.4byte	0xe3
ARM GAS  C:\Users\jebush2\AppData\Local\Temp\ccqRQozx.s 			page 22


 1194 00dd 05       		.uleb128 0x5
 1195 00de 03       		.byte	0x3
 1196 00df 00000000 		.4byte	cy_meta_wonvl
 1197 00e3 07       		.uleb128 0x7
 1198 00e4 AC000000 		.4byte	0xac
 1199 00e8 05       		.uleb128 0x5
 1200 00e9 91000000 		.4byte	0x91
 1201 00ed F8000000 		.4byte	0xf8
 1202 00f1 09       		.uleb128 0x9
 1203 00f2 8A000000 		.4byte	0x8a
 1204 00f6 FF       		.byte	0xff
 1205 00f7 00       		.byte	0
 1206 00f8 08       		.uleb128 0x8
 1207 00f9 66010000 		.4byte	.LASF15
 1208 00fd 03       		.byte	0x3
 1209 00fe C7       		.byte	0xc7
 1210 00ff 09010000 		.4byte	0x109
 1211 0103 05       		.uleb128 0x5
 1212 0104 03       		.byte	0x3
 1213 0105 00000000 		.4byte	cy_meta_flashprotect
 1214 0109 07       		.uleb128 0x7
 1215 010a E8000000 		.4byte	0xe8
 1216 010e 05       		.uleb128 0x5
 1217 010f 91000000 		.4byte	0x91
 1218 0113 1E010000 		.4byte	0x11e
 1219 0117 09       		.uleb128 0x9
 1220 0118 8A000000 		.4byte	0x8a
 1221 011c 0B       		.byte	0xb
 1222 011d 00       		.byte	0
 1223 011e 08       		.uleb128 0x8
 1224 011f 0A000000 		.4byte	.LASF16
 1225 0123 03       		.byte	0x3
 1226 0124 F4       		.byte	0xf4
 1227 0125 2F010000 		.4byte	0x12f
 1228 0129 05       		.uleb128 0x5
 1229 012a 03       		.byte	0x3
 1230 012b 00000000 		.4byte	cy_metadata
 1231 012f 07       		.uleb128 0x7
 1232 0130 0E010000 		.4byte	0x10e
 1233 0134 00       		.byte	0
 1234              		.section	.debug_abbrev,"",%progbits
 1235              	.Ldebug_abbrev0:
 1236 0000 01       		.uleb128 0x1
 1237 0001 11       		.uleb128 0x11
 1238 0002 01       		.byte	0x1
 1239 0003 25       		.uleb128 0x25
 1240 0004 0E       		.uleb128 0xe
 1241 0005 13       		.uleb128 0x13
 1242 0006 0B       		.uleb128 0xb
 1243 0007 03       		.uleb128 0x3
 1244 0008 0E       		.uleb128 0xe
 1245 0009 1B       		.uleb128 0x1b
 1246 000a 0E       		.uleb128 0xe
 1247 000b 10       		.uleb128 0x10
 1248 000c 17       		.uleb128 0x17
 1249 000d 00       		.byte	0
 1250 000e 00       		.byte	0
ARM GAS  C:\Users\jebush2\AppData\Local\Temp\ccqRQozx.s 			page 23


 1251 000f 02       		.uleb128 0x2
 1252 0010 24       		.uleb128 0x24
 1253 0011 00       		.byte	0
 1254 0012 0B       		.uleb128 0xb
 1255 0013 0B       		.uleb128 0xb
 1256 0014 3E       		.uleb128 0x3e
 1257 0015 0B       		.uleb128 0xb
 1258 0016 03       		.uleb128 0x3
 1259 0017 0E       		.uleb128 0xe
 1260 0018 00       		.byte	0
 1261 0019 00       		.byte	0
 1262 001a 03       		.uleb128 0x3
 1263 001b 16       		.uleb128 0x16
 1264 001c 00       		.byte	0
 1265 001d 03       		.uleb128 0x3
 1266 001e 0E       		.uleb128 0xe
 1267 001f 3A       		.uleb128 0x3a
 1268 0020 0B       		.uleb128 0xb
 1269 0021 3B       		.uleb128 0x3b
 1270 0022 0B       		.uleb128 0xb
 1271 0023 49       		.uleb128 0x49
 1272 0024 13       		.uleb128 0x13
 1273 0025 00       		.byte	0
 1274 0026 00       		.byte	0
 1275 0027 04       		.uleb128 0x4
 1276 0028 24       		.uleb128 0x24
 1277 0029 00       		.byte	0
 1278 002a 0B       		.uleb128 0xb
 1279 002b 0B       		.uleb128 0xb
 1280 002c 3E       		.uleb128 0x3e
 1281 002d 0B       		.uleb128 0xb
 1282 002e 03       		.uleb128 0x3
 1283 002f 08       		.uleb128 0x8
 1284 0030 00       		.byte	0
 1285 0031 00       		.byte	0
 1286 0032 05       		.uleb128 0x5
 1287 0033 01       		.uleb128 0x1
 1288 0034 01       		.byte	0x1
 1289 0035 49       		.uleb128 0x49
 1290 0036 13       		.uleb128 0x13
 1291 0037 01       		.uleb128 0x1
 1292 0038 13       		.uleb128 0x13
 1293 0039 00       		.byte	0
 1294 003a 00       		.byte	0
 1295 003b 06       		.uleb128 0x6
 1296 003c 21       		.uleb128 0x21
 1297 003d 00       		.byte	0
 1298 003e 49       		.uleb128 0x49
 1299 003f 13       		.uleb128 0x13
 1300 0040 2F       		.uleb128 0x2f
 1301 0041 05       		.uleb128 0x5
 1302 0042 00       		.byte	0
 1303 0043 00       		.byte	0
 1304 0044 07       		.uleb128 0x7
 1305 0045 26       		.uleb128 0x26
 1306 0046 00       		.byte	0
 1307 0047 49       		.uleb128 0x49
ARM GAS  C:\Users\jebush2\AppData\Local\Temp\ccqRQozx.s 			page 24


 1308 0048 13       		.uleb128 0x13
 1309 0049 00       		.byte	0
 1310 004a 00       		.byte	0
 1311 004b 08       		.uleb128 0x8
 1312 004c 34       		.uleb128 0x34
 1313 004d 00       		.byte	0
 1314 004e 03       		.uleb128 0x3
 1315 004f 0E       		.uleb128 0xe
 1316 0050 3A       		.uleb128 0x3a
 1317 0051 0B       		.uleb128 0xb
 1318 0052 3B       		.uleb128 0x3b
 1319 0053 0B       		.uleb128 0xb
 1320 0054 49       		.uleb128 0x49
 1321 0055 13       		.uleb128 0x13
 1322 0056 3F       		.uleb128 0x3f
 1323 0057 19       		.uleb128 0x19
 1324 0058 02       		.uleb128 0x2
 1325 0059 18       		.uleb128 0x18
 1326 005a 00       		.byte	0
 1327 005b 00       		.byte	0
 1328 005c 09       		.uleb128 0x9
 1329 005d 21       		.uleb128 0x21
 1330 005e 00       		.byte	0
 1331 005f 49       		.uleb128 0x49
 1332 0060 13       		.uleb128 0x13
 1333 0061 2F       		.uleb128 0x2f
 1334 0062 0B       		.uleb128 0xb
 1335 0063 00       		.byte	0
 1336 0064 00       		.byte	0
 1337 0065 00       		.byte	0
 1338              		.section	.debug_aranges,"",%progbits
 1339 0000 14000000 		.4byte	0x14
 1340 0004 0200     		.2byte	0x2
 1341 0006 00000000 		.4byte	.Ldebug_info0
 1342 000a 04       		.byte	0x4
 1343 000b 00       		.byte	0
 1344 000c 0000     		.2byte	0
 1345 000e 0000     		.2byte	0
 1346 0010 00000000 		.4byte	0
 1347 0014 00000000 		.4byte	0
 1348              		.section	.debug_line,"",%progbits
 1349              	.Ldebug_line0:
 1350 0000 3D010000 		.section	.debug_str,"MS",%progbits,1
 1350      02003701 
 1350      00000201 
 1350      FB0E0D00 
 1350      01010101 
 1351              	.LASF9:
 1352 0000 5F5F7569 		.ascii	"__uint8_t\000"
 1352      6E74385F 
 1352      7400
 1353              	.LASF16:
 1354 000a 63795F6D 		.ascii	"cy_metadata\000"
 1354      65746164 
 1354      61746100 
 1355              	.LASF1:
 1356 0016 756E7369 		.ascii	"unsigned char\000"
ARM GAS  C:\Users\jebush2\AppData\Local\Temp\ccqRQozx.s 			page 25


 1356      676E6564 
 1356      20636861 
 1356      7200
 1357              	.LASF17:
 1358 0024 474E5520 		.ascii	"GNU C11 5.4.1 20160609 (release) [ARM/embedded-5-br"
 1358      43313120 
 1358      352E342E 
 1358      31203230 
 1358      31363036 
 1359 0057 616E6368 		.ascii	"anch revision 237715] -mcpu=cortex-m3 -mthumb -g -O"
 1359      20726576 
 1359      6973696F 
 1359      6E203233 
 1359      37373135 
 1360 008a 67202D66 		.ascii	"g -ffunction-sections -ffat-lto-objects\000"
 1360      66756E63 
 1360      74696F6E 
 1360      2D736563 
 1360      74696F6E 
 1361              	.LASF5:
 1362 00b2 6C6F6E67 		.ascii	"long unsigned int\000"
 1362      20756E73 
 1362      69676E65 
 1362      6420696E 
 1362      7400
 1363              	.LASF3:
 1364 00c4 73686F72 		.ascii	"short unsigned int\000"
 1364      7420756E 
 1364      7369676E 
 1364      65642069 
 1364      6E7400
 1365              	.LASF13:
 1366 00d7 63795F6D 		.ascii	"cy_meta_custnvl\000"
 1366      6574615F 
 1366      63757374 
 1366      6E766C00 
 1367              	.LASF12:
 1368 00e7 63795F6D 		.ascii	"cy_meta_configecc\000"
 1368      6574615F 
 1368      636F6E66 
 1368      69676563 
 1368      6300
 1369              	.LASF8:
 1370 00f9 756E7369 		.ascii	"unsigned int\000"
 1370      676E6564 
 1370      20696E74 
 1370      00
 1371              	.LASF19:
 1372 0106 433A5C55 		.ascii	"C:\\Users\\jebush2\\Desktop\\PSoC 3-19-2019\\PSoC P"
 1372      73657273 
 1372      5C6A6562 
 1372      75736832 
 1372      5C446573 
 1373 0134 726F6A65 		.ascii	"rojects\\Seat.cydsn\000"
 1373      6374735C 
 1373      53656174 
 1373      2E637964 
ARM GAS  C:\Users\jebush2\AppData\Local\Temp\ccqRQozx.s 			page 26


 1373      736E00
 1374              	.LASF7:
 1375 0147 6C6F6E67 		.ascii	"long long unsigned int\000"
 1375      206C6F6E 
 1375      6720756E 
 1375      7369676E 
 1375      65642069 
 1376              	.LASF10:
 1377 015e 75696E74 		.ascii	"uint8_t\000"
 1377      385F7400 
 1378              	.LASF15:
 1379 0166 63795F6D 		.ascii	"cy_meta_flashprotect\000"
 1379      6574615F 
 1379      666C6173 
 1379      6870726F 
 1379      74656374 
 1380              	.LASF14:
 1381 017b 63795F6D 		.ascii	"cy_meta_wonvl\000"
 1381      6574615F 
 1381      776F6E76 
 1381      6C00
 1382              	.LASF11:
 1383 0189 73697A65 		.ascii	"sizetype\000"
 1383      74797065 
 1383      00
 1384              	.LASF6:
 1385 0192 6C6F6E67 		.ascii	"long long int\000"
 1385      206C6F6E 
 1385      6720696E 
 1385      7400
 1386              	.LASF2:
 1387 01a0 73686F72 		.ascii	"short int\000"
 1387      7420696E 
 1387      7400
 1388              	.LASF4:
 1389 01aa 6C6F6E67 		.ascii	"long int\000"
 1389      20696E74 
 1389      00
 1390              	.LASF0:
 1391 01b3 7369676E 		.ascii	"signed char\000"
 1391      65642063 
 1391      68617200 
 1392              	.LASF18:
 1393 01bf 47656E65 		.ascii	"Generated_Source\\PSoC5\\cymetadata.c\000"
 1393      72617465 
 1393      645F536F 
 1393      75726365 
 1393      5C50536F 
 1394              		.ident	"GCC: (GNU Tools for ARM Embedded Processors) 5.4.1 20160609 (release) [ARM/embedded-5-bran
