ARM GAS  C:\Users\jebush2\AppData\Local\Temp\ccrYIRYQ.s 			page 1


   1              		.syntax unified
   2              		.cpu cortex-m3
   3              		.fpu softvfp
   4              		.eabi_attribute 20, 1
   5              		.eabi_attribute 21, 1
   6              		.eabi_attribute 23, 3
   7              		.eabi_attribute 24, 1
   8              		.eabi_attribute 25, 1
   9              		.eabi_attribute 26, 1
  10              		.eabi_attribute 30, 1
  11              		.eabi_attribute 34, 1
  12              		.eabi_attribute 18, 4
  13              		.thumb
  14              		.syntax unified
  15              		.file	"main.c"
  16              		.text
  17              	.Ltext0:
  18              		.cfi_sections	.debug_frame
  19              		.section	.text.set_checksum,"ax",%progbits
  20              		.align	2
  21              		.global	set_checksum
  22              		.thumb
  23              		.thumb_func
  24              		.type	set_checksum, %function
  25              	set_checksum:
  26              	.LFB64:
  27              		.file 1 "main.c"
   1:main.c        **** /* ========================================
   2:main.c        ****  *
   3:main.c        ****  * Copyright YOUR COMPANY, THE YEAR
   4:main.c        ****  * All Rights Reserved
   5:main.c        ****  * UNPUBLISHED, LICENSED SOFTWARE.
   6:main.c        ****  *
   7:main.c        ****  * CONFIDENTIAL AND PROPRIETARY INFORMATION
   8:main.c        ****  * WHICH IS THE PROPERTY OF your company.
   9:main.c        ****  *
  10:main.c        ****  * ========================================
  11:main.c        **** */
  12:main.c        **** #include "project.h"
  13:main.c        **** #include <stdio.h>
  14:main.c        **** 
  15:main.c        **** #define STARTBYTE 0xFF
  16:main.c        **** #define ENDBYTE 0x77
  17:main.c        **** 
  18:main.c        **** struct packet {
  19:main.c        ****     uint8 startbyte;
  20:main.c        ****     int16 channels[3];
  21:main.c        ****     uint8 checksum;
  22:main.c        **** };
  23:main.c        **** 
  24:main.c        **** void set_checksum(struct packet *pkt)
  25:main.c        **** {
  28              		.loc 1 25 0
  29              		.cfi_startproc
  30              		@ args = 0, pretend = 0, frame = 0
  31              		@ frame_needed = 0, uses_anonymous_args = 0
  32              		@ link register save eliminated.
ARM GAS  C:\Users\jebush2\AppData\Local\Temp\ccrYIRYQ.s 			page 2


  33              	.LVL0:
  34 0000 10B4     		push	{r4}
  35              		.cfi_def_cfa_offset 4
  36              		.cfi_offset 4, -4
  26:main.c        ****     uint8 *data = (uint8 *)(&pkt->channels[0]);
  37              		.loc 1 26 0
  38 0002 841C     		adds	r4, r0, #2
  39              	.LVL1:
  40              	.LBB2:
  27:main.c        ****     uint8 checksum = 0;
  28:main.c        ****     for (int i = 0; i < 6; ++i) {
  41              		.loc 1 28 0
  42 0004 0023     		movs	r3, #0
  43              	.LBE2:
  27:main.c        ****     uint8 checksum = 0;
  44              		.loc 1 27 0
  45 0006 1A46     		mov	r2, r3
  46              	.LBB3:
  47              		.loc 1 28 0
  48 0008 03E0     		b	.L2
  49              	.LVL2:
  50              	.L3:
  29:main.c        ****         checksum += data[i];
  51              		.loc 1 29 0 discriminator 3
  52 000a E15C     		ldrb	r1, [r4, r3]	@ zero_extendqisi2
  53 000c 0A44     		add	r2, r2, r1
  54              	.LVL3:
  55 000e D2B2     		uxtb	r2, r2
  56              	.LVL4:
  28:main.c        ****         checksum += data[i];
  57              		.loc 1 28 0 discriminator 3
  58 0010 0133     		adds	r3, r3, #1
  59              	.LVL5:
  60              	.L2:
  28:main.c        ****         checksum += data[i];
  61              		.loc 1 28 0 is_stmt 0 discriminator 1
  62 0012 052B     		cmp	r3, #5
  63 0014 F9DD     		ble	.L3
  64              	.LBE3:
  30:main.c        ****     }
  31:main.c        ****     pkt->checksum = checksum;
  65              		.loc 1 31 0 is_stmt 1
  66 0016 0272     		strb	r2, [r0, #8]
  32:main.c        **** }
  67              		.loc 1 32 0
  68 0018 10BC     		pop	{r4}
  69              		.cfi_restore 4
  70              		.cfi_def_cfa_offset 0
  71              	.LVL6:
  72 001a 7047     		bx	lr
  73              		.cfi_endproc
  74              	.LFE64:
  75              		.size	set_checksum, .-set_checksum
  76              		.section	.text.main,"ax",%progbits
  77              		.align	2
  78              		.global	main
  79              		.thumb
ARM GAS  C:\Users\jebush2\AppData\Local\Temp\ccrYIRYQ.s 			page 3


  80              		.thumb_func
  81              		.type	main, %function
  82              	main:
  83              	.LFB65:
  33:main.c        **** 
  34:main.c        **** int main(void)
  35:main.c        **** {
  84              		.loc 1 35 0
  85              		.cfi_startproc
  86              		@ args = 0, pretend = 0, frame = 56
  87              		@ frame_needed = 0, uses_anonymous_args = 0
  88 0000 F0B5     		push	{r4, r5, r6, r7, lr}
  89              		.cfi_def_cfa_offset 20
  90              		.cfi_offset 4, -20
  91              		.cfi_offset 5, -16
  92              		.cfi_offset 6, -12
  93              		.cfi_offset 7, -8
  94              		.cfi_offset 14, -4
  95 0002 91B0     		sub	sp, sp, #68
  96              		.cfi_def_cfa_offset 88
  36:main.c        ****     CyGlobalIntEnable; /* Enable global interrupts. */
  97              		.loc 1 36 0
  98              		.syntax unified
  99              	@ 36 "main.c" 1
 100 0004 62B6     		CPSIE   i
 101              	@ 0 "" 2
  37:main.c        **** 
  38:main.c        ****     struct packet data = {.startbyte = STARTBYTE};
 102              		.loc 1 38 0
 103              		.thumb
 104              		.syntax unified
 105 0006 0024     		movs	r4, #0
 106 0008 0D94     		str	r4, [sp, #52]
 107 000a 0E94     		str	r4, [sp, #56]
 108 000c ADF83C40 		strh	r4, [sp, #60]	@ movhi
 109 0010 FF23     		movs	r3, #255
 110 0012 8DF83430 		strb	r3, [sp, #52]
  39:main.c        ****     
  40:main.c        ****     /* Place your initialization/startup code here (e.g. MyInst_Start()) */
  41:main.c        ****     Seat_ADC_Start();
 111              		.loc 1 41 0
 112 0016 FFF7FEFF 		bl	Seat_ADC_Start
 113              	.LVL7:
  42:main.c        **** 
  43:main.c        ****     USBUART_Init();
 114              		.loc 1 43 0
 115 001a FFF7FEFF 		bl	USBUART_Init
 116              	.LVL8:
  44:main.c        ****     USBUART_CDC_Init();
 117              		.loc 1 44 0
 118 001e FFF7FEFF 		bl	USBUART_CDC_Init
 119              	.LVL9:
  45:main.c        ****     USBUART_Start(0, USBUART_5V_OPERATION);
 120              		.loc 1 45 0
 121 0022 0121     		movs	r1, #1
 122 0024 2046     		mov	r0, r4
 123 0026 FFF7FEFF 		bl	USBUART_Start
ARM GAS  C:\Users\jebush2\AppData\Local\Temp\ccrYIRYQ.s 			page 4


 124              	.LVL10:
 125              	.L8:
 126              	.LBB4:
  46:main.c        ****     
  47:main.c        ****     char output[40];
  48:main.c        ****     
  49:main.c        ****     for(;;)
  50:main.c        ****     {
  51:main.c        ****         LED_Write(!LED_Read());
 127              		.loc 1 51 0
 128 002a FFF7FEFF 		bl	LED_Read
 129              	.LVL11:
 130 002e B0FA80F0 		clz	r0, r0
 131 0032 4009     		lsrs	r0, r0, #5
 132 0034 FFF7FEFF 		bl	LED_Write
 133              	.LVL12:
 134              	.LBB5:
  52:main.c        ****         
  53:main.c        ****         int32 at = 0, bt = 0, ct = 0;
  54:main.c        ****         for (int i = 0; i < 10; ++i) {
 135              		.loc 1 54 0
 136 0038 0024     		movs	r4, #0
 137              	.LBE5:
  53:main.c        ****         for (int i = 0; i < 10; ++i) {
 138              		.loc 1 53 0
 139 003a 2546     		mov	r5, r4
 140 003c 2646     		mov	r6, r4
 141 003e 2746     		mov	r7, r4
 142              	.LBB6:
 143              		.loc 1 54 0
 144 0040 14E0     		b	.L6
 145              	.LVL13:
 146              	.L7:
  55:main.c        ****             Seat_ADC_StartConvert();
 147              		.loc 1 55 0 discriminator 3
 148 0042 FFF7FEFF 		bl	Seat_ADC_StartConvert
 149              	.LVL14:
  56:main.c        ****             Seat_ADC_IsEndConversion(Seat_ADC_WAIT_FOR_RESULT);
 150              		.loc 1 56 0 discriminator 3
 151 0046 0020     		movs	r0, #0
 152 0048 FFF7FEFF 		bl	Seat_ADC_IsEndConversion
 153              	.LVL15:
  57:main.c        ****             at += Seat_ADC_GetResult16(0);
 154              		.loc 1 57 0 discriminator 3
 155 004c 0020     		movs	r0, #0
 156 004e FFF7FEFF 		bl	Seat_ADC_GetResult16
 157              	.LVL16:
 158 0052 0744     		add	r7, r7, r0
 159              	.LVL17:
  58:main.c        ****             bt += Seat_ADC_GetResult16(1);
 160              		.loc 1 58 0 discriminator 3
 161 0054 0120     		movs	r0, #1
 162 0056 FFF7FEFF 		bl	Seat_ADC_GetResult16
 163              	.LVL18:
 164 005a 0644     		add	r6, r6, r0
 165              	.LVL19:
  59:main.c        ****             ct += Seat_ADC_GetResult16(2);
ARM GAS  C:\Users\jebush2\AppData\Local\Temp\ccrYIRYQ.s 			page 5


 166              		.loc 1 59 0 discriminator 3
 167 005c 0220     		movs	r0, #2
 168 005e FFF7FEFF 		bl	Seat_ADC_GetResult16
 169              	.LVL20:
 170 0062 0544     		add	r5, r5, r0
 171              	.LVL21:
  60:main.c        ****             CyDelay(10);
 172              		.loc 1 60 0 discriminator 3
 173 0064 0A20     		movs	r0, #10
 174 0066 FFF7FEFF 		bl	CyDelay
 175              	.LVL22:
  54:main.c        ****             Seat_ADC_StartConvert();
 176              		.loc 1 54 0 discriminator 3
 177 006a 0134     		adds	r4, r4, #1
 178              	.LVL23:
 179              	.L6:
  54:main.c        ****             Seat_ADC_StartConvert();
 180              		.loc 1 54 0 is_stmt 0 discriminator 1
 181 006c 092C     		cmp	r4, #9
 182 006e E8DD     		ble	.L7
 183              	.LBE6:
  61:main.c        ****         }
  62:main.c        ****         data.channels[0] = at / 10;
 184              		.loc 1 62 0 is_stmt 1
 185 0070 154B     		ldr	r3, .L11
 186 0072 83FB0712 		smull	r1, r2, r3, r7
 187 0076 FF17     		asrs	r7, r7, #31
 188              	.LVL24:
 189 0078 C7EBA207 		rsb	r7, r7, r2, asr #2
 190 007c ADF83670 		strh	r7, [sp, #54]	@ movhi
  63:main.c        ****         data.channels[1] = bt / 10;
 191              		.loc 1 63 0
 192 0080 83FB0612 		smull	r1, r2, r3, r6
 193 0084 F617     		asrs	r6, r6, #31
 194              	.LVL25:
 195 0086 C6EBA206 		rsb	r6, r6, r2, asr #2
 196 008a ADF83860 		strh	r6, [sp, #56]	@ movhi
  64:main.c        ****         data.channels[2] = ct / 10;
 197              		.loc 1 64 0
 198 008e 83FB0523 		smull	r2, r3, r3, r5
 199 0092 ED17     		asrs	r5, r5, #31
 200              	.LVL26:
 201 0094 C5EBA305 		rsb	r5, r5, r3, asr #2
 202 0098 ADF83A50 		strh	r5, [sp, #58]	@ movhi
  65:main.c        ****         
  66:main.c        ****         
  67:main.c        ****         set_checksum(&data);
 203              		.loc 1 67 0
 204 009c 0DA8     		add	r0, sp, #52
 205 009e FFF7FEFF 		bl	set_checksum
 206              	.LVL27:
  68:main.c        ****         
  69:main.c        ****         if (USBUART_CDCIsReady()) {
 207              		.loc 1 69 0
 208 00a2 FFF7FEFF 		bl	USBUART_CDCIsReady
 209              	.LVL28:
 210 00a6 0028     		cmp	r0, #0
ARM GAS  C:\Users\jebush2\AppData\Local\Temp\ccrYIRYQ.s 			page 6


 211 00a8 BFD0     		beq	.L8
  70:main.c        ****             //USBUART_PutData((uint8 *)&data, sizeof(struct packet));
  71:main.c        ****             sprintf(output, "a: %4d, b: %4d, c: %4d\n\r", data.channels[0], data.channels[1], data.
 212              		.loc 1 71 0
 213 00aa BDF93620 		ldrsh	r2, [sp, #54]
 214 00ae BDF93830 		ldrsh	r3, [sp, #56]
 215 00b2 BDF93A10 		ldrsh	r1, [sp, #58]
 216 00b6 0091     		str	r1, [sp]
 217 00b8 0449     		ldr	r1, .L11+4
 218 00ba 03A8     		add	r0, sp, #12
 219 00bc FFF7FEFF 		bl	sprintf
 220              	.LVL29:
  72:main.c        ****             USBUART_PutString(output);
 221              		.loc 1 72 0
 222 00c0 03A8     		add	r0, sp, #12
 223 00c2 FFF7FEFF 		bl	USBUART_PutString
 224              	.LVL30:
 225 00c6 B0E7     		b	.L8
 226              	.L12:
 227              		.align	2
 228              	.L11:
 229 00c8 67666666 		.word	1717986919
 230 00cc 00000000 		.word	.LC0
 231              	.LBE4:
 232              		.cfi_endproc
 233              	.LFE65:
 234              		.size	main, .-main
 235              		.section	.rodata.str1.4,"aMS",%progbits,1
 236              		.align	2
 237              	.LC0:
 238 0000 613A2025 		.ascii	"a: %4d, b: %4d, c: %4d\012\015\000"
 238      34642C20 
 238      623A2025 
 238      34642C20 
 238      633A2025 
 239              		.text
 240              	.Letext0:
 241              		.file 2 "c:\\program files (x86)\\cypress\\psoc creator\\4.2\\psoc creator\\import\\gnu\\arm\\5.4.
 242              		.file 3 "c:\\program files (x86)\\cypress\\psoc creator\\4.2\\psoc creator\\import\\gnu\\arm\\5.4.
 243              		.file 4 "Generated_Source\\PSoC5/cytypes.h"
 244              		.file 5 "Generated_Source\\PSoC5/Seat_ADC.h"
 245              		.file 6 "Generated_Source\\PSoC5/CyLib.h"
 246              		.file 7 "Generated_Source\\PSoC5/LED.h"
 247              		.file 8 "Generated_Source\\PSoC5/USBUART_cdc.h"
 248              		.file 9 "c:\\program files (x86)\\cypress\\psoc creator\\4.2\\psoc creator\\import\\gnu\\arm\\5.4.
 249              		.file 10 "Generated_Source\\PSoC5/USBUART.h"
 250              		.file 11 "Generated_Source\\PSoC5/core_cm3.h"
 251              		.section	.debug_info,"",%progbits
 252              	.Ldebug_info0:
 253 0000 90030000 		.4byte	0x390
 254 0004 0400     		.2byte	0x4
 255 0006 00000000 		.4byte	.Ldebug_abbrev0
 256 000a 04       		.byte	0x4
 257 000b 01       		.uleb128 0x1
 258 000c 89000000 		.4byte	.LASF37
 259 0010 0C       		.byte	0xc
 260 0011 42020000 		.4byte	.LASF38
ARM GAS  C:\Users\jebush2\AppData\Local\Temp\ccrYIRYQ.s 			page 7


 261 0015 94010000 		.4byte	.LASF39
 262 0019 30000000 		.4byte	.Ldebug_ranges0+0x30
 263 001d 00000000 		.4byte	0
 264 0021 00000000 		.4byte	.Ldebug_line0
 265 0025 02       		.uleb128 0x2
 266 0026 01       		.byte	0x1
 267 0027 06       		.byte	0x6
 268 0028 7A020000 		.4byte	.LASF0
 269 002c 02       		.uleb128 0x2
 270 002d 01       		.byte	0x1
 271 002e 08       		.byte	0x8
 272 002f 4B010000 		.4byte	.LASF1
 273 0033 02       		.uleb128 0x2
 274 0034 02       		.byte	0x2
 275 0035 05       		.byte	0x5
 276 0036 4E020000 		.4byte	.LASF2
 277 003a 02       		.uleb128 0x2
 278 003b 02       		.byte	0x2
 279 003c 07       		.byte	0x7
 280 003d 27000000 		.4byte	.LASF3
 281 0041 03       		.uleb128 0x3
 282 0042 14000000 		.4byte	.LASF9
 283 0046 02       		.byte	0x2
 284 0047 3F       		.byte	0x3f
 285 0048 4C000000 		.4byte	0x4c
 286 004c 02       		.uleb128 0x2
 287 004d 04       		.byte	0x4
 288 004e 05       		.byte	0x5
 289 004f 1E000000 		.4byte	.LASF4
 290 0053 02       		.uleb128 0x2
 291 0054 04       		.byte	0x4
 292 0055 07       		.byte	0x7
 293 0056 1D010000 		.4byte	.LASF5
 294 005a 02       		.uleb128 0x2
 295 005b 08       		.byte	0x8
 296 005c 05       		.byte	0x5
 297 005d 2B020000 		.4byte	.LASF6
 298 0061 02       		.uleb128 0x2
 299 0062 08       		.byte	0x8
 300 0063 07       		.byte	0x7
 301 0064 E6010000 		.4byte	.LASF7
 302 0068 04       		.uleb128 0x4
 303 0069 04       		.byte	0x4
 304 006a 05       		.byte	0x5
 305 006b 696E7400 		.ascii	"int\000"
 306 006f 02       		.uleb128 0x2
 307 0070 04       		.byte	0x4
 308 0071 07       		.byte	0x7
 309 0072 87010000 		.4byte	.LASF8
 310 0076 03       		.uleb128 0x3
 311 0077 16020000 		.4byte	.LASF10
 312 007b 03       		.byte	0x3
 313 007c 2C       		.byte	0x2c
 314 007d 41000000 		.4byte	0x41
 315 0081 05       		.uleb128 0x5
 316 0082 5F020000 		.4byte	.LASF11
 317 0086 04       		.byte	0x4
ARM GAS  C:\Users\jebush2\AppData\Local\Temp\ccrYIRYQ.s 			page 8


 318 0087 E401     		.2byte	0x1e4
 319 0089 2C000000 		.4byte	0x2c
 320 008d 05       		.uleb128 0x5
 321 008e 17010000 		.4byte	.LASF12
 322 0092 04       		.byte	0x4
 323 0093 E801     		.2byte	0x1e8
 324 0095 33000000 		.4byte	0x33
 325 0099 05       		.uleb128 0x5
 326 009a 2F010000 		.4byte	.LASF13
 327 009e 04       		.byte	0x4
 328 009f E901     		.2byte	0x1e9
 329 00a1 4C000000 		.4byte	0x4c
 330 00a5 02       		.uleb128 0x2
 331 00a6 04       		.byte	0x4
 332 00a7 04       		.byte	0x4
 333 00a8 5F000000 		.4byte	.LASF14
 334 00ac 02       		.uleb128 0x2
 335 00ad 08       		.byte	0x8
 336 00ae 04       		.byte	0x4
 337 00af 66010000 		.4byte	.LASF15
 338 00b3 02       		.uleb128 0x2
 339 00b4 01       		.byte	0x1
 340 00b5 08       		.byte	0x8
 341 00b6 49020000 		.4byte	.LASF16
 342 00ba 02       		.uleb128 0x2
 343 00bb 08       		.byte	0x8
 344 00bc 04       		.byte	0x4
 345 00bd 6E020000 		.4byte	.LASF17
 346 00c1 02       		.uleb128 0x2
 347 00c2 04       		.byte	0x4
 348 00c3 07       		.byte	0x7
 349 00c4 39020000 		.4byte	.LASF18
 350 00c8 06       		.uleb128 0x6
 351 00c9 72010000 		.4byte	.LASF40
 352 00cd 0A       		.byte	0xa
 353 00ce 01       		.byte	0x1
 354 00cf 12       		.byte	0x12
 355 00d0 F9000000 		.4byte	0xf9
 356 00d4 07       		.uleb128 0x7
 357 00d5 00000000 		.4byte	.LASF19
 358 00d9 01       		.byte	0x1
 359 00da 13       		.byte	0x13
 360 00db 81000000 		.4byte	0x81
 361 00df 00       		.byte	0
 362 00e0 07       		.uleb128 0x7
 363 00e1 65020000 		.4byte	.LASF20
 364 00e5 01       		.byte	0x1
 365 00e6 14       		.byte	0x14
 366 00e7 F9000000 		.4byte	0xf9
 367 00eb 02       		.byte	0x2
 368 00ec 07       		.uleb128 0x7
 369 00ed 6A000000 		.4byte	.LASF21
 370 00f1 01       		.byte	0x1
 371 00f2 15       		.byte	0x15
 372 00f3 81000000 		.4byte	0x81
 373 00f7 08       		.byte	0x8
 374 00f8 00       		.byte	0
ARM GAS  C:\Users\jebush2\AppData\Local\Temp\ccrYIRYQ.s 			page 9


 375 00f9 08       		.uleb128 0x8
 376 00fa 8D000000 		.4byte	0x8d
 377 00fe 09010000 		.4byte	0x109
 378 0102 09       		.uleb128 0x9
 379 0103 C1000000 		.4byte	0xc1
 380 0107 02       		.byte	0x2
 381 0108 00       		.byte	0
 382 0109 0A       		.uleb128 0xa
 383 010a 59010000 		.4byte	.LASF41
 384 010e 01       		.byte	0x1
 385 010f 18       		.byte	0x18
 386 0110 00000000 		.4byte	.LFB64
 387 0114 1C000000 		.4byte	.LFE64-.LFB64
 388 0118 01       		.uleb128 0x1
 389 0119 9C       		.byte	0x9c
 390 011a 5D010000 		.4byte	0x15d
 391 011e 0B       		.uleb128 0xb
 392 011f 706B7400 		.ascii	"pkt\000"
 393 0123 01       		.byte	0x1
 394 0124 18       		.byte	0x18
 395 0125 5D010000 		.4byte	0x15d
 396 0129 01       		.uleb128 0x1
 397 012a 50       		.byte	0x50
 398 012b 0C       		.uleb128 0xc
 399 012c 65000000 		.4byte	.LASF22
 400 0130 01       		.byte	0x1
 401 0131 1A       		.byte	0x1a
 402 0132 63010000 		.4byte	0x163
 403 0136 00000000 		.4byte	.LLST0
 404 013a 0C       		.uleb128 0xc
 405 013b 6A000000 		.4byte	.LASF21
 406 013f 01       		.byte	0x1
 407 0140 1B       		.byte	0x1b
 408 0141 81000000 		.4byte	0x81
 409 0145 20000000 		.4byte	.LLST1
 410 0149 0D       		.uleb128 0xd
 411 014a 00000000 		.4byte	.Ldebug_ranges0+0
 412 014e 0E       		.uleb128 0xe
 413 014f 6900     		.ascii	"i\000"
 414 0151 01       		.byte	0x1
 415 0152 1C       		.byte	0x1c
 416 0153 68000000 		.4byte	0x68
 417 0157 4A000000 		.4byte	.LLST2
 418 015b 00       		.byte	0
 419 015c 00       		.byte	0
 420 015d 0F       		.uleb128 0xf
 421 015e 04       		.byte	0x4
 422 015f C8000000 		.4byte	0xc8
 423 0163 0F       		.uleb128 0xf
 424 0164 04       		.byte	0x4
 425 0165 81000000 		.4byte	0x81
 426 0169 10       		.uleb128 0x10
 427 016a 6D010000 		.4byte	.LASF42
 428 016e 01       		.byte	0x1
 429 016f 22       		.byte	0x22
 430 0170 68000000 		.4byte	0x68
 431 0174 00000000 		.4byte	.LFB65
ARM GAS  C:\Users\jebush2\AppData\Local\Temp\ccrYIRYQ.s 			page 10


 432 0178 D0000000 		.4byte	.LFE65-.LFB65
 433 017c 01       		.uleb128 0x1
 434 017d 9C       		.byte	0x9c
 435 017e E1020000 		.4byte	0x2e1
 436 0182 11       		.uleb128 0x11
 437 0183 65000000 		.4byte	.LASF22
 438 0187 01       		.byte	0x1
 439 0188 26       		.byte	0x26
 440 0189 C8000000 		.4byte	0xc8
 441 018d 02       		.uleb128 0x2
 442 018e 91       		.byte	0x91
 443 018f 5C       		.sleb128 -36
 444 0190 11       		.uleb128 0x11
 445 0191 58020000 		.4byte	.LASF23
 446 0195 01       		.byte	0x1
 447 0196 2F       		.byte	0x2f
 448 0197 E1020000 		.4byte	0x2e1
 449 019b 03       		.uleb128 0x3
 450 019c 91       		.byte	0x91
 451 019d B47F     		.sleb128 -76
 452 019f 12       		.uleb128 0x12
 453 01a0 2A000000 		.4byte	.LBB4
 454 01a4 A6000000 		.4byte	.LBE4-.LBB4
 455 01a8 B0020000 		.4byte	0x2b0
 456 01ac 0E       		.uleb128 0xe
 457 01ad 617400   		.ascii	"at\000"
 458 01b0 01       		.byte	0x1
 459 01b1 35       		.byte	0x35
 460 01b2 99000000 		.4byte	0x99
 461 01b6 69000000 		.4byte	.LLST3
 462 01ba 0E       		.uleb128 0xe
 463 01bb 627400   		.ascii	"bt\000"
 464 01be 01       		.byte	0x1
 465 01bf 35       		.byte	0x35
 466 01c0 99000000 		.4byte	0x99
 467 01c4 88000000 		.4byte	.LLST4
 468 01c8 0E       		.uleb128 0xe
 469 01c9 637400   		.ascii	"ct\000"
 470 01cc 01       		.byte	0x1
 471 01cd 35       		.byte	0x35
 472 01ce 99000000 		.4byte	0x99
 473 01d2 A7000000 		.4byte	.LLST5
 474 01d6 13       		.uleb128 0x13
 475 01d7 18000000 		.4byte	.Ldebug_ranges0+0x18
 476 01db 51020000 		.4byte	0x251
 477 01df 0E       		.uleb128 0xe
 478 01e0 6900     		.ascii	"i\000"
 479 01e2 01       		.byte	0x1
 480 01e3 36       		.byte	0x36
 481 01e4 68000000 		.4byte	0x68
 482 01e8 C6000000 		.4byte	.LLST6
 483 01ec 14       		.uleb128 0x14
 484 01ed 46000000 		.4byte	.LVL14
 485 01f1 02030000 		.4byte	0x302
 486 01f5 15       		.uleb128 0x15
 487 01f6 4C000000 		.4byte	.LVL15
 488 01fa 0D030000 		.4byte	0x30d
ARM GAS  C:\Users\jebush2\AppData\Local\Temp\ccrYIRYQ.s 			page 11


 489 01fe 08020000 		.4byte	0x208
 490 0202 16       		.uleb128 0x16
 491 0203 01       		.uleb128 0x1
 492 0204 50       		.byte	0x50
 493 0205 01       		.uleb128 0x1
 494 0206 30       		.byte	0x30
 495 0207 00       		.byte	0
 496 0208 15       		.uleb128 0x15
 497 0209 52000000 		.4byte	.LVL16
 498 020d 18030000 		.4byte	0x318
 499 0211 1B020000 		.4byte	0x21b
 500 0215 16       		.uleb128 0x16
 501 0216 01       		.uleb128 0x1
 502 0217 50       		.byte	0x50
 503 0218 01       		.uleb128 0x1
 504 0219 30       		.byte	0x30
 505 021a 00       		.byte	0
 506 021b 15       		.uleb128 0x15
 507 021c 5A000000 		.4byte	.LVL18
 508 0220 18030000 		.4byte	0x318
 509 0224 2E020000 		.4byte	0x22e
 510 0228 16       		.uleb128 0x16
 511 0229 01       		.uleb128 0x1
 512 022a 50       		.byte	0x50
 513 022b 01       		.uleb128 0x1
 514 022c 31       		.byte	0x31
 515 022d 00       		.byte	0
 516 022e 15       		.uleb128 0x15
 517 022f 62000000 		.4byte	.LVL20
 518 0233 18030000 		.4byte	0x318
 519 0237 41020000 		.4byte	0x241
 520 023b 16       		.uleb128 0x16
 521 023c 01       		.uleb128 0x1
 522 023d 50       		.byte	0x50
 523 023e 01       		.uleb128 0x1
 524 023f 32       		.byte	0x32
 525 0240 00       		.byte	0
 526 0241 17       		.uleb128 0x17
 527 0242 6A000000 		.4byte	.LVL22
 528 0246 23030000 		.4byte	0x323
 529 024a 16       		.uleb128 0x16
 530 024b 01       		.uleb128 0x1
 531 024c 50       		.byte	0x50
 532 024d 01       		.uleb128 0x1
 533 024e 3A       		.byte	0x3a
 534 024f 00       		.byte	0
 535 0250 00       		.byte	0
 536 0251 14       		.uleb128 0x14
 537 0252 2E000000 		.4byte	.LVL11
 538 0256 2E030000 		.4byte	0x32e
 539 025a 14       		.uleb128 0x14
 540 025b 38000000 		.4byte	.LVL12
 541 025f 39030000 		.4byte	0x339
 542 0263 15       		.uleb128 0x15
 543 0264 A2000000 		.4byte	.LVL27
 544 0268 09010000 		.4byte	0x109
 545 026c 77020000 		.4byte	0x277
ARM GAS  C:\Users\jebush2\AppData\Local\Temp\ccrYIRYQ.s 			page 12


 546 0270 16       		.uleb128 0x16
 547 0271 01       		.uleb128 0x1
 548 0272 50       		.byte	0x50
 549 0273 02       		.uleb128 0x2
 550 0274 91       		.byte	0x91
 551 0275 5C       		.sleb128 -36
 552 0276 00       		.byte	0
 553 0277 14       		.uleb128 0x14
 554 0278 A6000000 		.4byte	.LVL28
 555 027c 44030000 		.4byte	0x344
 556 0280 15       		.uleb128 0x15
 557 0281 C0000000 		.4byte	.LVL29
 558 0285 4F030000 		.4byte	0x34f
 559 0289 9E020000 		.4byte	0x29e
 560 028d 16       		.uleb128 0x16
 561 028e 01       		.uleb128 0x1
 562 028f 50       		.byte	0x50
 563 0290 03       		.uleb128 0x3
 564 0291 91       		.byte	0x91
 565 0292 B47F     		.sleb128 -76
 566 0294 16       		.uleb128 0x16
 567 0295 01       		.uleb128 0x1
 568 0296 51       		.byte	0x51
 569 0297 05       		.uleb128 0x5
 570 0298 03       		.byte	0x3
 571 0299 00000000 		.4byte	.LC0
 572 029d 00       		.byte	0
 573 029e 17       		.uleb128 0x17
 574 029f C6000000 		.4byte	.LVL30
 575 02a3 5A030000 		.4byte	0x35a
 576 02a7 16       		.uleb128 0x16
 577 02a8 01       		.uleb128 0x1
 578 02a9 50       		.byte	0x50
 579 02aa 03       		.uleb128 0x3
 580 02ab 91       		.byte	0x91
 581 02ac B47F     		.sleb128 -76
 582 02ae 00       		.byte	0
 583 02af 00       		.byte	0
 584 02b0 14       		.uleb128 0x14
 585 02b1 1A000000 		.4byte	.LVL7
 586 02b5 65030000 		.4byte	0x365
 587 02b9 14       		.uleb128 0x14
 588 02ba 1E000000 		.4byte	.LVL8
 589 02be 70030000 		.4byte	0x370
 590 02c2 14       		.uleb128 0x14
 591 02c3 22000000 		.4byte	.LVL9
 592 02c7 7C030000 		.4byte	0x37c
 593 02cb 17       		.uleb128 0x17
 594 02cc 2A000000 		.4byte	.LVL10
 595 02d0 87030000 		.4byte	0x387
 596 02d4 16       		.uleb128 0x16
 597 02d5 01       		.uleb128 0x1
 598 02d6 50       		.byte	0x50
 599 02d7 02       		.uleb128 0x2
 600 02d8 74       		.byte	0x74
 601 02d9 00       		.sleb128 0
 602 02da 16       		.uleb128 0x16
ARM GAS  C:\Users\jebush2\AppData\Local\Temp\ccrYIRYQ.s 			page 13


 603 02db 01       		.uleb128 0x1
 604 02dc 51       		.byte	0x51
 605 02dd 01       		.uleb128 0x1
 606 02de 31       		.byte	0x31
 607 02df 00       		.byte	0
 608 02e0 00       		.byte	0
 609 02e1 08       		.uleb128 0x8
 610 02e2 B3000000 		.4byte	0xb3
 611 02e6 F1020000 		.4byte	0x2f1
 612 02ea 09       		.uleb128 0x9
 613 02eb C1000000 		.4byte	0xc1
 614 02ef 27       		.byte	0x27
 615 02f0 00       		.byte	0
 616 02f1 18       		.uleb128 0x18
 617 02f2 3E010000 		.4byte	.LASF43
 618 02f6 0B       		.byte	0xb
 619 02f7 1207     		.2byte	0x712
 620 02f9 FD020000 		.4byte	0x2fd
 621 02fd 19       		.uleb128 0x19
 622 02fe 76000000 		.4byte	0x76
 623 0302 1A       		.uleb128 0x1a
 624 0303 73000000 		.4byte	.LASF24
 625 0307 73000000 		.4byte	.LASF24
 626 030b 05       		.byte	0x5
 627 030c A1       		.byte	0xa1
 628 030d 1A       		.uleb128 0x1a
 629 030e FD010000 		.4byte	.LASF25
 630 0312 FD010000 		.4byte	.LASF25
 631 0316 05       		.byte	0x5
 632 0317 34       		.byte	0x34
 633 0318 1A       		.uleb128 0x1a
 634 0319 95020000 		.4byte	.LASF26
 635 031d 95020000 		.4byte	.LASF26
 636 0321 05       		.byte	0x5
 637 0322 35       		.byte	0x35
 638 0323 1A       		.uleb128 0x1a
 639 0324 B2020000 		.4byte	.LASF27
 640 0328 B2020000 		.4byte	.LASF27
 641 032c 06       		.byte	0x6
 642 032d 76       		.byte	0x76
 643 032e 1A       		.uleb128 0x1a
 644 032f 35010000 		.4byte	.LASF28
 645 0333 35010000 		.4byte	.LASF28
 646 0337 07       		.byte	0x7
 647 0338 29       		.byte	0x29
 648 0339 1A       		.uleb128 0x1a
 649 033a 0A000000 		.4byte	.LASF29
 650 033e 0A000000 		.4byte	.LASF29
 651 0342 07       		.byte	0x7
 652 0343 26       		.byte	0x26
 653 0344 1A       		.uleb128 0x1a
 654 0345 4C000000 		.4byte	.LASF30
 655 0349 4C000000 		.4byte	.LASF30
 656 034d 08       		.byte	0x8
 657 034e 28       		.byte	0x28
 658 034f 1A       		.uleb128 0x1a
 659 0350 AA020000 		.4byte	.LASF31
ARM GAS  C:\Users\jebush2\AppData\Local\Temp\ccrYIRYQ.s 			page 14


 660 0354 AA020000 		.4byte	.LASF31
 661 0358 09       		.byte	0x9
 662 0359 E7       		.byte	0xe7
 663 035a 1A       		.uleb128 0x1a
 664 035b 3A000000 		.4byte	.LASF32
 665 035f 3A000000 		.4byte	.LASF32
 666 0363 08       		.byte	0x8
 667 0364 24       		.byte	0x24
 668 0365 1A       		.uleb128 0x1a
 669 0366 86020000 		.4byte	.LASF33
 670 036a 86020000 		.4byte	.LASF33
 671 036e 05       		.byte	0x5
 672 036f 31       		.byte	0x31
 673 0370 1B       		.uleb128 0x1b
 674 0371 1E020000 		.4byte	.LASF34
 675 0375 1E020000 		.4byte	.LASF34
 676 0379 0A       		.byte	0xa
 677 037a 2B01     		.2byte	0x12b
 678 037c 1A       		.uleb128 0x1a
 679 037d D5010000 		.4byte	.LASF35
 680 0381 D5010000 		.4byte	.LASF35
 681 0385 08       		.byte	0x8
 682 0386 22       		.byte	0x22
 683 0387 1B       		.uleb128 0x1b
 684 0388 79010000 		.4byte	.LASF36
 685 038c 79010000 		.4byte	.LASF36
 686 0390 0A       		.byte	0xa
 687 0391 2A01     		.2byte	0x12a
 688 0393 00       		.byte	0
 689              		.section	.debug_abbrev,"",%progbits
 690              	.Ldebug_abbrev0:
 691 0000 01       		.uleb128 0x1
 692 0001 11       		.uleb128 0x11
 693 0002 01       		.byte	0x1
 694 0003 25       		.uleb128 0x25
 695 0004 0E       		.uleb128 0xe
 696 0005 13       		.uleb128 0x13
 697 0006 0B       		.uleb128 0xb
 698 0007 03       		.uleb128 0x3
 699 0008 0E       		.uleb128 0xe
 700 0009 1B       		.uleb128 0x1b
 701 000a 0E       		.uleb128 0xe
 702 000b 55       		.uleb128 0x55
 703 000c 17       		.uleb128 0x17
 704 000d 11       		.uleb128 0x11
 705 000e 01       		.uleb128 0x1
 706 000f 10       		.uleb128 0x10
 707 0010 17       		.uleb128 0x17
 708 0011 00       		.byte	0
 709 0012 00       		.byte	0
 710 0013 02       		.uleb128 0x2
 711 0014 24       		.uleb128 0x24
 712 0015 00       		.byte	0
 713 0016 0B       		.uleb128 0xb
 714 0017 0B       		.uleb128 0xb
 715 0018 3E       		.uleb128 0x3e
 716 0019 0B       		.uleb128 0xb
ARM GAS  C:\Users\jebush2\AppData\Local\Temp\ccrYIRYQ.s 			page 15


 717 001a 03       		.uleb128 0x3
 718 001b 0E       		.uleb128 0xe
 719 001c 00       		.byte	0
 720 001d 00       		.byte	0
 721 001e 03       		.uleb128 0x3
 722 001f 16       		.uleb128 0x16
 723 0020 00       		.byte	0
 724 0021 03       		.uleb128 0x3
 725 0022 0E       		.uleb128 0xe
 726 0023 3A       		.uleb128 0x3a
 727 0024 0B       		.uleb128 0xb
 728 0025 3B       		.uleb128 0x3b
 729 0026 0B       		.uleb128 0xb
 730 0027 49       		.uleb128 0x49
 731 0028 13       		.uleb128 0x13
 732 0029 00       		.byte	0
 733 002a 00       		.byte	0
 734 002b 04       		.uleb128 0x4
 735 002c 24       		.uleb128 0x24
 736 002d 00       		.byte	0
 737 002e 0B       		.uleb128 0xb
 738 002f 0B       		.uleb128 0xb
 739 0030 3E       		.uleb128 0x3e
 740 0031 0B       		.uleb128 0xb
 741 0032 03       		.uleb128 0x3
 742 0033 08       		.uleb128 0x8
 743 0034 00       		.byte	0
 744 0035 00       		.byte	0
 745 0036 05       		.uleb128 0x5
 746 0037 16       		.uleb128 0x16
 747 0038 00       		.byte	0
 748 0039 03       		.uleb128 0x3
 749 003a 0E       		.uleb128 0xe
 750 003b 3A       		.uleb128 0x3a
 751 003c 0B       		.uleb128 0xb
 752 003d 3B       		.uleb128 0x3b
 753 003e 05       		.uleb128 0x5
 754 003f 49       		.uleb128 0x49
 755 0040 13       		.uleb128 0x13
 756 0041 00       		.byte	0
 757 0042 00       		.byte	0
 758 0043 06       		.uleb128 0x6
 759 0044 13       		.uleb128 0x13
 760 0045 01       		.byte	0x1
 761 0046 03       		.uleb128 0x3
 762 0047 0E       		.uleb128 0xe
 763 0048 0B       		.uleb128 0xb
 764 0049 0B       		.uleb128 0xb
 765 004a 3A       		.uleb128 0x3a
 766 004b 0B       		.uleb128 0xb
 767 004c 3B       		.uleb128 0x3b
 768 004d 0B       		.uleb128 0xb
 769 004e 01       		.uleb128 0x1
 770 004f 13       		.uleb128 0x13
 771 0050 00       		.byte	0
 772 0051 00       		.byte	0
 773 0052 07       		.uleb128 0x7
ARM GAS  C:\Users\jebush2\AppData\Local\Temp\ccrYIRYQ.s 			page 16


 774 0053 0D       		.uleb128 0xd
 775 0054 00       		.byte	0
 776 0055 03       		.uleb128 0x3
 777 0056 0E       		.uleb128 0xe
 778 0057 3A       		.uleb128 0x3a
 779 0058 0B       		.uleb128 0xb
 780 0059 3B       		.uleb128 0x3b
 781 005a 0B       		.uleb128 0xb
 782 005b 49       		.uleb128 0x49
 783 005c 13       		.uleb128 0x13
 784 005d 38       		.uleb128 0x38
 785 005e 0B       		.uleb128 0xb
 786 005f 00       		.byte	0
 787 0060 00       		.byte	0
 788 0061 08       		.uleb128 0x8
 789 0062 01       		.uleb128 0x1
 790 0063 01       		.byte	0x1
 791 0064 49       		.uleb128 0x49
 792 0065 13       		.uleb128 0x13
 793 0066 01       		.uleb128 0x1
 794 0067 13       		.uleb128 0x13
 795 0068 00       		.byte	0
 796 0069 00       		.byte	0
 797 006a 09       		.uleb128 0x9
 798 006b 21       		.uleb128 0x21
 799 006c 00       		.byte	0
 800 006d 49       		.uleb128 0x49
 801 006e 13       		.uleb128 0x13
 802 006f 2F       		.uleb128 0x2f
 803 0070 0B       		.uleb128 0xb
 804 0071 00       		.byte	0
 805 0072 00       		.byte	0
 806 0073 0A       		.uleb128 0xa
 807 0074 2E       		.uleb128 0x2e
 808 0075 01       		.byte	0x1
 809 0076 3F       		.uleb128 0x3f
 810 0077 19       		.uleb128 0x19
 811 0078 03       		.uleb128 0x3
 812 0079 0E       		.uleb128 0xe
 813 007a 3A       		.uleb128 0x3a
 814 007b 0B       		.uleb128 0xb
 815 007c 3B       		.uleb128 0x3b
 816 007d 0B       		.uleb128 0xb
 817 007e 27       		.uleb128 0x27
 818 007f 19       		.uleb128 0x19
 819 0080 11       		.uleb128 0x11
 820 0081 01       		.uleb128 0x1
 821 0082 12       		.uleb128 0x12
 822 0083 06       		.uleb128 0x6
 823 0084 40       		.uleb128 0x40
 824 0085 18       		.uleb128 0x18
 825 0086 9742     		.uleb128 0x2117
 826 0088 19       		.uleb128 0x19
 827 0089 01       		.uleb128 0x1
 828 008a 13       		.uleb128 0x13
 829 008b 00       		.byte	0
 830 008c 00       		.byte	0
ARM GAS  C:\Users\jebush2\AppData\Local\Temp\ccrYIRYQ.s 			page 17


 831 008d 0B       		.uleb128 0xb
 832 008e 05       		.uleb128 0x5
 833 008f 00       		.byte	0
 834 0090 03       		.uleb128 0x3
 835 0091 08       		.uleb128 0x8
 836 0092 3A       		.uleb128 0x3a
 837 0093 0B       		.uleb128 0xb
 838 0094 3B       		.uleb128 0x3b
 839 0095 0B       		.uleb128 0xb
 840 0096 49       		.uleb128 0x49
 841 0097 13       		.uleb128 0x13
 842 0098 02       		.uleb128 0x2
 843 0099 18       		.uleb128 0x18
 844 009a 00       		.byte	0
 845 009b 00       		.byte	0
 846 009c 0C       		.uleb128 0xc
 847 009d 34       		.uleb128 0x34
 848 009e 00       		.byte	0
 849 009f 03       		.uleb128 0x3
 850 00a0 0E       		.uleb128 0xe
 851 00a1 3A       		.uleb128 0x3a
 852 00a2 0B       		.uleb128 0xb
 853 00a3 3B       		.uleb128 0x3b
 854 00a4 0B       		.uleb128 0xb
 855 00a5 49       		.uleb128 0x49
 856 00a6 13       		.uleb128 0x13
 857 00a7 02       		.uleb128 0x2
 858 00a8 17       		.uleb128 0x17
 859 00a9 00       		.byte	0
 860 00aa 00       		.byte	0
 861 00ab 0D       		.uleb128 0xd
 862 00ac 0B       		.uleb128 0xb
 863 00ad 01       		.byte	0x1
 864 00ae 55       		.uleb128 0x55
 865 00af 17       		.uleb128 0x17
 866 00b0 00       		.byte	0
 867 00b1 00       		.byte	0
 868 00b2 0E       		.uleb128 0xe
 869 00b3 34       		.uleb128 0x34
 870 00b4 00       		.byte	0
 871 00b5 03       		.uleb128 0x3
 872 00b6 08       		.uleb128 0x8
 873 00b7 3A       		.uleb128 0x3a
 874 00b8 0B       		.uleb128 0xb
 875 00b9 3B       		.uleb128 0x3b
 876 00ba 0B       		.uleb128 0xb
 877 00bb 49       		.uleb128 0x49
 878 00bc 13       		.uleb128 0x13
 879 00bd 02       		.uleb128 0x2
 880 00be 17       		.uleb128 0x17
 881 00bf 00       		.byte	0
 882 00c0 00       		.byte	0
 883 00c1 0F       		.uleb128 0xf
 884 00c2 0F       		.uleb128 0xf
 885 00c3 00       		.byte	0
 886 00c4 0B       		.uleb128 0xb
 887 00c5 0B       		.uleb128 0xb
ARM GAS  C:\Users\jebush2\AppData\Local\Temp\ccrYIRYQ.s 			page 18


 888 00c6 49       		.uleb128 0x49
 889 00c7 13       		.uleb128 0x13
 890 00c8 00       		.byte	0
 891 00c9 00       		.byte	0
 892 00ca 10       		.uleb128 0x10
 893 00cb 2E       		.uleb128 0x2e
 894 00cc 01       		.byte	0x1
 895 00cd 3F       		.uleb128 0x3f
 896 00ce 19       		.uleb128 0x19
 897 00cf 03       		.uleb128 0x3
 898 00d0 0E       		.uleb128 0xe
 899 00d1 3A       		.uleb128 0x3a
 900 00d2 0B       		.uleb128 0xb
 901 00d3 3B       		.uleb128 0x3b
 902 00d4 0B       		.uleb128 0xb
 903 00d5 27       		.uleb128 0x27
 904 00d6 19       		.uleb128 0x19
 905 00d7 49       		.uleb128 0x49
 906 00d8 13       		.uleb128 0x13
 907 00d9 8701     		.uleb128 0x87
 908 00db 19       		.uleb128 0x19
 909 00dc 11       		.uleb128 0x11
 910 00dd 01       		.uleb128 0x1
 911 00de 12       		.uleb128 0x12
 912 00df 06       		.uleb128 0x6
 913 00e0 40       		.uleb128 0x40
 914 00e1 18       		.uleb128 0x18
 915 00e2 9742     		.uleb128 0x2117
 916 00e4 19       		.uleb128 0x19
 917 00e5 01       		.uleb128 0x1
 918 00e6 13       		.uleb128 0x13
 919 00e7 00       		.byte	0
 920 00e8 00       		.byte	0
 921 00e9 11       		.uleb128 0x11
 922 00ea 34       		.uleb128 0x34
 923 00eb 00       		.byte	0
 924 00ec 03       		.uleb128 0x3
 925 00ed 0E       		.uleb128 0xe
 926 00ee 3A       		.uleb128 0x3a
 927 00ef 0B       		.uleb128 0xb
 928 00f0 3B       		.uleb128 0x3b
 929 00f1 0B       		.uleb128 0xb
 930 00f2 49       		.uleb128 0x49
 931 00f3 13       		.uleb128 0x13
 932 00f4 02       		.uleb128 0x2
 933 00f5 18       		.uleb128 0x18
 934 00f6 00       		.byte	0
 935 00f7 00       		.byte	0
 936 00f8 12       		.uleb128 0x12
 937 00f9 0B       		.uleb128 0xb
 938 00fa 01       		.byte	0x1
 939 00fb 11       		.uleb128 0x11
 940 00fc 01       		.uleb128 0x1
 941 00fd 12       		.uleb128 0x12
 942 00fe 06       		.uleb128 0x6
 943 00ff 01       		.uleb128 0x1
 944 0100 13       		.uleb128 0x13
ARM GAS  C:\Users\jebush2\AppData\Local\Temp\ccrYIRYQ.s 			page 19


 945 0101 00       		.byte	0
 946 0102 00       		.byte	0
 947 0103 13       		.uleb128 0x13
 948 0104 0B       		.uleb128 0xb
 949 0105 01       		.byte	0x1
 950 0106 55       		.uleb128 0x55
 951 0107 17       		.uleb128 0x17
 952 0108 01       		.uleb128 0x1
 953 0109 13       		.uleb128 0x13
 954 010a 00       		.byte	0
 955 010b 00       		.byte	0
 956 010c 14       		.uleb128 0x14
 957 010d 898201   		.uleb128 0x4109
 958 0110 00       		.byte	0
 959 0111 11       		.uleb128 0x11
 960 0112 01       		.uleb128 0x1
 961 0113 31       		.uleb128 0x31
 962 0114 13       		.uleb128 0x13
 963 0115 00       		.byte	0
 964 0116 00       		.byte	0
 965 0117 15       		.uleb128 0x15
 966 0118 898201   		.uleb128 0x4109
 967 011b 01       		.byte	0x1
 968 011c 11       		.uleb128 0x11
 969 011d 01       		.uleb128 0x1
 970 011e 31       		.uleb128 0x31
 971 011f 13       		.uleb128 0x13
 972 0120 01       		.uleb128 0x1
 973 0121 13       		.uleb128 0x13
 974 0122 00       		.byte	0
 975 0123 00       		.byte	0
 976 0124 16       		.uleb128 0x16
 977 0125 8A8201   		.uleb128 0x410a
 978 0128 00       		.byte	0
 979 0129 02       		.uleb128 0x2
 980 012a 18       		.uleb128 0x18
 981 012b 9142     		.uleb128 0x2111
 982 012d 18       		.uleb128 0x18
 983 012e 00       		.byte	0
 984 012f 00       		.byte	0
 985 0130 17       		.uleb128 0x17
 986 0131 898201   		.uleb128 0x4109
 987 0134 01       		.byte	0x1
 988 0135 11       		.uleb128 0x11
 989 0136 01       		.uleb128 0x1
 990 0137 31       		.uleb128 0x31
 991 0138 13       		.uleb128 0x13
 992 0139 00       		.byte	0
 993 013a 00       		.byte	0
 994 013b 18       		.uleb128 0x18
 995 013c 34       		.uleb128 0x34
 996 013d 00       		.byte	0
 997 013e 03       		.uleb128 0x3
 998 013f 0E       		.uleb128 0xe
 999 0140 3A       		.uleb128 0x3a
 1000 0141 0B       		.uleb128 0xb
 1001 0142 3B       		.uleb128 0x3b
ARM GAS  C:\Users\jebush2\AppData\Local\Temp\ccrYIRYQ.s 			page 20


 1002 0143 05       		.uleb128 0x5
 1003 0144 49       		.uleb128 0x49
 1004 0145 13       		.uleb128 0x13
 1005 0146 3F       		.uleb128 0x3f
 1006 0147 19       		.uleb128 0x19
 1007 0148 3C       		.uleb128 0x3c
 1008 0149 19       		.uleb128 0x19
 1009 014a 00       		.byte	0
 1010 014b 00       		.byte	0
 1011 014c 19       		.uleb128 0x19
 1012 014d 35       		.uleb128 0x35
 1013 014e 00       		.byte	0
 1014 014f 49       		.uleb128 0x49
 1015 0150 13       		.uleb128 0x13
 1016 0151 00       		.byte	0
 1017 0152 00       		.byte	0
 1018 0153 1A       		.uleb128 0x1a
 1019 0154 2E       		.uleb128 0x2e
 1020 0155 00       		.byte	0
 1021 0156 3F       		.uleb128 0x3f
 1022 0157 19       		.uleb128 0x19
 1023 0158 3C       		.uleb128 0x3c
 1024 0159 19       		.uleb128 0x19
 1025 015a 6E       		.uleb128 0x6e
 1026 015b 0E       		.uleb128 0xe
 1027 015c 03       		.uleb128 0x3
 1028 015d 0E       		.uleb128 0xe
 1029 015e 3A       		.uleb128 0x3a
 1030 015f 0B       		.uleb128 0xb
 1031 0160 3B       		.uleb128 0x3b
 1032 0161 0B       		.uleb128 0xb
 1033 0162 00       		.byte	0
 1034 0163 00       		.byte	0
 1035 0164 1B       		.uleb128 0x1b
 1036 0165 2E       		.uleb128 0x2e
 1037 0166 00       		.byte	0
 1038 0167 3F       		.uleb128 0x3f
 1039 0168 19       		.uleb128 0x19
 1040 0169 3C       		.uleb128 0x3c
 1041 016a 19       		.uleb128 0x19
 1042 016b 6E       		.uleb128 0x6e
 1043 016c 0E       		.uleb128 0xe
 1044 016d 03       		.uleb128 0x3
 1045 016e 0E       		.uleb128 0xe
 1046 016f 3A       		.uleb128 0x3a
 1047 0170 0B       		.uleb128 0xb
 1048 0171 3B       		.uleb128 0x3b
 1049 0172 05       		.uleb128 0x5
 1050 0173 00       		.byte	0
 1051 0174 00       		.byte	0
 1052 0175 00       		.byte	0
 1053              		.section	.debug_loc,"",%progbits
 1054              	.Ldebug_loc0:
 1055              	.LLST0:
 1056 0000 04000000 		.4byte	.LVL1
 1057 0004 1A000000 		.4byte	.LVL6
 1058 0008 0100     		.2byte	0x1
ARM GAS  C:\Users\jebush2\AppData\Local\Temp\ccrYIRYQ.s 			page 21


 1059 000a 54       		.byte	0x54
 1060 000b 1A000000 		.4byte	.LVL6
 1061 000f 1C000000 		.4byte	.LFE64
 1062 0013 0300     		.2byte	0x3
 1063 0015 70       		.byte	0x70
 1064 0016 02       		.sleb128 2
 1065 0017 9F       		.byte	0x9f
 1066 0018 00000000 		.4byte	0
 1067 001c 00000000 		.4byte	0
 1068              	.LLST1:
 1069 0020 04000000 		.4byte	.LVL1
 1070 0024 0A000000 		.4byte	.LVL2
 1071 0028 0200     		.2byte	0x2
 1072 002a 30       		.byte	0x30
 1073 002b 9F       		.byte	0x9f
 1074 002c 0A000000 		.4byte	.LVL2
 1075 0030 0E000000 		.4byte	.LVL3
 1076 0034 0100     		.2byte	0x1
 1077 0036 52       		.byte	0x52
 1078 0037 10000000 		.4byte	.LVL4
 1079 003b 1C000000 		.4byte	.LFE64
 1080 003f 0100     		.2byte	0x1
 1081 0041 52       		.byte	0x52
 1082 0042 00000000 		.4byte	0
 1083 0046 00000000 		.4byte	0
 1084              	.LLST2:
 1085 004a 04000000 		.4byte	.LVL1
 1086 004e 0A000000 		.4byte	.LVL2
 1087 0052 0200     		.2byte	0x2
 1088 0054 30       		.byte	0x30
 1089 0055 9F       		.byte	0x9f
 1090 0056 0A000000 		.4byte	.LVL2
 1091 005a 1C000000 		.4byte	.LFE64
 1092 005e 0100     		.2byte	0x1
 1093 0060 53       		.byte	0x53
 1094 0061 00000000 		.4byte	0
 1095 0065 00000000 		.4byte	0
 1096              	.LLST3:
 1097 0069 38000000 		.4byte	.LVL12
 1098 006d 42000000 		.4byte	.LVL13
 1099 0071 0200     		.2byte	0x2
 1100 0073 30       		.byte	0x30
 1101 0074 9F       		.byte	0x9f
 1102 0075 42000000 		.4byte	.LVL13
 1103 0079 78000000 		.4byte	.LVL24
 1104 007d 0100     		.2byte	0x1
 1105 007f 57       		.byte	0x57
 1106 0080 00000000 		.4byte	0
 1107 0084 00000000 		.4byte	0
 1108              	.LLST4:
 1109 0088 38000000 		.4byte	.LVL12
 1110 008c 42000000 		.4byte	.LVL13
 1111 0090 0200     		.2byte	0x2
 1112 0092 30       		.byte	0x30
 1113 0093 9F       		.byte	0x9f
 1114 0094 42000000 		.4byte	.LVL13
 1115 0098 86000000 		.4byte	.LVL25
ARM GAS  C:\Users\jebush2\AppData\Local\Temp\ccrYIRYQ.s 			page 22


 1116 009c 0100     		.2byte	0x1
 1117 009e 56       		.byte	0x56
 1118 009f 00000000 		.4byte	0
 1119 00a3 00000000 		.4byte	0
 1120              	.LLST5:
 1121 00a7 38000000 		.4byte	.LVL12
 1122 00ab 42000000 		.4byte	.LVL13
 1123 00af 0200     		.2byte	0x2
 1124 00b1 30       		.byte	0x30
 1125 00b2 9F       		.byte	0x9f
 1126 00b3 42000000 		.4byte	.LVL13
 1127 00b7 94000000 		.4byte	.LVL26
 1128 00bb 0100     		.2byte	0x1
 1129 00bd 55       		.byte	0x55
 1130 00be 00000000 		.4byte	0
 1131 00c2 00000000 		.4byte	0
 1132              	.LLST6:
 1133 00c6 38000000 		.4byte	.LVL12
 1134 00ca 42000000 		.4byte	.LVL13
 1135 00ce 0200     		.2byte	0x2
 1136 00d0 30       		.byte	0x30
 1137 00d1 9F       		.byte	0x9f
 1138 00d2 42000000 		.4byte	.LVL13
 1139 00d6 D0000000 		.4byte	.LFE65
 1140 00da 0100     		.2byte	0x1
 1141 00dc 54       		.byte	0x54
 1142 00dd 00000000 		.4byte	0
 1143 00e1 00000000 		.4byte	0
 1144              		.section	.debug_aranges,"",%progbits
 1145 0000 24000000 		.4byte	0x24
 1146 0004 0200     		.2byte	0x2
 1147 0006 00000000 		.4byte	.Ldebug_info0
 1148 000a 04       		.byte	0x4
 1149 000b 00       		.byte	0
 1150 000c 0000     		.2byte	0
 1151 000e 0000     		.2byte	0
 1152 0010 00000000 		.4byte	.LFB64
 1153 0014 1C000000 		.4byte	.LFE64-.LFB64
 1154 0018 00000000 		.4byte	.LFB65
 1155 001c D0000000 		.4byte	.LFE65-.LFB65
 1156 0020 00000000 		.4byte	0
 1157 0024 00000000 		.4byte	0
 1158              		.section	.debug_ranges,"",%progbits
 1159              	.Ldebug_ranges0:
 1160 0000 04000000 		.4byte	.LBB2
 1161 0004 06000000 		.4byte	.LBE2
 1162 0008 08000000 		.4byte	.LBB3
 1163 000c 16000000 		.4byte	.LBE3
 1164 0010 00000000 		.4byte	0
 1165 0014 00000000 		.4byte	0
 1166 0018 38000000 		.4byte	.LBB5
 1167 001c 3A000000 		.4byte	.LBE5
 1168 0020 40000000 		.4byte	.LBB6
 1169 0024 70000000 		.4byte	.LBE6
 1170 0028 00000000 		.4byte	0
 1171 002c 00000000 		.4byte	0
 1172 0030 00000000 		.4byte	.LFB64
ARM GAS  C:\Users\jebush2\AppData\Local\Temp\ccrYIRYQ.s 			page 23


 1173 0034 1C000000 		.4byte	.LFE64
 1174 0038 00000000 		.4byte	.LFB65
 1175 003c D0000000 		.4byte	.LFE65
 1176 0040 00000000 		.4byte	0
 1177 0044 00000000 		.4byte	0
 1178              		.section	.debug_line,"",%progbits
 1179              	.Ldebug_line0:
 1180 0000 77020000 		.section	.debug_str,"MS",%progbits,1
 1180      0200FF01 
 1180      00000201 
 1180      FB0E0D00 
 1180      01010101 
 1181              	.LASF19:
 1182 0000 73746172 		.ascii	"startbyte\000"
 1182      74627974 
 1182      6500
 1183              	.LASF29:
 1184 000a 4C45445F 		.ascii	"LED_Write\000"
 1184      57726974 
 1184      6500
 1185              	.LASF9:
 1186 0014 5F5F696E 		.ascii	"__int32_t\000"
 1186      7433325F 
 1186      7400
 1187              	.LASF4:
 1188 001e 6C6F6E67 		.ascii	"long int\000"
 1188      20696E74 
 1188      00
 1189              	.LASF3:
 1190 0027 73686F72 		.ascii	"short unsigned int\000"
 1190      7420756E 
 1190      7369676E 
 1190      65642069 
 1190      6E7400
 1191              	.LASF32:
 1192 003a 55534255 		.ascii	"USBUART_PutString\000"
 1192      4152545F 
 1192      50757453 
 1192      7472696E 
 1192      6700
 1193              	.LASF30:
 1194 004c 55534255 		.ascii	"USBUART_CDCIsReady\000"
 1194      4152545F 
 1194      43444349 
 1194      73526561 
 1194      647900
 1195              	.LASF14:
 1196 005f 666C6F61 		.ascii	"float\000"
 1196      7400
 1197              	.LASF22:
 1198 0065 64617461 		.ascii	"data\000"
 1198      00
 1199              	.LASF21:
 1200 006a 63686563 		.ascii	"checksum\000"
 1200      6B73756D 
 1200      00
 1201              	.LASF24:
ARM GAS  C:\Users\jebush2\AppData\Local\Temp\ccrYIRYQ.s 			page 24


 1202 0073 53656174 		.ascii	"Seat_ADC_StartConvert\000"
 1202      5F414443 
 1202      5F537461 
 1202      7274436F 
 1202      6E766572 
 1203              	.LASF37:
 1204 0089 474E5520 		.ascii	"GNU C11 5.4.1 20160609 (release) [ARM/embedded-5-br"
 1204      43313120 
 1204      352E342E 
 1204      31203230 
 1204      31363036 
 1205 00bc 616E6368 		.ascii	"anch revision 237715] -mcpu=cortex-m3 -mthumb -g -O"
 1205      20726576 
 1205      6973696F 
 1205      6E203233 
 1205      37373135 
 1206 00ef 67202D66 		.ascii	"g -ffunction-sections -ffat-lto-objects\000"
 1206      66756E63 
 1206      74696F6E 
 1206      2D736563 
 1206      74696F6E 
 1207              	.LASF12:
 1208 0117 696E7431 		.ascii	"int16\000"
 1208      3600
 1209              	.LASF5:
 1210 011d 6C6F6E67 		.ascii	"long unsigned int\000"
 1210      20756E73 
 1210      69676E65 
 1210      6420696E 
 1210      7400
 1211              	.LASF13:
 1212 012f 696E7433 		.ascii	"int32\000"
 1212      3200
 1213              	.LASF28:
 1214 0135 4C45445F 		.ascii	"LED_Read\000"
 1214      52656164 
 1214      00
 1215              	.LASF43:
 1216 013e 49544D5F 		.ascii	"ITM_RxBuffer\000"
 1216      52784275 
 1216      66666572 
 1216      00
 1217              	.LASF1:
 1218 014b 756E7369 		.ascii	"unsigned char\000"
 1218      676E6564 
 1218      20636861 
 1218      7200
 1219              	.LASF41:
 1220 0159 7365745F 		.ascii	"set_checksum\000"
 1220      63686563 
 1220      6B73756D 
 1220      00
 1221              	.LASF15:
 1222 0166 646F7562 		.ascii	"double\000"
 1222      6C6500
 1223              	.LASF42:
 1224 016d 6D61696E 		.ascii	"main\000"
ARM GAS  C:\Users\jebush2\AppData\Local\Temp\ccrYIRYQ.s 			page 25


 1224      00
 1225              	.LASF40:
 1226 0172 7061636B 		.ascii	"packet\000"
 1226      657400
 1227              	.LASF36:
 1228 0179 55534255 		.ascii	"USBUART_Start\000"
 1228      4152545F 
 1228      53746172 
 1228      7400
 1229              	.LASF8:
 1230 0187 756E7369 		.ascii	"unsigned int\000"
 1230      676E6564 
 1230      20696E74 
 1230      00
 1231              	.LASF39:
 1232 0194 433A5C55 		.ascii	"C:\\Users\\jebush2\\Desktop\\PSoC 3-19-2019\\PSoC P"
 1232      73657273 
 1232      5C6A6562 
 1232      75736832 
 1232      5C446573 
 1233 01c2 726F6A65 		.ascii	"rojects\\Seat.cydsn\000"
 1233      6374735C 
 1233      53656174 
 1233      2E637964 
 1233      736E00
 1234              	.LASF35:
 1235 01d5 55534255 		.ascii	"USBUART_CDC_Init\000"
 1235      4152545F 
 1235      4344435F 
 1235      496E6974 
 1235      00
 1236              	.LASF7:
 1237 01e6 6C6F6E67 		.ascii	"long long unsigned int\000"
 1237      206C6F6E 
 1237      6720756E 
 1237      7369676E 
 1237      65642069 
 1238              	.LASF25:
 1239 01fd 53656174 		.ascii	"Seat_ADC_IsEndConversion\000"
 1239      5F414443 
 1239      5F497345 
 1239      6E64436F 
 1239      6E766572 
 1240              	.LASF10:
 1241 0216 696E7433 		.ascii	"int32_t\000"
 1241      325F7400 
 1242              	.LASF34:
 1243 021e 55534255 		.ascii	"USBUART_Init\000"
 1243      4152545F 
 1243      496E6974 
 1243      00
 1244              	.LASF6:
 1245 022b 6C6F6E67 		.ascii	"long long int\000"
 1245      206C6F6E 
 1245      6720696E 
 1245      7400
 1246              	.LASF18:
ARM GAS  C:\Users\jebush2\AppData\Local\Temp\ccrYIRYQ.s 			page 26


 1247 0239 73697A65 		.ascii	"sizetype\000"
 1247      74797065 
 1247      00
 1248              	.LASF38:
 1249 0242 6D61696E 		.ascii	"main.c\000"
 1249      2E6300
 1250              	.LASF16:
 1251 0249 63686172 		.ascii	"char\000"
 1251      00
 1252              	.LASF2:
 1253 024e 73686F72 		.ascii	"short int\000"
 1253      7420696E 
 1253      7400
 1254              	.LASF23:
 1255 0258 6F757470 		.ascii	"output\000"
 1255      757400
 1256              	.LASF11:
 1257 025f 75696E74 		.ascii	"uint8\000"
 1257      3800
 1258              	.LASF20:
 1259 0265 6368616E 		.ascii	"channels\000"
 1259      6E656C73 
 1259      00
 1260              	.LASF17:
 1261 026e 6C6F6E67 		.ascii	"long double\000"
 1261      20646F75 
 1261      626C6500 
 1262              	.LASF0:
 1263 027a 7369676E 		.ascii	"signed char\000"
 1263      65642063 
 1263      68617200 
 1264              	.LASF33:
 1265 0286 53656174 		.ascii	"Seat_ADC_Start\000"
 1265      5F414443 
 1265      5F537461 
 1265      727400
 1266              	.LASF26:
 1267 0295 53656174 		.ascii	"Seat_ADC_GetResult16\000"
 1267      5F414443 
 1267      5F476574 
 1267      52657375 
 1267      6C743136 
 1268              	.LASF31:
 1269 02aa 73707269 		.ascii	"sprintf\000"
 1269      6E746600 
 1270              	.LASF27:
 1271 02b2 43794465 		.ascii	"CyDelay\000"
 1271      6C617900 
 1272              		.ident	"GCC: (GNU Tools for ARM Embedded Processors) 5.4.1 20160609 (release) [ARM/embedded-5-bran
