--------------- Build Started: 04/24/2019 10:39:25 Project: IMU, Configuration: ARM GCC 5.4-2016-q2-update Debug ---------------
cydsfit.exe -.appdatapath "C:\Users\jebush2\AppData\Local\Cypress Semiconductor\PSoC Creator\4.2" -.fdsnotice -.fdswarpdepfile=warp_dependencies.txt -.fdselabdepfile=elab_dependencies.txt -.fdsbldfile=generated_files.txt -.fdsreffile=referenced_files.txt -p "C:\Users\jebush2\Desktop\PSoC 3-19-2019\Smart Bike PSoC\IMU.cydsn\IMU.cyprj" -d CY8C5888LTI-LP097 -s "C:\Users\jebush2\Desktop\PSoC 3-19-2019\Smart Bike PSoC\IMU.cydsn\Generated_Source\PSoC5" -- -yv2 -q10 -ygs -o2 -v3 -.fftcfgtype=LE
Elaborating Design...
ADD: sdb.M0065: information: Analog terminal "vdac_ref" on ADC_SAR_SEQ_v2_10 is unconnected.
 * C:\Program Files (x86)\Cypress\PSoC Creator\4.2\PSoC Creator\psoc\content\CyComponentLibrary\CyComponentLibrary.cylib\ADC_SAR_SEQ_v2_10\PSoC5\ADC_SAR_SEQ_v2_10.cysch (Signal: vdac_ref)
 * C:\Program Files (x86)\Cypress\PSoC Creator\4.2\PSoC Creator\psoc\content\CyComponentLibrary\CyComponentLibrary.cylib\ADC_SAR_SEQ_v2_10\PSoC5\ADC_SAR_SEQ_v2_10.cysch (Shape_798)
 * C:\Program Files (x86)\Cypress\PSoC Creator\4.2\PSoC Creator\psoc\content\CyComponentLibrary\CyComponentLibrary.cylib\ADC_SAR_SEQ_v2_10\PSoC5\ADC_SAR_SEQ_v2_10.cysch (Shape_885)
HDL Generation...
Synthesis...
Tech Mapping...
ADD: pft.M0040: information: The following 2 pin(s) will be assigned a location by the fitter: \USBUART:Dm(0)\, \USBUART:Dp(0)\
Analog Placement...
Info: apr.M0002: Analog signal "Net_259" is connected to one terminal only. (App=cydsfit)
Info: apr.M0002: Analog signal "Net_261" is connected to one terminal only. (App=cydsfit)
Info: apr.M0002: Analog signal "Net_264" is connected to one terminal only. (App=cydsfit)
Info: apr.M0002: Analog signal "Net_266" is connected to one terminal only. (App=cydsfit)
Info: apr.M0002: Analog signal "Net_269" is connected to one terminal only. (App=cydsfit)
Info: apr.M0002: Analog signal "Net_271" is connected to one terminal only. (App=cydsfit)
Info: apr.M0002: Analog signal "Net_274" is connected to one terminal only. (App=cydsfit)
Info: apr.M0002: Analog signal "Net_276" is connected to one terminal only. (App=cydsfit)
Info: apr.M0002: Analog signal "Net_279" is connected to one terminal only. (App=cydsfit)
Info: apr.M0002: Analog signal "Net_281" is connected to one terminal only. (App=cydsfit)
Info: apr.M0002: Analog signal "Net_284" is connected to one terminal only. (App=cydsfit)
Info: apr.M0002: Analog signal "Net_286" is connected to one terminal only. (App=cydsfit)
Info: apr.M0002: Analog signal "Net_289" is connected to one terminal only. (App=cydsfit)
Info: apr.M0002: Analog signal "Net_291" is connected to one terminal only. (App=cydsfit)
Info: apr.M0002: Analog signal "Net_294" is connected to one terminal only. (App=cydsfit)
Info: apr.M0002: Analog signal "Net_296" is connected to one terminal only. (App=cydsfit)
Info: apr.M0002: Analog signal "Net_299" is connected to one terminal only. (App=cydsfit)
Info: apr.M0002: Analog signal "Net_301" is connected to one terminal only. (App=cydsfit)
Info: apr.M0002: Analog signal "Net_304" is connected to one terminal only. (App=cydsfit)
Info: apr.M0002: Analog signal "Net_306" is connected to one terminal only. (App=cydsfit)
Info: apr.M0002: Analog signal "Net_309" is connected to one terminal only. (App=cydsfit)
Info: apr.M0002: Analog signal "Net_311" is connected to one terminal only. (App=cydsfit)
Info: apr.M0002: Analog signal "Net_314" is connected to one terminal only. (App=cydsfit)
Info: apr.M0002: Analog signal "Net_316" is connected to one terminal only. (App=cydsfit)
Info: apr.M0002: Analog signal "Net_319" is connected to one terminal only. (App=cydsfit)
Info: apr.M0002: Analog signal "Net_321" is connected to one terminal only. (App=cydsfit)
Info: apr.M0002: Analog signal "Net_324" is connected to one terminal only. (App=cydsfit)
Info: apr.M0002: Analog signal "Net_326" is connected to one terminal only. (App=cydsfit)
Info: apr.M0002: Analog signal "Net_329" is connected to one terminal only. (App=cydsfit)
Info: apr.M0002: Analog signal "Net_260" is connected to one terminal only. (App=cydsfit)
Info: apr.M0002: Analog signal "Net_262" is connected to one terminal only. (App=cydsfit)
Info: apr.M0002: Analog signal "Net_265" is connected to one terminal only. (App=cydsfit)
Info: apr.M0002: Analog signal "Net_267" is connected to one terminal only. (App=cydsfit)
Info: apr.M0002: Analog signal "Net_270" is connected to one terminal only. (App=cydsfit)
Info: apr.M0002: Analog signal "Net_272" is connected to one terminal only. (App=cydsfit)
Info: apr.M0002: Analog signal "Net_275" is connected to one terminal only. (App=cydsfit)
Info: apr.M0002: Analog signal "Net_277" is connected to one terminal only. (App=cydsfit)
Info: apr.M0002: Analog signal "Net_280" is connected to one terminal only. (App=cydsfit)
Info: apr.M0002: Analog signal "Net_282" is connected to one terminal only. (App=cydsfit)
Info: apr.M0002: Analog signal "Net_285" is connected to one terminal only. (App=cydsfit)
Info: apr.M0002: Analog signal "Net_287" is connected to one terminal only. (App=cydsfit)
Info: apr.M0002: Analog signal "Net_290" is connected to one terminal only. (App=cydsfit)
Info: apr.M0002: Analog signal "Net_292" is connected to one terminal only. (App=cydsfit)
Info: apr.M0002: Analog signal "Net_295" is connected to one terminal only. (App=cydsfit)
Info: apr.M0002: Analog signal "Net_297" is connected to one terminal only. (App=cydsfit)
Info: apr.M0002: Analog signal "Net_300" is connected to one terminal only. (App=cydsfit)
Info: apr.M0002: Analog signal "Net_302" is connected to one terminal only. (App=cydsfit)
Info: apr.M0002: Analog signal "Net_305" is connected to one terminal only. (App=cydsfit)
Info: apr.M0002: Analog signal "Net_307" is connected to one terminal only. (App=cydsfit)
Info: apr.M0002: Analog signal "Net_310" is connected to one terminal only. (App=cydsfit)
Info: apr.M0002: Analog signal "Net_312" is connected to one terminal only. (App=cydsfit)
Info: apr.M0002: Analog signal "Net_315" is connected to one terminal only. (App=cydsfit)
Info: apr.M0002: Analog signal "Net_317" is connected to one terminal only. (App=cydsfit)
Info: apr.M0002: Analog signal "Net_320" is connected to one terminal only. (App=cydsfit)
Info: apr.M0002: Analog signal "Net_322" is connected to one terminal only. (App=cydsfit)
Info: apr.M0002: Analog signal "Net_325" is connected to one terminal only. (App=cydsfit)
Info: apr.M0002: Analog signal "Net_327" is connected to one terminal only. (App=cydsfit)
Info: apr.M0002: Analog signal "Net_330" is connected to one terminal only. (App=cydsfit)
Log: apr.M0058: The analog placement iterative improvement is 47% done. (App=cydsfit)
Analog Routing...
Analog Code Generation...
Digital Placement...
Digital Routing...
Bitstream Generation...
Bitstream Verification...
Static timing analysis...
API Generation...
Dependency Generation...
Cleanup...
arm-none-eabi-gcc.exe -mcpu=cortex-m3 -mthumb -I. -IGenerated_Source\PSoC5 -Wa,-alh=.\CortexM3\ARM_GCC_541\Debug/bno055.lst -g -D DEBUG -D CY_CORE_ID=0 -Wall -ffunction-sections -ffat-lto-objects -O0 -c bno055.c -o .\CortexM3\ARM_GCC_541\Debug\bno055.o
bno055.c: In function 'bno_read':
bno055.c:67:11: warning: unused variable 'status' [-Wunused-variable]
     uint8 status = I2C_MasterSendStart(DEVICE_ADDRESS, I2C_WRITE_XFER_MODE);
           ^
bno055.c: In function 'bno_readbuf':
bno055.c:77:11: warning: unused variable 'status' [-Wunused-variable]
     uint8 status = I2C_MasterSendStart(DEVICE_ADDRESS, 0);
           ^
arm-none-eabi-ar.exe -rs .\CortexM3\ARM_GCC_541\Debug\IMU.a .\CortexM3\ARM_GCC_541\Debug\Seat_ADC.o .\CortexM3\ARM_GCC_541\Debug\Seat_ADC_PM.o .\CortexM3\ARM_GCC_541\Debug\Seat_ADC_INT.o .\CortexM3\ARM_GCC_541\Debug\sAn.o .\CortexM3\ARM_GCC_541\Debug\sAp.o .\CortexM3\ARM_GCC_541\Debug\sBp.o .\CortexM3\ARM_GCC_541\Debug\sBn.o .\CortexM3\ARM_GCC_541\Debug\sCp.o .\CortexM3\ARM_GCC_541\Debug\sCn.o .\CortexM3\ARM_GCC_541\Debug\Seat_ADC_SAR.o .\CortexM3\ARM_GCC_541\Debug\Seat_ADC_SAR_INT.o .\CortexM3\ARM_GCC_541\Debug\Seat_ADC_SAR_PM.o .\CortexM3\ARM_GCC_541\Debug\Seat_ADC_IntClock.o .\CortexM3\ARM_GCC_541\Debug\Seat_ADC_TempBuf_dma.o .\CortexM3\ARM_GCC_541\Debug\Seat_ADC_FinalBuf_dma.o .\CortexM3\ARM_GCC_541\Debug\Seat_ADC_IRQ.o .\CortexM3\ARM_GCC_541\Debug\cy_em_eeprom.o .\CortexM3\ARM_GCC_541\Debug\CyDmac.o .\CortexM3\ARM_GCC_541\Debug\CyFlash.o .\CortexM3\ARM_GCC_541\Debug\CyLib.o .\CortexM3\ARM_GCC_541\Debug\cyPm.o .\CortexM3\ARM_GCC_541\Debug\CySpc.o .\CortexM3\ARM_GCC_541\Debug\cyutils.o .\CortexM3\ARM_GCC_541\Debug\USBUART.o .\CortexM3\ARM_GCC_541\Debug\USBUART_audio.o .\CortexM3\ARM_GCC_541\Debug\USBUART_boot.o .\CortexM3\ARM_GCC_541\Debug\USBUART_cdc.o .\CortexM3\ARM_GCC_541\Debug\USBUART_cls.o .\CortexM3\ARM_GCC_541\Debug\USBUART_descr.o .\CortexM3\ARM_GCC_541\Debug\USBUART_drv.o .\CortexM3\ARM_GCC_541\Debug\USBUART_episr.o .\CortexM3\ARM_GCC_541\Debug\USBUART_hid.o .\CortexM3\ARM_GCC_541\Debug\USBUART_pm.o .\CortexM3\ARM_GCC_541\Debug\USBUART_std.o .\CortexM3\ARM_GCC_541\Debug\USBUART_vnd.o .\CortexM3\ARM_GCC_541\Debug\USBUART_midi.o .\CortexM3\ARM_GCC_541\Debug\USBUART_msc.o .\CortexM3\ARM_GCC_541\Debug\USBUART_Dm.o .\CortexM3\ARM_GCC_541\Debug\USBUART_Dp.o .\CortexM3\ARM_GCC_541\Debug\LED.o .\CortexM3\ARM_GCC_541\Debug\Sample_Timer.o .\CortexM3\ARM_GCC_541\Debug\Sample_Timer_PM.o .\CortexM3\ARM_GCC_541\Debug\Clock_3.o .\CortexM3\ARM_GCC_541\Debug\Sample_Interrupt.o .\CortexM3\ARM_GCC_541\Debug\SDA_1.o .\CortexM3\ARM_GCC_541\Debug\SCL_1.o .\CortexM3\ARM_GCC_541\Debug\Pin_1.o .\CortexM3\ARM_GCC_541\Debug\Enc_Int_High.o .\CortexM3\ARM_GCC_541\Debug\Enc_Int_Low.o .\CortexM3\ARM_GCC_541\Debug\I2C.o .\CortexM3\ARM_GCC_541\Debug\I2C_BOOT.o .\CortexM3\ARM_GCC_541\Debug\I2C_INT.o .\CortexM3\ARM_GCC_541\Debug\I2C_PM.o .\CortexM3\ARM_GCC_541\Debug\I2C_SLAVE.o .\CortexM3\ARM_GCC_541\Debug\I2C_MASTER.o .\CortexM3\ARM_GCC_541\Debug\isr_1.o .\CortexM3\ARM_GCC_541\Debug\BNO_Interupt.o .\CortexM3\ARM_GCC_541\Debug\timer_clock.o .\CortexM3\ARM_GCC_541\Debug\EncTimer.o .\CortexM3\ARM_GCC_541\Debug\EncTimer_PM.o .\CortexM3\ARM_GCC_541\Debug\CyBootAsmGnu.o
arm-none-eabi-ar.exe: creating .\CortexM3\ARM_GCC_541\Debug\IMU.a
arm-none-eabi-gcc.exe -Wl,--start-group -o "C:\Users\jebush2\Desktop\PSoC 3-19-2019\Smart Bike PSoC\IMU.cydsn\CortexM3\ARM_GCC_541\Debug\IMU.elf" .\CortexM3\ARM_GCC_541\Debug\main.o .\CortexM3\ARM_GCC_541\Debug\bno055.o .\CortexM3\ARM_GCC_541\Debug\cyfitter_cfg.o .\CortexM3\ARM_GCC_541\Debug\cymetadata.o .\CortexM3\ARM_GCC_541\Debug\Cm3Start.o .\CortexM3\ARM_GCC_541\Debug\IMU.a "C:\Program Files (x86)\Cypress\PSoC Creator\4.2\PSoC Creator\psoc\content\cycomponentlibrary\CyComponentLibrary.cylib\CortexM3\ARM_GCC_541\Debug\CyComponentLibrary.a" -mcpu=cortex-m3 -mthumb -L Generated_Source\PSoC5 -Wl,-Map,.\CortexM3\ARM_GCC_541\Debug/IMU.map -T Generated_Source\PSoC5\cm3gcc.ld -specs=nano.specs -u _printf_float -Wl,--gc-sections -g -ffunction-sections -O0 -ffat-lto-objects -Wl,--end-group
cyelftool.exe -C "C:\Users\jebush2\Desktop\PSoC 3-19-2019\Smart Bike PSoC\IMU.cydsn\CortexM3\ARM_GCC_541\Debug\IMU.elf" --flash_row_size 256 --flash_size 262144 --flash_offset 0x00000000
No ELF section .cychecksum found, creating one
Application checksum calculated and stored in ELF section .cychecksum
Checksum calculated and stored in ELF section .cymeta
cyelftool.exe -S "C:\Users\jebush2\Desktop\PSoC 3-19-2019\Smart Bike PSoC\IMU.cydsn\CortexM3\ARM_GCC_541\Debug\IMU.elf"
Flash used: 28760 of 262144 bytes (11.0%).
SRAM used: 3309 of 65536 bytes (5.0%). Stack: 2048 bytes. Heap: 512 bytes.
--------------- Build Succeeded: 04/24/2019 10:39:46 ---------------
