ARM GAS  C:\Users\jon\AppData\Local\Temp\ccoAg2dD.s 			page 1


   1              		.syntax unified
   2              		.cpu cortex-m3
   3              		.fpu softvfp
   4              		.eabi_attribute 20, 1
   5              		.eabi_attribute 21, 1
   6              		.eabi_attribute 23, 3
   7              		.eabi_attribute 24, 1
   8              		.eabi_attribute 25, 1
   9              		.eabi_attribute 26, 1
  10              		.eabi_attribute 30, 1
  11              		.eabi_attribute 34, 1
  12              		.eabi_attribute 18, 4
  13              		.thumb
  14              		.syntax unified
  15              		.file	"cymetadata.c"
  16              		.text
  17              	.Ltext0:
  18              		.cfi_sections	.debug_frame
  19              		.global	cy_metadata
  20              		.global	cy_meta_flashprotect
  21              		.global	cy_meta_wonvl
  22              		.global	cy_meta_custnvl
  23              		.global	cy_meta_configecc
  24              		.section	.cyconfigecc,"a",%progbits
  25              		.align	2
  26              		.type	cy_meta_configecc, %object
  27              		.size	cy_meta_configecc, 892
  28              	cy_meta_configecc:
  29 0000 02       		.byte	2
  30 0001 52       		.byte	82
  31 0002 00       		.byte	0
  32 0003 40       		.byte	64
  33 0004 02       		.byte	2
  34 0005 64       		.byte	100
  35 0006 00       		.byte	0
  36 0007 40       		.byte	64
  37 0008 01       		.byte	1
  38 0009 65       		.byte	101
  39 000a 00       		.byte	0
  40 000b 40       		.byte	64
  41 000c 01       		.byte	1
  42 000d 07       		.byte	7
  43 000e 01       		.byte	1
  44 000f 40       		.byte	64
  45 0010 45       		.byte	69
  46 0011 08       		.byte	8
  47 0012 01       		.byte	1
  48 0013 40       		.byte	64
  49 0014 36       		.byte	54
  50 0015 09       		.byte	9
  51 0016 01       		.byte	1
  52 0017 40       		.byte	64
  53 0018 02       		.byte	2
  54 0019 0B       		.byte	11
  55 001a 01       		.byte	1
  56 001b 40       		.byte	64
  57 001c 41       		.byte	65
ARM GAS  C:\Users\jon\AppData\Local\Temp\ccoAg2dD.s 			page 2


  58 001d 0C       		.byte	12
  59 001e 01       		.byte	1
  60 001f 40       		.byte	64
  61 0020 1F       		.byte	31
  62 0021 0D       		.byte	13
  63 0022 01       		.byte	1
  64 0023 40       		.byte	64
  65 0024 14       		.byte	20
  66 0025 18       		.byte	24
  67 0026 01       		.byte	1
  68 0027 40       		.byte	64
  69 0028 3A       		.byte	58
  70 0029 19       		.byte	25
  71 002a 01       		.byte	1
  72 002b 40       		.byte	64
  73 002c 03       		.byte	3
  74 002d 40       		.byte	64
  75 002e 01       		.byte	1
  76 002f 40       		.byte	64
  77 0030 01       		.byte	1
  78 0031 41       		.byte	65
  79 0032 01       		.byte	1
  80 0033 40       		.byte	64
  81 0034 01       		.byte	1
  82 0035 42       		.byte	66
  83 0036 01       		.byte	1
  84 0037 40       		.byte	64
  85 0038 03       		.byte	3
  86 0039 43       		.byte	67
  87 003a 01       		.byte	1
  88 003b 40       		.byte	64
  89 003c 04       		.byte	4
  90 003d 45       		.byte	69
  91 003e 01       		.byte	1
  92 003f 40       		.byte	64
  93 0040 01       		.byte	1
  94 0041 46       		.byte	70
  95 0042 01       		.byte	1
  96 0043 40       		.byte	64
  97 0044 03       		.byte	3
  98 0045 4C       		.byte	76
  99 0046 01       		.byte	1
 100 0047 40       		.byte	64
 101 0048 07       		.byte	7
 102 0049 50       		.byte	80
 103 004a 01       		.byte	1
 104 004b 40       		.byte	64
 105 004c 01       		.byte	1
 106 004d 51       		.byte	81
 107 004e 01       		.byte	1
 108 004f 40       		.byte	64
 109 0050 10       		.byte	16
 110 0051 01       		.byte	1
 111 0052 11       		.byte	17
 112 0053 02       		.byte	2
 113 0054 89       		.byte	-119
 114 0055 3C       		.byte	60
ARM GAS  C:\Users\jon\AppData\Local\Temp\ccoAg2dD.s 			page 3


 115 0056 8D       		.byte	-115
 116 0057 0F       		.byte	15
 117 0058 89       		.byte	-119
 118 0059 72       		.byte	114
 119 005a E6       		.byte	-26
 120 005b 02       		.byte	2
 121 005c 01       		.byte	1
 122 005d 04       		.byte	4
 123 005e 02       		.byte	2
 124 005f 04       		.byte	4
 125 0060 03       		.byte	3
 126 0061 08       		.byte	8
 127 0062 04       		.byte	4
 128 0063 08       		.byte	8
 129 0064 06       		.byte	6
 130 0065 04       		.byte	4
 131 0066 07       		.byte	7
 132 0067 04       		.byte	4
 133 0068 08       		.byte	8
 134 0069 77       		.byte	119
 135 006a 0B       		.byte	11
 136 006b 01       		.byte	1
 137 006c 0C       		.byte	12
 138 006d 30       		.byte	48
 139 006e 0E       		.byte	14
 140 006f 40       		.byte	64
 141 0070 0F       		.byte	15
 142 0071 02       		.byte	2
 143 0072 14       		.byte	20
 144 0073 77       		.byte	119
 145 0074 15       		.byte	21
 146 0075 0C       		.byte	12
 147 0076 18       		.byte	24
 148 0077 60       		.byte	96
 149 0078 19       		.byte	25
 150 0079 02       		.byte	2
 151 007a 1A       		.byte	26
 152 007b 10       		.byte	16
 153 007c 1C       		.byte	28
 154 007d 14       		.byte	20
 155 007e 1D       		.byte	29
 156 007f 0C       		.byte	12
 157 0080 1E       		.byte	30
 158 0081 61       		.byte	97
 159 0082 22       		.byte	34
 160 0083 73       		.byte	115
 161 0084 23       		.byte	35
 162 0085 0C       		.byte	12
 163 0086 24       		.byte	36
 164 0087 40       		.byte	64
 165 0088 25       		.byte	37
 166 0089 04       		.byte	4
 167 008a 26       		.byte	38
 168 008b 20       		.byte	32
 169 008c 27       		.byte	39
 170 008d 08       		.byte	8
 171 008e 28       		.byte	40
ARM GAS  C:\Users\jon\AppData\Local\Temp\ccoAg2dD.s 			page 4


 172 008f 64       		.byte	100
 173 0090 29       		.byte	41
 174 0091 08       		.byte	8
 175 0092 2A       		.byte	42
 176 0093 12       		.byte	18
 177 0094 2B       		.byte	43
 178 0095 04       		.byte	4
 179 0096 32       		.byte	50
 180 0097 07       		.byte	7
 181 0098 34       		.byte	52
 182 0099 70       		.byte	112
 183 009a 35       		.byte	53
 184 009b 0C       		.byte	12
 185 009c 36       		.byte	54
 186 009d 08       		.byte	8
 187 009e 37       		.byte	55
 188 009f 03       		.byte	3
 189 00a0 3A       		.byte	58
 190 00a1 28       		.byte	40
 191 00a2 3B       		.byte	59
 192 00a3 20       		.byte	32
 193 00a4 3F       		.byte	63
 194 00a5 40       		.byte	64
 195 00a6 58       		.byte	88
 196 00a7 04       		.byte	4
 197 00a8 59       		.byte	89
 198 00a9 04       		.byte	4
 199 00aa 5C       		.byte	92
 200 00ab 11       		.byte	17
 201 00ac 5F       		.byte	95
 202 00ad 01       		.byte	1
 203 00ae 82       		.byte	-126
 204 00af 03       		.byte	3
 205 00b0 83       		.byte	-125
 206 00b1 01       		.byte	1
 207 00b2 84       		.byte	-124
 208 00b3 03       		.byte	3
 209 00b4 87       		.byte	-121
 210 00b5 02       		.byte	2
 211 00b6 8A       		.byte	-118
 212 00b7 03       		.byte	3
 213 00b8 8F       		.byte	-113
 214 00b9 02       		.byte	2
 215 00ba 95       		.byte	-107
 216 00bb 01       		.byte	1
 217 00bc 99       		.byte	-103
 218 00bd 01       		.byte	1
 219 00be 9A       		.byte	-102
 220 00bf 02       		.byte	2
 221 00c0 A2       		.byte	-94
 222 00c1 03       		.byte	3
 223 00c2 A8       		.byte	-88
 224 00c3 03       		.byte	3
 225 00c4 A9       		.byte	-87
 226 00c5 01       		.byte	1
 227 00c6 AC       		.byte	-84
 228 00c7 01       		.byte	1
ARM GAS  C:\Users\jon\AppData\Local\Temp\ccoAg2dD.s 			page 5


 229 00c8 AF       		.byte	-81
 230 00c9 01       		.byte	1
 231 00ca B1       		.byte	-79
 232 00cb 01       		.byte	1
 233 00cc B2       		.byte	-78
 234 00cd 02       		.byte	2
 235 00ce B5       		.byte	-75
 236 00cf 02       		.byte	2
 237 00d0 B6       		.byte	-74
 238 00d1 01       		.byte	1
 239 00d2 BB       		.byte	-69
 240 00d3 08       		.byte	8
 241 00d4 BF       		.byte	-65
 242 00d5 10       		.byte	16
 243 00d6 D4       		.byte	-44
 244 00d7 1C       		.byte	28
 245 00d8 D6       		.byte	-42
 246 00d9 04       		.byte	4
 247 00da D8       		.byte	-40
 248 00db 04       		.byte	4
 249 00dc D9       		.byte	-39
 250 00dd 04       		.byte	4
 251 00de DB       		.byte	-37
 252 00df 04       		.byte	4
 253 00e0 DC       		.byte	-36
 254 00e1 11       		.byte	17
 255 00e2 DD       		.byte	-35
 256 00e3 10       		.byte	16
 257 00e4 DF       		.byte	-33
 258 00e5 01       		.byte	1
 259 00e6 01       		.byte	1
 260 00e7 01       		.byte	1
 261 00e8 02       		.byte	2
 262 00e9 04       		.byte	4
 263 00ea 03       		.byte	3
 264 00eb 28       		.byte	40
 265 00ec 04       		.byte	4
 266 00ed 01       		.byte	1
 267 00ee 05       		.byte	5
 268 00ef 10       		.byte	16
 269 00f0 06       		.byte	6
 270 00f1 02       		.byte	2
 271 00f2 07       		.byte	7
 272 00f3 12       		.byte	18
 273 00f4 0A       		.byte	10
 274 00f5 04       		.byte	4
 275 00f6 0C       		.byte	12
 276 00f7 40       		.byte	64
 277 00f8 0D       		.byte	13
 278 00f9 08       		.byte	8
 279 00fa 0E       		.byte	14
 280 00fb 04       		.byte	4
 281 00fc 0F       		.byte	15
 282 00fd 02       		.byte	2
 283 00fe 10       		.byte	16
 284 00ff 40       		.byte	64
 285 0100 11       		.byte	17
ARM GAS  C:\Users\jon\AppData\Local\Temp\ccoAg2dD.s 			page 6


 286 0101 80       		.byte	-128
 287 0102 12       		.byte	18
 288 0103 08       		.byte	8
 289 0104 15       		.byte	21
 290 0105 05       		.byte	5
 291 0106 16       		.byte	22
 292 0107 04       		.byte	4
 293 0108 17       		.byte	23
 294 0109 08       		.byte	8
 295 010a 19       		.byte	25
 296 010b 04       		.byte	4
 297 010c 1A       		.byte	26
 298 010d 02       		.byte	2
 299 010e 1C       		.byte	28
 300 010f 01       		.byte	1
 301 0110 1E       		.byte	30
 302 0111 04       		.byte	4
 303 0112 1F       		.byte	31
 304 0113 08       		.byte	8
 305 0114 20       		.byte	32
 306 0115 40       		.byte	64
 307 0116 21       		.byte	33
 308 0117 28       		.byte	40
 309 0118 22       		.byte	34
 310 0119 0A       		.byte	10
 311 011a 25       		.byte	37
 312 011b 40       		.byte	64
 313 011c 27       		.byte	39
 314 011d 0A       		.byte	10
 315 011e 2B       		.byte	43
 316 011f 09       		.byte	9
 317 0120 2D       		.byte	45
 318 0121 01       		.byte	1
 319 0122 2E       		.byte	46
 320 0123 01       		.byte	1
 321 0124 2F       		.byte	47
 322 0125 28       		.byte	40
 323 0126 31       		.byte	49
 324 0127 18       		.byte	24
 325 0128 34       		.byte	52
 326 0129 40       		.byte	64
 327 012a 35       		.byte	53
 328 012b 20       		.byte	32
 329 012c 36       		.byte	54
 330 012d 08       		.byte	8
 331 012e 37       		.byte	55
 332 012f 10       		.byte	16
 333 0130 38       		.byte	56
 334 0131 48       		.byte	72
 335 0132 39       		.byte	57
 336 0133 01       		.byte	1
 337 0134 3D       		.byte	61
 338 0135 24       		.byte	36
 339 0136 3E       		.byte	62
 340 0137 42       		.byte	66
 341 0138 59       		.byte	89
 342 0139 04       		.byte	4
ARM GAS  C:\Users\jon\AppData\Local\Temp\ccoAg2dD.s 			page 7


 343 013a 5A       		.byte	90
 344 013b 02       		.byte	2
 345 013c 62       		.byte	98
 346 013d 40       		.byte	64
 347 013e 63       		.byte	99
 348 013f 48       		.byte	72
 349 0140 87       		.byte	-121
 350 0141 40       		.byte	64
 351 0142 C0       		.byte	-64
 352 0143 FE       		.byte	-2
 353 0144 C2       		.byte	-62
 354 0145 E2       		.byte	-30
 355 0146 C4       		.byte	-60
 356 0147 7B       		.byte	123
 357 0148 CA       		.byte	-54
 358 0149 EC       		.byte	-20
 359 014a CC       		.byte	-52
 360 014b 76       		.byte	118
 361 014c CE       		.byte	-50
 362 014d FB       		.byte	-5
 363 014e D6       		.byte	-42
 364 014f 03       		.byte	3
 365 0150 D8       		.byte	-40
 366 0151 0D       		.byte	13
 367 0152 AD       		.byte	-83
 368 0153 80       		.byte	-128
 369 0154 E8       		.byte	-24
 370 0155 08       		.byte	8
 371 0156 40       		.byte	64
 372 0157 60       		.byte	96
 373 0158 41       		.byte	65
 374 0159 05       		.byte	5
 375 015a 49       		.byte	73
 376 015b FF       		.byte	-1
 377 015c 4A       		.byte	74
 378 015d FF       		.byte	-1
 379 015e 4B       		.byte	75
 380 015f FF       		.byte	-1
 381 0160 4D       		.byte	77
 382 0161 A0       		.byte	-96
 383 0162 4F       		.byte	79
 384 0163 04       		.byte	4
 385 0164 50       		.byte	80
 386 0165 18       		.byte	24
 387 0166 5A       		.byte	90
 388 0167 04       		.byte	4
 389 0168 5F       		.byte	95
 390 0169 01       		.byte	1
 391 016a 60       		.byte	96
 392 016b 40       		.byte	64
 393 016c 62       		.byte	98
 394 016d C0       		.byte	-64
 395 016e 64       		.byte	100
 396 016f 40       		.byte	64
 397 0170 65       		.byte	101
 398 0171 40       		.byte	64
 399 0172 66       		.byte	102
ARM GAS  C:\Users\jon\AppData\Local\Temp\ccoAg2dD.s 			page 8


 400 0173 C0       		.byte	-64
 401 0174 68       		.byte	104
 402 0175 C0       		.byte	-64
 403 0176 6A       		.byte	106
 404 0177 C0       		.byte	-64
 405 0178 6C       		.byte	108
 406 0179 C0       		.byte	-64
 407 017a 6E       		.byte	110
 408 017b C0       		.byte	-64
 409 017c 89       		.byte	-119
 410 017d 02       		.byte	2
 411 017e 8D       		.byte	-115
 412 017f 08       		.byte	8
 413 0180 8E       		.byte	-114
 414 0181 02       		.byte	2
 415 0182 92       		.byte	-110
 416 0183 01       		.byte	1
 417 0184 97       		.byte	-105
 418 0185 03       		.byte	3
 419 0186 9A       		.byte	-102
 420 0187 0E       		.byte	14
 421 0188 9B       		.byte	-101
 422 0189 0C       		.byte	12
 423 018a A6       		.byte	-90
 424 018b 08       		.byte	8
 425 018c AA       		.byte	-86
 426 018d 04       		.byte	4
 427 018e B0       		.byte	-80
 428 018f 04       		.byte	4
 429 0190 B1       		.byte	-79
 430 0191 04       		.byte	4
 431 0192 B2       		.byte	-78
 432 0193 02       		.byte	2
 433 0194 B3       		.byte	-77
 434 0195 01       		.byte	1
 435 0196 B4       		.byte	-76
 436 0197 01       		.byte	1
 437 0198 B5       		.byte	-75
 438 0199 08       		.byte	8
 439 019a B6       		.byte	-74
 440 019b 08       		.byte	8
 441 019c B7       		.byte	-73
 442 019d 02       		.byte	2
 443 019e BE       		.byte	-66
 444 019f 04       		.byte	4
 445 01a0 C0       		.byte	-64
 446 01a1 20       		.byte	32
 447 01a2 C1       		.byte	-63
 448 01a3 05       		.byte	5
 449 01a4 C5       		.byte	-59
 450 01a5 D5       		.byte	-43
 451 01a6 C7       		.byte	-57
 452 01a7 21       		.byte	33
 453 01a8 C8       		.byte	-56
 454 01a9 33       		.byte	51
 455 01aa C9       		.byte	-55
 456 01ab FF       		.byte	-1
ARM GAS  C:\Users\jon\AppData\Local\Temp\ccoAg2dD.s 			page 9


 457 01ac CA       		.byte	-54
 458 01ad FF       		.byte	-1
 459 01ae CB       		.byte	-53
 460 01af FF       		.byte	-1
 461 01b0 CD       		.byte	-51
 462 01b1 AF       		.byte	-81
 463 01b2 CE       		.byte	-50
 464 01b3 0F       		.byte	15
 465 01b4 CF       		.byte	-49
 466 01b5 04       		.byte	4
 467 01b6 D0       		.byte	-48
 468 01b7 18       		.byte	24
 469 01b8 D2       		.byte	-46
 470 01b9 80       		.byte	-128
 471 01ba D4       		.byte	-44
 472 01bb 07       		.byte	7
 473 01bc D8       		.byte	-40
 474 01bd 04       		.byte	4
 475 01be D9       		.byte	-39
 476 01bf 04       		.byte	4
 477 01c0 DA       		.byte	-38
 478 01c1 04       		.byte	4
 479 01c2 DB       		.byte	-37
 480 01c3 04       		.byte	4
 481 01c4 DF       		.byte	-33
 482 01c5 01       		.byte	1
 483 01c6 E0       		.byte	-32
 484 01c7 40       		.byte	64
 485 01c8 E2       		.byte	-30
 486 01c9 C0       		.byte	-64
 487 01ca E4       		.byte	-28
 488 01cb 40       		.byte	64
 489 01cc E5       		.byte	-27
 490 01cd 40       		.byte	64
 491 01ce E6       		.byte	-26
 492 01cf C0       		.byte	-64
 493 01d0 E8       		.byte	-24
 494 01d1 C0       		.byte	-64
 495 01d2 EA       		.byte	-22
 496 01d3 C0       		.byte	-64
 497 01d4 EC       		.byte	-20
 498 01d5 C0       		.byte	-64
 499 01d6 EE       		.byte	-18
 500 01d7 C0       		.byte	-64
 501 01d8 02       		.byte	2
 502 01d9 02       		.byte	2
 503 01da 0A       		.byte	10
 504 01db 44       		.byte	68
 505 01dc 10       		.byte	16
 506 01dd 28       		.byte	40
 507 01de 19       		.byte	25
 508 01df 84       		.byte	-124
 509 01e0 1A       		.byte	26
 510 01e1 04       		.byte	4
 511 01e2 1B       		.byte	27
 512 01e3 12       		.byte	18
 513 01e4 20       		.byte	32
ARM GAS  C:\Users\jon\AppData\Local\Temp\ccoAg2dD.s 			page 10


 514 01e5 50       		.byte	80
 515 01e6 22       		.byte	34
 516 01e7 50       		.byte	80
 517 01e8 30       		.byte	48
 518 01e9 28       		.byte	40
 519 01ea 38       		.byte	56
 520 01eb 50       		.byte	80
 521 01ec 42       		.byte	66
 522 01ed 04       		.byte	4
 523 01ee 48       		.byte	72
 524 01ef 20       		.byte	32
 525 01f0 49       		.byte	73
 526 01f1 01       		.byte	1
 527 01f2 4A       		.byte	74
 528 01f3 02       		.byte	2
 529 01f4 4E       		.byte	78
 530 01f5 02       		.byte	2
 531 01f6 4F       		.byte	79
 532 01f7 20       		.byte	32
 533 01f8 50       		.byte	80
 534 01f9 08       		.byte	8
 535 01fa 52       		.byte	82
 536 01fb 02       		.byte	2
 537 01fc 59       		.byte	89
 538 01fd 05       		.byte	5
 539 01fe 5A       		.byte	90
 540 01ff A0       		.byte	-96
 541 0200 72       		.byte	114
 542 0201 40       		.byte	64
 543 0202 83       		.byte	-125
 544 0203 02       		.byte	2
 545 0204 C0       		.byte	-64
 546 0205 01       		.byte	1
 547 0206 C2       		.byte	-62
 548 0207 0A       		.byte	10
 549 0208 C4       		.byte	-60
 550 0209 06       		.byte	6
 551 020a CC       		.byte	-52
 552 020b 06       		.byte	6
 553 020c CE       		.byte	-50
 554 020d 0C       		.byte	12
 555 020e D0       		.byte	-48
 556 020f 04       		.byte	4
 557 0210 D2       		.byte	-46
 558 0211 38       		.byte	56
 559 0212 D6       		.byte	-42
 560 0213 0F       		.byte	15
 561 0214 E0       		.byte	-32
 562 0215 04       		.byte	4
 563 0216 05       		.byte	5
 564 0217 07       		.byte	7
 565 0218 08       		.byte	8
 566 0219 01       		.byte	1
 567 021a 09       		.byte	9
 568 021b 07       		.byte	7
 569 021c 0A       		.byte	10
 570 021d 02       		.byte	2
ARM GAS  C:\Users\jon\AppData\Local\Temp\ccoAg2dD.s 			page 11


 571 021e 0D       		.byte	13
 572 021f 02       		.byte	2
 573 0220 0F       		.byte	15
 574 0221 01       		.byte	1
 575 0222 10       		.byte	16
 576 0223 01       		.byte	1
 577 0224 12       		.byte	18
 578 0225 02       		.byte	2
 579 0226 19       		.byte	25
 580 0227 01       		.byte	1
 581 0228 1B       		.byte	27
 582 0229 06       		.byte	6
 583 022a 24       		.byte	36
 584 022b 03       		.byte	3
 585 022c 28       		.byte	40
 586 022d 03       		.byte	3
 587 022e 29       		.byte	41
 588 022f 01       		.byte	1
 589 0230 2B       		.byte	43
 590 0231 04       		.byte	4
 591 0232 30       		.byte	48
 592 0233 03       		.byte	3
 593 0234 35       		.byte	53
 594 0235 07       		.byte	7
 595 0236 58       		.byte	88
 596 0237 04       		.byte	4
 597 0238 59       		.byte	89
 598 0239 04       		.byte	4
 599 023a 5C       		.byte	92
 600 023b 11       		.byte	17
 601 023c 5F       		.byte	95
 602 023d 01       		.byte	1
 603 023e 02       		.byte	2
 604 023f 40       		.byte	64
 605 0240 03       		.byte	3
 606 0241 2A       		.byte	42
 607 0242 05       		.byte	5
 608 0243 20       		.byte	32
 609 0244 08       		.byte	8
 610 0245 80       		.byte	-128
 611 0246 09       		.byte	9
 612 0247 48       		.byte	72
 613 0248 0A       		.byte	10
 614 0249 80       		.byte	-128
 615 024a 0E       		.byte	14
 616 024b 40       		.byte	64
 617 024c 10       		.byte	16
 618 024d A8       		.byte	-88
 619 024e 13       		.byte	19
 620 024f 40       		.byte	64
 621 0250 17       		.byte	23
 622 0251 28       		.byte	40
 623 0252 19       		.byte	25
 624 0253 50       		.byte	80
 625 0254 1B       		.byte	27
 626 0255 24       		.byte	36
 627 0256 1E       		.byte	30
ARM GAS  C:\Users\jon\AppData\Local\Temp\ccoAg2dD.s 			page 12


 628 0257 40       		.byte	64
 629 0258 21       		.byte	33
 630 0259 40       		.byte	64
 631 025a 22       		.byte	34
 632 025b 44       		.byte	68
 633 025c 23       		.byte	35
 634 025d 40       		.byte	64
 635 025e 25       		.byte	37
 636 025f 10       		.byte	16
 637 0260 26       		.byte	38
 638 0261 10       		.byte	16
 639 0262 29       		.byte	41
 640 0263 40       		.byte	64
 641 0264 2B       		.byte	43
 642 0265 0B       		.byte	11
 643 0266 2D       		.byte	45
 644 0267 20       		.byte	32
 645 0268 31       		.byte	49
 646 0269 18       		.byte	24
 647 026a 36       		.byte	54
 648 026b 10       		.byte	16
 649 026c 39       		.byte	57
 650 026d 54       		.byte	84
 651 026e 3E       		.byte	62
 652 026f 54       		.byte	84
 653 0270 40       		.byte	64
 654 0271 80       		.byte	-128
 655 0272 41       		.byte	65
 656 0273 48       		.byte	72
 657 0274 42       		.byte	66
 658 0275 01       		.byte	1
 659 0276 49       		.byte	73
 660 0277 10       		.byte	16
 661 0278 4A       		.byte	74
 662 0279 02       		.byte	2
 663 027a 50       		.byte	80
 664 027b 04       		.byte	4
 665 027c 52       		.byte	82
 666 027d 40       		.byte	64
 667 027e 5A       		.byte	90
 668 027f 08       		.byte	8
 669 0280 69       		.byte	105
 670 0281 54       		.byte	84
 671 0282 6A       		.byte	106
 672 0283 14       		.byte	20
 673 0284 6B       		.byte	107
 674 0285 28       		.byte	40
 675 0286 70       		.byte	112
 676 0287 A8       		.byte	-88
 677 0288 85       		.byte	-123
 678 0289 20       		.byte	32
 679 028a 94       		.byte	-108
 680 028b 08       		.byte	8
 681 028c 96       		.byte	-106
 682 028d 41       		.byte	65
 683 028e 9D       		.byte	-99
 684 028f 30       		.byte	48
ARM GAS  C:\Users\jon\AppData\Local\Temp\ccoAg2dD.s 			page 13


 685 0290 A1       		.byte	-95
 686 0291 48       		.byte	72
 687 0292 A2       		.byte	-94
 688 0293 02       		.byte	2
 689 0294 A3       		.byte	-93
 690 0295 08       		.byte	8
 691 0296 A5       		.byte	-91
 692 0297 10       		.byte	16
 693 0298 A7       		.byte	-89
 694 0299 25       		.byte	37
 695 029a B1       		.byte	-79
 696 029b 20       		.byte	32
 697 029c B2       		.byte	-78
 698 029d 40       		.byte	64
 699 029e C0       		.byte	-64
 700 029f 4F       		.byte	79
 701 02a0 C2       		.byte	-62
 702 02a1 1D       		.byte	29
 703 02a2 C4       		.byte	-60
 704 02a3 6F       		.byte	111
 705 02a4 CA       		.byte	-54
 706 02a5 2C       		.byte	44
 707 02a6 CC       		.byte	-52
 708 02a7 26       		.byte	38
 709 02a8 CE       		.byte	-50
 710 02a9 7E       		.byte	126
 711 02aa D0       		.byte	-48
 712 02ab 0B       		.byte	11
 713 02ac D2       		.byte	-46
 714 02ad 0C       		.byte	12
 715 02ae D6       		.byte	-42
 716 02af 02       		.byte	2
 717 02b0 E6       		.byte	-26
 718 02b1 02       		.byte	2
 719 02b2 32       		.byte	50
 720 02b3 20       		.byte	32
 721 02b4 36       		.byte	54
 722 02b5 20       		.byte	32
 723 02b6 CC       		.byte	-52
 724 02b7 30       		.byte	48
 725 02b8 A6       		.byte	-90
 726 02b9 20       		.byte	32
 727 02ba A6       		.byte	-90
 728 02bb 20       		.byte	32
 729 02bc 86       		.byte	-122
 730 02bd 20       		.byte	32
 731 02be A6       		.byte	-90
 732 02bf 20       		.byte	32
 733 02c0 E6       		.byte	-26
 734 02c1 40       		.byte	64
 735 02c2 53       		.byte	83
 736 02c3 02       		.byte	2
 737 02c4 56       		.byte	86
 738 02c5 20       		.byte	32
 739 02c6 82       		.byte	-126
 740 02c7 20       		.byte	32
 741 02c8 D4       		.byte	-44
ARM GAS  C:\Users\jon\AppData\Local\Temp\ccoAg2dD.s 			page 14


 742 02c9 03       		.byte	3
 743 02ca AF       		.byte	-81
 744 02cb 02       		.byte	2
 745 02cc 08       		.byte	8
 746 02cd 10       		.byte	16
 747 02ce 84       		.byte	-124
 748 02cf 10       		.byte	16
 749 02d0 C2       		.byte	-62
 750 02d1 02       		.byte	2
 751 02d2 00       		.byte	0
 752 02d3 03       		.byte	3
 753 02d4 0C       		.byte	12
 754 02d5 02       		.byte	2
 755 02d6 0E       		.byte	14
 756 02d7 01       		.byte	1
 757 02d8 10       		.byte	16
 758 02d9 02       		.byte	2
 759 02da 11       		.byte	17
 760 02db 01       		.byte	1
 761 02dc 1C       		.byte	28
 762 02dd 02       		.byte	2
 763 02de 1D       		.byte	29
 764 02df 01       		.byte	1
 765 02e0 00       		.byte	0
 766 02e1 0F       		.byte	15
 767 02e2 00       		.byte	0
 768 02e3 00       		.byte	0
 769 02e4 00       		.byte	0
 770 02e5 00       		.byte	0
 771 02e6 10       		.byte	16
 772 02e7 00       		.byte	0
 773 02e8 09       		.byte	9
 774 02e9 04       		.byte	4
 775 02ea 06       		.byte	6
 776 02eb 00       		.byte	0
 777 02ec 06       		.byte	6
 778 02ed 04       		.byte	4
 779 02ee 09       		.byte	9
 780 02ef 00       		.byte	0
 781 02f0 07       		.byte	7
 782 02f1 04       		.byte	4
 783 02f2 08       		.byte	8
 784 02f3 00       		.byte	0
 785 02f4 00       		.byte	0
 786 02f5 00       		.byte	0
 787 02f6 09       		.byte	9
 788 02f7 00       		.byte	0
 789 02f8 0F       		.byte	15
 790 02f9 03       		.byte	3
 791 02fa 00       		.byte	0
 792 02fb 00       		.byte	0
 793 02fc 00       		.byte	0
 794 02fd 03       		.byte	3
 795 02fe 00       		.byte	0
 796 02ff 00       		.byte	0
 797 0300 01       		.byte	1
 798 0301 00       		.byte	0
ARM GAS  C:\Users\jon\AppData\Local\Temp\ccoAg2dD.s 			page 15


 799 0302 00       		.byte	0
 800 0303 00       		.byte	0
 801 0304 04       		.byte	4
 802 0305 00       		.byte	0
 803 0306 00       		.byte	0
 804 0307 00       		.byte	0
 805 0308 02       		.byte	2
 806 0309 00       		.byte	0
 807 030a 00       		.byte	0
 808 030b 00       		.byte	0
 809 030c 06       		.byte	6
 810 030d 01       		.byte	1
 811 030e 00       		.byte	0
 812 030f 02       		.byte	2
 813 0310 00       		.byte	0
 814 0311 01       		.byte	1
 815 0312 10       		.byte	16
 816 0313 02       		.byte	2
 817 0314 00       		.byte	0
 818 0315 02       		.byte	2
 819 0316 10       		.byte	16
 820 0317 01       		.byte	1
 821 0318 07       		.byte	7
 822 0319 00       		.byte	0
 823 031a 0E       		.byte	14
 824 031b 04       		.byte	4
 825 031c 00       		.byte	0
 826 031d 02       		.byte	2
 827 031e A0       		.byte	-96
 828 031f 00       		.byte	0
 829 0320 00       		.byte	0
 830 0321 00       		.byte	0
 831 0322 04       		.byte	4
 832 0323 04       		.byte	4
 833 0324 61       		.byte	97
 834 0325 03       		.byte	3
 835 0326 05       		.byte	5
 836 0327 00       		.byte	0
 837 0328 04       		.byte	4
 838 0329 00       		.byte	0
 839 032a 0E       		.byte	14
 840 032b 0C       		.byte	12
 841 032c 14       		.byte	20
 842 032d FF       		.byte	-1
 843 032e FF       		.byte	-1
 844 032f FF       		.byte	-1
 845 0330 62       		.byte	98
 846 0331 A0       		.byte	-96
 847 0332 F0       		.byte	-16
 848 0333 41       		.byte	65
 849 0334 0C       		.byte	12
 850 0335 00       		.byte	0
 851 0336 00       		.byte	0
 852 0337 00       		.byte	0
 853 0338 00       		.byte	0
 854 0339 00       		.byte	0
 855 033a 02       		.byte	2
ARM GAS  C:\Users\jon\AppData\Local\Temp\ccoAg2dD.s 			page 16


 856 033b 12       		.byte	18
 857 033c 04       		.byte	4
 858 033d 04       		.byte	4
 859 033e 04       		.byte	4
 860 033f 04       		.byte	4
 861 0340 11       		.byte	17
 862 0341 11       		.byte	17
 863 0342 00       		.byte	0
 864 0343 01       		.byte	1
 865 0344 00       		.byte	0
 866 0345 00       		.byte	0
 867 0346 00       		.byte	0
 868 0347 00       		.byte	0
 869 0348 00       		.byte	0
 870 0349 00       		.byte	0
 871 034a 40       		.byte	64
 872 034b 02       		.byte	2
 873 034c 00       		.byte	0
 874 034d 10       		.byte	16
 875 034e 30       		.byte	48
 876 034f 10       		.byte	16
 877 0350 00       		.byte	0
 878 0351 10       		.byte	16
 879 0352 10       		.byte	16
 880 0353 12       		.byte	18
 881 0354 00       		.byte	0
 882 0355 00       		.byte	0
 883 0356 00       		.byte	0
 884 0357 00       		.byte	0
 885 0358 00       		.byte	0
 886 0359 00       		.byte	0
 887 035a 00       		.byte	0
 888 035b 00       		.byte	0
 889 035c 00       		.byte	0
 890 035d 00       		.byte	0
 891 035e 00       		.byte	0
 892 035f 00       		.byte	0
 893 0360 00       		.byte	0
 894 0361 00       		.byte	0
 895 0362 00       		.byte	0
 896 0363 00       		.byte	0
 897 0364 40       		.byte	64
 898 0365 0B       		.byte	11
 899 0366 0B       		.byte	11
 900 0367 00       		.byte	0
 901 0368 00       		.byte	0
 902 0369 00       		.byte	0
 903 036a 00       		.byte	0
 904 036b 00       		.byte	0
 905 036c 02       		.byte	2
 906 036d 0B       		.byte	11
 907 036e 09       		.byte	9
 908 036f 00       		.byte	0
 909 0370 03       		.byte	3
 910 0371 00       		.byte	0
 911 0372 00       		.byte	0
 912 0373 00       		.byte	0
ARM GAS  C:\Users\jon\AppData\Local\Temp\ccoAg2dD.s 			page 17


 913 0374 00       		.byte	0
 914 0375 00       		.byte	0
 915 0376 00       		.byte	0
 916 0377 00       		.byte	0
 917 0378 00       		.byte	0
 918 0379 00       		.byte	0
 919 037a 80       		.byte	-128
 920 037b 00       		.byte	0
 921              		.section	.cywolatch,"a",%progbits
 922              		.align	2
 923              		.type	cy_meta_wonvl, %object
 924              		.size	cy_meta_wonvl, 4
 925              	cy_meta_wonvl:
 926 0000 BC       		.byte	-68
 927 0001 90       		.byte	-112
 928 0002 AC       		.byte	-84
 929 0003 AF       		.byte	-81
 930              		.section	.cycustnvl,"a",%progbits
 931              		.align	2
 932              		.type	cy_meta_custnvl, %object
 933              		.size	cy_meta_custnvl, 4
 934              	cy_meta_custnvl:
 935 0000 00       		.byte	0
 936 0001 00       		.byte	0
 937 0002 40       		.byte	64
 938 0003 05       		.byte	5
 939              		.section	.cymeta,"a",%progbits
 940              		.align	2
 941              		.type	cy_metadata, %object
 942              		.size	cy_metadata, 12
 943              	cy_metadata:
 944 0000 00       		.byte	0
 945 0001 01       		.byte	1
 946 0002 2E       		.byte	46
 947 0003 16       		.byte	22
 948 0004 10       		.byte	16
 949 0005 69       		.byte	105
 950 0006 00       		.byte	0
 951 0007 01       		.byte	1
 952 0008 00       		.byte	0
 953 0009 00       		.byte	0
 954 000a 00       		.byte	0
 955 000b 00       		.byte	0
 956              		.section	.cyflashprotect,"a",%progbits
 957              		.align	2
 958              		.type	cy_meta_flashprotect, %object
 959              		.size	cy_meta_flashprotect, 256
 960              	cy_meta_flashprotect:
 961 0000 00000000 		.space	256
 961      00000000 
 961      00000000 
 961      00000000 
 961      00000000 
 962              		.text
 963              	.Letext0:
 964              		.file 1 "c:\\program files (x86)\\cypress\\psoc creator\\4.1\\psoc creator\\import\\gnu\\arm\\5.4.
 965              		.file 2 "c:\\program files (x86)\\cypress\\psoc creator\\4.1\\psoc creator\\import\\gnu\\arm\\5.4.
ARM GAS  C:\Users\jon\AppData\Local\Temp\ccoAg2dD.s 			page 18


 966              		.file 3 "Generated_Source\\PSoC5\\cymetadata.c"
 967              		.section	.debug_info,"",%progbits
 968              	.Ldebug_info0:
 969 0000 31010000 		.4byte	0x131
 970 0004 0400     		.2byte	0x4
 971 0006 00000000 		.4byte	.Ldebug_abbrev0
 972 000a 04       		.byte	0x4
 973 000b 01       		.uleb128 0x1
 974 000c 24000000 		.4byte	.LASF17
 975 0010 0C       		.byte	0xc
 976 0011 B8010000 		.4byte	.LASF18
 977 0015 7E010000 		.4byte	.LASF19
 978 0019 00000000 		.4byte	.Ldebug_line0
 979 001d 02       		.uleb128 0x2
 980 001e 01       		.byte	0x1
 981 001f 06       		.byte	0x6
 982 0020 72010000 		.4byte	.LASF0
 983 0024 03       		.uleb128 0x3
 984 0025 00000000 		.4byte	.LASF9
 985 0029 01       		.byte	0x1
 986 002a 1D       		.byte	0x1d
 987 002b 2F000000 		.4byte	0x2f
 988 002f 02       		.uleb128 0x2
 989 0030 01       		.byte	0x1
 990 0031 08       		.byte	0x8
 991 0032 16000000 		.4byte	.LASF1
 992 0036 02       		.uleb128 0x2
 993 0037 02       		.byte	0x2
 994 0038 05       		.byte	0x5
 995 0039 5F010000 		.4byte	.LASF2
 996 003d 02       		.uleb128 0x2
 997 003e 02       		.byte	0x2
 998 003f 07       		.byte	0x7
 999 0040 C4000000 		.4byte	.LASF3
 1000 0044 02       		.uleb128 0x2
 1001 0045 04       		.byte	0x4
 1002 0046 05       		.byte	0x5
 1003 0047 69010000 		.4byte	.LASF4
 1004 004b 02       		.uleb128 0x2
 1005 004c 04       		.byte	0x4
 1006 004d 07       		.byte	0x7
 1007 004e B2000000 		.4byte	.LASF5
 1008 0052 02       		.uleb128 0x2
 1009 0053 08       		.byte	0x8
 1010 0054 05       		.byte	0x5
 1011 0055 51010000 		.4byte	.LASF6
 1012 0059 02       		.uleb128 0x2
 1013 005a 08       		.byte	0x8
 1014 005b 07       		.byte	0x7
 1015 005c 06010000 		.4byte	.LASF7
 1016 0060 04       		.uleb128 0x4
 1017 0061 04       		.byte	0x4
 1018 0062 05       		.byte	0x5
 1019 0063 696E7400 		.ascii	"int\000"
 1020 0067 02       		.uleb128 0x2
 1021 0068 04       		.byte	0x4
 1022 0069 07       		.byte	0x7
ARM GAS  C:\Users\jon\AppData\Local\Temp\ccoAg2dD.s 			page 19


 1023 006a F9000000 		.4byte	.LASF8
 1024 006e 03       		.uleb128 0x3
 1025 006f 1D010000 		.4byte	.LASF10
 1026 0073 02       		.byte	0x2
 1027 0074 18       		.byte	0x18
 1028 0075 24000000 		.4byte	0x24
 1029 0079 05       		.uleb128 0x5
 1030 007a 91000000 		.4byte	0x91
 1031 007e 8A000000 		.4byte	0x8a
 1032 0082 06       		.uleb128 0x6
 1033 0083 8A000000 		.4byte	0x8a
 1034 0087 7B03     		.2byte	0x37b
 1035 0089 00       		.byte	0
 1036 008a 02       		.uleb128 0x2
 1037 008b 04       		.byte	0x4
 1038 008c 07       		.byte	0x7
 1039 008d 48010000 		.4byte	.LASF11
 1040 0091 07       		.uleb128 0x7
 1041 0092 6E000000 		.4byte	0x6e
 1042 0096 08       		.uleb128 0x8
 1043 0097 E7000000 		.4byte	.LASF12
 1044 009b 03       		.byte	0x3
 1045 009c 1F       		.byte	0x1f
 1046 009d A7000000 		.4byte	0xa7
 1047 00a1 05       		.uleb128 0x5
 1048 00a2 03       		.byte	0x3
 1049 00a3 00000000 		.4byte	cy_meta_configecc
 1050 00a7 07       		.uleb128 0x7
 1051 00a8 79000000 		.4byte	0x79
 1052 00ac 05       		.uleb128 0x5
 1053 00ad 91000000 		.4byte	0x91
 1054 00b1 BC000000 		.4byte	0xbc
 1055 00b5 09       		.uleb128 0x9
 1056 00b6 8A000000 		.4byte	0x8a
 1057 00ba 03       		.byte	0x3
 1058 00bb 00       		.byte	0
 1059 00bc 08       		.uleb128 0x8
 1060 00bd D7000000 		.4byte	.LASF13
 1061 00c1 03       		.byte	0x3
 1062 00c2 9C       		.byte	0x9c
 1063 00c3 CD000000 		.4byte	0xcd
 1064 00c7 05       		.uleb128 0x5
 1065 00c8 03       		.byte	0x3
 1066 00c9 00000000 		.4byte	cy_meta_custnvl
 1067 00cd 07       		.uleb128 0x7
 1068 00ce AC000000 		.4byte	0xac
 1069 00d2 08       		.uleb128 0x8
 1070 00d3 3A010000 		.4byte	.LASF14
 1071 00d7 03       		.byte	0x3
 1072 00d8 AA       		.byte	0xaa
 1073 00d9 E3000000 		.4byte	0xe3
 1074 00dd 05       		.uleb128 0x5
 1075 00de 03       		.byte	0x3
 1076 00df 00000000 		.4byte	cy_meta_wonvl
 1077 00e3 07       		.uleb128 0x7
 1078 00e4 AC000000 		.4byte	0xac
 1079 00e8 05       		.uleb128 0x5
ARM GAS  C:\Users\jon\AppData\Local\Temp\ccoAg2dD.s 			page 20


 1080 00e9 91000000 		.4byte	0x91
 1081 00ed F8000000 		.4byte	0xf8
 1082 00f1 09       		.uleb128 0x9
 1083 00f2 8A000000 		.4byte	0x8a
 1084 00f6 FF       		.byte	0xff
 1085 00f7 00       		.byte	0
 1086 00f8 08       		.uleb128 0x8
 1087 00f9 25010000 		.4byte	.LASF15
 1088 00fd 03       		.byte	0x3
 1089 00fe B8       		.byte	0xb8
 1090 00ff 09010000 		.4byte	0x109
 1091 0103 05       		.uleb128 0x5
 1092 0104 03       		.byte	0x3
 1093 0105 00000000 		.4byte	cy_meta_flashprotect
 1094 0109 07       		.uleb128 0x7
 1095 010a E8000000 		.4byte	0xe8
 1096 010e 05       		.uleb128 0x5
 1097 010f 91000000 		.4byte	0x91
 1098 0113 1E010000 		.4byte	0x11e
 1099 0117 09       		.uleb128 0x9
 1100 0118 8A000000 		.4byte	0x8a
 1101 011c 0B       		.byte	0xb
 1102 011d 00       		.byte	0
 1103 011e 08       		.uleb128 0x8
 1104 011f 0A000000 		.4byte	.LASF16
 1105 0123 03       		.byte	0x3
 1106 0124 E5       		.byte	0xe5
 1107 0125 2F010000 		.4byte	0x12f
 1108 0129 05       		.uleb128 0x5
 1109 012a 03       		.byte	0x3
 1110 012b 00000000 		.4byte	cy_metadata
 1111 012f 07       		.uleb128 0x7
 1112 0130 0E010000 		.4byte	0x10e
 1113 0134 00       		.byte	0
 1114              		.section	.debug_abbrev,"",%progbits
 1115              	.Ldebug_abbrev0:
 1116 0000 01       		.uleb128 0x1
 1117 0001 11       		.uleb128 0x11
 1118 0002 01       		.byte	0x1
 1119 0003 25       		.uleb128 0x25
 1120 0004 0E       		.uleb128 0xe
 1121 0005 13       		.uleb128 0x13
 1122 0006 0B       		.uleb128 0xb
 1123 0007 03       		.uleb128 0x3
 1124 0008 0E       		.uleb128 0xe
 1125 0009 1B       		.uleb128 0x1b
 1126 000a 0E       		.uleb128 0xe
 1127 000b 10       		.uleb128 0x10
 1128 000c 17       		.uleb128 0x17
 1129 000d 00       		.byte	0
 1130 000e 00       		.byte	0
 1131 000f 02       		.uleb128 0x2
 1132 0010 24       		.uleb128 0x24
 1133 0011 00       		.byte	0
 1134 0012 0B       		.uleb128 0xb
 1135 0013 0B       		.uleb128 0xb
 1136 0014 3E       		.uleb128 0x3e
ARM GAS  C:\Users\jon\AppData\Local\Temp\ccoAg2dD.s 			page 21


 1137 0015 0B       		.uleb128 0xb
 1138 0016 03       		.uleb128 0x3
 1139 0017 0E       		.uleb128 0xe
 1140 0018 00       		.byte	0
 1141 0019 00       		.byte	0
 1142 001a 03       		.uleb128 0x3
 1143 001b 16       		.uleb128 0x16
 1144 001c 00       		.byte	0
 1145 001d 03       		.uleb128 0x3
 1146 001e 0E       		.uleb128 0xe
 1147 001f 3A       		.uleb128 0x3a
 1148 0020 0B       		.uleb128 0xb
 1149 0021 3B       		.uleb128 0x3b
 1150 0022 0B       		.uleb128 0xb
 1151 0023 49       		.uleb128 0x49
 1152 0024 13       		.uleb128 0x13
 1153 0025 00       		.byte	0
 1154 0026 00       		.byte	0
 1155 0027 04       		.uleb128 0x4
 1156 0028 24       		.uleb128 0x24
 1157 0029 00       		.byte	0
 1158 002a 0B       		.uleb128 0xb
 1159 002b 0B       		.uleb128 0xb
 1160 002c 3E       		.uleb128 0x3e
 1161 002d 0B       		.uleb128 0xb
 1162 002e 03       		.uleb128 0x3
 1163 002f 08       		.uleb128 0x8
 1164 0030 00       		.byte	0
 1165 0031 00       		.byte	0
 1166 0032 05       		.uleb128 0x5
 1167 0033 01       		.uleb128 0x1
 1168 0034 01       		.byte	0x1
 1169 0035 49       		.uleb128 0x49
 1170 0036 13       		.uleb128 0x13
 1171 0037 01       		.uleb128 0x1
 1172 0038 13       		.uleb128 0x13
 1173 0039 00       		.byte	0
 1174 003a 00       		.byte	0
 1175 003b 06       		.uleb128 0x6
 1176 003c 21       		.uleb128 0x21
 1177 003d 00       		.byte	0
 1178 003e 49       		.uleb128 0x49
 1179 003f 13       		.uleb128 0x13
 1180 0040 2F       		.uleb128 0x2f
 1181 0041 05       		.uleb128 0x5
 1182 0042 00       		.byte	0
 1183 0043 00       		.byte	0
 1184 0044 07       		.uleb128 0x7
 1185 0045 26       		.uleb128 0x26
 1186 0046 00       		.byte	0
 1187 0047 49       		.uleb128 0x49
 1188 0048 13       		.uleb128 0x13
 1189 0049 00       		.byte	0
 1190 004a 00       		.byte	0
 1191 004b 08       		.uleb128 0x8
 1192 004c 34       		.uleb128 0x34
 1193 004d 00       		.byte	0
ARM GAS  C:\Users\jon\AppData\Local\Temp\ccoAg2dD.s 			page 22


 1194 004e 03       		.uleb128 0x3
 1195 004f 0E       		.uleb128 0xe
 1196 0050 3A       		.uleb128 0x3a
 1197 0051 0B       		.uleb128 0xb
 1198 0052 3B       		.uleb128 0x3b
 1199 0053 0B       		.uleb128 0xb
 1200 0054 49       		.uleb128 0x49
 1201 0055 13       		.uleb128 0x13
 1202 0056 3F       		.uleb128 0x3f
 1203 0057 19       		.uleb128 0x19
 1204 0058 02       		.uleb128 0x2
 1205 0059 18       		.uleb128 0x18
 1206 005a 00       		.byte	0
 1207 005b 00       		.byte	0
 1208 005c 09       		.uleb128 0x9
 1209 005d 21       		.uleb128 0x21
 1210 005e 00       		.byte	0
 1211 005f 49       		.uleb128 0x49
 1212 0060 13       		.uleb128 0x13
 1213 0061 2F       		.uleb128 0x2f
 1214 0062 0B       		.uleb128 0xb
 1215 0063 00       		.byte	0
 1216 0064 00       		.byte	0
 1217 0065 00       		.byte	0
 1218              		.section	.debug_aranges,"",%progbits
 1219 0000 14000000 		.4byte	0x14
 1220 0004 0200     		.2byte	0x2
 1221 0006 00000000 		.4byte	.Ldebug_info0
 1222 000a 04       		.byte	0x4
 1223 000b 00       		.byte	0
 1224 000c 0000     		.2byte	0
 1225 000e 0000     		.2byte	0
 1226 0010 00000000 		.4byte	0
 1227 0014 00000000 		.4byte	0
 1228              		.section	.debug_line,"",%progbits
 1229              	.Ldebug_line0:
 1230 0000 3D010000 		.section	.debug_str,"MS",%progbits,1
 1230      02003701 
 1230      00000201 
 1230      FB0E0D00 
 1230      01010101 
 1231              	.LASF9:
 1232 0000 5F5F7569 		.ascii	"__uint8_t\000"
 1232      6E74385F 
 1232      7400
 1233              	.LASF16:
 1234 000a 63795F6D 		.ascii	"cy_metadata\000"
 1234      65746164 
 1234      61746100 
 1235              	.LASF1:
 1236 0016 756E7369 		.ascii	"unsigned char\000"
 1236      676E6564 
 1236      20636861 
 1236      7200
 1237              	.LASF17:
 1238 0024 474E5520 		.ascii	"GNU C11 5.4.1 20160609 (release) [ARM/embedded-5-br"
 1238      43313120 
ARM GAS  C:\Users\jon\AppData\Local\Temp\ccoAg2dD.s 			page 23


 1238      352E342E 
 1238      31203230 
 1238      31363036 
 1239 0057 616E6368 		.ascii	"anch revision 237715] -mcpu=cortex-m3 -mthumb -g -O"
 1239      20726576 
 1239      6973696F 
 1239      6E203233 
 1239      37373135 
 1240 008a 67202D66 		.ascii	"g -ffunction-sections -ffat-lto-objects\000"
 1240      66756E63 
 1240      74696F6E 
 1240      2D736563 
 1240      74696F6E 
 1241              	.LASF5:
 1242 00b2 6C6F6E67 		.ascii	"long unsigned int\000"
 1242      20756E73 
 1242      69676E65 
 1242      6420696E 
 1242      7400
 1243              	.LASF3:
 1244 00c4 73686F72 		.ascii	"short unsigned int\000"
 1244      7420756E 
 1244      7369676E 
 1244      65642069 
 1244      6E7400
 1245              	.LASF13:
 1246 00d7 63795F6D 		.ascii	"cy_meta_custnvl\000"
 1246      6574615F 
 1246      63757374 
 1246      6E766C00 
 1247              	.LASF12:
 1248 00e7 63795F6D 		.ascii	"cy_meta_configecc\000"
 1248      6574615F 
 1248      636F6E66 
 1248      69676563 
 1248      6300
 1249              	.LASF8:
 1250 00f9 756E7369 		.ascii	"unsigned int\000"
 1250      676E6564 
 1250      20696E74 
 1250      00
 1251              	.LASF7:
 1252 0106 6C6F6E67 		.ascii	"long long unsigned int\000"
 1252      206C6F6E 
 1252      6720756E 
 1252      7369676E 
 1252      65642069 
 1253              	.LASF10:
 1254 011d 75696E74 		.ascii	"uint8_t\000"
 1254      385F7400 
 1255              	.LASF15:
 1256 0125 63795F6D 		.ascii	"cy_meta_flashprotect\000"
 1256      6574615F 
 1256      666C6173 
 1256      6870726F 
 1256      74656374 
 1257              	.LASF14:
ARM GAS  C:\Users\jon\AppData\Local\Temp\ccoAg2dD.s 			page 24


 1258 013a 63795F6D 		.ascii	"cy_meta_wonvl\000"
 1258      6574615F 
 1258      776F6E76 
 1258      6C00
 1259              	.LASF11:
 1260 0148 73697A65 		.ascii	"sizetype\000"
 1260      74797065 
 1260      00
 1261              	.LASF6:
 1262 0151 6C6F6E67 		.ascii	"long long int\000"
 1262      206C6F6E 
 1262      6720696E 
 1262      7400
 1263              	.LASF2:
 1264 015f 73686F72 		.ascii	"short int\000"
 1264      7420696E 
 1264      7400
 1265              	.LASF4:
 1266 0169 6C6F6E67 		.ascii	"long int\000"
 1266      20696E74 
 1266      00
 1267              	.LASF0:
 1268 0172 7369676E 		.ascii	"signed char\000"
 1268      65642063 
 1268      68617200 
 1269              	.LASF19:
 1270 017e 433A5C55 		.ascii	"C:\\Users\\jon\\Sync\\Research\\PSoC Projects\\Cont"
 1270      73657273 
 1270      5C6A6F6E 
 1270      5C53796E 
 1270      635C5265 
 1271 01ab 726F6C6C 		.ascii	"roller.cydsn\000"
 1271      65722E63 
 1271      7964736E 
 1271      00
 1272              	.LASF18:
 1273 01b8 47656E65 		.ascii	"Generated_Source\\PSoC5\\cymetadata.c\000"
 1273      72617465 
 1273      645F536F 
 1273      75726365 
 1273      5C50536F 
 1274              		.ident	"GCC: (GNU Tools for ARM Embedded Processors) 5.4.1 20160609 (release) [ARM/embedded-5-bran
