ARM GAS  C:\Users\jon\AppData\Local\Temp\cctJlhdb.s 			page 1


   1              		.syntax unified
   2              		.cpu cortex-m3
   3              		.fpu softvfp
   4              		.eabi_attribute 20, 1
   5              		.eabi_attribute 21, 1
   6              		.eabi_attribute 23, 3
   7              		.eabi_attribute 24, 1
   8              		.eabi_attribute 25, 1
   9              		.eabi_attribute 26, 1
  10              		.eabi_attribute 30, 1
  11              		.eabi_attribute 34, 1
  12              		.eabi_attribute 18, 4
  13              		.thumb
  14              		.syntax unified
  15              		.file	"main.c"
  16              		.text
  17              	.Ltext0:
  18              		.cfi_sections	.debug_frame
  19              		.global	__aeabi_f2d
  20              		.global	__aeabi_dmul
  21              		.global	__aeabi_dadd
  22              		.global	__aeabi_ddiv
  23              		.global	__aeabi_d2uiz
  24              		.section	.text.set_throttle,"ax",%progbits
  25              		.align	2
  26              		.global	set_throttle
  27              		.thumb
  28              		.thumb_func
  29              		.type	set_throttle, %function
  30              	set_throttle:
  31              	.LFB65:
  32              		.file 1 "main.c"
   1:main.c        **** /* ========================================
   2:main.c        ****  *
   3:main.c        ****  * Copyright YOUR COMPANY, THE YEAR
   4:main.c        ****  * All Rights Reserved
   5:main.c        ****  * UNPUBLISHED, LICENSED SOFTWARE.
   6:main.c        ****  *
   7:main.c        ****  * CONFIDENTIAL AND PROPRIETARY INFORMATION
   8:main.c        ****  * WHICH IS THE PROPERTY OF your company.
   9:main.c        ****  *
  10:main.c        ****  * ========================================
  11:main.c        **** */
  12:main.c        **** #include <stdio.h>
  13:main.c        **** #include <string.h>
  14:main.c        **** #include <stdlib.h>
  15:main.c        **** #include <math.h>
  16:main.c        **** #include "project.h"
  17:main.c        **** #include "sbus.h"
  18:main.c        **** #define MIN_THROTTLE_VOLTAGE 0.902
  19:main.c        **** #define MAX_THROTTLE_VOLTAGE 4.0
  20:main.c        **** // 3.659
  21:main.c        **** 
  22:main.c        **** #define CUTOFF_CH 5
  23:main.c        **** #define THROTTLE_CH 1
  24:main.c        **** #define STEERING_CH 2
  25:main.c        **** #define BRAKE_CH 3
ARM GAS  C:\Users\jon\AppData\Local\Temp\cctJlhdb.s 			page 2


  26:main.c        **** 
  27:main.c        **** #define MAX_BRAKE_VAL 6000
  28:main.c        **** #define MIN_BRAKE_VAL 1000
  29:main.c        **** 
  30:main.c        **** 
  31:main.c        **** 
  32:main.c        **** /* power between 0 and 1 */
  33:main.c        **** void set_throttle(float power);
  34:main.c        **** void set_brake(float brake);
  35:main.c        **** void set_steering(float angle);
  36:main.c        **** 
  37:main.c        **** //CY_ISR_PROTO(throttle_handler);
  38:main.c        **** 
  39:main.c        **** int main(void)
  40:main.c        **** {
  41:main.c        ****     //char sendStr[80];
  42:main.c        ****     CyGlobalIntEnable; /* Enable global interrupts. */
  43:main.c        ****     //float speed;
  44:main.c        ****     /* Place your initialization/startup code here (e.g. MyInst_Start()) */
  45:main.c        ****     Throttle_Start();
  46:main.c        ****     PWM_1_Start();
  47:main.c        ****     //Throttle_Enable();
  48:main.c        ****     
  49:main.c        ****     //isr_1_StartEx(throttle_handler);
  50:main.c        ****     
  51:main.c        ****     sbus_begin();
  52:main.c        ****     CyDelay(50); // Wait for the SBUS to receive data
  53:main.c        ****     //USBUART_1_Start(0, USBUART_1_5V_OPERATION); // Start the USB UART
  54:main.c        ****     //while(!USBUART_1_bGetConfiguration());
  55:main.c        ****     //USBUART_1_CDC_Init();
  56:main.c        ****     //PWM_1_Start();
  57:main.c        ****     Opamp_Throttle_Start();
  58:main.c        ****     for(;;)
  59:main.c        ****     {
  60:main.c        ****         //sprintf(sendStr, "%d", sbus_getFrameLoss());
  61:main.c        ****         //USBUART_1_PutString(sendStr);
  62:main.c        ****         CyDelay(50);
  63:main.c        ****         //USBUART_1_PutString("\n\r");
  64:main.c        ****         set_steering(sbus_getNormalizedChannel(STEERING_CH));
  65:main.c        ****         if (sbus_getNormalizedChannel(CUTOFF_CH) < 0 && !sbus_getFailsafeStatus()) { // cutoff swit
  66:main.c        ****             if (sbus_getNormalizedChannel(BRAKE_CH) > -5) { // brake is not applied
  67:main.c        ****                 set_brake(0);
  68:main.c        ****                 set_throttle((float)(sbus_getNormalizedChannel(THROTTLE_CH) + 100) / 200.);
  69:main.c        ****                 CyDelay(50);
  70:main.c        ****             } else { // brake is applied
  71:main.c        ****                 set_throttle(0);
  72:main.c        ****                 set_brake(((float)sbus_getNormalizedChannel(BRAKE_CH))/-100.0);
  73:main.c        ****                 // braking action here
  74:main.c        ****             }
  75:main.c        ****         } else {
  76:main.c        ****             set_throttle(0);
  77:main.c        ****             set_brake(.7);
  78:main.c        ****             // emergency braking and actions
  79:main.c        ****         }
  80:main.c        ****     }
  81:main.c        **** }
  82:main.c        **** 
ARM GAS  C:\Users\jon\AppData\Local\Temp\cctJlhdb.s 			page 3


  83:main.c        **** void set_throttle(float power)
  84:main.c        **** {
  33              		.loc 1 84 0
  34              		.cfi_startproc
  35              		@ args = 0, pretend = 0, frame = 0
  36              		@ frame_needed = 0, uses_anonymous_args = 0
  37              	.LVL0:
  38 0000 08B5     		push	{r3, lr}
  39              		.cfi_def_cfa_offset 8
  40              		.cfi_offset 3, -8
  41              		.cfi_offset 14, -4
  85:main.c        ****     Throttle_SetValue((char)(255.* (((MAX_THROTTLE_VOLTAGE - MIN_THROTTLE_VOLTAGE) * power + MIN_TH
  42              		.loc 1 85 0
  43 0002 FFF7FEFF 		bl	__aeabi_f2d
  44              	.LVL1:
  45 0006 0EA3     		adr	r3, .L3
  46 0008 D3E90023 		ldrd	r2, [r3]
  47 000c FFF7FEFF 		bl	__aeabi_dmul
  48              	.LVL2:
  49 0010 0DA3     		adr	r3, .L3+8
  50 0012 D3E90023 		ldrd	r2, [r3]
  51 0016 FFF7FEFF 		bl	__aeabi_dadd
  52              	.LVL3:
  53 001a 0DA3     		adr	r3, .L3+16
  54 001c D3E90023 		ldrd	r2, [r3]
  55 0020 FFF7FEFF 		bl	__aeabi_ddiv
  56              	.LVL4:
  57 0024 0CA3     		adr	r3, .L3+24
  58 0026 D3E90023 		ldrd	r2, [r3]
  59 002a FFF7FEFF 		bl	__aeabi_dmul
  60              	.LVL5:
  61 002e FFF7FEFF 		bl	__aeabi_d2uiz
  62              	.LVL6:
  63 0032 C0B2     		uxtb	r0, r0
  64 0034 FFF7FEFF 		bl	Throttle_SetValue
  65              	.LVL7:
  66 0038 08BD     		pop	{r3, pc}
  67              	.L4:
  68 003a 00BFAFF3 		.align	3
  68      0080
  69              	.L3:
  70 0040 62105839 		.word	962072674
  71 0044 B4C80840 		.word	1074317492
  72 0048 77BE9F1A 		.word	446676599
  73 004c 2FDDEC3F 		.word	1072487727
  74 0050 FCA9F1D2 		.word	-755914244
  75 0054 4D621040 		.word	1074815565
  76 0058 00000000 		.word	0
  77 005c 00E06F40 		.word	1081073664
  78              		.cfi_endproc
  79              	.LFE65:
  80              		.size	set_throttle, .-set_throttle
  81              		.global	__aeabi_fmul
  82              		.global	__aeabi_fadd
  83              		.global	__aeabi_f2uiz
  84              		.section	.text.set_brake,"ax",%progbits
  85              		.align	2
ARM GAS  C:\Users\jon\AppData\Local\Temp\cctJlhdb.s 			page 4


  86              		.global	set_brake
  87              		.thumb
  88              		.thumb_func
  89              		.type	set_brake, %function
  90              	set_brake:
  91              	.LFB66:
  86:main.c        **** }
  87:main.c        **** 
  88:main.c        **** void set_brake(float brake) {
  92              		.loc 1 88 0
  93              		.cfi_startproc
  94              		@ args = 0, pretend = 0, frame = 0
  95              		@ frame_needed = 0, uses_anonymous_args = 0
  96              	.LVL8:
  97 0000 08B5     		push	{r3, lr}
  98              		.cfi_def_cfa_offset 8
  99              		.cfi_offset 3, -8
 100              		.cfi_offset 14, -4
  89:main.c        ****     PWM_1_WriteCompare1(MIN_BRAKE_VAL + (MAX_BRAKE_VAL-MIN_BRAKE_VAL)*brake);
 101              		.loc 1 89 0
 102 0002 0649     		ldr	r1, .L7
 103 0004 FFF7FEFF 		bl	__aeabi_fmul
 104              	.LVL9:
 105 0008 0549     		ldr	r1, .L7+4
 106 000a FFF7FEFF 		bl	__aeabi_fadd
 107              	.LVL10:
 108 000e FFF7FEFF 		bl	__aeabi_f2uiz
 109              	.LVL11:
 110 0012 80B2     		uxth	r0, r0
 111 0014 FFF7FEFF 		bl	PWM_1_WriteCompare1
 112              	.LVL12:
 113 0018 08BD     		pop	{r3, pc}
 114              	.L8:
 115 001a 00BF     		.align	2
 116              	.L7:
 117 001c 00409C45 		.word	1167867904
 118 0020 00007A44 		.word	1148846080
 119              		.cfi_endproc
 120              	.LFE66:
 121              		.size	set_brake, .-set_brake
 122              		.global	__aeabi_fcmplt
 123              		.global	__aeabi_f2iz
 124              		.section	.text.set_steering,"ax",%progbits
 125              		.align	2
 126              		.global	set_steering
 127              		.thumb
 128              		.thumb_func
 129              		.type	set_steering, %function
 130              	set_steering:
 131              	.LFB67:
  90:main.c        **** }
  91:main.c        **** 
  92:main.c        **** void set_steering(float angle) {
 132              		.loc 1 92 0
 133              		.cfi_startproc
 134              		@ args = 0, pretend = 0, frame = 0
 135              		@ frame_needed = 0, uses_anonymous_args = 0
ARM GAS  C:\Users\jon\AppData\Local\Temp\cctJlhdb.s 			page 5


 136              	.LVL13:
 137 0000 10B5     		push	{r4, lr}
 138              		.cfi_def_cfa_offset 8
 139              		.cfi_offset 4, -8
 140              		.cfi_offset 14, -4
 141 0002 0446     		mov	r4, r0
  93:main.c        ****     if(angle < 0) {
 142              		.loc 1 93 0
 143 0004 0021     		movs	r1, #0
 144 0006 FFF7FEFF 		bl	__aeabi_fcmplt
 145              	.LVL14:
 146 000a 18B1     		cbz	r0, .L14
  94:main.c        ****         Steering_Direction_Write(1);
 147              		.loc 1 94 0
 148 000c 0120     		movs	r0, #1
 149 000e FFF7FEFF 		bl	Steering_Direction_Write
 150              	.LVL15:
 151 0012 02E0     		b	.L12
 152              	.L14:
  95:main.c        ****     } else {
  96:main.c        ****         Steering_Direction_Write(0);
 153              		.loc 1 96 0
 154 0014 0020     		movs	r0, #0
 155 0016 FFF7FEFF 		bl	Steering_Direction_Write
 156              	.LVL16:
 157              	.L12:
  97:main.c        ****     }
  98:main.c        ****     PWM_1_WriteCompare2(655*abs((int)angle));
 158              		.loc 1 98 0
 159 001a 2046     		mov	r0, r4
 160 001c FFF7FEFF 		bl	__aeabi_f2iz
 161              	.LVL17:
 162 0020 0028     		cmp	r0, #0
 163 0022 B8BF     		it	lt
 164 0024 4042     		rsblt	r0, r0, #0
 165 0026 00EB8013 		add	r3, r0, r0, lsl #6
 166 002a 00EB4300 		add	r0, r0, r3, lsl #1
 167 002e 00EB8000 		add	r0, r0, r0, lsl #2
 168 0032 80B2     		uxth	r0, r0
 169 0034 FFF7FEFF 		bl	PWM_1_WriteCompare2
 170              	.LVL18:
 171 0038 10BD     		pop	{r4, pc}
 172              		.cfi_endproc
 173              	.LFE67:
 174              		.size	set_steering, .-set_steering
 175              		.global	__aeabi_i2f
 176              		.global	__aeabi_fdiv
 177 003a 00BF     		.section	.text.main,"ax",%progbits
 178              		.align	2
 179              		.global	main
 180              		.thumb
 181              		.thumb_func
 182              		.type	main, %function
 183              	main:
 184              	.LFB64:
  40:main.c        ****     //char sendStr[80];
 185              		.loc 1 40 0
ARM GAS  C:\Users\jon\AppData\Local\Temp\cctJlhdb.s 			page 6


 186              		.cfi_startproc
 187              		@ Volatile: function does not return.
 188              		@ args = 0, pretend = 0, frame = 0
 189              		@ frame_needed = 0, uses_anonymous_args = 0
 190 0000 08B5     		push	{r3, lr}
 191              		.cfi_def_cfa_offset 8
 192              		.cfi_offset 3, -8
 193              		.cfi_offset 14, -4
  42:main.c        ****     //float speed;
 194              		.loc 1 42 0
 195              		.syntax unified
 196              	@ 42 "main.c" 1
 197 0002 62B6     		CPSIE   i
 198              	@ 0 "" 2
  45:main.c        ****     PWM_1_Start();
 199              		.loc 1 45 0
 200              		.thumb
 201              		.syntax unified
 202 0004 FFF7FEFF 		bl	Throttle_Start
 203              	.LVL19:
  46:main.c        ****     //Throttle_Enable();
 204              		.loc 1 46 0
 205 0008 FFF7FEFF 		bl	PWM_1_Start
 206              	.LVL20:
  51:main.c        ****     CyDelay(50); // Wait for the SBUS to receive data
 207              		.loc 1 51 0
 208 000c FFF7FEFF 		bl	sbus_begin
 209              	.LVL21:
  52:main.c        ****     //USBUART_1_Start(0, USBUART_1_5V_OPERATION); // Start the USB UART
 210              		.loc 1 52 0
 211 0010 3220     		movs	r0, #50
 212 0012 FFF7FEFF 		bl	CyDelay
 213              	.LVL22:
  57:main.c        ****     for(;;)
 214              		.loc 1 57 0
 215 0016 FFF7FEFF 		bl	Opamp_Throttle_Start
 216              	.LVL23:
 217              	.L17:
  62:main.c        ****         //USBUART_1_PutString("\n\r");
 218              		.loc 1 62 0
 219 001a 3220     		movs	r0, #50
 220 001c FFF7FEFF 		bl	CyDelay
 221              	.LVL24:
  64:main.c        ****         if (sbus_getNormalizedChannel(CUTOFF_CH) < 0 && !sbus_getFailsafeStatus()) { // cutoff swit
 222              		.loc 1 64 0
 223 0020 0220     		movs	r0, #2
 224 0022 FFF7FEFF 		bl	sbus_getNormalizedChannel
 225              	.LVL25:
 226 0026 FFF7FEFF 		bl	__aeabi_i2f
 227              	.LVL26:
 228 002a FFF7FEFF 		bl	set_steering
 229              	.LVL27:
  65:main.c        ****             if (sbus_getNormalizedChannel(BRAKE_CH) > -5) { // brake is not applied
 230              		.loc 1 65 0
 231 002e 0520     		movs	r0, #5
 232 0030 FFF7FEFF 		bl	sbus_getNormalizedChannel
 233              	.LVL28:
ARM GAS  C:\Users\jon\AppData\Local\Temp\cctJlhdb.s 			page 7


 234 0034 0028     		cmp	r0, #0
 235 0036 28DA     		bge	.L18
  65:main.c        ****             if (sbus_getNormalizedChannel(BRAKE_CH) > -5) { // brake is not applied
 236              		.loc 1 65 0 is_stmt 0 discriminator 1
 237 0038 FFF7FEFF 		bl	sbus_getFailsafeStatus
 238              	.LVL29:
 239 003c 28BB     		cbnz	r0, .L18
  66:main.c        ****                 set_brake(0);
 240              		.loc 1 66 0 is_stmt 1
 241 003e 0320     		movs	r0, #3
 242 0040 FFF7FEFF 		bl	sbus_getNormalizedChannel
 243              	.LVL30:
 244 0044 10F1040F 		cmn	r0, #4
 245 0048 11DB     		blt	.L19
  67:main.c        ****                 set_throttle((float)(sbus_getNormalizedChannel(THROTTLE_CH) + 100) / 200.);
 246              		.loc 1 67 0
 247 004a 0020     		movs	r0, #0
 248 004c FFF7FEFF 		bl	set_brake
 249              	.LVL31:
  68:main.c        ****                 CyDelay(50);
 250              		.loc 1 68 0
 251 0050 0120     		movs	r0, #1
 252 0052 FFF7FEFF 		bl	sbus_getNormalizedChannel
 253              	.LVL32:
 254 0056 6430     		adds	r0, r0, #100
 255 0058 FFF7FEFF 		bl	__aeabi_i2f
 256              	.LVL33:
 257 005c 0E49     		ldr	r1, .L22
 258 005e FFF7FEFF 		bl	__aeabi_fdiv
 259              	.LVL34:
 260 0062 FFF7FEFF 		bl	set_throttle
 261              	.LVL35:
  69:main.c        ****             } else { // brake is applied
 262              		.loc 1 69 0
 263 0066 3220     		movs	r0, #50
 264 0068 FFF7FEFF 		bl	CyDelay
 265              	.LVL36:
 266 006c D5E7     		b	.L17
 267              	.L19:
  71:main.c        ****                 set_brake(((float)sbus_getNormalizedChannel(BRAKE_CH))/-100.0);
 268              		.loc 1 71 0
 269 006e 0020     		movs	r0, #0
 270 0070 FFF7FEFF 		bl	set_throttle
 271              	.LVL37:
  72:main.c        ****                 // braking action here
 272              		.loc 1 72 0
 273 0074 0320     		movs	r0, #3
 274 0076 FFF7FEFF 		bl	sbus_getNormalizedChannel
 275              	.LVL38:
 276 007a FFF7FEFF 		bl	__aeabi_i2f
 277              	.LVL39:
 278 007e 0749     		ldr	r1, .L22+4
 279 0080 FFF7FEFF 		bl	__aeabi_fdiv
 280              	.LVL40:
 281 0084 FFF7FEFF 		bl	set_brake
 282              	.LVL41:
 283 0088 C7E7     		b	.L17
ARM GAS  C:\Users\jon\AppData\Local\Temp\cctJlhdb.s 			page 8


 284              	.L18:
  76:main.c        ****             set_brake(.7);
 285              		.loc 1 76 0
 286 008a 0020     		movs	r0, #0
 287 008c FFF7FEFF 		bl	set_throttle
 288              	.LVL42:
  77:main.c        ****             // emergency braking and actions
 289              		.loc 1 77 0
 290 0090 0348     		ldr	r0, .L22+8
 291 0092 FFF7FEFF 		bl	set_brake
 292              	.LVL43:
 293 0096 C0E7     		b	.L17
 294              	.L23:
 295              		.align	2
 296              	.L22:
 297 0098 00004843 		.word	1128792064
 298 009c 0000C8C2 		.word	-1027080192
 299 00a0 3333333F 		.word	1060320051
 300              		.cfi_endproc
 301              	.LFE64:
 302              		.size	main, .-main
 303              		.text
 304              	.Letext0:
 305              		.file 2 "c:\\program files (x86)\\cypress\\psoc creator\\4.1\\psoc creator\\import\\gnu\\arm\\5.4.
 306              		.file 3 "c:\\program files (x86)\\cypress\\psoc creator\\4.1\\psoc creator\\import\\gnu\\arm\\5.4.
 307              		.file 4 "Generated_Source\\PSoC5/Throttle.h"
 308              		.file 5 "Generated_Source\\PSoC5/PWM_1.h"
 309              		.file 6 "Generated_Source\\PSoC5/Steering_Direction.h"
 310              		.file 7 "sbus.h"
 311              		.file 8 "Generated_Source\\PSoC5/CyLib.h"
 312              		.file 9 "Generated_Source\\PSoC5/Opamp_Throttle.h"
 313              		.file 10 "Generated_Source\\PSoC5/core_cm3.h"
 314              		.section	.debug_info,"",%progbits
 315              	.Ldebug_info0:
 316 0000 FC020000 		.4byte	0x2fc
 317 0004 0400     		.2byte	0x4
 318 0006 00000000 		.4byte	.Ldebug_abbrev0
 319 000a 04       		.byte	0x4
 320 000b 01       		.uleb128 0x1
 321 000c A4000000 		.4byte	.LASF33
 322 0010 0C       		.byte	0xc
 323 0011 00020000 		.4byte	.LASF34
 324 0015 3F020000 		.4byte	.LASF35
 325 0019 00000000 		.4byte	.Ldebug_ranges0+0
 326 001d 00000000 		.4byte	0
 327 0021 00000000 		.4byte	.Ldebug_line0
 328 0025 02       		.uleb128 0x2
 329 0026 04       		.byte	0x4
 330 0027 04       		.byte	0x4
 331 0028 79000000 		.4byte	.LASF0
 332 002c 02       		.uleb128 0x2
 333 002d 01       		.byte	0x1
 334 002e 06       		.byte	0x6
 335 002f 33020000 		.4byte	.LASF1
 336 0033 02       		.uleb128 0x2
 337 0034 01       		.byte	0x1
 338 0035 08       		.byte	0x8
ARM GAS  C:\Users\jon\AppData\Local\Temp\cctJlhdb.s 			page 9


 339 0036 96000000 		.4byte	.LASF2
 340 003a 02       		.uleb128 0x2
 341 003b 02       		.byte	0x2
 342 003c 05       		.byte	0x5
 343 003d 0C020000 		.4byte	.LASF3
 344 0041 02       		.uleb128 0x2
 345 0042 02       		.byte	0x2
 346 0043 07       		.byte	0x7
 347 0044 2B000000 		.4byte	.LASF4
 348 0048 03       		.uleb128 0x3
 349 0049 06000000 		.4byte	.LASF13
 350 004d 02       		.byte	0x2
 351 004e 3F       		.byte	0x3f
 352 004f 53000000 		.4byte	0x53
 353 0053 02       		.uleb128 0x2
 354 0054 04       		.byte	0x4
 355 0055 05       		.byte	0x5
 356 0056 22000000 		.4byte	.LASF5
 357 005a 02       		.uleb128 0x2
 358 005b 04       		.byte	0x4
 359 005c 07       		.byte	0x7
 360 005d 47010000 		.4byte	.LASF6
 361 0061 02       		.uleb128 0x2
 362 0062 08       		.byte	0x8
 363 0063 05       		.byte	0x5
 364 0064 E5010000 		.4byte	.LASF7
 365 0068 02       		.uleb128 0x2
 366 0069 08       		.byte	0x8
 367 006a 07       		.byte	0x7
 368 006b BD010000 		.4byte	.LASF8
 369 006f 04       		.uleb128 0x4
 370 0070 04       		.byte	0x4
 371 0071 05       		.byte	0x5
 372 0072 696E7400 		.ascii	"int\000"
 373 0076 02       		.uleb128 0x2
 374 0077 04       		.byte	0x4
 375 0078 07       		.byte	0x7
 376 0079 B0010000 		.4byte	.LASF9
 377 007d 02       		.uleb128 0x2
 378 007e 08       		.byte	0x8
 379 007f 04       		.byte	0x4
 380 0080 27020000 		.4byte	.LASF10
 381 0084 02       		.uleb128 0x2
 382 0085 04       		.byte	0x4
 383 0086 07       		.byte	0x7
 384 0087 DC010000 		.4byte	.LASF11
 385 008b 02       		.uleb128 0x2
 386 008c 01       		.byte	0x1
 387 008d 08       		.byte	0x8
 388 008e 07020000 		.4byte	.LASF12
 389 0092 03       		.uleb128 0x3
 390 0093 D4010000 		.4byte	.LASF14
 391 0097 03       		.byte	0x3
 392 0098 2C       		.byte	0x2c
 393 0099 48000000 		.4byte	0x48
 394 009d 02       		.uleb128 0x2
 395 009e 08       		.byte	0x8
ARM GAS  C:\Users\jon\AppData\Local\Temp\cctJlhdb.s 			page 10


 396 009f 04       		.byte	0x4
 397 00a0 8B010000 		.4byte	.LASF15
 398 00a4 05       		.uleb128 0x5
 399 00a5 F3010000 		.4byte	.LASF16
 400 00a9 01       		.byte	0x1
 401 00aa 53       		.byte	0x53
 402 00ab 00000000 		.4byte	.LFB65
 403 00af 60000000 		.4byte	.LFE65-.LFB65
 404 00b3 01       		.uleb128 0x1
 405 00b4 9C       		.byte	0x9c
 406 00b5 D2000000 		.4byte	0xd2
 407 00b9 06       		.uleb128 0x6
 408 00ba 73000000 		.4byte	.LASF18
 409 00be 01       		.byte	0x1
 410 00bf 53       		.byte	0x53
 411 00c0 25000000 		.4byte	0x25
 412 00c4 00000000 		.4byte	.LLST0
 413 00c8 07       		.uleb128 0x7
 414 00c9 38000000 		.4byte	.LVL7
 415 00cd 86020000 		.4byte	0x286
 416 00d1 00       		.byte	0
 417 00d2 05       		.uleb128 0x5
 418 00d3 65010000 		.4byte	.LASF17
 419 00d7 01       		.byte	0x1
 420 00d8 58       		.byte	0x58
 421 00d9 00000000 		.4byte	.LFB66
 422 00dd 24000000 		.4byte	.LFE66-.LFB66
 423 00e1 01       		.uleb128 0x1
 424 00e2 9C       		.byte	0x9c
 425 00e3 00010000 		.4byte	0x100
 426 00e7 06       		.uleb128 0x6
 427 00e8 21020000 		.4byte	.LASF19
 428 00ec 01       		.byte	0x1
 429 00ed 58       		.byte	0x58
 430 00ee 25000000 		.4byte	0x25
 431 00f2 23000000 		.4byte	.LLST1
 432 00f6 07       		.uleb128 0x7
 433 00f7 18000000 		.4byte	.LVL12
 434 00fb 91020000 		.4byte	0x291
 435 00ff 00       		.byte	0
 436 0100 05       		.uleb128 0x5
 437 0101 66000000 		.4byte	.LASF20
 438 0105 01       		.byte	0x1
 439 0106 5C       		.byte	0x5c
 440 0107 00000000 		.4byte	.LFB67
 441 010b 3A000000 		.4byte	.LFE67-.LFB67
 442 010f 01       		.uleb128 0x1
 443 0110 9C       		.byte	0x9c
 444 0111 54010000 		.4byte	0x154
 445 0115 06       		.uleb128 0x6
 446 0116 00000000 		.4byte	.LASF21
 447 011a 01       		.byte	0x1
 448 011b 5C       		.byte	0x5c
 449 011c 25000000 		.4byte	0x25
 450 0120 46000000 		.4byte	.LLST2
 451 0124 08       		.uleb128 0x8
 452 0125 12000000 		.4byte	.LVL15
ARM GAS  C:\Users\jon\AppData\Local\Temp\cctJlhdb.s 			page 11


 453 0129 9C020000 		.4byte	0x29c
 454 012d 37010000 		.4byte	0x137
 455 0131 09       		.uleb128 0x9
 456 0132 01       		.uleb128 0x1
 457 0133 50       		.byte	0x50
 458 0134 01       		.uleb128 0x1
 459 0135 31       		.byte	0x31
 460 0136 00       		.byte	0
 461 0137 08       		.uleb128 0x8
 462 0138 1A000000 		.4byte	.LVL16
 463 013c 9C020000 		.4byte	0x29c
 464 0140 4A010000 		.4byte	0x14a
 465 0144 09       		.uleb128 0x9
 466 0145 01       		.uleb128 0x1
 467 0146 50       		.byte	0x50
 468 0147 01       		.uleb128 0x1
 469 0148 30       		.byte	0x30
 470 0149 00       		.byte	0
 471 014a 07       		.uleb128 0x7
 472 014b 38000000 		.4byte	.LVL18
 473 014f A7020000 		.4byte	0x2a7
 474 0153 00       		.byte	0
 475 0154 0A       		.uleb128 0xa
 476 0155 92010000 		.4byte	.LASF36
 477 0159 01       		.byte	0x1
 478 015a 27       		.byte	0x27
 479 015b 6F000000 		.4byte	0x6f
 480 015f 00000000 		.4byte	.LFB64
 481 0163 A4000000 		.4byte	.LFE64-.LFB64
 482 0167 01       		.uleb128 0x1
 483 0168 9C       		.byte	0x9c
 484 0169 75020000 		.4byte	0x275
 485 016d 07       		.uleb128 0x7
 486 016e 08000000 		.4byte	.LVL19
 487 0172 B2020000 		.4byte	0x2b2
 488 0176 07       		.uleb128 0x7
 489 0177 0C000000 		.4byte	.LVL20
 490 017b BD020000 		.4byte	0x2bd
 491 017f 07       		.uleb128 0x7
 492 0180 10000000 		.4byte	.LVL21
 493 0184 C8020000 		.4byte	0x2c8
 494 0188 08       		.uleb128 0x8
 495 0189 16000000 		.4byte	.LVL22
 496 018d D3020000 		.4byte	0x2d3
 497 0191 9C010000 		.4byte	0x19c
 498 0195 09       		.uleb128 0x9
 499 0196 01       		.uleb128 0x1
 500 0197 50       		.byte	0x50
 501 0198 02       		.uleb128 0x2
 502 0199 08       		.byte	0x8
 503 019a 32       		.byte	0x32
 504 019b 00       		.byte	0
 505 019c 07       		.uleb128 0x7
 506 019d 1A000000 		.4byte	.LVL23
 507 01a1 DE020000 		.4byte	0x2de
 508 01a5 08       		.uleb128 0x8
 509 01a6 20000000 		.4byte	.LVL24
ARM GAS  C:\Users\jon\AppData\Local\Temp\cctJlhdb.s 			page 12


 510 01aa D3020000 		.4byte	0x2d3
 511 01ae B9010000 		.4byte	0x1b9
 512 01b2 09       		.uleb128 0x9
 513 01b3 01       		.uleb128 0x1
 514 01b4 50       		.byte	0x50
 515 01b5 02       		.uleb128 0x2
 516 01b6 08       		.byte	0x8
 517 01b7 32       		.byte	0x32
 518 01b8 00       		.byte	0
 519 01b9 08       		.uleb128 0x8
 520 01ba 26000000 		.4byte	.LVL25
 521 01be E9020000 		.4byte	0x2e9
 522 01c2 CC010000 		.4byte	0x1cc
 523 01c6 09       		.uleb128 0x9
 524 01c7 01       		.uleb128 0x1
 525 01c8 50       		.byte	0x50
 526 01c9 01       		.uleb128 0x1
 527 01ca 32       		.byte	0x32
 528 01cb 00       		.byte	0
 529 01cc 07       		.uleb128 0x7
 530 01cd 2E000000 		.4byte	.LVL27
 531 01d1 00010000 		.4byte	0x100
 532 01d5 08       		.uleb128 0x8
 533 01d6 34000000 		.4byte	.LVL28
 534 01da E9020000 		.4byte	0x2e9
 535 01de E8010000 		.4byte	0x1e8
 536 01e2 09       		.uleb128 0x9
 537 01e3 01       		.uleb128 0x1
 538 01e4 50       		.byte	0x50
 539 01e5 01       		.uleb128 0x1
 540 01e6 35       		.byte	0x35
 541 01e7 00       		.byte	0
 542 01e8 07       		.uleb128 0x7
 543 01e9 3C000000 		.4byte	.LVL29
 544 01ed F4020000 		.4byte	0x2f4
 545 01f1 08       		.uleb128 0x8
 546 01f2 44000000 		.4byte	.LVL30
 547 01f6 E9020000 		.4byte	0x2e9
 548 01fa 04020000 		.4byte	0x204
 549 01fe 09       		.uleb128 0x9
 550 01ff 01       		.uleb128 0x1
 551 0200 50       		.byte	0x50
 552 0201 01       		.uleb128 0x1
 553 0202 33       		.byte	0x33
 554 0203 00       		.byte	0
 555 0204 07       		.uleb128 0x7
 556 0205 50000000 		.4byte	.LVL31
 557 0209 D2000000 		.4byte	0xd2
 558 020d 08       		.uleb128 0x8
 559 020e 56000000 		.4byte	.LVL32
 560 0212 E9020000 		.4byte	0x2e9
 561 0216 20020000 		.4byte	0x220
 562 021a 09       		.uleb128 0x9
 563 021b 01       		.uleb128 0x1
 564 021c 50       		.byte	0x50
 565 021d 01       		.uleb128 0x1
 566 021e 31       		.byte	0x31
ARM GAS  C:\Users\jon\AppData\Local\Temp\cctJlhdb.s 			page 13


 567 021f 00       		.byte	0
 568 0220 07       		.uleb128 0x7
 569 0221 66000000 		.4byte	.LVL35
 570 0225 A4000000 		.4byte	0xa4
 571 0229 08       		.uleb128 0x8
 572 022a 6C000000 		.4byte	.LVL36
 573 022e D3020000 		.4byte	0x2d3
 574 0232 3D020000 		.4byte	0x23d
 575 0236 09       		.uleb128 0x9
 576 0237 01       		.uleb128 0x1
 577 0238 50       		.byte	0x50
 578 0239 02       		.uleb128 0x2
 579 023a 08       		.byte	0x8
 580 023b 32       		.byte	0x32
 581 023c 00       		.byte	0
 582 023d 07       		.uleb128 0x7
 583 023e 74000000 		.4byte	.LVL37
 584 0242 A4000000 		.4byte	0xa4
 585 0246 08       		.uleb128 0x8
 586 0247 7A000000 		.4byte	.LVL38
 587 024b E9020000 		.4byte	0x2e9
 588 024f 59020000 		.4byte	0x259
 589 0253 09       		.uleb128 0x9
 590 0254 01       		.uleb128 0x1
 591 0255 50       		.byte	0x50
 592 0256 01       		.uleb128 0x1
 593 0257 33       		.byte	0x33
 594 0258 00       		.byte	0
 595 0259 07       		.uleb128 0x7
 596 025a 88000000 		.4byte	.LVL41
 597 025e D2000000 		.4byte	0xd2
 598 0262 07       		.uleb128 0x7
 599 0263 90000000 		.4byte	.LVL42
 600 0267 A4000000 		.4byte	0xa4
 601 026b 07       		.uleb128 0x7
 602 026c 96000000 		.4byte	.LVL43
 603 0270 D2000000 		.4byte	0xd2
 604 0274 00       		.byte	0
 605 0275 0B       		.uleb128 0xb
 606 0276 6F010000 		.4byte	.LASF37
 607 027a 0A       		.byte	0xa
 608 027b 1207     		.2byte	0x712
 609 027d 81020000 		.4byte	0x281
 610 0281 0C       		.uleb128 0xc
 611 0282 92000000 		.4byte	0x92
 612 0286 0D       		.uleb128 0xd
 613 0287 10000000 		.4byte	.LASF22
 614 028b 10000000 		.4byte	.LASF22
 615 028f 04       		.byte	0x4
 616 0290 37       		.byte	0x37
 617 0291 0D       		.uleb128 0xd
 618 0292 3E000000 		.4byte	.LASF23
 619 0296 3E000000 		.4byte	.LASF23
 620 029a 05       		.byte	0x5
 621 029b C7       		.byte	0xc7
 622 029c 0D       		.uleb128 0xd
 623 029d 97010000 		.4byte	.LASF24
ARM GAS  C:\Users\jon\AppData\Local\Temp\cctJlhdb.s 			page 14


 624 02a1 97010000 		.4byte	.LASF24
 625 02a5 06       		.byte	0x6
 626 02a6 26       		.byte	0x26
 627 02a7 0D       		.uleb128 0xd
 628 02a8 52000000 		.4byte	.LASF25
 629 02ac 52000000 		.4byte	.LASF25
 630 02b0 05       		.byte	0x5
 631 02b1 CA       		.byte	0xca
 632 02b2 0D       		.uleb128 0xd
 633 02b3 7C010000 		.4byte	.LASF26
 634 02b7 7C010000 		.4byte	.LASF26
 635 02bb 04       		.byte	0x4
 636 02bc 33       		.byte	0x33
 637 02bd 0D       		.uleb128 0xd
 638 02be 59010000 		.4byte	.LASF27
 639 02c2 59010000 		.4byte	.LASF27
 640 02c6 05       		.byte	0x5
 641 02c7 92       		.byte	0x92
 642 02c8 0D       		.uleb128 0xd
 643 02c9 16020000 		.4byte	.LASF28
 644 02cd 16020000 		.4byte	.LASF28
 645 02d1 07       		.byte	0x7
 646 02d2 0A       		.byte	0xa
 647 02d3 0D       		.uleb128 0xd
 648 02d4 79020000 		.4byte	.LASF29
 649 02d8 79020000 		.4byte	.LASF29
 650 02dc 08       		.byte	0x8
 651 02dd 76       		.byte	0x76
 652 02de 0D       		.uleb128 0xd
 653 02df 32010000 		.4byte	.LASF30
 654 02e3 32010000 		.4byte	.LASF30
 655 02e7 09       		.byte	0x9
 656 02e8 33       		.byte	0x33
 657 02e9 0D       		.uleb128 0xd
 658 02ea 81020000 		.4byte	.LASF31
 659 02ee 81020000 		.4byte	.LASF31
 660 02f2 07       		.byte	0x7
 661 02f3 10       		.byte	0x10
 662 02f4 0D       		.uleb128 0xd
 663 02f5 7F000000 		.4byte	.LASF32
 664 02f9 7F000000 		.4byte	.LASF32
 665 02fd 07       		.byte	0x7
 666 02fe 12       		.byte	0x12
 667 02ff 00       		.byte	0
 668              		.section	.debug_abbrev,"",%progbits
 669              	.Ldebug_abbrev0:
 670 0000 01       		.uleb128 0x1
 671 0001 11       		.uleb128 0x11
 672 0002 01       		.byte	0x1
 673 0003 25       		.uleb128 0x25
 674 0004 0E       		.uleb128 0xe
 675 0005 13       		.uleb128 0x13
 676 0006 0B       		.uleb128 0xb
 677 0007 03       		.uleb128 0x3
 678 0008 0E       		.uleb128 0xe
 679 0009 1B       		.uleb128 0x1b
 680 000a 0E       		.uleb128 0xe
ARM GAS  C:\Users\jon\AppData\Local\Temp\cctJlhdb.s 			page 15


 681 000b 55       		.uleb128 0x55
 682 000c 17       		.uleb128 0x17
 683 000d 11       		.uleb128 0x11
 684 000e 01       		.uleb128 0x1
 685 000f 10       		.uleb128 0x10
 686 0010 17       		.uleb128 0x17
 687 0011 00       		.byte	0
 688 0012 00       		.byte	0
 689 0013 02       		.uleb128 0x2
 690 0014 24       		.uleb128 0x24
 691 0015 00       		.byte	0
 692 0016 0B       		.uleb128 0xb
 693 0017 0B       		.uleb128 0xb
 694 0018 3E       		.uleb128 0x3e
 695 0019 0B       		.uleb128 0xb
 696 001a 03       		.uleb128 0x3
 697 001b 0E       		.uleb128 0xe
 698 001c 00       		.byte	0
 699 001d 00       		.byte	0
 700 001e 03       		.uleb128 0x3
 701 001f 16       		.uleb128 0x16
 702 0020 00       		.byte	0
 703 0021 03       		.uleb128 0x3
 704 0022 0E       		.uleb128 0xe
 705 0023 3A       		.uleb128 0x3a
 706 0024 0B       		.uleb128 0xb
 707 0025 3B       		.uleb128 0x3b
 708 0026 0B       		.uleb128 0xb
 709 0027 49       		.uleb128 0x49
 710 0028 13       		.uleb128 0x13
 711 0029 00       		.byte	0
 712 002a 00       		.byte	0
 713 002b 04       		.uleb128 0x4
 714 002c 24       		.uleb128 0x24
 715 002d 00       		.byte	0
 716 002e 0B       		.uleb128 0xb
 717 002f 0B       		.uleb128 0xb
 718 0030 3E       		.uleb128 0x3e
 719 0031 0B       		.uleb128 0xb
 720 0032 03       		.uleb128 0x3
 721 0033 08       		.uleb128 0x8
 722 0034 00       		.byte	0
 723 0035 00       		.byte	0
 724 0036 05       		.uleb128 0x5
 725 0037 2E       		.uleb128 0x2e
 726 0038 01       		.byte	0x1
 727 0039 3F       		.uleb128 0x3f
 728 003a 19       		.uleb128 0x19
 729 003b 03       		.uleb128 0x3
 730 003c 0E       		.uleb128 0xe
 731 003d 3A       		.uleb128 0x3a
 732 003e 0B       		.uleb128 0xb
 733 003f 3B       		.uleb128 0x3b
 734 0040 0B       		.uleb128 0xb
 735 0041 27       		.uleb128 0x27
 736 0042 19       		.uleb128 0x19
 737 0043 11       		.uleb128 0x11
ARM GAS  C:\Users\jon\AppData\Local\Temp\cctJlhdb.s 			page 16


 738 0044 01       		.uleb128 0x1
 739 0045 12       		.uleb128 0x12
 740 0046 06       		.uleb128 0x6
 741 0047 40       		.uleb128 0x40
 742 0048 18       		.uleb128 0x18
 743 0049 9642     		.uleb128 0x2116
 744 004b 19       		.uleb128 0x19
 745 004c 01       		.uleb128 0x1
 746 004d 13       		.uleb128 0x13
 747 004e 00       		.byte	0
 748 004f 00       		.byte	0
 749 0050 06       		.uleb128 0x6
 750 0051 05       		.uleb128 0x5
 751 0052 00       		.byte	0
 752 0053 03       		.uleb128 0x3
 753 0054 0E       		.uleb128 0xe
 754 0055 3A       		.uleb128 0x3a
 755 0056 0B       		.uleb128 0xb
 756 0057 3B       		.uleb128 0x3b
 757 0058 0B       		.uleb128 0xb
 758 0059 49       		.uleb128 0x49
 759 005a 13       		.uleb128 0x13
 760 005b 02       		.uleb128 0x2
 761 005c 17       		.uleb128 0x17
 762 005d 00       		.byte	0
 763 005e 00       		.byte	0
 764 005f 07       		.uleb128 0x7
 765 0060 898201   		.uleb128 0x4109
 766 0063 00       		.byte	0
 767 0064 11       		.uleb128 0x11
 768 0065 01       		.uleb128 0x1
 769 0066 31       		.uleb128 0x31
 770 0067 13       		.uleb128 0x13
 771 0068 00       		.byte	0
 772 0069 00       		.byte	0
 773 006a 08       		.uleb128 0x8
 774 006b 898201   		.uleb128 0x4109
 775 006e 01       		.byte	0x1
 776 006f 11       		.uleb128 0x11
 777 0070 01       		.uleb128 0x1
 778 0071 31       		.uleb128 0x31
 779 0072 13       		.uleb128 0x13
 780 0073 01       		.uleb128 0x1
 781 0074 13       		.uleb128 0x13
 782 0075 00       		.byte	0
 783 0076 00       		.byte	0
 784 0077 09       		.uleb128 0x9
 785 0078 8A8201   		.uleb128 0x410a
 786 007b 00       		.byte	0
 787 007c 02       		.uleb128 0x2
 788 007d 18       		.uleb128 0x18
 789 007e 9142     		.uleb128 0x2111
 790 0080 18       		.uleb128 0x18
 791 0081 00       		.byte	0
 792 0082 00       		.byte	0
 793 0083 0A       		.uleb128 0xa
 794 0084 2E       		.uleb128 0x2e
ARM GAS  C:\Users\jon\AppData\Local\Temp\cctJlhdb.s 			page 17


 795 0085 01       		.byte	0x1
 796 0086 3F       		.uleb128 0x3f
 797 0087 19       		.uleb128 0x19
 798 0088 03       		.uleb128 0x3
 799 0089 0E       		.uleb128 0xe
 800 008a 3A       		.uleb128 0x3a
 801 008b 0B       		.uleb128 0xb
 802 008c 3B       		.uleb128 0x3b
 803 008d 0B       		.uleb128 0xb
 804 008e 27       		.uleb128 0x27
 805 008f 19       		.uleb128 0x19
 806 0090 49       		.uleb128 0x49
 807 0091 13       		.uleb128 0x13
 808 0092 8701     		.uleb128 0x87
 809 0094 19       		.uleb128 0x19
 810 0095 11       		.uleb128 0x11
 811 0096 01       		.uleb128 0x1
 812 0097 12       		.uleb128 0x12
 813 0098 06       		.uleb128 0x6
 814 0099 40       		.uleb128 0x40
 815 009a 18       		.uleb128 0x18
 816 009b 9642     		.uleb128 0x2116
 817 009d 19       		.uleb128 0x19
 818 009e 01       		.uleb128 0x1
 819 009f 13       		.uleb128 0x13
 820 00a0 00       		.byte	0
 821 00a1 00       		.byte	0
 822 00a2 0B       		.uleb128 0xb
 823 00a3 34       		.uleb128 0x34
 824 00a4 00       		.byte	0
 825 00a5 03       		.uleb128 0x3
 826 00a6 0E       		.uleb128 0xe
 827 00a7 3A       		.uleb128 0x3a
 828 00a8 0B       		.uleb128 0xb
 829 00a9 3B       		.uleb128 0x3b
 830 00aa 05       		.uleb128 0x5
 831 00ab 49       		.uleb128 0x49
 832 00ac 13       		.uleb128 0x13
 833 00ad 3F       		.uleb128 0x3f
 834 00ae 19       		.uleb128 0x19
 835 00af 3C       		.uleb128 0x3c
 836 00b0 19       		.uleb128 0x19
 837 00b1 00       		.byte	0
 838 00b2 00       		.byte	0
 839 00b3 0C       		.uleb128 0xc
 840 00b4 35       		.uleb128 0x35
 841 00b5 00       		.byte	0
 842 00b6 49       		.uleb128 0x49
 843 00b7 13       		.uleb128 0x13
 844 00b8 00       		.byte	0
 845 00b9 00       		.byte	0
 846 00ba 0D       		.uleb128 0xd
 847 00bb 2E       		.uleb128 0x2e
 848 00bc 00       		.byte	0
 849 00bd 3F       		.uleb128 0x3f
 850 00be 19       		.uleb128 0x19
 851 00bf 3C       		.uleb128 0x3c
ARM GAS  C:\Users\jon\AppData\Local\Temp\cctJlhdb.s 			page 18


 852 00c0 19       		.uleb128 0x19
 853 00c1 6E       		.uleb128 0x6e
 854 00c2 0E       		.uleb128 0xe
 855 00c3 03       		.uleb128 0x3
 856 00c4 0E       		.uleb128 0xe
 857 00c5 3A       		.uleb128 0x3a
 858 00c6 0B       		.uleb128 0xb
 859 00c7 3B       		.uleb128 0x3b
 860 00c8 0B       		.uleb128 0xb
 861 00c9 00       		.byte	0
 862 00ca 00       		.byte	0
 863 00cb 00       		.byte	0
 864              		.section	.debug_loc,"",%progbits
 865              	.Ldebug_loc0:
 866              	.LLST0:
 867 0000 00000000 		.4byte	.LVL0
 868 0004 05000000 		.4byte	.LVL1-1
 869 0008 0100     		.2byte	0x1
 870 000a 50       		.byte	0x50
 871 000b 05000000 		.4byte	.LVL1-1
 872 000f 60000000 		.4byte	.LFE65
 873 0013 0600     		.2byte	0x6
 874 0015 F3       		.byte	0xf3
 875 0016 03       		.uleb128 0x3
 876 0017 F5       		.byte	0xf5
 877 0018 00       		.uleb128 0
 878 0019 25       		.uleb128 0x25
 879 001a 9F       		.byte	0x9f
 880 001b 00000000 		.4byte	0
 881 001f 00000000 		.4byte	0
 882              	.LLST1:
 883 0023 00000000 		.4byte	.LVL8
 884 0027 07000000 		.4byte	.LVL9-1
 885 002b 0100     		.2byte	0x1
 886 002d 50       		.byte	0x50
 887 002e 07000000 		.4byte	.LVL9-1
 888 0032 24000000 		.4byte	.LFE66
 889 0036 0600     		.2byte	0x6
 890 0038 F3       		.byte	0xf3
 891 0039 03       		.uleb128 0x3
 892 003a F5       		.byte	0xf5
 893 003b 00       		.uleb128 0
 894 003c 25       		.uleb128 0x25
 895 003d 9F       		.byte	0x9f
 896 003e 00000000 		.4byte	0
 897 0042 00000000 		.4byte	0
 898              	.LLST2:
 899 0046 00000000 		.4byte	.LVL13
 900 004a 09000000 		.4byte	.LVL14-1
 901 004e 0100     		.2byte	0x1
 902 0050 50       		.byte	0x50
 903 0051 09000000 		.4byte	.LVL14-1
 904 0055 3A000000 		.4byte	.LFE67
 905 0059 0100     		.2byte	0x1
 906 005b 54       		.byte	0x54
 907 005c 00000000 		.4byte	0
 908 0060 00000000 		.4byte	0
ARM GAS  C:\Users\jon\AppData\Local\Temp\cctJlhdb.s 			page 19


 909              		.section	.debug_aranges,"",%progbits
 910 0000 34000000 		.4byte	0x34
 911 0004 0200     		.2byte	0x2
 912 0006 00000000 		.4byte	.Ldebug_info0
 913 000a 04       		.byte	0x4
 914 000b 00       		.byte	0
 915 000c 0000     		.2byte	0
 916 000e 0000     		.2byte	0
 917 0010 00000000 		.4byte	.LFB65
 918 0014 60000000 		.4byte	.LFE65-.LFB65
 919 0018 00000000 		.4byte	.LFB66
 920 001c 24000000 		.4byte	.LFE66-.LFB66
 921 0020 00000000 		.4byte	.LFB67
 922 0024 3A000000 		.4byte	.LFE67-.LFB67
 923 0028 00000000 		.4byte	.LFB64
 924 002c A4000000 		.4byte	.LFE64-.LFB64
 925 0030 00000000 		.4byte	0
 926 0034 00000000 		.4byte	0
 927              		.section	.debug_ranges,"",%progbits
 928              	.Ldebug_ranges0:
 929 0000 00000000 		.4byte	.LFB65
 930 0004 60000000 		.4byte	.LFE65
 931 0008 00000000 		.4byte	.LFB66
 932 000c 24000000 		.4byte	.LFE66
 933 0010 00000000 		.4byte	.LFB67
 934 0014 3A000000 		.4byte	.LFE67
 935 0018 00000000 		.4byte	.LFB64
 936 001c A4000000 		.4byte	.LFE64
 937 0020 00000000 		.4byte	0
 938 0024 00000000 		.4byte	0
 939              		.section	.debug_line,"",%progbits
 940              	.Ldebug_line0:
 941 0000 FB010000 		.section	.debug_str,"MS",%progbits,1
 941      02009901 
 941      00000201 
 941      FB0E0D00 
 941      01010101 
 942              	.LASF21:
 943 0000 616E676C 		.ascii	"angle\000"
 943      6500
 944              	.LASF13:
 945 0006 5F5F696E 		.ascii	"__int32_t\000"
 945      7433325F 
 945      7400
 946              	.LASF22:
 947 0010 5468726F 		.ascii	"Throttle_SetValue\000"
 947      74746C65 
 947      5F536574 
 947      56616C75 
 947      6500
 948              	.LASF5:
 949 0022 6C6F6E67 		.ascii	"long int\000"
 949      20696E74 
 949      00
 950              	.LASF4:
 951 002b 73686F72 		.ascii	"short unsigned int\000"
 951      7420756E 
ARM GAS  C:\Users\jon\AppData\Local\Temp\cctJlhdb.s 			page 20


 951      7369676E 
 951      65642069 
 951      6E7400
 952              	.LASF23:
 953 003e 50574D5F 		.ascii	"PWM_1_WriteCompare1\000"
 953      315F5772 
 953      69746543 
 953      6F6D7061 
 953      72653100 
 954              	.LASF25:
 955 0052 50574D5F 		.ascii	"PWM_1_WriteCompare2\000"
 955      315F5772 
 955      69746543 
 955      6F6D7061 
 955      72653200 
 956              	.LASF20:
 957 0066 7365745F 		.ascii	"set_steering\000"
 957      73746565 
 957      72696E67 
 957      00
 958              	.LASF18:
 959 0073 706F7765 		.ascii	"power\000"
 959      7200
 960              	.LASF0:
 961 0079 666C6F61 		.ascii	"float\000"
 961      7400
 962              	.LASF32:
 963 007f 73627573 		.ascii	"sbus_getFailsafeStatus\000"
 963      5F676574 
 963      4661696C 
 963      73616665 
 963      53746174 
 964              	.LASF2:
 965 0096 756E7369 		.ascii	"unsigned char\000"
 965      676E6564 
 965      20636861 
 965      7200
 966              	.LASF33:
 967 00a4 474E5520 		.ascii	"GNU C11 5.4.1 20160609 (release) [ARM/embedded-5-br"
 967      43313120 
 967      352E342E 
 967      31203230 
 967      31363036 
 968 00d7 616E6368 		.ascii	"anch revision 237715] -mcpu=cortex-m3 -mthumb -g -O"
 968      20726576 
 968      6973696F 
 968      6E203233 
 968      37373135 
 969 010a 67202D66 		.ascii	"g -ffunction-sections -ffat-lto-objects\000"
 969      66756E63 
 969      74696F6E 
 969      2D736563 
 969      74696F6E 
 970              	.LASF30:
 971 0132 4F70616D 		.ascii	"Opamp_Throttle_Start\000"
 971      705F5468 
 971      726F7474 
ARM GAS  C:\Users\jon\AppData\Local\Temp\cctJlhdb.s 			page 21


 971      6C655F53 
 971      74617274 
 972              	.LASF6:
 973 0147 6C6F6E67 		.ascii	"long unsigned int\000"
 973      20756E73 
 973      69676E65 
 973      6420696E 
 973      7400
 974              	.LASF27:
 975 0159 50574D5F 		.ascii	"PWM_1_Start\000"
 975      315F5374 
 975      61727400 
 976              	.LASF17:
 977 0165 7365745F 		.ascii	"set_brake\000"
 977      6272616B 
 977      6500
 978              	.LASF37:
 979 016f 49544D5F 		.ascii	"ITM_RxBuffer\000"
 979      52784275 
 979      66666572 
 979      00
 980              	.LASF26:
 981 017c 5468726F 		.ascii	"Throttle_Start\000"
 981      74746C65 
 981      5F537461 
 981      727400
 982              	.LASF15:
 983 018b 646F7562 		.ascii	"double\000"
 983      6C6500
 984              	.LASF36:
 985 0192 6D61696E 		.ascii	"main\000"
 985      00
 986              	.LASF24:
 987 0197 53746565 		.ascii	"Steering_Direction_Write\000"
 987      72696E67 
 987      5F446972 
 987      65637469 
 987      6F6E5F57 
 988              	.LASF9:
 989 01b0 756E7369 		.ascii	"unsigned int\000"
 989      676E6564 
 989      20696E74 
 989      00
 990              	.LASF8:
 991 01bd 6C6F6E67 		.ascii	"long long unsigned int\000"
 991      206C6F6E 
 991      6720756E 
 991      7369676E 
 991      65642069 
 992              	.LASF14:
 993 01d4 696E7433 		.ascii	"int32_t\000"
 993      325F7400 
 994              	.LASF11:
 995 01dc 73697A65 		.ascii	"sizetype\000"
 995      74797065 
 995      00
 996              	.LASF7:
ARM GAS  C:\Users\jon\AppData\Local\Temp\cctJlhdb.s 			page 22


 997 01e5 6C6F6E67 		.ascii	"long long int\000"
 997      206C6F6E 
 997      6720696E 
 997      7400
 998              	.LASF16:
 999 01f3 7365745F 		.ascii	"set_throttle\000"
 999      7468726F 
 999      74746C65 
 999      00
 1000              	.LASF34:
 1001 0200 6D61696E 		.ascii	"main.c\000"
 1001      2E6300
 1002              	.LASF12:
 1003 0207 63686172 		.ascii	"char\000"
 1003      00
 1004              	.LASF3:
 1005 020c 73686F72 		.ascii	"short int\000"
 1005      7420696E 
 1005      7400
 1006              	.LASF28:
 1007 0216 73627573 		.ascii	"sbus_begin\000"
 1007      5F626567 
 1007      696E00
 1008              	.LASF19:
 1009 0221 6272616B 		.ascii	"brake\000"
 1009      6500
 1010              	.LASF10:
 1011 0227 6C6F6E67 		.ascii	"long double\000"
 1011      20646F75 
 1011      626C6500 
 1012              	.LASF1:
 1013 0233 7369676E 		.ascii	"signed char\000"
 1013      65642063 
 1013      68617200 
 1014              	.LASF35:
 1015 023f 433A5C55 		.ascii	"C:\\Users\\jon\\Sync\\Research\\PSoC Projects\\Cont"
 1015      73657273 
 1015      5C6A6F6E 
 1015      5C53796E 
 1015      635C5265 
 1016 026c 726F6C6C 		.ascii	"roller.cydsn\000"
 1016      65722E63 
 1016      7964736E 
 1016      00
 1017              	.LASF29:
 1018 0279 43794465 		.ascii	"CyDelay\000"
 1018      6C617900 
 1019              	.LASF31:
 1020 0281 73627573 		.ascii	"sbus_getNormalizedChannel\000"
 1020      5F676574 
 1020      4E6F726D 
 1020      616C697A 
 1020      65644368 
 1021              		.ident	"GCC: (GNU Tools for ARM Embedded Processors) 5.4.1 20160609 (release) [ARM/embedded-5-bran
