ARM GAS  C:\Users\jon\AppData\Local\Temp\ccaNJL2f.s 			page 1


   1              		.syntax unified
   2              		.cpu cortex-m3
   3              		.fpu softvfp
   4              		.eabi_attribute 20, 1
   5              		.eabi_attribute 21, 1
   6              		.eabi_attribute 23, 3
   7              		.eabi_attribute 24, 1
   8              		.eabi_attribute 25, 1
   9              		.eabi_attribute 26, 1
  10              		.eabi_attribute 30, 1
  11              		.eabi_attribute 34, 1
  12              		.eabi_attribute 18, 4
  13              		.thumb
  14              		.syntax unified
  15              		.file	"sbus.c"
  16              		.text
  17              	.Ltext0:
  18              		.cfi_sections	.debug_frame
  19              		.section	.text.sbus_begin,"ax",%progbits
  20              		.align	2
  21              		.global	sbus_begin
  22              		.thumb
  23              		.thumb_func
  24              		.type	sbus_begin, %function
  25              	sbus_begin:
  26              	.LFB63:
  27              		.file 1 "sbus.c"
   1:sbus.c        **** #include "sbus.h"
   2:sbus.c        **** #include "project.h"
   3:sbus.c        **** #include <math.h>
   4:sbus.c        **** 
   5:sbus.c        **** #define SBUS_FAILSAFE_INACTIVE 0
   6:sbus.c        **** #define SBUS_FAILSAFE_ACTIVE   1
   7:sbus.c        **** #define SBUS_STARTBYTE         0x0f
   8:sbus.c        **** #define SBUS_ENDBYTE           0x00
   9:sbus.c        **** 
  10:sbus.c        **** typedef unsigned char byte;
  11:sbus.c        **** 
  12:sbus.c        **** int _channels[18];
  13:sbus.c        **** int _failsafe;
  14:sbus.c        **** long _goodFrames;
  15:sbus.c        **** long _lostFrames;
  16:sbus.c        **** long _decoderErrorFrames;
  17:sbus.c        **** 
  18:sbus.c        **** static byte buffer[25];
  19:sbus.c        **** static byte buffer_index = 0;
  20:sbus.c        **** 
  21:sbus.c        **** CY_ISR_PROTO(sbus_recv);
  22:sbus.c        **** void sbus_process();
  23:sbus.c        **** 
  24:sbus.c        **** void sbus_begin() {
  28              		.loc 1 24 0
  29              		.cfi_startproc
  30              		@ args = 0, pretend = 0, frame = 0
  31              		@ frame_needed = 0, uses_anonymous_args = 0
  32 0000 10B5     		push	{r4, lr}
  33              		.cfi_def_cfa_offset 8
ARM GAS  C:\Users\jon\AppData\Local\Temp\ccaNJL2f.s 			page 2


  34              		.cfi_offset 4, -8
  35              		.cfi_offset 14, -4
  25:sbus.c        ****     buffer_index = 0;
  36              		.loc 1 25 0
  37 0002 0024     		movs	r4, #0
  38 0004 0D4B     		ldr	r3, .L5
  39 0006 1C70     		strb	r4, [r3]
  26:sbus.c        ****     SBUS_Interrupt_StartEx(sbus_recv);
  40              		.loc 1 26 0
  41 0008 0D48     		ldr	r0, .L5+4
  42 000a FFF7FEFF 		bl	SBUS_Interrupt_StartEx
  43              	.LVL0:
  44              	.LBB2:
  27:sbus.c        ****     
  28:sbus.c        **** 	for (byte i = 0; i<18; i++) {
  45              		.loc 1 28 0
  46 000e 2346     		mov	r3, r4
  47 0010 05E0     		b	.L2
  48              	.LVL1:
  49              	.L3:
  29:sbus.c        **** 		_channels[i]      = 0;
  50              		.loc 1 29 0 discriminator 3
  51 0012 0021     		movs	r1, #0
  52 0014 0B4A     		ldr	r2, .L5+8
  53 0016 42F82310 		str	r1, [r2, r3, lsl #2]
  28:sbus.c        **** 		_channels[i]      = 0;
  54              		.loc 1 28 0 discriminator 3
  55 001a 0133     		adds	r3, r3, #1
  56              	.LVL2:
  57 001c DBB2     		uxtb	r3, r3
  58              	.LVL3:
  59              	.L2:
  28:sbus.c        **** 		_channels[i]      = 0;
  60              		.loc 1 28 0 is_stmt 0 discriminator 1
  61 001e 112B     		cmp	r3, #17
  62 0020 F7D9     		bls	.L3
  63              	.LBE2:
  30:sbus.c        **** 	}
  31:sbus.c        **** 
  32:sbus.c        **** 	_goodFrames         = 0;
  64              		.loc 1 32 0 is_stmt 1
  65 0022 0023     		movs	r3, #0
  66              	.LVL4:
  67 0024 084A     		ldr	r2, .L5+12
  68 0026 1360     		str	r3, [r2]
  33:sbus.c        **** 	_lostFrames         = 0;
  69              		.loc 1 33 0
  70 0028 084A     		ldr	r2, .L5+16
  71 002a 1360     		str	r3, [r2]
  34:sbus.c        **** 	_decoderErrorFrames = 0;
  72              		.loc 1 34 0
  73 002c 084A     		ldr	r2, .L5+20
  74 002e 1360     		str	r3, [r2]
  35:sbus.c        **** 	_failsafe           = SBUS_FAILSAFE_INACTIVE;
  75              		.loc 1 35 0
  76 0030 084A     		ldr	r2, .L5+24
  77 0032 1360     		str	r3, [r2]
ARM GAS  C:\Users\jon\AppData\Local\Temp\ccaNJL2f.s 			page 3


  36:sbus.c        ****     SBUS_UART_Start();
  78              		.loc 1 36 0
  79 0034 FFF7FEFF 		bl	SBUS_UART_Start
  80              	.LVL5:
  81 0038 10BD     		pop	{r4, pc}
  82              	.L6:
  83 003a 00BF     		.align	2
  84              	.L5:
  85 003c 00000000 		.word	.LANCHOR0
  86 0040 00000000 		.word	sbus_recv
  87 0044 00000000 		.word	_channels
  88 0048 00000000 		.word	_goodFrames
  89 004c 00000000 		.word	_lostFrames
  90 0050 00000000 		.word	_decoderErrorFrames
  91 0054 00000000 		.word	_failsafe
  92              		.cfi_endproc
  93              	.LFE63:
  94              		.size	sbus_begin, .-sbus_begin
  95              		.section	.text.sbus_process,"ax",%progbits
  96              		.align	2
  97              		.global	sbus_process
  98              		.thumb
  99              		.thumb_func
 100              		.type	sbus_process, %function
 101              	sbus_process:
 102              	.LFB65:
  37:sbus.c        **** }
  38:sbus.c        **** 
  39:sbus.c        **** CY_ISR(sbus_recv) {
  40:sbus.c        ****     uint8 state = CyEnterCriticalSection();
  41:sbus.c        ****     byte rx = SBUS_UART_ReadRxData();
  42:sbus.c        ****     if (buffer_index == 0 && rx != SBUS_STARTBYTE) {
  43:sbus.c        ****         _decoderErrorFrames++;
  44:sbus.c        ****         return;
  45:sbus.c        ****     }
  46:sbus.c        ****     buffer[buffer_index] = rx;
  47:sbus.c        ****     buffer_index = (buffer_index + 1) % 25;
  48:sbus.c        ****     if (buffer_index == 0) {
  49:sbus.c        ****         sbus_process();
  50:sbus.c        ****     }
  51:sbus.c        ****     CyExitCriticalSection(state);
  52:sbus.c        ****     
  53:sbus.c        **** }
  54:sbus.c        **** 
  55:sbus.c        **** void sbus_process() {
 103              		.loc 1 55 0
 104              		.cfi_startproc
 105              		@ args = 0, pretend = 0, frame = 0
 106              		@ frame_needed = 0, uses_anonymous_args = 0
 107              		@ link register save eliminated.
  56:sbus.c        **** 
  57:sbus.c        **** 	if (buffer[24] != SBUS_ENDBYTE) {
 108              		.loc 1 57 0
 109 0000 574B     		ldr	r3, .L17
 110 0002 1B7F     		ldrb	r3, [r3, #28]	@ zero_extendqisi2
 111 0004 23B1     		cbz	r3, .L8
  58:sbus.c        **** 		//incorrect end byte, out of sync
ARM GAS  C:\Users\jon\AppData\Local\Temp\ccaNJL2f.s 			page 4


  59:sbus.c        **** 		_decoderErrorFrames++;
 112              		.loc 1 59 0
 113 0006 574A     		ldr	r2, .L17+4
 114 0008 1368     		ldr	r3, [r2]
 115 000a 0133     		adds	r3, r3, #1
 116 000c 1360     		str	r3, [r2]
 117 000e 7047     		bx	lr
 118              	.L8:
  55:sbus.c        **** 
 119              		.loc 1 55 0
 120 0010 30B4     		push	{r4, r5}
 121              		.cfi_def_cfa_offset 8
 122              		.cfi_offset 4, -8
 123              		.cfi_offset 5, -4
  60:sbus.c        **** 		return;
  61:sbus.c        **** 	}
  62:sbus.c        **** 	_goodFrames++;
 124              		.loc 1 62 0
 125 0012 554A     		ldr	r2, .L17+8
 126 0014 1368     		ldr	r3, [r2]
 127 0016 0133     		adds	r3, r3, #1
 128 0018 1360     		str	r3, [r2]
  63:sbus.c        **** 
  64:sbus.c        **** 	_channels[0]  = ((buffer[1]    |buffer[2]<<8)                 & 0x07FF);
 129              		.loc 1 64 0
 130 001a 514B     		ldr	r3, .L17
 131 001c 5979     		ldrb	r1, [r3, #5]	@ zero_extendqisi2
 132 001e 9D79     		ldrb	r5, [r3, #6]	@ zero_extendqisi2
 133 0020 41EA0521 		orr	r1, r1, r5, lsl #8
 134 0024 C1F30A01 		ubfx	r1, r1, #0, #11
 135 0028 504A     		ldr	r2, .L17+12
 136 002a 1160     		str	r1, [r2]
  65:sbus.c        **** 	_channels[1]  = ((buffer[2]>>3 |buffer[3]<<5)                 & 0x07FF);
 137              		.loc 1 65 0
 138 002c DC79     		ldrb	r4, [r3, #7]	@ zero_extendqisi2
 139 002e 6001     		lsls	r0, r4, #5
 140 0030 40EAD500 		orr	r0, r0, r5, lsr #3
 141 0034 C0F30A00 		ubfx	r0, r0, #0, #11
 142 0038 5060     		str	r0, [r2, #4]
  66:sbus.c        **** 	_channels[2]  = ((buffer[3]>>6 |buffer[4]<<2 |buffer[5]<<10)  & 0x07FF);
 143              		.loc 1 66 0
 144 003a 197A     		ldrb	r1, [r3, #8]	@ zero_extendqisi2
 145 003c 8900     		lsls	r1, r1, #2
 146 003e 41EA9411 		orr	r1, r1, r4, lsr #6
 147 0042 587A     		ldrb	r0, [r3, #9]	@ zero_extendqisi2
 148 0044 41EA8021 		orr	r1, r1, r0, lsl #10
 149 0048 C1F30A01 		ubfx	r1, r1, #0, #11
 150 004c 9160     		str	r1, [r2, #8]
  67:sbus.c        **** 	_channels[3]  = ((buffer[5]>>1 |buffer[6]<<7)                 & 0x07FF);
 151              		.loc 1 67 0
 152 004e 9D7A     		ldrb	r5, [r3, #10]	@ zero_extendqisi2
 153 0050 E901     		lsls	r1, r5, #7
 154 0052 41EA5001 		orr	r1, r1, r0, lsr #1
 155 0056 C1F30A01 		ubfx	r1, r1, #0, #11
 156 005a D160     		str	r1, [r2, #12]
  68:sbus.c        **** 	_channels[4]  = ((buffer[6]>>4 |buffer[7]<<4)                 & 0x07FF);
 157              		.loc 1 68 0
ARM GAS  C:\Users\jon\AppData\Local\Temp\ccaNJL2f.s 			page 5


 158 005c DC7A     		ldrb	r4, [r3, #11]	@ zero_extendqisi2
 159 005e 2001     		lsls	r0, r4, #4
 160 0060 40EA1510 		orr	r0, r0, r5, lsr #4
 161 0064 C0F30A00 		ubfx	r0, r0, #0, #11
 162 0068 1061     		str	r0, [r2, #16]
  69:sbus.c        **** 	_channels[5]  = ((buffer[7]>>7 |buffer[8]<<1 |buffer[9]<<9)   & 0x07FF);
 163              		.loc 1 69 0
 164 006a 197B     		ldrb	r1, [r3, #12]	@ zero_extendqisi2
 165 006c 4900     		lsls	r1, r1, #1
 166 006e 41EAD411 		orr	r1, r1, r4, lsr #7
 167 0072 5D7B     		ldrb	r5, [r3, #13]	@ zero_extendqisi2
 168 0074 41EA4521 		orr	r1, r1, r5, lsl #9
 169 0078 C1F30A01 		ubfx	r1, r1, #0, #11
 170 007c 5161     		str	r1, [r2, #20]
  70:sbus.c        **** 	_channels[6]  = ((buffer[9]>>2 |buffer[10]<<6)                & 0x07FF);
 171              		.loc 1 70 0
 172 007e 9C7B     		ldrb	r4, [r3, #14]	@ zero_extendqisi2
 173 0080 A001     		lsls	r0, r4, #6
 174 0082 40EA9500 		orr	r0, r0, r5, lsr #2
 175 0086 C0F30A00 		ubfx	r0, r0, #0, #11
 176 008a 9061     		str	r0, [r2, #24]
  71:sbus.c        **** 	_channels[7]  = ((buffer[10]>>5|buffer[11]<<3)                & 0x07FF);
 177              		.loc 1 71 0
 178 008c D97B     		ldrb	r1, [r3, #15]	@ zero_extendqisi2
 179 008e C900     		lsls	r1, r1, #3
 180 0090 41EA5411 		orr	r1, r1, r4, lsr #5
 181 0094 D161     		str	r1, [r2, #28]
  72:sbus.c        **** 	_channels[8]  = ((buffer[12]   |buffer[13]<<8)                & 0x07FF);
 182              		.loc 1 72 0
 183 0096 197C     		ldrb	r1, [r3, #16]	@ zero_extendqisi2
 184 0098 5D7C     		ldrb	r5, [r3, #17]	@ zero_extendqisi2
 185 009a 41EA0521 		orr	r1, r1, r5, lsl #8
 186 009e C1F30A01 		ubfx	r1, r1, #0, #11
 187 00a2 1162     		str	r1, [r2, #32]
  73:sbus.c        **** 	_channels[9]  = ((buffer[13]>>3|buffer[14]<<5)                & 0x07FF);
 188              		.loc 1 73 0
 189 00a4 9C7C     		ldrb	r4, [r3, #18]	@ zero_extendqisi2
 190 00a6 6001     		lsls	r0, r4, #5
 191 00a8 40EAD500 		orr	r0, r0, r5, lsr #3
 192 00ac C0F30A00 		ubfx	r0, r0, #0, #11
 193 00b0 5062     		str	r0, [r2, #36]
  74:sbus.c        **** 	_channels[10] = ((buffer[14]>>6|buffer[15]<<2|buffer[16]<<10) & 0x07FF);
 194              		.loc 1 74 0
 195 00b2 D97C     		ldrb	r1, [r3, #19]	@ zero_extendqisi2
 196 00b4 8900     		lsls	r1, r1, #2
 197 00b6 41EA9411 		orr	r1, r1, r4, lsr #6
 198 00ba 187D     		ldrb	r0, [r3, #20]	@ zero_extendqisi2
 199 00bc 41EA8021 		orr	r1, r1, r0, lsl #10
 200 00c0 C1F30A01 		ubfx	r1, r1, #0, #11
 201 00c4 9162     		str	r1, [r2, #40]
  75:sbus.c        **** 	_channels[11] = ((buffer[16]>>1|buffer[17]<<7)                & 0x07FF);
 202              		.loc 1 75 0
 203 00c6 5D7D     		ldrb	r5, [r3, #21]	@ zero_extendqisi2
 204 00c8 E901     		lsls	r1, r5, #7
 205 00ca 41EA5001 		orr	r1, r1, r0, lsr #1
 206 00ce C1F30A01 		ubfx	r1, r1, #0, #11
 207 00d2 D162     		str	r1, [r2, #44]
ARM GAS  C:\Users\jon\AppData\Local\Temp\ccaNJL2f.s 			page 6


  76:sbus.c        **** 	_channels[12] = ((buffer[17]>>4|buffer[18]<<4)                & 0x07FF);
 208              		.loc 1 76 0
 209 00d4 9C7D     		ldrb	r4, [r3, #22]	@ zero_extendqisi2
 210 00d6 2001     		lsls	r0, r4, #4
 211 00d8 40EA1510 		orr	r0, r0, r5, lsr #4
 212 00dc C0F30A00 		ubfx	r0, r0, #0, #11
 213 00e0 1063     		str	r0, [r2, #48]
  77:sbus.c        **** 	_channels[13] = ((buffer[18]>>7|buffer[19]<<1|buffer[20]<<9)  & 0x07FF);
 214              		.loc 1 77 0
 215 00e2 D97D     		ldrb	r1, [r3, #23]	@ zero_extendqisi2
 216 00e4 4900     		lsls	r1, r1, #1
 217 00e6 41EAD411 		orr	r1, r1, r4, lsr #7
 218 00ea 1D7E     		ldrb	r5, [r3, #24]	@ zero_extendqisi2
 219 00ec 41EA4521 		orr	r1, r1, r5, lsl #9
 220 00f0 C1F30A01 		ubfx	r1, r1, #0, #11
 221 00f4 5163     		str	r1, [r2, #52]
  78:sbus.c        **** 	_channels[14] = ((buffer[20]>>2|buffer[21]<<6)                & 0x07FF);
 222              		.loc 1 78 0
 223 00f6 5C7E     		ldrb	r4, [r3, #25]	@ zero_extendqisi2
 224 00f8 A001     		lsls	r0, r4, #6
 225 00fa 40EA9500 		orr	r0, r0, r5, lsr #2
 226 00fe C0F30A00 		ubfx	r0, r0, #0, #11
 227 0102 9063     		str	r0, [r2, #56]
  79:sbus.c        **** 	_channels[15] = ((buffer[21]>>5|buffer[22]<<3)                & 0x07FF);
 228              		.loc 1 79 0
 229 0104 997E     		ldrb	r1, [r3, #26]	@ zero_extendqisi2
 230 0106 C900     		lsls	r1, r1, #3
 231 0108 41EA5411 		orr	r1, r1, r4, lsr #5
 232 010c D163     		str	r1, [r2, #60]
  80:sbus.c        **** 
  81:sbus.c        **** 	((buffer[23])      & 0x0001) ? (_channels[16] = 2047) : (_channels[16] = 0);
 233              		.loc 1 81 0
 234 010e DB7E     		ldrb	r3, [r3, #27]	@ zero_extendqisi2
 235 0110 13F0010F 		tst	r3, #1
 236 0114 03D0     		beq	.L10
 237              		.loc 1 81 0 is_stmt 0 discriminator 1
 238 0116 40F2FF71 		movw	r1, #2047
 239 011a 1164     		str	r1, [r2, #64]
 240 011c 02E0     		b	.L11
 241              	.L10:
 242              		.loc 1 81 0 discriminator 2
 243 011e 0021     		movs	r1, #0
 244 0120 124A     		ldr	r2, .L17+12
 245 0122 1164     		str	r1, [r2, #64]
 246              	.L11:
  82:sbus.c        **** 	((buffer[23] >> 1) & 0x0001) ? (_channels[17] = 2047) : (_channels[17] = 0);
 247              		.loc 1 82 0 is_stmt 1
 248 0124 13F0020F 		tst	r3, #2
 249 0128 04D0     		beq	.L12
 250              		.loc 1 82 0 is_stmt 0 discriminator 1
 251 012a 40F2FF71 		movw	r1, #2047
 252 012e 0F4A     		ldr	r2, .L17+12
 253 0130 5164     		str	r1, [r2, #68]
 254 0132 02E0     		b	.L13
 255              	.L12:
 256              		.loc 1 82 0 discriminator 2
 257 0134 0021     		movs	r1, #0
ARM GAS  C:\Users\jon\AppData\Local\Temp\ccaNJL2f.s 			page 7


 258 0136 0D4A     		ldr	r2, .L17+12
 259 0138 5164     		str	r1, [r2, #68]
 260              	.L13:
  83:sbus.c        **** 
  84:sbus.c        **** 	if ((buffer[23] >> 3) & 0x0001) {
 261              		.loc 1 84 0 is_stmt 1
 262 013a 13F0080F 		tst	r3, #8
 263 013e 03D0     		beq	.L14
  85:sbus.c        **** 		_failsafe = SBUS_FAILSAFE_ACTIVE;
 264              		.loc 1 85 0
 265 0140 0121     		movs	r1, #1
 266 0142 0B4A     		ldr	r2, .L17+16
 267 0144 1160     		str	r1, [r2]
 268 0146 02E0     		b	.L15
 269              	.L14:
  86:sbus.c        **** 	} else {
  87:sbus.c        **** 		_failsafe = SBUS_FAILSAFE_INACTIVE;
 270              		.loc 1 87 0
 271 0148 0021     		movs	r1, #0
 272 014a 094A     		ldr	r2, .L17+16
 273 014c 1160     		str	r1, [r2]
 274              	.L15:
  88:sbus.c        **** 	}
  89:sbus.c        **** 
  90:sbus.c        **** 	if ((buffer[23] >> 2) & 0x0001) {
 275              		.loc 1 90 0
 276 014e 13F0040F 		tst	r3, #4
 277 0152 03D0     		beq	.L7
  91:sbus.c        **** 		_lostFrames++;
 278              		.loc 1 91 0
 279 0154 074A     		ldr	r2, .L17+20
 280 0156 1368     		ldr	r3, [r2]
 281 0158 0133     		adds	r3, r3, #1
 282 015a 1360     		str	r3, [r2]
 283              	.L7:
  92:sbus.c        **** 	}
  93:sbus.c        **** 
  94:sbus.c        **** }
 284              		.loc 1 94 0
 285 015c 30BC     		pop	{r4, r5}
 286              		.cfi_restore 5
 287              		.cfi_restore 4
 288              		.cfi_def_cfa_offset 0
 289 015e 7047     		bx	lr
 290              	.L18:
 291              		.align	2
 292              	.L17:
 293 0160 00000000 		.word	.LANCHOR0
 294 0164 00000000 		.word	_decoderErrorFrames
 295 0168 00000000 		.word	_goodFrames
 296 016c 00000000 		.word	_channels
 297 0170 00000000 		.word	_failsafe
 298 0174 00000000 		.word	_lostFrames
 299              		.cfi_endproc
 300              	.LFE65:
 301              		.size	sbus_process, .-sbus_process
 302              		.section	.text.sbus_recv,"ax",%progbits
ARM GAS  C:\Users\jon\AppData\Local\Temp\ccaNJL2f.s 			page 8


 303              		.align	2
 304              		.global	sbus_recv
 305              		.thumb
 306              		.thumb_func
 307              		.type	sbus_recv, %function
 308              	sbus_recv:
 309              	.LFB64:
  39:sbus.c        ****     uint8 state = CyEnterCriticalSection();
 310              		.loc 1 39 0
 311              		.cfi_startproc
 312              		@ args = 0, pretend = 0, frame = 0
 313              		@ frame_needed = 0, uses_anonymous_args = 0
 314 0000 38B5     		push	{r3, r4, r5, lr}
 315              		.cfi_def_cfa_offset 16
 316              		.cfi_offset 3, -16
 317              		.cfi_offset 4, -12
 318              		.cfi_offset 5, -8
 319              		.cfi_offset 14, -4
  40:sbus.c        ****     byte rx = SBUS_UART_ReadRxData();
 320              		.loc 1 40 0
 321 0002 FFF7FEFF 		bl	CyEnterCriticalSection
 322              	.LVL6:
 323 0006 0446     		mov	r4, r0
 324              	.LVL7:
  41:sbus.c        ****     if (buffer_index == 0 && rx != SBUS_STARTBYTE) {
 325              		.loc 1 41 0
 326 0008 FFF7FEFF 		bl	SBUS_UART_ReadRxData
 327              	.LVL8:
  42:sbus.c        ****         _decoderErrorFrames++;
 328              		.loc 1 42 0
 329 000c 104B     		ldr	r3, .L24
 330 000e 1B78     		ldrb	r3, [r3]	@ zero_extendqisi2
 331 0010 33B9     		cbnz	r3, .L20
  42:sbus.c        ****         _decoderErrorFrames++;
 332              		.loc 1 42 0 is_stmt 0 discriminator 1
 333 0012 0F28     		cmp	r0, #15
 334 0014 04D0     		beq	.L20
  43:sbus.c        ****         return;
 335              		.loc 1 43 0 is_stmt 1
 336 0016 0F4A     		ldr	r2, .L24+4
 337 0018 1368     		ldr	r3, [r2]
 338 001a 0133     		adds	r3, r3, #1
 339 001c 1360     		str	r3, [r2]
  44:sbus.c        ****     }
 340              		.loc 1 44 0
 341 001e 38BD     		pop	{r3, r4, r5, pc}
 342              	.LVL9:
 343              	.L20:
  46:sbus.c        ****     buffer_index = (buffer_index + 1) % 25;
 344              		.loc 1 46 0
 345 0020 0B4D     		ldr	r5, .L24
 346 0022 EA18     		adds	r2, r5, r3
 347 0024 1071     		strb	r0, [r2, #4]
  47:sbus.c        ****     if (buffer_index == 0) {
 348              		.loc 1 47 0
 349 0026 5A1C     		adds	r2, r3, #1
 350 0028 0B4B     		ldr	r3, .L24+8
ARM GAS  C:\Users\jon\AppData\Local\Temp\ccaNJL2f.s 			page 9


 351 002a 83FB0231 		smull	r3, r1, r3, r2
 352 002e D317     		asrs	r3, r2, #31
 353 0030 C3EBE103 		rsb	r3, r3, r1, asr #3
 354 0034 03EB8303 		add	r3, r3, r3, lsl #2
 355 0038 03EB8303 		add	r3, r3, r3, lsl #2
 356 003c D31A     		subs	r3, r2, r3
 357 003e DBB2     		uxtb	r3, r3
 358 0040 2B70     		strb	r3, [r5]
  48:sbus.c        ****         sbus_process();
 359              		.loc 1 48 0
 360 0042 0BB9     		cbnz	r3, .L22
  49:sbus.c        ****     }
 361              		.loc 1 49 0
 362 0044 FFF7FEFF 		bl	sbus_process
 363              	.LVL10:
 364              	.L22:
  51:sbus.c        ****     
 365              		.loc 1 51 0
 366 0048 2046     		mov	r0, r4
 367 004a FFF7FEFF 		bl	CyExitCriticalSection
 368              	.LVL11:
 369 004e 38BD     		pop	{r3, r4, r5, pc}
 370              	.LVL12:
 371              	.L25:
 372              		.align	2
 373              	.L24:
 374 0050 00000000 		.word	.LANCHOR0
 375 0054 00000000 		.word	_decoderErrorFrames
 376 0058 1F85EB51 		.word	1374389535
 377              		.cfi_endproc
 378              	.LFE64:
 379              		.size	sbus_recv, .-sbus_recv
 380              		.section	.text.sbus_getChannel,"ax",%progbits
 381              		.align	2
 382              		.global	sbus_getChannel
 383              		.thumb
 384              		.thumb_func
 385              		.type	sbus_getChannel, %function
 386              	sbus_getChannel:
 387              	.LFB66:
  95:sbus.c        **** 
  96:sbus.c        **** int sbus_getChannel(int channel) {
 388              		.loc 1 96 0
 389              		.cfi_startproc
 390              		@ args = 0, pretend = 0, frame = 0
 391              		@ frame_needed = 0, uses_anonymous_args = 0
 392              		@ link register save eliminated.
 393              	.LVL13:
  97:sbus.c        **** 	if (channel < 1 || channel > 18) {
 394              		.loc 1 97 0
 395 0000 431E     		subs	r3, r0, #1
 396 0002 112B     		cmp	r3, #17
 397 0004 04D8     		bhi	.L28
  98:sbus.c        **** 		return 0;
  99:sbus.c        **** 	} else {
 100:sbus.c        **** 		return _channels[channel - 1];
 398              		.loc 1 100 0
ARM GAS  C:\Users\jon\AppData\Local\Temp\ccaNJL2f.s 			page 10


 399 0006 1846     		mov	r0, r3
 400              	.LVL14:
 401 0008 024B     		ldr	r3, .L29
 402 000a 53F82000 		ldr	r0, [r3, r0, lsl #2]
 403              	.LVL15:
 404 000e 7047     		bx	lr
 405              	.LVL16:
 406              	.L28:
  98:sbus.c        **** 		return 0;
 407              		.loc 1 98 0
 408 0010 0020     		movs	r0, #0
 409              	.LVL17:
 101:sbus.c        **** 	}
 102:sbus.c        **** }
 410              		.loc 1 102 0
 411 0012 7047     		bx	lr
 412              	.L30:
 413              		.align	2
 414              	.L29:
 415 0014 00000000 		.word	_channels
 416              		.cfi_endproc
 417              	.LFE66:
 418              		.size	sbus_getChannel, .-sbus_getChannel
 419              		.global	__aeabi_i2d
 420              		.global	__aeabi_ddiv
 421              		.global	__aeabi_d2f
 422              		.section	.text.sbus_getNormalizedChannel,"ax",%progbits
 423              		.align	2
 424              		.global	sbus_getNormalizedChannel
 425              		.thumb
 426              		.thumb_func
 427              		.type	sbus_getNormalizedChannel, %function
 428              	sbus_getNormalizedChannel:
 429              	.LFB67:
 103:sbus.c        **** 
 104:sbus.c        **** 
 105:sbus.c        **** int sbus_getNormalizedChannel(int channel) {
 430              		.loc 1 105 0
 431              		.cfi_startproc
 432              		@ args = 0, pretend = 0, frame = 0
 433              		@ frame_needed = 0, uses_anonymous_args = 0
 434              	.LVL18:
 435 0000 08B5     		push	{r3, lr}
 436              		.cfi_def_cfa_offset 8
 437              		.cfi_offset 3, -8
 438              		.cfi_offset 14, -4
 106:sbus.c        **** 	if (channel < 1 || channel > 18) {
 439              		.loc 1 106 0
 440 0002 431E     		subs	r3, r0, #1
 441 0004 112B     		cmp	r3, #17
 442 0006 11D8     		bhi	.L33
 107:sbus.c        **** 		return 0;
 108:sbus.c        **** 	} else {
 109:sbus.c        **** 		//return lroundf((_channels[channel - 1] / 10.24)) - 100; //9.92 or 10.24?
 110:sbus.c        ****         return lroundf((_channels[channel - 1] - 172) / 8.195) - 100;
 443              		.loc 1 110 0
 444 0008 1846     		mov	r0, r3
ARM GAS  C:\Users\jon\AppData\Local\Temp\ccaNJL2f.s 			page 11


 445              	.LVL19:
 446 000a 0B4B     		ldr	r3, .L35+8
 447 000c 53F82000 		ldr	r0, [r3, r0, lsl #2]
 448              	.LVL20:
 449 0010 AC38     		subs	r0, r0, #172
 450 0012 FFF7FEFF 		bl	__aeabi_i2d
 451              	.LVL21:
 452 0016 06A3     		adr	r3, .L35
 453 0018 D3E90023 		ldrd	r2, [r3]
 454 001c FFF7FEFF 		bl	__aeabi_ddiv
 455              	.LVL22:
 456 0020 FFF7FEFF 		bl	__aeabi_d2f
 457              	.LVL23:
 458 0024 FFF7FEFF 		bl	lroundf
 459              	.LVL24:
 460 0028 6438     		subs	r0, r0, #100
 461 002a 08BD     		pop	{r3, pc}
 462              	.LVL25:
 463              	.L33:
 107:sbus.c        **** 		return 0;
 464              		.loc 1 107 0
 465 002c 0020     		movs	r0, #0
 466              	.LVL26:
 111:sbus.c        **** 	}
 112:sbus.c        **** }
 467              		.loc 1 112 0
 468 002e 08BD     		pop	{r3, pc}
 469              	.LVL27:
 470              	.L36:
 471              		.align	3
 472              	.L35:
 473 0030 A4703D0A 		.word	171798692
 474 0034 D7632040 		.word	1075864535
 475 0038 00000000 		.word	_channels
 476              		.cfi_endproc
 477              	.LFE67:
 478              		.size	sbus_getNormalizedChannel, .-sbus_getNormalizedChannel
 479              		.section	.text.sbus_getFailsafeStatus,"ax",%progbits
 480              		.align	2
 481              		.global	sbus_getFailsafeStatus
 482              		.thumb
 483              		.thumb_func
 484              		.type	sbus_getFailsafeStatus, %function
 485              	sbus_getFailsafeStatus:
 486              	.LFB68:
 113:sbus.c        **** 
 114:sbus.c        **** int sbus_getFailsafeStatus() {
 487              		.loc 1 114 0
 488              		.cfi_startproc
 489              		@ args = 0, pretend = 0, frame = 0
 490              		@ frame_needed = 0, uses_anonymous_args = 0
 491              		@ link register save eliminated.
 115:sbus.c        **** 	return _failsafe;
 116:sbus.c        **** }
 492              		.loc 1 116 0
 493 0000 014B     		ldr	r3, .L38
 494 0002 1868     		ldr	r0, [r3]
ARM GAS  C:\Users\jon\AppData\Local\Temp\ccaNJL2f.s 			page 12


 495 0004 7047     		bx	lr
 496              	.L39:
 497 0006 00BF     		.align	2
 498              	.L38:
 499 0008 00000000 		.word	_failsafe
 500              		.cfi_endproc
 501              	.LFE68:
 502              		.size	sbus_getFailsafeStatus, .-sbus_getFailsafeStatus
 503              		.section	.text.sbus_getFrameLoss,"ax",%progbits
 504              		.align	2
 505              		.global	sbus_getFrameLoss
 506              		.thumb
 507              		.thumb_func
 508              		.type	sbus_getFrameLoss, %function
 509              	sbus_getFrameLoss:
 510              	.LFB69:
 117:sbus.c        **** 
 118:sbus.c        **** int sbus_getFrameLoss() {
 511              		.loc 1 118 0
 512              		.cfi_startproc
 513              		@ args = 0, pretend = 0, frame = 0
 514              		@ frame_needed = 0, uses_anonymous_args = 0
 515              		@ link register save eliminated.
 119:sbus.c        **** 	return (int) ((_lostFrames + _decoderErrorFrames) * 100 / (_goodFrames + _lostFrames + _decoderErr
 516              		.loc 1 119 0
 517 0000 074B     		ldr	r3, .L41
 518 0002 1B68     		ldr	r3, [r3]
 519 0004 074A     		ldr	r2, .L41+4
 520 0006 1168     		ldr	r1, [r2]
 521 0008 5818     		adds	r0, r3, r1
 522 000a 6422     		movs	r2, #100
 523 000c 02FB00F0 		mul	r0, r2, r0
 524 0010 054A     		ldr	r2, .L41+8
 525 0012 1268     		ldr	r2, [r2]
 526 0014 1344     		add	r3, r3, r2
 527 0016 0B44     		add	r3, r3, r1
 120:sbus.c        **** }
 528              		.loc 1 120 0
 529 0018 90FBF3F0 		sdiv	r0, r0, r3
 530 001c 7047     		bx	lr
 531              	.L42:
 532 001e 00BF     		.align	2
 533              	.L41:
 534 0020 00000000 		.word	_lostFrames
 535 0024 00000000 		.word	_decoderErrorFrames
 536 0028 00000000 		.word	_goodFrames
 537              		.cfi_endproc
 538              	.LFE69:
 539              		.size	sbus_getFrameLoss, .-sbus_getFrameLoss
 540              		.section	.text.sbus_getGoodFrames,"ax",%progbits
 541              		.align	2
 542              		.global	sbus_getGoodFrames
 543              		.thumb
 544              		.thumb_func
 545              		.type	sbus_getGoodFrames, %function
 546              	sbus_getGoodFrames:
 547              	.LFB70:
ARM GAS  C:\Users\jon\AppData\Local\Temp\ccaNJL2f.s 			page 13


 121:sbus.c        **** 
 122:sbus.c        **** long sbus_getGoodFrames() {
 548              		.loc 1 122 0
 549              		.cfi_startproc
 550              		@ args = 0, pretend = 0, frame = 0
 551              		@ frame_needed = 0, uses_anonymous_args = 0
 552              		@ link register save eliminated.
 123:sbus.c        **** 	return _goodFrames;
 124:sbus.c        **** }
 553              		.loc 1 124 0
 554 0000 014B     		ldr	r3, .L44
 555 0002 1868     		ldr	r0, [r3]
 556 0004 7047     		bx	lr
 557              	.L45:
 558 0006 00BF     		.align	2
 559              	.L44:
 560 0008 00000000 		.word	_goodFrames
 561              		.cfi_endproc
 562              	.LFE70:
 563              		.size	sbus_getGoodFrames, .-sbus_getGoodFrames
 564              		.section	.text.sbus_getLostFrames,"ax",%progbits
 565              		.align	2
 566              		.global	sbus_getLostFrames
 567              		.thumb
 568              		.thumb_func
 569              		.type	sbus_getLostFrames, %function
 570              	sbus_getLostFrames:
 571              	.LFB71:
 125:sbus.c        **** 
 126:sbus.c        **** long sbus_getLostFrames() {
 572              		.loc 1 126 0
 573              		.cfi_startproc
 574              		@ args = 0, pretend = 0, frame = 0
 575              		@ frame_needed = 0, uses_anonymous_args = 0
 576              		@ link register save eliminated.
 127:sbus.c        **** 	return _lostFrames;
 128:sbus.c        **** }
 577              		.loc 1 128 0
 578 0000 014B     		ldr	r3, .L47
 579 0002 1868     		ldr	r0, [r3]
 580 0004 7047     		bx	lr
 581              	.L48:
 582 0006 00BF     		.align	2
 583              	.L47:
 584 0008 00000000 		.word	_lostFrames
 585              		.cfi_endproc
 586              	.LFE71:
 587              		.size	sbus_getLostFrames, .-sbus_getLostFrames
 588              		.section	.text.sbus_getDecoderErrorFrames,"ax",%progbits
 589              		.align	2
 590              		.global	sbus_getDecoderErrorFrames
 591              		.thumb
 592              		.thumb_func
 593              		.type	sbus_getDecoderErrorFrames, %function
 594              	sbus_getDecoderErrorFrames:
 595              	.LFB72:
 129:sbus.c        **** 
ARM GAS  C:\Users\jon\AppData\Local\Temp\ccaNJL2f.s 			page 14


 130:sbus.c        **** long sbus_getDecoderErrorFrames() {
 596              		.loc 1 130 0
 597              		.cfi_startproc
 598              		@ args = 0, pretend = 0, frame = 0
 599              		@ frame_needed = 0, uses_anonymous_args = 0
 600              		@ link register save eliminated.
 131:sbus.c        **** 	return _decoderErrorFrames;
 132:sbus.c        **** }
 601              		.loc 1 132 0
 602 0000 014B     		ldr	r3, .L50
 603 0002 1868     		ldr	r0, [r3]
 604 0004 7047     		bx	lr
 605              	.L51:
 606 0006 00BF     		.align	2
 607              	.L50:
 608 0008 00000000 		.word	_decoderErrorFrames
 609              		.cfi_endproc
 610              	.LFE72:
 611              		.size	sbus_getDecoderErrorFrames, .-sbus_getDecoderErrorFrames
 612              		.comm	_decoderErrorFrames,4,4
 613              		.comm	_lostFrames,4,4
 614              		.comm	_goodFrames,4,4
 615              		.comm	_failsafe,4,4
 616              		.comm	_channels,72,4
 617              		.bss
 618              		.align	2
 619              		.set	.LANCHOR0,. + 0
 620              		.type	buffer_index, %object
 621              		.size	buffer_index, 1
 622              	buffer_index:
 623 0000 00       		.space	1
 624 0001 000000   		.space	3
 625              		.type	buffer, %object
 626              		.size	buffer, 25
 627              	buffer:
 628 0004 00000000 		.space	25
 628      00000000 
 628      00000000 
 628      00000000 
 628      00000000 
 629              		.text
 630              	.Letext0:
 631              		.file 2 "c:\\program files (x86)\\cypress\\psoc creator\\4.1\\psoc creator\\import\\gnu\\arm\\5.4.
 632              		.file 3 "c:\\program files (x86)\\cypress\\psoc creator\\4.1\\psoc creator\\import\\gnu\\arm\\5.4.
 633              		.file 4 "Generated_Source\\PSoC5/cytypes.h"
 634              		.file 5 "Generated_Source\\PSoC5/core_cm3.h"
 635              		.file 6 "Generated_Source\\PSoC5/SBUS_Interrupt.h"
 636              		.file 7 "Generated_Source\\PSoC5/SBUS_UART.h"
 637              		.file 8 "Generated_Source\\PSoC5/CyLib.h"
 638              		.file 9 "c:\\program files (x86)\\cypress\\psoc creator\\4.1\\psoc creator\\import\\gnu\\arm\\5.4.
 639              		.section	.debug_info,"",%progbits
 640              	.Ldebug_info0:
 641 0000 27030000 		.4byte	0x327
 642 0004 0400     		.2byte	0x4
 643 0006 00000000 		.4byte	.Ldebug_abbrev0
 644 000a 04       		.byte	0x4
 645 000b 01       		.uleb128 0x1
ARM GAS  C:\Users\jon\AppData\Local\Temp\ccaNJL2f.s 			page 15


 646 000c D4000000 		.4byte	.LASF41
 647 0010 0C       		.byte	0xc
 648 0011 6A000000 		.4byte	.LASF42
 649 0015 D9020000 		.4byte	.LASF43
 650 0019 00000000 		.4byte	.Ldebug_ranges0+0
 651 001d 00000000 		.4byte	0
 652 0021 00000000 		.4byte	.Ldebug_line0
 653 0025 02       		.uleb128 0x2
 654 0026 01       		.byte	0x1
 655 0027 06       		.byte	0x6
 656 0028 CD020000 		.4byte	.LASF0
 657 002c 02       		.uleb128 0x2
 658 002d 01       		.byte	0x1
 659 002e 08       		.byte	0x8
 660 002f C6000000 		.4byte	.LASF1
 661 0033 02       		.uleb128 0x2
 662 0034 02       		.byte	0x2
 663 0035 05       		.byte	0x5
 664 0036 73020000 		.4byte	.LASF2
 665 003a 02       		.uleb128 0x2
 666 003b 02       		.byte	0x2
 667 003c 07       		.byte	0x7
 668 003d 99010000 		.4byte	.LASF3
 669 0041 03       		.uleb128 0x3
 670 0042 60000000 		.4byte	.LASF9
 671 0046 02       		.byte	0x2
 672 0047 3F       		.byte	0x3f
 673 0048 4C000000 		.4byte	0x4c
 674 004c 02       		.uleb128 0x2
 675 004d 04       		.byte	0x4
 676 004e 05       		.byte	0x5
 677 004f B8020000 		.4byte	.LASF4
 678 0053 02       		.uleb128 0x2
 679 0054 04       		.byte	0x4
 680 0055 07       		.byte	0x7
 681 0056 72010000 		.4byte	.LASF5
 682 005a 02       		.uleb128 0x2
 683 005b 08       		.byte	0x8
 684 005c 05       		.byte	0x5
 685 005d 53020000 		.4byte	.LASF6
 686 0061 02       		.uleb128 0x2
 687 0062 08       		.byte	0x8
 688 0063 07       		.byte	0x7
 689 0064 98000000 		.4byte	.LASF7
 690 0068 04       		.uleb128 0x4
 691 0069 04       		.byte	0x4
 692 006a 05       		.byte	0x5
 693 006b 696E7400 		.ascii	"int\000"
 694 006f 02       		.uleb128 0x2
 695 0070 04       		.byte	0x4
 696 0071 07       		.byte	0x7
 697 0072 F6010000 		.4byte	.LASF8
 698 0076 03       		.uleb128 0x3
 699 0077 8A000000 		.4byte	.LASF10
 700 007b 03       		.byte	0x3
 701 007c 2C       		.byte	0x2c
 702 007d 41000000 		.4byte	0x41
ARM GAS  C:\Users\jon\AppData\Local\Temp\ccaNJL2f.s 			page 16


 703 0081 05       		.uleb128 0x5
 704 0082 84020000 		.4byte	.LASF11
 705 0086 04       		.byte	0x4
 706 0087 9201     		.2byte	0x192
 707 0089 2C000000 		.4byte	0x2c
 708 008d 02       		.uleb128 0x2
 709 008e 04       		.byte	0x4
 710 008f 04       		.byte	0x4
 711 0090 92000000 		.4byte	.LASF12
 712 0094 02       		.uleb128 0x2
 713 0095 08       		.byte	0x8
 714 0096 04       		.byte	0x4
 715 0097 C1010000 		.4byte	.LASF13
 716 009b 02       		.uleb128 0x2
 717 009c 01       		.byte	0x1
 718 009d 08       		.byte	0x8
 719 009e 61020000 		.4byte	.LASF14
 720 00a2 02       		.uleb128 0x2
 721 00a3 08       		.byte	0x8
 722 00a4 04       		.byte	0x4
 723 00a5 C1020000 		.4byte	.LASF15
 724 00a9 02       		.uleb128 0x2
 725 00aa 04       		.byte	0x4
 726 00ab 07       		.byte	0x7
 727 00ac 4A020000 		.4byte	.LASF16
 728 00b0 03       		.uleb128 0x3
 729 00b1 85000000 		.4byte	.LASF17
 730 00b5 01       		.byte	0x1
 731 00b6 0A       		.byte	0xa
 732 00b7 2C000000 		.4byte	0x2c
 733 00bb 06       		.uleb128 0x6
 734 00bc AD020000 		.4byte	.LASF44
 735 00c0 01       		.byte	0x1
 736 00c1 18       		.byte	0x18
 737 00c2 00000000 		.4byte	.LFB63
 738 00c6 58000000 		.4byte	.LFE63-.LFB63
 739 00ca 01       		.uleb128 0x1
 740 00cb 9C       		.byte	0x9c
 741 00cc 0C010000 		.4byte	0x10c
 742 00d0 07       		.uleb128 0x7
 743 00d1 0E000000 		.4byte	.LBB2
 744 00d5 14000000 		.4byte	.LBE2-.LBB2
 745 00d9 EB000000 		.4byte	0xeb
 746 00dd 08       		.uleb128 0x8
 747 00de 6900     		.ascii	"i\000"
 748 00e0 01       		.byte	0x1
 749 00e1 1C       		.byte	0x1c
 750 00e2 B0000000 		.4byte	0xb0
 751 00e6 00000000 		.4byte	.LLST0
 752 00ea 00       		.byte	0
 753 00eb 09       		.uleb128 0x9
 754 00ec 0E000000 		.4byte	.LVL0
 755 00f0 E7020000 		.4byte	0x2e7
 756 00f4 02010000 		.4byte	0x102
 757 00f8 0A       		.uleb128 0xa
 758 00f9 01       		.uleb128 0x1
 759 00fa 50       		.byte	0x50
ARM GAS  C:\Users\jon\AppData\Local\Temp\ccaNJL2f.s 			page 17


 760 00fb 05       		.uleb128 0x5
 761 00fc 03       		.byte	0x3
 762 00fd 00000000 		.4byte	sbus_recv
 763 0101 00       		.byte	0
 764 0102 0B       		.uleb128 0xb
 765 0103 38000000 		.4byte	.LVL5
 766 0107 F2020000 		.4byte	0x2f2
 767 010b 00       		.byte	0
 768 010c 0C       		.uleb128 0xc
 769 010d A0020000 		.4byte	.LASF45
 770 0111 01       		.byte	0x1
 771 0112 37       		.byte	0x37
 772 0113 00000000 		.4byte	.LFB65
 773 0117 78010000 		.4byte	.LFE65-.LFB65
 774 011b 01       		.uleb128 0x1
 775 011c 9C       		.byte	0x9c
 776 011d 0D       		.uleb128 0xd
 777 011e 1D000000 		.4byte	.LASF46
 778 0122 01       		.byte	0x1
 779 0123 27       		.byte	0x27
 780 0124 00000000 		.4byte	.LFB64
 781 0128 5C000000 		.4byte	.LFE64-.LFB64
 782 012c 01       		.uleb128 0x1
 783 012d 9C       		.byte	0x9c
 784 012e 7B010000 		.4byte	0x17b
 785 0132 0E       		.uleb128 0xe
 786 0133 4E000000 		.4byte	.LASF18
 787 0137 01       		.byte	0x1
 788 0138 28       		.byte	0x28
 789 0139 81000000 		.4byte	0x81
 790 013d 2A000000 		.4byte	.LLST1
 791 0141 08       		.uleb128 0x8
 792 0142 727800   		.ascii	"rx\000"
 793 0145 01       		.byte	0x1
 794 0146 29       		.byte	0x29
 795 0147 B0000000 		.4byte	0xb0
 796 014b 3D000000 		.4byte	.LLST2
 797 014f 0B       		.uleb128 0xb
 798 0150 06000000 		.4byte	.LVL6
 799 0154 FD020000 		.4byte	0x2fd
 800 0158 0B       		.uleb128 0xb
 801 0159 0C000000 		.4byte	.LVL8
 802 015d 08030000 		.4byte	0x308
 803 0161 0B       		.uleb128 0xb
 804 0162 48000000 		.4byte	.LVL10
 805 0166 0C010000 		.4byte	0x10c
 806 016a 0F       		.uleb128 0xf
 807 016b 4E000000 		.4byte	.LVL11
 808 016f 13030000 		.4byte	0x313
 809 0173 0A       		.uleb128 0xa
 810 0174 01       		.uleb128 0x1
 811 0175 50       		.byte	0x50
 812 0176 02       		.uleb128 0x2
 813 0177 74       		.byte	0x74
 814 0178 00       		.sleb128 0
 815 0179 00       		.byte	0
 816 017a 00       		.byte	0
ARM GAS  C:\Users\jon\AppData\Local\Temp\ccaNJL2f.s 			page 18


 817 017b 10       		.uleb128 0x10
 818 017c 03020000 		.4byte	.LASF19
 819 0180 01       		.byte	0x1
 820 0181 60       		.byte	0x60
 821 0182 68000000 		.4byte	0x68
 822 0186 00000000 		.4byte	.LFB66
 823 018a 18000000 		.4byte	.LFE66-.LFB66
 824 018e 01       		.uleb128 0x1
 825 018f 9C       		.byte	0x9c
 826 0190 A4010000 		.4byte	0x1a4
 827 0194 11       		.uleb128 0x11
 828 0195 33000000 		.4byte	.LASF21
 829 0199 01       		.byte	0x1
 830 019a 60       		.byte	0x60
 831 019b 68000000 		.4byte	0x68
 832 019f 50000000 		.4byte	.LLST3
 833 01a3 00       		.byte	0
 834 01a4 12       		.uleb128 0x12
 835 01a5 13030000 		.4byte	.LASF20
 836 01a9 01       		.byte	0x1
 837 01aa 69       		.byte	0x69
 838 01ab 68000000 		.4byte	0x68
 839 01af 00000000 		.4byte	.LFB67
 840 01b3 3C000000 		.4byte	.LFE67-.LFB67
 841 01b7 01       		.uleb128 0x1
 842 01b8 9C       		.byte	0x9c
 843 01b9 D6010000 		.4byte	0x1d6
 844 01bd 11       		.uleb128 0x11
 845 01be 33000000 		.4byte	.LASF21
 846 01c2 01       		.byte	0x1
 847 01c3 69       		.byte	0x69
 848 01c4 68000000 		.4byte	0x68
 849 01c8 96000000 		.4byte	.LLST4
 850 01cc 0B       		.uleb128 0xb
 851 01cd 28000000 		.4byte	.LVL24
 852 01d1 1E030000 		.4byte	0x31e
 853 01d5 00       		.byte	0
 854 01d6 13       		.uleb128 0x13
 855 01d7 AF000000 		.4byte	.LASF22
 856 01db 01       		.byte	0x1
 857 01dc 72       		.byte	0x72
 858 01dd 68000000 		.4byte	0x68
 859 01e1 00000000 		.4byte	.LFB68
 860 01e5 0C000000 		.4byte	.LFE68-.LFB68
 861 01e9 01       		.uleb128 0x1
 862 01ea 9C       		.byte	0x9c
 863 01eb 13       		.uleb128 0x13
 864 01ec 2E020000 		.4byte	.LASF23
 865 01f0 01       		.byte	0x1
 866 01f1 76       		.byte	0x76
 867 01f2 68000000 		.4byte	0x68
 868 01f6 00000000 		.4byte	.LFB69
 869 01fa 2C000000 		.4byte	.LFE69-.LFB69
 870 01fe 01       		.uleb128 0x1
 871 01ff 9C       		.byte	0x9c
 872 0200 13       		.uleb128 0x13
 873 0201 3B000000 		.4byte	.LASF24
ARM GAS  C:\Users\jon\AppData\Local\Temp\ccaNJL2f.s 			page 19


 874 0205 01       		.byte	0x1
 875 0206 7A       		.byte	0x7a
 876 0207 4C000000 		.4byte	0x4c
 877 020b 00000000 		.4byte	.LFB70
 878 020f 0C000000 		.4byte	.LFE70-.LFB70
 879 0213 01       		.uleb128 0x1
 880 0214 9C       		.byte	0x9c
 881 0215 13       		.uleb128 0x13
 882 0216 00000000 		.4byte	.LASF25
 883 021a 01       		.byte	0x1
 884 021b 7E       		.byte	0x7e
 885 021c 4C000000 		.4byte	0x4c
 886 0220 00000000 		.4byte	.LFB71
 887 0224 0C000000 		.4byte	.LFE71-.LFB71
 888 0228 01       		.uleb128 0x1
 889 0229 9C       		.byte	0x9c
 890 022a 13       		.uleb128 0x13
 891 022b 13020000 		.4byte	.LASF26
 892 022f 01       		.byte	0x1
 893 0230 82       		.byte	0x82
 894 0231 4C000000 		.4byte	0x4c
 895 0235 00000000 		.4byte	.LFB72
 896 0239 0C000000 		.4byte	.LFE72-.LFB72
 897 023d 01       		.uleb128 0x1
 898 023e 9C       		.byte	0x9c
 899 023f 14       		.uleb128 0x14
 900 0240 B0000000 		.4byte	0xb0
 901 0244 4F020000 		.4byte	0x24f
 902 0248 15       		.uleb128 0x15
 903 0249 A9000000 		.4byte	0xa9
 904 024d 18       		.byte	0x18
 905 024e 00       		.byte	0
 906 024f 16       		.uleb128 0x16
 907 0250 7D020000 		.4byte	.LASF27
 908 0254 01       		.byte	0x1
 909 0255 12       		.byte	0x12
 910 0256 3F020000 		.4byte	0x23f
 911 025a 05       		.uleb128 0x5
 912 025b 03       		.byte	0x3
 913 025c 04000000 		.4byte	buffer
 914 0260 16       		.uleb128 0x16
 915 0261 66020000 		.4byte	.LASF28
 916 0265 01       		.byte	0x1
 917 0266 13       		.byte	0x13
 918 0267 B0000000 		.4byte	0xb0
 919 026b 05       		.uleb128 0x5
 920 026c 03       		.byte	0x3
 921 026d 00000000 		.4byte	buffer_index
 922 0271 17       		.uleb128 0x17
 923 0272 B4010000 		.4byte	.LASF29
 924 0276 05       		.byte	0x5
 925 0277 1207     		.2byte	0x712
 926 0279 7D020000 		.4byte	0x27d
 927 027d 18       		.uleb128 0x18
 928 027e 76000000 		.4byte	0x76
 929 0282 14       		.uleb128 0x14
 930 0283 68000000 		.4byte	0x68
ARM GAS  C:\Users\jon\AppData\Local\Temp\ccaNJL2f.s 			page 20


 931 0287 92020000 		.4byte	0x292
 932 028b 15       		.uleb128 0x15
 933 028c A9000000 		.4byte	0xa9
 934 0290 11       		.byte	0x11
 935 0291 00       		.byte	0
 936 0292 19       		.uleb128 0x19
 937 0293 40020000 		.4byte	.LASF30
 938 0297 01       		.byte	0x1
 939 0298 0C       		.byte	0xc
 940 0299 82020000 		.4byte	0x282
 941 029d 05       		.uleb128 0x5
 942 029e 03       		.byte	0x3
 943 029f 00000000 		.4byte	_channels
 944 02a3 19       		.uleb128 0x19
 945 02a4 13000000 		.4byte	.LASF31
 946 02a8 01       		.byte	0x1
 947 02a9 0D       		.byte	0xd
 948 02aa 68000000 		.4byte	0x68
 949 02ae 05       		.uleb128 0x5
 950 02af 03       		.byte	0x3
 951 02b0 00000000 		.4byte	_failsafe
 952 02b4 19       		.uleb128 0x19
 953 02b5 54000000 		.4byte	.LASF32
 954 02b9 01       		.byte	0x1
 955 02ba 0E       		.byte	0xe
 956 02bb 4C000000 		.4byte	0x4c
 957 02bf 05       		.uleb128 0x5
 958 02c0 03       		.byte	0x3
 959 02c1 00000000 		.4byte	_goodFrames
 960 02c5 19       		.uleb128 0x19
 961 02c6 27000000 		.4byte	.LASF33
 962 02ca 01       		.byte	0x1
 963 02cb 0F       		.byte	0xf
 964 02cc 4C000000 		.4byte	0x4c
 965 02d0 05       		.uleb128 0x5
 966 02d1 03       		.byte	0x3
 967 02d2 00000000 		.4byte	_lostFrames
 968 02d6 19       		.uleb128 0x19
 969 02d7 71000000 		.4byte	.LASF34
 970 02db 01       		.byte	0x1
 971 02dc 10       		.byte	0x10
 972 02dd 4C000000 		.4byte	0x4c
 973 02e1 05       		.uleb128 0x5
 974 02e2 03       		.byte	0x3
 975 02e3 00000000 		.4byte	_decoderErrorFrames
 976 02e7 1A       		.uleb128 0x1a
 977 02e8 DF010000 		.4byte	.LASF35
 978 02ec DF010000 		.4byte	.LASF35
 979 02f0 06       		.byte	0x6
 980 02f1 18       		.byte	0x18
 981 02f2 1A       		.uleb128 0x1a
 982 02f3 62010000 		.4byte	.LASF36
 983 02f7 62010000 		.4byte	.LASF36
 984 02fb 07       		.byte	0x7
 985 02fc 54       		.byte	0x54
 986 02fd 1A       		.uleb128 0x1a
 987 02fe C8010000 		.4byte	.LASF37
ARM GAS  C:\Users\jon\AppData\Local\Temp\ccaNJL2f.s 			page 21


 988 0302 C8010000 		.4byte	.LASF37
 989 0306 08       		.byte	0x8
 990 0307 7D       		.byte	0x7d
 991 0308 1A       		.uleb128 0x1a
 992 0309 84010000 		.4byte	.LASF38
 993 030d 84010000 		.4byte	.LASF38
 994 0311 07       		.byte	0x7
 995 0312 6F       		.byte	0x6f
 996 0313 1A       		.uleb128 0x1a
 997 0314 8A020000 		.4byte	.LASF39
 998 0318 8A020000 		.4byte	.LASF39
 999 031c 08       		.byte	0x8
 1000 031d 7E       		.byte	0x7e
 1001 031e 1B       		.uleb128 0x1b
 1002 031f AC010000 		.4byte	.LASF40
 1003 0323 AC010000 		.4byte	.LASF40
 1004 0327 09       		.byte	0x9
 1005 0328 9201     		.2byte	0x192
 1006 032a 00       		.byte	0
 1007              		.section	.debug_abbrev,"",%progbits
 1008              	.Ldebug_abbrev0:
 1009 0000 01       		.uleb128 0x1
 1010 0001 11       		.uleb128 0x11
 1011 0002 01       		.byte	0x1
 1012 0003 25       		.uleb128 0x25
 1013 0004 0E       		.uleb128 0xe
 1014 0005 13       		.uleb128 0x13
 1015 0006 0B       		.uleb128 0xb
 1016 0007 03       		.uleb128 0x3
 1017 0008 0E       		.uleb128 0xe
 1018 0009 1B       		.uleb128 0x1b
 1019 000a 0E       		.uleb128 0xe
 1020 000b 55       		.uleb128 0x55
 1021 000c 17       		.uleb128 0x17
 1022 000d 11       		.uleb128 0x11
 1023 000e 01       		.uleb128 0x1
 1024 000f 10       		.uleb128 0x10
 1025 0010 17       		.uleb128 0x17
 1026 0011 00       		.byte	0
 1027 0012 00       		.byte	0
 1028 0013 02       		.uleb128 0x2
 1029 0014 24       		.uleb128 0x24
 1030 0015 00       		.byte	0
 1031 0016 0B       		.uleb128 0xb
 1032 0017 0B       		.uleb128 0xb
 1033 0018 3E       		.uleb128 0x3e
 1034 0019 0B       		.uleb128 0xb
 1035 001a 03       		.uleb128 0x3
 1036 001b 0E       		.uleb128 0xe
 1037 001c 00       		.byte	0
 1038 001d 00       		.byte	0
 1039 001e 03       		.uleb128 0x3
 1040 001f 16       		.uleb128 0x16
 1041 0020 00       		.byte	0
 1042 0021 03       		.uleb128 0x3
 1043 0022 0E       		.uleb128 0xe
 1044 0023 3A       		.uleb128 0x3a
ARM GAS  C:\Users\jon\AppData\Local\Temp\ccaNJL2f.s 			page 22


 1045 0024 0B       		.uleb128 0xb
 1046 0025 3B       		.uleb128 0x3b
 1047 0026 0B       		.uleb128 0xb
 1048 0027 49       		.uleb128 0x49
 1049 0028 13       		.uleb128 0x13
 1050 0029 00       		.byte	0
 1051 002a 00       		.byte	0
 1052 002b 04       		.uleb128 0x4
 1053 002c 24       		.uleb128 0x24
 1054 002d 00       		.byte	0
 1055 002e 0B       		.uleb128 0xb
 1056 002f 0B       		.uleb128 0xb
 1057 0030 3E       		.uleb128 0x3e
 1058 0031 0B       		.uleb128 0xb
 1059 0032 03       		.uleb128 0x3
 1060 0033 08       		.uleb128 0x8
 1061 0034 00       		.byte	0
 1062 0035 00       		.byte	0
 1063 0036 05       		.uleb128 0x5
 1064 0037 16       		.uleb128 0x16
 1065 0038 00       		.byte	0
 1066 0039 03       		.uleb128 0x3
 1067 003a 0E       		.uleb128 0xe
 1068 003b 3A       		.uleb128 0x3a
 1069 003c 0B       		.uleb128 0xb
 1070 003d 3B       		.uleb128 0x3b
 1071 003e 05       		.uleb128 0x5
 1072 003f 49       		.uleb128 0x49
 1073 0040 13       		.uleb128 0x13
 1074 0041 00       		.byte	0
 1075 0042 00       		.byte	0
 1076 0043 06       		.uleb128 0x6
 1077 0044 2E       		.uleb128 0x2e
 1078 0045 01       		.byte	0x1
 1079 0046 3F       		.uleb128 0x3f
 1080 0047 19       		.uleb128 0x19
 1081 0048 03       		.uleb128 0x3
 1082 0049 0E       		.uleb128 0xe
 1083 004a 3A       		.uleb128 0x3a
 1084 004b 0B       		.uleb128 0xb
 1085 004c 3B       		.uleb128 0x3b
 1086 004d 0B       		.uleb128 0xb
 1087 004e 11       		.uleb128 0x11
 1088 004f 01       		.uleb128 0x1
 1089 0050 12       		.uleb128 0x12
 1090 0051 06       		.uleb128 0x6
 1091 0052 40       		.uleb128 0x40
 1092 0053 18       		.uleb128 0x18
 1093 0054 9742     		.uleb128 0x2117
 1094 0056 19       		.uleb128 0x19
 1095 0057 01       		.uleb128 0x1
 1096 0058 13       		.uleb128 0x13
 1097 0059 00       		.byte	0
 1098 005a 00       		.byte	0
 1099 005b 07       		.uleb128 0x7
 1100 005c 0B       		.uleb128 0xb
 1101 005d 01       		.byte	0x1
ARM GAS  C:\Users\jon\AppData\Local\Temp\ccaNJL2f.s 			page 23


 1102 005e 11       		.uleb128 0x11
 1103 005f 01       		.uleb128 0x1
 1104 0060 12       		.uleb128 0x12
 1105 0061 06       		.uleb128 0x6
 1106 0062 01       		.uleb128 0x1
 1107 0063 13       		.uleb128 0x13
 1108 0064 00       		.byte	0
 1109 0065 00       		.byte	0
 1110 0066 08       		.uleb128 0x8
 1111 0067 34       		.uleb128 0x34
 1112 0068 00       		.byte	0
 1113 0069 03       		.uleb128 0x3
 1114 006a 08       		.uleb128 0x8
 1115 006b 3A       		.uleb128 0x3a
 1116 006c 0B       		.uleb128 0xb
 1117 006d 3B       		.uleb128 0x3b
 1118 006e 0B       		.uleb128 0xb
 1119 006f 49       		.uleb128 0x49
 1120 0070 13       		.uleb128 0x13
 1121 0071 02       		.uleb128 0x2
 1122 0072 17       		.uleb128 0x17
 1123 0073 00       		.byte	0
 1124 0074 00       		.byte	0
 1125 0075 09       		.uleb128 0x9
 1126 0076 898201   		.uleb128 0x4109
 1127 0079 01       		.byte	0x1
 1128 007a 11       		.uleb128 0x11
 1129 007b 01       		.uleb128 0x1
 1130 007c 31       		.uleb128 0x31
 1131 007d 13       		.uleb128 0x13
 1132 007e 01       		.uleb128 0x1
 1133 007f 13       		.uleb128 0x13
 1134 0080 00       		.byte	0
 1135 0081 00       		.byte	0
 1136 0082 0A       		.uleb128 0xa
 1137 0083 8A8201   		.uleb128 0x410a
 1138 0086 00       		.byte	0
 1139 0087 02       		.uleb128 0x2
 1140 0088 18       		.uleb128 0x18
 1141 0089 9142     		.uleb128 0x2111
 1142 008b 18       		.uleb128 0x18
 1143 008c 00       		.byte	0
 1144 008d 00       		.byte	0
 1145 008e 0B       		.uleb128 0xb
 1146 008f 898201   		.uleb128 0x4109
 1147 0092 00       		.byte	0
 1148 0093 11       		.uleb128 0x11
 1149 0094 01       		.uleb128 0x1
 1150 0095 31       		.uleb128 0x31
 1151 0096 13       		.uleb128 0x13
 1152 0097 00       		.byte	0
 1153 0098 00       		.byte	0
 1154 0099 0C       		.uleb128 0xc
 1155 009a 2E       		.uleb128 0x2e
 1156 009b 00       		.byte	0
 1157 009c 3F       		.uleb128 0x3f
 1158 009d 19       		.uleb128 0x19
ARM GAS  C:\Users\jon\AppData\Local\Temp\ccaNJL2f.s 			page 24


 1159 009e 03       		.uleb128 0x3
 1160 009f 0E       		.uleb128 0xe
 1161 00a0 3A       		.uleb128 0x3a
 1162 00a1 0B       		.uleb128 0xb
 1163 00a2 3B       		.uleb128 0x3b
 1164 00a3 0B       		.uleb128 0xb
 1165 00a4 11       		.uleb128 0x11
 1166 00a5 01       		.uleb128 0x1
 1167 00a6 12       		.uleb128 0x12
 1168 00a7 06       		.uleb128 0x6
 1169 00a8 40       		.uleb128 0x40
 1170 00a9 18       		.uleb128 0x18
 1171 00aa 9742     		.uleb128 0x2117
 1172 00ac 19       		.uleb128 0x19
 1173 00ad 00       		.byte	0
 1174 00ae 00       		.byte	0
 1175 00af 0D       		.uleb128 0xd
 1176 00b0 2E       		.uleb128 0x2e
 1177 00b1 01       		.byte	0x1
 1178 00b2 3F       		.uleb128 0x3f
 1179 00b3 19       		.uleb128 0x19
 1180 00b4 03       		.uleb128 0x3
 1181 00b5 0E       		.uleb128 0xe
 1182 00b6 3A       		.uleb128 0x3a
 1183 00b7 0B       		.uleb128 0xb
 1184 00b8 3B       		.uleb128 0x3b
 1185 00b9 0B       		.uleb128 0xb
 1186 00ba 27       		.uleb128 0x27
 1187 00bb 19       		.uleb128 0x19
 1188 00bc 11       		.uleb128 0x11
 1189 00bd 01       		.uleb128 0x1
 1190 00be 12       		.uleb128 0x12
 1191 00bf 06       		.uleb128 0x6
 1192 00c0 40       		.uleb128 0x40
 1193 00c1 18       		.uleb128 0x18
 1194 00c2 9742     		.uleb128 0x2117
 1195 00c4 19       		.uleb128 0x19
 1196 00c5 01       		.uleb128 0x1
 1197 00c6 13       		.uleb128 0x13
 1198 00c7 00       		.byte	0
 1199 00c8 00       		.byte	0
 1200 00c9 0E       		.uleb128 0xe
 1201 00ca 34       		.uleb128 0x34
 1202 00cb 00       		.byte	0
 1203 00cc 03       		.uleb128 0x3
 1204 00cd 0E       		.uleb128 0xe
 1205 00ce 3A       		.uleb128 0x3a
 1206 00cf 0B       		.uleb128 0xb
 1207 00d0 3B       		.uleb128 0x3b
 1208 00d1 0B       		.uleb128 0xb
 1209 00d2 49       		.uleb128 0x49
 1210 00d3 13       		.uleb128 0x13
 1211 00d4 02       		.uleb128 0x2
 1212 00d5 17       		.uleb128 0x17
 1213 00d6 00       		.byte	0
 1214 00d7 00       		.byte	0
 1215 00d8 0F       		.uleb128 0xf
ARM GAS  C:\Users\jon\AppData\Local\Temp\ccaNJL2f.s 			page 25


 1216 00d9 898201   		.uleb128 0x4109
 1217 00dc 01       		.byte	0x1
 1218 00dd 11       		.uleb128 0x11
 1219 00de 01       		.uleb128 0x1
 1220 00df 31       		.uleb128 0x31
 1221 00e0 13       		.uleb128 0x13
 1222 00e1 00       		.byte	0
 1223 00e2 00       		.byte	0
 1224 00e3 10       		.uleb128 0x10
 1225 00e4 2E       		.uleb128 0x2e
 1226 00e5 01       		.byte	0x1
 1227 00e6 3F       		.uleb128 0x3f
 1228 00e7 19       		.uleb128 0x19
 1229 00e8 03       		.uleb128 0x3
 1230 00e9 0E       		.uleb128 0xe
 1231 00ea 3A       		.uleb128 0x3a
 1232 00eb 0B       		.uleb128 0xb
 1233 00ec 3B       		.uleb128 0x3b
 1234 00ed 0B       		.uleb128 0xb
 1235 00ee 27       		.uleb128 0x27
 1236 00ef 19       		.uleb128 0x19
 1237 00f0 49       		.uleb128 0x49
 1238 00f1 13       		.uleb128 0x13
 1239 00f2 11       		.uleb128 0x11
 1240 00f3 01       		.uleb128 0x1
 1241 00f4 12       		.uleb128 0x12
 1242 00f5 06       		.uleb128 0x6
 1243 00f6 40       		.uleb128 0x40
 1244 00f7 18       		.uleb128 0x18
 1245 00f8 9742     		.uleb128 0x2117
 1246 00fa 19       		.uleb128 0x19
 1247 00fb 01       		.uleb128 0x1
 1248 00fc 13       		.uleb128 0x13
 1249 00fd 00       		.byte	0
 1250 00fe 00       		.byte	0
 1251 00ff 11       		.uleb128 0x11
 1252 0100 05       		.uleb128 0x5
 1253 0101 00       		.byte	0
 1254 0102 03       		.uleb128 0x3
 1255 0103 0E       		.uleb128 0xe
 1256 0104 3A       		.uleb128 0x3a
 1257 0105 0B       		.uleb128 0xb
 1258 0106 3B       		.uleb128 0x3b
 1259 0107 0B       		.uleb128 0xb
 1260 0108 49       		.uleb128 0x49
 1261 0109 13       		.uleb128 0x13
 1262 010a 02       		.uleb128 0x2
 1263 010b 17       		.uleb128 0x17
 1264 010c 00       		.byte	0
 1265 010d 00       		.byte	0
 1266 010e 12       		.uleb128 0x12
 1267 010f 2E       		.uleb128 0x2e
 1268 0110 01       		.byte	0x1
 1269 0111 3F       		.uleb128 0x3f
 1270 0112 19       		.uleb128 0x19
 1271 0113 03       		.uleb128 0x3
 1272 0114 0E       		.uleb128 0xe
ARM GAS  C:\Users\jon\AppData\Local\Temp\ccaNJL2f.s 			page 26


 1273 0115 3A       		.uleb128 0x3a
 1274 0116 0B       		.uleb128 0xb
 1275 0117 3B       		.uleb128 0x3b
 1276 0118 0B       		.uleb128 0xb
 1277 0119 27       		.uleb128 0x27
 1278 011a 19       		.uleb128 0x19
 1279 011b 49       		.uleb128 0x49
 1280 011c 13       		.uleb128 0x13
 1281 011d 11       		.uleb128 0x11
 1282 011e 01       		.uleb128 0x1
 1283 011f 12       		.uleb128 0x12
 1284 0120 06       		.uleb128 0x6
 1285 0121 40       		.uleb128 0x40
 1286 0122 18       		.uleb128 0x18
 1287 0123 9642     		.uleb128 0x2116
 1288 0125 19       		.uleb128 0x19
 1289 0126 01       		.uleb128 0x1
 1290 0127 13       		.uleb128 0x13
 1291 0128 00       		.byte	0
 1292 0129 00       		.byte	0
 1293 012a 13       		.uleb128 0x13
 1294 012b 2E       		.uleb128 0x2e
 1295 012c 00       		.byte	0
 1296 012d 3F       		.uleb128 0x3f
 1297 012e 19       		.uleb128 0x19
 1298 012f 03       		.uleb128 0x3
 1299 0130 0E       		.uleb128 0xe
 1300 0131 3A       		.uleb128 0x3a
 1301 0132 0B       		.uleb128 0xb
 1302 0133 3B       		.uleb128 0x3b
 1303 0134 0B       		.uleb128 0xb
 1304 0135 49       		.uleb128 0x49
 1305 0136 13       		.uleb128 0x13
 1306 0137 11       		.uleb128 0x11
 1307 0138 01       		.uleb128 0x1
 1308 0139 12       		.uleb128 0x12
 1309 013a 06       		.uleb128 0x6
 1310 013b 40       		.uleb128 0x40
 1311 013c 18       		.uleb128 0x18
 1312 013d 9742     		.uleb128 0x2117
 1313 013f 19       		.uleb128 0x19
 1314 0140 00       		.byte	0
 1315 0141 00       		.byte	0
 1316 0142 14       		.uleb128 0x14
 1317 0143 01       		.uleb128 0x1
 1318 0144 01       		.byte	0x1
 1319 0145 49       		.uleb128 0x49
 1320 0146 13       		.uleb128 0x13
 1321 0147 01       		.uleb128 0x1
 1322 0148 13       		.uleb128 0x13
 1323 0149 00       		.byte	0
 1324 014a 00       		.byte	0
 1325 014b 15       		.uleb128 0x15
 1326 014c 21       		.uleb128 0x21
 1327 014d 00       		.byte	0
 1328 014e 49       		.uleb128 0x49
 1329 014f 13       		.uleb128 0x13
ARM GAS  C:\Users\jon\AppData\Local\Temp\ccaNJL2f.s 			page 27


 1330 0150 2F       		.uleb128 0x2f
 1331 0151 0B       		.uleb128 0xb
 1332 0152 00       		.byte	0
 1333 0153 00       		.byte	0
 1334 0154 16       		.uleb128 0x16
 1335 0155 34       		.uleb128 0x34
 1336 0156 00       		.byte	0
 1337 0157 03       		.uleb128 0x3
 1338 0158 0E       		.uleb128 0xe
 1339 0159 3A       		.uleb128 0x3a
 1340 015a 0B       		.uleb128 0xb
 1341 015b 3B       		.uleb128 0x3b
 1342 015c 0B       		.uleb128 0xb
 1343 015d 49       		.uleb128 0x49
 1344 015e 13       		.uleb128 0x13
 1345 015f 02       		.uleb128 0x2
 1346 0160 18       		.uleb128 0x18
 1347 0161 00       		.byte	0
 1348 0162 00       		.byte	0
 1349 0163 17       		.uleb128 0x17
 1350 0164 34       		.uleb128 0x34
 1351 0165 00       		.byte	0
 1352 0166 03       		.uleb128 0x3
 1353 0167 0E       		.uleb128 0xe
 1354 0168 3A       		.uleb128 0x3a
 1355 0169 0B       		.uleb128 0xb
 1356 016a 3B       		.uleb128 0x3b
 1357 016b 05       		.uleb128 0x5
 1358 016c 49       		.uleb128 0x49
 1359 016d 13       		.uleb128 0x13
 1360 016e 3F       		.uleb128 0x3f
 1361 016f 19       		.uleb128 0x19
 1362 0170 3C       		.uleb128 0x3c
 1363 0171 19       		.uleb128 0x19
 1364 0172 00       		.byte	0
 1365 0173 00       		.byte	0
 1366 0174 18       		.uleb128 0x18
 1367 0175 35       		.uleb128 0x35
 1368 0176 00       		.byte	0
 1369 0177 49       		.uleb128 0x49
 1370 0178 13       		.uleb128 0x13
 1371 0179 00       		.byte	0
 1372 017a 00       		.byte	0
 1373 017b 19       		.uleb128 0x19
 1374 017c 34       		.uleb128 0x34
 1375 017d 00       		.byte	0
 1376 017e 03       		.uleb128 0x3
 1377 017f 0E       		.uleb128 0xe
 1378 0180 3A       		.uleb128 0x3a
 1379 0181 0B       		.uleb128 0xb
 1380 0182 3B       		.uleb128 0x3b
 1381 0183 0B       		.uleb128 0xb
 1382 0184 49       		.uleb128 0x49
 1383 0185 13       		.uleb128 0x13
 1384 0186 3F       		.uleb128 0x3f
 1385 0187 19       		.uleb128 0x19
 1386 0188 02       		.uleb128 0x2
ARM GAS  C:\Users\jon\AppData\Local\Temp\ccaNJL2f.s 			page 28


 1387 0189 18       		.uleb128 0x18
 1388 018a 00       		.byte	0
 1389 018b 00       		.byte	0
 1390 018c 1A       		.uleb128 0x1a
 1391 018d 2E       		.uleb128 0x2e
 1392 018e 00       		.byte	0
 1393 018f 3F       		.uleb128 0x3f
 1394 0190 19       		.uleb128 0x19
 1395 0191 3C       		.uleb128 0x3c
 1396 0192 19       		.uleb128 0x19
 1397 0193 6E       		.uleb128 0x6e
 1398 0194 0E       		.uleb128 0xe
 1399 0195 03       		.uleb128 0x3
 1400 0196 0E       		.uleb128 0xe
 1401 0197 3A       		.uleb128 0x3a
 1402 0198 0B       		.uleb128 0xb
 1403 0199 3B       		.uleb128 0x3b
 1404 019a 0B       		.uleb128 0xb
 1405 019b 00       		.byte	0
 1406 019c 00       		.byte	0
 1407 019d 1B       		.uleb128 0x1b
 1408 019e 2E       		.uleb128 0x2e
 1409 019f 00       		.byte	0
 1410 01a0 3F       		.uleb128 0x3f
 1411 01a1 19       		.uleb128 0x19
 1412 01a2 3C       		.uleb128 0x3c
 1413 01a3 19       		.uleb128 0x19
 1414 01a4 6E       		.uleb128 0x6e
 1415 01a5 0E       		.uleb128 0xe
 1416 01a6 03       		.uleb128 0x3
 1417 01a7 0E       		.uleb128 0xe
 1418 01a8 3A       		.uleb128 0x3a
 1419 01a9 0B       		.uleb128 0xb
 1420 01aa 3B       		.uleb128 0x3b
 1421 01ab 05       		.uleb128 0x5
 1422 01ac 00       		.byte	0
 1423 01ad 00       		.byte	0
 1424 01ae 00       		.byte	0
 1425              		.section	.debug_loc,"",%progbits
 1426              	.Ldebug_loc0:
 1427              	.LLST0:
 1428 0000 0E000000 		.4byte	.LVL0
 1429 0004 12000000 		.4byte	.LVL1
 1430 0008 0200     		.2byte	0x2
 1431 000a 30       		.byte	0x30
 1432 000b 9F       		.byte	0x9f
 1433 000c 12000000 		.4byte	.LVL1
 1434 0010 1C000000 		.4byte	.LVL2
 1435 0014 0100     		.2byte	0x1
 1436 0016 53       		.byte	0x53
 1437 0017 1E000000 		.4byte	.LVL3
 1438 001b 24000000 		.4byte	.LVL4
 1439 001f 0100     		.2byte	0x1
 1440 0021 53       		.byte	0x53
 1441 0022 00000000 		.4byte	0
 1442 0026 00000000 		.4byte	0
 1443              	.LLST1:
ARM GAS  C:\Users\jon\AppData\Local\Temp\ccaNJL2f.s 			page 29


 1444 002a 08000000 		.4byte	.LVL7
 1445 002e 50000000 		.4byte	.LVL12
 1446 0032 0100     		.2byte	0x1
 1447 0034 54       		.byte	0x54
 1448 0035 00000000 		.4byte	0
 1449 0039 00000000 		.4byte	0
 1450              	.LLST2:
 1451 003d 0C000000 		.4byte	.LVL8
 1452 0041 47000000 		.4byte	.LVL10-1
 1453 0045 0100     		.2byte	0x1
 1454 0047 50       		.byte	0x50
 1455 0048 00000000 		.4byte	0
 1456 004c 00000000 		.4byte	0
 1457              	.LLST3:
 1458 0050 00000000 		.4byte	.LVL13
 1459 0054 08000000 		.4byte	.LVL14
 1460 0058 0100     		.2byte	0x1
 1461 005a 50       		.byte	0x50
 1462 005b 08000000 		.4byte	.LVL14
 1463 005f 0E000000 		.4byte	.LVL15
 1464 0063 0300     		.2byte	0x3
 1465 0065 70       		.byte	0x70
 1466 0066 01       		.sleb128 1
 1467 0067 9F       		.byte	0x9f
 1468 0068 0E000000 		.4byte	.LVL15
 1469 006c 10000000 		.4byte	.LVL16
 1470 0070 0400     		.2byte	0x4
 1471 0072 F3       		.byte	0xf3
 1472 0073 01       		.uleb128 0x1
 1473 0074 50       		.byte	0x50
 1474 0075 9F       		.byte	0x9f
 1475 0076 10000000 		.4byte	.LVL16
 1476 007a 12000000 		.4byte	.LVL17
 1477 007e 0100     		.2byte	0x1
 1478 0080 50       		.byte	0x50
 1479 0081 12000000 		.4byte	.LVL17
 1480 0085 18000000 		.4byte	.LFE66
 1481 0089 0300     		.2byte	0x3
 1482 008b 73       		.byte	0x73
 1483 008c 01       		.sleb128 1
 1484 008d 9F       		.byte	0x9f
 1485 008e 00000000 		.4byte	0
 1486 0092 00000000 		.4byte	0
 1487              	.LLST4:
 1488 0096 00000000 		.4byte	.LVL18
 1489 009a 0A000000 		.4byte	.LVL19
 1490 009e 0100     		.2byte	0x1
 1491 00a0 50       		.byte	0x50
 1492 00a1 0A000000 		.4byte	.LVL19
 1493 00a5 10000000 		.4byte	.LVL20
 1494 00a9 0300     		.2byte	0x3
 1495 00ab 70       		.byte	0x70
 1496 00ac 01       		.sleb128 1
 1497 00ad 9F       		.byte	0x9f
 1498 00ae 10000000 		.4byte	.LVL20
 1499 00b2 2C000000 		.4byte	.LVL25
 1500 00b6 0400     		.2byte	0x4
ARM GAS  C:\Users\jon\AppData\Local\Temp\ccaNJL2f.s 			page 30


 1501 00b8 F3       		.byte	0xf3
 1502 00b9 01       		.uleb128 0x1
 1503 00ba 50       		.byte	0x50
 1504 00bb 9F       		.byte	0x9f
 1505 00bc 2C000000 		.4byte	.LVL25
 1506 00c0 2E000000 		.4byte	.LVL26
 1507 00c4 0100     		.2byte	0x1
 1508 00c6 50       		.byte	0x50
 1509 00c7 2E000000 		.4byte	.LVL26
 1510 00cb 30000000 		.4byte	.LVL27
 1511 00cf 0300     		.2byte	0x3
 1512 00d1 73       		.byte	0x73
 1513 00d2 01       		.sleb128 1
 1514 00d3 9F       		.byte	0x9f
 1515 00d4 30000000 		.4byte	.LVL27
 1516 00d8 3C000000 		.4byte	.LFE67
 1517 00dc 0400     		.2byte	0x4
 1518 00de F3       		.byte	0xf3
 1519 00df 01       		.uleb128 0x1
 1520 00e0 50       		.byte	0x50
 1521 00e1 9F       		.byte	0x9f
 1522 00e2 00000000 		.4byte	0
 1523 00e6 00000000 		.4byte	0
 1524              		.section	.debug_aranges,"",%progbits
 1525 0000 64000000 		.4byte	0x64
 1526 0004 0200     		.2byte	0x2
 1527 0006 00000000 		.4byte	.Ldebug_info0
 1528 000a 04       		.byte	0x4
 1529 000b 00       		.byte	0
 1530 000c 0000     		.2byte	0
 1531 000e 0000     		.2byte	0
 1532 0010 00000000 		.4byte	.LFB63
 1533 0014 58000000 		.4byte	.LFE63-.LFB63
 1534 0018 00000000 		.4byte	.LFB65
 1535 001c 78010000 		.4byte	.LFE65-.LFB65
 1536 0020 00000000 		.4byte	.LFB64
 1537 0024 5C000000 		.4byte	.LFE64-.LFB64
 1538 0028 00000000 		.4byte	.LFB66
 1539 002c 18000000 		.4byte	.LFE66-.LFB66
 1540 0030 00000000 		.4byte	.LFB67
 1541 0034 3C000000 		.4byte	.LFE67-.LFB67
 1542 0038 00000000 		.4byte	.LFB68
 1543 003c 0C000000 		.4byte	.LFE68-.LFB68
 1544 0040 00000000 		.4byte	.LFB69
 1545 0044 2C000000 		.4byte	.LFE69-.LFB69
 1546 0048 00000000 		.4byte	.LFB70
 1547 004c 0C000000 		.4byte	.LFE70-.LFB70
 1548 0050 00000000 		.4byte	.LFB71
 1549 0054 0C000000 		.4byte	.LFE71-.LFB71
 1550 0058 00000000 		.4byte	.LFB72
 1551 005c 0C000000 		.4byte	.LFE72-.LFB72
 1552 0060 00000000 		.4byte	0
 1553 0064 00000000 		.4byte	0
 1554              		.section	.debug_ranges,"",%progbits
 1555              	.Ldebug_ranges0:
 1556 0000 00000000 		.4byte	.LFB63
 1557 0004 58000000 		.4byte	.LFE63
ARM GAS  C:\Users\jon\AppData\Local\Temp\ccaNJL2f.s 			page 31


 1558 0008 00000000 		.4byte	.LFB65
 1559 000c 78010000 		.4byte	.LFE65
 1560 0010 00000000 		.4byte	.LFB64
 1561 0014 5C000000 		.4byte	.LFE64
 1562 0018 00000000 		.4byte	.LFB66
 1563 001c 18000000 		.4byte	.LFE66
 1564 0020 00000000 		.4byte	.LFB67
 1565 0024 3C000000 		.4byte	.LFE67
 1566 0028 00000000 		.4byte	.LFB68
 1567 002c 0C000000 		.4byte	.LFE68
 1568 0030 00000000 		.4byte	.LFB69
 1569 0034 2C000000 		.4byte	.LFE69
 1570 0038 00000000 		.4byte	.LFB70
 1571 003c 0C000000 		.4byte	.LFE70
 1572 0040 00000000 		.4byte	.LFB71
 1573 0044 0C000000 		.4byte	.LFE71
 1574 0048 00000000 		.4byte	.LFB72
 1575 004c 0C000000 		.4byte	.LFE72
 1576 0050 00000000 		.4byte	0
 1577 0054 00000000 		.4byte	0
 1578              		.section	.debug_line,"",%progbits
 1579              	.Ldebug_line0:
 1580 0000 FC020000 		.section	.debug_str,"MS",%progbits,1
 1580      0200EC01 
 1580      00000201 
 1580      FB0E0D00 
 1580      01010101 
 1581              	.LASF25:
 1582 0000 73627573 		.ascii	"sbus_getLostFrames\000"
 1582      5F676574 
 1582      4C6F7374 
 1582      4672616D 
 1582      657300
 1583              	.LASF31:
 1584 0013 5F666169 		.ascii	"_failsafe\000"
 1584      6C736166 
 1584      6500
 1585              	.LASF46:
 1586 001d 73627573 		.ascii	"sbus_recv\000"
 1586      5F726563 
 1586      7600
 1587              	.LASF33:
 1588 0027 5F6C6F73 		.ascii	"_lostFrames\000"
 1588      74467261 
 1588      6D657300 
 1589              	.LASF21:
 1590 0033 6368616E 		.ascii	"channel\000"
 1590      6E656C00 
 1591              	.LASF24:
 1592 003b 73627573 		.ascii	"sbus_getGoodFrames\000"
 1592      5F676574 
 1592      476F6F64 
 1592      4672616D 
 1592      657300
 1593              	.LASF18:
 1594 004e 73746174 		.ascii	"state\000"
 1594      6500
ARM GAS  C:\Users\jon\AppData\Local\Temp\ccaNJL2f.s 			page 32


 1595              	.LASF32:
 1596 0054 5F676F6F 		.ascii	"_goodFrames\000"
 1596      64467261 
 1596      6D657300 
 1597              	.LASF9:
 1598 0060 5F5F696E 		.ascii	"__int32_t\000"
 1598      7433325F 
 1598      7400
 1599              	.LASF42:
 1600 006a 73627573 		.ascii	"sbus.c\000"
 1600      2E6300
 1601              	.LASF34:
 1602 0071 5F646563 		.ascii	"_decoderErrorFrames\000"
 1602      6F646572 
 1602      4572726F 
 1602      72467261 
 1602      6D657300 
 1603              	.LASF17:
 1604 0085 62797465 		.ascii	"byte\000"
 1604      00
 1605              	.LASF10:
 1606 008a 696E7433 		.ascii	"int32_t\000"
 1606      325F7400 
 1607              	.LASF12:
 1608 0092 666C6F61 		.ascii	"float\000"
 1608      7400
 1609              	.LASF7:
 1610 0098 6C6F6E67 		.ascii	"long long unsigned int\000"
 1610      206C6F6E 
 1610      6720756E 
 1610      7369676E 
 1610      65642069 
 1611              	.LASF22:
 1612 00af 73627573 		.ascii	"sbus_getFailsafeStatus\000"
 1612      5F676574 
 1612      4661696C 
 1612      73616665 
 1612      53746174 
 1613              	.LASF1:
 1614 00c6 756E7369 		.ascii	"unsigned char\000"
 1614      676E6564 
 1614      20636861 
 1614      7200
 1615              	.LASF41:
 1616 00d4 474E5520 		.ascii	"GNU C11 5.4.1 20160609 (release) [ARM/embedded-5-br"
 1616      43313120 
 1616      352E342E 
 1616      31203230 
 1616      31363036 
 1617 0107 616E6368 		.ascii	"anch revision 237715] -mcpu=cortex-m3 -mthumb -g -O"
 1617      20726576 
 1617      6973696F 
 1617      6E203233 
 1617      37373135 
 1618 013a 67202D66 		.ascii	"g -ffunction-sections -ffat-lto-objects\000"
 1618      66756E63 
 1618      74696F6E 
ARM GAS  C:\Users\jon\AppData\Local\Temp\ccaNJL2f.s 			page 33


 1618      2D736563 
 1618      74696F6E 
 1619              	.LASF36:
 1620 0162 53425553 		.ascii	"SBUS_UART_Start\000"
 1620      5F554152 
 1620      545F5374 
 1620      61727400 
 1621              	.LASF5:
 1622 0172 6C6F6E67 		.ascii	"long unsigned int\000"
 1622      20756E73 
 1622      69676E65 
 1622      6420696E 
 1622      7400
 1623              	.LASF38:
 1624 0184 53425553 		.ascii	"SBUS_UART_ReadRxData\000"
 1624      5F554152 
 1624      545F5265 
 1624      61645278 
 1624      44617461 
 1625              	.LASF3:
 1626 0199 73686F72 		.ascii	"short unsigned int\000"
 1626      7420756E 
 1626      7369676E 
 1626      65642069 
 1626      6E7400
 1627              	.LASF40:
 1628 01ac 6C726F75 		.ascii	"lroundf\000"
 1628      6E646600 
 1629              	.LASF29:
 1630 01b4 49544D5F 		.ascii	"ITM_RxBuffer\000"
 1630      52784275 
 1630      66666572 
 1630      00
 1631              	.LASF13:
 1632 01c1 646F7562 		.ascii	"double\000"
 1632      6C6500
 1633              	.LASF37:
 1634 01c8 4379456E 		.ascii	"CyEnterCriticalSection\000"
 1634      74657243 
 1634      72697469 
 1634      63616C53 
 1634      65637469 
 1635              	.LASF35:
 1636 01df 53425553 		.ascii	"SBUS_Interrupt_StartEx\000"
 1636      5F496E74 
 1636      65727275 
 1636      70745F53 
 1636      74617274 
 1637              	.LASF8:
 1638 01f6 756E7369 		.ascii	"unsigned int\000"
 1638      676E6564 
 1638      20696E74 
 1638      00
 1639              	.LASF19:
 1640 0203 73627573 		.ascii	"sbus_getChannel\000"
 1640      5F676574 
 1640      4368616E 
ARM GAS  C:\Users\jon\AppData\Local\Temp\ccaNJL2f.s 			page 34


 1640      6E656C00 
 1641              	.LASF26:
 1642 0213 73627573 		.ascii	"sbus_getDecoderErrorFrames\000"
 1642      5F676574 
 1642      4465636F 
 1642      64657245 
 1642      72726F72 
 1643              	.LASF23:
 1644 022e 73627573 		.ascii	"sbus_getFrameLoss\000"
 1644      5F676574 
 1644      4672616D 
 1644      654C6F73 
 1644      7300
 1645              	.LASF30:
 1646 0240 5F636861 		.ascii	"_channels\000"
 1646      6E6E656C 
 1646      7300
 1647              	.LASF16:
 1648 024a 73697A65 		.ascii	"sizetype\000"
 1648      74797065 
 1648      00
 1649              	.LASF6:
 1650 0253 6C6F6E67 		.ascii	"long long int\000"
 1650      206C6F6E 
 1650      6720696E 
 1650      7400
 1651              	.LASF14:
 1652 0261 63686172 		.ascii	"char\000"
 1652      00
 1653              	.LASF28:
 1654 0266 62756666 		.ascii	"buffer_index\000"
 1654      65725F69 
 1654      6E646578 
 1654      00
 1655              	.LASF2:
 1656 0273 73686F72 		.ascii	"short int\000"
 1656      7420696E 
 1656      7400
 1657              	.LASF27:
 1658 027d 62756666 		.ascii	"buffer\000"
 1658      657200
 1659              	.LASF11:
 1660 0284 75696E74 		.ascii	"uint8\000"
 1660      3800
 1661              	.LASF39:
 1662 028a 43794578 		.ascii	"CyExitCriticalSection\000"
 1662      69744372 
 1662      69746963 
 1662      616C5365 
 1662      6374696F 
 1663              	.LASF45:
 1664 02a0 73627573 		.ascii	"sbus_process\000"
 1664      5F70726F 
 1664      63657373 
 1664      00
 1665              	.LASF44:
 1666 02ad 73627573 		.ascii	"sbus_begin\000"
ARM GAS  C:\Users\jon\AppData\Local\Temp\ccaNJL2f.s 			page 35


 1666      5F626567 
 1666      696E00
 1667              	.LASF4:
 1668 02b8 6C6F6E67 		.ascii	"long int\000"
 1668      20696E74 
 1668      00
 1669              	.LASF15:
 1670 02c1 6C6F6E67 		.ascii	"long double\000"
 1670      20646F75 
 1670      626C6500 
 1671              	.LASF0:
 1672 02cd 7369676E 		.ascii	"signed char\000"
 1672      65642063 
 1672      68617200 
 1673              	.LASF43:
 1674 02d9 433A5C55 		.ascii	"C:\\Users\\jon\\Sync\\Research\\PSoC Projects\\Cont"
 1674      73657273 
 1674      5C6A6F6E 
 1674      5C53796E 
 1674      635C5265 
 1675 0306 726F6C6C 		.ascii	"roller.cydsn\000"
 1675      65722E63 
 1675      7964736E 
 1675      00
 1676              	.LASF20:
 1677 0313 73627573 		.ascii	"sbus_getNormalizedChannel\000"
 1677      5F676574 
 1677      4E6F726D 
 1677      616C697A 
 1677      65644368 
 1678              		.ident	"GCC: (GNU Tools for ARM Embedded Processors) 5.4.1 20160609 (release) [ARM/embedded-5-bran
